[2023-08-15T21:23:29.026+0300] {processor.py:157} INFO - Started process (PID=212879) to work on /mnt/kali/DataHunt/venv/lib/python3.11/site-packages/airflow/example_dags/subdags/subdag.py
[2023-08-15T21:23:29.029+0300] {processor.py:826} INFO - Processing file /mnt/kali/DataHunt/venv/lib/python3.11/site-packages/airflow/example_dags/subdags/subdag.py for tasks to queue
[2023-08-15T21:23:29.032+0300] {logging_mixin.py:150} INFO - [2023-08-15T21:23:29.031+0300] {dagbag.py:541} INFO - Filling up the DagBag from /mnt/kali/DataHunt/venv/lib/python3.11/site-packages/airflow/example_dags/subdags/subdag.py
[2023-08-15T21:23:29.040+0300] {processor.py:838} WARNING - No viable dags retrieved from /mnt/kali/DataHunt/venv/lib/python3.11/site-packages/airflow/example_dags/subdags/subdag.py
[2023-08-15T21:23:29.235+0300] {processor.py:179} INFO - Processing /mnt/kali/DataHunt/venv/lib/python3.11/site-packages/airflow/example_dags/subdags/subdag.py took 0.221 seconds
[2023-08-15T21:26:46.592+0300] {processor.py:157} INFO - Started process (PID=215410) to work on /mnt/kali/DataHunt/venv/lib/python3.11/site-packages/airflow/example_dags/subdags/subdag.py
[2023-08-15T21:26:46.631+0300] {processor.py:826} INFO - Processing file /mnt/kali/DataHunt/venv/lib/python3.11/site-packages/airflow/example_dags/subdags/subdag.py for tasks to queue
[2023-08-15T21:26:46.650+0300] {logging_mixin.py:150} INFO - [2023-08-15T21:26:46.644+0300] {dagbag.py:541} INFO - Filling up the DagBag from /mnt/kali/DataHunt/venv/lib/python3.11/site-packages/airflow/example_dags/subdags/subdag.py
[2023-08-15T21:26:46.663+0300] {processor.py:838} WARNING - No viable dags retrieved from /mnt/kali/DataHunt/venv/lib/python3.11/site-packages/airflow/example_dags/subdags/subdag.py
[2023-08-15T21:26:46.759+0300] {processor.py:179} INFO - Processing /mnt/kali/DataHunt/venv/lib/python3.11/site-packages/airflow/example_dags/subdags/subdag.py took 0.193 seconds
[2023-08-15T21:28:39.192+0300] {processor.py:157} INFO - Started process (PID=216715) to work on /mnt/kali/DataHunt/venv/lib/python3.11/site-packages/airflow/example_dags/subdags/subdag.py
[2023-08-15T21:28:39.218+0300] {processor.py:826} INFO - Processing file /mnt/kali/DataHunt/venv/lib/python3.11/site-packages/airflow/example_dags/subdags/subdag.py for tasks to queue
[2023-08-15T21:28:39.221+0300] {logging_mixin.py:150} INFO - [2023-08-15T21:28:39.220+0300] {dagbag.py:541} INFO - Filling up the DagBag from /mnt/kali/DataHunt/venv/lib/python3.11/site-packages/airflow/example_dags/subdags/subdag.py
[2023-08-15T21:28:39.236+0300] {processor.py:838} WARNING - No viable dags retrieved from /mnt/kali/DataHunt/venv/lib/python3.11/site-packages/airflow/example_dags/subdags/subdag.py
[2023-08-15T21:28:39.401+0300] {processor.py:179} INFO - Processing /mnt/kali/DataHunt/venv/lib/python3.11/site-packages/airflow/example_dags/subdags/subdag.py took 0.228 seconds
[2023-08-15T21:30:01.041+0300] {processor.py:157} INFO - Started process (PID=217737) to work on /mnt/kali/DataHunt/venv/lib/python3.11/site-packages/airflow/example_dags/subdags/subdag.py
[2023-08-15T21:30:01.107+0300] {processor.py:826} INFO - Processing file /mnt/kali/DataHunt/venv/lib/python3.11/site-packages/airflow/example_dags/subdags/subdag.py for tasks to queue
[2023-08-15T21:30:01.110+0300] {logging_mixin.py:150} INFO - [2023-08-15T21:30:01.109+0300] {dagbag.py:541} INFO - Filling up the DagBag from /mnt/kali/DataHunt/venv/lib/python3.11/site-packages/airflow/example_dags/subdags/subdag.py
[2023-08-15T21:30:01.119+0300] {processor.py:838} WARNING - No viable dags retrieved from /mnt/kali/DataHunt/venv/lib/python3.11/site-packages/airflow/example_dags/subdags/subdag.py
[2023-08-15T21:30:01.220+0300] {processor.py:179} INFO - Processing /mnt/kali/DataHunt/venv/lib/python3.11/site-packages/airflow/example_dags/subdags/subdag.py took 0.209 seconds
[2023-08-15T21:47:12.576+0300] {processor.py:157} INFO - Started process (PID=233512) to work on /mnt/kali/DataHunt/venv/lib/python3.11/site-packages/airflow/example_dags/subdags/subdag.py
[2023-08-15T21:47:12.600+0300] {processor.py:826} INFO - Processing file /mnt/kali/DataHunt/venv/lib/python3.11/site-packages/airflow/example_dags/subdags/subdag.py for tasks to queue
[2023-08-15T21:47:12.604+0300] {logging_mixin.py:150} INFO - [2023-08-15T21:47:12.603+0300] {dagbag.py:541} INFO - Filling up the DagBag from /mnt/kali/DataHunt/venv/lib/python3.11/site-packages/airflow/example_dags/subdags/subdag.py
[2023-08-15T21:47:12.628+0300] {processor.py:838} WARNING - No viable dags retrieved from /mnt/kali/DataHunt/venv/lib/python3.11/site-packages/airflow/example_dags/subdags/subdag.py
[2023-08-15T21:47:12.845+0300] {processor.py:179} INFO - Processing /mnt/kali/DataHunt/venv/lib/python3.11/site-packages/airflow/example_dags/subdags/subdag.py took 0.312 seconds
[2023-08-15T21:47:47.651+0300] {processor.py:157} INFO - Started process (PID=233887) to work on /mnt/kali/DataHunt/venv/lib/python3.11/site-packages/airflow/example_dags/subdags/subdag.py
[2023-08-15T21:47:47.660+0300] {processor.py:826} INFO - Processing file /mnt/kali/DataHunt/venv/lib/python3.11/site-packages/airflow/example_dags/subdags/subdag.py for tasks to queue
[2023-08-15T21:47:47.663+0300] {logging_mixin.py:150} INFO - [2023-08-15T21:47:47.662+0300] {dagbag.py:541} INFO - Filling up the DagBag from /mnt/kali/DataHunt/venv/lib/python3.11/site-packages/airflow/example_dags/subdags/subdag.py
[2023-08-15T21:47:47.670+0300] {processor.py:838} WARNING - No viable dags retrieved from /mnt/kali/DataHunt/venv/lib/python3.11/site-packages/airflow/example_dags/subdags/subdag.py
[2023-08-15T21:47:47.871+0300] {processor.py:179} INFO - Processing /mnt/kali/DataHunt/venv/lib/python3.11/site-packages/airflow/example_dags/subdags/subdag.py took 0.230 seconds
[2023-08-15T21:48:18.263+0300] {processor.py:157} INFO - Started process (PID=234270) to work on /mnt/kali/DataHunt/venv/lib/python3.11/site-packages/airflow/example_dags/subdags/subdag.py
[2023-08-15T21:48:18.275+0300] {processor.py:826} INFO - Processing file /mnt/kali/DataHunt/venv/lib/python3.11/site-packages/airflow/example_dags/subdags/subdag.py for tasks to queue
[2023-08-15T21:48:18.280+0300] {logging_mixin.py:150} INFO - [2023-08-15T21:48:18.278+0300] {dagbag.py:541} INFO - Filling up the DagBag from /mnt/kali/DataHunt/venv/lib/python3.11/site-packages/airflow/example_dags/subdags/subdag.py
[2023-08-15T21:48:18.293+0300] {processor.py:838} WARNING - No viable dags retrieved from /mnt/kali/DataHunt/venv/lib/python3.11/site-packages/airflow/example_dags/subdags/subdag.py
[2023-08-15T21:48:18.427+0300] {processor.py:179} INFO - Processing /mnt/kali/DataHunt/venv/lib/python3.11/site-packages/airflow/example_dags/subdags/subdag.py took 0.219 seconds
[2023-08-15T21:48:48.628+0300] {processor.py:157} INFO - Started process (PID=234889) to work on /mnt/kali/DataHunt/venv/lib/python3.11/site-packages/airflow/example_dags/subdags/subdag.py
[2023-08-15T21:48:48.660+0300] {processor.py:826} INFO - Processing file /mnt/kali/DataHunt/venv/lib/python3.11/site-packages/airflow/example_dags/subdags/subdag.py for tasks to queue
[2023-08-15T21:48:48.662+0300] {logging_mixin.py:150} INFO - [2023-08-15T21:48:48.661+0300] {dagbag.py:541} INFO - Filling up the DagBag from /mnt/kali/DataHunt/venv/lib/python3.11/site-packages/airflow/example_dags/subdags/subdag.py
[2023-08-15T21:48:48.667+0300] {processor.py:838} WARNING - No viable dags retrieved from /mnt/kali/DataHunt/venv/lib/python3.11/site-packages/airflow/example_dags/subdags/subdag.py
[2023-08-15T21:48:48.730+0300] {processor.py:179} INFO - Processing /mnt/kali/DataHunt/venv/lib/python3.11/site-packages/airflow/example_dags/subdags/subdag.py took 0.114 seconds
[2023-08-15T21:49:21.631+0300] {processor.py:157} INFO - Started process (PID=235446) to work on /mnt/kali/DataHunt/venv/lib/python3.11/site-packages/airflow/example_dags/subdags/subdag.py
[2023-08-15T21:49:21.788+0300] {processor.py:826} INFO - Processing file /mnt/kali/DataHunt/venv/lib/python3.11/site-packages/airflow/example_dags/subdags/subdag.py for tasks to queue
[2023-08-15T21:49:21.790+0300] {logging_mixin.py:150} INFO - [2023-08-15T21:49:21.789+0300] {dagbag.py:541} INFO - Filling up the DagBag from /mnt/kali/DataHunt/venv/lib/python3.11/site-packages/airflow/example_dags/subdags/subdag.py
[2023-08-15T21:49:21.822+0300] {processor.py:838} WARNING - No viable dags retrieved from /mnt/kali/DataHunt/venv/lib/python3.11/site-packages/airflow/example_dags/subdags/subdag.py
[2023-08-15T21:49:21.933+0300] {processor.py:179} INFO - Processing /mnt/kali/DataHunt/venv/lib/python3.11/site-packages/airflow/example_dags/subdags/subdag.py took 0.315 seconds
[2023-08-15T21:49:54.226+0300] {processor.py:157} INFO - Started process (PID=235871) to work on /mnt/kali/DataHunt/venv/lib/python3.11/site-packages/airflow/example_dags/subdags/subdag.py
[2023-08-15T21:49:54.294+0300] {processor.py:826} INFO - Processing file /mnt/kali/DataHunt/venv/lib/python3.11/site-packages/airflow/example_dags/subdags/subdag.py for tasks to queue
[2023-08-15T21:49:54.311+0300] {logging_mixin.py:150} INFO - [2023-08-15T21:49:54.296+0300] {dagbag.py:541} INFO - Filling up the DagBag from /mnt/kali/DataHunt/venv/lib/python3.11/site-packages/airflow/example_dags/subdags/subdag.py
[2023-08-15T21:49:54.324+0300] {processor.py:838} WARNING - No viable dags retrieved from /mnt/kali/DataHunt/venv/lib/python3.11/site-packages/airflow/example_dags/subdags/subdag.py
[2023-08-15T21:49:54.703+0300] {processor.py:179} INFO - Processing /mnt/kali/DataHunt/venv/lib/python3.11/site-packages/airflow/example_dags/subdags/subdag.py took 0.493 seconds
[2023-08-15T21:50:25.774+0300] {processor.py:157} INFO - Started process (PID=236211) to work on /mnt/kali/DataHunt/venv/lib/python3.11/site-packages/airflow/example_dags/subdags/subdag.py
[2023-08-15T21:50:25.776+0300] {processor.py:826} INFO - Processing file /mnt/kali/DataHunt/venv/lib/python3.11/site-packages/airflow/example_dags/subdags/subdag.py for tasks to queue
[2023-08-15T21:50:25.779+0300] {logging_mixin.py:150} INFO - [2023-08-15T21:50:25.777+0300] {dagbag.py:541} INFO - Filling up the DagBag from /mnt/kali/DataHunt/venv/lib/python3.11/site-packages/airflow/example_dags/subdags/subdag.py
[2023-08-15T21:50:25.786+0300] {processor.py:838} WARNING - No viable dags retrieved from /mnt/kali/DataHunt/venv/lib/python3.11/site-packages/airflow/example_dags/subdags/subdag.py
[2023-08-15T21:50:26.022+0300] {processor.py:179} INFO - Processing /mnt/kali/DataHunt/venv/lib/python3.11/site-packages/airflow/example_dags/subdags/subdag.py took 0.252 seconds
[2023-08-15T21:50:56.211+0300] {processor.py:157} INFO - Started process (PID=236651) to work on /mnt/kali/DataHunt/venv/lib/python3.11/site-packages/airflow/example_dags/subdags/subdag.py
[2023-08-15T21:50:56.213+0300] {processor.py:826} INFO - Processing file /mnt/kali/DataHunt/venv/lib/python3.11/site-packages/airflow/example_dags/subdags/subdag.py for tasks to queue
[2023-08-15T21:50:56.215+0300] {logging_mixin.py:150} INFO - [2023-08-15T21:50:56.214+0300] {dagbag.py:541} INFO - Filling up the DagBag from /mnt/kali/DataHunt/venv/lib/python3.11/site-packages/airflow/example_dags/subdags/subdag.py
[2023-08-15T21:50:56.221+0300] {processor.py:838} WARNING - No viable dags retrieved from /mnt/kali/DataHunt/venv/lib/python3.11/site-packages/airflow/example_dags/subdags/subdag.py
[2023-08-15T21:50:56.295+0300] {processor.py:179} INFO - Processing /mnt/kali/DataHunt/venv/lib/python3.11/site-packages/airflow/example_dags/subdags/subdag.py took 0.096 seconds
[2023-08-15T21:51:26.650+0300] {processor.py:157} INFO - Started process (PID=237217) to work on /mnt/kali/DataHunt/venv/lib/python3.11/site-packages/airflow/example_dags/subdags/subdag.py
[2023-08-15T21:51:26.653+0300] {processor.py:826} INFO - Processing file /mnt/kali/DataHunt/venv/lib/python3.11/site-packages/airflow/example_dags/subdags/subdag.py for tasks to queue
[2023-08-15T21:51:26.656+0300] {logging_mixin.py:150} INFO - [2023-08-15T21:51:26.655+0300] {dagbag.py:541} INFO - Filling up the DagBag from /mnt/kali/DataHunt/venv/lib/python3.11/site-packages/airflow/example_dags/subdags/subdag.py
[2023-08-15T21:51:26.663+0300] {processor.py:838} WARNING - No viable dags retrieved from /mnt/kali/DataHunt/venv/lib/python3.11/site-packages/airflow/example_dags/subdags/subdag.py
[2023-08-15T21:51:26.751+0300] {processor.py:179} INFO - Processing /mnt/kali/DataHunt/venv/lib/python3.11/site-packages/airflow/example_dags/subdags/subdag.py took 0.115 seconds
[2023-08-15T21:51:57.059+0300] {processor.py:157} INFO - Started process (PID=237767) to work on /mnt/kali/DataHunt/venv/lib/python3.11/site-packages/airflow/example_dags/subdags/subdag.py
[2023-08-15T21:51:57.073+0300] {processor.py:826} INFO - Processing file /mnt/kali/DataHunt/venv/lib/python3.11/site-packages/airflow/example_dags/subdags/subdag.py for tasks to queue
[2023-08-15T21:51:57.076+0300] {logging_mixin.py:150} INFO - [2023-08-15T21:51:57.075+0300] {dagbag.py:541} INFO - Filling up the DagBag from /mnt/kali/DataHunt/venv/lib/python3.11/site-packages/airflow/example_dags/subdags/subdag.py
[2023-08-15T21:51:57.082+0300] {processor.py:838} WARNING - No viable dags retrieved from /mnt/kali/DataHunt/venv/lib/python3.11/site-packages/airflow/example_dags/subdags/subdag.py
[2023-08-15T21:51:57.153+0300] {processor.py:179} INFO - Processing /mnt/kali/DataHunt/venv/lib/python3.11/site-packages/airflow/example_dags/subdags/subdag.py took 0.107 seconds
[2023-08-15T21:52:27.714+0300] {processor.py:157} INFO - Started process (PID=238144) to work on /mnt/kali/DataHunt/venv/lib/python3.11/site-packages/airflow/example_dags/subdags/subdag.py
[2023-08-15T21:52:27.716+0300] {processor.py:826} INFO - Processing file /mnt/kali/DataHunt/venv/lib/python3.11/site-packages/airflow/example_dags/subdags/subdag.py for tasks to queue
[2023-08-15T21:52:27.718+0300] {logging_mixin.py:150} INFO - [2023-08-15T21:52:27.717+0300] {dagbag.py:541} INFO - Filling up the DagBag from /mnt/kali/DataHunt/venv/lib/python3.11/site-packages/airflow/example_dags/subdags/subdag.py
[2023-08-15T21:52:27.724+0300] {processor.py:838} WARNING - No viable dags retrieved from /mnt/kali/DataHunt/venv/lib/python3.11/site-packages/airflow/example_dags/subdags/subdag.py
[2023-08-15T21:52:27.813+0300] {processor.py:179} INFO - Processing /mnt/kali/DataHunt/venv/lib/python3.11/site-packages/airflow/example_dags/subdags/subdag.py took 0.110 seconds
[2023-08-15T21:52:58.283+0300] {processor.py:157} INFO - Started process (PID=238531) to work on /mnt/kali/DataHunt/venv/lib/python3.11/site-packages/airflow/example_dags/subdags/subdag.py
[2023-08-15T21:52:58.295+0300] {processor.py:826} INFO - Processing file /mnt/kali/DataHunt/venv/lib/python3.11/site-packages/airflow/example_dags/subdags/subdag.py for tasks to queue
[2023-08-15T21:52:58.297+0300] {logging_mixin.py:150} INFO - [2023-08-15T21:52:58.296+0300] {dagbag.py:541} INFO - Filling up the DagBag from /mnt/kali/DataHunt/venv/lib/python3.11/site-packages/airflow/example_dags/subdags/subdag.py
[2023-08-15T21:52:58.307+0300] {processor.py:838} WARNING - No viable dags retrieved from /mnt/kali/DataHunt/venv/lib/python3.11/site-packages/airflow/example_dags/subdags/subdag.py
[2023-08-15T21:52:58.375+0300] {processor.py:179} INFO - Processing /mnt/kali/DataHunt/venv/lib/python3.11/site-packages/airflow/example_dags/subdags/subdag.py took 0.103 seconds
[2023-08-15T21:53:28.900+0300] {processor.py:157} INFO - Started process (PID=239097) to work on /mnt/kali/DataHunt/venv/lib/python3.11/site-packages/airflow/example_dags/subdags/subdag.py
[2023-08-15T21:53:28.906+0300] {processor.py:826} INFO - Processing file /mnt/kali/DataHunt/venv/lib/python3.11/site-packages/airflow/example_dags/subdags/subdag.py for tasks to queue
[2023-08-15T21:53:28.908+0300] {logging_mixin.py:150} INFO - [2023-08-15T21:53:28.908+0300] {dagbag.py:541} INFO - Filling up the DagBag from /mnt/kali/DataHunt/venv/lib/python3.11/site-packages/airflow/example_dags/subdags/subdag.py
[2023-08-15T21:53:28.915+0300] {processor.py:838} WARNING - No viable dags retrieved from /mnt/kali/DataHunt/venv/lib/python3.11/site-packages/airflow/example_dags/subdags/subdag.py
[2023-08-15T21:53:29.012+0300] {processor.py:179} INFO - Processing /mnt/kali/DataHunt/venv/lib/python3.11/site-packages/airflow/example_dags/subdags/subdag.py took 0.121 seconds
[2023-08-15T21:54:00.482+0300] {processor.py:157} INFO - Started process (PID=239574) to work on /mnt/kali/DataHunt/venv/lib/python3.11/site-packages/airflow/example_dags/subdags/subdag.py
[2023-08-15T21:54:00.523+0300] {processor.py:826} INFO - Processing file /mnt/kali/DataHunt/venv/lib/python3.11/site-packages/airflow/example_dags/subdags/subdag.py for tasks to queue
[2023-08-15T21:54:00.526+0300] {logging_mixin.py:150} INFO - [2023-08-15T21:54:00.525+0300] {dagbag.py:541} INFO - Filling up the DagBag from /mnt/kali/DataHunt/venv/lib/python3.11/site-packages/airflow/example_dags/subdags/subdag.py
[2023-08-15T21:54:00.559+0300] {processor.py:838} WARNING - No viable dags retrieved from /mnt/kali/DataHunt/venv/lib/python3.11/site-packages/airflow/example_dags/subdags/subdag.py
[2023-08-15T21:54:00.919+0300] {processor.py:179} INFO - Processing /mnt/kali/DataHunt/venv/lib/python3.11/site-packages/airflow/example_dags/subdags/subdag.py took 0.503 seconds
[2023-08-15T21:54:31.247+0300] {processor.py:157} INFO - Started process (PID=240069) to work on /mnt/kali/DataHunt/venv/lib/python3.11/site-packages/airflow/example_dags/subdags/subdag.py
[2023-08-15T21:54:31.260+0300] {processor.py:826} INFO - Processing file /mnt/kali/DataHunt/venv/lib/python3.11/site-packages/airflow/example_dags/subdags/subdag.py for tasks to queue
[2023-08-15T21:54:31.264+0300] {logging_mixin.py:150} INFO - [2023-08-15T21:54:31.263+0300] {dagbag.py:541} INFO - Filling up the DagBag from /mnt/kali/DataHunt/venv/lib/python3.11/site-packages/airflow/example_dags/subdags/subdag.py
[2023-08-15T21:54:31.276+0300] {processor.py:838} WARNING - No viable dags retrieved from /mnt/kali/DataHunt/venv/lib/python3.11/site-packages/airflow/example_dags/subdags/subdag.py
[2023-08-15T21:54:31.390+0300] {processor.py:179} INFO - Processing /mnt/kali/DataHunt/venv/lib/python3.11/site-packages/airflow/example_dags/subdags/subdag.py took 0.178 seconds
[2023-08-15T21:55:01.626+0300] {processor.py:157} INFO - Started process (PID=240408) to work on /mnt/kali/DataHunt/venv/lib/python3.11/site-packages/airflow/example_dags/subdags/subdag.py
[2023-08-15T21:55:01.639+0300] {processor.py:826} INFO - Processing file /mnt/kali/DataHunt/venv/lib/python3.11/site-packages/airflow/example_dags/subdags/subdag.py for tasks to queue
[2023-08-15T21:55:01.642+0300] {logging_mixin.py:150} INFO - [2023-08-15T21:55:01.640+0300] {dagbag.py:541} INFO - Filling up the DagBag from /mnt/kali/DataHunt/venv/lib/python3.11/site-packages/airflow/example_dags/subdags/subdag.py
[2023-08-15T21:55:01.651+0300] {processor.py:838} WARNING - No viable dags retrieved from /mnt/kali/DataHunt/venv/lib/python3.11/site-packages/airflow/example_dags/subdags/subdag.py
[2023-08-15T21:55:01.886+0300] {processor.py:179} INFO - Processing /mnt/kali/DataHunt/venv/lib/python3.11/site-packages/airflow/example_dags/subdags/subdag.py took 0.277 seconds
[2023-08-15T21:55:32.121+0300] {processor.py:157} INFO - Started process (PID=240833) to work on /mnt/kali/DataHunt/venv/lib/python3.11/site-packages/airflow/example_dags/subdags/subdag.py
[2023-08-15T21:55:32.143+0300] {processor.py:826} INFO - Processing file /mnt/kali/DataHunt/venv/lib/python3.11/site-packages/airflow/example_dags/subdags/subdag.py for tasks to queue
[2023-08-15T21:55:32.145+0300] {logging_mixin.py:150} INFO - [2023-08-15T21:55:32.144+0300] {dagbag.py:541} INFO - Filling up the DagBag from /mnt/kali/DataHunt/venv/lib/python3.11/site-packages/airflow/example_dags/subdags/subdag.py
[2023-08-15T21:55:32.154+0300] {processor.py:838} WARNING - No viable dags retrieved from /mnt/kali/DataHunt/venv/lib/python3.11/site-packages/airflow/example_dags/subdags/subdag.py
[2023-08-15T21:55:32.254+0300] {processor.py:179} INFO - Processing /mnt/kali/DataHunt/venv/lib/python3.11/site-packages/airflow/example_dags/subdags/subdag.py took 0.170 seconds
[2023-08-15T21:56:02.774+0300] {processor.py:157} INFO - Started process (PID=241244) to work on /mnt/kali/DataHunt/venv/lib/python3.11/site-packages/airflow/example_dags/subdags/subdag.py
[2023-08-15T21:56:02.928+0300] {processor.py:826} INFO - Processing file /mnt/kali/DataHunt/venv/lib/python3.11/site-packages/airflow/example_dags/subdags/subdag.py for tasks to queue
[2023-08-15T21:56:02.931+0300] {logging_mixin.py:150} INFO - [2023-08-15T21:56:02.930+0300] {dagbag.py:541} INFO - Filling up the DagBag from /mnt/kali/DataHunt/venv/lib/python3.11/site-packages/airflow/example_dags/subdags/subdag.py
[2023-08-15T21:56:02.943+0300] {processor.py:838} WARNING - No viable dags retrieved from /mnt/kali/DataHunt/venv/lib/python3.11/site-packages/airflow/example_dags/subdags/subdag.py
[2023-08-15T21:56:03.094+0300] {processor.py:179} INFO - Processing /mnt/kali/DataHunt/venv/lib/python3.11/site-packages/airflow/example_dags/subdags/subdag.py took 0.351 seconds
[2023-08-15T21:56:33.339+0300] {processor.py:157} INFO - Started process (PID=241800) to work on /mnt/kali/DataHunt/venv/lib/python3.11/site-packages/airflow/example_dags/subdags/subdag.py
[2023-08-15T21:56:33.341+0300] {processor.py:826} INFO - Processing file /mnt/kali/DataHunt/venv/lib/python3.11/site-packages/airflow/example_dags/subdags/subdag.py for tasks to queue
[2023-08-15T21:56:33.344+0300] {logging_mixin.py:150} INFO - [2023-08-15T21:56:33.343+0300] {dagbag.py:541} INFO - Filling up the DagBag from /mnt/kali/DataHunt/venv/lib/python3.11/site-packages/airflow/example_dags/subdags/subdag.py
[2023-08-15T21:56:33.351+0300] {processor.py:838} WARNING - No viable dags retrieved from /mnt/kali/DataHunt/venv/lib/python3.11/site-packages/airflow/example_dags/subdags/subdag.py
[2023-08-15T21:56:33.474+0300] {processor.py:179} INFO - Processing /mnt/kali/DataHunt/venv/lib/python3.11/site-packages/airflow/example_dags/subdags/subdag.py took 0.146 seconds
[2023-08-15T21:57:04.397+0300] {processor.py:157} INFO - Started process (PID=242417) to work on /mnt/kali/DataHunt/venv/lib/python3.11/site-packages/airflow/example_dags/subdags/subdag.py
[2023-08-15T21:57:04.417+0300] {processor.py:826} INFO - Processing file /mnt/kali/DataHunt/venv/lib/python3.11/site-packages/airflow/example_dags/subdags/subdag.py for tasks to queue
[2023-08-15T21:57:04.420+0300] {logging_mixin.py:150} INFO - [2023-08-15T21:57:04.419+0300] {dagbag.py:541} INFO - Filling up the DagBag from /mnt/kali/DataHunt/venv/lib/python3.11/site-packages/airflow/example_dags/subdags/subdag.py
[2023-08-15T21:57:04.429+0300] {processor.py:838} WARNING - No viable dags retrieved from /mnt/kali/DataHunt/venv/lib/python3.11/site-packages/airflow/example_dags/subdags/subdag.py
[2023-08-15T21:57:04.529+0300] {processor.py:179} INFO - Processing /mnt/kali/DataHunt/venv/lib/python3.11/site-packages/airflow/example_dags/subdags/subdag.py took 0.147 seconds
[2023-08-15T21:57:35.045+0300] {processor.py:157} INFO - Started process (PID=242894) to work on /mnt/kali/DataHunt/venv/lib/python3.11/site-packages/airflow/example_dags/subdags/subdag.py
[2023-08-15T21:57:35.062+0300] {processor.py:826} INFO - Processing file /mnt/kali/DataHunt/venv/lib/python3.11/site-packages/airflow/example_dags/subdags/subdag.py for tasks to queue
[2023-08-15T21:57:35.067+0300] {logging_mixin.py:150} INFO - [2023-08-15T21:57:35.064+0300] {dagbag.py:541} INFO - Filling up the DagBag from /mnt/kali/DataHunt/venv/lib/python3.11/site-packages/airflow/example_dags/subdags/subdag.py
[2023-08-15T21:57:35.081+0300] {processor.py:838} WARNING - No viable dags retrieved from /mnt/kali/DataHunt/venv/lib/python3.11/site-packages/airflow/example_dags/subdags/subdag.py
[2023-08-15T21:57:35.170+0300] {processor.py:179} INFO - Processing /mnt/kali/DataHunt/venv/lib/python3.11/site-packages/airflow/example_dags/subdags/subdag.py took 0.140 seconds
