[2023-08-15T21:23:30.584+0300] {processor.py:157} INFO - Started process (PID=212899) to work on /mnt/kali/DataHunt/venv/lib/python3.11/site-packages/airflow/example_dags/plugins/event_listener.py
[2023-08-15T21:23:30.586+0300] {processor.py:826} INFO - Processing file /mnt/kali/DataHunt/venv/lib/python3.11/site-packages/airflow/example_dags/plugins/event_listener.py for tasks to queue
[2023-08-15T21:23:30.589+0300] {logging_mixin.py:150} INFO - [2023-08-15T21:23:30.588+0300] {dagbag.py:541} INFO - Filling up the DagBag from /mnt/kali/DataHunt/venv/lib/python3.11/site-packages/airflow/example_dags/plugins/event_listener.py
[2023-08-15T21:23:30.596+0300] {processor.py:838} WARNING - No viable dags retrieved from /mnt/kali/DataHunt/venv/lib/python3.11/site-packages/airflow/example_dags/plugins/event_listener.py
[2023-08-15T21:23:33.992+0300] {processor.py:179} INFO - Processing /mnt/kali/DataHunt/venv/lib/python3.11/site-packages/airflow/example_dags/plugins/event_listener.py took 3.412 seconds
[2023-08-15T21:26:48.187+0300] {processor.py:157} INFO - Started process (PID=215416) to work on /mnt/kali/DataHunt/venv/lib/python3.11/site-packages/airflow/example_dags/plugins/event_listener.py
[2023-08-15T21:26:48.207+0300] {processor.py:826} INFO - Processing file /mnt/kali/DataHunt/venv/lib/python3.11/site-packages/airflow/example_dags/plugins/event_listener.py for tasks to queue
[2023-08-15T21:26:48.211+0300] {logging_mixin.py:150} INFO - [2023-08-15T21:26:48.209+0300] {dagbag.py:541} INFO - Filling up the DagBag from /mnt/kali/DataHunt/venv/lib/python3.11/site-packages/airflow/example_dags/plugins/event_listener.py
[2023-08-15T21:26:48.220+0300] {processor.py:838} WARNING - No viable dags retrieved from /mnt/kali/DataHunt/venv/lib/python3.11/site-packages/airflow/example_dags/plugins/event_listener.py
[2023-08-15T21:26:48.270+0300] {processor.py:179} INFO - Processing /mnt/kali/DataHunt/venv/lib/python3.11/site-packages/airflow/example_dags/plugins/event_listener.py took 0.093 seconds
[2023-08-15T21:28:40.735+0300] {processor.py:157} INFO - Started process (PID=216734) to work on /mnt/kali/DataHunt/venv/lib/python3.11/site-packages/airflow/example_dags/plugins/event_listener.py
[2023-08-15T21:28:40.755+0300] {processor.py:826} INFO - Processing file /mnt/kali/DataHunt/venv/lib/python3.11/site-packages/airflow/example_dags/plugins/event_listener.py for tasks to queue
[2023-08-15T21:28:40.759+0300] {logging_mixin.py:150} INFO - [2023-08-15T21:28:40.757+0300] {dagbag.py:541} INFO - Filling up the DagBag from /mnt/kali/DataHunt/venv/lib/python3.11/site-packages/airflow/example_dags/plugins/event_listener.py
[2023-08-15T21:28:40.767+0300] {processor.py:838} WARNING - No viable dags retrieved from /mnt/kali/DataHunt/venv/lib/python3.11/site-packages/airflow/example_dags/plugins/event_listener.py
[2023-08-15T21:28:40.831+0300] {processor.py:179} INFO - Processing /mnt/kali/DataHunt/venv/lib/python3.11/site-packages/airflow/example_dags/plugins/event_listener.py took 0.110 seconds
[2023-08-15T21:30:02.208+0300] {processor.py:157} INFO - Started process (PID=217740) to work on /mnt/kali/DataHunt/venv/lib/python3.11/site-packages/airflow/example_dags/plugins/event_listener.py
[2023-08-15T21:30:02.223+0300] {processor.py:826} INFO - Processing file /mnt/kali/DataHunt/venv/lib/python3.11/site-packages/airflow/example_dags/plugins/event_listener.py for tasks to queue
[2023-08-15T21:30:02.226+0300] {logging_mixin.py:150} INFO - [2023-08-15T21:30:02.225+0300] {dagbag.py:541} INFO - Filling up the DagBag from /mnt/kali/DataHunt/venv/lib/python3.11/site-packages/airflow/example_dags/plugins/event_listener.py
[2023-08-15T21:30:02.236+0300] {processor.py:838} WARNING - No viable dags retrieved from /mnt/kali/DataHunt/venv/lib/python3.11/site-packages/airflow/example_dags/plugins/event_listener.py
[2023-08-15T21:30:02.282+0300] {processor.py:179} INFO - Processing /mnt/kali/DataHunt/venv/lib/python3.11/site-packages/airflow/example_dags/plugins/event_listener.py took 0.109 seconds
[2023-08-15T21:47:12.936+0300] {processor.py:157} INFO - Started process (PID=233529) to work on /mnt/kali/DataHunt/venv/lib/python3.11/site-packages/airflow/example_dags/plugins/event_listener.py
[2023-08-15T21:47:12.957+0300] {processor.py:826} INFO - Processing file /mnt/kali/DataHunt/venv/lib/python3.11/site-packages/airflow/example_dags/plugins/event_listener.py for tasks to queue
[2023-08-15T21:47:12.960+0300] {logging_mixin.py:150} INFO - [2023-08-15T21:47:12.959+0300] {dagbag.py:541} INFO - Filling up the DagBag from /mnt/kali/DataHunt/venv/lib/python3.11/site-packages/airflow/example_dags/plugins/event_listener.py
[2023-08-15T21:47:12.973+0300] {processor.py:838} WARNING - No viable dags retrieved from /mnt/kali/DataHunt/venv/lib/python3.11/site-packages/airflow/example_dags/plugins/event_listener.py
[2023-08-15T21:47:13.101+0300] {processor.py:179} INFO - Processing /mnt/kali/DataHunt/venv/lib/python3.11/site-packages/airflow/example_dags/plugins/event_listener.py took 0.179 seconds
[2023-08-15T21:47:47.949+0300] {processor.py:157} INFO - Started process (PID=233889) to work on /mnt/kali/DataHunt/venv/lib/python3.11/site-packages/airflow/example_dags/plugins/event_listener.py
[2023-08-15T21:47:47.963+0300] {processor.py:826} INFO - Processing file /mnt/kali/DataHunt/venv/lib/python3.11/site-packages/airflow/example_dags/plugins/event_listener.py for tasks to queue
[2023-08-15T21:47:47.965+0300] {logging_mixin.py:150} INFO - [2023-08-15T21:47:47.964+0300] {dagbag.py:541} INFO - Filling up the DagBag from /mnt/kali/DataHunt/venv/lib/python3.11/site-packages/airflow/example_dags/plugins/event_listener.py
[2023-08-15T21:47:47.973+0300] {processor.py:838} WARNING - No viable dags retrieved from /mnt/kali/DataHunt/venv/lib/python3.11/site-packages/airflow/example_dags/plugins/event_listener.py
[2023-08-15T21:47:48.127+0300] {processor.py:179} INFO - Processing /mnt/kali/DataHunt/venv/lib/python3.11/site-packages/airflow/example_dags/plugins/event_listener.py took 0.189 seconds
[2023-08-15T21:48:18.637+0300] {processor.py:157} INFO - Started process (PID=234281) to work on /mnt/kali/DataHunt/venv/lib/python3.11/site-packages/airflow/example_dags/plugins/event_listener.py
[2023-08-15T21:48:18.643+0300] {processor.py:826} INFO - Processing file /mnt/kali/DataHunt/venv/lib/python3.11/site-packages/airflow/example_dags/plugins/event_listener.py for tasks to queue
[2023-08-15T21:48:18.647+0300] {logging_mixin.py:150} INFO - [2023-08-15T21:48:18.646+0300] {dagbag.py:541} INFO - Filling up the DagBag from /mnt/kali/DataHunt/venv/lib/python3.11/site-packages/airflow/example_dags/plugins/event_listener.py
[2023-08-15T21:48:18.686+0300] {processor.py:838} WARNING - No viable dags retrieved from /mnt/kali/DataHunt/venv/lib/python3.11/site-packages/airflow/example_dags/plugins/event_listener.py
[2023-08-15T21:48:18.964+0300] {processor.py:179} INFO - Processing /mnt/kali/DataHunt/venv/lib/python3.11/site-packages/airflow/example_dags/plugins/event_listener.py took 0.383 seconds
[2023-08-15T21:48:49.248+0300] {processor.py:157} INFO - Started process (PID=234895) to work on /mnt/kali/DataHunt/venv/lib/python3.11/site-packages/airflow/example_dags/plugins/event_listener.py
[2023-08-15T21:48:49.250+0300] {processor.py:826} INFO - Processing file /mnt/kali/DataHunt/venv/lib/python3.11/site-packages/airflow/example_dags/plugins/event_listener.py for tasks to queue
[2023-08-15T21:48:49.253+0300] {logging_mixin.py:150} INFO - [2023-08-15T21:48:49.252+0300] {dagbag.py:541} INFO - Filling up the DagBag from /mnt/kali/DataHunt/venv/lib/python3.11/site-packages/airflow/example_dags/plugins/event_listener.py
[2023-08-15T21:48:49.260+0300] {processor.py:838} WARNING - No viable dags retrieved from /mnt/kali/DataHunt/venv/lib/python3.11/site-packages/airflow/example_dags/plugins/event_listener.py
[2023-08-15T21:48:49.317+0300] {processor.py:179} INFO - Processing /mnt/kali/DataHunt/venv/lib/python3.11/site-packages/airflow/example_dags/plugins/event_listener.py took 0.079 seconds
[2023-08-15T21:49:21.671+0300] {processor.py:157} INFO - Started process (PID=235458) to work on /mnt/kali/DataHunt/venv/lib/python3.11/site-packages/airflow/example_dags/plugins/event_listener.py
[2023-08-15T21:49:21.772+0300] {processor.py:826} INFO - Processing file /mnt/kali/DataHunt/venv/lib/python3.11/site-packages/airflow/example_dags/plugins/event_listener.py for tasks to queue
[2023-08-15T21:49:21.803+0300] {logging_mixin.py:150} INFO - [2023-08-15T21:49:21.773+0300] {dagbag.py:541} INFO - Filling up the DagBag from /mnt/kali/DataHunt/venv/lib/python3.11/site-packages/airflow/example_dags/plugins/event_listener.py
[2023-08-15T21:49:21.820+0300] {processor.py:838} WARNING - No viable dags retrieved from /mnt/kali/DataHunt/venv/lib/python3.11/site-packages/airflow/example_dags/plugins/event_listener.py
[2023-08-15T21:49:21.998+0300] {processor.py:179} INFO - Processing /mnt/kali/DataHunt/venv/lib/python3.11/site-packages/airflow/example_dags/plugins/event_listener.py took 0.341 seconds
[2023-08-15T21:49:54.638+0300] {processor.py:157} INFO - Started process (PID=235873) to work on /mnt/kali/DataHunt/venv/lib/python3.11/site-packages/airflow/example_dags/plugins/event_listener.py
[2023-08-15T21:49:54.679+0300] {processor.py:826} INFO - Processing file /mnt/kali/DataHunt/venv/lib/python3.11/site-packages/airflow/example_dags/plugins/event_listener.py for tasks to queue
[2023-08-15T21:49:54.681+0300] {logging_mixin.py:150} INFO - [2023-08-15T21:49:54.680+0300] {dagbag.py:541} INFO - Filling up the DagBag from /mnt/kali/DataHunt/venv/lib/python3.11/site-packages/airflow/example_dags/plugins/event_listener.py
[2023-08-15T21:49:54.690+0300] {processor.py:838} WARNING - No viable dags retrieved from /mnt/kali/DataHunt/venv/lib/python3.11/site-packages/airflow/example_dags/plugins/event_listener.py
[2023-08-15T21:49:54.882+0300] {processor.py:179} INFO - Processing /mnt/kali/DataHunt/venv/lib/python3.11/site-packages/airflow/example_dags/plugins/event_listener.py took 0.277 seconds
[2023-08-15T21:50:26.094+0300] {processor.py:157} INFO - Started process (PID=236233) to work on /mnt/kali/DataHunt/venv/lib/python3.11/site-packages/airflow/example_dags/plugins/event_listener.py
[2023-08-15T21:50:26.203+0300] {processor.py:826} INFO - Processing file /mnt/kali/DataHunt/venv/lib/python3.11/site-packages/airflow/example_dags/plugins/event_listener.py for tasks to queue
[2023-08-15T21:50:26.205+0300] {logging_mixin.py:150} INFO - [2023-08-15T21:50:26.204+0300] {dagbag.py:541} INFO - Filling up the DagBag from /mnt/kali/DataHunt/venv/lib/python3.11/site-packages/airflow/example_dags/plugins/event_listener.py
[2023-08-15T21:50:26.217+0300] {processor.py:838} WARNING - No viable dags retrieved from /mnt/kali/DataHunt/venv/lib/python3.11/site-packages/airflow/example_dags/plugins/event_listener.py
[2023-08-15T21:50:26.450+0300] {processor.py:179} INFO - Processing /mnt/kali/DataHunt/venv/lib/python3.11/site-packages/airflow/example_dags/plugins/event_listener.py took 0.370 seconds
[2023-08-15T21:50:56.675+0300] {processor.py:157} INFO - Started process (PID=236657) to work on /mnt/kali/DataHunt/venv/lib/python3.11/site-packages/airflow/example_dags/plugins/event_listener.py
[2023-08-15T21:50:56.677+0300] {processor.py:826} INFO - Processing file /mnt/kali/DataHunt/venv/lib/python3.11/site-packages/airflow/example_dags/plugins/event_listener.py for tasks to queue
[2023-08-15T21:50:56.681+0300] {logging_mixin.py:150} INFO - [2023-08-15T21:50:56.679+0300] {dagbag.py:541} INFO - Filling up the DagBag from /mnt/kali/DataHunt/venv/lib/python3.11/site-packages/airflow/example_dags/plugins/event_listener.py
[2023-08-15T21:50:56.690+0300] {processor.py:838} WARNING - No viable dags retrieved from /mnt/kali/DataHunt/venv/lib/python3.11/site-packages/airflow/example_dags/plugins/event_listener.py
[2023-08-15T21:50:56.794+0300] {processor.py:179} INFO - Processing /mnt/kali/DataHunt/venv/lib/python3.11/site-packages/airflow/example_dags/plugins/event_listener.py took 0.137 seconds
[2023-08-15T21:51:26.982+0300] {processor.py:157} INFO - Started process (PID=237221) to work on /mnt/kali/DataHunt/venv/lib/python3.11/site-packages/airflow/example_dags/plugins/event_listener.py
[2023-08-15T21:51:26.984+0300] {processor.py:826} INFO - Processing file /mnt/kali/DataHunt/venv/lib/python3.11/site-packages/airflow/example_dags/plugins/event_listener.py for tasks to queue
[2023-08-15T21:51:26.986+0300] {logging_mixin.py:150} INFO - [2023-08-15T21:51:26.985+0300] {dagbag.py:541} INFO - Filling up the DagBag from /mnt/kali/DataHunt/venv/lib/python3.11/site-packages/airflow/example_dags/plugins/event_listener.py
[2023-08-15T21:51:26.993+0300] {processor.py:838} WARNING - No viable dags retrieved from /mnt/kali/DataHunt/venv/lib/python3.11/site-packages/airflow/example_dags/plugins/event_listener.py
[2023-08-15T21:51:27.074+0300] {processor.py:179} INFO - Processing /mnt/kali/DataHunt/venv/lib/python3.11/site-packages/airflow/example_dags/plugins/event_listener.py took 0.102 seconds
[2023-08-15T21:51:57.689+0300] {processor.py:157} INFO - Started process (PID=237774) to work on /mnt/kali/DataHunt/venv/lib/python3.11/site-packages/airflow/example_dags/plugins/event_listener.py
[2023-08-15T21:51:57.692+0300] {processor.py:826} INFO - Processing file /mnt/kali/DataHunt/venv/lib/python3.11/site-packages/airflow/example_dags/plugins/event_listener.py for tasks to queue
[2023-08-15T21:51:57.695+0300] {logging_mixin.py:150} INFO - [2023-08-15T21:51:57.694+0300] {dagbag.py:541} INFO - Filling up the DagBag from /mnt/kali/DataHunt/venv/lib/python3.11/site-packages/airflow/example_dags/plugins/event_listener.py
[2023-08-15T21:51:57.705+0300] {processor.py:838} WARNING - No viable dags retrieved from /mnt/kali/DataHunt/venv/lib/python3.11/site-packages/airflow/example_dags/plugins/event_listener.py
[2023-08-15T21:51:57.765+0300] {processor.py:179} INFO - Processing /mnt/kali/DataHunt/venv/lib/python3.11/site-packages/airflow/example_dags/plugins/event_listener.py took 0.090 seconds
[2023-08-15T21:52:28.054+0300] {processor.py:157} INFO - Started process (PID=238149) to work on /mnt/kali/DataHunt/venv/lib/python3.11/site-packages/airflow/example_dags/plugins/event_listener.py
[2023-08-15T21:52:28.056+0300] {processor.py:826} INFO - Processing file /mnt/kali/DataHunt/venv/lib/python3.11/site-packages/airflow/example_dags/plugins/event_listener.py for tasks to queue
[2023-08-15T21:52:28.058+0300] {logging_mixin.py:150} INFO - [2023-08-15T21:52:28.057+0300] {dagbag.py:541} INFO - Filling up the DagBag from /mnt/kali/DataHunt/venv/lib/python3.11/site-packages/airflow/example_dags/plugins/event_listener.py
[2023-08-15T21:52:28.065+0300] {processor.py:838} WARNING - No viable dags retrieved from /mnt/kali/DataHunt/venv/lib/python3.11/site-packages/airflow/example_dags/plugins/event_listener.py
[2023-08-15T21:52:28.145+0300] {processor.py:179} INFO - Processing /mnt/kali/DataHunt/venv/lib/python3.11/site-packages/airflow/example_dags/plugins/event_listener.py took 0.102 seconds
[2023-08-15T21:52:58.442+0300] {processor.py:157} INFO - Started process (PID=238534) to work on /mnt/kali/DataHunt/venv/lib/python3.11/site-packages/airflow/example_dags/plugins/event_listener.py
[2023-08-15T21:52:58.445+0300] {processor.py:826} INFO - Processing file /mnt/kali/DataHunt/venv/lib/python3.11/site-packages/airflow/example_dags/plugins/event_listener.py for tasks to queue
[2023-08-15T21:52:58.447+0300] {logging_mixin.py:150} INFO - [2023-08-15T21:52:58.446+0300] {dagbag.py:541} INFO - Filling up the DagBag from /mnt/kali/DataHunt/venv/lib/python3.11/site-packages/airflow/example_dags/plugins/event_listener.py
[2023-08-15T21:52:58.454+0300] {processor.py:838} WARNING - No viable dags retrieved from /mnt/kali/DataHunt/venv/lib/python3.11/site-packages/airflow/example_dags/plugins/event_listener.py
[2023-08-15T21:52:58.531+0300] {processor.py:179} INFO - Processing /mnt/kali/DataHunt/venv/lib/python3.11/site-packages/airflow/example_dags/plugins/event_listener.py took 0.099 seconds
[2023-08-15T21:53:29.137+0300] {processor.py:157} INFO - Started process (PID=239100) to work on /mnt/kali/DataHunt/venv/lib/python3.11/site-packages/airflow/example_dags/plugins/event_listener.py
[2023-08-15T21:53:29.139+0300] {processor.py:826} INFO - Processing file /mnt/kali/DataHunt/venv/lib/python3.11/site-packages/airflow/example_dags/plugins/event_listener.py for tasks to queue
[2023-08-15T21:53:29.142+0300] {logging_mixin.py:150} INFO - [2023-08-15T21:53:29.141+0300] {dagbag.py:541} INFO - Filling up the DagBag from /mnt/kali/DataHunt/venv/lib/python3.11/site-packages/airflow/example_dags/plugins/event_listener.py
[2023-08-15T21:53:29.150+0300] {processor.py:838} WARNING - No viable dags retrieved from /mnt/kali/DataHunt/venv/lib/python3.11/site-packages/airflow/example_dags/plugins/event_listener.py
[2023-08-15T21:53:29.236+0300] {processor.py:179} INFO - Processing /mnt/kali/DataHunt/venv/lib/python3.11/site-packages/airflow/example_dags/plugins/event_listener.py took 0.113 seconds
[2023-08-15T21:54:01.269+0300] {processor.py:157} INFO - Started process (PID=239589) to work on /mnt/kali/DataHunt/venv/lib/python3.11/site-packages/airflow/example_dags/plugins/event_listener.py
[2023-08-15T21:54:01.294+0300] {processor.py:826} INFO - Processing file /mnt/kali/DataHunt/venv/lib/python3.11/site-packages/airflow/example_dags/plugins/event_listener.py for tasks to queue
[2023-08-15T21:54:01.297+0300] {logging_mixin.py:150} INFO - [2023-08-15T21:54:01.296+0300] {dagbag.py:541} INFO - Filling up the DagBag from /mnt/kali/DataHunt/venv/lib/python3.11/site-packages/airflow/example_dags/plugins/event_listener.py
[2023-08-15T21:54:01.314+0300] {processor.py:838} WARNING - No viable dags retrieved from /mnt/kali/DataHunt/venv/lib/python3.11/site-packages/airflow/example_dags/plugins/event_listener.py
[2023-08-15T21:54:01.420+0300] {processor.py:179} INFO - Processing /mnt/kali/DataHunt/venv/lib/python3.11/site-packages/airflow/example_dags/plugins/event_listener.py took 0.212 seconds
[2023-08-15T21:54:32.484+0300] {processor.py:157} INFO - Started process (PID=240074) to work on /mnt/kali/DataHunt/venv/lib/python3.11/site-packages/airflow/example_dags/plugins/event_listener.py
[2023-08-15T21:54:32.494+0300] {processor.py:826} INFO - Processing file /mnt/kali/DataHunt/venv/lib/python3.11/site-packages/airflow/example_dags/plugins/event_listener.py for tasks to queue
[2023-08-15T21:54:32.497+0300] {logging_mixin.py:150} INFO - [2023-08-15T21:54:32.496+0300] {dagbag.py:541} INFO - Filling up the DagBag from /mnt/kali/DataHunt/venv/lib/python3.11/site-packages/airflow/example_dags/plugins/event_listener.py
[2023-08-15T21:54:32.513+0300] {processor.py:838} WARNING - No viable dags retrieved from /mnt/kali/DataHunt/venv/lib/python3.11/site-packages/airflow/example_dags/plugins/event_listener.py
[2023-08-15T21:54:32.716+0300] {processor.py:179} INFO - Processing /mnt/kali/DataHunt/venv/lib/python3.11/site-packages/airflow/example_dags/plugins/event_listener.py took 0.263 seconds
[2023-08-15T21:55:03.192+0300] {processor.py:157} INFO - Started process (PID=240465) to work on /mnt/kali/DataHunt/venv/lib/python3.11/site-packages/airflow/example_dags/plugins/event_listener.py
[2023-08-15T21:55:03.197+0300] {processor.py:826} INFO - Processing file /mnt/kali/DataHunt/venv/lib/python3.11/site-packages/airflow/example_dags/plugins/event_listener.py for tasks to queue
[2023-08-15T21:55:03.201+0300] {logging_mixin.py:150} INFO - [2023-08-15T21:55:03.199+0300] {dagbag.py:541} INFO - Filling up the DagBag from /mnt/kali/DataHunt/venv/lib/python3.11/site-packages/airflow/example_dags/plugins/event_listener.py
[2023-08-15T21:55:03.226+0300] {processor.py:838} WARNING - No viable dags retrieved from /mnt/kali/DataHunt/venv/lib/python3.11/site-packages/airflow/example_dags/plugins/event_listener.py
[2023-08-15T21:55:03.483+0300] {processor.py:179} INFO - Processing /mnt/kali/DataHunt/venv/lib/python3.11/site-packages/airflow/example_dags/plugins/event_listener.py took 0.310 seconds
[2023-08-15T21:55:33.879+0300] {processor.py:157} INFO - Started process (PID=240843) to work on /mnt/kali/DataHunt/venv/lib/python3.11/site-packages/airflow/example_dags/plugins/event_listener.py
[2023-08-15T21:55:33.894+0300] {processor.py:826} INFO - Processing file /mnt/kali/DataHunt/venv/lib/python3.11/site-packages/airflow/example_dags/plugins/event_listener.py for tasks to queue
[2023-08-15T21:55:33.897+0300] {logging_mixin.py:150} INFO - [2023-08-15T21:55:33.896+0300] {dagbag.py:541} INFO - Filling up the DagBag from /mnt/kali/DataHunt/venv/lib/python3.11/site-packages/airflow/example_dags/plugins/event_listener.py
[2023-08-15T21:55:33.906+0300] {processor.py:838} WARNING - No viable dags retrieved from /mnt/kali/DataHunt/venv/lib/python3.11/site-packages/airflow/example_dags/plugins/event_listener.py
[2023-08-15T21:55:34.123+0300] {processor.py:179} INFO - Processing /mnt/kali/DataHunt/venv/lib/python3.11/site-packages/airflow/example_dags/plugins/event_listener.py took 0.285 seconds
[2023-08-15T21:56:05.377+0300] {processor.py:157} INFO - Started process (PID=241379) to work on /mnt/kali/DataHunt/venv/lib/python3.11/site-packages/airflow/example_dags/plugins/event_listener.py
[2023-08-15T21:56:05.404+0300] {processor.py:826} INFO - Processing file /mnt/kali/DataHunt/venv/lib/python3.11/site-packages/airflow/example_dags/plugins/event_listener.py for tasks to queue
[2023-08-15T21:56:05.408+0300] {logging_mixin.py:150} INFO - [2023-08-15T21:56:05.406+0300] {dagbag.py:541} INFO - Filling up the DagBag from /mnt/kali/DataHunt/venv/lib/python3.11/site-packages/airflow/example_dags/plugins/event_listener.py
[2023-08-15T21:56:05.416+0300] {processor.py:838} WARNING - No viable dags retrieved from /mnt/kali/DataHunt/venv/lib/python3.11/site-packages/airflow/example_dags/plugins/event_listener.py
[2023-08-15T21:56:05.549+0300] {processor.py:179} INFO - Processing /mnt/kali/DataHunt/venv/lib/python3.11/site-packages/airflow/example_dags/plugins/event_listener.py took 0.186 seconds
[2023-08-15T21:56:36.392+0300] {processor.py:157} INFO - Started process (PID=241905) to work on /mnt/kali/DataHunt/venv/lib/python3.11/site-packages/airflow/example_dags/plugins/event_listener.py
[2023-08-15T21:56:36.508+0300] {processor.py:826} INFO - Processing file /mnt/kali/DataHunt/venv/lib/python3.11/site-packages/airflow/example_dags/plugins/event_listener.py for tasks to queue
[2023-08-15T21:56:36.511+0300] {logging_mixin.py:150} INFO - [2023-08-15T21:56:36.510+0300] {dagbag.py:541} INFO - Filling up the DagBag from /mnt/kali/DataHunt/venv/lib/python3.11/site-packages/airflow/example_dags/plugins/event_listener.py
[2023-08-15T21:56:36.521+0300] {processor.py:838} WARNING - No viable dags retrieved from /mnt/kali/DataHunt/venv/lib/python3.11/site-packages/airflow/example_dags/plugins/event_listener.py
[2023-08-15T21:56:36.632+0300] {processor.py:179} INFO - Processing /mnt/kali/DataHunt/venv/lib/python3.11/site-packages/airflow/example_dags/plugins/event_listener.py took 0.254 seconds
[2023-08-15T21:57:07.003+0300] {processor.py:157} INFO - Started process (PID=242450) to work on /mnt/kali/DataHunt/venv/lib/python3.11/site-packages/airflow/example_dags/plugins/event_listener.py
[2023-08-15T21:57:07.011+0300] {processor.py:826} INFO - Processing file /mnt/kali/DataHunt/venv/lib/python3.11/site-packages/airflow/example_dags/plugins/event_listener.py for tasks to queue
[2023-08-15T21:57:07.013+0300] {logging_mixin.py:150} INFO - [2023-08-15T21:57:07.012+0300] {dagbag.py:541} INFO - Filling up the DagBag from /mnt/kali/DataHunt/venv/lib/python3.11/site-packages/airflow/example_dags/plugins/event_listener.py
[2023-08-15T21:57:07.038+0300] {processor.py:838} WARNING - No viable dags retrieved from /mnt/kali/DataHunt/venv/lib/python3.11/site-packages/airflow/example_dags/plugins/event_listener.py
[2023-08-15T21:57:07.266+0300] {processor.py:179} INFO - Processing /mnt/kali/DataHunt/venv/lib/python3.11/site-packages/airflow/example_dags/plugins/event_listener.py took 0.298 seconds
[2023-08-15T21:57:37.399+0300] {processor.py:157} INFO - Started process (PID=242914) to work on /mnt/kali/DataHunt/venv/lib/python3.11/site-packages/airflow/example_dags/plugins/event_listener.py
[2023-08-15T21:57:37.419+0300] {processor.py:826} INFO - Processing file /mnt/kali/DataHunt/venv/lib/python3.11/site-packages/airflow/example_dags/plugins/event_listener.py for tasks to queue
[2023-08-15T21:57:37.421+0300] {logging_mixin.py:150} INFO - [2023-08-15T21:57:37.420+0300] {dagbag.py:541} INFO - Filling up the DagBag from /mnt/kali/DataHunt/venv/lib/python3.11/site-packages/airflow/example_dags/plugins/event_listener.py
[2023-08-15T21:57:37.429+0300] {processor.py:838} WARNING - No viable dags retrieved from /mnt/kali/DataHunt/venv/lib/python3.11/site-packages/airflow/example_dags/plugins/event_listener.py
[2023-08-15T21:57:37.525+0300] {processor.py:179} INFO - Processing /mnt/kali/DataHunt/venv/lib/python3.11/site-packages/airflow/example_dags/plugins/event_listener.py took 0.138 seconds
