[2023-08-15T21:23:39.510+0300] {processor.py:157} INFO - Started process (PID=213167) to work on /mnt/kali/DataHunt/venv/lib/python3.11/site-packages/airflow/example_dags/plugins/listener_plugin.py
[2023-08-15T21:23:39.513+0300] {processor.py:826} INFO - Processing file /mnt/kali/DataHunt/venv/lib/python3.11/site-packages/airflow/example_dags/plugins/listener_plugin.py for tasks to queue
[2023-08-15T21:23:39.516+0300] {logging_mixin.py:150} INFO - [2023-08-15T21:23:39.515+0300] {dagbag.py:541} INFO - Filling up the DagBag from /mnt/kali/DataHunt/venv/lib/python3.11/site-packages/airflow/example_dags/plugins/listener_plugin.py
[2023-08-15T21:23:39.532+0300] {processor.py:838} WARNING - No viable dags retrieved from /mnt/kali/DataHunt/venv/lib/python3.11/site-packages/airflow/example_dags/plugins/listener_plugin.py
[2023-08-15T21:23:39.788+0300] {processor.py:179} INFO - Processing /mnt/kali/DataHunt/venv/lib/python3.11/site-packages/airflow/example_dags/plugins/listener_plugin.py took 0.291 seconds
[2023-08-15T21:26:49.643+0300] {processor.py:157} INFO - Started process (PID=215435) to work on /mnt/kali/DataHunt/venv/lib/python3.11/site-packages/airflow/example_dags/plugins/listener_plugin.py
[2023-08-15T21:26:49.658+0300] {processor.py:826} INFO - Processing file /mnt/kali/DataHunt/venv/lib/python3.11/site-packages/airflow/example_dags/plugins/listener_plugin.py for tasks to queue
[2023-08-15T21:26:49.661+0300] {logging_mixin.py:150} INFO - [2023-08-15T21:26:49.660+0300] {dagbag.py:541} INFO - Filling up the DagBag from /mnt/kali/DataHunt/venv/lib/python3.11/site-packages/airflow/example_dags/plugins/listener_plugin.py
[2023-08-15T21:26:49.677+0300] {processor.py:838} WARNING - No viable dags retrieved from /mnt/kali/DataHunt/venv/lib/python3.11/site-packages/airflow/example_dags/plugins/listener_plugin.py
[2023-08-15T21:26:49.804+0300] {processor.py:179} INFO - Processing /mnt/kali/DataHunt/venv/lib/python3.11/site-packages/airflow/example_dags/plugins/listener_plugin.py took 0.191 seconds
[2023-08-15T21:28:41.981+0300] {processor.py:157} INFO - Started process (PID=216738) to work on /mnt/kali/DataHunt/venv/lib/python3.11/site-packages/airflow/example_dags/plugins/listener_plugin.py
[2023-08-15T21:28:42.214+0300] {processor.py:826} INFO - Processing file /mnt/kali/DataHunt/venv/lib/python3.11/site-packages/airflow/example_dags/plugins/listener_plugin.py for tasks to queue
[2023-08-15T21:28:42.218+0300] {logging_mixin.py:150} INFO - [2023-08-15T21:28:42.216+0300] {dagbag.py:541} INFO - Filling up the DagBag from /mnt/kali/DataHunt/venv/lib/python3.11/site-packages/airflow/example_dags/plugins/listener_plugin.py
[2023-08-15T21:28:42.237+0300] {processor.py:838} WARNING - No viable dags retrieved from /mnt/kali/DataHunt/venv/lib/python3.11/site-packages/airflow/example_dags/plugins/listener_plugin.py
[2023-08-15T21:28:42.316+0300] {processor.py:179} INFO - Processing /mnt/kali/DataHunt/venv/lib/python3.11/site-packages/airflow/example_dags/plugins/listener_plugin.py took 0.406 seconds
[2023-08-15T21:30:03.665+0300] {processor.py:157} INFO - Started process (PID=217744) to work on /mnt/kali/DataHunt/venv/lib/python3.11/site-packages/airflow/example_dags/plugins/listener_plugin.py
[2023-08-15T21:30:03.715+0300] {processor.py:826} INFO - Processing file /mnt/kali/DataHunt/venv/lib/python3.11/site-packages/airflow/example_dags/plugins/listener_plugin.py for tasks to queue
[2023-08-15T21:30:03.718+0300] {logging_mixin.py:150} INFO - [2023-08-15T21:30:03.717+0300] {dagbag.py:541} INFO - Filling up the DagBag from /mnt/kali/DataHunt/venv/lib/python3.11/site-packages/airflow/example_dags/plugins/listener_plugin.py
[2023-08-15T21:30:03.761+0300] {processor.py:838} WARNING - No viable dags retrieved from /mnt/kali/DataHunt/venv/lib/python3.11/site-packages/airflow/example_dags/plugins/listener_plugin.py
[2023-08-15T21:30:03.889+0300] {processor.py:179} INFO - Processing /mnt/kali/DataHunt/venv/lib/python3.11/site-packages/airflow/example_dags/plugins/listener_plugin.py took 0.264 seconds
[2023-08-15T21:47:13.205+0300] {processor.py:157} INFO - Started process (PID=233532) to work on /mnt/kali/DataHunt/venv/lib/python3.11/site-packages/airflow/example_dags/plugins/listener_plugin.py
[2023-08-15T21:47:13.353+0300] {processor.py:826} INFO - Processing file /mnt/kali/DataHunt/venv/lib/python3.11/site-packages/airflow/example_dags/plugins/listener_plugin.py for tasks to queue
[2023-08-15T21:47:13.355+0300] {logging_mixin.py:150} INFO - [2023-08-15T21:47:13.354+0300] {dagbag.py:541} INFO - Filling up the DagBag from /mnt/kali/DataHunt/venv/lib/python3.11/site-packages/airflow/example_dags/plugins/listener_plugin.py
[2023-08-15T21:47:13.363+0300] {processor.py:838} WARNING - No viable dags retrieved from /mnt/kali/DataHunt/venv/lib/python3.11/site-packages/airflow/example_dags/plugins/listener_plugin.py
[2023-08-15T21:47:13.443+0300] {processor.py:179} INFO - Processing /mnt/kali/DataHunt/venv/lib/python3.11/site-packages/airflow/example_dags/plugins/listener_plugin.py took 0.254 seconds
[2023-08-15T21:47:48.085+0300] {processor.py:157} INFO - Started process (PID=233891) to work on /mnt/kali/DataHunt/venv/lib/python3.11/site-packages/airflow/example_dags/plugins/listener_plugin.py
[2023-08-15T21:47:48.087+0300] {processor.py:826} INFO - Processing file /mnt/kali/DataHunt/venv/lib/python3.11/site-packages/airflow/example_dags/plugins/listener_plugin.py for tasks to queue
[2023-08-15T21:47:48.089+0300] {logging_mixin.py:150} INFO - [2023-08-15T21:47:48.088+0300] {dagbag.py:541} INFO - Filling up the DagBag from /mnt/kali/DataHunt/venv/lib/python3.11/site-packages/airflow/example_dags/plugins/listener_plugin.py
[2023-08-15T21:47:48.101+0300] {processor.py:838} WARNING - No viable dags retrieved from /mnt/kali/DataHunt/venv/lib/python3.11/site-packages/airflow/example_dags/plugins/listener_plugin.py
[2023-08-15T21:47:48.267+0300] {processor.py:179} INFO - Processing /mnt/kali/DataHunt/venv/lib/python3.11/site-packages/airflow/example_dags/plugins/listener_plugin.py took 0.204 seconds
[2023-08-15T21:48:19.017+0300] {processor.py:157} INFO - Started process (PID=234293) to work on /mnt/kali/DataHunt/venv/lib/python3.11/site-packages/airflow/example_dags/plugins/listener_plugin.py
[2023-08-15T21:48:19.025+0300] {processor.py:826} INFO - Processing file /mnt/kali/DataHunt/venv/lib/python3.11/site-packages/airflow/example_dags/plugins/listener_plugin.py for tasks to queue
[2023-08-15T21:48:19.046+0300] {logging_mixin.py:150} INFO - [2023-08-15T21:48:19.027+0300] {dagbag.py:541} INFO - Filling up the DagBag from /mnt/kali/DataHunt/venv/lib/python3.11/site-packages/airflow/example_dags/plugins/listener_plugin.py
[2023-08-15T21:48:19.102+0300] {processor.py:838} WARNING - No viable dags retrieved from /mnt/kali/DataHunt/venv/lib/python3.11/site-packages/airflow/example_dags/plugins/listener_plugin.py
[2023-08-15T21:48:19.337+0300] {processor.py:179} INFO - Processing /mnt/kali/DataHunt/venv/lib/python3.11/site-packages/airflow/example_dags/plugins/listener_plugin.py took 0.368 seconds
[2023-08-15T21:48:50.339+0300] {processor.py:157} INFO - Started process (PID=234915) to work on /mnt/kali/DataHunt/venv/lib/python3.11/site-packages/airflow/example_dags/plugins/listener_plugin.py
[2023-08-15T21:48:50.349+0300] {processor.py:826} INFO - Processing file /mnt/kali/DataHunt/venv/lib/python3.11/site-packages/airflow/example_dags/plugins/listener_plugin.py for tasks to queue
[2023-08-15T21:48:50.352+0300] {logging_mixin.py:150} INFO - [2023-08-15T21:48:50.351+0300] {dagbag.py:541} INFO - Filling up the DagBag from /mnt/kali/DataHunt/venv/lib/python3.11/site-packages/airflow/example_dags/plugins/listener_plugin.py
[2023-08-15T21:48:50.368+0300] {processor.py:838} WARNING - No viable dags retrieved from /mnt/kali/DataHunt/venv/lib/python3.11/site-packages/airflow/example_dags/plugins/listener_plugin.py
[2023-08-15T21:48:50.562+0300] {processor.py:179} INFO - Processing /mnt/kali/DataHunt/venv/lib/python3.11/site-packages/airflow/example_dags/plugins/listener_plugin.py took 0.244 seconds
[2023-08-15T21:49:28.378+0300] {processor.py:157} INFO - Started process (PID=235548) to work on /mnt/kali/DataHunt/venv/lib/python3.11/site-packages/airflow/example_dags/plugins/listener_plugin.py
[2023-08-15T21:49:28.384+0300] {processor.py:826} INFO - Processing file /mnt/kali/DataHunt/venv/lib/python3.11/site-packages/airflow/example_dags/plugins/listener_plugin.py for tasks to queue
[2023-08-15T21:49:28.388+0300] {logging_mixin.py:150} INFO - [2023-08-15T21:49:28.386+0300] {dagbag.py:541} INFO - Filling up the DagBag from /mnt/kali/DataHunt/venv/lib/python3.11/site-packages/airflow/example_dags/plugins/listener_plugin.py
[2023-08-15T21:49:28.411+0300] {processor.py:838} WARNING - No viable dags retrieved from /mnt/kali/DataHunt/venv/lib/python3.11/site-packages/airflow/example_dags/plugins/listener_plugin.py
[2023-08-15T21:49:28.623+0300] {processor.py:179} INFO - Processing /mnt/kali/DataHunt/venv/lib/python3.11/site-packages/airflow/example_dags/plugins/listener_plugin.py took 0.260 seconds
[2023-08-15T21:49:58.934+0300] {processor.py:157} INFO - Started process (PID=235913) to work on /mnt/kali/DataHunt/venv/lib/python3.11/site-packages/airflow/example_dags/plugins/listener_plugin.py
[2023-08-15T21:49:59.091+0300] {processor.py:826} INFO - Processing file /mnt/kali/DataHunt/venv/lib/python3.11/site-packages/airflow/example_dags/plugins/listener_plugin.py for tasks to queue
[2023-08-15T21:49:59.094+0300] {logging_mixin.py:150} INFO - [2023-08-15T21:49:59.093+0300] {dagbag.py:541} INFO - Filling up the DagBag from /mnt/kali/DataHunt/venv/lib/python3.11/site-packages/airflow/example_dags/plugins/listener_plugin.py
[2023-08-15T21:49:59.105+0300] {processor.py:838} WARNING - No viable dags retrieved from /mnt/kali/DataHunt/venv/lib/python3.11/site-packages/airflow/example_dags/plugins/listener_plugin.py
[2023-08-15T21:49:59.215+0300] {processor.py:179} INFO - Processing /mnt/kali/DataHunt/venv/lib/python3.11/site-packages/airflow/example_dags/plugins/listener_plugin.py took 0.297 seconds
[2023-08-15T21:50:36.810+0300] {processor.py:157} INFO - Started process (PID=236350) to work on /mnt/kali/DataHunt/venv/lib/python3.11/site-packages/airflow/example_dags/plugins/listener_plugin.py
[2023-08-15T21:50:36.835+0300] {processor.py:826} INFO - Processing file /mnt/kali/DataHunt/venv/lib/python3.11/site-packages/airflow/example_dags/plugins/listener_plugin.py for tasks to queue
[2023-08-15T21:50:36.837+0300] {logging_mixin.py:150} INFO - [2023-08-15T21:50:36.836+0300] {dagbag.py:541} INFO - Filling up the DagBag from /mnt/kali/DataHunt/venv/lib/python3.11/site-packages/airflow/example_dags/plugins/listener_plugin.py
[2023-08-15T21:50:36.885+0300] {processor.py:838} WARNING - No viable dags retrieved from /mnt/kali/DataHunt/venv/lib/python3.11/site-packages/airflow/example_dags/plugins/listener_plugin.py
[2023-08-15T21:50:37.223+0300] {processor.py:179} INFO - Processing /mnt/kali/DataHunt/venv/lib/python3.11/site-packages/airflow/example_dags/plugins/listener_plugin.py took 0.479 seconds
[2023-08-15T21:51:08.016+0300] {processor.py:157} INFO - Started process (PID=236790) to work on /mnt/kali/DataHunt/venv/lib/python3.11/site-packages/airflow/example_dags/plugins/listener_plugin.py
[2023-08-15T21:51:08.046+0300] {processor.py:826} INFO - Processing file /mnt/kali/DataHunt/venv/lib/python3.11/site-packages/airflow/example_dags/plugins/listener_plugin.py for tasks to queue
[2023-08-15T21:51:08.048+0300] {logging_mixin.py:150} INFO - [2023-08-15T21:51:08.047+0300] {dagbag.py:541} INFO - Filling up the DagBag from /mnt/kali/DataHunt/venv/lib/python3.11/site-packages/airflow/example_dags/plugins/listener_plugin.py
[2023-08-15T21:51:08.056+0300] {processor.py:838} WARNING - No viable dags retrieved from /mnt/kali/DataHunt/venv/lib/python3.11/site-packages/airflow/example_dags/plugins/listener_plugin.py
[2023-08-15T21:51:08.165+0300] {processor.py:179} INFO - Processing /mnt/kali/DataHunt/venv/lib/python3.11/site-packages/airflow/example_dags/plugins/listener_plugin.py took 0.185 seconds
[2023-08-15T21:51:38.611+0300] {processor.py:157} INFO - Started process (PID=237332) to work on /mnt/kali/DataHunt/venv/lib/python3.11/site-packages/airflow/example_dags/plugins/listener_plugin.py
[2023-08-15T21:51:38.624+0300] {processor.py:826} INFO - Processing file /mnt/kali/DataHunt/venv/lib/python3.11/site-packages/airflow/example_dags/plugins/listener_plugin.py for tasks to queue
[2023-08-15T21:51:38.627+0300] {logging_mixin.py:150} INFO - [2023-08-15T21:51:38.626+0300] {dagbag.py:541} INFO - Filling up the DagBag from /mnt/kali/DataHunt/venv/lib/python3.11/site-packages/airflow/example_dags/plugins/listener_plugin.py
[2023-08-15T21:51:38.638+0300] {processor.py:838} WARNING - No viable dags retrieved from /mnt/kali/DataHunt/venv/lib/python3.11/site-packages/airflow/example_dags/plugins/listener_plugin.py
[2023-08-15T21:51:38.708+0300] {processor.py:179} INFO - Processing /mnt/kali/DataHunt/venv/lib/python3.11/site-packages/airflow/example_dags/plugins/listener_plugin.py took 0.114 seconds
[2023-08-15T21:52:09.569+0300] {processor.py:157} INFO - Started process (PID=237890) to work on /mnt/kali/DataHunt/venv/lib/python3.11/site-packages/airflow/example_dags/plugins/listener_plugin.py
[2023-08-15T21:52:09.584+0300] {processor.py:826} INFO - Processing file /mnt/kali/DataHunt/venv/lib/python3.11/site-packages/airflow/example_dags/plugins/listener_plugin.py for tasks to queue
[2023-08-15T21:52:09.587+0300] {logging_mixin.py:150} INFO - [2023-08-15T21:52:09.586+0300] {dagbag.py:541} INFO - Filling up the DagBag from /mnt/kali/DataHunt/venv/lib/python3.11/site-packages/airflow/example_dags/plugins/listener_plugin.py
[2023-08-15T21:52:09.597+0300] {processor.py:838} WARNING - No viable dags retrieved from /mnt/kali/DataHunt/venv/lib/python3.11/site-packages/airflow/example_dags/plugins/listener_plugin.py
[2023-08-15T21:52:09.686+0300] {processor.py:179} INFO - Processing /mnt/kali/DataHunt/venv/lib/python3.11/site-packages/airflow/example_dags/plugins/listener_plugin.py took 0.129 seconds
[2023-08-15T21:52:39.837+0300] {processor.py:157} INFO - Started process (PID=238279) to work on /mnt/kali/DataHunt/venv/lib/python3.11/site-packages/airflow/example_dags/plugins/listener_plugin.py
[2023-08-15T21:52:39.839+0300] {processor.py:826} INFO - Processing file /mnt/kali/DataHunt/venv/lib/python3.11/site-packages/airflow/example_dags/plugins/listener_plugin.py for tasks to queue
[2023-08-15T21:52:39.841+0300] {logging_mixin.py:150} INFO - [2023-08-15T21:52:39.840+0300] {dagbag.py:541} INFO - Filling up the DagBag from /mnt/kali/DataHunt/venv/lib/python3.11/site-packages/airflow/example_dags/plugins/listener_plugin.py
[2023-08-15T21:52:39.849+0300] {processor.py:838} WARNING - No viable dags retrieved from /mnt/kali/DataHunt/venv/lib/python3.11/site-packages/airflow/example_dags/plugins/listener_plugin.py
[2023-08-15T21:52:39.921+0300] {processor.py:179} INFO - Processing /mnt/kali/DataHunt/venv/lib/python3.11/site-packages/airflow/example_dags/plugins/listener_plugin.py took 0.095 seconds
[2023-08-15T21:53:10.718+0300] {processor.py:157} INFO - Started process (PID=238660) to work on /mnt/kali/DataHunt/venv/lib/python3.11/site-packages/airflow/example_dags/plugins/listener_plugin.py
[2023-08-15T21:53:10.740+0300] {processor.py:826} INFO - Processing file /mnt/kali/DataHunt/venv/lib/python3.11/site-packages/airflow/example_dags/plugins/listener_plugin.py for tasks to queue
[2023-08-15T21:53:10.743+0300] {logging_mixin.py:150} INFO - [2023-08-15T21:53:10.742+0300] {dagbag.py:541} INFO - Filling up the DagBag from /mnt/kali/DataHunt/venv/lib/python3.11/site-packages/airflow/example_dags/plugins/listener_plugin.py
[2023-08-15T21:53:10.750+0300] {processor.py:838} WARNING - No viable dags retrieved from /mnt/kali/DataHunt/venv/lib/python3.11/site-packages/airflow/example_dags/plugins/listener_plugin.py
[2023-08-15T21:53:10.826+0300] {processor.py:179} INFO - Processing /mnt/kali/DataHunt/venv/lib/python3.11/site-packages/airflow/example_dags/plugins/listener_plugin.py took 0.120 seconds
[2023-08-15T21:53:40.954+0300] {processor.py:157} INFO - Started process (PID=239224) to work on /mnt/kali/DataHunt/venv/lib/python3.11/site-packages/airflow/example_dags/plugins/listener_plugin.py
[2023-08-15T21:53:40.974+0300] {processor.py:826} INFO - Processing file /mnt/kali/DataHunt/venv/lib/python3.11/site-packages/airflow/example_dags/plugins/listener_plugin.py for tasks to queue
[2023-08-15T21:53:40.976+0300] {logging_mixin.py:150} INFO - [2023-08-15T21:53:40.975+0300] {dagbag.py:541} INFO - Filling up the DagBag from /mnt/kali/DataHunt/venv/lib/python3.11/site-packages/airflow/example_dags/plugins/listener_plugin.py
[2023-08-15T21:53:40.996+0300] {processor.py:838} WARNING - No viable dags retrieved from /mnt/kali/DataHunt/venv/lib/python3.11/site-packages/airflow/example_dags/plugins/listener_plugin.py
[2023-08-15T21:53:41.134+0300] {processor.py:179} INFO - Processing /mnt/kali/DataHunt/venv/lib/python3.11/site-packages/airflow/example_dags/plugins/listener_plugin.py took 0.210 seconds
[2023-08-15T21:54:11.565+0300] {processor.py:157} INFO - Started process (PID=239837) to work on /mnt/kali/DataHunt/venv/lib/python3.11/site-packages/airflow/example_dags/plugins/listener_plugin.py
[2023-08-15T21:54:11.583+0300] {processor.py:826} INFO - Processing file /mnt/kali/DataHunt/venv/lib/python3.11/site-packages/airflow/example_dags/plugins/listener_plugin.py for tasks to queue
[2023-08-15T21:54:11.586+0300] {logging_mixin.py:150} INFO - [2023-08-15T21:54:11.585+0300] {dagbag.py:541} INFO - Filling up the DagBag from /mnt/kali/DataHunt/venv/lib/python3.11/site-packages/airflow/example_dags/plugins/listener_plugin.py
[2023-08-15T21:54:11.594+0300] {processor.py:838} WARNING - No viable dags retrieved from /mnt/kali/DataHunt/venv/lib/python3.11/site-packages/airflow/example_dags/plugins/listener_plugin.py
[2023-08-15T21:54:11.671+0300] {processor.py:179} INFO - Processing /mnt/kali/DataHunt/venv/lib/python3.11/site-packages/airflow/example_dags/plugins/listener_plugin.py took 0.119 seconds
[2023-08-15T21:54:42.296+0300] {processor.py:157} INFO - Started process (PID=240216) to work on /mnt/kali/DataHunt/venv/lib/python3.11/site-packages/airflow/example_dags/plugins/listener_plugin.py
[2023-08-15T21:54:42.299+0300] {processor.py:826} INFO - Processing file /mnt/kali/DataHunt/venv/lib/python3.11/site-packages/airflow/example_dags/plugins/listener_plugin.py for tasks to queue
[2023-08-15T21:54:42.301+0300] {logging_mixin.py:150} INFO - [2023-08-15T21:54:42.300+0300] {dagbag.py:541} INFO - Filling up the DagBag from /mnt/kali/DataHunt/venv/lib/python3.11/site-packages/airflow/example_dags/plugins/listener_plugin.py
[2023-08-15T21:54:42.311+0300] {processor.py:838} WARNING - No viable dags retrieved from /mnt/kali/DataHunt/venv/lib/python3.11/site-packages/airflow/example_dags/plugins/listener_plugin.py
[2023-08-15T21:54:42.435+0300] {processor.py:179} INFO - Processing /mnt/kali/DataHunt/venv/lib/python3.11/site-packages/airflow/example_dags/plugins/listener_plugin.py took 0.152 seconds
[2023-08-15T21:55:13.092+0300] {processor.py:157} INFO - Started process (PID=240592) to work on /mnt/kali/DataHunt/venv/lib/python3.11/site-packages/airflow/example_dags/plugins/listener_plugin.py
[2023-08-15T21:55:13.095+0300] {processor.py:826} INFO - Processing file /mnt/kali/DataHunt/venv/lib/python3.11/site-packages/airflow/example_dags/plugins/listener_plugin.py for tasks to queue
[2023-08-15T21:55:13.098+0300] {logging_mixin.py:150} INFO - [2023-08-15T21:55:13.096+0300] {dagbag.py:541} INFO - Filling up the DagBag from /mnt/kali/DataHunt/venv/lib/python3.11/site-packages/airflow/example_dags/plugins/listener_plugin.py
[2023-08-15T21:55:13.108+0300] {processor.py:838} WARNING - No viable dags retrieved from /mnt/kali/DataHunt/venv/lib/python3.11/site-packages/airflow/example_dags/plugins/listener_plugin.py
[2023-08-15T21:55:13.241+0300] {processor.py:179} INFO - Processing /mnt/kali/DataHunt/venv/lib/python3.11/site-packages/airflow/example_dags/plugins/listener_plugin.py took 0.163 seconds
[2023-08-15T21:55:43.782+0300] {processor.py:157} INFO - Started process (PID=240978) to work on /mnt/kali/DataHunt/venv/lib/python3.11/site-packages/airflow/example_dags/plugins/listener_plugin.py
[2023-08-15T21:55:43.796+0300] {processor.py:826} INFO - Processing file /mnt/kali/DataHunt/venv/lib/python3.11/site-packages/airflow/example_dags/plugins/listener_plugin.py for tasks to queue
[2023-08-15T21:55:43.802+0300] {logging_mixin.py:150} INFO - [2023-08-15T21:55:43.798+0300] {dagbag.py:541} INFO - Filling up the DagBag from /mnt/kali/DataHunt/venv/lib/python3.11/site-packages/airflow/example_dags/plugins/listener_plugin.py
[2023-08-15T21:55:43.813+0300] {processor.py:838} WARNING - No viable dags retrieved from /mnt/kali/DataHunt/venv/lib/python3.11/site-packages/airflow/example_dags/plugins/listener_plugin.py
[2023-08-15T21:55:43.916+0300] {processor.py:179} INFO - Processing /mnt/kali/DataHunt/venv/lib/python3.11/site-packages/airflow/example_dags/plugins/listener_plugin.py took 0.155 seconds
[2023-08-15T21:56:14.597+0300] {processor.py:157} INFO - Started process (PID=241552) to work on /mnt/kali/DataHunt/venv/lib/python3.11/site-packages/airflow/example_dags/plugins/listener_plugin.py
[2023-08-15T21:56:14.614+0300] {processor.py:826} INFO - Processing file /mnt/kali/DataHunt/venv/lib/python3.11/site-packages/airflow/example_dags/plugins/listener_plugin.py for tasks to queue
[2023-08-15T21:56:14.617+0300] {logging_mixin.py:150} INFO - [2023-08-15T21:56:14.616+0300] {dagbag.py:541} INFO - Filling up the DagBag from /mnt/kali/DataHunt/venv/lib/python3.11/site-packages/airflow/example_dags/plugins/listener_plugin.py
[2023-08-15T21:56:14.629+0300] {processor.py:838} WARNING - No viable dags retrieved from /mnt/kali/DataHunt/venv/lib/python3.11/site-packages/airflow/example_dags/plugins/listener_plugin.py
[2023-08-15T21:56:14.744+0300] {processor.py:179} INFO - Processing /mnt/kali/DataHunt/venv/lib/python3.11/site-packages/airflow/example_dags/plugins/listener_plugin.py took 0.162 seconds
[2023-08-15T21:56:44.849+0300] {processor.py:157} INFO - Started process (PID=242167) to work on /mnt/kali/DataHunt/venv/lib/python3.11/site-packages/airflow/example_dags/plugins/listener_plugin.py
[2023-08-15T21:56:44.870+0300] {processor.py:826} INFO - Processing file /mnt/kali/DataHunt/venv/lib/python3.11/site-packages/airflow/example_dags/plugins/listener_plugin.py for tasks to queue
[2023-08-15T21:56:44.873+0300] {logging_mixin.py:150} INFO - [2023-08-15T21:56:44.871+0300] {dagbag.py:541} INFO - Filling up the DagBag from /mnt/kali/DataHunt/venv/lib/python3.11/site-packages/airflow/example_dags/plugins/listener_plugin.py
[2023-08-15T21:56:44.883+0300] {processor.py:838} WARNING - No viable dags retrieved from /mnt/kali/DataHunt/venv/lib/python3.11/site-packages/airflow/example_dags/plugins/listener_plugin.py
[2023-08-15T21:56:44.993+0300] {processor.py:179} INFO - Processing /mnt/kali/DataHunt/venv/lib/python3.11/site-packages/airflow/example_dags/plugins/listener_plugin.py took 0.158 seconds
[2023-08-15T21:57:15.935+0300] {processor.py:157} INFO - Started process (PID=242625) to work on /mnt/kali/DataHunt/venv/lib/python3.11/site-packages/airflow/example_dags/plugins/listener_plugin.py
[2023-08-15T21:57:15.948+0300] {processor.py:826} INFO - Processing file /mnt/kali/DataHunt/venv/lib/python3.11/site-packages/airflow/example_dags/plugins/listener_plugin.py for tasks to queue
[2023-08-15T21:57:15.953+0300] {logging_mixin.py:150} INFO - [2023-08-15T21:57:15.952+0300] {dagbag.py:541} INFO - Filling up the DagBag from /mnt/kali/DataHunt/venv/lib/python3.11/site-packages/airflow/example_dags/plugins/listener_plugin.py
[2023-08-15T21:57:16.003+0300] {processor.py:838} WARNING - No viable dags retrieved from /mnt/kali/DataHunt/venv/lib/python3.11/site-packages/airflow/example_dags/plugins/listener_plugin.py
[2023-08-15T21:57:16.198+0300] {processor.py:179} INFO - Processing /mnt/kali/DataHunt/venv/lib/python3.11/site-packages/airflow/example_dags/plugins/listener_plugin.py took 0.277 seconds
[2023-08-15T21:57:47.533+0300] {processor.py:157} INFO - Started process (PID=243083) to work on /mnt/kali/DataHunt/venv/lib/python3.11/site-packages/airflow/example_dags/plugins/listener_plugin.py
[2023-08-15T21:57:47.545+0300] {processor.py:826} INFO - Processing file /mnt/kali/DataHunt/venv/lib/python3.11/site-packages/airflow/example_dags/plugins/listener_plugin.py for tasks to queue
[2023-08-15T21:57:47.554+0300] {logging_mixin.py:150} INFO - [2023-08-15T21:57:47.547+0300] {dagbag.py:541} INFO - Filling up the DagBag from /mnt/kali/DataHunt/venv/lib/python3.11/site-packages/airflow/example_dags/plugins/listener_plugin.py
[2023-08-15T21:57:47.566+0300] {processor.py:838} WARNING - No viable dags retrieved from /mnt/kali/DataHunt/venv/lib/python3.11/site-packages/airflow/example_dags/plugins/listener_plugin.py
[2023-08-15T21:57:47.767+0300] {processor.py:179} INFO - Processing /mnt/kali/DataHunt/venv/lib/python3.11/site-packages/airflow/example_dags/plugins/listener_plugin.py took 0.253 seconds
