[2023-08-15T21:23:41.645+0300] {processor.py:157} INFO - Started process (PID=213188) to work on /mnt/kali/DataHunt/venv/lib/python3.11/site-packages/airflow/example_dags/plugins/workday.py
[2023-08-15T21:23:41.648+0300] {processor.py:826} INFO - Processing file /mnt/kali/DataHunt/venv/lib/python3.11/site-packages/airflow/example_dags/plugins/workday.py for tasks to queue
[2023-08-15T21:23:41.654+0300] {logging_mixin.py:150} INFO - [2023-08-15T21:23:41.651+0300] {dagbag.py:541} INFO - Filling up the DagBag from /mnt/kali/DataHunt/venv/lib/python3.11/site-packages/airflow/example_dags/plugins/workday.py
[2023-08-15T21:23:41.666+0300] {logging_mixin.py:150} INFO - [2023-08-15T21:23:41.666+0300] {workday.py:36} WARNING - Could not import pandas. Holidays will not be considered.
[2023-08-15T21:23:41.669+0300] {processor.py:838} WARNING - No viable dags retrieved from /mnt/kali/DataHunt/venv/lib/python3.11/site-packages/airflow/example_dags/plugins/workday.py
[2023-08-15T21:23:42.138+0300] {processor.py:179} INFO - Processing /mnt/kali/DataHunt/venv/lib/python3.11/site-packages/airflow/example_dags/plugins/workday.py took 0.508 seconds
[2023-08-15T21:26:51.709+0300] {processor.py:157} INFO - Started process (PID=215478) to work on /mnt/kali/DataHunt/venv/lib/python3.11/site-packages/airflow/example_dags/plugins/workday.py
[2023-08-15T21:26:51.759+0300] {processor.py:826} INFO - Processing file /mnt/kali/DataHunt/venv/lib/python3.11/site-packages/airflow/example_dags/plugins/workday.py for tasks to queue
[2023-08-15T21:26:51.762+0300] {logging_mixin.py:150} INFO - [2023-08-15T21:26:51.760+0300] {dagbag.py:541} INFO - Filling up the DagBag from /mnt/kali/DataHunt/venv/lib/python3.11/site-packages/airflow/example_dags/plugins/workday.py
[2023-08-15T21:26:51.897+0300] {logging_mixin.py:150} INFO - [2023-08-15T21:26:51.896+0300] {workday.py:36} WARNING - Could not import pandas. Holidays will not be considered.
[2023-08-15T21:26:51.906+0300] {processor.py:838} WARNING - No viable dags retrieved from /mnt/kali/DataHunt/venv/lib/python3.11/site-packages/airflow/example_dags/plugins/workday.py
[2023-08-15T21:26:52.603+0300] {processor.py:179} INFO - Processing /mnt/kali/DataHunt/venv/lib/python3.11/site-packages/airflow/example_dags/plugins/workday.py took 1.044 seconds
[2023-08-15T21:28:43.268+0300] {processor.py:157} INFO - Started process (PID=216758) to work on /mnt/kali/DataHunt/venv/lib/python3.11/site-packages/airflow/example_dags/plugins/workday.py
[2023-08-15T21:28:43.343+0300] {processor.py:826} INFO - Processing file /mnt/kali/DataHunt/venv/lib/python3.11/site-packages/airflow/example_dags/plugins/workday.py for tasks to queue
[2023-08-15T21:28:43.366+0300] {logging_mixin.py:150} INFO - [2023-08-15T21:28:43.344+0300] {dagbag.py:541} INFO - Filling up the DagBag from /mnt/kali/DataHunt/venv/lib/python3.11/site-packages/airflow/example_dags/plugins/workday.py
[2023-08-15T21:28:43.404+0300] {logging_mixin.py:150} INFO - [2023-08-15T21:28:43.403+0300] {workday.py:36} WARNING - Could not import pandas. Holidays will not be considered.
[2023-08-15T21:28:43.405+0300] {processor.py:838} WARNING - No viable dags retrieved from /mnt/kali/DataHunt/venv/lib/python3.11/site-packages/airflow/example_dags/plugins/workday.py
[2023-08-15T21:28:43.514+0300] {processor.py:179} INFO - Processing /mnt/kali/DataHunt/venv/lib/python3.11/site-packages/airflow/example_dags/plugins/workday.py took 0.323 seconds
[2023-08-15T21:30:05.271+0300] {processor.py:157} INFO - Started process (PID=217753) to work on /mnt/kali/DataHunt/venv/lib/python3.11/site-packages/airflow/example_dags/plugins/workday.py
[2023-08-15T21:30:05.282+0300] {processor.py:826} INFO - Processing file /mnt/kali/DataHunt/venv/lib/python3.11/site-packages/airflow/example_dags/plugins/workday.py for tasks to queue
[2023-08-15T21:30:05.286+0300] {logging_mixin.py:150} INFO - [2023-08-15T21:30:05.283+0300] {dagbag.py:541} INFO - Filling up the DagBag from /mnt/kali/DataHunt/venv/lib/python3.11/site-packages/airflow/example_dags/plugins/workday.py
[2023-08-15T21:30:05.306+0300] {logging_mixin.py:150} INFO - [2023-08-15T21:30:05.305+0300] {workday.py:36} WARNING - Could not import pandas. Holidays will not be considered.
[2023-08-15T21:30:05.309+0300] {processor.py:838} WARNING - No viable dags retrieved from /mnt/kali/DataHunt/venv/lib/python3.11/site-packages/airflow/example_dags/plugins/workday.py
[2023-08-15T21:30:05.383+0300] {processor.py:179} INFO - Processing /mnt/kali/DataHunt/venv/lib/python3.11/site-packages/airflow/example_dags/plugins/workday.py took 0.127 seconds
[2023-08-15T21:47:13.505+0300] {processor.py:157} INFO - Started process (PID=233534) to work on /mnt/kali/DataHunt/venv/lib/python3.11/site-packages/airflow/example_dags/plugins/workday.py
[2023-08-15T21:47:13.655+0300] {processor.py:826} INFO - Processing file /mnt/kali/DataHunt/venv/lib/python3.11/site-packages/airflow/example_dags/plugins/workday.py for tasks to queue
[2023-08-15T21:47:13.657+0300] {logging_mixin.py:150} INFO - [2023-08-15T21:47:13.656+0300] {dagbag.py:541} INFO - Filling up the DagBag from /mnt/kali/DataHunt/venv/lib/python3.11/site-packages/airflow/example_dags/plugins/workday.py
[2023-08-15T21:47:13.664+0300] {logging_mixin.py:150} INFO - [2023-08-15T21:47:13.663+0300] {workday.py:36} WARNING - Could not import pandas. Holidays will not be considered.
[2023-08-15T21:47:13.664+0300] {processor.py:838} WARNING - No viable dags retrieved from /mnt/kali/DataHunt/venv/lib/python3.11/site-packages/airflow/example_dags/plugins/workday.py
[2023-08-15T21:47:13.819+0300] {processor.py:179} INFO - Processing /mnt/kali/DataHunt/venv/lib/python3.11/site-packages/airflow/example_dags/plugins/workday.py took 0.325 seconds
[2023-08-15T21:47:48.222+0300] {processor.py:157} INFO - Started process (PID=233893) to work on /mnt/kali/DataHunt/venv/lib/python3.11/site-packages/airflow/example_dags/plugins/workday.py
[2023-08-15T21:47:48.244+0300] {processor.py:826} INFO - Processing file /mnt/kali/DataHunt/venv/lib/python3.11/site-packages/airflow/example_dags/plugins/workday.py for tasks to queue
[2023-08-15T21:47:48.247+0300] {logging_mixin.py:150} INFO - [2023-08-15T21:47:48.246+0300] {dagbag.py:541} INFO - Filling up the DagBag from /mnt/kali/DataHunt/venv/lib/python3.11/site-packages/airflow/example_dags/plugins/workday.py
[2023-08-15T21:47:48.261+0300] {logging_mixin.py:150} INFO - [2023-08-15T21:47:48.258+0300] {workday.py:36} WARNING - Could not import pandas. Holidays will not be considered.
[2023-08-15T21:47:48.262+0300] {processor.py:838} WARNING - No viable dags retrieved from /mnt/kali/DataHunt/venv/lib/python3.11/site-packages/airflow/example_dags/plugins/workday.py
[2023-08-15T21:47:48.410+0300] {processor.py:179} INFO - Processing /mnt/kali/DataHunt/venv/lib/python3.11/site-packages/airflow/example_dags/plugins/workday.py took 0.204 seconds
[2023-08-15T21:48:19.228+0300] {processor.py:157} INFO - Started process (PID=234295) to work on /mnt/kali/DataHunt/venv/lib/python3.11/site-packages/airflow/example_dags/plugins/workday.py
[2023-08-15T21:48:19.241+0300] {processor.py:826} INFO - Processing file /mnt/kali/DataHunt/venv/lib/python3.11/site-packages/airflow/example_dags/plugins/workday.py for tasks to queue
[2023-08-15T21:48:19.244+0300] {logging_mixin.py:150} INFO - [2023-08-15T21:48:19.243+0300] {dagbag.py:541} INFO - Filling up the DagBag from /mnt/kali/DataHunt/venv/lib/python3.11/site-packages/airflow/example_dags/plugins/workday.py
[2023-08-15T21:48:19.264+0300] {logging_mixin.py:150} INFO - [2023-08-15T21:48:19.263+0300] {workday.py:36} WARNING - Could not import pandas. Holidays will not be considered.
[2023-08-15T21:48:19.266+0300] {processor.py:838} WARNING - No viable dags retrieved from /mnt/kali/DataHunt/venv/lib/python3.11/site-packages/airflow/example_dags/plugins/workday.py
[2023-08-15T21:48:19.480+0300] {processor.py:179} INFO - Processing /mnt/kali/DataHunt/venv/lib/python3.11/site-packages/airflow/example_dags/plugins/workday.py took 0.303 seconds
[2023-08-15T21:48:50.417+0300] {processor.py:157} INFO - Started process (PID=234916) to work on /mnt/kali/DataHunt/venv/lib/python3.11/site-packages/airflow/example_dags/plugins/workday.py
[2023-08-15T21:48:50.433+0300] {processor.py:826} INFO - Processing file /mnt/kali/DataHunt/venv/lib/python3.11/site-packages/airflow/example_dags/plugins/workday.py for tasks to queue
[2023-08-15T21:48:50.436+0300] {logging_mixin.py:150} INFO - [2023-08-15T21:48:50.435+0300] {dagbag.py:541} INFO - Filling up the DagBag from /mnt/kali/DataHunt/venv/lib/python3.11/site-packages/airflow/example_dags/plugins/workday.py
[2023-08-15T21:48:50.456+0300] {logging_mixin.py:150} INFO - [2023-08-15T21:48:50.446+0300] {workday.py:36} WARNING - Could not import pandas. Holidays will not be considered.
[2023-08-15T21:48:50.457+0300] {processor.py:838} WARNING - No viable dags retrieved from /mnt/kali/DataHunt/venv/lib/python3.11/site-packages/airflow/example_dags/plugins/workday.py
[2023-08-15T21:48:50.622+0300] {processor.py:179} INFO - Processing /mnt/kali/DataHunt/venv/lib/python3.11/site-packages/airflow/example_dags/plugins/workday.py took 0.245 seconds
[2023-08-15T21:49:28.835+0300] {processor.py:157} INFO - Started process (PID=235580) to work on /mnt/kali/DataHunt/venv/lib/python3.11/site-packages/airflow/example_dags/plugins/workday.py
[2023-08-15T21:49:28.851+0300] {processor.py:826} INFO - Processing file /mnt/kali/DataHunt/venv/lib/python3.11/site-packages/airflow/example_dags/plugins/workday.py for tasks to queue
[2023-08-15T21:49:28.854+0300] {logging_mixin.py:150} INFO - [2023-08-15T21:49:28.853+0300] {dagbag.py:541} INFO - Filling up the DagBag from /mnt/kali/DataHunt/venv/lib/python3.11/site-packages/airflow/example_dags/plugins/workday.py
[2023-08-15T21:49:28.877+0300] {logging_mixin.py:150} INFO - [2023-08-15T21:49:28.876+0300] {workday.py:36} WARNING - Could not import pandas. Holidays will not be considered.
[2023-08-15T21:49:28.886+0300] {processor.py:838} WARNING - No viable dags retrieved from /mnt/kali/DataHunt/venv/lib/python3.11/site-packages/airflow/example_dags/plugins/workday.py
[2023-08-15T21:49:29.075+0300] {processor.py:179} INFO - Processing /mnt/kali/DataHunt/venv/lib/python3.11/site-packages/airflow/example_dags/plugins/workday.py took 0.261 seconds
[2023-08-15T21:49:59.637+0300] {processor.py:157} INFO - Started process (PID=235919) to work on /mnt/kali/DataHunt/venv/lib/python3.11/site-packages/airflow/example_dags/plugins/workday.py
[2023-08-15T21:49:59.641+0300] {processor.py:826} INFO - Processing file /mnt/kali/DataHunt/venv/lib/python3.11/site-packages/airflow/example_dags/plugins/workday.py for tasks to queue
[2023-08-15T21:49:59.643+0300] {logging_mixin.py:150} INFO - [2023-08-15T21:49:59.642+0300] {dagbag.py:541} INFO - Filling up the DagBag from /mnt/kali/DataHunt/venv/lib/python3.11/site-packages/airflow/example_dags/plugins/workday.py
[2023-08-15T21:49:59.655+0300] {logging_mixin.py:150} INFO - [2023-08-15T21:49:59.655+0300] {workday.py:36} WARNING - Could not import pandas. Holidays will not be considered.
[2023-08-15T21:49:59.657+0300] {processor.py:838} WARNING - No viable dags retrieved from /mnt/kali/DataHunt/venv/lib/python3.11/site-packages/airflow/example_dags/plugins/workday.py
[2023-08-15T21:49:59.749+0300] {processor.py:179} INFO - Processing /mnt/kali/DataHunt/venv/lib/python3.11/site-packages/airflow/example_dags/plugins/workday.py took 0.128 seconds
[2023-08-15T21:50:37.516+0300] {processor.py:157} INFO - Started process (PID=236370) to work on /mnt/kali/DataHunt/venv/lib/python3.11/site-packages/airflow/example_dags/plugins/workday.py
[2023-08-15T21:50:37.597+0300] {processor.py:826} INFO - Processing file /mnt/kali/DataHunt/venv/lib/python3.11/site-packages/airflow/example_dags/plugins/workday.py for tasks to queue
[2023-08-15T21:50:37.600+0300] {logging_mixin.py:150} INFO - [2023-08-15T21:50:37.599+0300] {dagbag.py:541} INFO - Filling up the DagBag from /mnt/kali/DataHunt/venv/lib/python3.11/site-packages/airflow/example_dags/plugins/workday.py
[2023-08-15T21:50:37.609+0300] {logging_mixin.py:150} INFO - [2023-08-15T21:50:37.608+0300] {workday.py:36} WARNING - Could not import pandas. Holidays will not be considered.
[2023-08-15T21:50:37.611+0300] {processor.py:838} WARNING - No viable dags retrieved from /mnt/kali/DataHunt/venv/lib/python3.11/site-packages/airflow/example_dags/plugins/workday.py
[2023-08-15T21:50:37.747+0300] {processor.py:179} INFO - Processing /mnt/kali/DataHunt/venv/lib/python3.11/site-packages/airflow/example_dags/plugins/workday.py took 0.246 seconds
[2023-08-15T21:51:08.032+0300] {processor.py:157} INFO - Started process (PID=236791) to work on /mnt/kali/DataHunt/venv/lib/python3.11/site-packages/airflow/example_dags/plugins/workday.py
[2023-08-15T21:51:08.039+0300] {processor.py:826} INFO - Processing file /mnt/kali/DataHunt/venv/lib/python3.11/site-packages/airflow/example_dags/plugins/workday.py for tasks to queue
[2023-08-15T21:51:08.041+0300] {logging_mixin.py:150} INFO - [2023-08-15T21:51:08.040+0300] {dagbag.py:541} INFO - Filling up the DagBag from /mnt/kali/DataHunt/venv/lib/python3.11/site-packages/airflow/example_dags/plugins/workday.py
[2023-08-15T21:51:08.063+0300] {logging_mixin.py:150} INFO - [2023-08-15T21:51:08.062+0300] {workday.py:36} WARNING - Could not import pandas. Holidays will not be considered.
[2023-08-15T21:51:08.064+0300] {processor.py:838} WARNING - No viable dags retrieved from /mnt/kali/DataHunt/venv/lib/python3.11/site-packages/airflow/example_dags/plugins/workday.py
[2023-08-15T21:51:08.159+0300] {processor.py:179} INFO - Processing /mnt/kali/DataHunt/venv/lib/python3.11/site-packages/airflow/example_dags/plugins/workday.py took 0.138 seconds
[2023-08-15T21:51:38.642+0300] {processor.py:157} INFO - Started process (PID=237333) to work on /mnt/kali/DataHunt/venv/lib/python3.11/site-packages/airflow/example_dags/plugins/workday.py
[2023-08-15T21:51:38.654+0300] {processor.py:826} INFO - Processing file /mnt/kali/DataHunt/venv/lib/python3.11/site-packages/airflow/example_dags/plugins/workday.py for tasks to queue
[2023-08-15T21:51:38.656+0300] {logging_mixin.py:150} INFO - [2023-08-15T21:51:38.655+0300] {dagbag.py:541} INFO - Filling up the DagBag from /mnt/kali/DataHunt/venv/lib/python3.11/site-packages/airflow/example_dags/plugins/workday.py
[2023-08-15T21:51:38.664+0300] {logging_mixin.py:150} INFO - [2023-08-15T21:51:38.663+0300] {workday.py:36} WARNING - Could not import pandas. Holidays will not be considered.
[2023-08-15T21:51:38.665+0300] {processor.py:838} WARNING - No viable dags retrieved from /mnt/kali/DataHunt/venv/lib/python3.11/site-packages/airflow/example_dags/plugins/workday.py
[2023-08-15T21:51:38.729+0300] {processor.py:179} INFO - Processing /mnt/kali/DataHunt/venv/lib/python3.11/site-packages/airflow/example_dags/plugins/workday.py took 0.102 seconds
[2023-08-15T21:52:09.600+0300] {processor.py:157} INFO - Started process (PID=237891) to work on /mnt/kali/DataHunt/venv/lib/python3.11/site-packages/airflow/example_dags/plugins/workday.py
[2023-08-15T21:52:09.603+0300] {processor.py:826} INFO - Processing file /mnt/kali/DataHunt/venv/lib/python3.11/site-packages/airflow/example_dags/plugins/workday.py for tasks to queue
[2023-08-15T21:52:09.605+0300] {logging_mixin.py:150} INFO - [2023-08-15T21:52:09.604+0300] {dagbag.py:541} INFO - Filling up the DagBag from /mnt/kali/DataHunt/venv/lib/python3.11/site-packages/airflow/example_dags/plugins/workday.py
[2023-08-15T21:52:09.616+0300] {logging_mixin.py:150} INFO - [2023-08-15T21:52:09.616+0300] {workday.py:36} WARNING - Could not import pandas. Holidays will not be considered.
[2023-08-15T21:52:09.620+0300] {processor.py:838} WARNING - No viable dags retrieved from /mnt/kali/DataHunt/venv/lib/python3.11/site-packages/airflow/example_dags/plugins/workday.py
[2023-08-15T21:52:09.699+0300] {processor.py:179} INFO - Processing /mnt/kali/DataHunt/venv/lib/python3.11/site-packages/airflow/example_dags/plugins/workday.py took 0.114 seconds
[2023-08-15T21:52:39.861+0300] {processor.py:157} INFO - Started process (PID=238280) to work on /mnt/kali/DataHunt/venv/lib/python3.11/site-packages/airflow/example_dags/plugins/workday.py
[2023-08-15T21:52:39.864+0300] {processor.py:826} INFO - Processing file /mnt/kali/DataHunt/venv/lib/python3.11/site-packages/airflow/example_dags/plugins/workday.py for tasks to queue
[2023-08-15T21:52:39.866+0300] {logging_mixin.py:150} INFO - [2023-08-15T21:52:39.865+0300] {dagbag.py:541} INFO - Filling up the DagBag from /mnt/kali/DataHunt/venv/lib/python3.11/site-packages/airflow/example_dags/plugins/workday.py
[2023-08-15T21:52:39.874+0300] {logging_mixin.py:150} INFO - [2023-08-15T21:52:39.874+0300] {workday.py:36} WARNING - Could not import pandas. Holidays will not be considered.
[2023-08-15T21:52:39.875+0300] {processor.py:838} WARNING - No viable dags retrieved from /mnt/kali/DataHunt/venv/lib/python3.11/site-packages/airflow/example_dags/plugins/workday.py
[2023-08-15T21:52:39.952+0300] {processor.py:179} INFO - Processing /mnt/kali/DataHunt/venv/lib/python3.11/site-packages/airflow/example_dags/plugins/workday.py took 0.103 seconds
[2023-08-15T21:53:10.747+0300] {processor.py:157} INFO - Started process (PID=238661) to work on /mnt/kali/DataHunt/venv/lib/python3.11/site-packages/airflow/example_dags/plugins/workday.py
[2023-08-15T21:53:10.761+0300] {processor.py:826} INFO - Processing file /mnt/kali/DataHunt/venv/lib/python3.11/site-packages/airflow/example_dags/plugins/workday.py for tasks to queue
[2023-08-15T21:53:10.764+0300] {logging_mixin.py:150} INFO - [2023-08-15T21:53:10.763+0300] {dagbag.py:541} INFO - Filling up the DagBag from /mnt/kali/DataHunt/venv/lib/python3.11/site-packages/airflow/example_dags/plugins/workday.py
[2023-08-15T21:53:10.774+0300] {logging_mixin.py:150} INFO - [2023-08-15T21:53:10.773+0300] {workday.py:36} WARNING - Could not import pandas. Holidays will not be considered.
[2023-08-15T21:53:10.775+0300] {processor.py:838} WARNING - No viable dags retrieved from /mnt/kali/DataHunt/venv/lib/python3.11/site-packages/airflow/example_dags/plugins/workday.py
[2023-08-15T21:53:10.843+0300] {processor.py:179} INFO - Processing /mnt/kali/DataHunt/venv/lib/python3.11/site-packages/airflow/example_dags/plugins/workday.py took 0.110 seconds
[2023-08-15T21:53:41.004+0300] {processor.py:157} INFO - Started process (PID=239225) to work on /mnt/kali/DataHunt/venv/lib/python3.11/site-packages/airflow/example_dags/plugins/workday.py
[2023-08-15T21:53:41.017+0300] {processor.py:826} INFO - Processing file /mnt/kali/DataHunt/venv/lib/python3.11/site-packages/airflow/example_dags/plugins/workday.py for tasks to queue
[2023-08-15T21:53:41.021+0300] {logging_mixin.py:150} INFO - [2023-08-15T21:53:41.019+0300] {dagbag.py:541} INFO - Filling up the DagBag from /mnt/kali/DataHunt/venv/lib/python3.11/site-packages/airflow/example_dags/plugins/workday.py
[2023-08-15T21:53:41.034+0300] {logging_mixin.py:150} INFO - [2023-08-15T21:53:41.033+0300] {workday.py:36} WARNING - Could not import pandas. Holidays will not be considered.
[2023-08-15T21:53:41.035+0300] {processor.py:838} WARNING - No viable dags retrieved from /mnt/kali/DataHunt/venv/lib/python3.11/site-packages/airflow/example_dags/plugins/workday.py
[2023-08-15T21:53:41.155+0300] {processor.py:179} INFO - Processing /mnt/kali/DataHunt/venv/lib/python3.11/site-packages/airflow/example_dags/plugins/workday.py took 0.189 seconds
[2023-08-15T21:54:11.589+0300] {processor.py:157} INFO - Started process (PID=239838) to work on /mnt/kali/DataHunt/venv/lib/python3.11/site-packages/airflow/example_dags/plugins/workday.py
[2023-08-15T21:54:11.606+0300] {processor.py:826} INFO - Processing file /mnt/kali/DataHunt/venv/lib/python3.11/site-packages/airflow/example_dags/plugins/workday.py for tasks to queue
[2023-08-15T21:54:11.608+0300] {logging_mixin.py:150} INFO - [2023-08-15T21:54:11.607+0300] {dagbag.py:541} INFO - Filling up the DagBag from /mnt/kali/DataHunt/venv/lib/python3.11/site-packages/airflow/example_dags/plugins/workday.py
[2023-08-15T21:54:11.617+0300] {logging_mixin.py:150} INFO - [2023-08-15T21:54:11.616+0300] {workday.py:36} WARNING - Could not import pandas. Holidays will not be considered.
[2023-08-15T21:54:11.618+0300] {processor.py:838} WARNING - No viable dags retrieved from /mnt/kali/DataHunt/venv/lib/python3.11/site-packages/airflow/example_dags/plugins/workday.py
[2023-08-15T21:54:11.694+0300] {processor.py:179} INFO - Processing /mnt/kali/DataHunt/venv/lib/python3.11/site-packages/airflow/example_dags/plugins/workday.py took 0.115 seconds
[2023-08-15T21:54:42.416+0300] {processor.py:157} INFO - Started process (PID=240218) to work on /mnt/kali/DataHunt/venv/lib/python3.11/site-packages/airflow/example_dags/plugins/workday.py
[2023-08-15T21:54:42.434+0300] {processor.py:826} INFO - Processing file /mnt/kali/DataHunt/venv/lib/python3.11/site-packages/airflow/example_dags/plugins/workday.py for tasks to queue
[2023-08-15T21:54:42.437+0300] {logging_mixin.py:150} INFO - [2023-08-15T21:54:42.436+0300] {dagbag.py:541} INFO - Filling up the DagBag from /mnt/kali/DataHunt/venv/lib/python3.11/site-packages/airflow/example_dags/plugins/workday.py
[2023-08-15T21:54:42.479+0300] {logging_mixin.py:150} INFO - [2023-08-15T21:54:42.478+0300] {workday.py:36} WARNING - Could not import pandas. Holidays will not be considered.
[2023-08-15T21:54:42.480+0300] {processor.py:838} WARNING - No viable dags retrieved from /mnt/kali/DataHunt/venv/lib/python3.11/site-packages/airflow/example_dags/plugins/workday.py
[2023-08-15T21:54:42.716+0300] {processor.py:179} INFO - Processing /mnt/kali/DataHunt/venv/lib/python3.11/site-packages/airflow/example_dags/plugins/workday.py took 0.329 seconds
[2023-08-15T21:55:13.124+0300] {processor.py:157} INFO - Started process (PID=240594) to work on /mnt/kali/DataHunt/venv/lib/python3.11/site-packages/airflow/example_dags/plugins/workday.py
[2023-08-15T21:55:13.138+0300] {processor.py:826} INFO - Processing file /mnt/kali/DataHunt/venv/lib/python3.11/site-packages/airflow/example_dags/plugins/workday.py for tasks to queue
[2023-08-15T21:55:13.141+0300] {logging_mixin.py:150} INFO - [2023-08-15T21:55:13.140+0300] {dagbag.py:541} INFO - Filling up the DagBag from /mnt/kali/DataHunt/venv/lib/python3.11/site-packages/airflow/example_dags/plugins/workday.py
[2023-08-15T21:55:13.193+0300] {logging_mixin.py:150} INFO - [2023-08-15T21:55:13.193+0300] {workday.py:36} WARNING - Could not import pandas. Holidays will not be considered.
[2023-08-15T21:55:13.204+0300] {processor.py:838} WARNING - No viable dags retrieved from /mnt/kali/DataHunt/venv/lib/python3.11/site-packages/airflow/example_dags/plugins/workday.py
[2023-08-15T21:55:13.352+0300] {processor.py:179} INFO - Processing /mnt/kali/DataHunt/venv/lib/python3.11/site-packages/airflow/example_dags/plugins/workday.py took 0.241 seconds
[2023-08-15T21:55:43.855+0300] {processor.py:157} INFO - Started process (PID=240979) to work on /mnt/kali/DataHunt/venv/lib/python3.11/site-packages/airflow/example_dags/plugins/workday.py
[2023-08-15T21:55:43.869+0300] {processor.py:826} INFO - Processing file /mnt/kali/DataHunt/venv/lib/python3.11/site-packages/airflow/example_dags/plugins/workday.py for tasks to queue
[2023-08-15T21:55:43.872+0300] {logging_mixin.py:150} INFO - [2023-08-15T21:55:43.870+0300] {dagbag.py:541} INFO - Filling up the DagBag from /mnt/kali/DataHunt/venv/lib/python3.11/site-packages/airflow/example_dags/plugins/workday.py
[2023-08-15T21:55:43.882+0300] {logging_mixin.py:150} INFO - [2023-08-15T21:55:43.881+0300] {workday.py:36} WARNING - Could not import pandas. Holidays will not be considered.
[2023-08-15T21:55:43.884+0300] {processor.py:838} WARNING - No viable dags retrieved from /mnt/kali/DataHunt/venv/lib/python3.11/site-packages/airflow/example_dags/plugins/workday.py
[2023-08-15T21:55:43.984+0300] {processor.py:179} INFO - Processing /mnt/kali/DataHunt/venv/lib/python3.11/site-packages/airflow/example_dags/plugins/workday.py took 0.153 seconds
[2023-08-15T21:56:14.627+0300] {processor.py:157} INFO - Started process (PID=241553) to work on /mnt/kali/DataHunt/venv/lib/python3.11/site-packages/airflow/example_dags/plugins/workday.py
[2023-08-15T21:56:14.636+0300] {processor.py:826} INFO - Processing file /mnt/kali/DataHunt/venv/lib/python3.11/site-packages/airflow/example_dags/plugins/workday.py for tasks to queue
[2023-08-15T21:56:14.639+0300] {logging_mixin.py:150} INFO - [2023-08-15T21:56:14.638+0300] {dagbag.py:541} INFO - Filling up the DagBag from /mnt/kali/DataHunt/venv/lib/python3.11/site-packages/airflow/example_dags/plugins/workday.py
[2023-08-15T21:56:14.695+0300] {logging_mixin.py:150} INFO - [2023-08-15T21:56:14.694+0300] {workday.py:36} WARNING - Could not import pandas. Holidays will not be considered.
[2023-08-15T21:56:14.696+0300] {processor.py:838} WARNING - No viable dags retrieved from /mnt/kali/DataHunt/venv/lib/python3.11/site-packages/airflow/example_dags/plugins/workday.py
[2023-08-15T21:56:14.824+0300] {processor.py:179} INFO - Processing /mnt/kali/DataHunt/venv/lib/python3.11/site-packages/airflow/example_dags/plugins/workday.py took 0.212 seconds
[2023-08-15T21:56:45.095+0300] {processor.py:157} INFO - Started process (PID=242169) to work on /mnt/kali/DataHunt/venv/lib/python3.11/site-packages/airflow/example_dags/plugins/workday.py
[2023-08-15T21:56:45.109+0300] {processor.py:826} INFO - Processing file /mnt/kali/DataHunt/venv/lib/python3.11/site-packages/airflow/example_dags/plugins/workday.py for tasks to queue
[2023-08-15T21:56:45.112+0300] {logging_mixin.py:150} INFO - [2023-08-15T21:56:45.111+0300] {dagbag.py:541} INFO - Filling up the DagBag from /mnt/kali/DataHunt/venv/lib/python3.11/site-packages/airflow/example_dags/plugins/workday.py
[2023-08-15T21:56:45.123+0300] {logging_mixin.py:150} INFO - [2023-08-15T21:56:45.122+0300] {workday.py:36} WARNING - Could not import pandas. Holidays will not be considered.
[2023-08-15T21:56:45.124+0300] {processor.py:838} WARNING - No viable dags retrieved from /mnt/kali/DataHunt/venv/lib/python3.11/site-packages/airflow/example_dags/plugins/workday.py
[2023-08-15T21:56:45.234+0300] {processor.py:179} INFO - Processing /mnt/kali/DataHunt/venv/lib/python3.11/site-packages/airflow/example_dags/plugins/workday.py took 0.160 seconds
[2023-08-15T21:57:16.315+0300] {processor.py:157} INFO - Started process (PID=242628) to work on /mnt/kali/DataHunt/venv/lib/python3.11/site-packages/airflow/example_dags/plugins/workday.py
[2023-08-15T21:57:16.333+0300] {processor.py:826} INFO - Processing file /mnt/kali/DataHunt/venv/lib/python3.11/site-packages/airflow/example_dags/plugins/workday.py for tasks to queue
[2023-08-15T21:57:16.337+0300] {logging_mixin.py:150} INFO - [2023-08-15T21:57:16.335+0300] {dagbag.py:541} INFO - Filling up the DagBag from /mnt/kali/DataHunt/venv/lib/python3.11/site-packages/airflow/example_dags/plugins/workday.py
[2023-08-15T21:57:16.368+0300] {logging_mixin.py:150} INFO - [2023-08-15T21:57:16.368+0300] {workday.py:36} WARNING - Could not import pandas. Holidays will not be considered.
[2023-08-15T21:57:16.370+0300] {processor.py:838} WARNING - No viable dags retrieved from /mnt/kali/DataHunt/venv/lib/python3.11/site-packages/airflow/example_dags/plugins/workday.py
[2023-08-15T21:57:16.525+0300] {processor.py:179} INFO - Processing /mnt/kali/DataHunt/venv/lib/python3.11/site-packages/airflow/example_dags/plugins/workday.py took 0.229 seconds
[2023-08-15T21:57:47.901+0300] {processor.py:157} INFO - Started process (PID=243085) to work on /mnt/kali/DataHunt/venv/lib/python3.11/site-packages/airflow/example_dags/plugins/workday.py
[2023-08-15T21:57:47.904+0300] {processor.py:826} INFO - Processing file /mnt/kali/DataHunt/venv/lib/python3.11/site-packages/airflow/example_dags/plugins/workday.py for tasks to queue
[2023-08-15T21:57:47.907+0300] {logging_mixin.py:150} INFO - [2023-08-15T21:57:47.906+0300] {dagbag.py:541} INFO - Filling up the DagBag from /mnt/kali/DataHunt/venv/lib/python3.11/site-packages/airflow/example_dags/plugins/workday.py
[2023-08-15T21:57:47.919+0300] {logging_mixin.py:150} INFO - [2023-08-15T21:57:47.918+0300] {workday.py:36} WARNING - Could not import pandas. Holidays will not be considered.
[2023-08-15T21:57:47.920+0300] {processor.py:838} WARNING - No viable dags retrieved from /mnt/kali/DataHunt/venv/lib/python3.11/site-packages/airflow/example_dags/plugins/workday.py
[2023-08-15T21:57:48.029+0300] {processor.py:179} INFO - Processing /mnt/kali/DataHunt/venv/lib/python3.11/site-packages/airflow/example_dags/plugins/workday.py took 0.141 seconds
