[2023-08-16T23:27:35.661+0300] {processor.py:157} INFO - Started process (PID=192909) to work on /home/ylan/airflow/venv/lib/python3.9/site-packages/airflow/example_dags/plugins/event_listener.py
[2023-08-16T23:27:35.663+0300] {processor.py:826} INFO - Processing file /home/ylan/airflow/venv/lib/python3.9/site-packages/airflow/example_dags/plugins/event_listener.py for tasks to queue
[2023-08-16T23:27:35.666+0300] {logging_mixin.py:150} INFO - [2023-08-16T23:27:35.665+0300] {dagbag.py:541} INFO - Filling up the DagBag from /home/ylan/airflow/venv/lib/python3.9/site-packages/airflow/example_dags/plugins/event_listener.py
[2023-08-16T23:27:35.673+0300] {processor.py:838} WARNING - No viable dags retrieved from /home/ylan/airflow/venv/lib/python3.9/site-packages/airflow/example_dags/plugins/event_listener.py
[2023-08-16T23:27:35.763+0300] {processor.py:179} INFO - Processing /home/ylan/airflow/venv/lib/python3.9/site-packages/airflow/example_dags/plugins/event_listener.py took 0.117 seconds
[2023-08-16T23:28:39.167+0300] {processor.py:157} INFO - Started process (PID=193593) to work on /home/ylan/airflow/venv/lib/python3.9/site-packages/airflow/example_dags/plugins/event_listener.py
[2023-08-16T23:28:39.436+0300] {processor.py:826} INFO - Processing file /home/ylan/airflow/venv/lib/python3.9/site-packages/airflow/example_dags/plugins/event_listener.py for tasks to queue
[2023-08-16T23:28:39.445+0300] {logging_mixin.py:150} INFO - [2023-08-16T23:28:39.438+0300] {dagbag.py:541} INFO - Filling up the DagBag from /home/ylan/airflow/venv/lib/python3.9/site-packages/airflow/example_dags/plugins/event_listener.py
[2023-08-16T23:28:39.462+0300] {processor.py:838} WARNING - No viable dags retrieved from /home/ylan/airflow/venv/lib/python3.9/site-packages/airflow/example_dags/plugins/event_listener.py
[2023-08-16T23:28:39.654+0300] {processor.py:179} INFO - Processing /home/ylan/airflow/venv/lib/python3.9/site-packages/airflow/example_dags/plugins/event_listener.py took 0.501 seconds
[2023-08-16T23:29:10.024+0300] {processor.py:157} INFO - Started process (PID=194003) to work on /home/ylan/airflow/venv/lib/python3.9/site-packages/airflow/example_dags/plugins/event_listener.py
[2023-08-16T23:29:10.027+0300] {processor.py:826} INFO - Processing file /home/ylan/airflow/venv/lib/python3.9/site-packages/airflow/example_dags/plugins/event_listener.py for tasks to queue
[2023-08-16T23:29:10.028+0300] {logging_mixin.py:150} INFO - [2023-08-16T23:29:10.028+0300] {dagbag.py:541} INFO - Filling up the DagBag from /home/ylan/airflow/venv/lib/python3.9/site-packages/airflow/example_dags/plugins/event_listener.py
[2023-08-16T23:29:10.035+0300] {processor.py:838} WARNING - No viable dags retrieved from /home/ylan/airflow/venv/lib/python3.9/site-packages/airflow/example_dags/plugins/event_listener.py
[2023-08-16T23:29:10.156+0300] {processor.py:179} INFO - Processing /home/ylan/airflow/venv/lib/python3.9/site-packages/airflow/example_dags/plugins/event_listener.py took 0.142 seconds
[2023-08-16T23:29:42.136+0300] {processor.py:157} INFO - Started process (PID=194631) to work on /home/ylan/airflow/venv/lib/python3.9/site-packages/airflow/example_dags/plugins/event_listener.py
[2023-08-16T23:29:42.139+0300] {processor.py:826} INFO - Processing file /home/ylan/airflow/venv/lib/python3.9/site-packages/airflow/example_dags/plugins/event_listener.py for tasks to queue
[2023-08-16T23:29:42.142+0300] {logging_mixin.py:150} INFO - [2023-08-16T23:29:42.141+0300] {dagbag.py:541} INFO - Filling up the DagBag from /home/ylan/airflow/venv/lib/python3.9/site-packages/airflow/example_dags/plugins/event_listener.py
[2023-08-16T23:29:42.151+0300] {processor.py:838} WARNING - No viable dags retrieved from /home/ylan/airflow/venv/lib/python3.9/site-packages/airflow/example_dags/plugins/event_listener.py
[2023-08-16T23:29:42.338+0300] {processor.py:179} INFO - Processing /home/ylan/airflow/venv/lib/python3.9/site-packages/airflow/example_dags/plugins/event_listener.py took 0.215 seconds
[2023-08-16T23:30:14.681+0300] {processor.py:157} INFO - Started process (PID=195307) to work on /home/ylan/airflow/venv/lib/python3.9/site-packages/airflow/example_dags/plugins/event_listener.py
[2023-08-16T23:30:14.688+0300] {processor.py:826} INFO - Processing file /home/ylan/airflow/venv/lib/python3.9/site-packages/airflow/example_dags/plugins/event_listener.py for tasks to queue
[2023-08-16T23:30:14.691+0300] {logging_mixin.py:150} INFO - [2023-08-16T23:30:14.690+0300] {dagbag.py:541} INFO - Filling up the DagBag from /home/ylan/airflow/venv/lib/python3.9/site-packages/airflow/example_dags/plugins/event_listener.py
[2023-08-16T23:30:14.703+0300] {processor.py:838} WARNING - No viable dags retrieved from /home/ylan/airflow/venv/lib/python3.9/site-packages/airflow/example_dags/plugins/event_listener.py
[2023-08-16T23:30:14.834+0300] {processor.py:179} INFO - Processing /home/ylan/airflow/venv/lib/python3.9/site-packages/airflow/example_dags/plugins/event_listener.py took 0.172 seconds
[2023-08-16T23:30:45.279+0300] {processor.py:157} INFO - Started process (PID=195928) to work on /home/ylan/airflow/venv/lib/python3.9/site-packages/airflow/example_dags/plugins/event_listener.py
[2023-08-16T23:30:45.282+0300] {processor.py:826} INFO - Processing file /home/ylan/airflow/venv/lib/python3.9/site-packages/airflow/example_dags/plugins/event_listener.py for tasks to queue
[2023-08-16T23:30:45.286+0300] {logging_mixin.py:150} INFO - [2023-08-16T23:30:45.285+0300] {dagbag.py:541} INFO - Filling up the DagBag from /home/ylan/airflow/venv/lib/python3.9/site-packages/airflow/example_dags/plugins/event_listener.py
[2023-08-16T23:30:45.296+0300] {processor.py:838} WARNING - No viable dags retrieved from /home/ylan/airflow/venv/lib/python3.9/site-packages/airflow/example_dags/plugins/event_listener.py
[2023-08-16T23:30:45.388+0300] {processor.py:179} INFO - Processing /home/ylan/airflow/venv/lib/python3.9/site-packages/airflow/example_dags/plugins/event_listener.py took 0.124 seconds
[2023-08-16T23:31:16.827+0300] {processor.py:157} INFO - Started process (PID=196362) to work on /home/ylan/airflow/venv/lib/python3.9/site-packages/airflow/example_dags/plugins/event_listener.py
[2023-08-16T23:31:16.831+0300] {processor.py:826} INFO - Processing file /home/ylan/airflow/venv/lib/python3.9/site-packages/airflow/example_dags/plugins/event_listener.py for tasks to queue
[2023-08-16T23:31:16.834+0300] {logging_mixin.py:150} INFO - [2023-08-16T23:31:16.833+0300] {dagbag.py:541} INFO - Filling up the DagBag from /home/ylan/airflow/venv/lib/python3.9/site-packages/airflow/example_dags/plugins/event_listener.py
[2023-08-16T23:31:16.844+0300] {processor.py:838} WARNING - No viable dags retrieved from /home/ylan/airflow/venv/lib/python3.9/site-packages/airflow/example_dags/plugins/event_listener.py
[2023-08-16T23:31:16.969+0300] {processor.py:179} INFO - Processing /home/ylan/airflow/venv/lib/python3.9/site-packages/airflow/example_dags/plugins/event_listener.py took 0.158 seconds
[2023-08-16T23:31:48.476+0300] {processor.py:157} INFO - Started process (PID=196794) to work on /home/ylan/airflow/venv/lib/python3.9/site-packages/airflow/example_dags/plugins/event_listener.py
[2023-08-16T23:31:48.480+0300] {processor.py:826} INFO - Processing file /home/ylan/airflow/venv/lib/python3.9/site-packages/airflow/example_dags/plugins/event_listener.py for tasks to queue
[2023-08-16T23:31:48.492+0300] {logging_mixin.py:150} INFO - [2023-08-16T23:31:48.487+0300] {dagbag.py:541} INFO - Filling up the DagBag from /home/ylan/airflow/venv/lib/python3.9/site-packages/airflow/example_dags/plugins/event_listener.py
[2023-08-16T23:31:48.514+0300] {processor.py:838} WARNING - No viable dags retrieved from /home/ylan/airflow/venv/lib/python3.9/site-packages/airflow/example_dags/plugins/event_listener.py
[2023-08-16T23:31:48.890+0300] {processor.py:179} INFO - Processing /home/ylan/airflow/venv/lib/python3.9/site-packages/airflow/example_dags/plugins/event_listener.py took 0.451 seconds
[2023-08-16T23:32:19.504+0300] {processor.py:157} INFO - Started process (PID=197343) to work on /home/ylan/airflow/venv/lib/python3.9/site-packages/airflow/example_dags/plugins/event_listener.py
[2023-08-16T23:32:19.507+0300] {processor.py:826} INFO - Processing file /home/ylan/airflow/venv/lib/python3.9/site-packages/airflow/example_dags/plugins/event_listener.py for tasks to queue
[2023-08-16T23:32:19.510+0300] {logging_mixin.py:150} INFO - [2023-08-16T23:32:19.509+0300] {dagbag.py:541} INFO - Filling up the DagBag from /home/ylan/airflow/venv/lib/python3.9/site-packages/airflow/example_dags/plugins/event_listener.py
[2023-08-16T23:32:19.517+0300] {processor.py:838} WARNING - No viable dags retrieved from /home/ylan/airflow/venv/lib/python3.9/site-packages/airflow/example_dags/plugins/event_listener.py
[2023-08-16T23:32:19.607+0300] {processor.py:179} INFO - Processing /home/ylan/airflow/venv/lib/python3.9/site-packages/airflow/example_dags/plugins/event_listener.py took 0.116 seconds
[2023-08-16T23:32:49.976+0300] {processor.py:157} INFO - Started process (PID=197888) to work on /home/ylan/airflow/venv/lib/python3.9/site-packages/airflow/example_dags/plugins/event_listener.py
[2023-08-16T23:32:49.979+0300] {processor.py:826} INFO - Processing file /home/ylan/airflow/venv/lib/python3.9/site-packages/airflow/example_dags/plugins/event_listener.py for tasks to queue
[2023-08-16T23:32:49.981+0300] {logging_mixin.py:150} INFO - [2023-08-16T23:32:49.980+0300] {dagbag.py:541} INFO - Filling up the DagBag from /home/ylan/airflow/venv/lib/python3.9/site-packages/airflow/example_dags/plugins/event_listener.py
[2023-08-16T23:32:49.988+0300] {processor.py:838} WARNING - No viable dags retrieved from /home/ylan/airflow/venv/lib/python3.9/site-packages/airflow/example_dags/plugins/event_listener.py
[2023-08-16T23:32:50.066+0300] {processor.py:179} INFO - Processing /home/ylan/airflow/venv/lib/python3.9/site-packages/airflow/example_dags/plugins/event_listener.py took 0.101 seconds
[2023-08-16T23:33:22.212+0300] {processor.py:157} INFO - Started process (PID=198491) to work on /home/ylan/airflow/venv/lib/python3.9/site-packages/airflow/example_dags/plugins/event_listener.py
[2023-08-16T23:33:22.216+0300] {processor.py:826} INFO - Processing file /home/ylan/airflow/venv/lib/python3.9/site-packages/airflow/example_dags/plugins/event_listener.py for tasks to queue
[2023-08-16T23:33:22.222+0300] {logging_mixin.py:150} INFO - [2023-08-16T23:33:22.222+0300] {dagbag.py:541} INFO - Filling up the DagBag from /home/ylan/airflow/venv/lib/python3.9/site-packages/airflow/example_dags/plugins/event_listener.py
[2023-08-16T23:33:22.235+0300] {processor.py:838} WARNING - No viable dags retrieved from /home/ylan/airflow/venv/lib/python3.9/site-packages/airflow/example_dags/plugins/event_listener.py
[2023-08-16T23:33:22.325+0300] {processor.py:179} INFO - Processing /home/ylan/airflow/venv/lib/python3.9/site-packages/airflow/example_dags/plugins/event_listener.py took 0.124 seconds
[2023-08-16T23:33:53.223+0300] {processor.py:157} INFO - Started process (PID=199102) to work on /home/ylan/airflow/venv/lib/python3.9/site-packages/airflow/example_dags/plugins/event_listener.py
[2023-08-16T23:33:53.235+0300] {processor.py:826} INFO - Processing file /home/ylan/airflow/venv/lib/python3.9/site-packages/airflow/example_dags/plugins/event_listener.py for tasks to queue
[2023-08-16T23:33:53.238+0300] {logging_mixin.py:150} INFO - [2023-08-16T23:33:53.237+0300] {dagbag.py:541} INFO - Filling up the DagBag from /home/ylan/airflow/venv/lib/python3.9/site-packages/airflow/example_dags/plugins/event_listener.py
[2023-08-16T23:33:53.254+0300] {processor.py:838} WARNING - No viable dags retrieved from /home/ylan/airflow/venv/lib/python3.9/site-packages/airflow/example_dags/plugins/event_listener.py
[2023-08-16T23:33:53.352+0300] {processor.py:179} INFO - Processing /home/ylan/airflow/venv/lib/python3.9/site-packages/airflow/example_dags/plugins/event_listener.py took 0.142 seconds
[2023-08-16T23:34:25.348+0300] {processor.py:157} INFO - Started process (PID=199536) to work on /home/ylan/airflow/venv/lib/python3.9/site-packages/airflow/example_dags/plugins/event_listener.py
[2023-08-16T23:34:25.380+0300] {processor.py:826} INFO - Processing file /home/ylan/airflow/venv/lib/python3.9/site-packages/airflow/example_dags/plugins/event_listener.py for tasks to queue
[2023-08-16T23:34:25.390+0300] {logging_mixin.py:150} INFO - [2023-08-16T23:34:25.382+0300] {dagbag.py:541} INFO - Filling up the DagBag from /home/ylan/airflow/venv/lib/python3.9/site-packages/airflow/example_dags/plugins/event_listener.py
[2023-08-16T23:34:25.423+0300] {processor.py:838} WARNING - No viable dags retrieved from /home/ylan/airflow/venv/lib/python3.9/site-packages/airflow/example_dags/plugins/event_listener.py
[2023-08-16T23:34:25.618+0300] {processor.py:179} INFO - Processing /home/ylan/airflow/venv/lib/python3.9/site-packages/airflow/example_dags/plugins/event_listener.py took 0.318 seconds
[2023-08-16T23:34:55.869+0300] {processor.py:157} INFO - Started process (PID=199921) to work on /home/ylan/airflow/venv/lib/python3.9/site-packages/airflow/example_dags/plugins/event_listener.py
[2023-08-16T23:34:55.872+0300] {processor.py:826} INFO - Processing file /home/ylan/airflow/venv/lib/python3.9/site-packages/airflow/example_dags/plugins/event_listener.py for tasks to queue
[2023-08-16T23:34:55.875+0300] {logging_mixin.py:150} INFO - [2023-08-16T23:34:55.874+0300] {dagbag.py:541} INFO - Filling up the DagBag from /home/ylan/airflow/venv/lib/python3.9/site-packages/airflow/example_dags/plugins/event_listener.py
[2023-08-16T23:34:55.893+0300] {processor.py:838} WARNING - No viable dags retrieved from /home/ylan/airflow/venv/lib/python3.9/site-packages/airflow/example_dags/plugins/event_listener.py
[2023-08-16T23:34:55.996+0300] {processor.py:179} INFO - Processing /home/ylan/airflow/venv/lib/python3.9/site-packages/airflow/example_dags/plugins/event_listener.py took 0.149 seconds
[2023-08-16T23:35:26.429+0300] {processor.py:157} INFO - Started process (PID=200498) to work on /home/ylan/airflow/venv/lib/python3.9/site-packages/airflow/example_dags/plugins/event_listener.py
[2023-08-16T23:35:26.437+0300] {processor.py:826} INFO - Processing file /home/ylan/airflow/venv/lib/python3.9/site-packages/airflow/example_dags/plugins/event_listener.py for tasks to queue
[2023-08-16T23:35:26.441+0300] {logging_mixin.py:150} INFO - [2023-08-16T23:35:26.440+0300] {dagbag.py:541} INFO - Filling up the DagBag from /home/ylan/airflow/venv/lib/python3.9/site-packages/airflow/example_dags/plugins/event_listener.py
[2023-08-16T23:35:26.469+0300] {processor.py:838} WARNING - No viable dags retrieved from /home/ylan/airflow/venv/lib/python3.9/site-packages/airflow/example_dags/plugins/event_listener.py
[2023-08-16T23:35:26.577+0300] {processor.py:179} INFO - Processing /home/ylan/airflow/venv/lib/python3.9/site-packages/airflow/example_dags/plugins/event_listener.py took 0.208 seconds
[2023-08-16T23:35:57.998+0300] {processor.py:157} INFO - Started process (PID=200925) to work on /home/ylan/airflow/venv/lib/python3.9/site-packages/airflow/example_dags/plugins/event_listener.py
[2023-08-16T23:35:58.007+0300] {processor.py:826} INFO - Processing file /home/ylan/airflow/venv/lib/python3.9/site-packages/airflow/example_dags/plugins/event_listener.py for tasks to queue
[2023-08-16T23:35:58.013+0300] {logging_mixin.py:150} INFO - [2023-08-16T23:35:58.011+0300] {dagbag.py:541} INFO - Filling up the DagBag from /home/ylan/airflow/venv/lib/python3.9/site-packages/airflow/example_dags/plugins/event_listener.py
[2023-08-16T23:35:58.023+0300] {processor.py:838} WARNING - No viable dags retrieved from /home/ylan/airflow/venv/lib/python3.9/site-packages/airflow/example_dags/plugins/event_listener.py
[2023-08-16T23:35:58.131+0300] {processor.py:179} INFO - Processing /home/ylan/airflow/venv/lib/python3.9/site-packages/airflow/example_dags/plugins/event_listener.py took 0.150 seconds
[2023-08-16T23:36:32.293+0300] {processor.py:157} INFO - Started process (PID=201540) to work on /home/ylan/airflow/venv/lib/python3.9/site-packages/airflow/example_dags/plugins/event_listener.py
[2023-08-16T23:36:32.297+0300] {processor.py:826} INFO - Processing file /home/ylan/airflow/venv/lib/python3.9/site-packages/airflow/example_dags/plugins/event_listener.py for tasks to queue
[2023-08-16T23:36:32.300+0300] {logging_mixin.py:150} INFO - [2023-08-16T23:36:32.298+0300] {dagbag.py:541} INFO - Filling up the DagBag from /home/ylan/airflow/venv/lib/python3.9/site-packages/airflow/example_dags/plugins/event_listener.py
[2023-08-16T23:36:32.308+0300] {processor.py:838} WARNING - No viable dags retrieved from /home/ylan/airflow/venv/lib/python3.9/site-packages/airflow/example_dags/plugins/event_listener.py
[2023-08-16T23:36:32.481+0300] {processor.py:179} INFO - Processing /home/ylan/airflow/venv/lib/python3.9/site-packages/airflow/example_dags/plugins/event_listener.py took 0.201 seconds
[2023-08-16T23:37:03.758+0300] {processor.py:157} INFO - Started process (PID=202136) to work on /home/ylan/airflow/venv/lib/python3.9/site-packages/airflow/example_dags/plugins/event_listener.py
[2023-08-16T23:37:03.762+0300] {processor.py:826} INFO - Processing file /home/ylan/airflow/venv/lib/python3.9/site-packages/airflow/example_dags/plugins/event_listener.py for tasks to queue
[2023-08-16T23:37:03.766+0300] {logging_mixin.py:150} INFO - [2023-08-16T23:37:03.765+0300] {dagbag.py:541} INFO - Filling up the DagBag from /home/ylan/airflow/venv/lib/python3.9/site-packages/airflow/example_dags/plugins/event_listener.py
[2023-08-16T23:37:03.775+0300] {processor.py:838} WARNING - No viable dags retrieved from /home/ylan/airflow/venv/lib/python3.9/site-packages/airflow/example_dags/plugins/event_listener.py
[2023-08-16T23:37:03.885+0300] {processor.py:179} INFO - Processing /home/ylan/airflow/venv/lib/python3.9/site-packages/airflow/example_dags/plugins/event_listener.py took 0.141 seconds
[2023-08-16T23:37:34.899+0300] {processor.py:157} INFO - Started process (PID=202572) to work on /home/ylan/airflow/venv/lib/python3.9/site-packages/airflow/example_dags/plugins/event_listener.py
[2023-08-16T23:37:34.903+0300] {processor.py:826} INFO - Processing file /home/ylan/airflow/venv/lib/python3.9/site-packages/airflow/example_dags/plugins/event_listener.py for tasks to queue
[2023-08-16T23:37:34.906+0300] {logging_mixin.py:150} INFO - [2023-08-16T23:37:34.905+0300] {dagbag.py:541} INFO - Filling up the DagBag from /home/ylan/airflow/venv/lib/python3.9/site-packages/airflow/example_dags/plugins/event_listener.py
[2023-08-16T23:37:34.914+0300] {processor.py:838} WARNING - No viable dags retrieved from /home/ylan/airflow/venv/lib/python3.9/site-packages/airflow/example_dags/plugins/event_listener.py
[2023-08-16T23:37:35.069+0300] {processor.py:179} INFO - Processing /home/ylan/airflow/venv/lib/python3.9/site-packages/airflow/example_dags/plugins/event_listener.py took 0.182 seconds
[2023-08-16T23:38:06.991+0300] {processor.py:157} INFO - Started process (PID=203152) to work on /home/ylan/airflow/venv/lib/python3.9/site-packages/airflow/example_dags/plugins/event_listener.py
[2023-08-16T23:38:07.001+0300] {processor.py:826} INFO - Processing file /home/ylan/airflow/venv/lib/python3.9/site-packages/airflow/example_dags/plugins/event_listener.py for tasks to queue
[2023-08-16T23:38:07.007+0300] {logging_mixin.py:150} INFO - [2023-08-16T23:38:07.004+0300] {dagbag.py:541} INFO - Filling up the DagBag from /home/ylan/airflow/venv/lib/python3.9/site-packages/airflow/example_dags/plugins/event_listener.py
[2023-08-16T23:38:07.023+0300] {processor.py:838} WARNING - No viable dags retrieved from /home/ylan/airflow/venv/lib/python3.9/site-packages/airflow/example_dags/plugins/event_listener.py
[2023-08-16T23:38:07.329+0300] {processor.py:179} INFO - Processing /home/ylan/airflow/venv/lib/python3.9/site-packages/airflow/example_dags/plugins/event_listener.py took 0.369 seconds
[2023-08-16T23:38:38.384+0300] {processor.py:157} INFO - Started process (PID=203583) to work on /home/ylan/airflow/venv/lib/python3.9/site-packages/airflow/example_dags/plugins/event_listener.py
[2023-08-16T23:38:38.388+0300] {processor.py:826} INFO - Processing file /home/ylan/airflow/venv/lib/python3.9/site-packages/airflow/example_dags/plugins/event_listener.py for tasks to queue
[2023-08-16T23:38:38.393+0300] {logging_mixin.py:150} INFO - [2023-08-16T23:38:38.392+0300] {dagbag.py:541} INFO - Filling up the DagBag from /home/ylan/airflow/venv/lib/python3.9/site-packages/airflow/example_dags/plugins/event_listener.py
[2023-08-16T23:38:38.403+0300] {processor.py:838} WARNING - No viable dags retrieved from /home/ylan/airflow/venv/lib/python3.9/site-packages/airflow/example_dags/plugins/event_listener.py
[2023-08-16T23:38:38.537+0300] {processor.py:179} INFO - Processing /home/ylan/airflow/venv/lib/python3.9/site-packages/airflow/example_dags/plugins/event_listener.py took 0.168 seconds
[2023-08-16T23:39:09.488+0300] {processor.py:157} INFO - Started process (PID=204183) to work on /home/ylan/airflow/venv/lib/python3.9/site-packages/airflow/example_dags/plugins/event_listener.py
[2023-08-16T23:39:09.503+0300] {processor.py:826} INFO - Processing file /home/ylan/airflow/venv/lib/python3.9/site-packages/airflow/example_dags/plugins/event_listener.py for tasks to queue
[2023-08-16T23:39:09.519+0300] {logging_mixin.py:150} INFO - [2023-08-16T23:39:09.518+0300] {dagbag.py:541} INFO - Filling up the DagBag from /home/ylan/airflow/venv/lib/python3.9/site-packages/airflow/example_dags/plugins/event_listener.py
[2023-08-16T23:39:09.541+0300] {processor.py:838} WARNING - No viable dags retrieved from /home/ylan/airflow/venv/lib/python3.9/site-packages/airflow/example_dags/plugins/event_listener.py
[2023-08-16T23:39:09.747+0300] {processor.py:179} INFO - Processing /home/ylan/airflow/venv/lib/python3.9/site-packages/airflow/example_dags/plugins/event_listener.py took 0.329 seconds
[2023-08-16T23:39:41.140+0300] {processor.py:157} INFO - Started process (PID=204607) to work on /home/ylan/airflow/venv/lib/python3.9/site-packages/airflow/example_dags/plugins/event_listener.py
[2023-08-16T23:39:41.147+0300] {processor.py:826} INFO - Processing file /home/ylan/airflow/venv/lib/python3.9/site-packages/airflow/example_dags/plugins/event_listener.py for tasks to queue
[2023-08-16T23:39:41.155+0300] {logging_mixin.py:150} INFO - [2023-08-16T23:39:41.154+0300] {dagbag.py:541} INFO - Filling up the DagBag from /home/ylan/airflow/venv/lib/python3.9/site-packages/airflow/example_dags/plugins/event_listener.py
[2023-08-16T23:39:41.179+0300] {processor.py:838} WARNING - No viable dags retrieved from /home/ylan/airflow/venv/lib/python3.9/site-packages/airflow/example_dags/plugins/event_listener.py
[2023-08-16T23:39:41.790+0300] {processor.py:179} INFO - Processing /home/ylan/airflow/venv/lib/python3.9/site-packages/airflow/example_dags/plugins/event_listener.py took 0.664 seconds
[2023-08-16T23:40:12.131+0300] {processor.py:157} INFO - Started process (PID=205185) to work on /home/ylan/airflow/venv/lib/python3.9/site-packages/airflow/example_dags/plugins/event_listener.py
[2023-08-16T23:40:12.149+0300] {processor.py:826} INFO - Processing file /home/ylan/airflow/venv/lib/python3.9/site-packages/airflow/example_dags/plugins/event_listener.py for tasks to queue
[2023-08-16T23:40:12.152+0300] {logging_mixin.py:150} INFO - [2023-08-16T23:40:12.151+0300] {dagbag.py:541} INFO - Filling up the DagBag from /home/ylan/airflow/venv/lib/python3.9/site-packages/airflow/example_dags/plugins/event_listener.py
[2023-08-16T23:40:12.200+0300] {processor.py:838} WARNING - No viable dags retrieved from /home/ylan/airflow/venv/lib/python3.9/site-packages/airflow/example_dags/plugins/event_listener.py
[2023-08-16T23:40:12.392+0300] {processor.py:179} INFO - Processing /home/ylan/airflow/venv/lib/python3.9/site-packages/airflow/example_dags/plugins/event_listener.py took 0.285 seconds
[2023-08-16T23:40:43.623+0300] {processor.py:157} INFO - Started process (PID=205607) to work on /home/ylan/airflow/venv/lib/python3.9/site-packages/airflow/example_dags/plugins/event_listener.py
[2023-08-16T23:40:43.637+0300] {processor.py:826} INFO - Processing file /home/ylan/airflow/venv/lib/python3.9/site-packages/airflow/example_dags/plugins/event_listener.py for tasks to queue
[2023-08-16T23:40:43.639+0300] {logging_mixin.py:150} INFO - [2023-08-16T23:40:43.638+0300] {dagbag.py:541} INFO - Filling up the DagBag from /home/ylan/airflow/venv/lib/python3.9/site-packages/airflow/example_dags/plugins/event_listener.py
[2023-08-16T23:40:43.648+0300] {processor.py:838} WARNING - No viable dags retrieved from /home/ylan/airflow/venv/lib/python3.9/site-packages/airflow/example_dags/plugins/event_listener.py
[2023-08-16T23:40:44.022+0300] {processor.py:179} INFO - Processing /home/ylan/airflow/venv/lib/python3.9/site-packages/airflow/example_dags/plugins/event_listener.py took 0.425 seconds
[2023-08-16T23:41:18.830+0300] {processor.py:157} INFO - Started process (PID=206261) to work on /home/ylan/airflow/venv/lib/python3.9/site-packages/airflow/example_dags/plugins/event_listener.py
[2023-08-16T23:41:18.845+0300] {processor.py:826} INFO - Processing file /home/ylan/airflow/venv/lib/python3.9/site-packages/airflow/example_dags/plugins/event_listener.py for tasks to queue
[2023-08-16T23:41:18.849+0300] {logging_mixin.py:150} INFO - [2023-08-16T23:41:18.847+0300] {dagbag.py:541} INFO - Filling up the DagBag from /home/ylan/airflow/venv/lib/python3.9/site-packages/airflow/example_dags/plugins/event_listener.py
[2023-08-16T23:41:18.879+0300] {processor.py:838} WARNING - No viable dags retrieved from /home/ylan/airflow/venv/lib/python3.9/site-packages/airflow/example_dags/plugins/event_listener.py
[2023-08-16T23:41:19.104+0300] {processor.py:179} INFO - Processing /home/ylan/airflow/venv/lib/python3.9/site-packages/airflow/example_dags/plugins/event_listener.py took 0.305 seconds
[2023-08-16T23:41:51.153+0300] {processor.py:157} INFO - Started process (PID=206659) to work on /home/ylan/airflow/venv/lib/python3.9/site-packages/airflow/example_dags/plugins/event_listener.py
[2023-08-16T23:41:51.156+0300] {processor.py:826} INFO - Processing file /home/ylan/airflow/venv/lib/python3.9/site-packages/airflow/example_dags/plugins/event_listener.py for tasks to queue
[2023-08-16T23:41:51.159+0300] {logging_mixin.py:150} INFO - [2023-08-16T23:41:51.158+0300] {dagbag.py:541} INFO - Filling up the DagBag from /home/ylan/airflow/venv/lib/python3.9/site-packages/airflow/example_dags/plugins/event_listener.py
[2023-08-16T23:41:51.169+0300] {processor.py:838} WARNING - No viable dags retrieved from /home/ylan/airflow/venv/lib/python3.9/site-packages/airflow/example_dags/plugins/event_listener.py
[2023-08-16T23:41:51.274+0300] {processor.py:179} INFO - Processing /home/ylan/airflow/venv/lib/python3.9/site-packages/airflow/example_dags/plugins/event_listener.py took 0.137 seconds
[2023-08-16T23:42:21.596+0300] {processor.py:157} INFO - Started process (PID=207240) to work on /home/ylan/airflow/venv/lib/python3.9/site-packages/airflow/example_dags/plugins/event_listener.py
[2023-08-16T23:42:21.601+0300] {processor.py:826} INFO - Processing file /home/ylan/airflow/venv/lib/python3.9/site-packages/airflow/example_dags/plugins/event_listener.py for tasks to queue
[2023-08-16T23:42:21.610+0300] {logging_mixin.py:150} INFO - [2023-08-16T23:42:21.603+0300] {dagbag.py:541} INFO - Filling up the DagBag from /home/ylan/airflow/venv/lib/python3.9/site-packages/airflow/example_dags/plugins/event_listener.py
[2023-08-16T23:42:21.619+0300] {processor.py:838} WARNING - No viable dags retrieved from /home/ylan/airflow/venv/lib/python3.9/site-packages/airflow/example_dags/plugins/event_listener.py
[2023-08-16T23:42:21.771+0300] {processor.py:179} INFO - Processing /home/ylan/airflow/venv/lib/python3.9/site-packages/airflow/example_dags/plugins/event_listener.py took 0.215 seconds
[2023-08-16T23:42:52.707+0300] {processor.py:157} INFO - Started process (PID=207615) to work on /home/ylan/airflow/venv/lib/python3.9/site-packages/airflow/example_dags/plugins/event_listener.py
[2023-08-16T23:42:52.710+0300] {processor.py:826} INFO - Processing file /home/ylan/airflow/venv/lib/python3.9/site-packages/airflow/example_dags/plugins/event_listener.py for tasks to queue
[2023-08-16T23:42:52.717+0300] {logging_mixin.py:150} INFO - [2023-08-16T23:42:52.712+0300] {dagbag.py:541} INFO - Filling up the DagBag from /home/ylan/airflow/venv/lib/python3.9/site-packages/airflow/example_dags/plugins/event_listener.py
[2023-08-16T23:42:52.734+0300] {processor.py:838} WARNING - No viable dags retrieved from /home/ylan/airflow/venv/lib/python3.9/site-packages/airflow/example_dags/plugins/event_listener.py
[2023-08-16T23:42:53.020+0300] {processor.py:179} INFO - Processing /home/ylan/airflow/venv/lib/python3.9/site-packages/airflow/example_dags/plugins/event_listener.py took 0.346 seconds
[2023-08-16T23:43:23.449+0300] {processor.py:157} INFO - Started process (PID=208202) to work on /home/ylan/airflow/venv/lib/python3.9/site-packages/airflow/example_dags/plugins/event_listener.py
[2023-08-16T23:43:23.463+0300] {processor.py:826} INFO - Processing file /home/ylan/airflow/venv/lib/python3.9/site-packages/airflow/example_dags/plugins/event_listener.py for tasks to queue
[2023-08-16T23:43:23.466+0300] {logging_mixin.py:150} INFO - [2023-08-16T23:43:23.465+0300] {dagbag.py:541} INFO - Filling up the DagBag from /home/ylan/airflow/venv/lib/python3.9/site-packages/airflow/example_dags/plugins/event_listener.py
[2023-08-16T23:43:23.479+0300] {processor.py:838} WARNING - No viable dags retrieved from /home/ylan/airflow/venv/lib/python3.9/site-packages/airflow/example_dags/plugins/event_listener.py
[2023-08-16T23:43:23.595+0300] {processor.py:179} INFO - Processing /home/ylan/airflow/venv/lib/python3.9/site-packages/airflow/example_dags/plugins/event_listener.py took 0.161 seconds
[2023-08-16T23:43:55.423+0300] {processor.py:157} INFO - Started process (PID=208615) to work on /home/ylan/airflow/venv/lib/python3.9/site-packages/airflow/example_dags/plugins/event_listener.py
[2023-08-16T23:43:55.433+0300] {processor.py:826} INFO - Processing file /home/ylan/airflow/venv/lib/python3.9/site-packages/airflow/example_dags/plugins/event_listener.py for tasks to queue
[2023-08-16T23:43:55.436+0300] {logging_mixin.py:150} INFO - [2023-08-16T23:43:55.435+0300] {dagbag.py:541} INFO - Filling up the DagBag from /home/ylan/airflow/venv/lib/python3.9/site-packages/airflow/example_dags/plugins/event_listener.py
[2023-08-16T23:43:55.466+0300] {processor.py:838} WARNING - No viable dags retrieved from /home/ylan/airflow/venv/lib/python3.9/site-packages/airflow/example_dags/plugins/event_listener.py
[2023-08-16T23:43:55.887+0300] {processor.py:179} INFO - Processing /home/ylan/airflow/venv/lib/python3.9/site-packages/airflow/example_dags/plugins/event_listener.py took 0.477 seconds
[2023-08-16T23:44:26.450+0300] {processor.py:157} INFO - Started process (PID=209180) to work on /home/ylan/airflow/venv/lib/python3.9/site-packages/airflow/example_dags/plugins/event_listener.py
[2023-08-16T23:44:26.454+0300] {processor.py:826} INFO - Processing file /home/ylan/airflow/venv/lib/python3.9/site-packages/airflow/example_dags/plugins/event_listener.py for tasks to queue
[2023-08-16T23:44:26.457+0300] {logging_mixin.py:150} INFO - [2023-08-16T23:44:26.456+0300] {dagbag.py:541} INFO - Filling up the DagBag from /home/ylan/airflow/venv/lib/python3.9/site-packages/airflow/example_dags/plugins/event_listener.py
[2023-08-16T23:44:26.473+0300] {processor.py:838} WARNING - No viable dags retrieved from /home/ylan/airflow/venv/lib/python3.9/site-packages/airflow/example_dags/plugins/event_listener.py
[2023-08-16T23:44:26.733+0300] {processor.py:179} INFO - Processing /home/ylan/airflow/venv/lib/python3.9/site-packages/airflow/example_dags/plugins/event_listener.py took 0.335 seconds
[2023-08-16T23:44:59.088+0300] {processor.py:157} INFO - Started process (PID=209596) to work on /home/ylan/airflow/venv/lib/python3.9/site-packages/airflow/example_dags/plugins/event_listener.py
[2023-08-16T23:44:59.100+0300] {processor.py:826} INFO - Processing file /home/ylan/airflow/venv/lib/python3.9/site-packages/airflow/example_dags/plugins/event_listener.py for tasks to queue
[2023-08-16T23:44:59.103+0300] {logging_mixin.py:150} INFO - [2023-08-16T23:44:59.102+0300] {dagbag.py:541} INFO - Filling up the DagBag from /home/ylan/airflow/venv/lib/python3.9/site-packages/airflow/example_dags/plugins/event_listener.py
[2023-08-16T23:44:59.157+0300] {processor.py:838} WARNING - No viable dags retrieved from /home/ylan/airflow/venv/lib/python3.9/site-packages/airflow/example_dags/plugins/event_listener.py
[2023-08-16T23:44:59.306+0300] {processor.py:179} INFO - Processing /home/ylan/airflow/venv/lib/python3.9/site-packages/airflow/example_dags/plugins/event_listener.py took 0.268 seconds
[2023-08-16T23:45:29.863+0300] {processor.py:157} INFO - Started process (PID=210155) to work on /home/ylan/airflow/venv/lib/python3.9/site-packages/airflow/example_dags/plugins/event_listener.py
[2023-08-16T23:45:29.886+0300] {processor.py:826} INFO - Processing file /home/ylan/airflow/venv/lib/python3.9/site-packages/airflow/example_dags/plugins/event_listener.py for tasks to queue
[2023-08-16T23:45:29.890+0300] {logging_mixin.py:150} INFO - [2023-08-16T23:45:29.889+0300] {dagbag.py:541} INFO - Filling up the DagBag from /home/ylan/airflow/venv/lib/python3.9/site-packages/airflow/example_dags/plugins/event_listener.py
[2023-08-16T23:45:29.907+0300] {processor.py:838} WARNING - No viable dags retrieved from /home/ylan/airflow/venv/lib/python3.9/site-packages/airflow/example_dags/plugins/event_listener.py
[2023-08-16T23:45:30.047+0300] {processor.py:179} INFO - Processing /home/ylan/airflow/venv/lib/python3.9/site-packages/airflow/example_dags/plugins/event_listener.py took 0.208 seconds
[2023-08-16T23:46:01.303+0300] {processor.py:157} INFO - Started process (PID=210686) to work on /home/ylan/airflow/venv/lib/python3.9/site-packages/airflow/example_dags/plugins/event_listener.py
[2023-08-16T23:46:01.329+0300] {processor.py:826} INFO - Processing file /home/ylan/airflow/venv/lib/python3.9/site-packages/airflow/example_dags/plugins/event_listener.py for tasks to queue
[2023-08-16T23:46:01.339+0300] {logging_mixin.py:150} INFO - [2023-08-16T23:46:01.332+0300] {dagbag.py:541} INFO - Filling up the DagBag from /home/ylan/airflow/venv/lib/python3.9/site-packages/airflow/example_dags/plugins/event_listener.py
[2023-08-16T23:46:01.380+0300] {processor.py:838} WARNING - No viable dags retrieved from /home/ylan/airflow/venv/lib/python3.9/site-packages/airflow/example_dags/plugins/event_listener.py
[2023-08-16T23:46:01.717+0300] {processor.py:179} INFO - Processing /home/ylan/airflow/venv/lib/python3.9/site-packages/airflow/example_dags/plugins/event_listener.py took 0.430 seconds
[2023-08-16T23:46:32.445+0300] {processor.py:157} INFO - Started process (PID=211119) to work on /home/ylan/airflow/venv/lib/python3.9/site-packages/airflow/example_dags/plugins/event_listener.py
[2023-08-16T23:46:32.448+0300] {processor.py:826} INFO - Processing file /home/ylan/airflow/venv/lib/python3.9/site-packages/airflow/example_dags/plugins/event_listener.py for tasks to queue
[2023-08-16T23:46:32.451+0300] {logging_mixin.py:150} INFO - [2023-08-16T23:46:32.450+0300] {dagbag.py:541} INFO - Filling up the DagBag from /home/ylan/airflow/venv/lib/python3.9/site-packages/airflow/example_dags/plugins/event_listener.py
[2023-08-16T23:46:32.474+0300] {processor.py:838} WARNING - No viable dags retrieved from /home/ylan/airflow/venv/lib/python3.9/site-packages/airflow/example_dags/plugins/event_listener.py
[2023-08-16T23:46:32.663+0300] {processor.py:179} INFO - Processing /home/ylan/airflow/venv/lib/python3.9/site-packages/airflow/example_dags/plugins/event_listener.py took 0.249 seconds
[2023-08-16T23:47:06.125+0300] {processor.py:157} INFO - Started process (PID=211720) to work on /home/ylan/airflow/venv/lib/python3.9/site-packages/airflow/example_dags/plugins/event_listener.py
[2023-08-16T23:47:06.141+0300] {processor.py:826} INFO - Processing file /home/ylan/airflow/venv/lib/python3.9/site-packages/airflow/example_dags/plugins/event_listener.py for tasks to queue
[2023-08-16T23:47:06.145+0300] {logging_mixin.py:150} INFO - [2023-08-16T23:47:06.143+0300] {dagbag.py:541} INFO - Filling up the DagBag from /home/ylan/airflow/venv/lib/python3.9/site-packages/airflow/example_dags/plugins/event_listener.py
[2023-08-16T23:47:06.172+0300] {processor.py:838} WARNING - No viable dags retrieved from /home/ylan/airflow/venv/lib/python3.9/site-packages/airflow/example_dags/plugins/event_listener.py
[2023-08-16T23:47:06.493+0300] {processor.py:179} INFO - Processing /home/ylan/airflow/venv/lib/python3.9/site-packages/airflow/example_dags/plugins/event_listener.py took 0.418 seconds
[2023-08-16T23:47:38.096+0300] {processor.py:157} INFO - Started process (PID=212146) to work on /home/ylan/airflow/venv/lib/python3.9/site-packages/airflow/example_dags/plugins/event_listener.py
[2023-08-16T23:47:38.117+0300] {processor.py:826} INFO - Processing file /home/ylan/airflow/venv/lib/python3.9/site-packages/airflow/example_dags/plugins/event_listener.py for tasks to queue
[2023-08-16T23:47:38.121+0300] {logging_mixin.py:150} INFO - [2023-08-16T23:47:38.120+0300] {dagbag.py:541} INFO - Filling up the DagBag from /home/ylan/airflow/venv/lib/python3.9/site-packages/airflow/example_dags/plugins/event_listener.py
[2023-08-16T23:47:38.133+0300] {processor.py:838} WARNING - No viable dags retrieved from /home/ylan/airflow/venv/lib/python3.9/site-packages/airflow/example_dags/plugins/event_listener.py
[2023-08-16T23:47:38.363+0300] {processor.py:179} INFO - Processing /home/ylan/airflow/venv/lib/python3.9/site-packages/airflow/example_dags/plugins/event_listener.py took 0.285 seconds
[2023-08-16T23:48:09.578+0300] {processor.py:157} INFO - Started process (PID=212561) to work on /home/ylan/airflow/venv/lib/python3.9/site-packages/airflow/example_dags/plugins/event_listener.py
[2023-08-16T23:48:09.591+0300] {processor.py:826} INFO - Processing file /home/ylan/airflow/venv/lib/python3.9/site-packages/airflow/example_dags/plugins/event_listener.py for tasks to queue
[2023-08-16T23:48:09.595+0300] {logging_mixin.py:150} INFO - [2023-08-16T23:48:09.593+0300] {dagbag.py:541} INFO - Filling up the DagBag from /home/ylan/airflow/venv/lib/python3.9/site-packages/airflow/example_dags/plugins/event_listener.py
[2023-08-16T23:48:09.604+0300] {processor.py:838} WARNING - No viable dags retrieved from /home/ylan/airflow/venv/lib/python3.9/site-packages/airflow/example_dags/plugins/event_listener.py
[2023-08-16T23:48:09.829+0300] {processor.py:179} INFO - Processing /home/ylan/airflow/venv/lib/python3.9/site-packages/airflow/example_dags/plugins/event_listener.py took 0.274 seconds
[2023-08-16T23:48:43.157+0300] {processor.py:157} INFO - Started process (PID=213146) to work on /home/ylan/airflow/venv/lib/python3.9/site-packages/airflow/example_dags/plugins/event_listener.py
[2023-08-16T23:48:43.172+0300] {processor.py:826} INFO - Processing file /home/ylan/airflow/venv/lib/python3.9/site-packages/airflow/example_dags/plugins/event_listener.py for tasks to queue
[2023-08-16T23:48:43.175+0300] {logging_mixin.py:150} INFO - [2023-08-16T23:48:43.174+0300] {dagbag.py:541} INFO - Filling up the DagBag from /home/ylan/airflow/venv/lib/python3.9/site-packages/airflow/example_dags/plugins/event_listener.py
[2023-08-16T23:48:43.186+0300] {processor.py:838} WARNING - No viable dags retrieved from /home/ylan/airflow/venv/lib/python3.9/site-packages/airflow/example_dags/plugins/event_listener.py
[2023-08-16T23:48:43.327+0300] {processor.py:179} INFO - Processing /home/ylan/airflow/venv/lib/python3.9/site-packages/airflow/example_dags/plugins/event_listener.py took 0.185 seconds
[2023-08-16T23:49:14.544+0300] {processor.py:157} INFO - Started process (PID=213727) to work on /home/ylan/airflow/venv/lib/python3.9/site-packages/airflow/example_dags/plugins/event_listener.py
[2023-08-16T23:49:14.560+0300] {processor.py:826} INFO - Processing file /home/ylan/airflow/venv/lib/python3.9/site-packages/airflow/example_dags/plugins/event_listener.py for tasks to queue
[2023-08-16T23:49:14.564+0300] {logging_mixin.py:150} INFO - [2023-08-16T23:49:14.562+0300] {dagbag.py:541} INFO - Filling up the DagBag from /home/ylan/airflow/venv/lib/python3.9/site-packages/airflow/example_dags/plugins/event_listener.py
[2023-08-16T23:49:14.582+0300] {processor.py:838} WARNING - No viable dags retrieved from /home/ylan/airflow/venv/lib/python3.9/site-packages/airflow/example_dags/plugins/event_listener.py
[2023-08-16T23:49:14.801+0300] {processor.py:179} INFO - Processing /home/ylan/airflow/venv/lib/python3.9/site-packages/airflow/example_dags/plugins/event_listener.py took 0.291 seconds
[2023-08-16T23:49:45.910+0300] {processor.py:157} INFO - Started process (PID=214166) to work on /home/ylan/airflow/venv/lib/python3.9/site-packages/airflow/example_dags/plugins/event_listener.py
[2023-08-16T23:49:45.924+0300] {processor.py:826} INFO - Processing file /home/ylan/airflow/venv/lib/python3.9/site-packages/airflow/example_dags/plugins/event_listener.py for tasks to queue
[2023-08-16T23:49:45.931+0300] {logging_mixin.py:150} INFO - [2023-08-16T23:49:45.927+0300] {dagbag.py:541} INFO - Filling up the DagBag from /home/ylan/airflow/venv/lib/python3.9/site-packages/airflow/example_dags/plugins/event_listener.py
[2023-08-16T23:49:45.945+0300] {processor.py:838} WARNING - No viable dags retrieved from /home/ylan/airflow/venv/lib/python3.9/site-packages/airflow/example_dags/plugins/event_listener.py
[2023-08-16T23:49:46.156+0300] {processor.py:179} INFO - Processing /home/ylan/airflow/venv/lib/python3.9/site-packages/airflow/example_dags/plugins/event_listener.py took 0.283 seconds
[2023-08-16T23:50:16.304+0300] {processor.py:157} INFO - Started process (PID=214731) to work on /home/ylan/airflow/venv/lib/python3.9/site-packages/airflow/example_dags/plugins/event_listener.py
[2023-08-16T23:50:16.307+0300] {processor.py:826} INFO - Processing file /home/ylan/airflow/venv/lib/python3.9/site-packages/airflow/example_dags/plugins/event_listener.py for tasks to queue
[2023-08-16T23:50:16.309+0300] {logging_mixin.py:150} INFO - [2023-08-16T23:50:16.308+0300] {dagbag.py:541} INFO - Filling up the DagBag from /home/ylan/airflow/venv/lib/python3.9/site-packages/airflow/example_dags/plugins/event_listener.py
[2023-08-16T23:50:16.316+0300] {processor.py:838} WARNING - No viable dags retrieved from /home/ylan/airflow/venv/lib/python3.9/site-packages/airflow/example_dags/plugins/event_listener.py
[2023-08-16T23:50:16.383+0300] {processor.py:179} INFO - Processing /home/ylan/airflow/venv/lib/python3.9/site-packages/airflow/example_dags/plugins/event_listener.py took 0.095 seconds
[2023-08-16T23:50:46.785+0300] {processor.py:157} INFO - Started process (PID=215125) to work on /home/ylan/airflow/venv/lib/python3.9/site-packages/airflow/example_dags/plugins/event_listener.py
[2023-08-16T23:50:46.788+0300] {processor.py:826} INFO - Processing file /home/ylan/airflow/venv/lib/python3.9/site-packages/airflow/example_dags/plugins/event_listener.py for tasks to queue
[2023-08-16T23:50:46.791+0300] {logging_mixin.py:150} INFO - [2023-08-16T23:50:46.790+0300] {dagbag.py:541} INFO - Filling up the DagBag from /home/ylan/airflow/venv/lib/python3.9/site-packages/airflow/example_dags/plugins/event_listener.py
[2023-08-16T23:50:46.801+0300] {processor.py:838} WARNING - No viable dags retrieved from /home/ylan/airflow/venv/lib/python3.9/site-packages/airflow/example_dags/plugins/event_listener.py
[2023-08-16T23:50:46.979+0300] {processor.py:179} INFO - Processing /home/ylan/airflow/venv/lib/python3.9/site-packages/airflow/example_dags/plugins/event_listener.py took 0.210 seconds
[2023-08-16T23:51:17.607+0300] {processor.py:157} INFO - Started process (PID=215518) to work on /home/ylan/airflow/venv/lib/python3.9/site-packages/airflow/example_dags/plugins/event_listener.py
[2023-08-16T23:51:17.621+0300] {processor.py:826} INFO - Processing file /home/ylan/airflow/venv/lib/python3.9/site-packages/airflow/example_dags/plugins/event_listener.py for tasks to queue
[2023-08-16T23:51:17.625+0300] {logging_mixin.py:150} INFO - [2023-08-16T23:51:17.624+0300] {dagbag.py:541} INFO - Filling up the DagBag from /home/ylan/airflow/venv/lib/python3.9/site-packages/airflow/example_dags/plugins/event_listener.py
[2023-08-16T23:51:17.639+0300] {processor.py:838} WARNING - No viable dags retrieved from /home/ylan/airflow/venv/lib/python3.9/site-packages/airflow/example_dags/plugins/event_listener.py
[2023-08-16T23:51:17.751+0300] {processor.py:179} INFO - Processing /home/ylan/airflow/venv/lib/python3.9/site-packages/airflow/example_dags/plugins/event_listener.py took 0.160 seconds
[2023-08-16T23:51:48.193+0300] {processor.py:157} INFO - Started process (PID=216068) to work on /home/ylan/airflow/venv/lib/python3.9/site-packages/airflow/example_dags/plugins/event_listener.py
[2023-08-16T23:51:48.201+0300] {processor.py:826} INFO - Processing file /home/ylan/airflow/venv/lib/python3.9/site-packages/airflow/example_dags/plugins/event_listener.py for tasks to queue
[2023-08-16T23:51:48.205+0300] {logging_mixin.py:150} INFO - [2023-08-16T23:51:48.204+0300] {dagbag.py:541} INFO - Filling up the DagBag from /home/ylan/airflow/venv/lib/python3.9/site-packages/airflow/example_dags/plugins/event_listener.py
[2023-08-16T23:51:48.219+0300] {processor.py:838} WARNING - No viable dags retrieved from /home/ylan/airflow/venv/lib/python3.9/site-packages/airflow/example_dags/plugins/event_listener.py
[2023-08-16T23:51:48.537+0300] {processor.py:179} INFO - Processing /home/ylan/airflow/venv/lib/python3.9/site-packages/airflow/example_dags/plugins/event_listener.py took 0.367 seconds
[2023-08-16T23:52:19.329+0300] {processor.py:157} INFO - Started process (PID=216639) to work on /home/ylan/airflow/venv/lib/python3.9/site-packages/airflow/example_dags/plugins/event_listener.py
[2023-08-16T23:52:19.349+0300] {processor.py:826} INFO - Processing file /home/ylan/airflow/venv/lib/python3.9/site-packages/airflow/example_dags/plugins/event_listener.py for tasks to queue
[2023-08-16T23:52:19.352+0300] {logging_mixin.py:150} INFO - [2023-08-16T23:52:19.351+0300] {dagbag.py:541} INFO - Filling up the DagBag from /home/ylan/airflow/venv/lib/python3.9/site-packages/airflow/example_dags/plugins/event_listener.py
[2023-08-16T23:52:19.363+0300] {processor.py:838} WARNING - No viable dags retrieved from /home/ylan/airflow/venv/lib/python3.9/site-packages/airflow/example_dags/plugins/event_listener.py
[2023-08-16T23:52:19.492+0300] {processor.py:179} INFO - Processing /home/ylan/airflow/venv/lib/python3.9/site-packages/airflow/example_dags/plugins/event_listener.py took 0.183 seconds
[2023-08-16T23:52:50.182+0300] {processor.py:157} INFO - Started process (PID=217105) to work on /home/ylan/airflow/venv/lib/python3.9/site-packages/airflow/example_dags/plugins/event_listener.py
[2023-08-16T23:52:50.231+0300] {processor.py:826} INFO - Processing file /home/ylan/airflow/venv/lib/python3.9/site-packages/airflow/example_dags/plugins/event_listener.py for tasks to queue
[2023-08-16T23:52:50.234+0300] {logging_mixin.py:150} INFO - [2023-08-16T23:52:50.233+0300] {dagbag.py:541} INFO - Filling up the DagBag from /home/ylan/airflow/venv/lib/python3.9/site-packages/airflow/example_dags/plugins/event_listener.py
[2023-08-16T23:52:50.245+0300] {processor.py:838} WARNING - No viable dags retrieved from /home/ylan/airflow/venv/lib/python3.9/site-packages/airflow/example_dags/plugins/event_listener.py
[2023-08-16T23:52:50.428+0300] {processor.py:179} INFO - Processing /home/ylan/airflow/venv/lib/python3.9/site-packages/airflow/example_dags/plugins/event_listener.py took 0.263 seconds
[2023-08-16T23:53:21.115+0300] {processor.py:157} INFO - Started process (PID=217630) to work on /home/ylan/airflow/venv/lib/python3.9/site-packages/airflow/example_dags/plugins/event_listener.py
[2023-08-16T23:53:21.121+0300] {processor.py:826} INFO - Processing file /home/ylan/airflow/venv/lib/python3.9/site-packages/airflow/example_dags/plugins/event_listener.py for tasks to queue
[2023-08-16T23:53:21.129+0300] {logging_mixin.py:150} INFO - [2023-08-16T23:53:21.128+0300] {dagbag.py:541} INFO - Filling up the DagBag from /home/ylan/airflow/venv/lib/python3.9/site-packages/airflow/example_dags/plugins/event_listener.py
[2023-08-16T23:53:21.148+0300] {processor.py:838} WARNING - No viable dags retrieved from /home/ylan/airflow/venv/lib/python3.9/site-packages/airflow/example_dags/plugins/event_listener.py
[2023-08-16T23:53:21.338+0300] {processor.py:179} INFO - Processing /home/ylan/airflow/venv/lib/python3.9/site-packages/airflow/example_dags/plugins/event_listener.py took 0.258 seconds
[2023-08-16T23:53:52.658+0300] {processor.py:157} INFO - Started process (PID=218050) to work on /home/ylan/airflow/venv/lib/python3.9/site-packages/airflow/example_dags/plugins/event_listener.py
[2023-08-16T23:53:52.675+0300] {processor.py:826} INFO - Processing file /home/ylan/airflow/venv/lib/python3.9/site-packages/airflow/example_dags/plugins/event_listener.py for tasks to queue
[2023-08-16T23:53:52.678+0300] {logging_mixin.py:150} INFO - [2023-08-16T23:53:52.677+0300] {dagbag.py:541} INFO - Filling up the DagBag from /home/ylan/airflow/venv/lib/python3.9/site-packages/airflow/example_dags/plugins/event_listener.py
[2023-08-16T23:53:52.701+0300] {processor.py:838} WARNING - No viable dags retrieved from /home/ylan/airflow/venv/lib/python3.9/site-packages/airflow/example_dags/plugins/event_listener.py
[2023-08-16T23:53:53.029+0300] {processor.py:179} INFO - Processing /home/ylan/airflow/venv/lib/python3.9/site-packages/airflow/example_dags/plugins/event_listener.py took 0.423 seconds
[2023-08-16T23:54:23.551+0300] {processor.py:157} INFO - Started process (PID=218449) to work on /home/ylan/airflow/venv/lib/python3.9/site-packages/airflow/example_dags/plugins/event_listener.py
[2023-08-16T23:54:23.555+0300] {processor.py:826} INFO - Processing file /home/ylan/airflow/venv/lib/python3.9/site-packages/airflow/example_dags/plugins/event_listener.py for tasks to queue
[2023-08-16T23:54:23.573+0300] {logging_mixin.py:150} INFO - [2023-08-16T23:54:23.571+0300] {dagbag.py:541} INFO - Filling up the DagBag from /home/ylan/airflow/venv/lib/python3.9/site-packages/airflow/example_dags/plugins/event_listener.py
[2023-08-16T23:54:23.591+0300] {processor.py:838} WARNING - No viable dags retrieved from /home/ylan/airflow/venv/lib/python3.9/site-packages/airflow/example_dags/plugins/event_listener.py
[2023-08-16T23:54:23.826+0300] {processor.py:179} INFO - Processing /home/ylan/airflow/venv/lib/python3.9/site-packages/airflow/example_dags/plugins/event_listener.py took 0.333 seconds
[2023-08-16T23:54:54.216+0300] {processor.py:157} INFO - Started process (PID=219006) to work on /home/ylan/airflow/venv/lib/python3.9/site-packages/airflow/example_dags/plugins/event_listener.py
[2023-08-16T23:54:54.235+0300] {processor.py:826} INFO - Processing file /home/ylan/airflow/venv/lib/python3.9/site-packages/airflow/example_dags/plugins/event_listener.py for tasks to queue
[2023-08-16T23:54:54.238+0300] {logging_mixin.py:150} INFO - [2023-08-16T23:54:54.237+0300] {dagbag.py:541} INFO - Filling up the DagBag from /home/ylan/airflow/venv/lib/python3.9/site-packages/airflow/example_dags/plugins/event_listener.py
[2023-08-16T23:54:54.254+0300] {processor.py:838} WARNING - No viable dags retrieved from /home/ylan/airflow/venv/lib/python3.9/site-packages/airflow/example_dags/plugins/event_listener.py
[2023-08-16T23:54:54.407+0300] {processor.py:179} INFO - Processing /home/ylan/airflow/venv/lib/python3.9/site-packages/airflow/example_dags/plugins/event_listener.py took 0.209 seconds
[2023-08-16T23:55:24.727+0300] {processor.py:157} INFO - Started process (PID=219585) to work on /home/ylan/airflow/venv/lib/python3.9/site-packages/airflow/example_dags/plugins/event_listener.py
[2023-08-16T23:55:24.735+0300] {processor.py:826} INFO - Processing file /home/ylan/airflow/venv/lib/python3.9/site-packages/airflow/example_dags/plugins/event_listener.py for tasks to queue
[2023-08-16T23:55:24.738+0300] {logging_mixin.py:150} INFO - [2023-08-16T23:55:24.737+0300] {dagbag.py:541} INFO - Filling up the DagBag from /home/ylan/airflow/venv/lib/python3.9/site-packages/airflow/example_dags/plugins/event_listener.py
[2023-08-16T23:55:24.746+0300] {processor.py:838} WARNING - No viable dags retrieved from /home/ylan/airflow/venv/lib/python3.9/site-packages/airflow/example_dags/plugins/event_listener.py
[2023-08-16T23:55:24.837+0300] {processor.py:179} INFO - Processing /home/ylan/airflow/venv/lib/python3.9/site-packages/airflow/example_dags/plugins/event_listener.py took 0.123 seconds
[2023-08-16T23:55:56.577+0300] {processor.py:157} INFO - Started process (PID=220206) to work on /home/ylan/airflow/venv/lib/python3.9/site-packages/airflow/example_dags/plugins/event_listener.py
[2023-08-16T23:55:56.593+0300] {processor.py:826} INFO - Processing file /home/ylan/airflow/venv/lib/python3.9/site-packages/airflow/example_dags/plugins/event_listener.py for tasks to queue
[2023-08-16T23:55:56.597+0300] {logging_mixin.py:150} INFO - [2023-08-16T23:55:56.596+0300] {dagbag.py:541} INFO - Filling up the DagBag from /home/ylan/airflow/venv/lib/python3.9/site-packages/airflow/example_dags/plugins/event_listener.py
[2023-08-16T23:55:56.632+0300] {processor.py:838} WARNING - No viable dags retrieved from /home/ylan/airflow/venv/lib/python3.9/site-packages/airflow/example_dags/plugins/event_listener.py
[2023-08-16T23:55:56.850+0300] {processor.py:179} INFO - Processing /home/ylan/airflow/venv/lib/python3.9/site-packages/airflow/example_dags/plugins/event_listener.py took 0.313 seconds
[2023-08-16T23:56:27.031+0300] {processor.py:157} INFO - Started process (PID=220671) to work on /home/ylan/airflow/venv/lib/python3.9/site-packages/airflow/example_dags/plugins/event_listener.py
[2023-08-16T23:56:27.033+0300] {processor.py:826} INFO - Processing file /home/ylan/airflow/venv/lib/python3.9/site-packages/airflow/example_dags/plugins/event_listener.py for tasks to queue
[2023-08-16T23:56:27.035+0300] {logging_mixin.py:150} INFO - [2023-08-16T23:56:27.034+0300] {dagbag.py:541} INFO - Filling up the DagBag from /home/ylan/airflow/venv/lib/python3.9/site-packages/airflow/example_dags/plugins/event_listener.py
[2023-08-16T23:56:27.042+0300] {processor.py:838} WARNING - No viable dags retrieved from /home/ylan/airflow/venv/lib/python3.9/site-packages/airflow/example_dags/plugins/event_listener.py
[2023-08-16T23:56:27.123+0300] {processor.py:179} INFO - Processing /home/ylan/airflow/venv/lib/python3.9/site-packages/airflow/example_dags/plugins/event_listener.py took 0.104 seconds
[2023-08-16T23:56:57.932+0300] {processor.py:157} INFO - Started process (PID=221065) to work on /home/ylan/airflow/venv/lib/python3.9/site-packages/airflow/example_dags/plugins/event_listener.py
[2023-08-16T23:56:57.940+0300] {processor.py:826} INFO - Processing file /home/ylan/airflow/venv/lib/python3.9/site-packages/airflow/example_dags/plugins/event_listener.py for tasks to queue
[2023-08-16T23:56:57.943+0300] {logging_mixin.py:150} INFO - [2023-08-16T23:56:57.942+0300] {dagbag.py:541} INFO - Filling up the DagBag from /home/ylan/airflow/venv/lib/python3.9/site-packages/airflow/example_dags/plugins/event_listener.py
[2023-08-16T23:56:57.953+0300] {processor.py:838} WARNING - No viable dags retrieved from /home/ylan/airflow/venv/lib/python3.9/site-packages/airflow/example_dags/plugins/event_listener.py
[2023-08-16T23:56:58.073+0300] {processor.py:179} INFO - Processing /home/ylan/airflow/venv/lib/python3.9/site-packages/airflow/example_dags/plugins/event_listener.py took 0.159 seconds
[2023-08-16T23:57:31.035+0300] {processor.py:157} INFO - Started process (PID=221667) to work on /home/ylan/airflow/venv/lib/python3.9/site-packages/airflow/example_dags/plugins/event_listener.py
[2023-08-16T23:57:31.072+0300] {processor.py:826} INFO - Processing file /home/ylan/airflow/venv/lib/python3.9/site-packages/airflow/example_dags/plugins/event_listener.py for tasks to queue
[2023-08-16T23:57:31.086+0300] {logging_mixin.py:150} INFO - [2023-08-16T23:57:31.085+0300] {dagbag.py:541} INFO - Filling up the DagBag from /home/ylan/airflow/venv/lib/python3.9/site-packages/airflow/example_dags/plugins/event_listener.py
[2023-08-16T23:57:31.135+0300] {processor.py:838} WARNING - No viable dags retrieved from /home/ylan/airflow/venv/lib/python3.9/site-packages/airflow/example_dags/plugins/event_listener.py
[2023-08-16T23:57:31.461+0300] {processor.py:179} INFO - Processing /home/ylan/airflow/venv/lib/python3.9/site-packages/airflow/example_dags/plugins/event_listener.py took 0.472 seconds
[2023-08-16T23:58:01.866+0300] {processor.py:157} INFO - Started process (PID=222143) to work on /home/ylan/airflow/venv/lib/python3.9/site-packages/airflow/example_dags/plugins/event_listener.py
[2023-08-16T23:58:01.962+0300] {processor.py:826} INFO - Processing file /home/ylan/airflow/venv/lib/python3.9/site-packages/airflow/example_dags/plugins/event_listener.py for tasks to queue
[2023-08-16T23:58:01.980+0300] {logging_mixin.py:150} INFO - [2023-08-16T23:58:01.963+0300] {dagbag.py:541} INFO - Filling up the DagBag from /home/ylan/airflow/venv/lib/python3.9/site-packages/airflow/example_dags/plugins/event_listener.py
[2023-08-16T23:58:02.030+0300] {processor.py:838} WARNING - No viable dags retrieved from /home/ylan/airflow/venv/lib/python3.9/site-packages/airflow/example_dags/plugins/event_listener.py
[2023-08-16T23:58:02.153+0300] {processor.py:179} INFO - Processing /home/ylan/airflow/venv/lib/python3.9/site-packages/airflow/example_dags/plugins/event_listener.py took 0.303 seconds
[2023-08-16T23:58:33.070+0300] {processor.py:157} INFO - Started process (PID=222675) to work on /home/ylan/airflow/venv/lib/python3.9/site-packages/airflow/example_dags/plugins/event_listener.py
[2023-08-16T23:58:33.073+0300] {processor.py:826} INFO - Processing file /home/ylan/airflow/venv/lib/python3.9/site-packages/airflow/example_dags/plugins/event_listener.py for tasks to queue
[2023-08-16T23:58:33.088+0300] {logging_mixin.py:150} INFO - [2023-08-16T23:58:33.075+0300] {dagbag.py:541} INFO - Filling up the DagBag from /home/ylan/airflow/venv/lib/python3.9/site-packages/airflow/example_dags/plugins/event_listener.py
[2023-08-16T23:58:33.142+0300] {processor.py:838} WARNING - No viable dags retrieved from /home/ylan/airflow/venv/lib/python3.9/site-packages/airflow/example_dags/plugins/event_listener.py
[2023-08-16T23:58:33.609+0300] {processor.py:179} INFO - Processing /home/ylan/airflow/venv/lib/python3.9/site-packages/airflow/example_dags/plugins/event_listener.py took 0.595 seconds
[2023-08-16T23:59:04.758+0300] {processor.py:157} INFO - Started process (PID=223256) to work on /home/ylan/airflow/venv/lib/python3.9/site-packages/airflow/example_dags/plugins/event_listener.py
[2023-08-16T23:59:04.773+0300] {processor.py:826} INFO - Processing file /home/ylan/airflow/venv/lib/python3.9/site-packages/airflow/example_dags/plugins/event_listener.py for tasks to queue
[2023-08-16T23:59:04.777+0300] {logging_mixin.py:150} INFO - [2023-08-16T23:59:04.776+0300] {dagbag.py:541} INFO - Filling up the DagBag from /home/ylan/airflow/venv/lib/python3.9/site-packages/airflow/example_dags/plugins/event_listener.py
[2023-08-16T23:59:04.799+0300] {processor.py:838} WARNING - No viable dags retrieved from /home/ylan/airflow/venv/lib/python3.9/site-packages/airflow/example_dags/plugins/event_listener.py
[2023-08-16T23:59:04.964+0300] {processor.py:179} INFO - Processing /home/ylan/airflow/venv/lib/python3.9/site-packages/airflow/example_dags/plugins/event_listener.py took 0.228 seconds
[2023-08-16T23:59:36.934+0300] {processor.py:157} INFO - Started process (PID=223661) to work on /home/ylan/airflow/venv/lib/python3.9/site-packages/airflow/example_dags/plugins/event_listener.py
[2023-08-16T23:59:36.950+0300] {processor.py:826} INFO - Processing file /home/ylan/airflow/venv/lib/python3.9/site-packages/airflow/example_dags/plugins/event_listener.py for tasks to queue
[2023-08-16T23:59:36.954+0300] {logging_mixin.py:150} INFO - [2023-08-16T23:59:36.953+0300] {dagbag.py:541} INFO - Filling up the DagBag from /home/ylan/airflow/venv/lib/python3.9/site-packages/airflow/example_dags/plugins/event_listener.py
[2023-08-16T23:59:36.967+0300] {processor.py:838} WARNING - No viable dags retrieved from /home/ylan/airflow/venv/lib/python3.9/site-packages/airflow/example_dags/plugins/event_listener.py
[2023-08-16T23:59:37.134+0300] {processor.py:179} INFO - Processing /home/ylan/airflow/venv/lib/python3.9/site-packages/airflow/example_dags/plugins/event_listener.py took 0.316 seconds
[2023-08-17T00:00:09.779+0300] {processor.py:157} INFO - Started process (PID=224144) to work on /home/ylan/airflow/venv/lib/python3.9/site-packages/airflow/example_dags/plugins/event_listener.py
[2023-08-17T00:00:09.793+0300] {processor.py:826} INFO - Processing file /home/ylan/airflow/venv/lib/python3.9/site-packages/airflow/example_dags/plugins/event_listener.py for tasks to queue
[2023-08-17T00:00:09.796+0300] {logging_mixin.py:150} INFO - [2023-08-17T00:00:09.795+0300] {dagbag.py:541} INFO - Filling up the DagBag from /home/ylan/airflow/venv/lib/python3.9/site-packages/airflow/example_dags/plugins/event_listener.py
[2023-08-17T00:00:09.809+0300] {processor.py:838} WARNING - No viable dags retrieved from /home/ylan/airflow/venv/lib/python3.9/site-packages/airflow/example_dags/plugins/event_listener.py
[2023-08-17T00:00:09.920+0300] {processor.py:179} INFO - Processing /home/ylan/airflow/venv/lib/python3.9/site-packages/airflow/example_dags/plugins/event_listener.py took 0.163 seconds
[2023-08-17T00:00:46.386+0300] {processor.py:157} INFO - Started process (PID=224765) to work on /home/ylan/airflow/venv/lib/python3.9/site-packages/airflow/example_dags/plugins/event_listener.py
[2023-08-17T00:00:46.401+0300] {processor.py:826} INFO - Processing file /home/ylan/airflow/venv/lib/python3.9/site-packages/airflow/example_dags/plugins/event_listener.py for tasks to queue
[2023-08-17T00:00:46.418+0300] {logging_mixin.py:150} INFO - [2023-08-17T00:00:46.416+0300] {dagbag.py:541} INFO - Filling up the DagBag from /home/ylan/airflow/venv/lib/python3.9/site-packages/airflow/example_dags/plugins/event_listener.py
[2023-08-17T00:00:46.465+0300] {processor.py:838} WARNING - No viable dags retrieved from /home/ylan/airflow/venv/lib/python3.9/site-packages/airflow/example_dags/plugins/event_listener.py
[2023-08-17T00:00:46.621+0300] {processor.py:179} INFO - Processing /home/ylan/airflow/venv/lib/python3.9/site-packages/airflow/example_dags/plugins/event_listener.py took 0.267 seconds
[2023-08-17T00:01:17.139+0300] {processor.py:157} INFO - Started process (PID=225165) to work on /home/ylan/airflow/venv/lib/python3.9/site-packages/airflow/example_dags/plugins/event_listener.py
[2023-08-17T00:01:17.142+0300] {processor.py:826} INFO - Processing file /home/ylan/airflow/venv/lib/python3.9/site-packages/airflow/example_dags/plugins/event_listener.py for tasks to queue
[2023-08-17T00:01:17.146+0300] {logging_mixin.py:150} INFO - [2023-08-17T00:01:17.145+0300] {dagbag.py:541} INFO - Filling up the DagBag from /home/ylan/airflow/venv/lib/python3.9/site-packages/airflow/example_dags/plugins/event_listener.py
[2023-08-17T00:01:17.165+0300] {processor.py:838} WARNING - No viable dags retrieved from /home/ylan/airflow/venv/lib/python3.9/site-packages/airflow/example_dags/plugins/event_listener.py
[2023-08-17T00:01:17.351+0300] {processor.py:179} INFO - Processing /home/ylan/airflow/venv/lib/python3.9/site-packages/airflow/example_dags/plugins/event_listener.py took 0.239 seconds
[2023-08-17T00:01:54.308+0300] {processor.py:157} INFO - Started process (PID=225785) to work on /home/ylan/airflow/venv/lib/python3.9/site-packages/airflow/example_dags/plugins/event_listener.py
[2023-08-17T00:01:54.345+0300] {processor.py:826} INFO - Processing file /home/ylan/airflow/venv/lib/python3.9/site-packages/airflow/example_dags/plugins/event_listener.py for tasks to queue
[2023-08-17T00:01:54.348+0300] {logging_mixin.py:150} INFO - [2023-08-17T00:01:54.347+0300] {dagbag.py:541} INFO - Filling up the DagBag from /home/ylan/airflow/venv/lib/python3.9/site-packages/airflow/example_dags/plugins/event_listener.py
[2023-08-17T00:01:54.383+0300] {processor.py:838} WARNING - No viable dags retrieved from /home/ylan/airflow/venv/lib/python3.9/site-packages/airflow/example_dags/plugins/event_listener.py
[2023-08-17T00:01:54.702+0300] {processor.py:179} INFO - Processing /home/ylan/airflow/venv/lib/python3.9/site-packages/airflow/example_dags/plugins/event_listener.py took 0.433 seconds
[2023-08-17T00:02:27.175+0300] {processor.py:157} INFO - Started process (PID=226288) to work on /home/ylan/airflow/venv/lib/python3.9/site-packages/airflow/example_dags/plugins/event_listener.py
[2023-08-17T00:02:27.210+0300] {processor.py:826} INFO - Processing file /home/ylan/airflow/venv/lib/python3.9/site-packages/airflow/example_dags/plugins/event_listener.py for tasks to queue
[2023-08-17T00:02:27.215+0300] {logging_mixin.py:150} INFO - [2023-08-17T00:02:27.213+0300] {dagbag.py:541} INFO - Filling up the DagBag from /home/ylan/airflow/venv/lib/python3.9/site-packages/airflow/example_dags/plugins/event_listener.py
[2023-08-17T00:02:27.238+0300] {processor.py:838} WARNING - No viable dags retrieved from /home/ylan/airflow/venv/lib/python3.9/site-packages/airflow/example_dags/plugins/event_listener.py
[2023-08-17T00:02:27.654+0300] {processor.py:179} INFO - Processing /home/ylan/airflow/venv/lib/python3.9/site-packages/airflow/example_dags/plugins/event_listener.py took 0.547 seconds
[2023-08-17T00:02:59.453+0300] {processor.py:157} INFO - Started process (PID=226681) to work on /home/ylan/airflow/venv/lib/python3.9/site-packages/airflow/example_dags/plugins/event_listener.py
[2023-08-17T00:02:59.473+0300] {processor.py:826} INFO - Processing file /home/ylan/airflow/venv/lib/python3.9/site-packages/airflow/example_dags/plugins/event_listener.py for tasks to queue
[2023-08-17T00:02:59.475+0300] {logging_mixin.py:150} INFO - [2023-08-17T00:02:59.474+0300] {dagbag.py:541} INFO - Filling up the DagBag from /home/ylan/airflow/venv/lib/python3.9/site-packages/airflow/example_dags/plugins/event_listener.py
[2023-08-17T00:02:59.482+0300] {processor.py:838} WARNING - No viable dags retrieved from /home/ylan/airflow/venv/lib/python3.9/site-packages/airflow/example_dags/plugins/event_listener.py
[2023-08-17T00:02:59.702+0300] {processor.py:179} INFO - Processing /home/ylan/airflow/venv/lib/python3.9/site-packages/airflow/example_dags/plugins/event_listener.py took 0.307 seconds
[2023-08-17T00:03:32.844+0300] {processor.py:157} INFO - Started process (PID=227100) to work on /home/ylan/airflow/venv/lib/python3.9/site-packages/airflow/example_dags/plugins/event_listener.py
[2023-08-17T00:03:32.861+0300] {processor.py:826} INFO - Processing file /home/ylan/airflow/venv/lib/python3.9/site-packages/airflow/example_dags/plugins/event_listener.py for tasks to queue
[2023-08-17T00:03:32.864+0300] {logging_mixin.py:150} INFO - [2023-08-17T00:03:32.863+0300] {dagbag.py:541} INFO - Filling up the DagBag from /home/ylan/airflow/venv/lib/python3.9/site-packages/airflow/example_dags/plugins/event_listener.py
[2023-08-17T00:03:32.944+0300] {processor.py:838} WARNING - No viable dags retrieved from /home/ylan/airflow/venv/lib/python3.9/site-packages/airflow/example_dags/plugins/event_listener.py
[2023-08-17T00:03:33.135+0300] {processor.py:179} INFO - Processing /home/ylan/airflow/venv/lib/python3.9/site-packages/airflow/example_dags/plugins/event_listener.py took 0.313 seconds
[2023-08-17T00:04:04.131+0300] {processor.py:157} INFO - Started process (PID=227521) to work on /home/ylan/airflow/venv/lib/python3.9/site-packages/airflow/example_dags/plugins/event_listener.py
[2023-08-17T00:04:04.139+0300] {processor.py:826} INFO - Processing file /home/ylan/airflow/venv/lib/python3.9/site-packages/airflow/example_dags/plugins/event_listener.py for tasks to queue
[2023-08-17T00:04:04.155+0300] {logging_mixin.py:150} INFO - [2023-08-17T00:04:04.150+0300] {dagbag.py:541} INFO - Filling up the DagBag from /home/ylan/airflow/venv/lib/python3.9/site-packages/airflow/example_dags/plugins/event_listener.py
[2023-08-17T00:04:04.177+0300] {processor.py:838} WARNING - No viable dags retrieved from /home/ylan/airflow/venv/lib/python3.9/site-packages/airflow/example_dags/plugins/event_listener.py
[2023-08-17T00:04:04.301+0300] {processor.py:179} INFO - Processing /home/ylan/airflow/venv/lib/python3.9/site-packages/airflow/example_dags/plugins/event_listener.py took 0.189 seconds
[2023-08-17T00:04:47.971+0300] {processor.py:157} INFO - Started process (PID=228218) to work on /home/ylan/airflow/venv/lib/python3.9/site-packages/airflow/example_dags/plugins/event_listener.py
[2023-08-17T00:04:47.988+0300] {processor.py:826} INFO - Processing file /home/ylan/airflow/venv/lib/python3.9/site-packages/airflow/example_dags/plugins/event_listener.py for tasks to queue
[2023-08-17T00:04:48.012+0300] {logging_mixin.py:150} INFO - [2023-08-17T00:04:47.991+0300] {dagbag.py:541} INFO - Filling up the DagBag from /home/ylan/airflow/venv/lib/python3.9/site-packages/airflow/example_dags/plugins/event_listener.py
[2023-08-17T00:04:48.027+0300] {processor.py:838} WARNING - No viable dags retrieved from /home/ylan/airflow/venv/lib/python3.9/site-packages/airflow/example_dags/plugins/event_listener.py
[2023-08-17T00:04:48.353+0300] {processor.py:179} INFO - Processing /home/ylan/airflow/venv/lib/python3.9/site-packages/airflow/example_dags/plugins/event_listener.py took 0.448 seconds
[2023-08-17T00:05:18.762+0300] {processor.py:157} INFO - Started process (PID=228989) to work on /home/ylan/airflow/venv/lib/python3.9/site-packages/airflow/example_dags/plugins/event_listener.py
[2023-08-17T00:05:18.790+0300] {processor.py:826} INFO - Processing file /home/ylan/airflow/venv/lib/python3.9/site-packages/airflow/example_dags/plugins/event_listener.py for tasks to queue
[2023-08-17T00:05:18.793+0300] {logging_mixin.py:150} INFO - [2023-08-17T00:05:18.792+0300] {dagbag.py:541} INFO - Filling up the DagBag from /home/ylan/airflow/venv/lib/python3.9/site-packages/airflow/example_dags/plugins/event_listener.py
[2023-08-17T00:05:18.801+0300] {processor.py:838} WARNING - No viable dags retrieved from /home/ylan/airflow/venv/lib/python3.9/site-packages/airflow/example_dags/plugins/event_listener.py
[2023-08-17T00:05:18.900+0300] {processor.py:179} INFO - Processing /home/ylan/airflow/venv/lib/python3.9/site-packages/airflow/example_dags/plugins/event_listener.py took 0.149 seconds
[2023-08-17T00:05:51.765+0300] {processor.py:157} INFO - Started process (PID=229386) to work on /home/ylan/airflow/venv/lib/python3.9/site-packages/airflow/example_dags/plugins/event_listener.py
[2023-08-17T00:05:51.781+0300] {processor.py:826} INFO - Processing file /home/ylan/airflow/venv/lib/python3.9/site-packages/airflow/example_dags/plugins/event_listener.py for tasks to queue
[2023-08-17T00:05:51.794+0300] {logging_mixin.py:150} INFO - [2023-08-17T00:05:51.793+0300] {dagbag.py:541} INFO - Filling up the DagBag from /home/ylan/airflow/venv/lib/python3.9/site-packages/airflow/example_dags/plugins/event_listener.py
[2023-08-17T00:05:51.845+0300] {processor.py:838} WARNING - No viable dags retrieved from /home/ylan/airflow/venv/lib/python3.9/site-packages/airflow/example_dags/plugins/event_listener.py
[2023-08-17T00:05:52.174+0300] {processor.py:179} INFO - Processing /home/ylan/airflow/venv/lib/python3.9/site-packages/airflow/example_dags/plugins/event_listener.py took 0.487 seconds
[2023-08-17T00:06:24.102+0300] {processor.py:157} INFO - Started process (PID=229831) to work on /home/ylan/airflow/venv/lib/python3.9/site-packages/airflow/example_dags/plugins/event_listener.py
[2023-08-17T00:06:24.138+0300] {processor.py:826} INFO - Processing file /home/ylan/airflow/venv/lib/python3.9/site-packages/airflow/example_dags/plugins/event_listener.py for tasks to queue
[2023-08-17T00:06:24.169+0300] {logging_mixin.py:150} INFO - [2023-08-17T00:06:24.151+0300] {dagbag.py:541} INFO - Filling up the DagBag from /home/ylan/airflow/venv/lib/python3.9/site-packages/airflow/example_dags/plugins/event_listener.py
[2023-08-17T00:06:24.224+0300] {processor.py:838} WARNING - No viable dags retrieved from /home/ylan/airflow/venv/lib/python3.9/site-packages/airflow/example_dags/plugins/event_listener.py
[2023-08-17T00:06:24.526+0300] {processor.py:179} INFO - Processing /home/ylan/airflow/venv/lib/python3.9/site-packages/airflow/example_dags/plugins/event_listener.py took 0.552 seconds
[2023-08-17T00:06:55.341+0300] {processor.py:157} INFO - Started process (PID=230226) to work on /home/ylan/airflow/venv/lib/python3.9/site-packages/airflow/example_dags/plugins/event_listener.py
[2023-08-17T00:06:55.378+0300] {processor.py:826} INFO - Processing file /home/ylan/airflow/venv/lib/python3.9/site-packages/airflow/example_dags/plugins/event_listener.py for tasks to queue
[2023-08-17T00:06:55.381+0300] {logging_mixin.py:150} INFO - [2023-08-17T00:06:55.380+0300] {dagbag.py:541} INFO - Filling up the DagBag from /home/ylan/airflow/venv/lib/python3.9/site-packages/airflow/example_dags/plugins/event_listener.py
[2023-08-17T00:06:55.388+0300] {processor.py:838} WARNING - No viable dags retrieved from /home/ylan/airflow/venv/lib/python3.9/site-packages/airflow/example_dags/plugins/event_listener.py
[2023-08-17T00:06:55.469+0300] {processor.py:179} INFO - Processing /home/ylan/airflow/venv/lib/python3.9/site-packages/airflow/example_dags/plugins/event_listener.py took 0.139 seconds
[2023-08-17T00:08:23.220+0300] {processor.py:157} INFO - Started process (PID=231817) to work on /home/ylan/airflow/venv/lib/python3.9/site-packages/airflow/example_dags/plugins/event_listener.py
[2023-08-17T00:08:23.237+0300] {processor.py:826} INFO - Processing file /home/ylan/airflow/venv/lib/python3.9/site-packages/airflow/example_dags/plugins/event_listener.py for tasks to queue
[2023-08-17T00:08:23.239+0300] {logging_mixin.py:150} INFO - [2023-08-17T00:08:23.239+0300] {dagbag.py:541} INFO - Filling up the DagBag from /home/ylan/airflow/venv/lib/python3.9/site-packages/airflow/example_dags/plugins/event_listener.py
[2023-08-17T00:08:23.267+0300] {processor.py:838} WARNING - No viable dags retrieved from /home/ylan/airflow/venv/lib/python3.9/site-packages/airflow/example_dags/plugins/event_listener.py
[2023-08-17T00:08:23.621+0300] {processor.py:179} INFO - Processing /home/ylan/airflow/venv/lib/python3.9/site-packages/airflow/example_dags/plugins/event_listener.py took 0.429 seconds
[2023-08-17T00:08:54.042+0300] {processor.py:157} INFO - Started process (PID=232231) to work on /home/ylan/airflow/venv/lib/python3.9/site-packages/airflow/example_dags/plugins/event_listener.py
[2023-08-17T00:08:54.066+0300] {processor.py:826} INFO - Processing file /home/ylan/airflow/venv/lib/python3.9/site-packages/airflow/example_dags/plugins/event_listener.py for tasks to queue
[2023-08-17T00:08:54.077+0300] {logging_mixin.py:150} INFO - [2023-08-17T00:08:54.076+0300] {dagbag.py:541} INFO - Filling up the DagBag from /home/ylan/airflow/venv/lib/python3.9/site-packages/airflow/example_dags/plugins/event_listener.py
[2023-08-17T00:08:54.114+0300] {processor.py:838} WARNING - No viable dags retrieved from /home/ylan/airflow/venv/lib/python3.9/site-packages/airflow/example_dags/plugins/event_listener.py
[2023-08-17T00:08:54.269+0300] {processor.py:179} INFO - Processing /home/ylan/airflow/venv/lib/python3.9/site-packages/airflow/example_dags/plugins/event_listener.py took 0.257 seconds
[2023-08-17T00:09:27.315+0300] {processor.py:157} INFO - Started process (PID=232723) to work on /home/ylan/airflow/venv/lib/python3.9/site-packages/airflow/example_dags/plugins/event_listener.py
[2023-08-17T00:09:27.317+0300] {processor.py:826} INFO - Processing file /home/ylan/airflow/venv/lib/python3.9/site-packages/airflow/example_dags/plugins/event_listener.py for tasks to queue
[2023-08-17T00:09:27.319+0300] {logging_mixin.py:150} INFO - [2023-08-17T00:09:27.318+0300] {dagbag.py:541} INFO - Filling up the DagBag from /home/ylan/airflow/venv/lib/python3.9/site-packages/airflow/example_dags/plugins/event_listener.py
[2023-08-17T00:09:27.325+0300] {processor.py:838} WARNING - No viable dags retrieved from /home/ylan/airflow/venv/lib/python3.9/site-packages/airflow/example_dags/plugins/event_listener.py
[2023-08-17T00:09:27.398+0300] {processor.py:179} INFO - Processing /home/ylan/airflow/venv/lib/python3.9/site-packages/airflow/example_dags/plugins/event_listener.py took 0.097 seconds
[2023-08-17T00:10:03.137+0300] {processor.py:157} INFO - Started process (PID=233141) to work on /home/ylan/airflow/venv/lib/python3.9/site-packages/airflow/example_dags/plugins/event_listener.py
[2023-08-17T00:10:03.155+0300] {processor.py:826} INFO - Processing file /home/ylan/airflow/venv/lib/python3.9/site-packages/airflow/example_dags/plugins/event_listener.py for tasks to queue
[2023-08-17T00:10:03.160+0300] {logging_mixin.py:150} INFO - [2023-08-17T00:10:03.158+0300] {dagbag.py:541} INFO - Filling up the DagBag from /home/ylan/airflow/venv/lib/python3.9/site-packages/airflow/example_dags/plugins/event_listener.py
[2023-08-17T00:10:03.168+0300] {processor.py:838} WARNING - No viable dags retrieved from /home/ylan/airflow/venv/lib/python3.9/site-packages/airflow/example_dags/plugins/event_listener.py
[2023-08-17T00:10:03.632+0300] {processor.py:179} INFO - Processing /home/ylan/airflow/venv/lib/python3.9/site-packages/airflow/example_dags/plugins/event_listener.py took 0.531 seconds
[2023-08-17T00:10:37.980+0300] {processor.py:157} INFO - Started process (PID=233599) to work on /home/ylan/airflow/venv/lib/python3.9/site-packages/airflow/example_dags/plugins/event_listener.py
[2023-08-17T00:10:38.133+0300] {processor.py:826} INFO - Processing file /home/ylan/airflow/venv/lib/python3.9/site-packages/airflow/example_dags/plugins/event_listener.py for tasks to queue
[2023-08-17T00:10:38.138+0300] {logging_mixin.py:150} INFO - [2023-08-17T00:10:38.135+0300] {dagbag.py:541} INFO - Filling up the DagBag from /home/ylan/airflow/venv/lib/python3.9/site-packages/airflow/example_dags/plugins/event_listener.py
[2023-08-17T00:10:38.156+0300] {processor.py:838} WARNING - No viable dags retrieved from /home/ylan/airflow/venv/lib/python3.9/site-packages/airflow/example_dags/plugins/event_listener.py
[2023-08-17T00:10:38.328+0300] {processor.py:179} INFO - Processing /home/ylan/airflow/venv/lib/python3.9/site-packages/airflow/example_dags/plugins/event_listener.py took 0.350 seconds
[2023-08-17T00:11:13.277+0300] {processor.py:157} INFO - Started process (PID=234216) to work on /home/ylan/airflow/venv/lib/python3.9/site-packages/airflow/example_dags/plugins/event_listener.py
[2023-08-17T00:11:13.293+0300] {processor.py:826} INFO - Processing file /home/ylan/airflow/venv/lib/python3.9/site-packages/airflow/example_dags/plugins/event_listener.py for tasks to queue
[2023-08-17T00:11:13.296+0300] {logging_mixin.py:150} INFO - [2023-08-17T00:11:13.295+0300] {dagbag.py:541} INFO - Filling up the DagBag from /home/ylan/airflow/venv/lib/python3.9/site-packages/airflow/example_dags/plugins/event_listener.py
[2023-08-17T00:11:13.315+0300] {processor.py:838} WARNING - No viable dags retrieved from /home/ylan/airflow/venv/lib/python3.9/site-packages/airflow/example_dags/plugins/event_listener.py
[2023-08-17T00:11:13.469+0300] {processor.py:179} INFO - Processing /home/ylan/airflow/venv/lib/python3.9/site-packages/airflow/example_dags/plugins/event_listener.py took 0.212 seconds
[2023-08-17T00:11:43.735+0300] {processor.py:157} INFO - Started process (PID=234805) to work on /home/ylan/airflow/venv/lib/python3.9/site-packages/airflow/example_dags/plugins/event_listener.py
[2023-08-17T00:11:43.754+0300] {processor.py:826} INFO - Processing file /home/ylan/airflow/venv/lib/python3.9/site-packages/airflow/example_dags/plugins/event_listener.py for tasks to queue
[2023-08-17T00:11:43.757+0300] {logging_mixin.py:150} INFO - [2023-08-17T00:11:43.756+0300] {dagbag.py:541} INFO - Filling up the DagBag from /home/ylan/airflow/venv/lib/python3.9/site-packages/airflow/example_dags/plugins/event_listener.py
[2023-08-17T00:11:43.782+0300] {processor.py:838} WARNING - No viable dags retrieved from /home/ylan/airflow/venv/lib/python3.9/site-packages/airflow/example_dags/plugins/event_listener.py
[2023-08-17T00:11:43.935+0300] {processor.py:179} INFO - Processing /home/ylan/airflow/venv/lib/python3.9/site-packages/airflow/example_dags/plugins/event_listener.py took 0.233 seconds
[2023-08-17T00:12:14.151+0300] {processor.py:157} INFO - Started process (PID=235384) to work on /home/ylan/airflow/venv/lib/python3.9/site-packages/airflow/example_dags/plugins/event_listener.py
[2023-08-17T00:12:14.165+0300] {processor.py:826} INFO - Processing file /home/ylan/airflow/venv/lib/python3.9/site-packages/airflow/example_dags/plugins/event_listener.py for tasks to queue
[2023-08-17T00:12:14.169+0300] {logging_mixin.py:150} INFO - [2023-08-17T00:12:14.168+0300] {dagbag.py:541} INFO - Filling up the DagBag from /home/ylan/airflow/venv/lib/python3.9/site-packages/airflow/example_dags/plugins/event_listener.py
[2023-08-17T00:12:14.202+0300] {processor.py:838} WARNING - No viable dags retrieved from /home/ylan/airflow/venv/lib/python3.9/site-packages/airflow/example_dags/plugins/event_listener.py
[2023-08-17T00:12:14.397+0300] {processor.py:179} INFO - Processing /home/ylan/airflow/venv/lib/python3.9/site-packages/airflow/example_dags/plugins/event_listener.py took 0.274 seconds
[2023-08-17T00:12:49.199+0300] {processor.py:157} INFO - Started process (PID=235860) to work on /home/ylan/airflow/venv/lib/python3.9/site-packages/airflow/example_dags/plugins/event_listener.py
[2023-08-17T00:12:49.205+0300] {processor.py:826} INFO - Processing file /home/ylan/airflow/venv/lib/python3.9/site-packages/airflow/example_dags/plugins/event_listener.py for tasks to queue
[2023-08-17T00:12:49.207+0300] {logging_mixin.py:150} INFO - [2023-08-17T00:12:49.207+0300] {dagbag.py:541} INFO - Filling up the DagBag from /home/ylan/airflow/venv/lib/python3.9/site-packages/airflow/example_dags/plugins/event_listener.py
[2023-08-17T00:12:49.218+0300] {processor.py:838} WARNING - No viable dags retrieved from /home/ylan/airflow/venv/lib/python3.9/site-packages/airflow/example_dags/plugins/event_listener.py
[2023-08-17T00:12:49.437+0300] {processor.py:179} INFO - Processing /home/ylan/airflow/venv/lib/python3.9/site-packages/airflow/example_dags/plugins/event_listener.py took 0.280 seconds
[2023-08-17T00:13:26.240+0300] {processor.py:157} INFO - Started process (PID=236357) to work on /home/ylan/airflow/venv/lib/python3.9/site-packages/airflow/example_dags/plugins/event_listener.py
[2023-08-17T00:13:26.324+0300] {processor.py:826} INFO - Processing file /home/ylan/airflow/venv/lib/python3.9/site-packages/airflow/example_dags/plugins/event_listener.py for tasks to queue
[2023-08-17T00:13:26.327+0300] {logging_mixin.py:150} INFO - [2023-08-17T00:13:26.326+0300] {dagbag.py:541} INFO - Filling up the DagBag from /home/ylan/airflow/venv/lib/python3.9/site-packages/airflow/example_dags/plugins/event_listener.py
[2023-08-17T00:13:26.345+0300] {processor.py:838} WARNING - No viable dags retrieved from /home/ylan/airflow/venv/lib/python3.9/site-packages/airflow/example_dags/plugins/event_listener.py
[2023-08-17T00:13:26.697+0300] {processor.py:179} INFO - Processing /home/ylan/airflow/venv/lib/python3.9/site-packages/airflow/example_dags/plugins/event_listener.py took 0.522 seconds
[2023-08-17T00:13:57.106+0300] {processor.py:157} INFO - Started process (PID=236819) to work on /home/ylan/airflow/venv/lib/python3.9/site-packages/airflow/example_dags/plugins/event_listener.py
[2023-08-17T00:13:57.125+0300] {processor.py:826} INFO - Processing file /home/ylan/airflow/venv/lib/python3.9/site-packages/airflow/example_dags/plugins/event_listener.py for tasks to queue
[2023-08-17T00:13:57.129+0300] {logging_mixin.py:150} INFO - [2023-08-17T00:13:57.128+0300] {dagbag.py:541} INFO - Filling up the DagBag from /home/ylan/airflow/venv/lib/python3.9/site-packages/airflow/example_dags/plugins/event_listener.py
[2023-08-17T00:13:57.147+0300] {processor.py:838} WARNING - No viable dags retrieved from /home/ylan/airflow/venv/lib/python3.9/site-packages/airflow/example_dags/plugins/event_listener.py
[2023-08-17T00:13:57.292+0300] {processor.py:179} INFO - Processing /home/ylan/airflow/venv/lib/python3.9/site-packages/airflow/example_dags/plugins/event_listener.py took 0.203 seconds
[2023-08-17T00:14:35.234+0300] {processor.py:157} INFO - Started process (PID=237550) to work on /home/ylan/airflow/venv/lib/python3.9/site-packages/airflow/example_dags/plugins/event_listener.py
[2023-08-17T00:14:35.250+0300] {processor.py:826} INFO - Processing file /home/ylan/airflow/venv/lib/python3.9/site-packages/airflow/example_dags/plugins/event_listener.py for tasks to queue
[2023-08-17T00:14:35.261+0300] {logging_mixin.py:150} INFO - [2023-08-17T00:14:35.252+0300] {dagbag.py:541} INFO - Filling up the DagBag from /home/ylan/airflow/venv/lib/python3.9/site-packages/airflow/example_dags/plugins/event_listener.py
[2023-08-17T00:14:35.294+0300] {processor.py:838} WARNING - No viable dags retrieved from /home/ylan/airflow/venv/lib/python3.9/site-packages/airflow/example_dags/plugins/event_listener.py
[2023-08-17T00:14:35.689+0300] {processor.py:179} INFO - Processing /home/ylan/airflow/venv/lib/python3.9/site-packages/airflow/example_dags/plugins/event_listener.py took 0.598 seconds
