[2023-08-16T23:27:35.475+0300] {processor.py:157} INFO - Started process (PID=192906) to work on /home/ylan/airflow/venv/lib/python3.9/site-packages/airflow/example_dags/plugins/listener_plugin.py
[2023-08-16T23:27:35.478+0300] {processor.py:826} INFO - Processing file /home/ylan/airflow/venv/lib/python3.9/site-packages/airflow/example_dags/plugins/listener_plugin.py for tasks to queue
[2023-08-16T23:27:35.481+0300] {logging_mixin.py:150} INFO - [2023-08-16T23:27:35.480+0300] {dagbag.py:541} INFO - Filling up the DagBag from /home/ylan/airflow/venv/lib/python3.9/site-packages/airflow/example_dags/plugins/listener_plugin.py
[2023-08-16T23:27:35.492+0300] {processor.py:838} WARNING - No viable dags retrieved from /home/ylan/airflow/venv/lib/python3.9/site-packages/airflow/example_dags/plugins/listener_plugin.py
[2023-08-16T23:27:35.608+0300] {processor.py:179} INFO - Processing /home/ylan/airflow/venv/lib/python3.9/site-packages/airflow/example_dags/plugins/listener_plugin.py took 0.149 seconds
[2023-08-16T23:28:38.963+0300] {processor.py:157} INFO - Started process (PID=193580) to work on /home/ylan/airflow/venv/lib/python3.9/site-packages/airflow/example_dags/plugins/listener_plugin.py
[2023-08-16T23:28:38.973+0300] {processor.py:826} INFO - Processing file /home/ylan/airflow/venv/lib/python3.9/site-packages/airflow/example_dags/plugins/listener_plugin.py for tasks to queue
[2023-08-16T23:28:38.977+0300] {logging_mixin.py:150} INFO - [2023-08-16T23:28:38.976+0300] {dagbag.py:541} INFO - Filling up the DagBag from /home/ylan/airflow/venv/lib/python3.9/site-packages/airflow/example_dags/plugins/listener_plugin.py
[2023-08-16T23:28:39.008+0300] {processor.py:838} WARNING - No viable dags retrieved from /home/ylan/airflow/venv/lib/python3.9/site-packages/airflow/example_dags/plugins/listener_plugin.py
[2023-08-16T23:28:39.231+0300] {processor.py:179} INFO - Processing /home/ylan/airflow/venv/lib/python3.9/site-packages/airflow/example_dags/plugins/listener_plugin.py took 0.284 seconds
[2023-08-16T23:29:09.665+0300] {processor.py:157} INFO - Started process (PID=193999) to work on /home/ylan/airflow/venv/lib/python3.9/site-packages/airflow/example_dags/plugins/listener_plugin.py
[2023-08-16T23:29:09.669+0300] {processor.py:826} INFO - Processing file /home/ylan/airflow/venv/lib/python3.9/site-packages/airflow/example_dags/plugins/listener_plugin.py for tasks to queue
[2023-08-16T23:29:09.672+0300] {logging_mixin.py:150} INFO - [2023-08-16T23:29:09.671+0300] {dagbag.py:541} INFO - Filling up the DagBag from /home/ylan/airflow/venv/lib/python3.9/site-packages/airflow/example_dags/plugins/listener_plugin.py
[2023-08-16T23:29:09.706+0300] {processor.py:838} WARNING - No viable dags retrieved from /home/ylan/airflow/venv/lib/python3.9/site-packages/airflow/example_dags/plugins/listener_plugin.py
[2023-08-16T23:29:09.940+0300] {processor.py:179} INFO - Processing /home/ylan/airflow/venv/lib/python3.9/site-packages/airflow/example_dags/plugins/listener_plugin.py took 0.289 seconds
[2023-08-16T23:29:41.875+0300] {processor.py:157} INFO - Started process (PID=194629) to work on /home/ylan/airflow/venv/lib/python3.9/site-packages/airflow/example_dags/plugins/listener_plugin.py
[2023-08-16T23:29:41.881+0300] {processor.py:826} INFO - Processing file /home/ylan/airflow/venv/lib/python3.9/site-packages/airflow/example_dags/plugins/listener_plugin.py for tasks to queue
[2023-08-16T23:29:41.884+0300] {logging_mixin.py:150} INFO - [2023-08-16T23:29:41.883+0300] {dagbag.py:541} INFO - Filling up the DagBag from /home/ylan/airflow/venv/lib/python3.9/site-packages/airflow/example_dags/plugins/listener_plugin.py
[2023-08-16T23:29:41.893+0300] {processor.py:838} WARNING - No viable dags retrieved from /home/ylan/airflow/venv/lib/python3.9/site-packages/airflow/example_dags/plugins/listener_plugin.py
[2023-08-16T23:29:42.053+0300] {processor.py:179} INFO - Processing /home/ylan/airflow/venv/lib/python3.9/site-packages/airflow/example_dags/plugins/listener_plugin.py took 0.190 seconds
[2023-08-16T23:30:14.328+0300] {processor.py:157} INFO - Started process (PID=195277) to work on /home/ylan/airflow/venv/lib/python3.9/site-packages/airflow/example_dags/plugins/listener_plugin.py
[2023-08-16T23:30:14.344+0300] {processor.py:826} INFO - Processing file /home/ylan/airflow/venv/lib/python3.9/site-packages/airflow/example_dags/plugins/listener_plugin.py for tasks to queue
[2023-08-16T23:30:14.351+0300] {logging_mixin.py:150} INFO - [2023-08-16T23:30:14.346+0300] {dagbag.py:541} INFO - Filling up the DagBag from /home/ylan/airflow/venv/lib/python3.9/site-packages/airflow/example_dags/plugins/listener_plugin.py
[2023-08-16T23:30:14.370+0300] {processor.py:838} WARNING - No viable dags retrieved from /home/ylan/airflow/venv/lib/python3.9/site-packages/airflow/example_dags/plugins/listener_plugin.py
[2023-08-16T23:30:14.561+0300] {processor.py:179} INFO - Processing /home/ylan/airflow/venv/lib/python3.9/site-packages/airflow/example_dags/plugins/listener_plugin.py took 0.252 seconds
[2023-08-16T23:30:45.129+0300] {processor.py:157} INFO - Started process (PID=195926) to work on /home/ylan/airflow/venv/lib/python3.9/site-packages/airflow/example_dags/plugins/listener_plugin.py
[2023-08-16T23:30:45.137+0300] {processor.py:826} INFO - Processing file /home/ylan/airflow/venv/lib/python3.9/site-packages/airflow/example_dags/plugins/listener_plugin.py for tasks to queue
[2023-08-16T23:30:45.139+0300] {logging_mixin.py:150} INFO - [2023-08-16T23:30:45.138+0300] {dagbag.py:541} INFO - Filling up the DagBag from /home/ylan/airflow/venv/lib/python3.9/site-packages/airflow/example_dags/plugins/listener_plugin.py
[2023-08-16T23:30:45.149+0300] {processor.py:838} WARNING - No viable dags retrieved from /home/ylan/airflow/venv/lib/python3.9/site-packages/airflow/example_dags/plugins/listener_plugin.py
[2023-08-16T23:30:45.245+0300] {processor.py:179} INFO - Processing /home/ylan/airflow/venv/lib/python3.9/site-packages/airflow/example_dags/plugins/listener_plugin.py took 0.129 seconds
[2023-08-16T23:31:16.795+0300] {processor.py:157} INFO - Started process (PID=196361) to work on /home/ylan/airflow/venv/lib/python3.9/site-packages/airflow/example_dags/plugins/listener_plugin.py
[2023-08-16T23:31:16.798+0300] {processor.py:826} INFO - Processing file /home/ylan/airflow/venv/lib/python3.9/site-packages/airflow/example_dags/plugins/listener_plugin.py for tasks to queue
[2023-08-16T23:31:16.802+0300] {logging_mixin.py:150} INFO - [2023-08-16T23:31:16.801+0300] {dagbag.py:541} INFO - Filling up the DagBag from /home/ylan/airflow/venv/lib/python3.9/site-packages/airflow/example_dags/plugins/listener_plugin.py
[2023-08-16T23:31:16.812+0300] {processor.py:838} WARNING - No viable dags retrieved from /home/ylan/airflow/venv/lib/python3.9/site-packages/airflow/example_dags/plugins/listener_plugin.py
[2023-08-16T23:31:16.919+0300] {processor.py:179} INFO - Processing /home/ylan/airflow/venv/lib/python3.9/site-packages/airflow/example_dags/plugins/listener_plugin.py took 0.140 seconds
[2023-08-16T23:31:48.106+0300] {processor.py:157} INFO - Started process (PID=196790) to work on /home/ylan/airflow/venv/lib/python3.9/site-packages/airflow/example_dags/plugins/listener_plugin.py
[2023-08-16T23:31:48.115+0300] {processor.py:826} INFO - Processing file /home/ylan/airflow/venv/lib/python3.9/site-packages/airflow/example_dags/plugins/listener_plugin.py for tasks to queue
[2023-08-16T23:31:48.119+0300] {logging_mixin.py:150} INFO - [2023-08-16T23:31:48.118+0300] {dagbag.py:541} INFO - Filling up the DagBag from /home/ylan/airflow/venv/lib/python3.9/site-packages/airflow/example_dags/plugins/listener_plugin.py
[2023-08-16T23:31:48.134+0300] {processor.py:838} WARNING - No viable dags retrieved from /home/ylan/airflow/venv/lib/python3.9/site-packages/airflow/example_dags/plugins/listener_plugin.py
[2023-08-16T23:31:48.429+0300] {processor.py:179} INFO - Processing /home/ylan/airflow/venv/lib/python3.9/site-packages/airflow/example_dags/plugins/listener_plugin.py took 0.353 seconds
[2023-08-16T23:32:19.317+0300] {processor.py:157} INFO - Started process (PID=197339) to work on /home/ylan/airflow/venv/lib/python3.9/site-packages/airflow/example_dags/plugins/listener_plugin.py
[2023-08-16T23:32:19.319+0300] {processor.py:826} INFO - Processing file /home/ylan/airflow/venv/lib/python3.9/site-packages/airflow/example_dags/plugins/listener_plugin.py for tasks to queue
[2023-08-16T23:32:19.322+0300] {logging_mixin.py:150} INFO - [2023-08-16T23:32:19.321+0300] {dagbag.py:541} INFO - Filling up the DagBag from /home/ylan/airflow/venv/lib/python3.9/site-packages/airflow/example_dags/plugins/listener_plugin.py
[2023-08-16T23:32:19.332+0300] {processor.py:838} WARNING - No viable dags retrieved from /home/ylan/airflow/venv/lib/python3.9/site-packages/airflow/example_dags/plugins/listener_plugin.py
[2023-08-16T23:32:19.418+0300] {processor.py:179} INFO - Processing /home/ylan/airflow/venv/lib/python3.9/site-packages/airflow/example_dags/plugins/listener_plugin.py took 0.114 seconds
[2023-08-16T23:32:49.801+0300] {processor.py:157} INFO - Started process (PID=197885) to work on /home/ylan/airflow/venv/lib/python3.9/site-packages/airflow/example_dags/plugins/listener_plugin.py
[2023-08-16T23:32:49.804+0300] {processor.py:826} INFO - Processing file /home/ylan/airflow/venv/lib/python3.9/site-packages/airflow/example_dags/plugins/listener_plugin.py for tasks to queue
[2023-08-16T23:32:49.806+0300] {logging_mixin.py:150} INFO - [2023-08-16T23:32:49.805+0300] {dagbag.py:541} INFO - Filling up the DagBag from /home/ylan/airflow/venv/lib/python3.9/site-packages/airflow/example_dags/plugins/listener_plugin.py
[2023-08-16T23:32:49.821+0300] {processor.py:838} WARNING - No viable dags retrieved from /home/ylan/airflow/venv/lib/python3.9/site-packages/airflow/example_dags/plugins/listener_plugin.py
[2023-08-16T23:32:49.901+0300] {processor.py:179} INFO - Processing /home/ylan/airflow/venv/lib/python3.9/site-packages/airflow/example_dags/plugins/listener_plugin.py took 0.111 seconds
[2023-08-16T23:33:21.995+0300] {processor.py:157} INFO - Started process (PID=198489) to work on /home/ylan/airflow/venv/lib/python3.9/site-packages/airflow/example_dags/plugins/listener_plugin.py
[2023-08-16T23:33:22.015+0300] {processor.py:826} INFO - Processing file /home/ylan/airflow/venv/lib/python3.9/site-packages/airflow/example_dags/plugins/listener_plugin.py for tasks to queue
[2023-08-16T23:33:22.021+0300] {logging_mixin.py:150} INFO - [2023-08-16T23:33:22.020+0300] {dagbag.py:541} INFO - Filling up the DagBag from /home/ylan/airflow/venv/lib/python3.9/site-packages/airflow/example_dags/plugins/listener_plugin.py
[2023-08-16T23:33:22.033+0300] {processor.py:838} WARNING - No viable dags retrieved from /home/ylan/airflow/venv/lib/python3.9/site-packages/airflow/example_dags/plugins/listener_plugin.py
[2023-08-16T23:33:22.142+0300] {processor.py:179} INFO - Processing /home/ylan/airflow/venv/lib/python3.9/site-packages/airflow/example_dags/plugins/listener_plugin.py took 0.175 seconds
[2023-08-16T23:33:53.210+0300] {processor.py:157} INFO - Started process (PID=199100) to work on /home/ylan/airflow/venv/lib/python3.9/site-packages/airflow/example_dags/plugins/listener_plugin.py
[2023-08-16T23:33:53.218+0300] {processor.py:826} INFO - Processing file /home/ylan/airflow/venv/lib/python3.9/site-packages/airflow/example_dags/plugins/listener_plugin.py for tasks to queue
[2023-08-16T23:33:53.222+0300] {logging_mixin.py:150} INFO - [2023-08-16T23:33:53.222+0300] {dagbag.py:541} INFO - Filling up the DagBag from /home/ylan/airflow/venv/lib/python3.9/site-packages/airflow/example_dags/plugins/listener_plugin.py
[2023-08-16T23:33:53.233+0300] {processor.py:838} WARNING - No viable dags retrieved from /home/ylan/airflow/venv/lib/python3.9/site-packages/airflow/example_dags/plugins/listener_plugin.py
[2023-08-16T23:33:53.398+0300] {processor.py:179} INFO - Processing /home/ylan/airflow/venv/lib/python3.9/site-packages/airflow/example_dags/plugins/listener_plugin.py took 0.218 seconds
[2023-08-16T23:34:24.697+0300] {processor.py:157} INFO - Started process (PID=199526) to work on /home/ylan/airflow/venv/lib/python3.9/site-packages/airflow/example_dags/plugins/listener_plugin.py
[2023-08-16T23:34:24.715+0300] {processor.py:826} INFO - Processing file /home/ylan/airflow/venv/lib/python3.9/site-packages/airflow/example_dags/plugins/listener_plugin.py for tasks to queue
[2023-08-16T23:34:24.730+0300] {logging_mixin.py:150} INFO - [2023-08-16T23:34:24.729+0300] {dagbag.py:541} INFO - Filling up the DagBag from /home/ylan/airflow/venv/lib/python3.9/site-packages/airflow/example_dags/plugins/listener_plugin.py
[2023-08-16T23:34:24.779+0300] {processor.py:838} WARNING - No viable dags retrieved from /home/ylan/airflow/venv/lib/python3.9/site-packages/airflow/example_dags/plugins/listener_plugin.py
[2023-08-16T23:34:25.045+0300] {processor.py:179} INFO - Processing /home/ylan/airflow/venv/lib/python3.9/site-packages/airflow/example_dags/plugins/listener_plugin.py took 0.364 seconds
[2023-08-16T23:34:55.456+0300] {processor.py:157} INFO - Started process (PID=199919) to work on /home/ylan/airflow/venv/lib/python3.9/site-packages/airflow/example_dags/plugins/listener_plugin.py
[2023-08-16T23:34:55.465+0300] {processor.py:826} INFO - Processing file /home/ylan/airflow/venv/lib/python3.9/site-packages/airflow/example_dags/plugins/listener_plugin.py for tasks to queue
[2023-08-16T23:34:55.473+0300] {logging_mixin.py:150} INFO - [2023-08-16T23:34:55.467+0300] {dagbag.py:541} INFO - Filling up the DagBag from /home/ylan/airflow/venv/lib/python3.9/site-packages/airflow/example_dags/plugins/listener_plugin.py
[2023-08-16T23:34:55.496+0300] {processor.py:838} WARNING - No viable dags retrieved from /home/ylan/airflow/venv/lib/python3.9/site-packages/airflow/example_dags/plugins/listener_plugin.py
[2023-08-16T23:34:55.681+0300] {processor.py:179} INFO - Processing /home/ylan/airflow/venv/lib/python3.9/site-packages/airflow/example_dags/plugins/listener_plugin.py took 0.255 seconds
[2023-08-16T23:35:26.040+0300] {processor.py:157} INFO - Started process (PID=200490) to work on /home/ylan/airflow/venv/lib/python3.9/site-packages/airflow/example_dags/plugins/listener_plugin.py
[2023-08-16T23:35:26.043+0300] {processor.py:826} INFO - Processing file /home/ylan/airflow/venv/lib/python3.9/site-packages/airflow/example_dags/plugins/listener_plugin.py for tasks to queue
[2023-08-16T23:35:26.047+0300] {logging_mixin.py:150} INFO - [2023-08-16T23:35:26.045+0300] {dagbag.py:541} INFO - Filling up the DagBag from /home/ylan/airflow/venv/lib/python3.9/site-packages/airflow/example_dags/plugins/listener_plugin.py
[2023-08-16T23:35:26.056+0300] {processor.py:838} WARNING - No viable dags retrieved from /home/ylan/airflow/venv/lib/python3.9/site-packages/airflow/example_dags/plugins/listener_plugin.py
[2023-08-16T23:35:26.145+0300] {processor.py:179} INFO - Processing /home/ylan/airflow/venv/lib/python3.9/site-packages/airflow/example_dags/plugins/listener_plugin.py took 0.119 seconds
[2023-08-16T23:35:57.767+0300] {processor.py:157} INFO - Started process (PID=200922) to work on /home/ylan/airflow/venv/lib/python3.9/site-packages/airflow/example_dags/plugins/listener_plugin.py
[2023-08-16T23:35:57.770+0300] {processor.py:826} INFO - Processing file /home/ylan/airflow/venv/lib/python3.9/site-packages/airflow/example_dags/plugins/listener_plugin.py for tasks to queue
[2023-08-16T23:35:57.774+0300] {logging_mixin.py:150} INFO - [2023-08-16T23:35:57.773+0300] {dagbag.py:541} INFO - Filling up the DagBag from /home/ylan/airflow/venv/lib/python3.9/site-packages/airflow/example_dags/plugins/listener_plugin.py
[2023-08-16T23:35:57.786+0300] {processor.py:838} WARNING - No viable dags retrieved from /home/ylan/airflow/venv/lib/python3.9/site-packages/airflow/example_dags/plugins/listener_plugin.py
[2023-08-16T23:35:57.906+0300] {processor.py:179} INFO - Processing /home/ylan/airflow/venv/lib/python3.9/site-packages/airflow/example_dags/plugins/listener_plugin.py took 0.207 seconds
[2023-08-16T23:36:31.997+0300] {processor.py:157} INFO - Started process (PID=201537) to work on /home/ylan/airflow/venv/lib/python3.9/site-packages/airflow/example_dags/plugins/listener_plugin.py
[2023-08-16T23:36:32.007+0300] {processor.py:826} INFO - Processing file /home/ylan/airflow/venv/lib/python3.9/site-packages/airflow/example_dags/plugins/listener_plugin.py for tasks to queue
[2023-08-16T23:36:32.013+0300] {logging_mixin.py:150} INFO - [2023-08-16T23:36:32.012+0300] {dagbag.py:541} INFO - Filling up the DagBag from /home/ylan/airflow/venv/lib/python3.9/site-packages/airflow/example_dags/plugins/listener_plugin.py
[2023-08-16T23:36:32.059+0300] {processor.py:838} WARNING - No viable dags retrieved from /home/ylan/airflow/venv/lib/python3.9/site-packages/airflow/example_dags/plugins/listener_plugin.py
[2023-08-16T23:36:32.375+0300] {processor.py:179} INFO - Processing /home/ylan/airflow/venv/lib/python3.9/site-packages/airflow/example_dags/plugins/listener_plugin.py took 0.412 seconds
[2023-08-16T23:37:03.366+0300] {processor.py:157} INFO - Started process (PID=202132) to work on /home/ylan/airflow/venv/lib/python3.9/site-packages/airflow/example_dags/plugins/listener_plugin.py
[2023-08-16T23:37:03.391+0300] {processor.py:826} INFO - Processing file /home/ylan/airflow/venv/lib/python3.9/site-packages/airflow/example_dags/plugins/listener_plugin.py for tasks to queue
[2023-08-16T23:37:03.394+0300] {logging_mixin.py:150} INFO - [2023-08-16T23:37:03.393+0300] {dagbag.py:541} INFO - Filling up the DagBag from /home/ylan/airflow/venv/lib/python3.9/site-packages/airflow/example_dags/plugins/listener_plugin.py
[2023-08-16T23:37:03.442+0300] {processor.py:838} WARNING - No viable dags retrieved from /home/ylan/airflow/venv/lib/python3.9/site-packages/airflow/example_dags/plugins/listener_plugin.py
[2023-08-16T23:37:03.673+0300] {processor.py:179} INFO - Processing /home/ylan/airflow/venv/lib/python3.9/site-packages/airflow/example_dags/plugins/listener_plugin.py took 0.336 seconds
[2023-08-16T23:37:34.577+0300] {processor.py:157} INFO - Started process (PID=202568) to work on /home/ylan/airflow/venv/lib/python3.9/site-packages/airflow/example_dags/plugins/listener_plugin.py
[2023-08-16T23:37:34.580+0300] {processor.py:826} INFO - Processing file /home/ylan/airflow/venv/lib/python3.9/site-packages/airflow/example_dags/plugins/listener_plugin.py for tasks to queue
[2023-08-16T23:37:34.584+0300] {logging_mixin.py:150} INFO - [2023-08-16T23:37:34.583+0300] {dagbag.py:541} INFO - Filling up the DagBag from /home/ylan/airflow/venv/lib/python3.9/site-packages/airflow/example_dags/plugins/listener_plugin.py
[2023-08-16T23:37:34.609+0300] {processor.py:838} WARNING - No viable dags retrieved from /home/ylan/airflow/venv/lib/python3.9/site-packages/airflow/example_dags/plugins/listener_plugin.py
[2023-08-16T23:37:34.803+0300] {processor.py:179} INFO - Processing /home/ylan/airflow/venv/lib/python3.9/site-packages/airflow/example_dags/plugins/listener_plugin.py took 0.316 seconds
[2023-08-16T23:38:06.684+0300] {processor.py:157} INFO - Started process (PID=203149) to work on /home/ylan/airflow/venv/lib/python3.9/site-packages/airflow/example_dags/plugins/listener_plugin.py
[2023-08-16T23:38:06.712+0300] {processor.py:826} INFO - Processing file /home/ylan/airflow/venv/lib/python3.9/site-packages/airflow/example_dags/plugins/listener_plugin.py for tasks to queue
[2023-08-16T23:38:06.716+0300] {logging_mixin.py:150} INFO - [2023-08-16T23:38:06.715+0300] {dagbag.py:541} INFO - Filling up the DagBag from /home/ylan/airflow/venv/lib/python3.9/site-packages/airflow/example_dags/plugins/listener_plugin.py
[2023-08-16T23:38:06.775+0300] {processor.py:838} WARNING - No viable dags retrieved from /home/ylan/airflow/venv/lib/python3.9/site-packages/airflow/example_dags/plugins/listener_plugin.py
[2023-08-16T23:38:07.147+0300] {processor.py:179} INFO - Processing /home/ylan/airflow/venv/lib/python3.9/site-packages/airflow/example_dags/plugins/listener_plugin.py took 0.512 seconds
[2023-08-16T23:38:37.923+0300] {processor.py:157} INFO - Started process (PID=203572) to work on /home/ylan/airflow/venv/lib/python3.9/site-packages/airflow/example_dags/plugins/listener_plugin.py
[2023-08-16T23:38:37.934+0300] {processor.py:826} INFO - Processing file /home/ylan/airflow/venv/lib/python3.9/site-packages/airflow/example_dags/plugins/listener_plugin.py for tasks to queue
[2023-08-16T23:38:37.940+0300] {logging_mixin.py:150} INFO - [2023-08-16T23:38:37.936+0300] {dagbag.py:541} INFO - Filling up the DagBag from /home/ylan/airflow/venv/lib/python3.9/site-packages/airflow/example_dags/plugins/listener_plugin.py
[2023-08-16T23:38:37.951+0300] {processor.py:838} WARNING - No viable dags retrieved from /home/ylan/airflow/venv/lib/python3.9/site-packages/airflow/example_dags/plugins/listener_plugin.py
[2023-08-16T23:38:38.186+0300] {processor.py:179} INFO - Processing /home/ylan/airflow/venv/lib/python3.9/site-packages/airflow/example_dags/plugins/listener_plugin.py took 0.279 seconds
[2023-08-16T23:39:09.261+0300] {processor.py:157} INFO - Started process (PID=204170) to work on /home/ylan/airflow/venv/lib/python3.9/site-packages/airflow/example_dags/plugins/listener_plugin.py
[2023-08-16T23:39:09.290+0300] {processor.py:826} INFO - Processing file /home/ylan/airflow/venv/lib/python3.9/site-packages/airflow/example_dags/plugins/listener_plugin.py for tasks to queue
[2023-08-16T23:39:09.298+0300] {logging_mixin.py:150} INFO - [2023-08-16T23:39:09.292+0300] {dagbag.py:541} INFO - Filling up the DagBag from /home/ylan/airflow/venv/lib/python3.9/site-packages/airflow/example_dags/plugins/listener_plugin.py
[2023-08-16T23:39:09.323+0300] {processor.py:838} WARNING - No viable dags retrieved from /home/ylan/airflow/venv/lib/python3.9/site-packages/airflow/example_dags/plugins/listener_plugin.py
[2023-08-16T23:39:09.448+0300] {processor.py:179} INFO - Processing /home/ylan/airflow/venv/lib/python3.9/site-packages/airflow/example_dags/plugins/listener_plugin.py took 0.203 seconds
[2023-08-16T23:39:40.622+0300] {processor.py:157} INFO - Started process (PID=204605) to work on /home/ylan/airflow/venv/lib/python3.9/site-packages/airflow/example_dags/plugins/listener_plugin.py
[2023-08-16T23:39:40.634+0300] {processor.py:826} INFO - Processing file /home/ylan/airflow/venv/lib/python3.9/site-packages/airflow/example_dags/plugins/listener_plugin.py for tasks to queue
[2023-08-16T23:39:40.638+0300] {logging_mixin.py:150} INFO - [2023-08-16T23:39:40.636+0300] {dagbag.py:541} INFO - Filling up the DagBag from /home/ylan/airflow/venv/lib/python3.9/site-packages/airflow/example_dags/plugins/listener_plugin.py
[2023-08-16T23:39:40.654+0300] {processor.py:838} WARNING - No viable dags retrieved from /home/ylan/airflow/venv/lib/python3.9/site-packages/airflow/example_dags/plugins/listener_plugin.py
[2023-08-16T23:39:40.881+0300] {processor.py:179} INFO - Processing /home/ylan/airflow/venv/lib/python3.9/site-packages/airflow/example_dags/plugins/listener_plugin.py took 0.293 seconds
[2023-08-16T23:40:11.050+0300] {processor.py:157} INFO - Started process (PID=205179) to work on /home/ylan/airflow/venv/lib/python3.9/site-packages/airflow/example_dags/plugins/listener_plugin.py
[2023-08-16T23:40:11.052+0300] {processor.py:826} INFO - Processing file /home/ylan/airflow/venv/lib/python3.9/site-packages/airflow/example_dags/plugins/listener_plugin.py for tasks to queue
[2023-08-16T23:40:11.054+0300] {logging_mixin.py:150} INFO - [2023-08-16T23:40:11.053+0300] {dagbag.py:541} INFO - Filling up the DagBag from /home/ylan/airflow/venv/lib/python3.9/site-packages/airflow/example_dags/plugins/listener_plugin.py
[2023-08-16T23:40:11.063+0300] {processor.py:838} WARNING - No viable dags retrieved from /home/ylan/airflow/venv/lib/python3.9/site-packages/airflow/example_dags/plugins/listener_plugin.py
[2023-08-16T23:40:11.129+0300] {processor.py:179} INFO - Processing /home/ylan/airflow/venv/lib/python3.9/site-packages/airflow/example_dags/plugins/listener_plugin.py took 0.092 seconds
[2023-08-16T23:40:42.654+0300] {processor.py:157} INFO - Started process (PID=205597) to work on /home/ylan/airflow/venv/lib/python3.9/site-packages/airflow/example_dags/plugins/listener_plugin.py
[2023-08-16T23:40:42.657+0300] {processor.py:826} INFO - Processing file /home/ylan/airflow/venv/lib/python3.9/site-packages/airflow/example_dags/plugins/listener_plugin.py for tasks to queue
[2023-08-16T23:40:42.660+0300] {logging_mixin.py:150} INFO - [2023-08-16T23:40:42.659+0300] {dagbag.py:541} INFO - Filling up the DagBag from /home/ylan/airflow/venv/lib/python3.9/site-packages/airflow/example_dags/plugins/listener_plugin.py
[2023-08-16T23:40:42.670+0300] {processor.py:838} WARNING - No viable dags retrieved from /home/ylan/airflow/venv/lib/python3.9/site-packages/airflow/example_dags/plugins/listener_plugin.py
[2023-08-16T23:40:42.777+0300] {processor.py:179} INFO - Processing /home/ylan/airflow/venv/lib/python3.9/site-packages/airflow/example_dags/plugins/listener_plugin.py took 0.136 seconds
[2023-08-16T23:41:14.982+0300] {processor.py:157} INFO - Started process (PID=206188) to work on /home/ylan/airflow/venv/lib/python3.9/site-packages/airflow/example_dags/plugins/listener_plugin.py
[2023-08-16T23:41:15.005+0300] {processor.py:826} INFO - Processing file /home/ylan/airflow/venv/lib/python3.9/site-packages/airflow/example_dags/plugins/listener_plugin.py for tasks to queue
[2023-08-16T23:41:15.009+0300] {logging_mixin.py:150} INFO - [2023-08-16T23:41:15.008+0300] {dagbag.py:541} INFO - Filling up the DagBag from /home/ylan/airflow/venv/lib/python3.9/site-packages/airflow/example_dags/plugins/listener_plugin.py
[2023-08-16T23:41:15.032+0300] {processor.py:838} WARNING - No viable dags retrieved from /home/ylan/airflow/venv/lib/python3.9/site-packages/airflow/example_dags/plugins/listener_plugin.py
[2023-08-16T23:41:15.297+0300] {processor.py:179} INFO - Processing /home/ylan/airflow/venv/lib/python3.9/site-packages/airflow/example_dags/plugins/listener_plugin.py took 0.367 seconds
[2023-08-16T23:41:45.807+0300] {processor.py:157} INFO - Started process (PID=206582) to work on /home/ylan/airflow/venv/lib/python3.9/site-packages/airflow/example_dags/plugins/listener_plugin.py
[2023-08-16T23:41:45.810+0300] {processor.py:826} INFO - Processing file /home/ylan/airflow/venv/lib/python3.9/site-packages/airflow/example_dags/plugins/listener_plugin.py for tasks to queue
[2023-08-16T23:41:45.813+0300] {logging_mixin.py:150} INFO - [2023-08-16T23:41:45.812+0300] {dagbag.py:541} INFO - Filling up the DagBag from /home/ylan/airflow/venv/lib/python3.9/site-packages/airflow/example_dags/plugins/listener_plugin.py
[2023-08-16T23:41:45.824+0300] {processor.py:838} WARNING - No viable dags retrieved from /home/ylan/airflow/venv/lib/python3.9/site-packages/airflow/example_dags/plugins/listener_plugin.py
[2023-08-16T23:41:46.038+0300] {processor.py:179} INFO - Processing /home/ylan/airflow/venv/lib/python3.9/site-packages/airflow/example_dags/plugins/listener_plugin.py took 0.246 seconds
[2023-08-16T23:42:18.677+0300] {processor.py:157} INFO - Started process (PID=207191) to work on /home/ylan/airflow/venv/lib/python3.9/site-packages/airflow/example_dags/plugins/listener_plugin.py
[2023-08-16T23:42:18.692+0300] {processor.py:826} INFO - Processing file /home/ylan/airflow/venv/lib/python3.9/site-packages/airflow/example_dags/plugins/listener_plugin.py for tasks to queue
[2023-08-16T23:42:18.700+0300] {logging_mixin.py:150} INFO - [2023-08-16T23:42:18.699+0300] {dagbag.py:541} INFO - Filling up the DagBag from /home/ylan/airflow/venv/lib/python3.9/site-packages/airflow/example_dags/plugins/listener_plugin.py
[2023-08-16T23:42:18.715+0300] {processor.py:838} WARNING - No viable dags retrieved from /home/ylan/airflow/venv/lib/python3.9/site-packages/airflow/example_dags/plugins/listener_plugin.py
[2023-08-16T23:42:18.851+0300] {processor.py:179} INFO - Processing /home/ylan/airflow/venv/lib/python3.9/site-packages/airflow/example_dags/plugins/listener_plugin.py took 0.197 seconds
[2023-08-16T23:42:49.241+0300] {processor.py:157} INFO - Started process (PID=207597) to work on /home/ylan/airflow/venv/lib/python3.9/site-packages/airflow/example_dags/plugins/listener_plugin.py
[2023-08-16T23:42:49.245+0300] {processor.py:826} INFO - Processing file /home/ylan/airflow/venv/lib/python3.9/site-packages/airflow/example_dags/plugins/listener_plugin.py for tasks to queue
[2023-08-16T23:42:49.248+0300] {logging_mixin.py:150} INFO - [2023-08-16T23:42:49.247+0300] {dagbag.py:541} INFO - Filling up the DagBag from /home/ylan/airflow/venv/lib/python3.9/site-packages/airflow/example_dags/plugins/listener_plugin.py
[2023-08-16T23:42:49.259+0300] {processor.py:838} WARNING - No viable dags retrieved from /home/ylan/airflow/venv/lib/python3.9/site-packages/airflow/example_dags/plugins/listener_plugin.py
[2023-08-16T23:42:49.405+0300] {processor.py:179} INFO - Processing /home/ylan/airflow/venv/lib/python3.9/site-packages/airflow/example_dags/plugins/listener_plugin.py took 0.198 seconds
[2023-08-16T23:43:19.794+0300] {processor.py:157} INFO - Started process (PID=208154) to work on /home/ylan/airflow/venv/lib/python3.9/site-packages/airflow/example_dags/plugins/listener_plugin.py
[2023-08-16T23:43:19.813+0300] {processor.py:826} INFO - Processing file /home/ylan/airflow/venv/lib/python3.9/site-packages/airflow/example_dags/plugins/listener_plugin.py for tasks to queue
[2023-08-16T23:43:19.817+0300] {logging_mixin.py:150} INFO - [2023-08-16T23:43:19.816+0300] {dagbag.py:541} INFO - Filling up the DagBag from /home/ylan/airflow/venv/lib/python3.9/site-packages/airflow/example_dags/plugins/listener_plugin.py
[2023-08-16T23:43:19.839+0300] {processor.py:838} WARNING - No viable dags retrieved from /home/ylan/airflow/venv/lib/python3.9/site-packages/airflow/example_dags/plugins/listener_plugin.py
[2023-08-16T23:43:19.968+0300] {processor.py:179} INFO - Processing /home/ylan/airflow/venv/lib/python3.9/site-packages/airflow/example_dags/plugins/listener_plugin.py took 0.188 seconds
[2023-08-16T23:43:51.409+0300] {processor.py:157} INFO - Started process (PID=208569) to work on /home/ylan/airflow/venv/lib/python3.9/site-packages/airflow/example_dags/plugins/listener_plugin.py
[2023-08-16T23:43:51.413+0300] {processor.py:826} INFO - Processing file /home/ylan/airflow/venv/lib/python3.9/site-packages/airflow/example_dags/plugins/listener_plugin.py for tasks to queue
[2023-08-16T23:43:51.416+0300] {logging_mixin.py:150} INFO - [2023-08-16T23:43:51.415+0300] {dagbag.py:541} INFO - Filling up the DagBag from /home/ylan/airflow/venv/lib/python3.9/site-packages/airflow/example_dags/plugins/listener_plugin.py
[2023-08-16T23:43:51.450+0300] {processor.py:838} WARNING - No viable dags retrieved from /home/ylan/airflow/venv/lib/python3.9/site-packages/airflow/example_dags/plugins/listener_plugin.py
[2023-08-16T23:43:51.661+0300] {processor.py:179} INFO - Processing /home/ylan/airflow/venv/lib/python3.9/site-packages/airflow/example_dags/plugins/listener_plugin.py took 0.281 seconds
[2023-08-16T23:44:22.214+0300] {processor.py:157} INFO - Started process (PID=209119) to work on /home/ylan/airflow/venv/lib/python3.9/site-packages/airflow/example_dags/plugins/listener_plugin.py
[2023-08-16T23:44:22.221+0300] {processor.py:826} INFO - Processing file /home/ylan/airflow/venv/lib/python3.9/site-packages/airflow/example_dags/plugins/listener_plugin.py for tasks to queue
[2023-08-16T23:44:22.228+0300] {logging_mixin.py:150} INFO - [2023-08-16T23:44:22.223+0300] {dagbag.py:541} INFO - Filling up the DagBag from /home/ylan/airflow/venv/lib/python3.9/site-packages/airflow/example_dags/plugins/listener_plugin.py
[2023-08-16T23:44:22.244+0300] {processor.py:838} WARNING - No viable dags retrieved from /home/ylan/airflow/venv/lib/python3.9/site-packages/airflow/example_dags/plugins/listener_plugin.py
[2023-08-16T23:44:22.413+0300] {processor.py:179} INFO - Processing /home/ylan/airflow/venv/lib/python3.9/site-packages/airflow/example_dags/plugins/listener_plugin.py took 0.255 seconds
[2023-08-16T23:44:53.571+0300] {processor.py:157} INFO - Started process (PID=209533) to work on /home/ylan/airflow/venv/lib/python3.9/site-packages/airflow/example_dags/plugins/listener_plugin.py
[2023-08-16T23:44:53.574+0300] {processor.py:826} INFO - Processing file /home/ylan/airflow/venv/lib/python3.9/site-packages/airflow/example_dags/plugins/listener_plugin.py for tasks to queue
[2023-08-16T23:44:53.580+0300] {logging_mixin.py:150} INFO - [2023-08-16T23:44:53.579+0300] {dagbag.py:541} INFO - Filling up the DagBag from /home/ylan/airflow/venv/lib/python3.9/site-packages/airflow/example_dags/plugins/listener_plugin.py
[2023-08-16T23:44:53.594+0300] {processor.py:838} WARNING - No viable dags retrieved from /home/ylan/airflow/venv/lib/python3.9/site-packages/airflow/example_dags/plugins/listener_plugin.py
[2023-08-16T23:44:53.711+0300] {processor.py:179} INFO - Processing /home/ylan/airflow/venv/lib/python3.9/site-packages/airflow/example_dags/plugins/listener_plugin.py took 0.160 seconds
[2023-08-16T23:45:24.454+0300] {processor.py:157} INFO - Started process (PID=210097) to work on /home/ylan/airflow/venv/lib/python3.9/site-packages/airflow/example_dags/plugins/listener_plugin.py
[2023-08-16T23:45:24.560+0300] {processor.py:826} INFO - Processing file /home/ylan/airflow/venv/lib/python3.9/site-packages/airflow/example_dags/plugins/listener_plugin.py for tasks to queue
[2023-08-16T23:45:24.562+0300] {logging_mixin.py:150} INFO - [2023-08-16T23:45:24.561+0300] {dagbag.py:541} INFO - Filling up the DagBag from /home/ylan/airflow/venv/lib/python3.9/site-packages/airflow/example_dags/plugins/listener_plugin.py
[2023-08-16T23:45:24.575+0300] {processor.py:838} WARNING - No viable dags retrieved from /home/ylan/airflow/venv/lib/python3.9/site-packages/airflow/example_dags/plugins/listener_plugin.py
[2023-08-16T23:45:24.797+0300] {processor.py:179} INFO - Processing /home/ylan/airflow/venv/lib/python3.9/site-packages/airflow/example_dags/plugins/listener_plugin.py took 0.410 seconds
[2023-08-16T23:45:55.077+0300] {processor.py:157} INFO - Started process (PID=210468) to work on /home/ylan/airflow/venv/lib/python3.9/site-packages/airflow/example_dags/plugins/listener_plugin.py
[2023-08-16T23:45:55.081+0300] {processor.py:826} INFO - Processing file /home/ylan/airflow/venv/lib/python3.9/site-packages/airflow/example_dags/plugins/listener_plugin.py for tasks to queue
[2023-08-16T23:45:55.083+0300] {logging_mixin.py:150} INFO - [2023-08-16T23:45:55.082+0300] {dagbag.py:541} INFO - Filling up the DagBag from /home/ylan/airflow/venv/lib/python3.9/site-packages/airflow/example_dags/plugins/listener_plugin.py
[2023-08-16T23:45:55.095+0300] {processor.py:838} WARNING - No viable dags retrieved from /home/ylan/airflow/venv/lib/python3.9/site-packages/airflow/example_dags/plugins/listener_plugin.py
[2023-08-16T23:45:55.211+0300] {processor.py:179} INFO - Processing /home/ylan/airflow/venv/lib/python3.9/site-packages/airflow/example_dags/plugins/listener_plugin.py took 0.148 seconds
[2023-08-16T23:46:25.875+0300] {processor.py:157} INFO - Started process (PID=211046) to work on /home/ylan/airflow/venv/lib/python3.9/site-packages/airflow/example_dags/plugins/listener_plugin.py
[2023-08-16T23:46:25.879+0300] {processor.py:826} INFO - Processing file /home/ylan/airflow/venv/lib/python3.9/site-packages/airflow/example_dags/plugins/listener_plugin.py for tasks to queue
[2023-08-16T23:46:25.882+0300] {logging_mixin.py:150} INFO - [2023-08-16T23:46:25.881+0300] {dagbag.py:541} INFO - Filling up the DagBag from /home/ylan/airflow/venv/lib/python3.9/site-packages/airflow/example_dags/plugins/listener_plugin.py
[2023-08-16T23:46:25.892+0300] {processor.py:838} WARNING - No viable dags retrieved from /home/ylan/airflow/venv/lib/python3.9/site-packages/airflow/example_dags/plugins/listener_plugin.py
[2023-08-16T23:46:25.995+0300] {processor.py:179} INFO - Processing /home/ylan/airflow/venv/lib/python3.9/site-packages/airflow/example_dags/plugins/listener_plugin.py took 0.148 seconds
[2023-08-16T23:46:58.577+0300] {processor.py:157} INFO - Started process (PID=211585) to work on /home/ylan/airflow/venv/lib/python3.9/site-packages/airflow/example_dags/plugins/listener_plugin.py
[2023-08-16T23:46:58.634+0300] {processor.py:826} INFO - Processing file /home/ylan/airflow/venv/lib/python3.9/site-packages/airflow/example_dags/plugins/listener_plugin.py for tasks to queue
[2023-08-16T23:46:58.650+0300] {logging_mixin.py:150} INFO - [2023-08-16T23:46:58.635+0300] {dagbag.py:541} INFO - Filling up the DagBag from /home/ylan/airflow/venv/lib/python3.9/site-packages/airflow/example_dags/plugins/listener_plugin.py
[2023-08-16T23:46:58.704+0300] {processor.py:838} WARNING - No viable dags retrieved from /home/ylan/airflow/venv/lib/python3.9/site-packages/airflow/example_dags/plugins/listener_plugin.py
[2023-08-16T23:46:59.087+0300] {processor.py:179} INFO - Processing /home/ylan/airflow/venv/lib/python3.9/site-packages/airflow/example_dags/plugins/listener_plugin.py took 0.600 seconds
[2023-08-16T23:47:29.866+0300] {processor.py:157} INFO - Started process (PID=212019) to work on /home/ylan/airflow/venv/lib/python3.9/site-packages/airflow/example_dags/plugins/listener_plugin.py
[2023-08-16T23:47:29.869+0300] {processor.py:826} INFO - Processing file /home/ylan/airflow/venv/lib/python3.9/site-packages/airflow/example_dags/plugins/listener_plugin.py for tasks to queue
[2023-08-16T23:47:29.872+0300] {logging_mixin.py:150} INFO - [2023-08-16T23:47:29.871+0300] {dagbag.py:541} INFO - Filling up the DagBag from /home/ylan/airflow/venv/lib/python3.9/site-packages/airflow/example_dags/plugins/listener_plugin.py
[2023-08-16T23:47:29.886+0300] {processor.py:838} WARNING - No viable dags retrieved from /home/ylan/airflow/venv/lib/python3.9/site-packages/airflow/example_dags/plugins/listener_plugin.py
[2023-08-16T23:47:29.994+0300] {processor.py:179} INFO - Processing /home/ylan/airflow/venv/lib/python3.9/site-packages/airflow/example_dags/plugins/listener_plugin.py took 0.150 seconds
[2023-08-16T23:48:00.556+0300] {processor.py:157} INFO - Started process (PID=212422) to work on /home/ylan/airflow/venv/lib/python3.9/site-packages/airflow/example_dags/plugins/listener_plugin.py
[2023-08-16T23:48:00.566+0300] {processor.py:826} INFO - Processing file /home/ylan/airflow/venv/lib/python3.9/site-packages/airflow/example_dags/plugins/listener_plugin.py for tasks to queue
[2023-08-16T23:48:00.569+0300] {logging_mixin.py:150} INFO - [2023-08-16T23:48:00.568+0300] {dagbag.py:541} INFO - Filling up the DagBag from /home/ylan/airflow/venv/lib/python3.9/site-packages/airflow/example_dags/plugins/listener_plugin.py
[2023-08-16T23:48:00.593+0300] {processor.py:838} WARNING - No viable dags retrieved from /home/ylan/airflow/venv/lib/python3.9/site-packages/airflow/example_dags/plugins/listener_plugin.py
[2023-08-16T23:48:00.860+0300] {processor.py:179} INFO - Processing /home/ylan/airflow/venv/lib/python3.9/site-packages/airflow/example_dags/plugins/listener_plugin.py took 0.325 seconds
[2023-08-16T23:48:32.703+0300] {processor.py:157} INFO - Started process (PID=213017) to work on /home/ylan/airflow/venv/lib/python3.9/site-packages/airflow/example_dags/plugins/listener_plugin.py
[2023-08-16T23:48:32.744+0300] {processor.py:826} INFO - Processing file /home/ylan/airflow/venv/lib/python3.9/site-packages/airflow/example_dags/plugins/listener_plugin.py for tasks to queue
[2023-08-16T23:48:32.750+0300] {logging_mixin.py:150} INFO - [2023-08-16T23:48:32.746+0300] {dagbag.py:541} INFO - Filling up the DagBag from /home/ylan/airflow/venv/lib/python3.9/site-packages/airflow/example_dags/plugins/listener_plugin.py
[2023-08-16T23:48:32.780+0300] {processor.py:838} WARNING - No viable dags retrieved from /home/ylan/airflow/venv/lib/python3.9/site-packages/airflow/example_dags/plugins/listener_plugin.py
[2023-08-16T23:48:33.021+0300] {processor.py:179} INFO - Processing /home/ylan/airflow/venv/lib/python3.9/site-packages/airflow/example_dags/plugins/listener_plugin.py took 0.338 seconds
[2023-08-16T23:49:04.168+0300] {processor.py:157} INFO - Started process (PID=213432) to work on /home/ylan/airflow/venv/lib/python3.9/site-packages/airflow/example_dags/plugins/listener_plugin.py
[2023-08-16T23:49:04.172+0300] {processor.py:826} INFO - Processing file /home/ylan/airflow/venv/lib/python3.9/site-packages/airflow/example_dags/plugins/listener_plugin.py for tasks to queue
[2023-08-16T23:49:04.175+0300] {logging_mixin.py:150} INFO - [2023-08-16T23:49:04.174+0300] {dagbag.py:541} INFO - Filling up the DagBag from /home/ylan/airflow/venv/lib/python3.9/site-packages/airflow/example_dags/plugins/listener_plugin.py
[2023-08-16T23:49:04.188+0300] {processor.py:838} WARNING - No viable dags retrieved from /home/ylan/airflow/venv/lib/python3.9/site-packages/airflow/example_dags/plugins/listener_plugin.py
[2023-08-16T23:49:04.311+0300] {processor.py:179} INFO - Processing /home/ylan/airflow/venv/lib/python3.9/site-packages/airflow/example_dags/plugins/listener_plugin.py took 0.166 seconds
[2023-08-16T23:49:35.373+0300] {processor.py:157} INFO - Started process (PID=214033) to work on /home/ylan/airflow/venv/lib/python3.9/site-packages/airflow/example_dags/plugins/listener_plugin.py
[2023-08-16T23:49:35.383+0300] {processor.py:826} INFO - Processing file /home/ylan/airflow/venv/lib/python3.9/site-packages/airflow/example_dags/plugins/listener_plugin.py for tasks to queue
[2023-08-16T23:49:35.389+0300] {logging_mixin.py:150} INFO - [2023-08-16T23:49:35.388+0300] {dagbag.py:541} INFO - Filling up the DagBag from /home/ylan/airflow/venv/lib/python3.9/site-packages/airflow/example_dags/plugins/listener_plugin.py
[2023-08-16T23:49:35.402+0300] {processor.py:838} WARNING - No viable dags retrieved from /home/ylan/airflow/venv/lib/python3.9/site-packages/airflow/example_dags/plugins/listener_plugin.py
[2023-08-16T23:49:35.486+0300] {processor.py:179} INFO - Processing /home/ylan/airflow/venv/lib/python3.9/site-packages/airflow/example_dags/plugins/listener_plugin.py took 0.134 seconds
[2023-08-16T23:50:05.890+0300] {processor.py:157} INFO - Started process (PID=214612) to work on /home/ylan/airflow/venv/lib/python3.9/site-packages/airflow/example_dags/plugins/listener_plugin.py
[2023-08-16T23:50:05.899+0300] {processor.py:826} INFO - Processing file /home/ylan/airflow/venv/lib/python3.9/site-packages/airflow/example_dags/plugins/listener_plugin.py for tasks to queue
[2023-08-16T23:50:05.902+0300] {logging_mixin.py:150} INFO - [2023-08-16T23:50:05.901+0300] {dagbag.py:541} INFO - Filling up the DagBag from /home/ylan/airflow/venv/lib/python3.9/site-packages/airflow/example_dags/plugins/listener_plugin.py
[2023-08-16T23:50:05.923+0300] {processor.py:838} WARNING - No viable dags retrieved from /home/ylan/airflow/venv/lib/python3.9/site-packages/airflow/example_dags/plugins/listener_plugin.py
[2023-08-16T23:50:06.041+0300] {processor.py:179} INFO - Processing /home/ylan/airflow/venv/lib/python3.9/site-packages/airflow/example_dags/plugins/listener_plugin.py took 0.184 seconds
[2023-08-16T23:50:36.440+0300] {processor.py:157} INFO - Started process (PID=214991) to work on /home/ylan/airflow/venv/lib/python3.9/site-packages/airflow/example_dags/plugins/listener_plugin.py
[2023-08-16T23:50:36.443+0300] {processor.py:826} INFO - Processing file /home/ylan/airflow/venv/lib/python3.9/site-packages/airflow/example_dags/plugins/listener_plugin.py for tasks to queue
[2023-08-16T23:50:36.446+0300] {logging_mixin.py:150} INFO - [2023-08-16T23:50:36.445+0300] {dagbag.py:541} INFO - Filling up the DagBag from /home/ylan/airflow/venv/lib/python3.9/site-packages/airflow/example_dags/plugins/listener_plugin.py
[2023-08-16T23:50:36.477+0300] {processor.py:838} WARNING - No viable dags retrieved from /home/ylan/airflow/venv/lib/python3.9/site-packages/airflow/example_dags/plugins/listener_plugin.py
[2023-08-16T23:50:36.631+0300] {processor.py:179} INFO - Processing /home/ylan/airflow/venv/lib/python3.9/site-packages/airflow/example_dags/plugins/listener_plugin.py took 0.242 seconds
[2023-08-16T23:51:08.402+0300] {processor.py:157} INFO - Started process (PID=215397) to work on /home/ylan/airflow/venv/lib/python3.9/site-packages/airflow/example_dags/plugins/listener_plugin.py
[2023-08-16T23:51:08.421+0300] {processor.py:826} INFO - Processing file /home/ylan/airflow/venv/lib/python3.9/site-packages/airflow/example_dags/plugins/listener_plugin.py for tasks to queue
[2023-08-16T23:51:08.425+0300] {logging_mixin.py:150} INFO - [2023-08-16T23:51:08.424+0300] {dagbag.py:541} INFO - Filling up the DagBag from /home/ylan/airflow/venv/lib/python3.9/site-packages/airflow/example_dags/plugins/listener_plugin.py
[2023-08-16T23:51:08.436+0300] {processor.py:838} WARNING - No viable dags retrieved from /home/ylan/airflow/venv/lib/python3.9/site-packages/airflow/example_dags/plugins/listener_plugin.py
[2023-08-16T23:51:08.586+0300] {processor.py:179} INFO - Processing /home/ylan/airflow/venv/lib/python3.9/site-packages/airflow/example_dags/plugins/listener_plugin.py took 0.205 seconds
[2023-08-16T23:51:39.470+0300] {processor.py:157} INFO - Started process (PID=215963) to work on /home/ylan/airflow/venv/lib/python3.9/site-packages/airflow/example_dags/plugins/listener_plugin.py
[2023-08-16T23:51:39.476+0300] {processor.py:826} INFO - Processing file /home/ylan/airflow/venv/lib/python3.9/site-packages/airflow/example_dags/plugins/listener_plugin.py for tasks to queue
[2023-08-16T23:51:39.480+0300] {logging_mixin.py:150} INFO - [2023-08-16T23:51:39.478+0300] {dagbag.py:541} INFO - Filling up the DagBag from /home/ylan/airflow/venv/lib/python3.9/site-packages/airflow/example_dags/plugins/listener_plugin.py
[2023-08-16T23:51:39.496+0300] {processor.py:838} WARNING - No viable dags retrieved from /home/ylan/airflow/venv/lib/python3.9/site-packages/airflow/example_dags/plugins/listener_plugin.py
[2023-08-16T23:51:39.638+0300] {processor.py:179} INFO - Processing /home/ylan/airflow/venv/lib/python3.9/site-packages/airflow/example_dags/plugins/listener_plugin.py took 0.192 seconds
[2023-08-16T23:52:09.969+0300] {processor.py:157} INFO - Started process (PID=216358) to work on /home/ylan/airflow/venv/lib/python3.9/site-packages/airflow/example_dags/plugins/listener_plugin.py
[2023-08-16T23:52:09.972+0300] {processor.py:826} INFO - Processing file /home/ylan/airflow/venv/lib/python3.9/site-packages/airflow/example_dags/plugins/listener_plugin.py for tasks to queue
[2023-08-16T23:52:09.976+0300] {logging_mixin.py:150} INFO - [2023-08-16T23:52:09.975+0300] {dagbag.py:541} INFO - Filling up the DagBag from /home/ylan/airflow/venv/lib/python3.9/site-packages/airflow/example_dags/plugins/listener_plugin.py
[2023-08-16T23:52:09.987+0300] {processor.py:838} WARNING - No viable dags retrieved from /home/ylan/airflow/venv/lib/python3.9/site-packages/airflow/example_dags/plugins/listener_plugin.py
[2023-08-16T23:52:10.177+0300] {processor.py:179} INFO - Processing /home/ylan/airflow/venv/lib/python3.9/site-packages/airflow/example_dags/plugins/listener_plugin.py took 0.223 seconds
[2023-08-16T23:52:40.593+0300] {processor.py:157} INFO - Started process (PID=216925) to work on /home/ylan/airflow/venv/lib/python3.9/site-packages/airflow/example_dags/plugins/listener_plugin.py
[2023-08-16T23:52:40.602+0300] {processor.py:826} INFO - Processing file /home/ylan/airflow/venv/lib/python3.9/site-packages/airflow/example_dags/plugins/listener_plugin.py for tasks to queue
[2023-08-16T23:52:40.606+0300] {logging_mixin.py:150} INFO - [2023-08-16T23:52:40.605+0300] {dagbag.py:541} INFO - Filling up the DagBag from /home/ylan/airflow/venv/lib/python3.9/site-packages/airflow/example_dags/plugins/listener_plugin.py
[2023-08-16T23:52:40.619+0300] {processor.py:838} WARNING - No viable dags retrieved from /home/ylan/airflow/venv/lib/python3.9/site-packages/airflow/example_dags/plugins/listener_plugin.py
[2023-08-16T23:52:40.731+0300] {processor.py:179} INFO - Processing /home/ylan/airflow/venv/lib/python3.9/site-packages/airflow/example_dags/plugins/listener_plugin.py took 0.150 seconds
[2023-08-16T23:53:11.594+0300] {processor.py:157} INFO - Started process (PID=217515) to work on /home/ylan/airflow/venv/lib/python3.9/site-packages/airflow/example_dags/plugins/listener_plugin.py
[2023-08-16T23:53:11.613+0300] {processor.py:826} INFO - Processing file /home/ylan/airflow/venv/lib/python3.9/site-packages/airflow/example_dags/plugins/listener_plugin.py for tasks to queue
[2023-08-16T23:53:11.616+0300] {logging_mixin.py:150} INFO - [2023-08-16T23:53:11.615+0300] {dagbag.py:541} INFO - Filling up the DagBag from /home/ylan/airflow/venv/lib/python3.9/site-packages/airflow/example_dags/plugins/listener_plugin.py
[2023-08-16T23:53:11.626+0300] {processor.py:838} WARNING - No viable dags retrieved from /home/ylan/airflow/venv/lib/python3.9/site-packages/airflow/example_dags/plugins/listener_plugin.py
[2023-08-16T23:53:11.721+0300] {processor.py:179} INFO - Processing /home/ylan/airflow/venv/lib/python3.9/site-packages/airflow/example_dags/plugins/listener_plugin.py took 0.141 seconds
[2023-08-16T23:53:46.000+0300] {processor.py:157} INFO - Started process (PID=217966) to work on /home/ylan/airflow/venv/lib/python3.9/site-packages/airflow/example_dags/plugins/listener_plugin.py
[2023-08-16T23:53:46.029+0300] {processor.py:826} INFO - Processing file /home/ylan/airflow/venv/lib/python3.9/site-packages/airflow/example_dags/plugins/listener_plugin.py for tasks to queue
[2023-08-16T23:53:46.043+0300] {logging_mixin.py:150} INFO - [2023-08-16T23:53:46.041+0300] {dagbag.py:541} INFO - Filling up the DagBag from /home/ylan/airflow/venv/lib/python3.9/site-packages/airflow/example_dags/plugins/listener_plugin.py
[2023-08-16T23:53:46.087+0300] {processor.py:838} WARNING - No viable dags retrieved from /home/ylan/airflow/venv/lib/python3.9/site-packages/airflow/example_dags/plugins/listener_plugin.py
[2023-08-16T23:53:46.285+0300] {processor.py:179} INFO - Processing /home/ylan/airflow/venv/lib/python3.9/site-packages/airflow/example_dags/plugins/listener_plugin.py took 0.315 seconds
[2023-08-16T23:54:18.010+0300] {processor.py:157} INFO - Started process (PID=218393) to work on /home/ylan/airflow/venv/lib/python3.9/site-packages/airflow/example_dags/plugins/listener_plugin.py
[2023-08-16T23:54:18.042+0300] {processor.py:826} INFO - Processing file /home/ylan/airflow/venv/lib/python3.9/site-packages/airflow/example_dags/plugins/listener_plugin.py for tasks to queue
[2023-08-16T23:54:18.046+0300] {logging_mixin.py:150} INFO - [2023-08-16T23:54:18.044+0300] {dagbag.py:541} INFO - Filling up the DagBag from /home/ylan/airflow/venv/lib/python3.9/site-packages/airflow/example_dags/plugins/listener_plugin.py
[2023-08-16T23:54:18.063+0300] {processor.py:838} WARNING - No viable dags retrieved from /home/ylan/airflow/venv/lib/python3.9/site-packages/airflow/example_dags/plugins/listener_plugin.py
[2023-08-16T23:54:18.292+0300] {processor.py:179} INFO - Processing /home/ylan/airflow/venv/lib/python3.9/site-packages/airflow/example_dags/plugins/listener_plugin.py took 0.313 seconds
[2023-08-16T23:54:49.113+0300] {processor.py:157} INFO - Started process (PID=218953) to work on /home/ylan/airflow/venv/lib/python3.9/site-packages/airflow/example_dags/plugins/listener_plugin.py
[2023-08-16T23:54:49.132+0300] {processor.py:826} INFO - Processing file /home/ylan/airflow/venv/lib/python3.9/site-packages/airflow/example_dags/plugins/listener_plugin.py for tasks to queue
[2023-08-16T23:54:49.135+0300] {logging_mixin.py:150} INFO - [2023-08-16T23:54:49.134+0300] {dagbag.py:541} INFO - Filling up the DagBag from /home/ylan/airflow/venv/lib/python3.9/site-packages/airflow/example_dags/plugins/listener_plugin.py
[2023-08-16T23:54:49.181+0300] {processor.py:838} WARNING - No viable dags retrieved from /home/ylan/airflow/venv/lib/python3.9/site-packages/airflow/example_dags/plugins/listener_plugin.py
[2023-08-16T23:54:49.385+0300] {processor.py:179} INFO - Processing /home/ylan/airflow/venv/lib/python3.9/site-packages/airflow/example_dags/plugins/listener_plugin.py took 0.306 seconds
[2023-08-16T23:55:19.781+0300] {processor.py:157} INFO - Started process (PID=219503) to work on /home/ylan/airflow/venv/lib/python3.9/site-packages/airflow/example_dags/plugins/listener_plugin.py
[2023-08-16T23:55:19.789+0300] {processor.py:826} INFO - Processing file /home/ylan/airflow/venv/lib/python3.9/site-packages/airflow/example_dags/plugins/listener_plugin.py for tasks to queue
[2023-08-16T23:55:19.792+0300] {logging_mixin.py:150} INFO - [2023-08-16T23:55:19.791+0300] {dagbag.py:541} INFO - Filling up the DagBag from /home/ylan/airflow/venv/lib/python3.9/site-packages/airflow/example_dags/plugins/listener_plugin.py
[2023-08-16T23:55:19.804+0300] {processor.py:838} WARNING - No viable dags retrieved from /home/ylan/airflow/venv/lib/python3.9/site-packages/airflow/example_dags/plugins/listener_plugin.py
[2023-08-16T23:55:19.983+0300] {processor.py:179} INFO - Processing /home/ylan/airflow/venv/lib/python3.9/site-packages/airflow/example_dags/plugins/listener_plugin.py took 0.225 seconds
[2023-08-16T23:55:51.028+0300] {processor.py:157} INFO - Started process (PID=220127) to work on /home/ylan/airflow/venv/lib/python3.9/site-packages/airflow/example_dags/plugins/listener_plugin.py
[2023-08-16T23:55:51.038+0300] {processor.py:826} INFO - Processing file /home/ylan/airflow/venv/lib/python3.9/site-packages/airflow/example_dags/plugins/listener_plugin.py for tasks to queue
[2023-08-16T23:55:51.042+0300] {logging_mixin.py:150} INFO - [2023-08-16T23:55:51.041+0300] {dagbag.py:541} INFO - Filling up the DagBag from /home/ylan/airflow/venv/lib/python3.9/site-packages/airflow/example_dags/plugins/listener_plugin.py
[2023-08-16T23:55:51.062+0300] {processor.py:838} WARNING - No viable dags retrieved from /home/ylan/airflow/venv/lib/python3.9/site-packages/airflow/example_dags/plugins/listener_plugin.py
[2023-08-16T23:55:51.221+0300] {processor.py:179} INFO - Processing /home/ylan/airflow/venv/lib/python3.9/site-packages/airflow/example_dags/plugins/listener_plugin.py took 0.209 seconds
[2023-08-16T23:56:21.687+0300] {processor.py:157} INFO - Started process (PID=220548) to work on /home/ylan/airflow/venv/lib/python3.9/site-packages/airflow/example_dags/plugins/listener_plugin.py
[2023-08-16T23:56:21.690+0300] {processor.py:826} INFO - Processing file /home/ylan/airflow/venv/lib/python3.9/site-packages/airflow/example_dags/plugins/listener_plugin.py for tasks to queue
[2023-08-16T23:56:21.699+0300] {logging_mixin.py:150} INFO - [2023-08-16T23:56:21.698+0300] {dagbag.py:541} INFO - Filling up the DagBag from /home/ylan/airflow/venv/lib/python3.9/site-packages/airflow/example_dags/plugins/listener_plugin.py
[2023-08-16T23:56:21.719+0300] {processor.py:838} WARNING - No viable dags retrieved from /home/ylan/airflow/venv/lib/python3.9/site-packages/airflow/example_dags/plugins/listener_plugin.py
[2023-08-16T23:56:21.860+0300] {processor.py:179} INFO - Processing /home/ylan/airflow/venv/lib/python3.9/site-packages/airflow/example_dags/plugins/listener_plugin.py took 0.191 seconds
[2023-08-16T23:56:52.476+0300] {processor.py:157} INFO - Started process (PID=220968) to work on /home/ylan/airflow/venv/lib/python3.9/site-packages/airflow/example_dags/plugins/listener_plugin.py
[2023-08-16T23:56:52.488+0300] {processor.py:826} INFO - Processing file /home/ylan/airflow/venv/lib/python3.9/site-packages/airflow/example_dags/plugins/listener_plugin.py for tasks to queue
[2023-08-16T23:56:52.491+0300] {logging_mixin.py:150} INFO - [2023-08-16T23:56:52.490+0300] {dagbag.py:541} INFO - Filling up the DagBag from /home/ylan/airflow/venv/lib/python3.9/site-packages/airflow/example_dags/plugins/listener_plugin.py
[2023-08-16T23:56:52.560+0300] {processor.py:838} WARNING - No viable dags retrieved from /home/ylan/airflow/venv/lib/python3.9/site-packages/airflow/example_dags/plugins/listener_plugin.py
[2023-08-16T23:56:52.671+0300] {processor.py:179} INFO - Processing /home/ylan/airflow/venv/lib/python3.9/site-packages/airflow/example_dags/plugins/listener_plugin.py took 0.228 seconds
[2023-08-16T23:57:24.346+0300] {processor.py:157} INFO - Started process (PID=221558) to work on /home/ylan/airflow/venv/lib/python3.9/site-packages/airflow/example_dags/plugins/listener_plugin.py
[2023-08-16T23:57:24.355+0300] {processor.py:826} INFO - Processing file /home/ylan/airflow/venv/lib/python3.9/site-packages/airflow/example_dags/plugins/listener_plugin.py for tasks to queue
[2023-08-16T23:57:24.359+0300] {logging_mixin.py:150} INFO - [2023-08-16T23:57:24.357+0300] {dagbag.py:541} INFO - Filling up the DagBag from /home/ylan/airflow/venv/lib/python3.9/site-packages/airflow/example_dags/plugins/listener_plugin.py
[2023-08-16T23:57:24.372+0300] {processor.py:838} WARNING - No viable dags retrieved from /home/ylan/airflow/venv/lib/python3.9/site-packages/airflow/example_dags/plugins/listener_plugin.py
[2023-08-16T23:57:24.474+0300] {processor.py:179} INFO - Processing /home/ylan/airflow/venv/lib/python3.9/site-packages/airflow/example_dags/plugins/listener_plugin.py took 0.164 seconds
[2023-08-16T23:57:54.865+0300] {processor.py:157} INFO - Started process (PID=221975) to work on /home/ylan/airflow/venv/lib/python3.9/site-packages/airflow/example_dags/plugins/listener_plugin.py
[2023-08-16T23:57:54.868+0300] {processor.py:826} INFO - Processing file /home/ylan/airflow/venv/lib/python3.9/site-packages/airflow/example_dags/plugins/listener_plugin.py for tasks to queue
[2023-08-16T23:57:54.872+0300] {logging_mixin.py:150} INFO - [2023-08-16T23:57:54.871+0300] {dagbag.py:541} INFO - Filling up the DagBag from /home/ylan/airflow/venv/lib/python3.9/site-packages/airflow/example_dags/plugins/listener_plugin.py
[2023-08-16T23:57:54.883+0300] {processor.py:838} WARNING - No viable dags retrieved from /home/ylan/airflow/venv/lib/python3.9/site-packages/airflow/example_dags/plugins/listener_plugin.py
[2023-08-16T23:57:54.978+0300] {processor.py:179} INFO - Processing /home/ylan/airflow/venv/lib/python3.9/site-packages/airflow/example_dags/plugins/listener_plugin.py took 0.160 seconds
[2023-08-16T23:58:25.353+0300] {processor.py:157} INFO - Started process (PID=222581) to work on /home/ylan/airflow/venv/lib/python3.9/site-packages/airflow/example_dags/plugins/listener_plugin.py
[2023-08-16T23:58:25.374+0300] {processor.py:826} INFO - Processing file /home/ylan/airflow/venv/lib/python3.9/site-packages/airflow/example_dags/plugins/listener_plugin.py for tasks to queue
[2023-08-16T23:58:25.379+0300] {logging_mixin.py:150} INFO - [2023-08-16T23:58:25.378+0300] {dagbag.py:541} INFO - Filling up the DagBag from /home/ylan/airflow/venv/lib/python3.9/site-packages/airflow/example_dags/plugins/listener_plugin.py
[2023-08-16T23:58:25.449+0300] {processor.py:838} WARNING - No viable dags retrieved from /home/ylan/airflow/venv/lib/python3.9/site-packages/airflow/example_dags/plugins/listener_plugin.py
[2023-08-16T23:58:25.949+0300] {processor.py:179} INFO - Processing /home/ylan/airflow/venv/lib/python3.9/site-packages/airflow/example_dags/plugins/listener_plugin.py took 0.635 seconds
[2023-08-16T23:58:59.285+0300] {processor.py:157} INFO - Started process (PID=223168) to work on /home/ylan/airflow/venv/lib/python3.9/site-packages/airflow/example_dags/plugins/listener_plugin.py
[2023-08-16T23:58:59.312+0300] {processor.py:826} INFO - Processing file /home/ylan/airflow/venv/lib/python3.9/site-packages/airflow/example_dags/plugins/listener_plugin.py for tasks to queue
[2023-08-16T23:58:59.317+0300] {logging_mixin.py:150} INFO - [2023-08-16T23:58:59.316+0300] {dagbag.py:541} INFO - Filling up the DagBag from /home/ylan/airflow/venv/lib/python3.9/site-packages/airflow/example_dags/plugins/listener_plugin.py
[2023-08-16T23:58:59.339+0300] {processor.py:838} WARNING - No viable dags retrieved from /home/ylan/airflow/venv/lib/python3.9/site-packages/airflow/example_dags/plugins/listener_plugin.py
[2023-08-16T23:58:59.446+0300] {processor.py:179} INFO - Processing /home/ylan/airflow/venv/lib/python3.9/site-packages/airflow/example_dags/plugins/listener_plugin.py took 0.177 seconds
[2023-08-16T23:59:31.926+0300] {processor.py:157} INFO - Started process (PID=223604) to work on /home/ylan/airflow/venv/lib/python3.9/site-packages/airflow/example_dags/plugins/listener_plugin.py
[2023-08-16T23:59:31.989+0300] {processor.py:826} INFO - Processing file /home/ylan/airflow/venv/lib/python3.9/site-packages/airflow/example_dags/plugins/listener_plugin.py for tasks to queue
[2023-08-16T23:59:32.022+0300] {logging_mixin.py:150} INFO - [2023-08-16T23:59:31.991+0300] {dagbag.py:541} INFO - Filling up the DagBag from /home/ylan/airflow/venv/lib/python3.9/site-packages/airflow/example_dags/plugins/listener_plugin.py
[2023-08-16T23:59:32.091+0300] {processor.py:838} WARNING - No viable dags retrieved from /home/ylan/airflow/venv/lib/python3.9/site-packages/airflow/example_dags/plugins/listener_plugin.py
[2023-08-16T23:59:32.513+0300] {processor.py:179} INFO - Processing /home/ylan/airflow/venv/lib/python3.9/site-packages/airflow/example_dags/plugins/listener_plugin.py took 0.656 seconds
[2023-08-17T00:00:03.880+0300] {processor.py:157} INFO - Started process (PID=224008) to work on /home/ylan/airflow/venv/lib/python3.9/site-packages/airflow/example_dags/plugins/listener_plugin.py
[2023-08-17T00:00:03.883+0300] {processor.py:826} INFO - Processing file /home/ylan/airflow/venv/lib/python3.9/site-packages/airflow/example_dags/plugins/listener_plugin.py for tasks to queue
[2023-08-17T00:00:03.886+0300] {logging_mixin.py:150} INFO - [2023-08-17T00:00:03.885+0300] {dagbag.py:541} INFO - Filling up the DagBag from /home/ylan/airflow/venv/lib/python3.9/site-packages/airflow/example_dags/plugins/listener_plugin.py
[2023-08-17T00:00:03.914+0300] {processor.py:838} WARNING - No viable dags retrieved from /home/ylan/airflow/venv/lib/python3.9/site-packages/airflow/example_dags/plugins/listener_plugin.py
[2023-08-17T00:00:04.171+0300] {processor.py:179} INFO - Processing /home/ylan/airflow/venv/lib/python3.9/site-packages/airflow/example_dags/plugins/listener_plugin.py took 0.330 seconds
[2023-08-17T00:00:38.411+0300] {processor.py:157} INFO - Started process (PID=224549) to work on /home/ylan/airflow/venv/lib/python3.9/site-packages/airflow/example_dags/plugins/listener_plugin.py
[2023-08-17T00:00:38.538+0300] {processor.py:826} INFO - Processing file /home/ylan/airflow/venv/lib/python3.9/site-packages/airflow/example_dags/plugins/listener_plugin.py for tasks to queue
[2023-08-17T00:00:38.543+0300] {logging_mixin.py:150} INFO - [2023-08-17T00:00:38.542+0300] {dagbag.py:541} INFO - Filling up the DagBag from /home/ylan/airflow/venv/lib/python3.9/site-packages/airflow/example_dags/plugins/listener_plugin.py
[2023-08-17T00:00:38.563+0300] {processor.py:838} WARNING - No viable dags retrieved from /home/ylan/airflow/venv/lib/python3.9/site-packages/airflow/example_dags/plugins/listener_plugin.py
[2023-08-17T00:00:38.739+0300] {processor.py:179} INFO - Processing /home/ylan/airflow/venv/lib/python3.9/site-packages/airflow/example_dags/plugins/listener_plugin.py took 0.394 seconds
[2023-08-17T00:01:09.707+0300] {processor.py:157} INFO - Started process (PID=225015) to work on /home/ylan/airflow/venv/lib/python3.9/site-packages/airflow/example_dags/plugins/listener_plugin.py
[2023-08-17T00:01:09.710+0300] {processor.py:826} INFO - Processing file /home/ylan/airflow/venv/lib/python3.9/site-packages/airflow/example_dags/plugins/listener_plugin.py for tasks to queue
[2023-08-17T00:01:09.713+0300] {logging_mixin.py:150} INFO - [2023-08-17T00:01:09.712+0300] {dagbag.py:541} INFO - Filling up the DagBag from /home/ylan/airflow/venv/lib/python3.9/site-packages/airflow/example_dags/plugins/listener_plugin.py
[2023-08-17T00:01:09.725+0300] {processor.py:838} WARNING - No viable dags retrieved from /home/ylan/airflow/venv/lib/python3.9/site-packages/airflow/example_dags/plugins/listener_plugin.py
[2023-08-17T00:01:09.876+0300] {processor.py:179} INFO - Processing /home/ylan/airflow/venv/lib/python3.9/site-packages/airflow/example_dags/plugins/listener_plugin.py took 0.202 seconds
[2023-08-17T00:01:44.210+0300] {processor.py:157} INFO - Started process (PID=225593) to work on /home/ylan/airflow/venv/lib/python3.9/site-packages/airflow/example_dags/plugins/listener_plugin.py
[2023-08-17T00:01:44.238+0300] {processor.py:826} INFO - Processing file /home/ylan/airflow/venv/lib/python3.9/site-packages/airflow/example_dags/plugins/listener_plugin.py for tasks to queue
[2023-08-17T00:01:44.242+0300] {logging_mixin.py:150} INFO - [2023-08-17T00:01:44.241+0300] {dagbag.py:541} INFO - Filling up the DagBag from /home/ylan/airflow/venv/lib/python3.9/site-packages/airflow/example_dags/plugins/listener_plugin.py
[2023-08-17T00:01:44.274+0300] {processor.py:838} WARNING - No viable dags retrieved from /home/ylan/airflow/venv/lib/python3.9/site-packages/airflow/example_dags/plugins/listener_plugin.py
[2023-08-17T00:01:44.627+0300] {processor.py:179} INFO - Processing /home/ylan/airflow/venv/lib/python3.9/site-packages/airflow/example_dags/plugins/listener_plugin.py took 0.439 seconds
[2023-08-17T00:02:15.826+0300] {processor.py:157} INFO - Started process (PID=226173) to work on /home/ylan/airflow/venv/lib/python3.9/site-packages/airflow/example_dags/plugins/listener_plugin.py
[2023-08-17T00:02:15.850+0300] {processor.py:826} INFO - Processing file /home/ylan/airflow/venv/lib/python3.9/site-packages/airflow/example_dags/plugins/listener_plugin.py for tasks to queue
[2023-08-17T00:02:15.854+0300] {logging_mixin.py:150} INFO - [2023-08-17T00:02:15.852+0300] {dagbag.py:541} INFO - Filling up the DagBag from /home/ylan/airflow/venv/lib/python3.9/site-packages/airflow/example_dags/plugins/listener_plugin.py
[2023-08-17T00:02:15.885+0300] {processor.py:838} WARNING - No viable dags retrieved from /home/ylan/airflow/venv/lib/python3.9/site-packages/airflow/example_dags/plugins/listener_plugin.py
[2023-08-17T00:02:16.077+0300] {processor.py:179} INFO - Processing /home/ylan/airflow/venv/lib/python3.9/site-packages/airflow/example_dags/plugins/listener_plugin.py took 0.296 seconds
[2023-08-17T00:02:58.818+0300] {processor.py:157} INFO - Started process (PID=226667) to work on /home/ylan/airflow/venv/lib/python3.9/site-packages/airflow/example_dags/plugins/listener_plugin.py
[2023-08-17T00:02:58.834+0300] {processor.py:826} INFO - Processing file /home/ylan/airflow/venv/lib/python3.9/site-packages/airflow/example_dags/plugins/listener_plugin.py for tasks to queue
[2023-08-17T00:02:58.846+0300] {logging_mixin.py:150} INFO - [2023-08-17T00:02:58.845+0300] {dagbag.py:541} INFO - Filling up the DagBag from /home/ylan/airflow/venv/lib/python3.9/site-packages/airflow/example_dags/plugins/listener_plugin.py
[2023-08-17T00:02:58.880+0300] {processor.py:838} WARNING - No viable dags retrieved from /home/ylan/airflow/venv/lib/python3.9/site-packages/airflow/example_dags/plugins/listener_plugin.py
[2023-08-17T00:02:59.056+0300] {processor.py:179} INFO - Processing /home/ylan/airflow/venv/lib/python3.9/site-packages/airflow/example_dags/plugins/listener_plugin.py took 0.247 seconds
[2023-08-17T00:03:32.537+0300] {processor.py:157} INFO - Started process (PID=227078) to work on /home/ylan/airflow/venv/lib/python3.9/site-packages/airflow/example_dags/plugins/listener_plugin.py
[2023-08-17T00:03:32.544+0300] {processor.py:826} INFO - Processing file /home/ylan/airflow/venv/lib/python3.9/site-packages/airflow/example_dags/plugins/listener_plugin.py for tasks to queue
[2023-08-17T00:03:32.547+0300] {logging_mixin.py:150} INFO - [2023-08-17T00:03:32.546+0300] {dagbag.py:541} INFO - Filling up the DagBag from /home/ylan/airflow/venv/lib/python3.9/site-packages/airflow/example_dags/plugins/listener_plugin.py
[2023-08-17T00:03:32.567+0300] {processor.py:838} WARNING - No viable dags retrieved from /home/ylan/airflow/venv/lib/python3.9/site-packages/airflow/example_dags/plugins/listener_plugin.py
[2023-08-17T00:03:32.770+0300] {processor.py:179} INFO - Processing /home/ylan/airflow/venv/lib/python3.9/site-packages/airflow/example_dags/plugins/listener_plugin.py took 0.285 seconds
[2023-08-17T00:04:03.858+0300] {processor.py:157} INFO - Started process (PID=227516) to work on /home/ylan/airflow/venv/lib/python3.9/site-packages/airflow/example_dags/plugins/listener_plugin.py
[2023-08-17T00:04:03.868+0300] {processor.py:826} INFO - Processing file /home/ylan/airflow/venv/lib/python3.9/site-packages/airflow/example_dags/plugins/listener_plugin.py for tasks to queue
[2023-08-17T00:04:03.871+0300] {logging_mixin.py:150} INFO - [2023-08-17T00:04:03.870+0300] {dagbag.py:541} INFO - Filling up the DagBag from /home/ylan/airflow/venv/lib/python3.9/site-packages/airflow/example_dags/plugins/listener_plugin.py
[2023-08-17T00:04:03.882+0300] {processor.py:838} WARNING - No viable dags retrieved from /home/ylan/airflow/venv/lib/python3.9/site-packages/airflow/example_dags/plugins/listener_plugin.py
[2023-08-17T00:04:03.991+0300] {processor.py:179} INFO - Processing /home/ylan/airflow/venv/lib/python3.9/site-packages/airflow/example_dags/plugins/listener_plugin.py took 0.148 seconds
[2023-08-17T00:04:47.362+0300] {processor.py:157} INFO - Started process (PID=228216) to work on /home/ylan/airflow/venv/lib/python3.9/site-packages/airflow/example_dags/plugins/listener_plugin.py
[2023-08-17T00:04:47.366+0300] {processor.py:826} INFO - Processing file /home/ylan/airflow/venv/lib/python3.9/site-packages/airflow/example_dags/plugins/listener_plugin.py for tasks to queue
[2023-08-17T00:04:47.369+0300] {logging_mixin.py:150} INFO - [2023-08-17T00:04:47.368+0300] {dagbag.py:541} INFO - Filling up the DagBag from /home/ylan/airflow/venv/lib/python3.9/site-packages/airflow/example_dags/plugins/listener_plugin.py
[2023-08-17T00:04:47.392+0300] {processor.py:838} WARNING - No viable dags retrieved from /home/ylan/airflow/venv/lib/python3.9/site-packages/airflow/example_dags/plugins/listener_plugin.py
[2023-08-17T00:04:47.653+0300] {processor.py:179} INFO - Processing /home/ylan/airflow/venv/lib/python3.9/site-packages/airflow/example_dags/plugins/listener_plugin.py took 0.373 seconds
[2023-08-17T00:05:18.487+0300] {processor.py:157} INFO - Started process (PID=228983) to work on /home/ylan/airflow/venv/lib/python3.9/site-packages/airflow/example_dags/plugins/listener_plugin.py
[2023-08-17T00:05:18.505+0300] {processor.py:826} INFO - Processing file /home/ylan/airflow/venv/lib/python3.9/site-packages/airflow/example_dags/plugins/listener_plugin.py for tasks to queue
[2023-08-17T00:05:18.509+0300] {logging_mixin.py:150} INFO - [2023-08-17T00:05:18.507+0300] {dagbag.py:541} INFO - Filling up the DagBag from /home/ylan/airflow/venv/lib/python3.9/site-packages/airflow/example_dags/plugins/listener_plugin.py
[2023-08-17T00:05:18.521+0300] {processor.py:838} WARNING - No viable dags retrieved from /home/ylan/airflow/venv/lib/python3.9/site-packages/airflow/example_dags/plugins/listener_plugin.py
[2023-08-17T00:05:18.686+0300] {processor.py:179} INFO - Processing /home/ylan/airflow/venv/lib/python3.9/site-packages/airflow/example_dags/plugins/listener_plugin.py took 0.225 seconds
[2023-08-17T00:05:50.709+0300] {processor.py:157} INFO - Started process (PID=229381) to work on /home/ylan/airflow/venv/lib/python3.9/site-packages/airflow/example_dags/plugins/listener_plugin.py
[2023-08-17T00:05:50.733+0300] {processor.py:826} INFO - Processing file /home/ylan/airflow/venv/lib/python3.9/site-packages/airflow/example_dags/plugins/listener_plugin.py for tasks to queue
[2023-08-17T00:05:50.758+0300] {logging_mixin.py:150} INFO - [2023-08-17T00:05:50.736+0300] {dagbag.py:541} INFO - Filling up the DagBag from /home/ylan/airflow/venv/lib/python3.9/site-packages/airflow/example_dags/plugins/listener_plugin.py
[2023-08-17T00:05:50.831+0300] {processor.py:838} WARNING - No viable dags retrieved from /home/ylan/airflow/venv/lib/python3.9/site-packages/airflow/example_dags/plugins/listener_plugin.py
[2023-08-17T00:05:51.386+0300] {processor.py:179} INFO - Processing /home/ylan/airflow/venv/lib/python3.9/site-packages/airflow/example_dags/plugins/listener_plugin.py took 0.810 seconds
[2023-08-17T00:06:23.037+0300] {processor.py:157} INFO - Started process (PID=229825) to work on /home/ylan/airflow/venv/lib/python3.9/site-packages/airflow/example_dags/plugins/listener_plugin.py
[2023-08-17T00:06:23.062+0300] {processor.py:826} INFO - Processing file /home/ylan/airflow/venv/lib/python3.9/site-packages/airflow/example_dags/plugins/listener_plugin.py for tasks to queue
[2023-08-17T00:06:23.065+0300] {logging_mixin.py:150} INFO - [2023-08-17T00:06:23.064+0300] {dagbag.py:541} INFO - Filling up the DagBag from /home/ylan/airflow/venv/lib/python3.9/site-packages/airflow/example_dags/plugins/listener_plugin.py
[2023-08-17T00:06:23.117+0300] {processor.py:838} WARNING - No viable dags retrieved from /home/ylan/airflow/venv/lib/python3.9/site-packages/airflow/example_dags/plugins/listener_plugin.py
[2023-08-17T00:06:23.493+0300] {processor.py:179} INFO - Processing /home/ylan/airflow/venv/lib/python3.9/site-packages/airflow/example_dags/plugins/listener_plugin.py took 0.504 seconds
[2023-08-17T00:06:54.305+0300] {processor.py:157} INFO - Started process (PID=230222) to work on /home/ylan/airflow/venv/lib/python3.9/site-packages/airflow/example_dags/plugins/listener_plugin.py
[2023-08-17T00:06:54.317+0300] {processor.py:826} INFO - Processing file /home/ylan/airflow/venv/lib/python3.9/site-packages/airflow/example_dags/plugins/listener_plugin.py for tasks to queue
[2023-08-17T00:06:54.319+0300] {logging_mixin.py:150} INFO - [2023-08-17T00:06:54.318+0300] {dagbag.py:541} INFO - Filling up the DagBag from /home/ylan/airflow/venv/lib/python3.9/site-packages/airflow/example_dags/plugins/listener_plugin.py
[2023-08-17T00:06:54.327+0300] {processor.py:838} WARNING - No viable dags retrieved from /home/ylan/airflow/venv/lib/python3.9/site-packages/airflow/example_dags/plugins/listener_plugin.py
[2023-08-17T00:06:54.391+0300] {processor.py:179} INFO - Processing /home/ylan/airflow/venv/lib/python3.9/site-packages/airflow/example_dags/plugins/listener_plugin.py took 0.096 seconds
[2023-08-17T00:08:22.794+0300] {processor.py:157} INFO - Started process (PID=231813) to work on /home/ylan/airflow/venv/lib/python3.9/site-packages/airflow/example_dags/plugins/listener_plugin.py
[2023-08-17T00:08:22.817+0300] {processor.py:826} INFO - Processing file /home/ylan/airflow/venv/lib/python3.9/site-packages/airflow/example_dags/plugins/listener_plugin.py for tasks to queue
[2023-08-17T00:08:22.820+0300] {logging_mixin.py:150} INFO - [2023-08-17T00:08:22.819+0300] {dagbag.py:541} INFO - Filling up the DagBag from /home/ylan/airflow/venv/lib/python3.9/site-packages/airflow/example_dags/plugins/listener_plugin.py
[2023-08-17T00:08:22.841+0300] {processor.py:838} WARNING - No viable dags retrieved from /home/ylan/airflow/venv/lib/python3.9/site-packages/airflow/example_dags/plugins/listener_plugin.py
[2023-08-17T00:08:22.992+0300] {processor.py:179} INFO - Processing /home/ylan/airflow/venv/lib/python3.9/site-packages/airflow/example_dags/plugins/listener_plugin.py took 0.213 seconds
[2023-08-17T00:08:53.578+0300] {processor.py:157} INFO - Started process (PID=232228) to work on /home/ylan/airflow/venv/lib/python3.9/site-packages/airflow/example_dags/plugins/listener_plugin.py
[2023-08-17T00:08:53.596+0300] {processor.py:826} INFO - Processing file /home/ylan/airflow/venv/lib/python3.9/site-packages/airflow/example_dags/plugins/listener_plugin.py for tasks to queue
[2023-08-17T00:08:53.600+0300] {logging_mixin.py:150} INFO - [2023-08-17T00:08:53.599+0300] {dagbag.py:541} INFO - Filling up the DagBag from /home/ylan/airflow/venv/lib/python3.9/site-packages/airflow/example_dags/plugins/listener_plugin.py
[2023-08-17T00:08:53.649+0300] {processor.py:838} WARNING - No viable dags retrieved from /home/ylan/airflow/venv/lib/python3.9/site-packages/airflow/example_dags/plugins/listener_plugin.py
[2023-08-17T00:08:53.966+0300] {processor.py:179} INFO - Processing /home/ylan/airflow/venv/lib/python3.9/site-packages/airflow/example_dags/plugins/listener_plugin.py took 0.427 seconds
[2023-08-17T00:09:27.159+0300] {processor.py:157} INFO - Started process (PID=232721) to work on /home/ylan/airflow/venv/lib/python3.9/site-packages/airflow/example_dags/plugins/listener_plugin.py
[2023-08-17T00:09:27.162+0300] {processor.py:826} INFO - Processing file /home/ylan/airflow/venv/lib/python3.9/site-packages/airflow/example_dags/plugins/listener_plugin.py for tasks to queue
[2023-08-17T00:09:27.164+0300] {logging_mixin.py:150} INFO - [2023-08-17T00:09:27.163+0300] {dagbag.py:541} INFO - Filling up the DagBag from /home/ylan/airflow/venv/lib/python3.9/site-packages/airflow/example_dags/plugins/listener_plugin.py
[2023-08-17T00:09:27.172+0300] {processor.py:838} WARNING - No viable dags retrieved from /home/ylan/airflow/venv/lib/python3.9/site-packages/airflow/example_dags/plugins/listener_plugin.py
[2023-08-17T00:09:27.245+0300] {processor.py:179} INFO - Processing /home/ylan/airflow/venv/lib/python3.9/site-packages/airflow/example_dags/plugins/listener_plugin.py took 0.098 seconds
[2023-08-17T00:10:02.996+0300] {processor.py:157} INFO - Started process (PID=233140) to work on /home/ylan/airflow/venv/lib/python3.9/site-packages/airflow/example_dags/plugins/listener_plugin.py
[2023-08-17T00:10:03.014+0300] {processor.py:826} INFO - Processing file /home/ylan/airflow/venv/lib/python3.9/site-packages/airflow/example_dags/plugins/listener_plugin.py for tasks to queue
[2023-08-17T00:10:03.028+0300] {logging_mixin.py:150} INFO - [2023-08-17T00:10:03.016+0300] {dagbag.py:541} INFO - Filling up the DagBag from /home/ylan/airflow/venv/lib/python3.9/site-packages/airflow/example_dags/plugins/listener_plugin.py
[2023-08-17T00:10:03.094+0300] {processor.py:838} WARNING - No viable dags retrieved from /home/ylan/airflow/venv/lib/python3.9/site-packages/airflow/example_dags/plugins/listener_plugin.py
[2023-08-17T00:10:03.699+0300] {processor.py:179} INFO - Processing /home/ylan/airflow/venv/lib/python3.9/site-packages/airflow/example_dags/plugins/listener_plugin.py took 0.762 seconds
[2023-08-17T00:10:36.983+0300] {processor.py:157} INFO - Started process (PID=233590) to work on /home/ylan/airflow/venv/lib/python3.9/site-packages/airflow/example_dags/plugins/listener_plugin.py
[2023-08-17T00:10:37.050+0300] {processor.py:826} INFO - Processing file /home/ylan/airflow/venv/lib/python3.9/site-packages/airflow/example_dags/plugins/listener_plugin.py for tasks to queue
[2023-08-17T00:10:37.054+0300] {logging_mixin.py:150} INFO - [2023-08-17T00:10:37.052+0300] {dagbag.py:541} INFO - Filling up the DagBag from /home/ylan/airflow/venv/lib/python3.9/site-packages/airflow/example_dags/plugins/listener_plugin.py
[2023-08-17T00:10:37.142+0300] {processor.py:838} WARNING - No viable dags retrieved from /home/ylan/airflow/venv/lib/python3.9/site-packages/airflow/example_dags/plugins/listener_plugin.py
[2023-08-17T00:10:37.833+0300] {processor.py:179} INFO - Processing /home/ylan/airflow/venv/lib/python3.9/site-packages/airflow/example_dags/plugins/listener_plugin.py took 0.901 seconds
[2023-08-17T00:11:13.229+0300] {processor.py:157} INFO - Started process (PID=234215) to work on /home/ylan/airflow/venv/lib/python3.9/site-packages/airflow/example_dags/plugins/listener_plugin.py
[2023-08-17T00:11:13.241+0300] {processor.py:826} INFO - Processing file /home/ylan/airflow/venv/lib/python3.9/site-packages/airflow/example_dags/plugins/listener_plugin.py for tasks to queue
[2023-08-17T00:11:13.244+0300] {logging_mixin.py:150} INFO - [2023-08-17T00:11:13.243+0300] {dagbag.py:541} INFO - Filling up the DagBag from /home/ylan/airflow/venv/lib/python3.9/site-packages/airflow/example_dags/plugins/listener_plugin.py
[2023-08-17T00:11:13.266+0300] {processor.py:838} WARNING - No viable dags retrieved from /home/ylan/airflow/venv/lib/python3.9/site-packages/airflow/example_dags/plugins/listener_plugin.py
[2023-08-17T00:11:13.658+0300] {processor.py:179} INFO - Processing /home/ylan/airflow/venv/lib/python3.9/site-packages/airflow/example_dags/plugins/listener_plugin.py took 0.502 seconds
[2023-08-17T00:11:44.158+0300] {processor.py:157} INFO - Started process (PID=234807) to work on /home/ylan/airflow/venv/lib/python3.9/site-packages/airflow/example_dags/plugins/listener_plugin.py
[2023-08-17T00:11:44.161+0300] {processor.py:826} INFO - Processing file /home/ylan/airflow/venv/lib/python3.9/site-packages/airflow/example_dags/plugins/listener_plugin.py for tasks to queue
[2023-08-17T00:11:44.165+0300] {logging_mixin.py:150} INFO - [2023-08-17T00:11:44.164+0300] {dagbag.py:541} INFO - Filling up the DagBag from /home/ylan/airflow/venv/lib/python3.9/site-packages/airflow/example_dags/plugins/listener_plugin.py
[2023-08-17T00:11:44.175+0300] {processor.py:838} WARNING - No viable dags retrieved from /home/ylan/airflow/venv/lib/python3.9/site-packages/airflow/example_dags/plugins/listener_plugin.py
[2023-08-17T00:11:44.271+0300] {processor.py:179} INFO - Processing /home/ylan/airflow/venv/lib/python3.9/site-packages/airflow/example_dags/plugins/listener_plugin.py took 0.129 seconds
[2023-08-17T00:12:15.233+0300] {processor.py:157} INFO - Started process (PID=235388) to work on /home/ylan/airflow/venv/lib/python3.9/site-packages/airflow/example_dags/plugins/listener_plugin.py
[2023-08-17T00:12:15.284+0300] {processor.py:826} INFO - Processing file /home/ylan/airflow/venv/lib/python3.9/site-packages/airflow/example_dags/plugins/listener_plugin.py for tasks to queue
[2023-08-17T00:12:15.298+0300] {logging_mixin.py:150} INFO - [2023-08-17T00:12:15.297+0300] {dagbag.py:541} INFO - Filling up the DagBag from /home/ylan/airflow/venv/lib/python3.9/site-packages/airflow/example_dags/plugins/listener_plugin.py
[2023-08-17T00:12:15.338+0300] {processor.py:838} WARNING - No viable dags retrieved from /home/ylan/airflow/venv/lib/python3.9/site-packages/airflow/example_dags/plugins/listener_plugin.py
[2023-08-17T00:12:15.478+0300] {processor.py:179} INFO - Processing /home/ylan/airflow/venv/lib/python3.9/site-packages/airflow/example_dags/plugins/listener_plugin.py took 0.276 seconds
[2023-08-17T00:12:48.955+0300] {processor.py:157} INFO - Started process (PID=235858) to work on /home/ylan/airflow/venv/lib/python3.9/site-packages/airflow/example_dags/plugins/listener_plugin.py
[2023-08-17T00:12:48.979+0300] {processor.py:826} INFO - Processing file /home/ylan/airflow/venv/lib/python3.9/site-packages/airflow/example_dags/plugins/listener_plugin.py for tasks to queue
[2023-08-17T00:12:48.986+0300] {logging_mixin.py:150} INFO - [2023-08-17T00:12:48.985+0300] {dagbag.py:541} INFO - Filling up the DagBag from /home/ylan/airflow/venv/lib/python3.9/site-packages/airflow/example_dags/plugins/listener_plugin.py
[2023-08-17T00:12:49.007+0300] {processor.py:838} WARNING - No viable dags retrieved from /home/ylan/airflow/venv/lib/python3.9/site-packages/airflow/example_dags/plugins/listener_plugin.py
[2023-08-17T00:12:49.216+0300] {processor.py:179} INFO - Processing /home/ylan/airflow/venv/lib/python3.9/site-packages/airflow/example_dags/plugins/listener_plugin.py took 0.287 seconds
[2023-08-17T00:13:26.026+0300] {processor.py:157} INFO - Started process (PID=236356) to work on /home/ylan/airflow/venv/lib/python3.9/site-packages/airflow/example_dags/plugins/listener_plugin.py
[2023-08-17T00:13:26.077+0300] {processor.py:826} INFO - Processing file /home/ylan/airflow/venv/lib/python3.9/site-packages/airflow/example_dags/plugins/listener_plugin.py for tasks to queue
[2023-08-17T00:13:26.087+0300] {logging_mixin.py:150} INFO - [2023-08-17T00:13:26.079+0300] {dagbag.py:541} INFO - Filling up the DagBag from /home/ylan/airflow/venv/lib/python3.9/site-packages/airflow/example_dags/plugins/listener_plugin.py
[2023-08-17T00:13:26.116+0300] {processor.py:838} WARNING - No viable dags retrieved from /home/ylan/airflow/venv/lib/python3.9/site-packages/airflow/example_dags/plugins/listener_plugin.py
[2023-08-17T00:13:26.541+0300] {processor.py:179} INFO - Processing /home/ylan/airflow/venv/lib/python3.9/site-packages/airflow/example_dags/plugins/listener_plugin.py took 0.588 seconds
[2023-08-17T00:13:56.664+0300] {processor.py:157} INFO - Started process (PID=236816) to work on /home/ylan/airflow/venv/lib/python3.9/site-packages/airflow/example_dags/plugins/listener_plugin.py
[2023-08-17T00:13:56.834+0300] {processor.py:826} INFO - Processing file /home/ylan/airflow/venv/lib/python3.9/site-packages/airflow/example_dags/plugins/listener_plugin.py for tasks to queue
[2023-08-17T00:13:56.838+0300] {logging_mixin.py:150} INFO - [2023-08-17T00:13:56.837+0300] {dagbag.py:541} INFO - Filling up the DagBag from /home/ylan/airflow/venv/lib/python3.9/site-packages/airflow/example_dags/plugins/listener_plugin.py
[2023-08-17T00:13:56.870+0300] {processor.py:838} WARNING - No viable dags retrieved from /home/ylan/airflow/venv/lib/python3.9/site-packages/airflow/example_dags/plugins/listener_plugin.py
[2023-08-17T00:13:56.960+0300] {processor.py:179} INFO - Processing /home/ylan/airflow/venv/lib/python3.9/site-packages/airflow/example_dags/plugins/listener_plugin.py took 0.306 seconds
[2023-08-17T00:14:34.182+0300] {processor.py:157} INFO - Started process (PID=237502) to work on /home/ylan/airflow/venv/lib/python3.9/site-packages/airflow/example_dags/plugins/listener_plugin.py
[2023-08-17T00:14:34.255+0300] {processor.py:826} INFO - Processing file /home/ylan/airflow/venv/lib/python3.9/site-packages/airflow/example_dags/plugins/listener_plugin.py for tasks to queue
[2023-08-17T00:14:34.258+0300] {logging_mixin.py:150} INFO - [2023-08-17T00:14:34.257+0300] {dagbag.py:541} INFO - Filling up the DagBag from /home/ylan/airflow/venv/lib/python3.9/site-packages/airflow/example_dags/plugins/listener_plugin.py
[2023-08-17T00:14:34.350+0300] {processor.py:838} WARNING - No viable dags retrieved from /home/ylan/airflow/venv/lib/python3.9/site-packages/airflow/example_dags/plugins/listener_plugin.py
[2023-08-17T00:14:34.695+0300] {processor.py:179} INFO - Processing /home/ylan/airflow/venv/lib/python3.9/site-packages/airflow/example_dags/plugins/listener_plugin.py took 0.693 seconds
