[2023-08-16T23:27:35.448+0300] {processor.py:157} INFO - Started process (PID=192905) to work on /home/ylan/airflow/venv/lib/python3.9/site-packages/airflow/example_dags/plugins/workday.py
[2023-08-16T23:27:35.451+0300] {processor.py:826} INFO - Processing file /home/ylan/airflow/venv/lib/python3.9/site-packages/airflow/example_dags/plugins/workday.py for tasks to queue
[2023-08-16T23:27:35.454+0300] {logging_mixin.py:150} INFO - [2023-08-16T23:27:35.453+0300] {dagbag.py:541} INFO - Filling up the DagBag from /home/ylan/airflow/venv/lib/python3.9/site-packages/airflow/example_dags/plugins/workday.py
[2023-08-16T23:27:35.465+0300] {logging_mixin.py:150} INFO - [2023-08-16T23:27:35.465+0300] {workday.py:36} WARNING - Could not import pandas. Holidays will not be considered.
[2023-08-16T23:27:35.466+0300] {processor.py:838} WARNING - No viable dags retrieved from /home/ylan/airflow/venv/lib/python3.9/site-packages/airflow/example_dags/plugins/workday.py
[2023-08-16T23:27:35.571+0300] {processor.py:179} INFO - Processing /home/ylan/airflow/venv/lib/python3.9/site-packages/airflow/example_dags/plugins/workday.py took 0.139 seconds
[2023-08-16T23:28:38.779+0300] {processor.py:157} INFO - Started process (PID=193578) to work on /home/ylan/airflow/venv/lib/python3.9/site-packages/airflow/example_dags/plugins/workday.py
[2023-08-16T23:28:38.789+0300] {processor.py:826} INFO - Processing file /home/ylan/airflow/venv/lib/python3.9/site-packages/airflow/example_dags/plugins/workday.py for tasks to queue
[2023-08-16T23:28:38.793+0300] {logging_mixin.py:150} INFO - [2023-08-16T23:28:38.792+0300] {dagbag.py:541} INFO - Filling up the DagBag from /home/ylan/airflow/venv/lib/python3.9/site-packages/airflow/example_dags/plugins/workday.py
[2023-08-16T23:28:38.827+0300] {logging_mixin.py:150} INFO - [2023-08-16T23:28:38.827+0300] {workday.py:36} WARNING - Could not import pandas. Holidays will not be considered.
[2023-08-16T23:28:38.829+0300] {processor.py:838} WARNING - No viable dags retrieved from /home/ylan/airflow/venv/lib/python3.9/site-packages/airflow/example_dags/plugins/workday.py
[2023-08-16T23:28:38.990+0300] {processor.py:179} INFO - Processing /home/ylan/airflow/venv/lib/python3.9/site-packages/airflow/example_dags/plugins/workday.py took 0.227 seconds
[2023-08-16T23:29:09.438+0300] {processor.py:157} INFO - Started process (PID=193996) to work on /home/ylan/airflow/venv/lib/python3.9/site-packages/airflow/example_dags/plugins/workday.py
[2023-08-16T23:29:09.455+0300] {processor.py:826} INFO - Processing file /home/ylan/airflow/venv/lib/python3.9/site-packages/airflow/example_dags/plugins/workday.py for tasks to queue
[2023-08-16T23:29:09.458+0300] {logging_mixin.py:150} INFO - [2023-08-16T23:29:09.457+0300] {dagbag.py:541} INFO - Filling up the DagBag from /home/ylan/airflow/venv/lib/python3.9/site-packages/airflow/example_dags/plugins/workday.py
[2023-08-16T23:29:09.468+0300] {logging_mixin.py:150} INFO - [2023-08-16T23:29:09.467+0300] {workday.py:36} WARNING - Could not import pandas. Holidays will not be considered.
[2023-08-16T23:29:09.470+0300] {processor.py:838} WARNING - No viable dags retrieved from /home/ylan/airflow/venv/lib/python3.9/site-packages/airflow/example_dags/plugins/workday.py
[2023-08-16T23:29:09.573+0300] {processor.py:179} INFO - Processing /home/ylan/airflow/venv/lib/python3.9/site-packages/airflow/example_dags/plugins/workday.py took 0.164 seconds
[2023-08-16T23:29:41.728+0300] {processor.py:157} INFO - Started process (PID=194626) to work on /home/ylan/airflow/venv/lib/python3.9/site-packages/airflow/example_dags/plugins/workday.py
[2023-08-16T23:29:41.757+0300] {processor.py:826} INFO - Processing file /home/ylan/airflow/venv/lib/python3.9/site-packages/airflow/example_dags/plugins/workday.py for tasks to queue
[2023-08-16T23:29:41.759+0300] {logging_mixin.py:150} INFO - [2023-08-16T23:29:41.759+0300] {dagbag.py:541} INFO - Filling up the DagBag from /home/ylan/airflow/venv/lib/python3.9/site-packages/airflow/example_dags/plugins/workday.py
[2023-08-16T23:29:41.793+0300] {logging_mixin.py:150} INFO - [2023-08-16T23:29:41.792+0300] {workday.py:36} WARNING - Could not import pandas. Holidays will not be considered.
[2023-08-16T23:29:41.794+0300] {processor.py:838} WARNING - No viable dags retrieved from /home/ylan/airflow/venv/lib/python3.9/site-packages/airflow/example_dags/plugins/workday.py
[2023-08-16T23:29:42.049+0300] {processor.py:179} INFO - Processing /home/ylan/airflow/venv/lib/python3.9/site-packages/airflow/example_dags/plugins/workday.py took 0.349 seconds
[2023-08-16T23:30:14.091+0300] {processor.py:157} INFO - Started process (PID=195269) to work on /home/ylan/airflow/venv/lib/python3.9/site-packages/airflow/example_dags/plugins/workday.py
[2023-08-16T23:30:14.099+0300] {processor.py:826} INFO - Processing file /home/ylan/airflow/venv/lib/python3.9/site-packages/airflow/example_dags/plugins/workday.py for tasks to queue
[2023-08-16T23:30:14.102+0300] {logging_mixin.py:150} INFO - [2023-08-16T23:30:14.101+0300] {dagbag.py:541} INFO - Filling up the DagBag from /home/ylan/airflow/venv/lib/python3.9/site-packages/airflow/example_dags/plugins/workday.py
[2023-08-16T23:30:14.113+0300] {logging_mixin.py:150} INFO - [2023-08-16T23:30:14.112+0300] {workday.py:36} WARNING - Could not import pandas. Holidays will not be considered.
[2023-08-16T23:30:14.114+0300] {processor.py:838} WARNING - No viable dags retrieved from /home/ylan/airflow/venv/lib/python3.9/site-packages/airflow/example_dags/plugins/workday.py
[2023-08-16T23:30:14.204+0300] {processor.py:179} INFO - Processing /home/ylan/airflow/venv/lib/python3.9/site-packages/airflow/example_dags/plugins/workday.py took 0.127 seconds
[2023-08-16T23:30:44.461+0300] {processor.py:157} INFO - Started process (PID=195916) to work on /home/ylan/airflow/venv/lib/python3.9/site-packages/airflow/example_dags/plugins/workday.py
[2023-08-16T23:30:44.464+0300] {processor.py:826} INFO - Processing file /home/ylan/airflow/venv/lib/python3.9/site-packages/airflow/example_dags/plugins/workday.py for tasks to queue
[2023-08-16T23:30:44.467+0300] {logging_mixin.py:150} INFO - [2023-08-16T23:30:44.466+0300] {dagbag.py:541} INFO - Filling up the DagBag from /home/ylan/airflow/venv/lib/python3.9/site-packages/airflow/example_dags/plugins/workday.py
[2023-08-16T23:30:44.476+0300] {logging_mixin.py:150} INFO - [2023-08-16T23:30:44.475+0300] {workday.py:36} WARNING - Could not import pandas. Holidays will not be considered.
[2023-08-16T23:30:44.478+0300] {processor.py:838} WARNING - No viable dags retrieved from /home/ylan/airflow/venv/lib/python3.9/site-packages/airflow/example_dags/plugins/workday.py
[2023-08-16T23:30:44.551+0300] {processor.py:179} INFO - Processing /home/ylan/airflow/venv/lib/python3.9/site-packages/airflow/example_dags/plugins/workday.py took 0.106 seconds
[2023-08-16T23:31:16.573+0300] {processor.py:157} INFO - Started process (PID=196359) to work on /home/ylan/airflow/venv/lib/python3.9/site-packages/airflow/example_dags/plugins/workday.py
[2023-08-16T23:31:16.577+0300] {processor.py:826} INFO - Processing file /home/ylan/airflow/venv/lib/python3.9/site-packages/airflow/example_dags/plugins/workday.py for tasks to queue
[2023-08-16T23:31:16.581+0300] {logging_mixin.py:150} INFO - [2023-08-16T23:31:16.579+0300] {dagbag.py:541} INFO - Filling up the DagBag from /home/ylan/airflow/venv/lib/python3.9/site-packages/airflow/example_dags/plugins/workday.py
[2023-08-16T23:31:16.594+0300] {logging_mixin.py:150} INFO - [2023-08-16T23:31:16.593+0300] {workday.py:36} WARNING - Could not import pandas. Holidays will not be considered.
[2023-08-16T23:31:16.595+0300] {processor.py:838} WARNING - No viable dags retrieved from /home/ylan/airflow/venv/lib/python3.9/site-packages/airflow/example_dags/plugins/workday.py
[2023-08-16T23:31:16.696+0300] {processor.py:179} INFO - Processing /home/ylan/airflow/venv/lib/python3.9/site-packages/airflow/example_dags/plugins/workday.py took 0.144 seconds
[2023-08-16T23:31:47.911+0300] {processor.py:157} INFO - Started process (PID=196778) to work on /home/ylan/airflow/venv/lib/python3.9/site-packages/airflow/example_dags/plugins/workday.py
[2023-08-16T23:31:47.919+0300] {processor.py:826} INFO - Processing file /home/ylan/airflow/venv/lib/python3.9/site-packages/airflow/example_dags/plugins/workday.py for tasks to queue
[2023-08-16T23:31:47.947+0300] {logging_mixin.py:150} INFO - [2023-08-16T23:31:47.946+0300] {dagbag.py:541} INFO - Filling up the DagBag from /home/ylan/airflow/venv/lib/python3.9/site-packages/airflow/example_dags/plugins/workday.py
[2023-08-16T23:31:48.016+0300] {logging_mixin.py:150} INFO - [2023-08-16T23:31:48.015+0300] {workday.py:36} WARNING - Could not import pandas. Holidays will not be considered.
[2023-08-16T23:31:48.034+0300] {processor.py:838} WARNING - No viable dags retrieved from /home/ylan/airflow/venv/lib/python3.9/site-packages/airflow/example_dags/plugins/workday.py
[2023-08-16T23:31:48.263+0300] {processor.py:179} INFO - Processing /home/ylan/airflow/venv/lib/python3.9/site-packages/airflow/example_dags/plugins/workday.py took 0.408 seconds
[2023-08-16T23:32:19.126+0300] {processor.py:157} INFO - Started process (PID=197335) to work on /home/ylan/airflow/venv/lib/python3.9/site-packages/airflow/example_dags/plugins/workday.py
[2023-08-16T23:32:19.130+0300] {processor.py:826} INFO - Processing file /home/ylan/airflow/venv/lib/python3.9/site-packages/airflow/example_dags/plugins/workday.py for tasks to queue
[2023-08-16T23:32:19.133+0300] {logging_mixin.py:150} INFO - [2023-08-16T23:32:19.132+0300] {dagbag.py:541} INFO - Filling up the DagBag from /home/ylan/airflow/venv/lib/python3.9/site-packages/airflow/example_dags/plugins/workday.py
[2023-08-16T23:32:19.143+0300] {logging_mixin.py:150} INFO - [2023-08-16T23:32:19.142+0300] {workday.py:36} WARNING - Could not import pandas. Holidays will not be considered.
[2023-08-16T23:32:19.144+0300] {processor.py:838} WARNING - No viable dags retrieved from /home/ylan/airflow/venv/lib/python3.9/site-packages/airflow/example_dags/plugins/workday.py
[2023-08-16T23:32:19.233+0300] {processor.py:179} INFO - Processing /home/ylan/airflow/venv/lib/python3.9/site-packages/airflow/example_dags/plugins/workday.py took 0.121 seconds
[2023-08-16T23:32:49.478+0300] {processor.py:157} INFO - Started process (PID=197880) to work on /home/ylan/airflow/venv/lib/python3.9/site-packages/airflow/example_dags/plugins/workday.py
[2023-08-16T23:32:49.482+0300] {processor.py:826} INFO - Processing file /home/ylan/airflow/venv/lib/python3.9/site-packages/airflow/example_dags/plugins/workday.py for tasks to queue
[2023-08-16T23:32:49.485+0300] {logging_mixin.py:150} INFO - [2023-08-16T23:32:49.483+0300] {dagbag.py:541} INFO - Filling up the DagBag from /home/ylan/airflow/venv/lib/python3.9/site-packages/airflow/example_dags/plugins/workday.py
[2023-08-16T23:32:49.496+0300] {logging_mixin.py:150} INFO - [2023-08-16T23:32:49.495+0300] {workday.py:36} WARNING - Could not import pandas. Holidays will not be considered.
[2023-08-16T23:32:49.497+0300] {processor.py:838} WARNING - No viable dags retrieved from /home/ylan/airflow/venv/lib/python3.9/site-packages/airflow/example_dags/plugins/workday.py
[2023-08-16T23:32:49.717+0300] {processor.py:179} INFO - Processing /home/ylan/airflow/venv/lib/python3.9/site-packages/airflow/example_dags/plugins/workday.py took 0.274 seconds
[2023-08-16T23:33:21.467+0300] {processor.py:157} INFO - Started process (PID=198486) to work on /home/ylan/airflow/venv/lib/python3.9/site-packages/airflow/example_dags/plugins/workday.py
[2023-08-16T23:33:21.493+0300] {processor.py:826} INFO - Processing file /home/ylan/airflow/venv/lib/python3.9/site-packages/airflow/example_dags/plugins/workday.py for tasks to queue
[2023-08-16T23:33:21.496+0300] {logging_mixin.py:150} INFO - [2023-08-16T23:33:21.495+0300] {dagbag.py:541} INFO - Filling up the DagBag from /home/ylan/airflow/venv/lib/python3.9/site-packages/airflow/example_dags/plugins/workday.py
[2023-08-16T23:33:21.529+0300] {logging_mixin.py:150} INFO - [2023-08-16T23:33:21.529+0300] {workday.py:36} WARNING - Could not import pandas. Holidays will not be considered.
[2023-08-16T23:33:21.531+0300] {processor.py:838} WARNING - No viable dags retrieved from /home/ylan/airflow/venv/lib/python3.9/site-packages/airflow/example_dags/plugins/workday.py
[2023-08-16T23:33:21.853+0300] {processor.py:179} INFO - Processing /home/ylan/airflow/venv/lib/python3.9/site-packages/airflow/example_dags/plugins/workday.py took 0.426 seconds
[2023-08-16T23:33:52.968+0300] {processor.py:157} INFO - Started process (PID=199097) to work on /home/ylan/airflow/venv/lib/python3.9/site-packages/airflow/example_dags/plugins/workday.py
[2023-08-16T23:33:52.973+0300] {processor.py:826} INFO - Processing file /home/ylan/airflow/venv/lib/python3.9/site-packages/airflow/example_dags/plugins/workday.py for tasks to queue
[2023-08-16T23:33:52.978+0300] {logging_mixin.py:150} INFO - [2023-08-16T23:33:52.976+0300] {dagbag.py:541} INFO - Filling up the DagBag from /home/ylan/airflow/venv/lib/python3.9/site-packages/airflow/example_dags/plugins/workday.py
[2023-08-16T23:33:52.992+0300] {logging_mixin.py:150} INFO - [2023-08-16T23:33:52.991+0300] {workday.py:36} WARNING - Could not import pandas. Holidays will not be considered.
[2023-08-16T23:33:52.994+0300] {processor.py:838} WARNING - No viable dags retrieved from /home/ylan/airflow/venv/lib/python3.9/site-packages/airflow/example_dags/plugins/workday.py
[2023-08-16T23:33:53.110+0300] {processor.py:179} INFO - Processing /home/ylan/airflow/venv/lib/python3.9/site-packages/airflow/example_dags/plugins/workday.py took 0.164 seconds
[2023-08-16T23:34:23.568+0300] {processor.py:157} INFO - Started process (PID=199484) to work on /home/ylan/airflow/venv/lib/python3.9/site-packages/airflow/example_dags/plugins/workday.py
[2023-08-16T23:34:23.570+0300] {processor.py:826} INFO - Processing file /home/ylan/airflow/venv/lib/python3.9/site-packages/airflow/example_dags/plugins/workday.py for tasks to queue
[2023-08-16T23:34:23.607+0300] {logging_mixin.py:150} INFO - [2023-08-16T23:34:23.606+0300] {dagbag.py:541} INFO - Filling up the DagBag from /home/ylan/airflow/venv/lib/python3.9/site-packages/airflow/example_dags/plugins/workday.py
[2023-08-16T23:34:23.637+0300] {logging_mixin.py:150} INFO - [2023-08-16T23:34:23.637+0300] {workday.py:36} WARNING - Could not import pandas. Holidays will not be considered.
[2023-08-16T23:34:23.639+0300] {processor.py:838} WARNING - No viable dags retrieved from /home/ylan/airflow/venv/lib/python3.9/site-packages/airflow/example_dags/plugins/workday.py
[2023-08-16T23:34:23.953+0300] {processor.py:179} INFO - Processing /home/ylan/airflow/venv/lib/python3.9/site-packages/airflow/example_dags/plugins/workday.py took 0.483 seconds
[2023-08-16T23:34:54.939+0300] {processor.py:157} INFO - Started process (PID=199915) to work on /home/ylan/airflow/venv/lib/python3.9/site-packages/airflow/example_dags/plugins/workday.py
[2023-08-16T23:34:54.968+0300] {processor.py:826} INFO - Processing file /home/ylan/airflow/venv/lib/python3.9/site-packages/airflow/example_dags/plugins/workday.py for tasks to queue
[2023-08-16T23:34:54.971+0300] {logging_mixin.py:150} INFO - [2023-08-16T23:34:54.970+0300] {dagbag.py:541} INFO - Filling up the DagBag from /home/ylan/airflow/venv/lib/python3.9/site-packages/airflow/example_dags/plugins/workday.py
[2023-08-16T23:34:55.029+0300] {logging_mixin.py:150} INFO - [2023-08-16T23:34:55.028+0300] {workday.py:36} WARNING - Could not import pandas. Holidays will not be considered.
[2023-08-16T23:34:55.031+0300] {processor.py:838} WARNING - No viable dags retrieved from /home/ylan/airflow/venv/lib/python3.9/site-packages/airflow/example_dags/plugins/workday.py
[2023-08-16T23:34:55.235+0300] {processor.py:179} INFO - Processing /home/ylan/airflow/venv/lib/python3.9/site-packages/airflow/example_dags/plugins/workday.py took 0.318 seconds
[2023-08-16T23:35:25.707+0300] {processor.py:157} INFO - Started process (PID=200486) to work on /home/ylan/airflow/venv/lib/python3.9/site-packages/airflow/example_dags/plugins/workday.py
[2023-08-16T23:35:25.724+0300] {processor.py:826} INFO - Processing file /home/ylan/airflow/venv/lib/python3.9/site-packages/airflow/example_dags/plugins/workday.py for tasks to queue
[2023-08-16T23:35:25.728+0300] {logging_mixin.py:150} INFO - [2023-08-16T23:35:25.726+0300] {dagbag.py:541} INFO - Filling up the DagBag from /home/ylan/airflow/venv/lib/python3.9/site-packages/airflow/example_dags/plugins/workday.py
[2023-08-16T23:35:25.764+0300] {logging_mixin.py:150} INFO - [2023-08-16T23:35:25.763+0300] {workday.py:36} WARNING - Could not import pandas. Holidays will not be considered.
[2023-08-16T23:35:25.765+0300] {processor.py:838} WARNING - No viable dags retrieved from /home/ylan/airflow/venv/lib/python3.9/site-packages/airflow/example_dags/plugins/workday.py
[2023-08-16T23:35:25.905+0300] {processor.py:179} INFO - Processing /home/ylan/airflow/venv/lib/python3.9/site-packages/airflow/example_dags/plugins/workday.py took 0.215 seconds
[2023-08-16T23:35:57.494+0300] {processor.py:157} INFO - Started process (PID=200920) to work on /home/ylan/airflow/venv/lib/python3.9/site-packages/airflow/example_dags/plugins/workday.py
[2023-08-16T23:35:57.501+0300] {processor.py:826} INFO - Processing file /home/ylan/airflow/venv/lib/python3.9/site-packages/airflow/example_dags/plugins/workday.py for tasks to queue
[2023-08-16T23:35:57.505+0300] {logging_mixin.py:150} INFO - [2023-08-16T23:35:57.504+0300] {dagbag.py:541} INFO - Filling up the DagBag from /home/ylan/airflow/venv/lib/python3.9/site-packages/airflow/example_dags/plugins/workday.py
[2023-08-16T23:35:57.532+0300] {logging_mixin.py:150} INFO - [2023-08-16T23:35:57.528+0300] {workday.py:36} WARNING - Could not import pandas. Holidays will not be considered.
[2023-08-16T23:35:57.534+0300] {processor.py:838} WARNING - No viable dags retrieved from /home/ylan/airflow/venv/lib/python3.9/site-packages/airflow/example_dags/plugins/workday.py
[2023-08-16T23:35:57.814+0300] {processor.py:179} INFO - Processing /home/ylan/airflow/venv/lib/python3.9/site-packages/airflow/example_dags/plugins/workday.py took 0.342 seconds
[2023-08-16T23:36:31.721+0300] {processor.py:157} INFO - Started process (PID=201536) to work on /home/ylan/airflow/venv/lib/python3.9/site-packages/airflow/example_dags/plugins/workday.py
[2023-08-16T23:36:31.733+0300] {processor.py:826} INFO - Processing file /home/ylan/airflow/venv/lib/python3.9/site-packages/airflow/example_dags/plugins/workday.py for tasks to queue
[2023-08-16T23:36:31.736+0300] {logging_mixin.py:150} INFO - [2023-08-16T23:36:31.735+0300] {dagbag.py:541} INFO - Filling up the DagBag from /home/ylan/airflow/venv/lib/python3.9/site-packages/airflow/example_dags/plugins/workday.py
[2023-08-16T23:36:31.781+0300] {logging_mixin.py:150} INFO - [2023-08-16T23:36:31.769+0300] {workday.py:36} WARNING - Could not import pandas. Holidays will not be considered.
[2023-08-16T23:36:31.848+0300] {processor.py:838} WARNING - No viable dags retrieved from /home/ylan/airflow/venv/lib/python3.9/site-packages/airflow/example_dags/plugins/workday.py
[2023-08-16T23:36:32.103+0300] {processor.py:179} INFO - Processing /home/ylan/airflow/venv/lib/python3.9/site-packages/airflow/example_dags/plugins/workday.py took 0.415 seconds
[2023-08-16T23:37:03.165+0300] {processor.py:157} INFO - Started process (PID=202130) to work on /home/ylan/airflow/venv/lib/python3.9/site-packages/airflow/example_dags/plugins/workday.py
[2023-08-16T23:37:03.183+0300] {processor.py:826} INFO - Processing file /home/ylan/airflow/venv/lib/python3.9/site-packages/airflow/example_dags/plugins/workday.py for tasks to queue
[2023-08-16T23:37:03.187+0300] {logging_mixin.py:150} INFO - [2023-08-16T23:37:03.186+0300] {dagbag.py:541} INFO - Filling up the DagBag from /home/ylan/airflow/venv/lib/python3.9/site-packages/airflow/example_dags/plugins/workday.py
[2023-08-16T23:37:03.211+0300] {logging_mixin.py:150} INFO - [2023-08-16T23:37:03.211+0300] {workday.py:36} WARNING - Could not import pandas. Holidays will not be considered.
[2023-08-16T23:37:03.215+0300] {processor.py:838} WARNING - No viable dags retrieved from /home/ylan/airflow/venv/lib/python3.9/site-packages/airflow/example_dags/plugins/workday.py
[2023-08-16T23:37:03.501+0300] {processor.py:179} INFO - Processing /home/ylan/airflow/venv/lib/python3.9/site-packages/airflow/example_dags/plugins/workday.py took 0.361 seconds
[2023-08-16T23:37:34.393+0300] {processor.py:157} INFO - Started process (PID=202564) to work on /home/ylan/airflow/venv/lib/python3.9/site-packages/airflow/example_dags/plugins/workday.py
[2023-08-16T23:37:34.404+0300] {processor.py:826} INFO - Processing file /home/ylan/airflow/venv/lib/python3.9/site-packages/airflow/example_dags/plugins/workday.py for tasks to queue
[2023-08-16T23:37:34.407+0300] {logging_mixin.py:150} INFO - [2023-08-16T23:37:34.406+0300] {dagbag.py:541} INFO - Filling up the DagBag from /home/ylan/airflow/venv/lib/python3.9/site-packages/airflow/example_dags/plugins/workday.py
[2023-08-16T23:37:34.449+0300] {logging_mixin.py:150} INFO - [2023-08-16T23:37:34.449+0300] {workday.py:36} WARNING - Could not import pandas. Holidays will not be considered.
[2023-08-16T23:37:34.466+0300] {processor.py:838} WARNING - No viable dags retrieved from /home/ylan/airflow/venv/lib/python3.9/site-packages/airflow/example_dags/plugins/workday.py
[2023-08-16T23:37:34.630+0300] {processor.py:179} INFO - Processing /home/ylan/airflow/venv/lib/python3.9/site-packages/airflow/example_dags/plugins/workday.py took 0.282 seconds
[2023-08-16T23:38:06.453+0300] {processor.py:157} INFO - Started process (PID=203140) to work on /home/ylan/airflow/venv/lib/python3.9/site-packages/airflow/example_dags/plugins/workday.py
[2023-08-16T23:38:06.467+0300] {processor.py:826} INFO - Processing file /home/ylan/airflow/venv/lib/python3.9/site-packages/airflow/example_dags/plugins/workday.py for tasks to queue
[2023-08-16T23:38:06.470+0300] {logging_mixin.py:150} INFO - [2023-08-16T23:38:06.469+0300] {dagbag.py:541} INFO - Filling up the DagBag from /home/ylan/airflow/venv/lib/python3.9/site-packages/airflow/example_dags/plugins/workday.py
[2023-08-16T23:38:06.483+0300] {logging_mixin.py:150} INFO - [2023-08-16T23:38:06.482+0300] {workday.py:36} WARNING - Could not import pandas. Holidays will not be considered.
[2023-08-16T23:38:06.485+0300] {processor.py:838} WARNING - No viable dags retrieved from /home/ylan/airflow/venv/lib/python3.9/site-packages/airflow/example_dags/plugins/workday.py
[2023-08-16T23:38:06.824+0300] {processor.py:179} INFO - Processing /home/ylan/airflow/venv/lib/python3.9/site-packages/airflow/example_dags/plugins/workday.py took 0.407 seconds
[2023-08-16T23:38:37.536+0300] {processor.py:157} INFO - Started process (PID=203545) to work on /home/ylan/airflow/venv/lib/python3.9/site-packages/airflow/example_dags/plugins/workday.py
[2023-08-16T23:38:37.593+0300] {processor.py:826} INFO - Processing file /home/ylan/airflow/venv/lib/python3.9/site-packages/airflow/example_dags/plugins/workday.py for tasks to queue
[2023-08-16T23:38:37.608+0300] {logging_mixin.py:150} INFO - [2023-08-16T23:38:37.596+0300] {dagbag.py:541} INFO - Filling up the DagBag from /home/ylan/airflow/venv/lib/python3.9/site-packages/airflow/example_dags/plugins/workday.py
[2023-08-16T23:38:37.627+0300] {logging_mixin.py:150} INFO - [2023-08-16T23:38:37.623+0300] {workday.py:36} WARNING - Could not import pandas. Holidays will not be considered.
[2023-08-16T23:38:37.630+0300] {processor.py:838} WARNING - No viable dags retrieved from /home/ylan/airflow/venv/lib/python3.9/site-packages/airflow/example_dags/plugins/workday.py
[2023-08-16T23:38:37.769+0300] {processor.py:179} INFO - Processing /home/ylan/airflow/venv/lib/python3.9/site-packages/airflow/example_dags/plugins/workday.py took 0.401 seconds
[2023-08-16T23:39:07.959+0300] {processor.py:157} INFO - Started process (PID=204079) to work on /home/ylan/airflow/venv/lib/python3.9/site-packages/airflow/example_dags/plugins/workday.py
[2023-08-16T23:39:07.979+0300] {processor.py:826} INFO - Processing file /home/ylan/airflow/venv/lib/python3.9/site-packages/airflow/example_dags/plugins/workday.py for tasks to queue
[2023-08-16T23:39:07.984+0300] {logging_mixin.py:150} INFO - [2023-08-16T23:39:07.981+0300] {dagbag.py:541} INFO - Filling up the DagBag from /home/ylan/airflow/venv/lib/python3.9/site-packages/airflow/example_dags/plugins/workday.py
[2023-08-16T23:39:08.018+0300] {logging_mixin.py:150} INFO - [2023-08-16T23:39:08.015+0300] {workday.py:36} WARNING - Could not import pandas. Holidays will not be considered.
[2023-08-16T23:39:08.022+0300] {processor.py:838} WARNING - No viable dags retrieved from /home/ylan/airflow/venv/lib/python3.9/site-packages/airflow/example_dags/plugins/workday.py
[2023-08-16T23:39:08.231+0300] {processor.py:179} INFO - Processing /home/ylan/airflow/venv/lib/python3.9/site-packages/airflow/example_dags/plugins/workday.py took 0.307 seconds
[2023-08-16T23:39:38.414+0300] {processor.py:157} INFO - Started process (PID=204541) to work on /home/ylan/airflow/venv/lib/python3.9/site-packages/airflow/example_dags/plugins/workday.py
[2023-08-16T23:39:38.438+0300] {processor.py:826} INFO - Processing file /home/ylan/airflow/venv/lib/python3.9/site-packages/airflow/example_dags/plugins/workday.py for tasks to queue
[2023-08-16T23:39:38.441+0300] {logging_mixin.py:150} INFO - [2023-08-16T23:39:38.441+0300] {dagbag.py:541} INFO - Filling up the DagBag from /home/ylan/airflow/venv/lib/python3.9/site-packages/airflow/example_dags/plugins/workday.py
[2023-08-16T23:39:38.501+0300] {logging_mixin.py:150} INFO - [2023-08-16T23:39:38.500+0300] {workday.py:36} WARNING - Could not import pandas. Holidays will not be considered.
[2023-08-16T23:39:38.503+0300] {processor.py:838} WARNING - No viable dags retrieved from /home/ylan/airflow/venv/lib/python3.9/site-packages/airflow/example_dags/plugins/workday.py
[2023-08-16T23:39:38.760+0300] {processor.py:179} INFO - Processing /home/ylan/airflow/venv/lib/python3.9/site-packages/airflow/example_dags/plugins/workday.py took 0.403 seconds
[2023-08-16T23:40:09.729+0300] {processor.py:157} INFO - Started process (PID=205149) to work on /home/ylan/airflow/venv/lib/python3.9/site-packages/airflow/example_dags/plugins/workday.py
[2023-08-16T23:40:09.754+0300] {processor.py:826} INFO - Processing file /home/ylan/airflow/venv/lib/python3.9/site-packages/airflow/example_dags/plugins/workday.py for tasks to queue
[2023-08-16T23:40:09.758+0300] {logging_mixin.py:150} INFO - [2023-08-16T23:40:09.756+0300] {dagbag.py:541} INFO - Filling up the DagBag from /home/ylan/airflow/venv/lib/python3.9/site-packages/airflow/example_dags/plugins/workday.py
[2023-08-16T23:40:09.810+0300] {logging_mixin.py:150} INFO - [2023-08-16T23:40:09.809+0300] {workday.py:36} WARNING - Could not import pandas. Holidays will not be considered.
[2023-08-16T23:40:09.812+0300] {processor.py:838} WARNING - No viable dags retrieved from /home/ylan/airflow/venv/lib/python3.9/site-packages/airflow/example_dags/plugins/workday.py
[2023-08-16T23:40:10.139+0300] {processor.py:179} INFO - Processing /home/ylan/airflow/venv/lib/python3.9/site-packages/airflow/example_dags/plugins/workday.py took 0.426 seconds
[2023-08-16T23:40:42.494+0300] {processor.py:157} INFO - Started process (PID=205595) to work on /home/ylan/airflow/venv/lib/python3.9/site-packages/airflow/example_dags/plugins/workday.py
[2023-08-16T23:40:42.496+0300] {processor.py:826} INFO - Processing file /home/ylan/airflow/venv/lib/python3.9/site-packages/airflow/example_dags/plugins/workday.py for tasks to queue
[2023-08-16T23:40:42.499+0300] {logging_mixin.py:150} INFO - [2023-08-16T23:40:42.499+0300] {dagbag.py:541} INFO - Filling up the DagBag from /home/ylan/airflow/venv/lib/python3.9/site-packages/airflow/example_dags/plugins/workday.py
[2023-08-16T23:40:42.510+0300] {logging_mixin.py:150} INFO - [2023-08-16T23:40:42.509+0300] {workday.py:36} WARNING - Could not import pandas. Holidays will not be considered.
[2023-08-16T23:40:42.511+0300] {processor.py:838} WARNING - No viable dags retrieved from /home/ylan/airflow/venv/lib/python3.9/site-packages/airflow/example_dags/plugins/workday.py
[2023-08-16T23:40:42.601+0300] {processor.py:179} INFO - Processing /home/ylan/airflow/venv/lib/python3.9/site-packages/airflow/example_dags/plugins/workday.py took 0.120 seconds
[2023-08-16T23:41:14.272+0300] {processor.py:157} INFO - Started process (PID=206186) to work on /home/ylan/airflow/venv/lib/python3.9/site-packages/airflow/example_dags/plugins/workday.py
[2023-08-16T23:41:14.283+0300] {processor.py:826} INFO - Processing file /home/ylan/airflow/venv/lib/python3.9/site-packages/airflow/example_dags/plugins/workday.py for tasks to queue
[2023-08-16T23:41:14.293+0300] {logging_mixin.py:150} INFO - [2023-08-16T23:41:14.292+0300] {dagbag.py:541} INFO - Filling up the DagBag from /home/ylan/airflow/venv/lib/python3.9/site-packages/airflow/example_dags/plugins/workday.py
[2023-08-16T23:41:14.398+0300] {logging_mixin.py:150} INFO - [2023-08-16T23:41:14.388+0300] {workday.py:36} WARNING - Could not import pandas. Holidays will not be considered.
[2023-08-16T23:41:14.400+0300] {processor.py:838} WARNING - No viable dags retrieved from /home/ylan/airflow/venv/lib/python3.9/site-packages/airflow/example_dags/plugins/workday.py
[2023-08-16T23:41:14.730+0300] {processor.py:179} INFO - Processing /home/ylan/airflow/venv/lib/python3.9/site-packages/airflow/example_dags/plugins/workday.py took 0.506 seconds
[2023-08-16T23:41:45.594+0300] {processor.py:157} INFO - Started process (PID=206580) to work on /home/ylan/airflow/venv/lib/python3.9/site-packages/airflow/example_dags/plugins/workday.py
[2023-08-16T23:41:45.597+0300] {processor.py:826} INFO - Processing file /home/ylan/airflow/venv/lib/python3.9/site-packages/airflow/example_dags/plugins/workday.py for tasks to queue
[2023-08-16T23:41:45.600+0300] {logging_mixin.py:150} INFO - [2023-08-16T23:41:45.599+0300] {dagbag.py:541} INFO - Filling up the DagBag from /home/ylan/airflow/venv/lib/python3.9/site-packages/airflow/example_dags/plugins/workday.py
[2023-08-16T23:41:45.616+0300] {logging_mixin.py:150} INFO - [2023-08-16T23:41:45.615+0300] {workday.py:36} WARNING - Could not import pandas. Holidays will not be considered.
[2023-08-16T23:41:45.618+0300] {processor.py:838} WARNING - No viable dags retrieved from /home/ylan/airflow/venv/lib/python3.9/site-packages/airflow/example_dags/plugins/workday.py
[2023-08-16T23:41:45.724+0300] {processor.py:179} INFO - Processing /home/ylan/airflow/venv/lib/python3.9/site-packages/airflow/example_dags/plugins/workday.py took 0.147 seconds
[2023-08-16T23:42:16.166+0300] {processor.py:157} INFO - Started process (PID=207171) to work on /home/ylan/airflow/venv/lib/python3.9/site-packages/airflow/example_dags/plugins/workday.py
[2023-08-16T23:42:16.178+0300] {processor.py:826} INFO - Processing file /home/ylan/airflow/venv/lib/python3.9/site-packages/airflow/example_dags/plugins/workday.py for tasks to queue
[2023-08-16T23:42:16.189+0300] {logging_mixin.py:150} INFO - [2023-08-16T23:42:16.188+0300] {dagbag.py:541} INFO - Filling up the DagBag from /home/ylan/airflow/venv/lib/python3.9/site-packages/airflow/example_dags/plugins/workday.py
[2023-08-16T23:42:16.222+0300] {logging_mixin.py:150} INFO - [2023-08-16T23:42:16.221+0300] {workday.py:36} WARNING - Could not import pandas. Holidays will not be considered.
[2023-08-16T23:42:16.233+0300] {processor.py:838} WARNING - No viable dags retrieved from /home/ylan/airflow/venv/lib/python3.9/site-packages/airflow/example_dags/plugins/workday.py
[2023-08-16T23:42:16.589+0300] {processor.py:179} INFO - Processing /home/ylan/airflow/venv/lib/python3.9/site-packages/airflow/example_dags/plugins/workday.py took 0.527 seconds
[2023-08-16T23:42:46.857+0300] {processor.py:157} INFO - Started process (PID=207561) to work on /home/ylan/airflow/venv/lib/python3.9/site-packages/airflow/example_dags/plugins/workday.py
[2023-08-16T23:42:46.861+0300] {processor.py:826} INFO - Processing file /home/ylan/airflow/venv/lib/python3.9/site-packages/airflow/example_dags/plugins/workday.py for tasks to queue
[2023-08-16T23:42:46.871+0300] {logging_mixin.py:150} INFO - [2023-08-16T23:42:46.870+0300] {dagbag.py:541} INFO - Filling up the DagBag from /home/ylan/airflow/venv/lib/python3.9/site-packages/airflow/example_dags/plugins/workday.py
[2023-08-16T23:42:46.890+0300] {logging_mixin.py:150} INFO - [2023-08-16T23:42:46.890+0300] {workday.py:36} WARNING - Could not import pandas. Holidays will not be considered.
[2023-08-16T23:42:46.892+0300] {processor.py:838} WARNING - No viable dags retrieved from /home/ylan/airflow/venv/lib/python3.9/site-packages/airflow/example_dags/plugins/workday.py
[2023-08-16T23:42:47.084+0300] {processor.py:179} INFO - Processing /home/ylan/airflow/venv/lib/python3.9/site-packages/airflow/example_dags/plugins/workday.py took 0.257 seconds
[2023-08-16T23:43:17.371+0300] {processor.py:157} INFO - Started process (PID=208107) to work on /home/ylan/airflow/venv/lib/python3.9/site-packages/airflow/example_dags/plugins/workday.py
[2023-08-16T23:43:17.381+0300] {processor.py:826} INFO - Processing file /home/ylan/airflow/venv/lib/python3.9/site-packages/airflow/example_dags/plugins/workday.py for tasks to queue
[2023-08-16T23:43:17.393+0300] {logging_mixin.py:150} INFO - [2023-08-16T23:43:17.392+0300] {dagbag.py:541} INFO - Filling up the DagBag from /home/ylan/airflow/venv/lib/python3.9/site-packages/airflow/example_dags/plugins/workday.py
[2023-08-16T23:43:17.419+0300] {logging_mixin.py:150} INFO - [2023-08-16T23:43:17.418+0300] {workday.py:36} WARNING - Could not import pandas. Holidays will not be considered.
[2023-08-16T23:43:17.420+0300] {processor.py:838} WARNING - No viable dags retrieved from /home/ylan/airflow/venv/lib/python3.9/site-packages/airflow/example_dags/plugins/workday.py
[2023-08-16T23:43:17.695+0300] {processor.py:179} INFO - Processing /home/ylan/airflow/venv/lib/python3.9/site-packages/airflow/example_dags/plugins/workday.py took 0.371 seconds
[2023-08-16T23:43:48.366+0300] {processor.py:157} INFO - Started process (PID=208537) to work on /home/ylan/airflow/venv/lib/python3.9/site-packages/airflow/example_dags/plugins/workday.py
[2023-08-16T23:43:48.371+0300] {processor.py:826} INFO - Processing file /home/ylan/airflow/venv/lib/python3.9/site-packages/airflow/example_dags/plugins/workday.py for tasks to queue
[2023-08-16T23:43:48.375+0300] {logging_mixin.py:150} INFO - [2023-08-16T23:43:48.373+0300] {dagbag.py:541} INFO - Filling up the DagBag from /home/ylan/airflow/venv/lib/python3.9/site-packages/airflow/example_dags/plugins/workday.py
[2023-08-16T23:43:48.396+0300] {logging_mixin.py:150} INFO - [2023-08-16T23:43:48.396+0300] {workday.py:36} WARNING - Could not import pandas. Holidays will not be considered.
[2023-08-16T23:43:48.399+0300] {processor.py:838} WARNING - No viable dags retrieved from /home/ylan/airflow/venv/lib/python3.9/site-packages/airflow/example_dags/plugins/workday.py
[2023-08-16T23:43:48.501+0300] {processor.py:179} INFO - Processing /home/ylan/airflow/venv/lib/python3.9/site-packages/airflow/example_dags/plugins/workday.py took 0.151 seconds
[2023-08-16T23:44:20.332+0300] {processor.py:157} INFO - Started process (PID=209109) to work on /home/ylan/airflow/venv/lib/python3.9/site-packages/airflow/example_dags/plugins/workday.py
[2023-08-16T23:44:20.338+0300] {processor.py:826} INFO - Processing file /home/ylan/airflow/venv/lib/python3.9/site-packages/airflow/example_dags/plugins/workday.py for tasks to queue
[2023-08-16T23:44:20.340+0300] {logging_mixin.py:150} INFO - [2023-08-16T23:44:20.339+0300] {dagbag.py:541} INFO - Filling up the DagBag from /home/ylan/airflow/venv/lib/python3.9/site-packages/airflow/example_dags/plugins/workday.py
[2023-08-16T23:44:20.353+0300] {logging_mixin.py:150} INFO - [2023-08-16T23:44:20.352+0300] {workday.py:36} WARNING - Could not import pandas. Holidays will not be considered.
[2023-08-16T23:44:20.355+0300] {processor.py:838} WARNING - No viable dags retrieved from /home/ylan/airflow/venv/lib/python3.9/site-packages/airflow/example_dags/plugins/workday.py
[2023-08-16T23:44:20.451+0300] {processor.py:179} INFO - Processing /home/ylan/airflow/venv/lib/python3.9/site-packages/airflow/example_dags/plugins/workday.py took 0.134 seconds
[2023-08-16T23:44:50.886+0300] {processor.py:157} INFO - Started process (PID=209467) to work on /home/ylan/airflow/venv/lib/python3.9/site-packages/airflow/example_dags/plugins/workday.py
[2023-08-16T23:44:50.903+0300] {processor.py:826} INFO - Processing file /home/ylan/airflow/venv/lib/python3.9/site-packages/airflow/example_dags/plugins/workday.py for tasks to queue
[2023-08-16T23:44:50.905+0300] {logging_mixin.py:150} INFO - [2023-08-16T23:44:50.905+0300] {dagbag.py:541} INFO - Filling up the DagBag from /home/ylan/airflow/venv/lib/python3.9/site-packages/airflow/example_dags/plugins/workday.py
[2023-08-16T23:44:50.915+0300] {logging_mixin.py:150} INFO - [2023-08-16T23:44:50.914+0300] {workday.py:36} WARNING - Could not import pandas. Holidays will not be considered.
[2023-08-16T23:44:50.928+0300] {processor.py:838} WARNING - No viable dags retrieved from /home/ylan/airflow/venv/lib/python3.9/site-packages/airflow/example_dags/plugins/workday.py
[2023-08-16T23:44:51.124+0300] {processor.py:179} INFO - Processing /home/ylan/airflow/venv/lib/python3.9/site-packages/airflow/example_dags/plugins/workday.py took 0.262 seconds
[2023-08-16T23:45:22.239+0300] {processor.py:157} INFO - Started process (PID=210054) to work on /home/ylan/airflow/venv/lib/python3.9/site-packages/airflow/example_dags/plugins/workday.py
[2023-08-16T23:45:22.245+0300] {processor.py:826} INFO - Processing file /home/ylan/airflow/venv/lib/python3.9/site-packages/airflow/example_dags/plugins/workday.py for tasks to queue
[2023-08-16T23:45:22.248+0300] {logging_mixin.py:150} INFO - [2023-08-16T23:45:22.247+0300] {dagbag.py:541} INFO - Filling up the DagBag from /home/ylan/airflow/venv/lib/python3.9/site-packages/airflow/example_dags/plugins/workday.py
[2023-08-16T23:45:22.274+0300] {logging_mixin.py:150} INFO - [2023-08-16T23:45:22.273+0300] {workday.py:36} WARNING - Could not import pandas. Holidays will not be considered.
[2023-08-16T23:45:22.275+0300] {processor.py:838} WARNING - No viable dags retrieved from /home/ylan/airflow/venv/lib/python3.9/site-packages/airflow/example_dags/plugins/workday.py
[2023-08-16T23:45:22.526+0300] {processor.py:179} INFO - Processing /home/ylan/airflow/venv/lib/python3.9/site-packages/airflow/example_dags/plugins/workday.py took 0.307 seconds
[2023-08-16T23:45:53.211+0300] {processor.py:157} INFO - Started process (PID=210460) to work on /home/ylan/airflow/venv/lib/python3.9/site-packages/airflow/example_dags/plugins/workday.py
[2023-08-16T23:45:53.214+0300] {processor.py:826} INFO - Processing file /home/ylan/airflow/venv/lib/python3.9/site-packages/airflow/example_dags/plugins/workday.py for tasks to queue
[2023-08-16T23:45:53.216+0300] {logging_mixin.py:150} INFO - [2023-08-16T23:45:53.215+0300] {dagbag.py:541} INFO - Filling up the DagBag from /home/ylan/airflow/venv/lib/python3.9/site-packages/airflow/example_dags/plugins/workday.py
[2023-08-16T23:45:53.227+0300] {logging_mixin.py:150} INFO - [2023-08-16T23:45:53.226+0300] {workday.py:36} WARNING - Could not import pandas. Holidays will not be considered.
[2023-08-16T23:45:53.228+0300] {processor.py:838} WARNING - No viable dags retrieved from /home/ylan/airflow/venv/lib/python3.9/site-packages/airflow/example_dags/plugins/workday.py
[2023-08-16T23:45:53.379+0300] {processor.py:179} INFO - Processing /home/ylan/airflow/venv/lib/python3.9/site-packages/airflow/example_dags/plugins/workday.py took 0.181 seconds
[2023-08-16T23:46:25.178+0300] {processor.py:157} INFO - Started process (PID=211024) to work on /home/ylan/airflow/venv/lib/python3.9/site-packages/airflow/example_dags/plugins/workday.py
[2023-08-16T23:46:25.193+0300] {processor.py:826} INFO - Processing file /home/ylan/airflow/venv/lib/python3.9/site-packages/airflow/example_dags/plugins/workday.py for tasks to queue
[2023-08-16T23:46:25.205+0300] {logging_mixin.py:150} INFO - [2023-08-16T23:46:25.204+0300] {dagbag.py:541} INFO - Filling up the DagBag from /home/ylan/airflow/venv/lib/python3.9/site-packages/airflow/example_dags/plugins/workday.py
[2023-08-16T23:46:25.220+0300] {logging_mixin.py:150} INFO - [2023-08-16T23:46:25.219+0300] {workday.py:36} WARNING - Could not import pandas. Holidays will not be considered.
[2023-08-16T23:46:25.228+0300] {processor.py:838} WARNING - No viable dags retrieved from /home/ylan/airflow/venv/lib/python3.9/site-packages/airflow/example_dags/plugins/workday.py
[2023-08-16T23:46:25.573+0300] {processor.py:179} INFO - Processing /home/ylan/airflow/venv/lib/python3.9/site-packages/airflow/example_dags/plugins/workday.py took 0.440 seconds
[2023-08-16T23:46:58.077+0300] {processor.py:157} INFO - Started process (PID=211583) to work on /home/ylan/airflow/venv/lib/python3.9/site-packages/airflow/example_dags/plugins/workday.py
[2023-08-16T23:46:58.093+0300] {processor.py:826} INFO - Processing file /home/ylan/airflow/venv/lib/python3.9/site-packages/airflow/example_dags/plugins/workday.py for tasks to queue
[2023-08-16T23:46:58.101+0300] {logging_mixin.py:150} INFO - [2023-08-16T23:46:58.096+0300] {dagbag.py:541} INFO - Filling up the DagBag from /home/ylan/airflow/venv/lib/python3.9/site-packages/airflow/example_dags/plugins/workday.py
[2023-08-16T23:46:58.124+0300] {logging_mixin.py:150} INFO - [2023-08-16T23:46:58.123+0300] {workday.py:36} WARNING - Could not import pandas. Holidays will not be considered.
[2023-08-16T23:46:58.130+0300] {processor.py:838} WARNING - No viable dags retrieved from /home/ylan/airflow/venv/lib/python3.9/site-packages/airflow/example_dags/plugins/workday.py
[2023-08-16T23:46:58.426+0300] {processor.py:179} INFO - Processing /home/ylan/airflow/venv/lib/python3.9/site-packages/airflow/example_dags/plugins/workday.py took 0.396 seconds
[2023-08-16T23:47:28.885+0300] {processor.py:157} INFO - Started process (PID=211992) to work on /home/ylan/airflow/venv/lib/python3.9/site-packages/airflow/example_dags/plugins/workday.py
[2023-08-16T23:47:28.889+0300] {processor.py:826} INFO - Processing file /home/ylan/airflow/venv/lib/python3.9/site-packages/airflow/example_dags/plugins/workday.py for tasks to queue
[2023-08-16T23:47:28.893+0300] {logging_mixin.py:150} INFO - [2023-08-16T23:47:28.891+0300] {dagbag.py:541} INFO - Filling up the DagBag from /home/ylan/airflow/venv/lib/python3.9/site-packages/airflow/example_dags/plugins/workday.py
[2023-08-16T23:47:28.906+0300] {logging_mixin.py:150} INFO - [2023-08-16T23:47:28.905+0300] {workday.py:36} WARNING - Could not import pandas. Holidays will not be considered.
[2023-08-16T23:47:28.907+0300] {processor.py:838} WARNING - No viable dags retrieved from /home/ylan/airflow/venv/lib/python3.9/site-packages/airflow/example_dags/plugins/workday.py
[2023-08-16T23:47:29.084+0300] {processor.py:179} INFO - Processing /home/ylan/airflow/venv/lib/python3.9/site-packages/airflow/example_dags/plugins/workday.py took 0.215 seconds
[2023-08-16T23:48:00.425+0300] {processor.py:157} INFO - Started process (PID=212421) to work on /home/ylan/airflow/venv/lib/python3.9/site-packages/airflow/example_dags/plugins/workday.py
[2023-08-16T23:48:00.449+0300] {processor.py:826} INFO - Processing file /home/ylan/airflow/venv/lib/python3.9/site-packages/airflow/example_dags/plugins/workday.py for tasks to queue
[2023-08-16T23:48:00.454+0300] {logging_mixin.py:150} INFO - [2023-08-16T23:48:00.453+0300] {dagbag.py:541} INFO - Filling up the DagBag from /home/ylan/airflow/venv/lib/python3.9/site-packages/airflow/example_dags/plugins/workday.py
[2023-08-16T23:48:00.475+0300] {logging_mixin.py:150} INFO - [2023-08-16T23:48:00.475+0300] {workday.py:36} WARNING - Could not import pandas. Holidays will not be considered.
[2023-08-16T23:48:00.483+0300] {processor.py:838} WARNING - No viable dags retrieved from /home/ylan/airflow/venv/lib/python3.9/site-packages/airflow/example_dags/plugins/workday.py
[2023-08-16T23:48:00.819+0300] {processor.py:179} INFO - Processing /home/ylan/airflow/venv/lib/python3.9/site-packages/airflow/example_dags/plugins/workday.py took 0.435 seconds
[2023-08-16T23:48:32.253+0300] {processor.py:157} INFO - Started process (PID=213012) to work on /home/ylan/airflow/venv/lib/python3.9/site-packages/airflow/example_dags/plugins/workday.py
[2023-08-16T23:48:32.272+0300] {processor.py:826} INFO - Processing file /home/ylan/airflow/venv/lib/python3.9/site-packages/airflow/example_dags/plugins/workday.py for tasks to queue
[2023-08-16T23:48:32.275+0300] {logging_mixin.py:150} INFO - [2023-08-16T23:48:32.274+0300] {dagbag.py:541} INFO - Filling up the DagBag from /home/ylan/airflow/venv/lib/python3.9/site-packages/airflow/example_dags/plugins/workday.py
[2023-08-16T23:48:32.288+0300] {logging_mixin.py:150} INFO - [2023-08-16T23:48:32.287+0300] {workday.py:36} WARNING - Could not import pandas. Holidays will not be considered.
[2023-08-16T23:48:32.289+0300] {processor.py:838} WARNING - No viable dags retrieved from /home/ylan/airflow/venv/lib/python3.9/site-packages/airflow/example_dags/plugins/workday.py
[2023-08-16T23:48:32.672+0300] {processor.py:179} INFO - Processing /home/ylan/airflow/venv/lib/python3.9/site-packages/airflow/example_dags/plugins/workday.py took 0.452 seconds
[2023-08-16T23:49:03.619+0300] {processor.py:157} INFO - Started process (PID=213428) to work on /home/ylan/airflow/venv/lib/python3.9/site-packages/airflow/example_dags/plugins/workday.py
[2023-08-16T23:49:03.638+0300] {processor.py:826} INFO - Processing file /home/ylan/airflow/venv/lib/python3.9/site-packages/airflow/example_dags/plugins/workday.py for tasks to queue
[2023-08-16T23:49:03.652+0300] {logging_mixin.py:150} INFO - [2023-08-16T23:49:03.640+0300] {dagbag.py:541} INFO - Filling up the DagBag from /home/ylan/airflow/venv/lib/python3.9/site-packages/airflow/example_dags/plugins/workday.py
[2023-08-16T23:49:03.685+0300] {logging_mixin.py:150} INFO - [2023-08-16T23:49:03.684+0300] {workday.py:36} WARNING - Could not import pandas. Holidays will not be considered.
[2023-08-16T23:49:03.686+0300] {processor.py:838} WARNING - No viable dags retrieved from /home/ylan/airflow/venv/lib/python3.9/site-packages/airflow/example_dags/plugins/workday.py
[2023-08-16T23:49:03.906+0300] {processor.py:179} INFO - Processing /home/ylan/airflow/venv/lib/python3.9/site-packages/airflow/example_dags/plugins/workday.py took 0.303 seconds
[2023-08-16T23:49:35.099+0300] {processor.py:157} INFO - Started process (PID=214031) to work on /home/ylan/airflow/venv/lib/python3.9/site-packages/airflow/example_dags/plugins/workday.py
[2023-08-16T23:49:35.130+0300] {processor.py:826} INFO - Processing file /home/ylan/airflow/venv/lib/python3.9/site-packages/airflow/example_dags/plugins/workday.py for tasks to queue
[2023-08-16T23:49:35.135+0300] {logging_mixin.py:150} INFO - [2023-08-16T23:49:35.134+0300] {dagbag.py:541} INFO - Filling up the DagBag from /home/ylan/airflow/venv/lib/python3.9/site-packages/airflow/example_dags/plugins/workday.py
[2023-08-16T23:49:35.154+0300] {logging_mixin.py:150} INFO - [2023-08-16T23:49:35.153+0300] {workday.py:36} WARNING - Could not import pandas. Holidays will not be considered.
[2023-08-16T23:49:35.155+0300] {processor.py:838} WARNING - No viable dags retrieved from /home/ylan/airflow/venv/lib/python3.9/site-packages/airflow/example_dags/plugins/workday.py
[2023-08-16T23:49:35.296+0300] {processor.py:179} INFO - Processing /home/ylan/airflow/venv/lib/python3.9/site-packages/airflow/example_dags/plugins/workday.py took 0.214 seconds
[2023-08-16T23:50:05.854+0300] {processor.py:157} INFO - Started process (PID=214611) to work on /home/ylan/airflow/venv/lib/python3.9/site-packages/airflow/example_dags/plugins/workday.py
[2023-08-16T23:50:05.863+0300] {processor.py:826} INFO - Processing file /home/ylan/airflow/venv/lib/python3.9/site-packages/airflow/example_dags/plugins/workday.py for tasks to queue
[2023-08-16T23:50:05.867+0300] {logging_mixin.py:150} INFO - [2023-08-16T23:50:05.866+0300] {dagbag.py:541} INFO - Filling up the DagBag from /home/ylan/airflow/venv/lib/python3.9/site-packages/airflow/example_dags/plugins/workday.py
[2023-08-16T23:50:05.881+0300] {logging_mixin.py:150} INFO - [2023-08-16T23:50:05.878+0300] {workday.py:36} WARNING - Could not import pandas. Holidays will not be considered.
[2023-08-16T23:50:05.883+0300] {processor.py:838} WARNING - No viable dags retrieved from /home/ylan/airflow/venv/lib/python3.9/site-packages/airflow/example_dags/plugins/workday.py
[2023-08-16T23:50:06.103+0300] {processor.py:179} INFO - Processing /home/ylan/airflow/venv/lib/python3.9/site-packages/airflow/example_dags/plugins/workday.py took 0.282 seconds
[2023-08-16T23:50:36.376+0300] {processor.py:157} INFO - Started process (PID=214990) to work on /home/ylan/airflow/venv/lib/python3.9/site-packages/airflow/example_dags/plugins/workday.py
[2023-08-16T23:50:36.379+0300] {processor.py:826} INFO - Processing file /home/ylan/airflow/venv/lib/python3.9/site-packages/airflow/example_dags/plugins/workday.py for tasks to queue
[2023-08-16T23:50:36.407+0300] {logging_mixin.py:150} INFO - [2023-08-16T23:50:36.406+0300] {dagbag.py:541} INFO - Filling up the DagBag from /home/ylan/airflow/venv/lib/python3.9/site-packages/airflow/example_dags/plugins/workday.py
[2023-08-16T23:50:36.443+0300] {logging_mixin.py:150} INFO - [2023-08-16T23:50:36.443+0300] {workday.py:36} WARNING - Could not import pandas. Holidays will not be considered.
[2023-08-16T23:50:36.445+0300] {processor.py:838} WARNING - No viable dags retrieved from /home/ylan/airflow/venv/lib/python3.9/site-packages/airflow/example_dags/plugins/workday.py
[2023-08-16T23:50:36.663+0300] {processor.py:179} INFO - Processing /home/ylan/airflow/venv/lib/python3.9/site-packages/airflow/example_dags/plugins/workday.py took 0.305 seconds
[2023-08-16T23:51:07.930+0300] {processor.py:157} INFO - Started process (PID=215394) to work on /home/ylan/airflow/venv/lib/python3.9/site-packages/airflow/example_dags/plugins/workday.py
[2023-08-16T23:51:07.957+0300] {processor.py:826} INFO - Processing file /home/ylan/airflow/venv/lib/python3.9/site-packages/airflow/example_dags/plugins/workday.py for tasks to queue
[2023-08-16T23:51:07.961+0300] {logging_mixin.py:150} INFO - [2023-08-16T23:51:07.959+0300] {dagbag.py:541} INFO - Filling up the DagBag from /home/ylan/airflow/venv/lib/python3.9/site-packages/airflow/example_dags/plugins/workday.py
[2023-08-16T23:51:07.981+0300] {logging_mixin.py:150} INFO - [2023-08-16T23:51:07.981+0300] {workday.py:36} WARNING - Could not import pandas. Holidays will not be considered.
[2023-08-16T23:51:07.983+0300] {processor.py:838} WARNING - No viable dags retrieved from /home/ylan/airflow/venv/lib/python3.9/site-packages/airflow/example_dags/plugins/workday.py
[2023-08-16T23:51:08.250+0300] {processor.py:179} INFO - Processing /home/ylan/airflow/venv/lib/python3.9/site-packages/airflow/example_dags/plugins/workday.py took 0.350 seconds
[2023-08-16T23:51:39.217+0300] {processor.py:157} INFO - Started process (PID=215961) to work on /home/ylan/airflow/venv/lib/python3.9/site-packages/airflow/example_dags/plugins/workday.py
[2023-08-16T23:51:39.221+0300] {processor.py:826} INFO - Processing file /home/ylan/airflow/venv/lib/python3.9/site-packages/airflow/example_dags/plugins/workday.py for tasks to queue
[2023-08-16T23:51:39.225+0300] {logging_mixin.py:150} INFO - [2023-08-16T23:51:39.224+0300] {dagbag.py:541} INFO - Filling up the DagBag from /home/ylan/airflow/venv/lib/python3.9/site-packages/airflow/example_dags/plugins/workday.py
[2023-08-16T23:51:39.238+0300] {logging_mixin.py:150} INFO - [2023-08-16T23:51:39.237+0300] {workday.py:36} WARNING - Could not import pandas. Holidays will not be considered.
[2023-08-16T23:51:39.239+0300] {processor.py:838} WARNING - No viable dags retrieved from /home/ylan/airflow/venv/lib/python3.9/site-packages/airflow/example_dags/plugins/workday.py
[2023-08-16T23:51:39.347+0300] {processor.py:179} INFO - Processing /home/ylan/airflow/venv/lib/python3.9/site-packages/airflow/example_dags/plugins/workday.py took 0.150 seconds
[2023-08-16T23:52:10.042+0300] {processor.py:157} INFO - Started process (PID=216357) to work on /home/ylan/airflow/venv/lib/python3.9/site-packages/airflow/example_dags/plugins/workday.py
[2023-08-16T23:52:10.045+0300] {processor.py:826} INFO - Processing file /home/ylan/airflow/venv/lib/python3.9/site-packages/airflow/example_dags/plugins/workday.py for tasks to queue
[2023-08-16T23:52:10.048+0300] {logging_mixin.py:150} INFO - [2023-08-16T23:52:10.047+0300] {dagbag.py:541} INFO - Filling up the DagBag from /home/ylan/airflow/venv/lib/python3.9/site-packages/airflow/example_dags/plugins/workday.py
[2023-08-16T23:52:10.061+0300] {logging_mixin.py:150} INFO - [2023-08-16T23:52:10.060+0300] {workday.py:36} WARNING - Could not import pandas. Holidays will not be considered.
[2023-08-16T23:52:10.063+0300] {processor.py:838} WARNING - No viable dags retrieved from /home/ylan/airflow/venv/lib/python3.9/site-packages/airflow/example_dags/plugins/workday.py
[2023-08-16T23:52:10.200+0300] {processor.py:179} INFO - Processing /home/ylan/airflow/venv/lib/python3.9/site-packages/airflow/example_dags/plugins/workday.py took 0.269 seconds
[2023-08-16T23:52:40.357+0300] {processor.py:157} INFO - Started process (PID=216922) to work on /home/ylan/airflow/venv/lib/python3.9/site-packages/airflow/example_dags/plugins/workday.py
[2023-08-16T23:52:40.361+0300] {processor.py:826} INFO - Processing file /home/ylan/airflow/venv/lib/python3.9/site-packages/airflow/example_dags/plugins/workday.py for tasks to queue
[2023-08-16T23:52:40.364+0300] {logging_mixin.py:150} INFO - [2023-08-16T23:52:40.363+0300] {dagbag.py:541} INFO - Filling up the DagBag from /home/ylan/airflow/venv/lib/python3.9/site-packages/airflow/example_dags/plugins/workday.py
[2023-08-16T23:52:40.385+0300] {logging_mixin.py:150} INFO - [2023-08-16T23:52:40.384+0300] {workday.py:36} WARNING - Could not import pandas. Holidays will not be considered.
[2023-08-16T23:52:40.387+0300] {processor.py:838} WARNING - No viable dags retrieved from /home/ylan/airflow/venv/lib/python3.9/site-packages/airflow/example_dags/plugins/workday.py
[2023-08-16T23:52:40.500+0300] {processor.py:179} INFO - Processing /home/ylan/airflow/venv/lib/python3.9/site-packages/airflow/example_dags/plugins/workday.py took 0.155 seconds
[2023-08-16T23:53:11.307+0300] {processor.py:157} INFO - Started process (PID=217513) to work on /home/ylan/airflow/venv/lib/python3.9/site-packages/airflow/example_dags/plugins/workday.py
[2023-08-16T23:53:11.314+0300] {processor.py:826} INFO - Processing file /home/ylan/airflow/venv/lib/python3.9/site-packages/airflow/example_dags/plugins/workday.py for tasks to queue
[2023-08-16T23:53:11.317+0300] {logging_mixin.py:150} INFO - [2023-08-16T23:53:11.316+0300] {dagbag.py:541} INFO - Filling up the DagBag from /home/ylan/airflow/venv/lib/python3.9/site-packages/airflow/example_dags/plugins/workday.py
[2023-08-16T23:53:11.335+0300] {logging_mixin.py:150} INFO - [2023-08-16T23:53:11.334+0300] {workday.py:36} WARNING - Could not import pandas. Holidays will not be considered.
[2023-08-16T23:53:11.336+0300] {processor.py:838} WARNING - No viable dags retrieved from /home/ylan/airflow/venv/lib/python3.9/site-packages/airflow/example_dags/plugins/workday.py
[2023-08-16T23:53:11.507+0300] {processor.py:179} INFO - Processing /home/ylan/airflow/venv/lib/python3.9/site-packages/airflow/example_dags/plugins/workday.py took 0.215 seconds
[2023-08-16T23:53:45.585+0300] {processor.py:157} INFO - Started process (PID=217957) to work on /home/ylan/airflow/venv/lib/python3.9/site-packages/airflow/example_dags/plugins/workday.py
[2023-08-16T23:53:45.618+0300] {processor.py:826} INFO - Processing file /home/ylan/airflow/venv/lib/python3.9/site-packages/airflow/example_dags/plugins/workday.py for tasks to queue
[2023-08-16T23:53:45.622+0300] {logging_mixin.py:150} INFO - [2023-08-16T23:53:45.620+0300] {dagbag.py:541} INFO - Filling up the DagBag from /home/ylan/airflow/venv/lib/python3.9/site-packages/airflow/example_dags/plugins/workday.py
[2023-08-16T23:53:45.647+0300] {logging_mixin.py:150} INFO - [2023-08-16T23:53:45.647+0300] {workday.py:36} WARNING - Could not import pandas. Holidays will not be considered.
[2023-08-16T23:53:45.652+0300] {processor.py:838} WARNING - No viable dags retrieved from /home/ylan/airflow/venv/lib/python3.9/site-packages/airflow/example_dags/plugins/workday.py
[2023-08-16T23:53:45.800+0300] {processor.py:179} INFO - Processing /home/ylan/airflow/venv/lib/python3.9/site-packages/airflow/example_dags/plugins/workday.py took 0.235 seconds
[2023-08-16T23:54:17.091+0300] {processor.py:157} INFO - Started process (PID=218373) to work on /home/ylan/airflow/venv/lib/python3.9/site-packages/airflow/example_dags/plugins/workday.py
[2023-08-16T23:54:17.095+0300] {processor.py:826} INFO - Processing file /home/ylan/airflow/venv/lib/python3.9/site-packages/airflow/example_dags/plugins/workday.py for tasks to queue
[2023-08-16T23:54:17.099+0300] {logging_mixin.py:150} INFO - [2023-08-16T23:54:17.098+0300] {dagbag.py:541} INFO - Filling up the DagBag from /home/ylan/airflow/venv/lib/python3.9/site-packages/airflow/example_dags/plugins/workday.py
[2023-08-16T23:54:17.111+0300] {logging_mixin.py:150} INFO - [2023-08-16T23:54:17.111+0300] {workday.py:36} WARNING - Could not import pandas. Holidays will not be considered.
[2023-08-16T23:54:17.114+0300] {processor.py:838} WARNING - No viable dags retrieved from /home/ylan/airflow/venv/lib/python3.9/site-packages/airflow/example_dags/plugins/workday.py
[2023-08-16T23:54:17.397+0300] {processor.py:179} INFO - Processing /home/ylan/airflow/venv/lib/python3.9/site-packages/airflow/example_dags/plugins/workday.py took 0.326 seconds
[2023-08-16T23:54:47.612+0300] {processor.py:157} INFO - Started process (PID=218914) to work on /home/ylan/airflow/venv/lib/python3.9/site-packages/airflow/example_dags/plugins/workday.py
[2023-08-16T23:54:47.662+0300] {processor.py:826} INFO - Processing file /home/ylan/airflow/venv/lib/python3.9/site-packages/airflow/example_dags/plugins/workday.py for tasks to queue
[2023-08-16T23:54:47.665+0300] {logging_mixin.py:150} INFO - [2023-08-16T23:54:47.664+0300] {dagbag.py:541} INFO - Filling up the DagBag from /home/ylan/airflow/venv/lib/python3.9/site-packages/airflow/example_dags/plugins/workday.py
[2023-08-16T23:54:47.709+0300] {logging_mixin.py:150} INFO - [2023-08-16T23:54:47.708+0300] {workday.py:36} WARNING - Could not import pandas. Holidays will not be considered.
[2023-08-16T23:54:47.711+0300] {processor.py:838} WARNING - No viable dags retrieved from /home/ylan/airflow/venv/lib/python3.9/site-packages/airflow/example_dags/plugins/workday.py
[2023-08-16T23:54:47.982+0300] {processor.py:179} INFO - Processing /home/ylan/airflow/venv/lib/python3.9/site-packages/airflow/example_dags/plugins/workday.py took 0.389 seconds
[2023-08-16T23:55:18.287+0300] {processor.py:157} INFO - Started process (PID=219492) to work on /home/ylan/airflow/venv/lib/python3.9/site-packages/airflow/example_dags/plugins/workday.py
[2023-08-16T23:55:18.306+0300] {processor.py:826} INFO - Processing file /home/ylan/airflow/venv/lib/python3.9/site-packages/airflow/example_dags/plugins/workday.py for tasks to queue
[2023-08-16T23:55:18.310+0300] {logging_mixin.py:150} INFO - [2023-08-16T23:55:18.308+0300] {dagbag.py:541} INFO - Filling up the DagBag from /home/ylan/airflow/venv/lib/python3.9/site-packages/airflow/example_dags/plugins/workday.py
[2023-08-16T23:55:18.337+0300] {logging_mixin.py:150} INFO - [2023-08-16T23:55:18.336+0300] {workday.py:36} WARNING - Could not import pandas. Holidays will not be considered.
[2023-08-16T23:55:18.338+0300] {processor.py:838} WARNING - No viable dags retrieved from /home/ylan/airflow/venv/lib/python3.9/site-packages/airflow/example_dags/plugins/workday.py
[2023-08-16T23:55:18.606+0300] {processor.py:179} INFO - Processing /home/ylan/airflow/venv/lib/python3.9/site-packages/airflow/example_dags/plugins/workday.py took 0.366 seconds
[2023-08-16T23:55:49.541+0300] {processor.py:157} INFO - Started process (PID=220072) to work on /home/ylan/airflow/venv/lib/python3.9/site-packages/airflow/example_dags/plugins/workday.py
[2023-08-16T23:55:49.572+0300] {processor.py:826} INFO - Processing file /home/ylan/airflow/venv/lib/python3.9/site-packages/airflow/example_dags/plugins/workday.py for tasks to queue
[2023-08-16T23:55:49.575+0300] {logging_mixin.py:150} INFO - [2023-08-16T23:55:49.574+0300] {dagbag.py:541} INFO - Filling up the DagBag from /home/ylan/airflow/venv/lib/python3.9/site-packages/airflow/example_dags/plugins/workday.py
[2023-08-16T23:55:49.603+0300] {logging_mixin.py:150} INFO - [2023-08-16T23:55:49.592+0300] {workday.py:36} WARNING - Could not import pandas. Holidays will not be considered.
[2023-08-16T23:55:49.620+0300] {processor.py:838} WARNING - No viable dags retrieved from /home/ylan/airflow/venv/lib/python3.9/site-packages/airflow/example_dags/plugins/workday.py
[2023-08-16T23:55:49.905+0300] {processor.py:179} INFO - Processing /home/ylan/airflow/venv/lib/python3.9/site-packages/airflow/example_dags/plugins/workday.py took 0.397 seconds
[2023-08-16T23:56:20.029+0300] {processor.py:157} INFO - Started process (PID=220517) to work on /home/ylan/airflow/venv/lib/python3.9/site-packages/airflow/example_dags/plugins/workday.py
[2023-08-16T23:56:20.032+0300] {processor.py:826} INFO - Processing file /home/ylan/airflow/venv/lib/python3.9/site-packages/airflow/example_dags/plugins/workday.py for tasks to queue
[2023-08-16T23:56:20.034+0300] {logging_mixin.py:150} INFO - [2023-08-16T23:56:20.034+0300] {dagbag.py:541} INFO - Filling up the DagBag from /home/ylan/airflow/venv/lib/python3.9/site-packages/airflow/example_dags/plugins/workday.py
[2023-08-16T23:56:20.044+0300] {logging_mixin.py:150} INFO - [2023-08-16T23:56:20.044+0300] {workday.py:36} WARNING - Could not import pandas. Holidays will not be considered.
[2023-08-16T23:56:20.046+0300] {processor.py:838} WARNING - No viable dags retrieved from /home/ylan/airflow/venv/lib/python3.9/site-packages/airflow/example_dags/plugins/workday.py
[2023-08-16T23:56:20.133+0300] {processor.py:179} INFO - Processing /home/ylan/airflow/venv/lib/python3.9/site-packages/airflow/example_dags/plugins/workday.py took 0.127 seconds
[2023-08-16T23:56:51.143+0300] {processor.py:157} INFO - Started process (PID=220958) to work on /home/ylan/airflow/venv/lib/python3.9/site-packages/airflow/example_dags/plugins/workday.py
[2023-08-16T23:56:51.161+0300] {processor.py:826} INFO - Processing file /home/ylan/airflow/venv/lib/python3.9/site-packages/airflow/example_dags/plugins/workday.py for tasks to queue
[2023-08-16T23:56:51.165+0300] {logging_mixin.py:150} INFO - [2023-08-16T23:56:51.164+0300] {dagbag.py:541} INFO - Filling up the DagBag from /home/ylan/airflow/venv/lib/python3.9/site-packages/airflow/example_dags/plugins/workday.py
[2023-08-16T23:56:51.207+0300] {logging_mixin.py:150} INFO - [2023-08-16T23:56:51.206+0300] {workday.py:36} WARNING - Could not import pandas. Holidays will not be considered.
[2023-08-16T23:56:51.217+0300] {processor.py:838} WARNING - No viable dags retrieved from /home/ylan/airflow/venv/lib/python3.9/site-packages/airflow/example_dags/plugins/workday.py
[2023-08-16T23:56:51.438+0300] {processor.py:179} INFO - Processing /home/ylan/airflow/venv/lib/python3.9/site-packages/airflow/example_dags/plugins/workday.py took 0.320 seconds
[2023-08-16T23:57:23.911+0300] {processor.py:157} INFO - Started process (PID=221554) to work on /home/ylan/airflow/venv/lib/python3.9/site-packages/airflow/example_dags/plugins/workday.py
[2023-08-16T23:57:23.928+0300] {processor.py:826} INFO - Processing file /home/ylan/airflow/venv/lib/python3.9/site-packages/airflow/example_dags/plugins/workday.py for tasks to queue
[2023-08-16T23:57:23.941+0300] {logging_mixin.py:150} INFO - [2023-08-16T23:57:23.938+0300] {dagbag.py:541} INFO - Filling up the DagBag from /home/ylan/airflow/venv/lib/python3.9/site-packages/airflow/example_dags/plugins/workday.py
[2023-08-16T23:57:23.990+0300] {logging_mixin.py:150} INFO - [2023-08-16T23:57:23.989+0300] {workday.py:36} WARNING - Could not import pandas. Holidays will not be considered.
[2023-08-16T23:57:23.992+0300] {processor.py:838} WARNING - No viable dags retrieved from /home/ylan/airflow/venv/lib/python3.9/site-packages/airflow/example_dags/plugins/workday.py
[2023-08-16T23:57:24.347+0300] {processor.py:179} INFO - Processing /home/ylan/airflow/venv/lib/python3.9/site-packages/airflow/example_dags/plugins/workday.py took 0.482 seconds
[2023-08-16T23:57:54.613+0300] {processor.py:157} INFO - Started process (PID=221973) to work on /home/ylan/airflow/venv/lib/python3.9/site-packages/airflow/example_dags/plugins/workday.py
[2023-08-16T23:57:54.616+0300] {processor.py:826} INFO - Processing file /home/ylan/airflow/venv/lib/python3.9/site-packages/airflow/example_dags/plugins/workday.py for tasks to queue
[2023-08-16T23:57:54.619+0300] {logging_mixin.py:150} INFO - [2023-08-16T23:57:54.618+0300] {dagbag.py:541} INFO - Filling up the DagBag from /home/ylan/airflow/venv/lib/python3.9/site-packages/airflow/example_dags/plugins/workday.py
[2023-08-16T23:57:54.630+0300] {logging_mixin.py:150} INFO - [2023-08-16T23:57:54.629+0300] {workday.py:36} WARNING - Could not import pandas. Holidays will not be considered.
[2023-08-16T23:57:54.631+0300] {processor.py:838} WARNING - No viable dags retrieved from /home/ylan/airflow/venv/lib/python3.9/site-packages/airflow/example_dags/plugins/workday.py
[2023-08-16T23:57:54.719+0300] {processor.py:179} INFO - Processing /home/ylan/airflow/venv/lib/python3.9/site-packages/airflow/example_dags/plugins/workday.py took 0.119 seconds
[2023-08-16T23:58:25.308+0300] {processor.py:157} INFO - Started process (PID=222580) to work on /home/ylan/airflow/venv/lib/python3.9/site-packages/airflow/example_dags/plugins/workday.py
[2023-08-16T23:58:25.321+0300] {processor.py:826} INFO - Processing file /home/ylan/airflow/venv/lib/python3.9/site-packages/airflow/example_dags/plugins/workday.py for tasks to queue
[2023-08-16T23:58:25.325+0300] {logging_mixin.py:150} INFO - [2023-08-16T23:58:25.324+0300] {dagbag.py:541} INFO - Filling up the DagBag from /home/ylan/airflow/venv/lib/python3.9/site-packages/airflow/example_dags/plugins/workday.py
[2023-08-16T23:58:25.338+0300] {logging_mixin.py:150} INFO - [2023-08-16T23:58:25.337+0300] {workday.py:36} WARNING - Could not import pandas. Holidays will not be considered.
[2023-08-16T23:58:25.341+0300] {processor.py:838} WARNING - No viable dags retrieved from /home/ylan/airflow/venv/lib/python3.9/site-packages/airflow/example_dags/plugins/workday.py
[2023-08-16T23:58:25.468+0300] {processor.py:179} INFO - Processing /home/ylan/airflow/venv/lib/python3.9/site-packages/airflow/example_dags/plugins/workday.py took 0.191 seconds
[2023-08-16T23:58:59.099+0300] {processor.py:157} INFO - Started process (PID=223166) to work on /home/ylan/airflow/venv/lib/python3.9/site-packages/airflow/example_dags/plugins/workday.py
[2023-08-16T23:58:59.105+0300] {processor.py:826} INFO - Processing file /home/ylan/airflow/venv/lib/python3.9/site-packages/airflow/example_dags/plugins/workday.py for tasks to queue
[2023-08-16T23:58:59.108+0300] {logging_mixin.py:150} INFO - [2023-08-16T23:58:59.107+0300] {dagbag.py:541} INFO - Filling up the DagBag from /home/ylan/airflow/venv/lib/python3.9/site-packages/airflow/example_dags/plugins/workday.py
[2023-08-16T23:58:59.120+0300] {logging_mixin.py:150} INFO - [2023-08-16T23:58:59.119+0300] {workday.py:36} WARNING - Could not import pandas. Holidays will not be considered.
[2023-08-16T23:58:59.122+0300] {processor.py:838} WARNING - No viable dags retrieved from /home/ylan/airflow/venv/lib/python3.9/site-packages/airflow/example_dags/plugins/workday.py
[2023-08-16T23:58:59.222+0300] {processor.py:179} INFO - Processing /home/ylan/airflow/venv/lib/python3.9/site-packages/airflow/example_dags/plugins/workday.py took 0.139 seconds
[2023-08-16T23:59:31.428+0300] {processor.py:157} INFO - Started process (PID=223601) to work on /home/ylan/airflow/venv/lib/python3.9/site-packages/airflow/example_dags/plugins/workday.py
[2023-08-16T23:59:31.440+0300] {processor.py:826} INFO - Processing file /home/ylan/airflow/venv/lib/python3.9/site-packages/airflow/example_dags/plugins/workday.py for tasks to queue
[2023-08-16T23:59:31.444+0300] {logging_mixin.py:150} INFO - [2023-08-16T23:59:31.442+0300] {dagbag.py:541} INFO - Filling up the DagBag from /home/ylan/airflow/venv/lib/python3.9/site-packages/airflow/example_dags/plugins/workday.py
[2023-08-16T23:59:31.488+0300] {logging_mixin.py:150} INFO - [2023-08-16T23:59:31.487+0300] {workday.py:36} WARNING - Could not import pandas. Holidays will not be considered.
[2023-08-16T23:59:31.490+0300] {processor.py:838} WARNING - No viable dags retrieved from /home/ylan/airflow/venv/lib/python3.9/site-packages/airflow/example_dags/plugins/workday.py
[2023-08-16T23:59:31.671+0300] {processor.py:179} INFO - Processing /home/ylan/airflow/venv/lib/python3.9/site-packages/airflow/example_dags/plugins/workday.py took 0.262 seconds
[2023-08-17T00:00:03.384+0300] {processor.py:157} INFO - Started process (PID=224001) to work on /home/ylan/airflow/venv/lib/python3.9/site-packages/airflow/example_dags/plugins/workday.py
[2023-08-17T00:00:03.387+0300] {processor.py:826} INFO - Processing file /home/ylan/airflow/venv/lib/python3.9/site-packages/airflow/example_dags/plugins/workday.py for tasks to queue
[2023-08-17T00:00:03.390+0300] {logging_mixin.py:150} INFO - [2023-08-17T00:00:03.389+0300] {dagbag.py:541} INFO - Filling up the DagBag from /home/ylan/airflow/venv/lib/python3.9/site-packages/airflow/example_dags/plugins/workday.py
[2023-08-17T00:00:03.417+0300] {logging_mixin.py:150} INFO - [2023-08-17T00:00:03.416+0300] {workday.py:36} WARNING - Could not import pandas. Holidays will not be considered.
[2023-08-17T00:00:03.418+0300] {processor.py:838} WARNING - No viable dags retrieved from /home/ylan/airflow/venv/lib/python3.9/site-packages/airflow/example_dags/plugins/workday.py
[2023-08-17T00:00:03.715+0300] {processor.py:179} INFO - Processing /home/ylan/airflow/venv/lib/python3.9/site-packages/airflow/example_dags/plugins/workday.py took 0.357 seconds
[2023-08-17T00:00:37.526+0300] {processor.py:157} INFO - Started process (PID=224524) to work on /home/ylan/airflow/venv/lib/python3.9/site-packages/airflow/example_dags/plugins/workday.py
[2023-08-17T00:00:37.783+0300] {processor.py:826} INFO - Processing file /home/ylan/airflow/venv/lib/python3.9/site-packages/airflow/example_dags/plugins/workday.py for tasks to queue
[2023-08-17T00:00:37.793+0300] {logging_mixin.py:150} INFO - [2023-08-17T00:00:37.792+0300] {dagbag.py:541} INFO - Filling up the DagBag from /home/ylan/airflow/venv/lib/python3.9/site-packages/airflow/example_dags/plugins/workday.py
[2023-08-17T00:00:37.823+0300] {logging_mixin.py:150} INFO - [2023-08-17T00:00:37.822+0300] {workday.py:36} WARNING - Could not import pandas. Holidays will not be considered.
[2023-08-17T00:00:37.828+0300] {processor.py:838} WARNING - No viable dags retrieved from /home/ylan/airflow/venv/lib/python3.9/site-packages/airflow/example_dags/plugins/workday.py
[2023-08-17T00:00:38.073+0300] {processor.py:179} INFO - Processing /home/ylan/airflow/venv/lib/python3.9/site-packages/airflow/example_dags/plugins/workday.py took 0.566 seconds
[2023-08-17T00:01:09.281+0300] {processor.py:157} INFO - Started process (PID=225011) to work on /home/ylan/airflow/venv/lib/python3.9/site-packages/airflow/example_dags/plugins/workday.py
[2023-08-17T00:01:09.294+0300] {processor.py:826} INFO - Processing file /home/ylan/airflow/venv/lib/python3.9/site-packages/airflow/example_dags/plugins/workday.py for tasks to queue
[2023-08-17T00:01:09.298+0300] {logging_mixin.py:150} INFO - [2023-08-17T00:01:09.296+0300] {dagbag.py:541} INFO - Filling up the DagBag from /home/ylan/airflow/venv/lib/python3.9/site-packages/airflow/example_dags/plugins/workday.py
[2023-08-17T00:01:09.310+0300] {logging_mixin.py:150} INFO - [2023-08-17T00:01:09.309+0300] {workday.py:36} WARNING - Could not import pandas. Holidays will not be considered.
[2023-08-17T00:01:09.312+0300] {processor.py:838} WARNING - No viable dags retrieved from /home/ylan/airflow/venv/lib/python3.9/site-packages/airflow/example_dags/plugins/workday.py
[2023-08-17T00:01:09.502+0300] {processor.py:179} INFO - Processing /home/ylan/airflow/venv/lib/python3.9/site-packages/airflow/example_dags/plugins/workday.py took 0.238 seconds
[2023-08-17T00:01:44.006+0300] {processor.py:157} INFO - Started process (PID=225591) to work on /home/ylan/airflow/venv/lib/python3.9/site-packages/airflow/example_dags/plugins/workday.py
[2023-08-17T00:01:44.025+0300] {processor.py:826} INFO - Processing file /home/ylan/airflow/venv/lib/python3.9/site-packages/airflow/example_dags/plugins/workday.py for tasks to queue
[2023-08-17T00:01:44.030+0300] {logging_mixin.py:150} INFO - [2023-08-17T00:01:44.029+0300] {dagbag.py:541} INFO - Filling up the DagBag from /home/ylan/airflow/venv/lib/python3.9/site-packages/airflow/example_dags/plugins/workday.py
[2023-08-17T00:01:44.063+0300] {logging_mixin.py:150} INFO - [2023-08-17T00:01:44.062+0300] {workday.py:36} WARNING - Could not import pandas. Holidays will not be considered.
[2023-08-17T00:01:44.068+0300] {processor.py:838} WARNING - No viable dags retrieved from /home/ylan/airflow/venv/lib/python3.9/site-packages/airflow/example_dags/plugins/workday.py
[2023-08-17T00:01:44.260+0300] {processor.py:179} INFO - Processing /home/ylan/airflow/venv/lib/python3.9/site-packages/airflow/example_dags/plugins/workday.py took 0.284 seconds
[2023-08-17T00:02:15.582+0300] {processor.py:157} INFO - Started process (PID=226171) to work on /home/ylan/airflow/venv/lib/python3.9/site-packages/airflow/example_dags/plugins/workday.py
[2023-08-17T00:02:15.586+0300] {processor.py:826} INFO - Processing file /home/ylan/airflow/venv/lib/python3.9/site-packages/airflow/example_dags/plugins/workday.py for tasks to queue
[2023-08-17T00:02:15.597+0300] {logging_mixin.py:150} INFO - [2023-08-17T00:02:15.596+0300] {dagbag.py:541} INFO - Filling up the DagBag from /home/ylan/airflow/venv/lib/python3.9/site-packages/airflow/example_dags/plugins/workday.py
[2023-08-17T00:02:15.624+0300] {logging_mixin.py:150} INFO - [2023-08-17T00:02:15.623+0300] {workday.py:36} WARNING - Could not import pandas. Holidays will not be considered.
[2023-08-17T00:02:15.626+0300] {processor.py:838} WARNING - No viable dags retrieved from /home/ylan/airflow/venv/lib/python3.9/site-packages/airflow/example_dags/plugins/workday.py
[2023-08-17T00:02:15.818+0300] {processor.py:179} INFO - Processing /home/ylan/airflow/venv/lib/python3.9/site-packages/airflow/example_dags/plugins/workday.py took 0.256 seconds
[2023-08-17T00:02:58.713+0300] {processor.py:157} INFO - Started process (PID=226666) to work on /home/ylan/airflow/venv/lib/python3.9/site-packages/airflow/example_dags/plugins/workday.py
[2023-08-17T00:02:58.725+0300] {processor.py:826} INFO - Processing file /home/ylan/airflow/venv/lib/python3.9/site-packages/airflow/example_dags/plugins/workday.py for tasks to queue
[2023-08-17T00:02:58.796+0300] {logging_mixin.py:150} INFO - [2023-08-17T00:02:58.788+0300] {dagbag.py:541} INFO - Filling up the DagBag from /home/ylan/airflow/venv/lib/python3.9/site-packages/airflow/example_dags/plugins/workday.py
[2023-08-17T00:02:58.877+0300] {logging_mixin.py:150} INFO - [2023-08-17T00:02:58.874+0300] {workday.py:36} WARNING - Could not import pandas. Holidays will not be considered.
[2023-08-17T00:02:58.878+0300] {processor.py:838} WARNING - No viable dags retrieved from /home/ylan/airflow/venv/lib/python3.9/site-packages/airflow/example_dags/plugins/workday.py
[2023-08-17T00:02:59.217+0300] {processor.py:179} INFO - Processing /home/ylan/airflow/venv/lib/python3.9/site-packages/airflow/example_dags/plugins/workday.py took 0.526 seconds
[2023-08-17T00:03:32.449+0300] {processor.py:157} INFO - Started process (PID=227077) to work on /home/ylan/airflow/venv/lib/python3.9/site-packages/airflow/example_dags/plugins/workday.py
[2023-08-17T00:03:32.469+0300] {processor.py:826} INFO - Processing file /home/ylan/airflow/venv/lib/python3.9/site-packages/airflow/example_dags/plugins/workday.py for tasks to queue
[2023-08-17T00:03:32.472+0300] {logging_mixin.py:150} INFO - [2023-08-17T00:03:32.471+0300] {dagbag.py:541} INFO - Filling up the DagBag from /home/ylan/airflow/venv/lib/python3.9/site-packages/airflow/example_dags/plugins/workday.py
[2023-08-17T00:03:32.484+0300] {logging_mixin.py:150} INFO - [2023-08-17T00:03:32.483+0300] {workday.py:36} WARNING - Could not import pandas. Holidays will not be considered.
[2023-08-17T00:03:32.489+0300] {processor.py:838} WARNING - No viable dags retrieved from /home/ylan/airflow/venv/lib/python3.9/site-packages/airflow/example_dags/plugins/workday.py
[2023-08-17T00:03:32.706+0300] {processor.py:179} INFO - Processing /home/ylan/airflow/venv/lib/python3.9/site-packages/airflow/example_dags/plugins/workday.py took 0.275 seconds
[2023-08-17T00:04:03.385+0300] {processor.py:157} INFO - Started process (PID=227510) to work on /home/ylan/airflow/venv/lib/python3.9/site-packages/airflow/example_dags/plugins/workday.py
[2023-08-17T00:04:03.403+0300] {processor.py:826} INFO - Processing file /home/ylan/airflow/venv/lib/python3.9/site-packages/airflow/example_dags/plugins/workday.py for tasks to queue
[2023-08-17T00:04:03.407+0300] {logging_mixin.py:150} INFO - [2023-08-17T00:04:03.406+0300] {dagbag.py:541} INFO - Filling up the DagBag from /home/ylan/airflow/venv/lib/python3.9/site-packages/airflow/example_dags/plugins/workday.py
[2023-08-17T00:04:03.432+0300] {logging_mixin.py:150} INFO - [2023-08-17T00:04:03.431+0300] {workday.py:36} WARNING - Could not import pandas. Holidays will not be considered.
[2023-08-17T00:04:03.436+0300] {processor.py:838} WARNING - No viable dags retrieved from /home/ylan/airflow/venv/lib/python3.9/site-packages/airflow/example_dags/plugins/workday.py
[2023-08-17T00:04:03.653+0300] {processor.py:179} INFO - Processing /home/ylan/airflow/venv/lib/python3.9/site-packages/airflow/example_dags/plugins/workday.py took 0.306 seconds
[2023-08-17T00:04:46.667+0300] {processor.py:157} INFO - Started process (PID=228213) to work on /home/ylan/airflow/venv/lib/python3.9/site-packages/airflow/example_dags/plugins/workday.py
[2023-08-17T00:04:46.678+0300] {processor.py:826} INFO - Processing file /home/ylan/airflow/venv/lib/python3.9/site-packages/airflow/example_dags/plugins/workday.py for tasks to queue
[2023-08-17T00:04:46.681+0300] {logging_mixin.py:150} INFO - [2023-08-17T00:04:46.680+0300] {dagbag.py:541} INFO - Filling up the DagBag from /home/ylan/airflow/venv/lib/python3.9/site-packages/airflow/example_dags/plugins/workday.py
[2023-08-17T00:04:46.695+0300] {logging_mixin.py:150} INFO - [2023-08-17T00:04:46.695+0300] {workday.py:36} WARNING - Could not import pandas. Holidays will not be considered.
[2023-08-17T00:04:46.699+0300] {processor.py:838} WARNING - No viable dags retrieved from /home/ylan/airflow/venv/lib/python3.9/site-packages/airflow/example_dags/plugins/workday.py
[2023-08-17T00:04:47.042+0300] {processor.py:179} INFO - Processing /home/ylan/airflow/venv/lib/python3.9/site-packages/airflow/example_dags/plugins/workday.py took 0.398 seconds
[2023-08-17T00:05:17.232+0300] {processor.py:157} INFO - Started process (PID=228947) to work on /home/ylan/airflow/venv/lib/python3.9/site-packages/airflow/example_dags/plugins/workday.py
[2023-08-17T00:05:17.244+0300] {processor.py:826} INFO - Processing file /home/ylan/airflow/venv/lib/python3.9/site-packages/airflow/example_dags/plugins/workday.py for tasks to queue
[2023-08-17T00:05:17.247+0300] {logging_mixin.py:150} INFO - [2023-08-17T00:05:17.246+0300] {dagbag.py:541} INFO - Filling up the DagBag from /home/ylan/airflow/venv/lib/python3.9/site-packages/airflow/example_dags/plugins/workday.py
[2023-08-17T00:05:17.257+0300] {logging_mixin.py:150} INFO - [2023-08-17T00:05:17.257+0300] {workday.py:36} WARNING - Could not import pandas. Holidays will not be considered.
[2023-08-17T00:05:17.259+0300] {processor.py:838} WARNING - No viable dags retrieved from /home/ylan/airflow/venv/lib/python3.9/site-packages/airflow/example_dags/plugins/workday.py
[2023-08-17T00:05:17.349+0300] {processor.py:179} INFO - Processing /home/ylan/airflow/venv/lib/python3.9/site-packages/airflow/example_dags/plugins/workday.py took 0.128 seconds
[2023-08-17T00:05:48.817+0300] {processor.py:157} INFO - Started process (PID=229372) to work on /home/ylan/airflow/venv/lib/python3.9/site-packages/airflow/example_dags/plugins/workday.py
[2023-08-17T00:05:48.839+0300] {processor.py:826} INFO - Processing file /home/ylan/airflow/venv/lib/python3.9/site-packages/airflow/example_dags/plugins/workday.py for tasks to queue
[2023-08-17T00:05:48.843+0300] {logging_mixin.py:150} INFO - [2023-08-17T00:05:48.841+0300] {dagbag.py:541} INFO - Filling up the DagBag from /home/ylan/airflow/venv/lib/python3.9/site-packages/airflow/example_dags/plugins/workday.py
[2023-08-17T00:05:48.912+0300] {logging_mixin.py:150} INFO - [2023-08-17T00:05:48.911+0300] {workday.py:36} WARNING - Could not import pandas. Holidays will not be considered.
[2023-08-17T00:05:48.915+0300] {processor.py:838} WARNING - No viable dags retrieved from /home/ylan/airflow/venv/lib/python3.9/site-packages/airflow/example_dags/plugins/workday.py
[2023-08-17T00:05:49.265+0300] {processor.py:179} INFO - Processing /home/ylan/airflow/venv/lib/python3.9/site-packages/airflow/example_dags/plugins/workday.py took 0.521 seconds
[2023-08-17T00:06:20.781+0300] {processor.py:157} INFO - Started process (PID=229816) to work on /home/ylan/airflow/venv/lib/python3.9/site-packages/airflow/example_dags/plugins/workday.py
[2023-08-17T00:06:20.798+0300] {processor.py:826} INFO - Processing file /home/ylan/airflow/venv/lib/python3.9/site-packages/airflow/example_dags/plugins/workday.py for tasks to queue
[2023-08-17T00:06:20.833+0300] {logging_mixin.py:150} INFO - [2023-08-17T00:06:20.800+0300] {dagbag.py:541} INFO - Filling up the DagBag from /home/ylan/airflow/venv/lib/python3.9/site-packages/airflow/example_dags/plugins/workday.py
[2023-08-17T00:06:20.901+0300] {logging_mixin.py:150} INFO - [2023-08-17T00:06:20.901+0300] {workday.py:36} WARNING - Could not import pandas. Holidays will not be considered.
[2023-08-17T00:06:20.918+0300] {processor.py:838} WARNING - No viable dags retrieved from /home/ylan/airflow/venv/lib/python3.9/site-packages/airflow/example_dags/plugins/workday.py
[2023-08-17T00:06:21.478+0300] {processor.py:179} INFO - Processing /home/ylan/airflow/venv/lib/python3.9/site-packages/airflow/example_dags/plugins/workday.py took 0.790 seconds
[2023-08-17T00:06:51.859+0300] {processor.py:157} INFO - Started process (PID=230212) to work on /home/ylan/airflow/venv/lib/python3.9/site-packages/airflow/example_dags/plugins/workday.py
[2023-08-17T00:06:51.861+0300] {processor.py:826} INFO - Processing file /home/ylan/airflow/venv/lib/python3.9/site-packages/airflow/example_dags/plugins/workday.py for tasks to queue
[2023-08-17T00:06:51.864+0300] {logging_mixin.py:150} INFO - [2023-08-17T00:06:51.863+0300] {dagbag.py:541} INFO - Filling up the DagBag from /home/ylan/airflow/venv/lib/python3.9/site-packages/airflow/example_dags/plugins/workday.py
[2023-08-17T00:06:51.876+0300] {logging_mixin.py:150} INFO - [2023-08-17T00:06:51.875+0300] {workday.py:36} WARNING - Could not import pandas. Holidays will not be considered.
[2023-08-17T00:06:51.878+0300] {processor.py:838} WARNING - No viable dags retrieved from /home/ylan/airflow/venv/lib/python3.9/site-packages/airflow/example_dags/plugins/workday.py
[2023-08-17T00:06:51.978+0300] {processor.py:179} INFO - Processing /home/ylan/airflow/venv/lib/python3.9/site-packages/airflow/example_dags/plugins/workday.py took 0.142 seconds
[2023-08-17T00:08:22.330+0300] {processor.py:157} INFO - Started process (PID=231811) to work on /home/ylan/airflow/venv/lib/python3.9/site-packages/airflow/example_dags/plugins/workday.py
[2023-08-17T00:08:22.341+0300] {processor.py:826} INFO - Processing file /home/ylan/airflow/venv/lib/python3.9/site-packages/airflow/example_dags/plugins/workday.py for tasks to queue
[2023-08-17T00:08:22.344+0300] {logging_mixin.py:150} INFO - [2023-08-17T00:08:22.343+0300] {dagbag.py:541} INFO - Filling up the DagBag from /home/ylan/airflow/venv/lib/python3.9/site-packages/airflow/example_dags/plugins/workday.py
[2023-08-17T00:08:22.386+0300] {logging_mixin.py:150} INFO - [2023-08-17T00:08:22.386+0300] {workday.py:36} WARNING - Could not import pandas. Holidays will not be considered.
[2023-08-17T00:08:22.387+0300] {processor.py:838} WARNING - No viable dags retrieved from /home/ylan/airflow/venv/lib/python3.9/site-packages/airflow/example_dags/plugins/workday.py
[2023-08-17T00:08:22.710+0300] {processor.py:179} INFO - Processing /home/ylan/airflow/venv/lib/python3.9/site-packages/airflow/example_dags/plugins/workday.py took 0.410 seconds
[2023-08-17T00:08:53.415+0300] {processor.py:157} INFO - Started process (PID=232227) to work on /home/ylan/airflow/venv/lib/python3.9/site-packages/airflow/example_dags/plugins/workday.py
[2023-08-17T00:08:53.422+0300] {processor.py:826} INFO - Processing file /home/ylan/airflow/venv/lib/python3.9/site-packages/airflow/example_dags/plugins/workday.py for tasks to queue
[2023-08-17T00:08:53.427+0300] {logging_mixin.py:150} INFO - [2023-08-17T00:08:53.426+0300] {dagbag.py:541} INFO - Filling up the DagBag from /home/ylan/airflow/venv/lib/python3.9/site-packages/airflow/example_dags/plugins/workday.py
[2023-08-17T00:08:53.454+0300] {logging_mixin.py:150} INFO - [2023-08-17T00:08:53.454+0300] {workday.py:36} WARNING - Could not import pandas. Holidays will not be considered.
[2023-08-17T00:08:53.456+0300] {processor.py:838} WARNING - No viable dags retrieved from /home/ylan/airflow/venv/lib/python3.9/site-packages/airflow/example_dags/plugins/workday.py
[2023-08-17T00:08:53.666+0300] {processor.py:179} INFO - Processing /home/ylan/airflow/venv/lib/python3.9/site-packages/airflow/example_dags/plugins/workday.py took 0.278 seconds
[2023-08-17T00:09:27.007+0300] {processor.py:157} INFO - Started process (PID=232717) to work on /home/ylan/airflow/venv/lib/python3.9/site-packages/airflow/example_dags/plugins/workday.py
[2023-08-17T00:09:27.012+0300] {processor.py:826} INFO - Processing file /home/ylan/airflow/venv/lib/python3.9/site-packages/airflow/example_dags/plugins/workday.py for tasks to queue
[2023-08-17T00:09:27.015+0300] {logging_mixin.py:150} INFO - [2023-08-17T00:09:27.014+0300] {dagbag.py:541} INFO - Filling up the DagBag from /home/ylan/airflow/venv/lib/python3.9/site-packages/airflow/example_dags/plugins/workday.py
[2023-08-17T00:09:27.027+0300] {logging_mixin.py:150} INFO - [2023-08-17T00:09:27.027+0300] {workday.py:36} WARNING - Could not import pandas. Holidays will not be considered.
[2023-08-17T00:09:27.029+0300] {processor.py:838} WARNING - No viable dags retrieved from /home/ylan/airflow/venv/lib/python3.9/site-packages/airflow/example_dags/plugins/workday.py
[2023-08-17T00:09:27.119+0300] {processor.py:179} INFO - Processing /home/ylan/airflow/venv/lib/python3.9/site-packages/airflow/example_dags/plugins/workday.py took 0.127 seconds
[2023-08-17T00:10:02.284+0300] {processor.py:157} INFO - Started process (PID=233125) to work on /home/ylan/airflow/venv/lib/python3.9/site-packages/airflow/example_dags/plugins/workday.py
[2023-08-17T00:10:02.373+0300] {processor.py:826} INFO - Processing file /home/ylan/airflow/venv/lib/python3.9/site-packages/airflow/example_dags/plugins/workday.py for tasks to queue
[2023-08-17T00:10:02.376+0300] {logging_mixin.py:150} INFO - [2023-08-17T00:10:02.375+0300] {dagbag.py:541} INFO - Filling up the DagBag from /home/ylan/airflow/venv/lib/python3.9/site-packages/airflow/example_dags/plugins/workday.py
[2023-08-17T00:10:02.393+0300] {logging_mixin.py:150} INFO - [2023-08-17T00:10:02.393+0300] {workday.py:36} WARNING - Could not import pandas. Holidays will not be considered.
[2023-08-17T00:10:02.395+0300] {processor.py:838} WARNING - No viable dags retrieved from /home/ylan/airflow/venv/lib/python3.9/site-packages/airflow/example_dags/plugins/workday.py
[2023-08-17T00:10:02.610+0300] {processor.py:179} INFO - Processing /home/ylan/airflow/venv/lib/python3.9/site-packages/airflow/example_dags/plugins/workday.py took 0.417 seconds
[2023-08-17T00:10:36.138+0300] {processor.py:157} INFO - Started process (PID=233586) to work on /home/ylan/airflow/venv/lib/python3.9/site-packages/airflow/example_dags/plugins/workday.py
[2023-08-17T00:10:36.349+0300] {processor.py:826} INFO - Processing file /home/ylan/airflow/venv/lib/python3.9/site-packages/airflow/example_dags/plugins/workday.py for tasks to queue
[2023-08-17T00:10:36.352+0300] {logging_mixin.py:150} INFO - [2023-08-17T00:10:36.351+0300] {dagbag.py:541} INFO - Filling up the DagBag from /home/ylan/airflow/venv/lib/python3.9/site-packages/airflow/example_dags/plugins/workday.py
[2023-08-17T00:10:36.397+0300] {logging_mixin.py:150} INFO - [2023-08-17T00:10:36.390+0300] {workday.py:36} WARNING - Could not import pandas. Holidays will not be considered.
[2023-08-17T00:10:36.398+0300] {processor.py:838} WARNING - No viable dags retrieved from /home/ylan/airflow/venv/lib/python3.9/site-packages/airflow/example_dags/plugins/workday.py
[2023-08-17T00:10:36.679+0300] {processor.py:179} INFO - Processing /home/ylan/airflow/venv/lib/python3.9/site-packages/airflow/example_dags/plugins/workday.py took 0.562 seconds
[2023-08-17T00:11:12.367+0300] {processor.py:157} INFO - Started process (PID=234193) to work on /home/ylan/airflow/venv/lib/python3.9/site-packages/airflow/example_dags/plugins/workday.py
[2023-08-17T00:11:12.396+0300] {processor.py:826} INFO - Processing file /home/ylan/airflow/venv/lib/python3.9/site-packages/airflow/example_dags/plugins/workday.py for tasks to queue
[2023-08-17T00:11:12.400+0300] {logging_mixin.py:150} INFO - [2023-08-17T00:11:12.398+0300] {dagbag.py:541} INFO - Filling up the DagBag from /home/ylan/airflow/venv/lib/python3.9/site-packages/airflow/example_dags/plugins/workday.py
[2023-08-17T00:11:12.422+0300] {logging_mixin.py:150} INFO - [2023-08-17T00:11:12.421+0300] {workday.py:36} WARNING - Could not import pandas. Holidays will not be considered.
[2023-08-17T00:11:12.463+0300] {processor.py:838} WARNING - No viable dags retrieved from /home/ylan/airflow/venv/lib/python3.9/site-packages/airflow/example_dags/plugins/workday.py
[2023-08-17T00:11:12.922+0300] {processor.py:179} INFO - Processing /home/ylan/airflow/venv/lib/python3.9/site-packages/airflow/example_dags/plugins/workday.py took 0.586 seconds
[2023-08-17T00:11:43.349+0300] {processor.py:157} INFO - Started process (PID=234801) to work on /home/ylan/airflow/venv/lib/python3.9/site-packages/airflow/example_dags/plugins/workday.py
[2023-08-17T00:11:43.362+0300] {processor.py:826} INFO - Processing file /home/ylan/airflow/venv/lib/python3.9/site-packages/airflow/example_dags/plugins/workday.py for tasks to queue
[2023-08-17T00:11:43.366+0300] {logging_mixin.py:150} INFO - [2023-08-17T00:11:43.364+0300] {dagbag.py:541} INFO - Filling up the DagBag from /home/ylan/airflow/venv/lib/python3.9/site-packages/airflow/example_dags/plugins/workday.py
[2023-08-17T00:11:43.380+0300] {logging_mixin.py:150} INFO - [2023-08-17T00:11:43.380+0300] {workday.py:36} WARNING - Could not import pandas. Holidays will not be considered.
[2023-08-17T00:11:43.382+0300] {processor.py:838} WARNING - No viable dags retrieved from /home/ylan/airflow/venv/lib/python3.9/site-packages/airflow/example_dags/plugins/workday.py
[2023-08-17T00:11:43.534+0300] {processor.py:179} INFO - Processing /home/ylan/airflow/venv/lib/python3.9/site-packages/airflow/example_dags/plugins/workday.py took 0.223 seconds
[2023-08-17T00:12:13.730+0300] {processor.py:157} INFO - Started process (PID=235379) to work on /home/ylan/airflow/venv/lib/python3.9/site-packages/airflow/example_dags/plugins/workday.py
[2023-08-17T00:12:13.806+0300] {processor.py:826} INFO - Processing file /home/ylan/airflow/venv/lib/python3.9/site-packages/airflow/example_dags/plugins/workday.py for tasks to queue
[2023-08-17T00:12:13.809+0300] {logging_mixin.py:150} INFO - [2023-08-17T00:12:13.808+0300] {dagbag.py:541} INFO - Filling up the DagBag from /home/ylan/airflow/venv/lib/python3.9/site-packages/airflow/example_dags/plugins/workday.py
[2023-08-17T00:12:13.820+0300] {logging_mixin.py:150} INFO - [2023-08-17T00:12:13.819+0300] {workday.py:36} WARNING - Could not import pandas. Holidays will not be considered.
[2023-08-17T00:12:13.822+0300] {processor.py:838} WARNING - No viable dags retrieved from /home/ylan/airflow/venv/lib/python3.9/site-packages/airflow/example_dags/plugins/workday.py
[2023-08-17T00:12:13.991+0300] {processor.py:179} INFO - Processing /home/ylan/airflow/venv/lib/python3.9/site-packages/airflow/example_dags/plugins/workday.py took 0.275 seconds
[2023-08-17T00:12:48.819+0300] {processor.py:157} INFO - Started process (PID=235856) to work on /home/ylan/airflow/venv/lib/python3.9/site-packages/airflow/example_dags/plugins/workday.py
[2023-08-17T00:12:48.839+0300] {processor.py:826} INFO - Processing file /home/ylan/airflow/venv/lib/python3.9/site-packages/airflow/example_dags/plugins/workday.py for tasks to queue
[2023-08-17T00:12:48.842+0300] {logging_mixin.py:150} INFO - [2023-08-17T00:12:48.841+0300] {dagbag.py:541} INFO - Filling up the DagBag from /home/ylan/airflow/venv/lib/python3.9/site-packages/airflow/example_dags/plugins/workday.py
[2023-08-17T00:12:48.861+0300] {logging_mixin.py:150} INFO - [2023-08-17T00:12:48.860+0300] {workday.py:36} WARNING - Could not import pandas. Holidays will not be considered.
[2023-08-17T00:12:48.863+0300] {processor.py:838} WARNING - No viable dags retrieved from /home/ylan/airflow/venv/lib/python3.9/site-packages/airflow/example_dags/plugins/workday.py
[2023-08-17T00:12:49.032+0300] {processor.py:179} INFO - Processing /home/ylan/airflow/venv/lib/python3.9/site-packages/airflow/example_dags/plugins/workday.py took 0.236 seconds
[2023-08-17T00:13:25.009+0300] {processor.py:157} INFO - Started process (PID=236325) to work on /home/ylan/airflow/venv/lib/python3.9/site-packages/airflow/example_dags/plugins/workday.py
[2023-08-17T00:13:25.085+0300] {processor.py:826} INFO - Processing file /home/ylan/airflow/venv/lib/python3.9/site-packages/airflow/example_dags/plugins/workday.py for tasks to queue
[2023-08-17T00:13:25.102+0300] {logging_mixin.py:150} INFO - [2023-08-17T00:13:25.101+0300] {dagbag.py:541} INFO - Filling up the DagBag from /home/ylan/airflow/venv/lib/python3.9/site-packages/airflow/example_dags/plugins/workday.py
[2023-08-17T00:13:25.318+0300] {logging_mixin.py:150} INFO - [2023-08-17T00:13:25.248+0300] {workday.py:36} WARNING - Could not import pandas. Holidays will not be considered.
[2023-08-17T00:13:25.319+0300] {processor.py:838} WARNING - No viable dags retrieved from /home/ylan/airflow/venv/lib/python3.9/site-packages/airflow/example_dags/plugins/workday.py
[2023-08-17T00:13:25.849+0300] {processor.py:179} INFO - Processing /home/ylan/airflow/venv/lib/python3.9/site-packages/airflow/example_dags/plugins/workday.py took 0.959 seconds
[2023-08-17T00:13:56.121+0300] {processor.py:157} INFO - Started process (PID=236813) to work on /home/ylan/airflow/venv/lib/python3.9/site-packages/airflow/example_dags/plugins/workday.py
[2023-08-17T00:13:56.303+0300] {processor.py:826} INFO - Processing file /home/ylan/airflow/venv/lib/python3.9/site-packages/airflow/example_dags/plugins/workday.py for tasks to queue
[2023-08-17T00:13:56.306+0300] {logging_mixin.py:150} INFO - [2023-08-17T00:13:56.305+0300] {dagbag.py:541} INFO - Filling up the DagBag from /home/ylan/airflow/venv/lib/python3.9/site-packages/airflow/example_dags/plugins/workday.py
[2023-08-17T00:13:56.311+0300] {logging_mixin.py:150} INFO - [2023-08-17T00:13:56.311+0300] {workday.py:36} WARNING - Could not import pandas. Holidays will not be considered.
[2023-08-17T00:13:56.312+0300] {processor.py:838} WARNING - No viable dags retrieved from /home/ylan/airflow/venv/lib/python3.9/site-packages/airflow/example_dags/plugins/workday.py
[2023-08-17T00:13:56.361+0300] {processor.py:179} INFO - Processing /home/ylan/airflow/venv/lib/python3.9/site-packages/airflow/example_dags/plugins/workday.py took 0.252 seconds
[2023-08-17T00:14:28.488+0300] {processor.py:157} INFO - Started process (PID=237392) to work on /home/ylan/airflow/venv/lib/python3.9/site-packages/airflow/example_dags/plugins/workday.py
[2023-08-17T00:14:28.541+0300] {processor.py:826} INFO - Processing file /home/ylan/airflow/venv/lib/python3.9/site-packages/airflow/example_dags/plugins/workday.py for tasks to queue
[2023-08-17T00:14:28.544+0300] {logging_mixin.py:150} INFO - [2023-08-17T00:14:28.543+0300] {dagbag.py:541} INFO - Filling up the DagBag from /home/ylan/airflow/venv/lib/python3.9/site-packages/airflow/example_dags/plugins/workday.py
[2023-08-17T00:14:28.710+0300] {logging_mixin.py:150} INFO - [2023-08-17T00:14:28.709+0300] {workday.py:36} WARNING - Could not import pandas. Holidays will not be considered.
[2023-08-17T00:14:28.711+0300] {processor.py:838} WARNING - No viable dags retrieved from /home/ylan/airflow/venv/lib/python3.9/site-packages/airflow/example_dags/plugins/workday.py
[2023-08-17T00:14:29.163+0300] {processor.py:179} INFO - Processing /home/ylan/airflow/venv/lib/python3.9/site-packages/airflow/example_dags/plugins/workday.py took 0.851 seconds
