[2023-08-16T23:28:04.153+0300] {processor.py:157} INFO - Started process (PID=193174) to work on /home/ylan/airflow/venv/lib/python3.9/site-packages/airflow/example_dags/example_setup_teardown_taskflow.py
[2023-08-16T23:28:04.168+0300] {processor.py:826} INFO - Processing file /home/ylan/airflow/venv/lib/python3.9/site-packages/airflow/example_dags/example_setup_teardown_taskflow.py for tasks to queue
[2023-08-16T23:28:04.243+0300] {logging_mixin.py:150} INFO - [2023-08-16T23:28:04.242+0300] {dagbag.py:541} INFO - Filling up the DagBag from /home/ylan/airflow/venv/lib/python3.9/site-packages/airflow/example_dags/example_setup_teardown_taskflow.py
[2023-08-16T23:28:04.339+0300] {processor.py:838} WARNING - No viable dags retrieved from /home/ylan/airflow/venv/lib/python3.9/site-packages/airflow/example_dags/example_setup_teardown_taskflow.py
[2023-08-16T23:28:04.873+0300] {processor.py:179} INFO - Processing /home/ylan/airflow/venv/lib/python3.9/site-packages/airflow/example_dags/example_setup_teardown_taskflow.py took 0.779 seconds
[2023-08-16T23:28:49.711+0300] {processor.py:157} INFO - Started process (PID=193767) to work on /home/ylan/airflow/venv/lib/python3.9/site-packages/airflow/example_dags/example_setup_teardown_taskflow.py
[2023-08-16T23:28:49.727+0300] {processor.py:826} INFO - Processing file /home/ylan/airflow/venv/lib/python3.9/site-packages/airflow/example_dags/example_setup_teardown_taskflow.py for tasks to queue
[2023-08-16T23:28:49.734+0300] {logging_mixin.py:150} INFO - [2023-08-16T23:28:49.733+0300] {dagbag.py:541} INFO - Filling up the DagBag from /home/ylan/airflow/venv/lib/python3.9/site-packages/airflow/example_dags/example_setup_teardown_taskflow.py
[2023-08-16T23:28:49.795+0300] {processor.py:838} WARNING - No viable dags retrieved from /home/ylan/airflow/venv/lib/python3.9/site-packages/airflow/example_dags/example_setup_teardown_taskflow.py
[2023-08-16T23:28:50.025+0300] {processor.py:179} INFO - Processing /home/ylan/airflow/venv/lib/python3.9/site-packages/airflow/example_dags/example_setup_teardown_taskflow.py took 0.329 seconds
[2023-08-16T23:29:22.918+0300] {processor.py:157} INFO - Started process (PID=194394) to work on /home/ylan/airflow/venv/lib/python3.9/site-packages/airflow/example_dags/example_setup_teardown_taskflow.py
[2023-08-16T23:29:23.030+0300] {processor.py:826} INFO - Processing file /home/ylan/airflow/venv/lib/python3.9/site-packages/airflow/example_dags/example_setup_teardown_taskflow.py for tasks to queue
[2023-08-16T23:29:23.036+0300] {logging_mixin.py:150} INFO - [2023-08-16T23:29:23.035+0300] {dagbag.py:541} INFO - Filling up the DagBag from /home/ylan/airflow/venv/lib/python3.9/site-packages/airflow/example_dags/example_setup_teardown_taskflow.py
[2023-08-16T23:29:23.044+0300] {processor.py:838} WARNING - No viable dags retrieved from /home/ylan/airflow/venv/lib/python3.9/site-packages/airflow/example_dags/example_setup_teardown_taskflow.py
[2023-08-16T23:29:23.362+0300] {processor.py:179} INFO - Processing /home/ylan/airflow/venv/lib/python3.9/site-packages/airflow/example_dags/example_setup_teardown_taskflow.py took 0.459 seconds
[2023-08-16T23:29:54.935+0300] {processor.py:157} INFO - Started process (PID=194971) to work on /home/ylan/airflow/venv/lib/python3.9/site-packages/airflow/example_dags/example_setup_teardown_taskflow.py
[2023-08-16T23:29:54.938+0300] {processor.py:826} INFO - Processing file /home/ylan/airflow/venv/lib/python3.9/site-packages/airflow/example_dags/example_setup_teardown_taskflow.py for tasks to queue
[2023-08-16T23:29:54.942+0300] {logging_mixin.py:150} INFO - [2023-08-16T23:29:54.941+0300] {dagbag.py:541} INFO - Filling up the DagBag from /home/ylan/airflow/venv/lib/python3.9/site-packages/airflow/example_dags/example_setup_teardown_taskflow.py
[2023-08-16T23:29:54.951+0300] {processor.py:838} WARNING - No viable dags retrieved from /home/ylan/airflow/venv/lib/python3.9/site-packages/airflow/example_dags/example_setup_teardown_taskflow.py
[2023-08-16T23:29:55.080+0300] {processor.py:179} INFO - Processing /home/ylan/airflow/venv/lib/python3.9/site-packages/airflow/example_dags/example_setup_teardown_taskflow.py took 0.161 seconds
[2023-08-16T23:30:27.799+0300] {processor.py:157} INFO - Started process (PID=195555) to work on /home/ylan/airflow/venv/lib/python3.9/site-packages/airflow/example_dags/example_setup_teardown_taskflow.py
[2023-08-16T23:30:27.806+0300] {processor.py:826} INFO - Processing file /home/ylan/airflow/venv/lib/python3.9/site-packages/airflow/example_dags/example_setup_teardown_taskflow.py for tasks to queue
[2023-08-16T23:30:27.810+0300] {logging_mixin.py:150} INFO - [2023-08-16T23:30:27.809+0300] {dagbag.py:541} INFO - Filling up the DagBag from /home/ylan/airflow/venv/lib/python3.9/site-packages/airflow/example_dags/example_setup_teardown_taskflow.py
[2023-08-16T23:30:27.825+0300] {processor.py:838} WARNING - No viable dags retrieved from /home/ylan/airflow/venv/lib/python3.9/site-packages/airflow/example_dags/example_setup_teardown_taskflow.py
[2023-08-16T23:30:28.094+0300] {processor.py:179} INFO - Processing /home/ylan/airflow/venv/lib/python3.9/site-packages/airflow/example_dags/example_setup_teardown_taskflow.py took 0.321 seconds
[2023-08-16T23:30:59.181+0300] {processor.py:157} INFO - Started process (PID=196144) to work on /home/ylan/airflow/venv/lib/python3.9/site-packages/airflow/example_dags/example_setup_teardown_taskflow.py
[2023-08-16T23:30:59.202+0300] {processor.py:826} INFO - Processing file /home/ylan/airflow/venv/lib/python3.9/site-packages/airflow/example_dags/example_setup_teardown_taskflow.py for tasks to queue
[2023-08-16T23:30:59.206+0300] {logging_mixin.py:150} INFO - [2023-08-16T23:30:59.205+0300] {dagbag.py:541} INFO - Filling up the DagBag from /home/ylan/airflow/venv/lib/python3.9/site-packages/airflow/example_dags/example_setup_teardown_taskflow.py
[2023-08-16T23:30:59.219+0300] {processor.py:838} WARNING - No viable dags retrieved from /home/ylan/airflow/venv/lib/python3.9/site-packages/airflow/example_dags/example_setup_teardown_taskflow.py
[2023-08-16T23:30:59.360+0300] {processor.py:179} INFO - Processing /home/ylan/airflow/venv/lib/python3.9/site-packages/airflow/example_dags/example_setup_teardown_taskflow.py took 0.226 seconds
[2023-08-16T23:31:30.063+0300] {processor.py:157} INFO - Started process (PID=196589) to work on /home/ylan/airflow/venv/lib/python3.9/site-packages/airflow/example_dags/example_setup_teardown_taskflow.py
[2023-08-16T23:31:30.095+0300] {processor.py:826} INFO - Processing file /home/ylan/airflow/venv/lib/python3.9/site-packages/airflow/example_dags/example_setup_teardown_taskflow.py for tasks to queue
[2023-08-16T23:31:30.098+0300] {logging_mixin.py:150} INFO - [2023-08-16T23:31:30.097+0300] {dagbag.py:541} INFO - Filling up the DagBag from /home/ylan/airflow/venv/lib/python3.9/site-packages/airflow/example_dags/example_setup_teardown_taskflow.py
[2023-08-16T23:31:30.115+0300] {processor.py:838} WARNING - No viable dags retrieved from /home/ylan/airflow/venv/lib/python3.9/site-packages/airflow/example_dags/example_setup_teardown_taskflow.py
[2023-08-16T23:31:30.309+0300] {processor.py:179} INFO - Processing /home/ylan/airflow/venv/lib/python3.9/site-packages/airflow/example_dags/example_setup_teardown_taskflow.py took 0.263 seconds
[2023-08-16T23:32:01.244+0300] {processor.py:157} INFO - Started process (PID=196988) to work on /home/ylan/airflow/venv/lib/python3.9/site-packages/airflow/example_dags/example_setup_teardown_taskflow.py
[2023-08-16T23:32:01.263+0300] {processor.py:826} INFO - Processing file /home/ylan/airflow/venv/lib/python3.9/site-packages/airflow/example_dags/example_setup_teardown_taskflow.py for tasks to queue
[2023-08-16T23:32:01.279+0300] {logging_mixin.py:150} INFO - [2023-08-16T23:32:01.278+0300] {dagbag.py:541} INFO - Filling up the DagBag from /home/ylan/airflow/venv/lib/python3.9/site-packages/airflow/example_dags/example_setup_teardown_taskflow.py
[2023-08-16T23:32:01.299+0300] {processor.py:838} WARNING - No viable dags retrieved from /home/ylan/airflow/venv/lib/python3.9/site-packages/airflow/example_dags/example_setup_teardown_taskflow.py
[2023-08-16T23:32:01.509+0300] {processor.py:179} INFO - Processing /home/ylan/airflow/venv/lib/python3.9/site-packages/airflow/example_dags/example_setup_teardown_taskflow.py took 0.308 seconds
[2023-08-16T23:32:31.659+0300] {processor.py:157} INFO - Started process (PID=197577) to work on /home/ylan/airflow/venv/lib/python3.9/site-packages/airflow/example_dags/example_setup_teardown_taskflow.py
[2023-08-16T23:32:31.672+0300] {processor.py:826} INFO - Processing file /home/ylan/airflow/venv/lib/python3.9/site-packages/airflow/example_dags/example_setup_teardown_taskflow.py for tasks to queue
[2023-08-16T23:32:31.676+0300] {logging_mixin.py:150} INFO - [2023-08-16T23:32:31.675+0300] {dagbag.py:541} INFO - Filling up the DagBag from /home/ylan/airflow/venv/lib/python3.9/site-packages/airflow/example_dags/example_setup_teardown_taskflow.py
[2023-08-16T23:32:31.693+0300] {processor.py:838} WARNING - No viable dags retrieved from /home/ylan/airflow/venv/lib/python3.9/site-packages/airflow/example_dags/example_setup_teardown_taskflow.py
[2023-08-16T23:32:31.965+0300] {processor.py:179} INFO - Processing /home/ylan/airflow/venv/lib/python3.9/site-packages/airflow/example_dags/example_setup_teardown_taskflow.py took 0.326 seconds
[2023-08-16T23:33:08.573+0300] {processor.py:157} INFO - Started process (PID=198287) to work on /home/ylan/airflow/venv/lib/python3.9/site-packages/airflow/example_dags/example_setup_teardown_taskflow.py
[2023-08-16T23:33:08.589+0300] {processor.py:826} INFO - Processing file /home/ylan/airflow/venv/lib/python3.9/site-packages/airflow/example_dags/example_setup_teardown_taskflow.py for tasks to queue
[2023-08-16T23:33:08.605+0300] {logging_mixin.py:150} INFO - [2023-08-16T23:33:08.591+0300] {dagbag.py:541} INFO - Filling up the DagBag from /home/ylan/airflow/venv/lib/python3.9/site-packages/airflow/example_dags/example_setup_teardown_taskflow.py
[2023-08-16T23:33:08.643+0300] {processor.py:838} WARNING - No viable dags retrieved from /home/ylan/airflow/venv/lib/python3.9/site-packages/airflow/example_dags/example_setup_teardown_taskflow.py
[2023-08-16T23:33:09.013+0300] {processor.py:179} INFO - Processing /home/ylan/airflow/venv/lib/python3.9/site-packages/airflow/example_dags/example_setup_teardown_taskflow.py took 0.460 seconds
[2023-08-16T23:33:41.297+0300] {processor.py:157} INFO - Started process (PID=198783) to work on /home/ylan/airflow/venv/lib/python3.9/site-packages/airflow/example_dags/example_setup_teardown_taskflow.py
[2023-08-16T23:33:41.303+0300] {processor.py:826} INFO - Processing file /home/ylan/airflow/venv/lib/python3.9/site-packages/airflow/example_dags/example_setup_teardown_taskflow.py for tasks to queue
[2023-08-16T23:33:41.314+0300] {logging_mixin.py:150} INFO - [2023-08-16T23:33:41.313+0300] {dagbag.py:541} INFO - Filling up the DagBag from /home/ylan/airflow/venv/lib/python3.9/site-packages/airflow/example_dags/example_setup_teardown_taskflow.py
[2023-08-16T23:33:41.378+0300] {processor.py:838} WARNING - No viable dags retrieved from /home/ylan/airflow/venv/lib/python3.9/site-packages/airflow/example_dags/example_setup_teardown_taskflow.py
[2023-08-16T23:33:41.708+0300] {processor.py:179} INFO - Processing /home/ylan/airflow/venv/lib/python3.9/site-packages/airflow/example_dags/example_setup_teardown_taskflow.py took 0.452 seconds
[2023-08-16T23:34:11.941+0300] {processor.py:157} INFO - Started process (PID=199296) to work on /home/ylan/airflow/venv/lib/python3.9/site-packages/airflow/example_dags/example_setup_teardown_taskflow.py
[2023-08-16T23:34:11.959+0300] {processor.py:826} INFO - Processing file /home/ylan/airflow/venv/lib/python3.9/site-packages/airflow/example_dags/example_setup_teardown_taskflow.py for tasks to queue
[2023-08-16T23:34:11.963+0300] {logging_mixin.py:150} INFO - [2023-08-16T23:34:11.962+0300] {dagbag.py:541} INFO - Filling up the DagBag from /home/ylan/airflow/venv/lib/python3.9/site-packages/airflow/example_dags/example_setup_teardown_taskflow.py
[2023-08-16T23:34:11.971+0300] {processor.py:838} WARNING - No viable dags retrieved from /home/ylan/airflow/venv/lib/python3.9/site-packages/airflow/example_dags/example_setup_teardown_taskflow.py
[2023-08-16T23:34:12.082+0300] {processor.py:179} INFO - Processing /home/ylan/airflow/venv/lib/python3.9/site-packages/airflow/example_dags/example_setup_teardown_taskflow.py took 0.154 seconds
[2023-08-16T23:34:42.603+0300] {processor.py:157} INFO - Started process (PID=199752) to work on /home/ylan/airflow/venv/lib/python3.9/site-packages/airflow/example_dags/example_setup_teardown_taskflow.py
[2023-08-16T23:34:42.605+0300] {processor.py:826} INFO - Processing file /home/ylan/airflow/venv/lib/python3.9/site-packages/airflow/example_dags/example_setup_teardown_taskflow.py for tasks to queue
[2023-08-16T23:34:42.608+0300] {logging_mixin.py:150} INFO - [2023-08-16T23:34:42.607+0300] {dagbag.py:541} INFO - Filling up the DagBag from /home/ylan/airflow/venv/lib/python3.9/site-packages/airflow/example_dags/example_setup_teardown_taskflow.py
[2023-08-16T23:34:42.616+0300] {processor.py:838} WARNING - No viable dags retrieved from /home/ylan/airflow/venv/lib/python3.9/site-packages/airflow/example_dags/example_setup_teardown_taskflow.py
[2023-08-16T23:34:42.776+0300] {processor.py:179} INFO - Processing /home/ylan/airflow/venv/lib/python3.9/site-packages/airflow/example_dags/example_setup_teardown_taskflow.py took 0.186 seconds
[2023-08-16T23:35:17.117+0300] {processor.py:157} INFO - Started process (PID=200362) to work on /home/ylan/airflow/venv/lib/python3.9/site-packages/airflow/example_dags/example_setup_teardown_taskflow.py
[2023-08-16T23:35:17.134+0300] {processor.py:826} INFO - Processing file /home/ylan/airflow/venv/lib/python3.9/site-packages/airflow/example_dags/example_setup_teardown_taskflow.py for tasks to queue
[2023-08-16T23:35:17.138+0300] {logging_mixin.py:150} INFO - [2023-08-16T23:35:17.136+0300] {dagbag.py:541} INFO - Filling up the DagBag from /home/ylan/airflow/venv/lib/python3.9/site-packages/airflow/example_dags/example_setup_teardown_taskflow.py
[2023-08-16T23:35:17.174+0300] {processor.py:838} WARNING - No viable dags retrieved from /home/ylan/airflow/venv/lib/python3.9/site-packages/airflow/example_dags/example_setup_teardown_taskflow.py
[2023-08-16T23:35:17.364+0300] {processor.py:179} INFO - Processing /home/ylan/airflow/venv/lib/python3.9/site-packages/airflow/example_dags/example_setup_teardown_taskflow.py took 0.281 seconds
[2023-08-16T23:35:50.785+0300] {processor.py:157} INFO - Started process (PID=200807) to work on /home/ylan/airflow/venv/lib/python3.9/site-packages/airflow/example_dags/example_setup_teardown_taskflow.py
[2023-08-16T23:35:50.800+0300] {processor.py:826} INFO - Processing file /home/ylan/airflow/venv/lib/python3.9/site-packages/airflow/example_dags/example_setup_teardown_taskflow.py for tasks to queue
[2023-08-16T23:35:50.806+0300] {logging_mixin.py:150} INFO - [2023-08-16T23:35:50.804+0300] {dagbag.py:541} INFO - Filling up the DagBag from /home/ylan/airflow/venv/lib/python3.9/site-packages/airflow/example_dags/example_setup_teardown_taskflow.py
[2023-08-16T23:35:50.816+0300] {processor.py:838} WARNING - No viable dags retrieved from /home/ylan/airflow/venv/lib/python3.9/site-packages/airflow/example_dags/example_setup_teardown_taskflow.py
[2023-08-16T23:35:50.911+0300] {processor.py:179} INFO - Processing /home/ylan/airflow/venv/lib/python3.9/site-packages/airflow/example_dags/example_setup_teardown_taskflow.py took 0.165 seconds
[2023-08-16T23:36:22.209+0300] {processor.py:157} INFO - Started process (PID=201416) to work on /home/ylan/airflow/venv/lib/python3.9/site-packages/airflow/example_dags/example_setup_teardown_taskflow.py
[2023-08-16T23:36:22.237+0300] {processor.py:826} INFO - Processing file /home/ylan/airflow/venv/lib/python3.9/site-packages/airflow/example_dags/example_setup_teardown_taskflow.py for tasks to queue
[2023-08-16T23:36:22.250+0300] {logging_mixin.py:150} INFO - [2023-08-16T23:36:22.249+0300] {dagbag.py:541} INFO - Filling up the DagBag from /home/ylan/airflow/venv/lib/python3.9/site-packages/airflow/example_dags/example_setup_teardown_taskflow.py
[2023-08-16T23:36:22.277+0300] {processor.py:838} WARNING - No viable dags retrieved from /home/ylan/airflow/venv/lib/python3.9/site-packages/airflow/example_dags/example_setup_teardown_taskflow.py
[2023-08-16T23:36:22.589+0300] {processor.py:179} INFO - Processing /home/ylan/airflow/venv/lib/python3.9/site-packages/airflow/example_dags/example_setup_teardown_taskflow.py took 0.395 seconds
[2023-08-16T23:36:53.064+0300] {processor.py:157} INFO - Started process (PID=202014) to work on /home/ylan/airflow/venv/lib/python3.9/site-packages/airflow/example_dags/example_setup_teardown_taskflow.py
[2023-08-16T23:36:53.071+0300] {processor.py:826} INFO - Processing file /home/ylan/airflow/venv/lib/python3.9/site-packages/airflow/example_dags/example_setup_teardown_taskflow.py for tasks to queue
[2023-08-16T23:36:53.078+0300] {logging_mixin.py:150} INFO - [2023-08-16T23:36:53.077+0300] {dagbag.py:541} INFO - Filling up the DagBag from /home/ylan/airflow/venv/lib/python3.9/site-packages/airflow/example_dags/example_setup_teardown_taskflow.py
[2023-08-16T23:36:53.090+0300] {processor.py:838} WARNING - No viable dags retrieved from /home/ylan/airflow/venv/lib/python3.9/site-packages/airflow/example_dags/example_setup_teardown_taskflow.py
[2023-08-16T23:36:53.190+0300] {processor.py:179} INFO - Processing /home/ylan/airflow/venv/lib/python3.9/site-packages/airflow/example_dags/example_setup_teardown_taskflow.py took 0.145 seconds
[2023-08-16T23:37:25.189+0300] {processor.py:157} INFO - Started process (PID=202427) to work on /home/ylan/airflow/venv/lib/python3.9/site-packages/airflow/example_dags/example_setup_teardown_taskflow.py
[2023-08-16T23:37:25.247+0300] {processor.py:826} INFO - Processing file /home/ylan/airflow/venv/lib/python3.9/site-packages/airflow/example_dags/example_setup_teardown_taskflow.py for tasks to queue
[2023-08-16T23:37:25.269+0300] {logging_mixin.py:150} INFO - [2023-08-16T23:37:25.268+0300] {dagbag.py:541} INFO - Filling up the DagBag from /home/ylan/airflow/venv/lib/python3.9/site-packages/airflow/example_dags/example_setup_teardown_taskflow.py
[2023-08-16T23:37:25.286+0300] {processor.py:838} WARNING - No viable dags retrieved from /home/ylan/airflow/venv/lib/python3.9/site-packages/airflow/example_dags/example_setup_teardown_taskflow.py
[2023-08-16T23:37:25.626+0300] {processor.py:179} INFO - Processing /home/ylan/airflow/venv/lib/python3.9/site-packages/airflow/example_dags/example_setup_teardown_taskflow.py took 0.465 seconds
[2023-08-16T23:37:58.315+0300] {processor.py:157} INFO - Started process (PID=202846) to work on /home/ylan/airflow/venv/lib/python3.9/site-packages/airflow/example_dags/example_setup_teardown_taskflow.py
[2023-08-16T23:37:58.325+0300] {processor.py:826} INFO - Processing file /home/ylan/airflow/venv/lib/python3.9/site-packages/airflow/example_dags/example_setup_teardown_taskflow.py for tasks to queue
[2023-08-16T23:37:58.330+0300] {logging_mixin.py:150} INFO - [2023-08-16T23:37:58.328+0300] {dagbag.py:541} INFO - Filling up the DagBag from /home/ylan/airflow/venv/lib/python3.9/site-packages/airflow/example_dags/example_setup_teardown_taskflow.py
[2023-08-16T23:37:58.348+0300] {processor.py:838} WARNING - No viable dags retrieved from /home/ylan/airflow/venv/lib/python3.9/site-packages/airflow/example_dags/example_setup_teardown_taskflow.py
[2023-08-16T23:37:58.522+0300] {processor.py:179} INFO - Processing /home/ylan/airflow/venv/lib/python3.9/site-packages/airflow/example_dags/example_setup_teardown_taskflow.py took 0.255 seconds
[2023-08-16T23:38:30.313+0300] {processor.py:157} INFO - Started process (PID=203430) to work on /home/ylan/airflow/venv/lib/python3.9/site-packages/airflow/example_dags/example_setup_teardown_taskflow.py
[2023-08-16T23:38:30.321+0300] {processor.py:826} INFO - Processing file /home/ylan/airflow/venv/lib/python3.9/site-packages/airflow/example_dags/example_setup_teardown_taskflow.py for tasks to queue
[2023-08-16T23:38:30.324+0300] {logging_mixin.py:150} INFO - [2023-08-16T23:38:30.323+0300] {dagbag.py:541} INFO - Filling up the DagBag from /home/ylan/airflow/venv/lib/python3.9/site-packages/airflow/example_dags/example_setup_teardown_taskflow.py
[2023-08-16T23:38:30.358+0300] {processor.py:838} WARNING - No viable dags retrieved from /home/ylan/airflow/venv/lib/python3.9/site-packages/airflow/example_dags/example_setup_teardown_taskflow.py
[2023-08-16T23:38:30.659+0300] {processor.py:179} INFO - Processing /home/ylan/airflow/venv/lib/python3.9/site-packages/airflow/example_dags/example_setup_teardown_taskflow.py took 0.403 seconds
[2023-08-16T23:39:01.085+0300] {processor.py:157} INFO - Started process (PID=203844) to work on /home/ylan/airflow/venv/lib/python3.9/site-packages/airflow/example_dags/example_setup_teardown_taskflow.py
[2023-08-16T23:39:01.104+0300] {processor.py:826} INFO - Processing file /home/ylan/airflow/venv/lib/python3.9/site-packages/airflow/example_dags/example_setup_teardown_taskflow.py for tasks to queue
[2023-08-16T23:39:01.107+0300] {logging_mixin.py:150} INFO - [2023-08-16T23:39:01.106+0300] {dagbag.py:541} INFO - Filling up the DagBag from /home/ylan/airflow/venv/lib/python3.9/site-packages/airflow/example_dags/example_setup_teardown_taskflow.py
[2023-08-16T23:39:01.131+0300] {processor.py:838} WARNING - No viable dags retrieved from /home/ylan/airflow/venv/lib/python3.9/site-packages/airflow/example_dags/example_setup_teardown_taskflow.py
[2023-08-16T23:39:01.294+0300] {processor.py:179} INFO - Processing /home/ylan/airflow/venv/lib/python3.9/site-packages/airflow/example_dags/example_setup_teardown_taskflow.py took 0.249 seconds
[2023-08-16T23:39:34.501+0300] {processor.py:157} INFO - Started process (PID=204508) to work on /home/ylan/airflow/venv/lib/python3.9/site-packages/airflow/example_dags/example_setup_teardown_taskflow.py
[2023-08-16T23:39:34.505+0300] {processor.py:826} INFO - Processing file /home/ylan/airflow/venv/lib/python3.9/site-packages/airflow/example_dags/example_setup_teardown_taskflow.py for tasks to queue
[2023-08-16T23:39:34.507+0300] {logging_mixin.py:150} INFO - [2023-08-16T23:39:34.506+0300] {dagbag.py:541} INFO - Filling up the DagBag from /home/ylan/airflow/venv/lib/python3.9/site-packages/airflow/example_dags/example_setup_teardown_taskflow.py
[2023-08-16T23:39:34.516+0300] {processor.py:838} WARNING - No viable dags retrieved from /home/ylan/airflow/venv/lib/python3.9/site-packages/airflow/example_dags/example_setup_teardown_taskflow.py
[2023-08-16T23:39:34.626+0300] {processor.py:179} INFO - Processing /home/ylan/airflow/venv/lib/python3.9/site-packages/airflow/example_dags/example_setup_teardown_taskflow.py took 0.139 seconds
[2023-08-16T23:40:07.867+0300] {processor.py:157} INFO - Started process (PID=205134) to work on /home/ylan/airflow/venv/lib/python3.9/site-packages/airflow/example_dags/example_setup_teardown_taskflow.py
[2023-08-16T23:40:07.888+0300] {processor.py:826} INFO - Processing file /home/ylan/airflow/venv/lib/python3.9/site-packages/airflow/example_dags/example_setup_teardown_taskflow.py for tasks to queue
[2023-08-16T23:40:07.891+0300] {logging_mixin.py:150} INFO - [2023-08-16T23:40:07.890+0300] {dagbag.py:541} INFO - Filling up the DagBag from /home/ylan/airflow/venv/lib/python3.9/site-packages/airflow/example_dags/example_setup_teardown_taskflow.py
[2023-08-16T23:40:07.921+0300] {processor.py:838} WARNING - No viable dags retrieved from /home/ylan/airflow/venv/lib/python3.9/site-packages/airflow/example_dags/example_setup_teardown_taskflow.py
[2023-08-16T23:40:08.125+0300] {processor.py:179} INFO - Processing /home/ylan/airflow/venv/lib/python3.9/site-packages/airflow/example_dags/example_setup_teardown_taskflow.py took 0.287 seconds
[2023-08-16T23:40:40.127+0300] {processor.py:157} INFO - Started process (PID=205555) to work on /home/ylan/airflow/venv/lib/python3.9/site-packages/airflow/example_dags/example_setup_teardown_taskflow.py
[2023-08-16T23:40:40.144+0300] {processor.py:826} INFO - Processing file /home/ylan/airflow/venv/lib/python3.9/site-packages/airflow/example_dags/example_setup_teardown_taskflow.py for tasks to queue
[2023-08-16T23:40:40.147+0300] {logging_mixin.py:150} INFO - [2023-08-16T23:40:40.146+0300] {dagbag.py:541} INFO - Filling up the DagBag from /home/ylan/airflow/venv/lib/python3.9/site-packages/airflow/example_dags/example_setup_teardown_taskflow.py
[2023-08-16T23:40:40.156+0300] {processor.py:838} WARNING - No viable dags retrieved from /home/ylan/airflow/venv/lib/python3.9/site-packages/airflow/example_dags/example_setup_teardown_taskflow.py
[2023-08-16T23:40:40.225+0300] {processor.py:179} INFO - Processing /home/ylan/airflow/venv/lib/python3.9/site-packages/airflow/example_dags/example_setup_teardown_taskflow.py took 0.110 seconds
[2023-08-16T23:41:15.025+0300] {processor.py:157} INFO - Started process (PID=206190) to work on /home/ylan/airflow/venv/lib/python3.9/site-packages/airflow/example_dags/example_setup_teardown_taskflow.py
[2023-08-16T23:41:15.058+0300] {processor.py:826} INFO - Processing file /home/ylan/airflow/venv/lib/python3.9/site-packages/airflow/example_dags/example_setup_teardown_taskflow.py for tasks to queue
[2023-08-16T23:41:15.063+0300] {logging_mixin.py:150} INFO - [2023-08-16T23:41:15.061+0300] {dagbag.py:541} INFO - Filling up the DagBag from /home/ylan/airflow/venv/lib/python3.9/site-packages/airflow/example_dags/example_setup_teardown_taskflow.py
[2023-08-16T23:41:15.088+0300] {processor.py:838} WARNING - No viable dags retrieved from /home/ylan/airflow/venv/lib/python3.9/site-packages/airflow/example_dags/example_setup_teardown_taskflow.py
[2023-08-16T23:41:15.437+0300] {processor.py:179} INFO - Processing /home/ylan/airflow/venv/lib/python3.9/site-packages/airflow/example_dags/example_setup_teardown_taskflow.py took 0.463 seconds
[2023-08-16T23:41:46.326+0300] {processor.py:157} INFO - Started process (PID=206587) to work on /home/ylan/airflow/venv/lib/python3.9/site-packages/airflow/example_dags/example_setup_teardown_taskflow.py
[2023-08-16T23:41:46.329+0300] {processor.py:826} INFO - Processing file /home/ylan/airflow/venv/lib/python3.9/site-packages/airflow/example_dags/example_setup_teardown_taskflow.py for tasks to queue
[2023-08-16T23:41:46.344+0300] {logging_mixin.py:150} INFO - [2023-08-16T23:41:46.331+0300] {dagbag.py:541} INFO - Filling up the DagBag from /home/ylan/airflow/venv/lib/python3.9/site-packages/airflow/example_dags/example_setup_teardown_taskflow.py
[2023-08-16T23:41:46.359+0300] {processor.py:838} WARNING - No viable dags retrieved from /home/ylan/airflow/venv/lib/python3.9/site-packages/airflow/example_dags/example_setup_teardown_taskflow.py
[2023-08-16T23:41:46.523+0300] {processor.py:179} INFO - Processing /home/ylan/airflow/venv/lib/python3.9/site-packages/airflow/example_dags/example_setup_teardown_taskflow.py took 0.240 seconds
[2023-08-16T23:42:18.707+0300] {processor.py:157} INFO - Started process (PID=207192) to work on /home/ylan/airflow/venv/lib/python3.9/site-packages/airflow/example_dags/example_setup_teardown_taskflow.py
[2023-08-16T23:42:18.722+0300] {processor.py:826} INFO - Processing file /home/ylan/airflow/venv/lib/python3.9/site-packages/airflow/example_dags/example_setup_teardown_taskflow.py for tasks to queue
[2023-08-16T23:42:18.726+0300] {logging_mixin.py:150} INFO - [2023-08-16T23:42:18.725+0300] {dagbag.py:541} INFO - Filling up the DagBag from /home/ylan/airflow/venv/lib/python3.9/site-packages/airflow/example_dags/example_setup_teardown_taskflow.py
[2023-08-16T23:42:18.750+0300] {processor.py:838} WARNING - No viable dags retrieved from /home/ylan/airflow/venv/lib/python3.9/site-packages/airflow/example_dags/example_setup_teardown_taskflow.py
[2023-08-16T23:42:18.858+0300] {processor.py:179} INFO - Processing /home/ylan/airflow/venv/lib/python3.9/site-packages/airflow/example_dags/example_setup_teardown_taskflow.py took 0.171 seconds
[2023-08-16T23:42:49.003+0300] {processor.py:157} INFO - Started process (PID=207594) to work on /home/ylan/airflow/venv/lib/python3.9/site-packages/airflow/example_dags/example_setup_teardown_taskflow.py
[2023-08-16T23:42:49.007+0300] {processor.py:826} INFO - Processing file /home/ylan/airflow/venv/lib/python3.9/site-packages/airflow/example_dags/example_setup_teardown_taskflow.py for tasks to queue
[2023-08-16T23:42:49.010+0300] {logging_mixin.py:150} INFO - [2023-08-16T23:42:49.009+0300] {dagbag.py:541} INFO - Filling up the DagBag from /home/ylan/airflow/venv/lib/python3.9/site-packages/airflow/example_dags/example_setup_teardown_taskflow.py
[2023-08-16T23:42:49.023+0300] {processor.py:838} WARNING - No viable dags retrieved from /home/ylan/airflow/venv/lib/python3.9/site-packages/airflow/example_dags/example_setup_teardown_taskflow.py
[2023-08-16T23:42:49.124+0300] {processor.py:179} INFO - Processing /home/ylan/airflow/venv/lib/python3.9/site-packages/airflow/example_dags/example_setup_teardown_taskflow.py took 0.135 seconds
[2023-08-16T23:43:21.427+0300] {processor.py:157} INFO - Started process (PID=208182) to work on /home/ylan/airflow/venv/lib/python3.9/site-packages/airflow/example_dags/example_setup_teardown_taskflow.py
[2023-08-16T23:43:21.437+0300] {processor.py:826} INFO - Processing file /home/ylan/airflow/venv/lib/python3.9/site-packages/airflow/example_dags/example_setup_teardown_taskflow.py for tasks to queue
[2023-08-16T23:43:21.440+0300] {logging_mixin.py:150} INFO - [2023-08-16T23:43:21.439+0300] {dagbag.py:541} INFO - Filling up the DagBag from /home/ylan/airflow/venv/lib/python3.9/site-packages/airflow/example_dags/example_setup_teardown_taskflow.py
[2023-08-16T23:43:21.447+0300] {processor.py:838} WARNING - No viable dags retrieved from /home/ylan/airflow/venv/lib/python3.9/site-packages/airflow/example_dags/example_setup_teardown_taskflow.py
[2023-08-16T23:43:21.577+0300] {processor.py:179} INFO - Processing /home/ylan/airflow/venv/lib/python3.9/site-packages/airflow/example_dags/example_setup_teardown_taskflow.py took 0.163 seconds
[2023-08-16T23:43:53.250+0300] {processor.py:157} INFO - Started process (PID=208588) to work on /home/ylan/airflow/venv/lib/python3.9/site-packages/airflow/example_dags/example_setup_teardown_taskflow.py
[2023-08-16T23:43:53.253+0300] {processor.py:826} INFO - Processing file /home/ylan/airflow/venv/lib/python3.9/site-packages/airflow/example_dags/example_setup_teardown_taskflow.py for tasks to queue
[2023-08-16T23:43:53.255+0300] {logging_mixin.py:150} INFO - [2023-08-16T23:43:53.254+0300] {dagbag.py:541} INFO - Filling up the DagBag from /home/ylan/airflow/venv/lib/python3.9/site-packages/airflow/example_dags/example_setup_teardown_taskflow.py
[2023-08-16T23:43:53.263+0300] {processor.py:838} WARNING - No viable dags retrieved from /home/ylan/airflow/venv/lib/python3.9/site-packages/airflow/example_dags/example_setup_teardown_taskflow.py
[2023-08-16T23:43:53.425+0300] {processor.py:179} INFO - Processing /home/ylan/airflow/venv/lib/python3.9/site-packages/airflow/example_dags/example_setup_teardown_taskflow.py took 0.262 seconds
[2023-08-16T23:44:25.961+0300] {processor.py:157} INFO - Started process (PID=209161) to work on /home/ylan/airflow/venv/lib/python3.9/site-packages/airflow/example_dags/example_setup_teardown_taskflow.py
[2023-08-16T23:44:25.969+0300] {processor.py:826} INFO - Processing file /home/ylan/airflow/venv/lib/python3.9/site-packages/airflow/example_dags/example_setup_teardown_taskflow.py for tasks to queue
[2023-08-16T23:44:25.972+0300] {logging_mixin.py:150} INFO - [2023-08-16T23:44:25.971+0300] {dagbag.py:541} INFO - Filling up the DagBag from /home/ylan/airflow/venv/lib/python3.9/site-packages/airflow/example_dags/example_setup_teardown_taskflow.py
[2023-08-16T23:44:25.992+0300] {processor.py:838} WARNING - No viable dags retrieved from /home/ylan/airflow/venv/lib/python3.9/site-packages/airflow/example_dags/example_setup_teardown_taskflow.py
[2023-08-16T23:44:26.306+0300] {processor.py:179} INFO - Processing /home/ylan/airflow/venv/lib/python3.9/site-packages/airflow/example_dags/example_setup_teardown_taskflow.py took 0.384 seconds
[2023-08-16T23:45:00.222+0300] {processor.py:157} INFO - Started process (PID=209602) to work on /home/ylan/airflow/venv/lib/python3.9/site-packages/airflow/example_dags/example_setup_teardown_taskflow.py
[2023-08-16T23:45:00.246+0300] {processor.py:826} INFO - Processing file /home/ylan/airflow/venv/lib/python3.9/site-packages/airflow/example_dags/example_setup_teardown_taskflow.py for tasks to queue
[2023-08-16T23:45:00.249+0300] {logging_mixin.py:150} INFO - [2023-08-16T23:45:00.248+0300] {dagbag.py:541} INFO - Filling up the DagBag from /home/ylan/airflow/venv/lib/python3.9/site-packages/airflow/example_dags/example_setup_teardown_taskflow.py
[2023-08-16T23:45:00.273+0300] {processor.py:838} WARNING - No viable dags retrieved from /home/ylan/airflow/venv/lib/python3.9/site-packages/airflow/example_dags/example_setup_teardown_taskflow.py
[2023-08-16T23:45:00.478+0300] {processor.py:179} INFO - Processing /home/ylan/airflow/venv/lib/python3.9/site-packages/airflow/example_dags/example_setup_teardown_taskflow.py took 0.306 seconds
[2023-08-16T23:45:31.142+0300] {processor.py:157} INFO - Started process (PID=210171) to work on /home/ylan/airflow/venv/lib/python3.9/site-packages/airflow/example_dags/example_setup_teardown_taskflow.py
[2023-08-16T23:45:31.301+0300] {processor.py:826} INFO - Processing file /home/ylan/airflow/venv/lib/python3.9/site-packages/airflow/example_dags/example_setup_teardown_taskflow.py for tasks to queue
[2023-08-16T23:45:31.304+0300] {logging_mixin.py:150} INFO - [2023-08-16T23:45:31.303+0300] {dagbag.py:541} INFO - Filling up the DagBag from /home/ylan/airflow/venv/lib/python3.9/site-packages/airflow/example_dags/example_setup_teardown_taskflow.py
[2023-08-16T23:45:31.328+0300] {processor.py:838} WARNING - No viable dags retrieved from /home/ylan/airflow/venv/lib/python3.9/site-packages/airflow/example_dags/example_setup_teardown_taskflow.py
[2023-08-16T23:45:31.663+0300] {processor.py:179} INFO - Processing /home/ylan/airflow/venv/lib/python3.9/site-packages/airflow/example_dags/example_setup_teardown_taskflow.py took 0.563 seconds
[2023-08-16T23:46:02.004+0300] {processor.py:157} INFO - Started process (PID=210706) to work on /home/ylan/airflow/venv/lib/python3.9/site-packages/airflow/example_dags/example_setup_teardown_taskflow.py
[2023-08-16T23:46:02.018+0300] {processor.py:826} INFO - Processing file /home/ylan/airflow/venv/lib/python3.9/site-packages/airflow/example_dags/example_setup_teardown_taskflow.py for tasks to queue
[2023-08-16T23:46:02.021+0300] {logging_mixin.py:150} INFO - [2023-08-16T23:46:02.020+0300] {dagbag.py:541} INFO - Filling up the DagBag from /home/ylan/airflow/venv/lib/python3.9/site-packages/airflow/example_dags/example_setup_teardown_taskflow.py
[2023-08-16T23:46:02.055+0300] {processor.py:838} WARNING - No viable dags retrieved from /home/ylan/airflow/venv/lib/python3.9/site-packages/airflow/example_dags/example_setup_teardown_taskflow.py
[2023-08-16T23:46:02.242+0300] {processor.py:179} INFO - Processing /home/ylan/airflow/venv/lib/python3.9/site-packages/airflow/example_dags/example_setup_teardown_taskflow.py took 0.256 seconds
[2023-08-16T23:46:32.842+0300] {processor.py:157} INFO - Started process (PID=211123) to work on /home/ylan/airflow/venv/lib/python3.9/site-packages/airflow/example_dags/example_setup_teardown_taskflow.py
[2023-08-16T23:46:32.854+0300] {processor.py:826} INFO - Processing file /home/ylan/airflow/venv/lib/python3.9/site-packages/airflow/example_dags/example_setup_teardown_taskflow.py for tasks to queue
[2023-08-16T23:46:32.857+0300] {logging_mixin.py:150} INFO - [2023-08-16T23:46:32.856+0300] {dagbag.py:541} INFO - Filling up the DagBag from /home/ylan/airflow/venv/lib/python3.9/site-packages/airflow/example_dags/example_setup_teardown_taskflow.py
[2023-08-16T23:46:32.871+0300] {processor.py:838} WARNING - No viable dags retrieved from /home/ylan/airflow/venv/lib/python3.9/site-packages/airflow/example_dags/example_setup_teardown_taskflow.py
[2023-08-16T23:46:32.998+0300] {processor.py:179} INFO - Processing /home/ylan/airflow/venv/lib/python3.9/site-packages/airflow/example_dags/example_setup_teardown_taskflow.py took 0.190 seconds
[2023-08-16T23:47:08.834+0300] {processor.py:157} INFO - Started process (PID=211753) to work on /home/ylan/airflow/venv/lib/python3.9/site-packages/airflow/example_dags/example_setup_teardown_taskflow.py
[2023-08-16T23:47:08.845+0300] {processor.py:826} INFO - Processing file /home/ylan/airflow/venv/lib/python3.9/site-packages/airflow/example_dags/example_setup_teardown_taskflow.py for tasks to queue
[2023-08-16T23:47:08.851+0300] {logging_mixin.py:150} INFO - [2023-08-16T23:47:08.850+0300] {dagbag.py:541} INFO - Filling up the DagBag from /home/ylan/airflow/venv/lib/python3.9/site-packages/airflow/example_dags/example_setup_teardown_taskflow.py
[2023-08-16T23:47:08.878+0300] {processor.py:838} WARNING - No viable dags retrieved from /home/ylan/airflow/venv/lib/python3.9/site-packages/airflow/example_dags/example_setup_teardown_taskflow.py
[2023-08-16T23:47:09.087+0300] {processor.py:179} INFO - Processing /home/ylan/airflow/venv/lib/python3.9/site-packages/airflow/example_dags/example_setup_teardown_taskflow.py took 0.286 seconds
[2023-08-16T23:47:40.892+0300] {processor.py:157} INFO - Started process (PID=212181) to work on /home/ylan/airflow/venv/lib/python3.9/site-packages/airflow/example_dags/example_setup_teardown_taskflow.py
[2023-08-16T23:47:40.896+0300] {processor.py:826} INFO - Processing file /home/ylan/airflow/venv/lib/python3.9/site-packages/airflow/example_dags/example_setup_teardown_taskflow.py for tasks to queue
[2023-08-16T23:47:40.899+0300] {logging_mixin.py:150} INFO - [2023-08-16T23:47:40.898+0300] {dagbag.py:541} INFO - Filling up the DagBag from /home/ylan/airflow/venv/lib/python3.9/site-packages/airflow/example_dags/example_setup_teardown_taskflow.py
[2023-08-16T23:47:40.909+0300] {processor.py:838} WARNING - No viable dags retrieved from /home/ylan/airflow/venv/lib/python3.9/site-packages/airflow/example_dags/example_setup_teardown_taskflow.py
[2023-08-16T23:47:41.039+0300] {processor.py:179} INFO - Processing /home/ylan/airflow/venv/lib/python3.9/site-packages/airflow/example_dags/example_setup_teardown_taskflow.py took 0.161 seconds
[2023-08-16T23:48:12.941+0300] {processor.py:157} INFO - Started process (PID=212651) to work on /home/ylan/airflow/venv/lib/python3.9/site-packages/airflow/example_dags/example_setup_teardown_taskflow.py
[2023-08-16T23:48:12.986+0300] {processor.py:826} INFO - Processing file /home/ylan/airflow/venv/lib/python3.9/site-packages/airflow/example_dags/example_setup_teardown_taskflow.py for tasks to queue
[2023-08-16T23:48:12.994+0300] {logging_mixin.py:150} INFO - [2023-08-16T23:48:12.993+0300] {dagbag.py:541} INFO - Filling up the DagBag from /home/ylan/airflow/venv/lib/python3.9/site-packages/airflow/example_dags/example_setup_teardown_taskflow.py
[2023-08-16T23:48:13.018+0300] {processor.py:838} WARNING - No viable dags retrieved from /home/ylan/airflow/venv/lib/python3.9/site-packages/airflow/example_dags/example_setup_teardown_taskflow.py
[2023-08-16T23:48:13.133+0300] {processor.py:179} INFO - Processing /home/ylan/airflow/venv/lib/python3.9/site-packages/airflow/example_dags/example_setup_teardown_taskflow.py took 0.234 seconds
[2023-08-16T23:48:45.731+0300] {processor.py:157} INFO - Started process (PID=213181) to work on /home/ylan/airflow/venv/lib/python3.9/site-packages/airflow/example_dags/example_setup_teardown_taskflow.py
[2023-08-16T23:48:45.734+0300] {processor.py:826} INFO - Processing file /home/ylan/airflow/venv/lib/python3.9/site-packages/airflow/example_dags/example_setup_teardown_taskflow.py for tasks to queue
[2023-08-16T23:48:45.737+0300] {logging_mixin.py:150} INFO - [2023-08-16T23:48:45.736+0300] {dagbag.py:541} INFO - Filling up the DagBag from /home/ylan/airflow/venv/lib/python3.9/site-packages/airflow/example_dags/example_setup_teardown_taskflow.py
[2023-08-16T23:48:45.747+0300] {processor.py:838} WARNING - No viable dags retrieved from /home/ylan/airflow/venv/lib/python3.9/site-packages/airflow/example_dags/example_setup_teardown_taskflow.py
[2023-08-16T23:48:45.892+0300] {processor.py:179} INFO - Processing /home/ylan/airflow/venv/lib/python3.9/site-packages/airflow/example_dags/example_setup_teardown_taskflow.py took 0.177 seconds
[2023-08-16T23:49:17.080+0300] {processor.py:157} INFO - Started process (PID=213765) to work on /home/ylan/airflow/venv/lib/python3.9/site-packages/airflow/example_dags/example_setup_teardown_taskflow.py
[2023-08-16T23:49:17.093+0300] {processor.py:826} INFO - Processing file /home/ylan/airflow/venv/lib/python3.9/site-packages/airflow/example_dags/example_setup_teardown_taskflow.py for tasks to queue
[2023-08-16T23:49:17.096+0300] {logging_mixin.py:150} INFO - [2023-08-16T23:49:17.095+0300] {dagbag.py:541} INFO - Filling up the DagBag from /home/ylan/airflow/venv/lib/python3.9/site-packages/airflow/example_dags/example_setup_teardown_taskflow.py
[2023-08-16T23:49:17.106+0300] {processor.py:838} WARNING - No viable dags retrieved from /home/ylan/airflow/venv/lib/python3.9/site-packages/airflow/example_dags/example_setup_teardown_taskflow.py
[2023-08-16T23:49:17.268+0300] {processor.py:179} INFO - Processing /home/ylan/airflow/venv/lib/python3.9/site-packages/airflow/example_dags/example_setup_teardown_taskflow.py took 0.225 seconds
[2023-08-16T23:49:47.815+0300] {processor.py:157} INFO - Started process (PID=214180) to work on /home/ylan/airflow/venv/lib/python3.9/site-packages/airflow/example_dags/example_setup_teardown_taskflow.py
[2023-08-16T23:49:47.821+0300] {processor.py:826} INFO - Processing file /home/ylan/airflow/venv/lib/python3.9/site-packages/airflow/example_dags/example_setup_teardown_taskflow.py for tasks to queue
[2023-08-16T23:49:47.825+0300] {logging_mixin.py:150} INFO - [2023-08-16T23:49:47.823+0300] {dagbag.py:541} INFO - Filling up the DagBag from /home/ylan/airflow/venv/lib/python3.9/site-packages/airflow/example_dags/example_setup_teardown_taskflow.py
[2023-08-16T23:49:47.849+0300] {processor.py:838} WARNING - No viable dags retrieved from /home/ylan/airflow/venv/lib/python3.9/site-packages/airflow/example_dags/example_setup_teardown_taskflow.py
[2023-08-16T23:49:48.045+0300] {processor.py:179} INFO - Processing /home/ylan/airflow/venv/lib/python3.9/site-packages/airflow/example_dags/example_setup_teardown_taskflow.py took 0.263 seconds
[2023-08-16T23:50:19.247+0300] {processor.py:157} INFO - Started process (PID=214751) to work on /home/ylan/airflow/venv/lib/python3.9/site-packages/airflow/example_dags/example_setup_teardown_taskflow.py
[2023-08-16T23:50:19.259+0300] {processor.py:826} INFO - Processing file /home/ylan/airflow/venv/lib/python3.9/site-packages/airflow/example_dags/example_setup_teardown_taskflow.py for tasks to queue
[2023-08-16T23:50:19.262+0300] {logging_mixin.py:150} INFO - [2023-08-16T23:50:19.261+0300] {dagbag.py:541} INFO - Filling up the DagBag from /home/ylan/airflow/venv/lib/python3.9/site-packages/airflow/example_dags/example_setup_teardown_taskflow.py
[2023-08-16T23:50:19.279+0300] {processor.py:838} WARNING - No viable dags retrieved from /home/ylan/airflow/venv/lib/python3.9/site-packages/airflow/example_dags/example_setup_teardown_taskflow.py
[2023-08-16T23:50:19.498+0300] {processor.py:179} INFO - Processing /home/ylan/airflow/venv/lib/python3.9/site-packages/airflow/example_dags/example_setup_teardown_taskflow.py took 0.293 seconds
[2023-08-16T23:50:51.220+0300] {processor.py:157} INFO - Started process (PID=215161) to work on /home/ylan/airflow/venv/lib/python3.9/site-packages/airflow/example_dags/example_setup_teardown_taskflow.py
[2023-08-16T23:50:51.223+0300] {processor.py:826} INFO - Processing file /home/ylan/airflow/venv/lib/python3.9/site-packages/airflow/example_dags/example_setup_teardown_taskflow.py for tasks to queue
[2023-08-16T23:50:51.227+0300] {logging_mixin.py:150} INFO - [2023-08-16T23:50:51.226+0300] {dagbag.py:541} INFO - Filling up the DagBag from /home/ylan/airflow/venv/lib/python3.9/site-packages/airflow/example_dags/example_setup_teardown_taskflow.py
[2023-08-16T23:50:51.236+0300] {processor.py:838} WARNING - No viable dags retrieved from /home/ylan/airflow/venv/lib/python3.9/site-packages/airflow/example_dags/example_setup_teardown_taskflow.py
[2023-08-16T23:50:51.315+0300] {processor.py:179} INFO - Processing /home/ylan/airflow/venv/lib/python3.9/site-packages/airflow/example_dags/example_setup_teardown_taskflow.py took 0.110 seconds
[2023-08-16T23:51:23.358+0300] {processor.py:157} INFO - Started process (PID=215733) to work on /home/ylan/airflow/venv/lib/python3.9/site-packages/airflow/example_dags/example_setup_teardown_taskflow.py
[2023-08-16T23:51:23.367+0300] {processor.py:826} INFO - Processing file /home/ylan/airflow/venv/lib/python3.9/site-packages/airflow/example_dags/example_setup_teardown_taskflow.py for tasks to queue
[2023-08-16T23:51:23.370+0300] {logging_mixin.py:150} INFO - [2023-08-16T23:51:23.369+0300] {dagbag.py:541} INFO - Filling up the DagBag from /home/ylan/airflow/venv/lib/python3.9/site-packages/airflow/example_dags/example_setup_teardown_taskflow.py
[2023-08-16T23:51:23.381+0300] {processor.py:838} WARNING - No viable dags retrieved from /home/ylan/airflow/venv/lib/python3.9/site-packages/airflow/example_dags/example_setup_teardown_taskflow.py
[2023-08-16T23:51:23.658+0300] {processor.py:179} INFO - Processing /home/ylan/airflow/venv/lib/python3.9/site-packages/airflow/example_dags/example_setup_teardown_taskflow.py took 0.323 seconds
[2023-08-16T23:51:54.824+0300] {processor.py:157} INFO - Started process (PID=216170) to work on /home/ylan/airflow/venv/lib/python3.9/site-packages/airflow/example_dags/example_setup_teardown_taskflow.py
[2023-08-16T23:51:54.827+0300] {processor.py:826} INFO - Processing file /home/ylan/airflow/venv/lib/python3.9/site-packages/airflow/example_dags/example_setup_teardown_taskflow.py for tasks to queue
[2023-08-16T23:51:54.831+0300] {logging_mixin.py:150} INFO - [2023-08-16T23:51:54.829+0300] {dagbag.py:541} INFO - Filling up the DagBag from /home/ylan/airflow/venv/lib/python3.9/site-packages/airflow/example_dags/example_setup_teardown_taskflow.py
[2023-08-16T23:51:54.841+0300] {processor.py:838} WARNING - No viable dags retrieved from /home/ylan/airflow/venv/lib/python3.9/site-packages/airflow/example_dags/example_setup_teardown_taskflow.py
[2023-08-16T23:51:54.958+0300] {processor.py:179} INFO - Processing /home/ylan/airflow/venv/lib/python3.9/site-packages/airflow/example_dags/example_setup_teardown_taskflow.py took 0.151 seconds
[2023-08-16T23:52:26.699+0300] {processor.py:157} INFO - Started process (PID=216742) to work on /home/ylan/airflow/venv/lib/python3.9/site-packages/airflow/example_dags/example_setup_teardown_taskflow.py
[2023-08-16T23:52:26.710+0300] {processor.py:826} INFO - Processing file /home/ylan/airflow/venv/lib/python3.9/site-packages/airflow/example_dags/example_setup_teardown_taskflow.py for tasks to queue
[2023-08-16T23:52:26.714+0300] {logging_mixin.py:150} INFO - [2023-08-16T23:52:26.712+0300] {dagbag.py:541} INFO - Filling up the DagBag from /home/ylan/airflow/venv/lib/python3.9/site-packages/airflow/example_dags/example_setup_teardown_taskflow.py
[2023-08-16T23:52:26.727+0300] {processor.py:838} WARNING - No viable dags retrieved from /home/ylan/airflow/venv/lib/python3.9/site-packages/airflow/example_dags/example_setup_teardown_taskflow.py
[2023-08-16T23:52:26.915+0300] {processor.py:179} INFO - Processing /home/ylan/airflow/venv/lib/python3.9/site-packages/airflow/example_dags/example_setup_teardown_taskflow.py took 0.233 seconds
[2023-08-16T23:53:00.328+0300] {processor.py:157} INFO - Started process (PID=217346) to work on /home/ylan/airflow/venv/lib/python3.9/site-packages/airflow/example_dags/example_setup_teardown_taskflow.py
[2023-08-16T23:53:00.343+0300] {processor.py:826} INFO - Processing file /home/ylan/airflow/venv/lib/python3.9/site-packages/airflow/example_dags/example_setup_teardown_taskflow.py for tasks to queue
[2023-08-16T23:53:00.354+0300] {logging_mixin.py:150} INFO - [2023-08-16T23:53:00.345+0300] {dagbag.py:541} INFO - Filling up the DagBag from /home/ylan/airflow/venv/lib/python3.9/site-packages/airflow/example_dags/example_setup_teardown_taskflow.py
[2023-08-16T23:53:00.376+0300] {processor.py:838} WARNING - No viable dags retrieved from /home/ylan/airflow/venv/lib/python3.9/site-packages/airflow/example_dags/example_setup_teardown_taskflow.py
[2023-08-16T23:53:00.587+0300] {processor.py:179} INFO - Processing /home/ylan/airflow/venv/lib/python3.9/site-packages/airflow/example_dags/example_setup_teardown_taskflow.py took 0.276 seconds
[2023-08-16T23:53:30.882+0300] {processor.py:157} INFO - Started process (PID=217780) to work on /home/ylan/airflow/venv/lib/python3.9/site-packages/airflow/example_dags/example_setup_teardown_taskflow.py
[2023-08-16T23:53:30.886+0300] {processor.py:826} INFO - Processing file /home/ylan/airflow/venv/lib/python3.9/site-packages/airflow/example_dags/example_setup_teardown_taskflow.py for tasks to queue
[2023-08-16T23:53:30.889+0300] {logging_mixin.py:150} INFO - [2023-08-16T23:53:30.888+0300] {dagbag.py:541} INFO - Filling up the DagBag from /home/ylan/airflow/venv/lib/python3.9/site-packages/airflow/example_dags/example_setup_teardown_taskflow.py
[2023-08-16T23:53:30.903+0300] {processor.py:838} WARNING - No viable dags retrieved from /home/ylan/airflow/venv/lib/python3.9/site-packages/airflow/example_dags/example_setup_teardown_taskflow.py
[2023-08-16T23:53:31.075+0300] {processor.py:179} INFO - Processing /home/ylan/airflow/venv/lib/python3.9/site-packages/airflow/example_dags/example_setup_teardown_taskflow.py took 0.224 seconds
[2023-08-16T23:54:01.361+0300] {processor.py:157} INFO - Started process (PID=218151) to work on /home/ylan/airflow/venv/lib/python3.9/site-packages/airflow/example_dags/example_setup_teardown_taskflow.py
[2023-08-16T23:54:01.373+0300] {processor.py:826} INFO - Processing file /home/ylan/airflow/venv/lib/python3.9/site-packages/airflow/example_dags/example_setup_teardown_taskflow.py for tasks to queue
[2023-08-16T23:54:01.376+0300] {logging_mixin.py:150} INFO - [2023-08-16T23:54:01.375+0300] {dagbag.py:541} INFO - Filling up the DagBag from /home/ylan/airflow/venv/lib/python3.9/site-packages/airflow/example_dags/example_setup_teardown_taskflow.py
[2023-08-16T23:54:01.387+0300] {processor.py:838} WARNING - No viable dags retrieved from /home/ylan/airflow/venv/lib/python3.9/site-packages/airflow/example_dags/example_setup_teardown_taskflow.py
[2023-08-16T23:54:01.481+0300] {processor.py:179} INFO - Processing /home/ylan/airflow/venv/lib/python3.9/site-packages/airflow/example_dags/example_setup_teardown_taskflow.py took 0.137 seconds
[2023-08-16T23:54:32.317+0300] {processor.py:157} INFO - Started process (PID=218734) to work on /home/ylan/airflow/venv/lib/python3.9/site-packages/airflow/example_dags/example_setup_teardown_taskflow.py
[2023-08-16T23:54:32.328+0300] {processor.py:826} INFO - Processing file /home/ylan/airflow/venv/lib/python3.9/site-packages/airflow/example_dags/example_setup_teardown_taskflow.py for tasks to queue
[2023-08-16T23:54:32.332+0300] {logging_mixin.py:150} INFO - [2023-08-16T23:54:32.331+0300] {dagbag.py:541} INFO - Filling up the DagBag from /home/ylan/airflow/venv/lib/python3.9/site-packages/airflow/example_dags/example_setup_teardown_taskflow.py
[2023-08-16T23:54:32.342+0300] {processor.py:838} WARNING - No viable dags retrieved from /home/ylan/airflow/venv/lib/python3.9/site-packages/airflow/example_dags/example_setup_teardown_taskflow.py
[2023-08-16T23:54:32.454+0300] {processor.py:179} INFO - Processing /home/ylan/airflow/venv/lib/python3.9/site-packages/airflow/example_dags/example_setup_teardown_taskflow.py took 0.154 seconds
[2023-08-16T23:55:02.609+0300] {processor.py:157} INFO - Started process (PID=219150) to work on /home/ylan/airflow/venv/lib/python3.9/site-packages/airflow/example_dags/example_setup_teardown_taskflow.py
[2023-08-16T23:55:02.628+0300] {processor.py:826} INFO - Processing file /home/ylan/airflow/venv/lib/python3.9/site-packages/airflow/example_dags/example_setup_teardown_taskflow.py for tasks to queue
[2023-08-16T23:55:02.632+0300] {logging_mixin.py:150} INFO - [2023-08-16T23:55:02.630+0300] {dagbag.py:541} INFO - Filling up the DagBag from /home/ylan/airflow/venv/lib/python3.9/site-packages/airflow/example_dags/example_setup_teardown_taskflow.py
[2023-08-16T23:55:02.646+0300] {processor.py:838} WARNING - No viable dags retrieved from /home/ylan/airflow/venv/lib/python3.9/site-packages/airflow/example_dags/example_setup_teardown_taskflow.py
[2023-08-16T23:55:02.773+0300] {processor.py:179} INFO - Processing /home/ylan/airflow/venv/lib/python3.9/site-packages/airflow/example_dags/example_setup_teardown_taskflow.py took 0.192 seconds
[2023-08-16T23:55:33.183+0300] {processor.py:157} INFO - Started process (PID=219742) to work on /home/ylan/airflow/venv/lib/python3.9/site-packages/airflow/example_dags/example_setup_teardown_taskflow.py
[2023-08-16T23:55:33.194+0300] {processor.py:826} INFO - Processing file /home/ylan/airflow/venv/lib/python3.9/site-packages/airflow/example_dags/example_setup_teardown_taskflow.py for tasks to queue
[2023-08-16T23:55:33.197+0300] {logging_mixin.py:150} INFO - [2023-08-16T23:55:33.196+0300] {dagbag.py:541} INFO - Filling up the DagBag from /home/ylan/airflow/venv/lib/python3.9/site-packages/airflow/example_dags/example_setup_teardown_taskflow.py
[2023-08-16T23:55:33.214+0300] {processor.py:838} WARNING - No viable dags retrieved from /home/ylan/airflow/venv/lib/python3.9/site-packages/airflow/example_dags/example_setup_teardown_taskflow.py
[2023-08-16T23:55:33.322+0300] {processor.py:179} INFO - Processing /home/ylan/airflow/venv/lib/python3.9/site-packages/airflow/example_dags/example_setup_teardown_taskflow.py took 0.214 seconds
[2023-08-16T23:56:03.777+0300] {processor.py:157} INFO - Started process (PID=220305) to work on /home/ylan/airflow/venv/lib/python3.9/site-packages/airflow/example_dags/example_setup_teardown_taskflow.py
[2023-08-16T23:56:03.794+0300] {processor.py:826} INFO - Processing file /home/ylan/airflow/venv/lib/python3.9/site-packages/airflow/example_dags/example_setup_teardown_taskflow.py for tasks to queue
[2023-08-16T23:56:03.798+0300] {logging_mixin.py:150} INFO - [2023-08-16T23:56:03.797+0300] {dagbag.py:541} INFO - Filling up the DagBag from /home/ylan/airflow/venv/lib/python3.9/site-packages/airflow/example_dags/example_setup_teardown_taskflow.py
[2023-08-16T23:56:03.820+0300] {processor.py:838} WARNING - No viable dags retrieved from /home/ylan/airflow/venv/lib/python3.9/site-packages/airflow/example_dags/example_setup_teardown_taskflow.py
[2023-08-16T23:56:04.005+0300] {processor.py:179} INFO - Processing /home/ylan/airflow/venv/lib/python3.9/site-packages/airflow/example_dags/example_setup_teardown_taskflow.py took 0.247 seconds
[2023-08-16T23:56:34.828+0300] {processor.py:157} INFO - Started process (PID=220755) to work on /home/ylan/airflow/venv/lib/python3.9/site-packages/airflow/example_dags/example_setup_teardown_taskflow.py
[2023-08-16T23:56:34.830+0300] {processor.py:826} INFO - Processing file /home/ylan/airflow/venv/lib/python3.9/site-packages/airflow/example_dags/example_setup_teardown_taskflow.py for tasks to queue
[2023-08-16T23:56:34.833+0300] {logging_mixin.py:150} INFO - [2023-08-16T23:56:34.832+0300] {dagbag.py:541} INFO - Filling up the DagBag from /home/ylan/airflow/venv/lib/python3.9/site-packages/airflow/example_dags/example_setup_teardown_taskflow.py
[2023-08-16T23:56:34.840+0300] {processor.py:838} WARNING - No viable dags retrieved from /home/ylan/airflow/venv/lib/python3.9/site-packages/airflow/example_dags/example_setup_teardown_taskflow.py
[2023-08-16T23:56:35.003+0300] {processor.py:179} INFO - Processing /home/ylan/airflow/venv/lib/python3.9/site-packages/airflow/example_dags/example_setup_teardown_taskflow.py took 0.191 seconds
[2023-08-16T23:57:09.788+0300] {processor.py:157} INFO - Started process (PID=221212) to work on /home/ylan/airflow/venv/lib/python3.9/site-packages/airflow/example_dags/example_setup_teardown_taskflow.py
[2023-08-16T23:57:09.804+0300] {processor.py:826} INFO - Processing file /home/ylan/airflow/venv/lib/python3.9/site-packages/airflow/example_dags/example_setup_teardown_taskflow.py for tasks to queue
[2023-08-16T23:57:09.807+0300] {logging_mixin.py:150} INFO - [2023-08-16T23:57:09.806+0300] {dagbag.py:541} INFO - Filling up the DagBag from /home/ylan/airflow/venv/lib/python3.9/site-packages/airflow/example_dags/example_setup_teardown_taskflow.py
[2023-08-16T23:57:09.826+0300] {processor.py:838} WARNING - No viable dags retrieved from /home/ylan/airflow/venv/lib/python3.9/site-packages/airflow/example_dags/example_setup_teardown_taskflow.py
[2023-08-16T23:57:10.115+0300] {processor.py:179} INFO - Processing /home/ylan/airflow/venv/lib/python3.9/site-packages/airflow/example_dags/example_setup_teardown_taskflow.py took 0.374 seconds
[2023-08-16T23:57:41.242+0300] {processor.py:157} INFO - Started process (PID=221788) to work on /home/ylan/airflow/venv/lib/python3.9/site-packages/airflow/example_dags/example_setup_teardown_taskflow.py
[2023-08-16T23:57:41.350+0300] {processor.py:826} INFO - Processing file /home/ylan/airflow/venv/lib/python3.9/site-packages/airflow/example_dags/example_setup_teardown_taskflow.py for tasks to queue
[2023-08-16T23:57:41.367+0300] {logging_mixin.py:150} INFO - [2023-08-16T23:57:41.365+0300] {dagbag.py:541} INFO - Filling up the DagBag from /home/ylan/airflow/venv/lib/python3.9/site-packages/airflow/example_dags/example_setup_teardown_taskflow.py
[2023-08-16T23:57:41.396+0300] {processor.py:838} WARNING - No viable dags retrieved from /home/ylan/airflow/venv/lib/python3.9/site-packages/airflow/example_dags/example_setup_teardown_taskflow.py
[2023-08-16T23:57:41.549+0300] {processor.py:179} INFO - Processing /home/ylan/airflow/venv/lib/python3.9/site-packages/airflow/example_dags/example_setup_teardown_taskflow.py took 0.323 seconds
[2023-08-16T23:58:11.787+0300] {processor.py:157} INFO - Started process (PID=222393) to work on /home/ylan/airflow/venv/lib/python3.9/site-packages/airflow/example_dags/example_setup_teardown_taskflow.py
[2023-08-16T23:58:11.805+0300] {processor.py:826} INFO - Processing file /home/ylan/airflow/venv/lib/python3.9/site-packages/airflow/example_dags/example_setup_teardown_taskflow.py for tasks to queue
[2023-08-16T23:58:11.807+0300] {logging_mixin.py:150} INFO - [2023-08-16T23:58:11.806+0300] {dagbag.py:541} INFO - Filling up the DagBag from /home/ylan/airflow/venv/lib/python3.9/site-packages/airflow/example_dags/example_setup_teardown_taskflow.py
[2023-08-16T23:58:11.814+0300] {processor.py:838} WARNING - No viable dags retrieved from /home/ylan/airflow/venv/lib/python3.9/site-packages/airflow/example_dags/example_setup_teardown_taskflow.py
[2023-08-16T23:58:11.902+0300] {processor.py:179} INFO - Processing /home/ylan/airflow/venv/lib/python3.9/site-packages/airflow/example_dags/example_setup_teardown_taskflow.py took 0.133 seconds
[2023-08-16T23:58:51.696+0300] {processor.py:157} INFO - Started process (PID=223052) to work on /home/ylan/airflow/venv/lib/python3.9/site-packages/airflow/example_dags/example_setup_teardown_taskflow.py
[2023-08-16T23:58:51.701+0300] {processor.py:826} INFO - Processing file /home/ylan/airflow/venv/lib/python3.9/site-packages/airflow/example_dags/example_setup_teardown_taskflow.py for tasks to queue
[2023-08-16T23:58:51.704+0300] {logging_mixin.py:150} INFO - [2023-08-16T23:58:51.703+0300] {dagbag.py:541} INFO - Filling up the DagBag from /home/ylan/airflow/venv/lib/python3.9/site-packages/airflow/example_dags/example_setup_teardown_taskflow.py
[2023-08-16T23:58:51.714+0300] {processor.py:838} WARNING - No viable dags retrieved from /home/ylan/airflow/venv/lib/python3.9/site-packages/airflow/example_dags/example_setup_teardown_taskflow.py
[2023-08-16T23:58:51.831+0300] {processor.py:179} INFO - Processing /home/ylan/airflow/venv/lib/python3.9/site-packages/airflow/example_dags/example_setup_teardown_taskflow.py took 0.148 seconds
[2023-08-16T23:59:23.308+0300] {processor.py:157} INFO - Started process (PID=223499) to work on /home/ylan/airflow/venv/lib/python3.9/site-packages/airflow/example_dags/example_setup_teardown_taskflow.py
[2023-08-16T23:59:23.311+0300] {processor.py:826} INFO - Processing file /home/ylan/airflow/venv/lib/python3.9/site-packages/airflow/example_dags/example_setup_teardown_taskflow.py for tasks to queue
[2023-08-16T23:59:23.323+0300] {logging_mixin.py:150} INFO - [2023-08-16T23:59:23.321+0300] {dagbag.py:541} INFO - Filling up the DagBag from /home/ylan/airflow/venv/lib/python3.9/site-packages/airflow/example_dags/example_setup_teardown_taskflow.py
[2023-08-16T23:59:23.342+0300] {processor.py:838} WARNING - No viable dags retrieved from /home/ylan/airflow/venv/lib/python3.9/site-packages/airflow/example_dags/example_setup_teardown_taskflow.py
[2023-08-16T23:59:23.606+0300] {processor.py:179} INFO - Processing /home/ylan/airflow/venv/lib/python3.9/site-packages/airflow/example_dags/example_setup_teardown_taskflow.py took 0.348 seconds
[2023-08-17T00:00:01.127+0300] {processor.py:157} INFO - Started process (PID=223968) to work on /home/ylan/airflow/venv/lib/python3.9/site-packages/airflow/example_dags/example_setup_teardown_taskflow.py
[2023-08-17T00:00:01.153+0300] {processor.py:826} INFO - Processing file /home/ylan/airflow/venv/lib/python3.9/site-packages/airflow/example_dags/example_setup_teardown_taskflow.py for tasks to queue
[2023-08-17T00:00:01.162+0300] {logging_mixin.py:150} INFO - [2023-08-17T00:00:01.155+0300] {dagbag.py:541} INFO - Filling up the DagBag from /home/ylan/airflow/venv/lib/python3.9/site-packages/airflow/example_dags/example_setup_teardown_taskflow.py
[2023-08-17T00:00:01.174+0300] {processor.py:838} WARNING - No viable dags retrieved from /home/ylan/airflow/venv/lib/python3.9/site-packages/airflow/example_dags/example_setup_teardown_taskflow.py
[2023-08-17T00:00:01.646+0300] {processor.py:179} INFO - Processing /home/ylan/airflow/venv/lib/python3.9/site-packages/airflow/example_dags/example_setup_teardown_taskflow.py took 0.593 seconds
[2023-08-17T00:00:40.950+0300] {processor.py:157} INFO - Started process (PID=224697) to work on /home/ylan/airflow/venv/lib/python3.9/site-packages/airflow/example_dags/example_setup_teardown_taskflow.py
[2023-08-17T00:00:40.976+0300] {processor.py:826} INFO - Processing file /home/ylan/airflow/venv/lib/python3.9/site-packages/airflow/example_dags/example_setup_teardown_taskflow.py for tasks to queue
[2023-08-17T00:00:40.979+0300] {logging_mixin.py:150} INFO - [2023-08-17T00:00:40.978+0300] {dagbag.py:541} INFO - Filling up the DagBag from /home/ylan/airflow/venv/lib/python3.9/site-packages/airflow/example_dags/example_setup_teardown_taskflow.py
[2023-08-17T00:00:40.999+0300] {processor.py:838} WARNING - No viable dags retrieved from /home/ylan/airflow/venv/lib/python3.9/site-packages/airflow/example_dags/example_setup_teardown_taskflow.py
[2023-08-17T00:00:41.293+0300] {processor.py:179} INFO - Processing /home/ylan/airflow/venv/lib/python3.9/site-packages/airflow/example_dags/example_setup_teardown_taskflow.py took 0.382 seconds
[2023-08-17T00:01:12.544+0300] {processor.py:157} INFO - Started process (PID=225097) to work on /home/ylan/airflow/venv/lib/python3.9/site-packages/airflow/example_dags/example_setup_teardown_taskflow.py
[2023-08-17T00:01:12.547+0300] {processor.py:826} INFO - Processing file /home/ylan/airflow/venv/lib/python3.9/site-packages/airflow/example_dags/example_setup_teardown_taskflow.py for tasks to queue
[2023-08-17T00:01:12.550+0300] {logging_mixin.py:150} INFO - [2023-08-17T00:01:12.549+0300] {dagbag.py:541} INFO - Filling up the DagBag from /home/ylan/airflow/venv/lib/python3.9/site-packages/airflow/example_dags/example_setup_teardown_taskflow.py
[2023-08-17T00:01:12.558+0300] {processor.py:838} WARNING - No viable dags retrieved from /home/ylan/airflow/venv/lib/python3.9/site-packages/airflow/example_dags/example_setup_teardown_taskflow.py
[2023-08-17T00:01:12.965+0300] {processor.py:179} INFO - Processing /home/ylan/airflow/venv/lib/python3.9/site-packages/airflow/example_dags/example_setup_teardown_taskflow.py took 0.438 seconds
[2023-08-17T00:01:59.464+0300] {processor.py:157} INFO - Started process (PID=226013) to work on /home/ylan/airflow/venv/lib/python3.9/site-packages/airflow/example_dags/example_setup_teardown_taskflow.py
[2023-08-17T00:01:59.483+0300] {processor.py:826} INFO - Processing file /home/ylan/airflow/venv/lib/python3.9/site-packages/airflow/example_dags/example_setup_teardown_taskflow.py for tasks to queue
[2023-08-17T00:01:59.494+0300] {logging_mixin.py:150} INFO - [2023-08-17T00:01:59.493+0300] {dagbag.py:541} INFO - Filling up the DagBag from /home/ylan/airflow/venv/lib/python3.9/site-packages/airflow/example_dags/example_setup_teardown_taskflow.py
[2023-08-17T00:01:59.544+0300] {processor.py:838} WARNING - No viable dags retrieved from /home/ylan/airflow/venv/lib/python3.9/site-packages/airflow/example_dags/example_setup_teardown_taskflow.py
[2023-08-17T00:01:59.841+0300] {processor.py:179} INFO - Processing /home/ylan/airflow/venv/lib/python3.9/site-packages/airflow/example_dags/example_setup_teardown_taskflow.py took 0.448 seconds
[2023-08-17T00:02:41.304+0300] {processor.py:157} INFO - Started process (PID=226490) to work on /home/ylan/airflow/venv/lib/python3.9/site-packages/airflow/example_dags/example_setup_teardown_taskflow.py
[2023-08-17T00:02:41.317+0300] {processor.py:826} INFO - Processing file /home/ylan/airflow/venv/lib/python3.9/site-packages/airflow/example_dags/example_setup_teardown_taskflow.py for tasks to queue
[2023-08-17T00:02:41.320+0300] {logging_mixin.py:150} INFO - [2023-08-17T00:02:41.319+0300] {dagbag.py:541} INFO - Filling up the DagBag from /home/ylan/airflow/venv/lib/python3.9/site-packages/airflow/example_dags/example_setup_teardown_taskflow.py
[2023-08-17T00:02:41.341+0300] {processor.py:838} WARNING - No viable dags retrieved from /home/ylan/airflow/venv/lib/python3.9/site-packages/airflow/example_dags/example_setup_teardown_taskflow.py
[2023-08-17T00:02:41.641+0300] {processor.py:179} INFO - Processing /home/ylan/airflow/venv/lib/python3.9/site-packages/airflow/example_dags/example_setup_teardown_taskflow.py took 0.361 seconds
[2023-08-17T00:03:14.786+0300] {processor.py:157} INFO - Started process (PID=226914) to work on /home/ylan/airflow/venv/lib/python3.9/site-packages/airflow/example_dags/example_setup_teardown_taskflow.py
[2023-08-17T00:03:14.793+0300] {processor.py:826} INFO - Processing file /home/ylan/airflow/venv/lib/python3.9/site-packages/airflow/example_dags/example_setup_teardown_taskflow.py for tasks to queue
[2023-08-17T00:03:14.797+0300] {logging_mixin.py:150} INFO - [2023-08-17T00:03:14.795+0300] {dagbag.py:541} INFO - Filling up the DagBag from /home/ylan/airflow/venv/lib/python3.9/site-packages/airflow/example_dags/example_setup_teardown_taskflow.py
[2023-08-17T00:03:14.806+0300] {processor.py:838} WARNING - No viable dags retrieved from /home/ylan/airflow/venv/lib/python3.9/site-packages/airflow/example_dags/example_setup_teardown_taskflow.py
[2023-08-17T00:03:14.985+0300] {processor.py:179} INFO - Processing /home/ylan/airflow/venv/lib/python3.9/site-packages/airflow/example_dags/example_setup_teardown_taskflow.py took 0.231 seconds
[2023-08-17T00:03:50.570+0300] {processor.py:157} INFO - Started process (PID=227332) to work on /home/ylan/airflow/venv/lib/python3.9/site-packages/airflow/example_dags/example_setup_teardown_taskflow.py
[2023-08-17T00:03:50.578+0300] {processor.py:826} INFO - Processing file /home/ylan/airflow/venv/lib/python3.9/site-packages/airflow/example_dags/example_setup_teardown_taskflow.py for tasks to queue
[2023-08-17T00:03:50.581+0300] {logging_mixin.py:150} INFO - [2023-08-17T00:03:50.580+0300] {dagbag.py:541} INFO - Filling up the DagBag from /home/ylan/airflow/venv/lib/python3.9/site-packages/airflow/example_dags/example_setup_teardown_taskflow.py
[2023-08-17T00:03:50.595+0300] {processor.py:838} WARNING - No viable dags retrieved from /home/ylan/airflow/venv/lib/python3.9/site-packages/airflow/example_dags/example_setup_teardown_taskflow.py
[2023-08-17T00:03:50.793+0300] {processor.py:179} INFO - Processing /home/ylan/airflow/venv/lib/python3.9/site-packages/airflow/example_dags/example_setup_teardown_taskflow.py took 0.240 seconds
[2023-08-17T00:04:30.411+0300] {processor.py:157} INFO - Started process (PID=228005) to work on /home/ylan/airflow/venv/lib/python3.9/site-packages/airflow/example_dags/example_setup_teardown_taskflow.py
[2023-08-17T00:04:30.419+0300] {processor.py:826} INFO - Processing file /home/ylan/airflow/venv/lib/python3.9/site-packages/airflow/example_dags/example_setup_teardown_taskflow.py for tasks to queue
[2023-08-17T00:04:30.427+0300] {logging_mixin.py:150} INFO - [2023-08-17T00:04:30.426+0300] {dagbag.py:541} INFO - Filling up the DagBag from /home/ylan/airflow/venv/lib/python3.9/site-packages/airflow/example_dags/example_setup_teardown_taskflow.py
[2023-08-17T00:04:30.448+0300] {processor.py:838} WARNING - No viable dags retrieved from /home/ylan/airflow/venv/lib/python3.9/site-packages/airflow/example_dags/example_setup_teardown_taskflow.py
[2023-08-17T00:04:30.632+0300] {processor.py:179} INFO - Processing /home/ylan/airflow/venv/lib/python3.9/site-packages/airflow/example_dags/example_setup_teardown_taskflow.py took 0.255 seconds
[2023-08-17T00:05:02.336+0300] {processor.py:157} INFO - Started process (PID=228427) to work on /home/ylan/airflow/venv/lib/python3.9/site-packages/airflow/example_dags/example_setup_teardown_taskflow.py
[2023-08-17T00:05:02.339+0300] {processor.py:826} INFO - Processing file /home/ylan/airflow/venv/lib/python3.9/site-packages/airflow/example_dags/example_setup_teardown_taskflow.py for tasks to queue
[2023-08-17T00:05:02.343+0300] {logging_mixin.py:150} INFO - [2023-08-17T00:05:02.342+0300] {dagbag.py:541} INFO - Filling up the DagBag from /home/ylan/airflow/venv/lib/python3.9/site-packages/airflow/example_dags/example_setup_teardown_taskflow.py
[2023-08-17T00:05:02.369+0300] {processor.py:838} WARNING - No viable dags retrieved from /home/ylan/airflow/venv/lib/python3.9/site-packages/airflow/example_dags/example_setup_teardown_taskflow.py
[2023-08-17T00:05:02.645+0300] {processor.py:179} INFO - Processing /home/ylan/airflow/venv/lib/python3.9/site-packages/airflow/example_dags/example_setup_teardown_taskflow.py took 0.347 seconds
[2023-08-17T00:05:34.323+0300] {processor.py:157} INFO - Started process (PID=229201) to work on /home/ylan/airflow/venv/lib/python3.9/site-packages/airflow/example_dags/example_setup_teardown_taskflow.py
[2023-08-17T00:05:34.345+0300] {processor.py:826} INFO - Processing file /home/ylan/airflow/venv/lib/python3.9/site-packages/airflow/example_dags/example_setup_teardown_taskflow.py for tasks to queue
[2023-08-17T00:05:34.348+0300] {logging_mixin.py:150} INFO - [2023-08-17T00:05:34.347+0300] {dagbag.py:541} INFO - Filling up the DagBag from /home/ylan/airflow/venv/lib/python3.9/site-packages/airflow/example_dags/example_setup_teardown_taskflow.py
[2023-08-17T00:05:34.355+0300] {processor.py:838} WARNING - No viable dags retrieved from /home/ylan/airflow/venv/lib/python3.9/site-packages/airflow/example_dags/example_setup_teardown_taskflow.py
[2023-08-17T00:05:34.458+0300] {processor.py:179} INFO - Processing /home/ylan/airflow/venv/lib/python3.9/site-packages/airflow/example_dags/example_setup_teardown_taskflow.py took 0.150 seconds
[2023-08-17T00:06:10.352+0300] {processor.py:157} INFO - Started process (PID=229658) to work on /home/ylan/airflow/venv/lib/python3.9/site-packages/airflow/example_dags/example_setup_teardown_taskflow.py
[2023-08-17T00:06:10.368+0300] {processor.py:826} INFO - Processing file /home/ylan/airflow/venv/lib/python3.9/site-packages/airflow/example_dags/example_setup_teardown_taskflow.py for tasks to queue
[2023-08-17T00:06:10.372+0300] {logging_mixin.py:150} INFO - [2023-08-17T00:06:10.371+0300] {dagbag.py:541} INFO - Filling up the DagBag from /home/ylan/airflow/venv/lib/python3.9/site-packages/airflow/example_dags/example_setup_teardown_taskflow.py
[2023-08-17T00:06:10.395+0300] {processor.py:838} WARNING - No viable dags retrieved from /home/ylan/airflow/venv/lib/python3.9/site-packages/airflow/example_dags/example_setup_teardown_taskflow.py
[2023-08-17T00:06:10.649+0300] {processor.py:179} INFO - Processing /home/ylan/airflow/venv/lib/python3.9/site-packages/airflow/example_dags/example_setup_teardown_taskflow.py took 0.346 seconds
[2023-08-17T00:06:41.144+0300] {processor.py:157} INFO - Started process (PID=230079) to work on /home/ylan/airflow/venv/lib/python3.9/site-packages/airflow/example_dags/example_setup_teardown_taskflow.py
[2023-08-17T00:06:41.157+0300] {processor.py:826} INFO - Processing file /home/ylan/airflow/venv/lib/python3.9/site-packages/airflow/example_dags/example_setup_teardown_taskflow.py for tasks to queue
[2023-08-17T00:06:41.160+0300] {logging_mixin.py:150} INFO - [2023-08-17T00:06:41.159+0300] {dagbag.py:541} INFO - Filling up the DagBag from /home/ylan/airflow/venv/lib/python3.9/site-packages/airflow/example_dags/example_setup_teardown_taskflow.py
[2023-08-17T00:06:41.175+0300] {processor.py:838} WARNING - No viable dags retrieved from /home/ylan/airflow/venv/lib/python3.9/site-packages/airflow/example_dags/example_setup_teardown_taskflow.py
[2023-08-17T00:06:41.310+0300] {processor.py:179} INFO - Processing /home/ylan/airflow/venv/lib/python3.9/site-packages/airflow/example_dags/example_setup_teardown_taskflow.py took 0.187 seconds
[2023-08-17T00:08:31.778+0300] {processor.py:157} INFO - Started process (PID=231948) to work on /home/ylan/airflow/venv/lib/python3.9/site-packages/airflow/example_dags/example_setup_teardown_taskflow.py
[2023-08-17T00:08:31.784+0300] {processor.py:826} INFO - Processing file /home/ylan/airflow/venv/lib/python3.9/site-packages/airflow/example_dags/example_setup_teardown_taskflow.py for tasks to queue
[2023-08-17T00:08:31.787+0300] {logging_mixin.py:150} INFO - [2023-08-17T00:08:31.786+0300] {dagbag.py:541} INFO - Filling up the DagBag from /home/ylan/airflow/venv/lib/python3.9/site-packages/airflow/example_dags/example_setup_teardown_taskflow.py
[2023-08-17T00:08:31.794+0300] {processor.py:838} WARNING - No viable dags retrieved from /home/ylan/airflow/venv/lib/python3.9/site-packages/airflow/example_dags/example_setup_teardown_taskflow.py
[2023-08-17T00:08:32.109+0300] {processor.py:179} INFO - Processing /home/ylan/airflow/venv/lib/python3.9/site-packages/airflow/example_dags/example_setup_teardown_taskflow.py took 0.353 seconds
[2023-08-17T00:09:09.977+0300] {processor.py:157} INFO - Started process (PID=232498) to work on /home/ylan/airflow/venv/lib/python3.9/site-packages/airflow/example_dags/example_setup_teardown_taskflow.py
[2023-08-17T00:09:10.129+0300] {processor.py:826} INFO - Processing file /home/ylan/airflow/venv/lib/python3.9/site-packages/airflow/example_dags/example_setup_teardown_taskflow.py for tasks to queue
[2023-08-17T00:09:10.141+0300] {logging_mixin.py:150} INFO - [2023-08-17T00:09:10.131+0300] {dagbag.py:541} INFO - Filling up the DagBag from /home/ylan/airflow/venv/lib/python3.9/site-packages/airflow/example_dags/example_setup_teardown_taskflow.py
[2023-08-17T00:09:10.162+0300] {processor.py:838} WARNING - No viable dags retrieved from /home/ylan/airflow/venv/lib/python3.9/site-packages/airflow/example_dags/example_setup_teardown_taskflow.py
[2023-08-17T00:09:10.448+0300] {processor.py:179} INFO - Processing /home/ylan/airflow/venv/lib/python3.9/site-packages/airflow/example_dags/example_setup_teardown_taskflow.py took 0.488 seconds
[2023-08-17T00:09:58.486+0300] {processor.py:157} INFO - Started process (PID=233083) to work on /home/ylan/airflow/venv/lib/python3.9/site-packages/airflow/example_dags/example_setup_teardown_taskflow.py
[2023-08-17T00:09:58.498+0300] {processor.py:826} INFO - Processing file /home/ylan/airflow/venv/lib/python3.9/site-packages/airflow/example_dags/example_setup_teardown_taskflow.py for tasks to queue
[2023-08-17T00:09:58.513+0300] {logging_mixin.py:150} INFO - [2023-08-17T00:09:58.512+0300] {dagbag.py:541} INFO - Filling up the DagBag from /home/ylan/airflow/venv/lib/python3.9/site-packages/airflow/example_dags/example_setup_teardown_taskflow.py
[2023-08-17T00:09:58.527+0300] {processor.py:838} WARNING - No viable dags retrieved from /home/ylan/airflow/venv/lib/python3.9/site-packages/airflow/example_dags/example_setup_teardown_taskflow.py
[2023-08-17T00:09:58.687+0300] {processor.py:179} INFO - Processing /home/ylan/airflow/venv/lib/python3.9/site-packages/airflow/example_dags/example_setup_teardown_taskflow.py took 0.280 seconds
[2023-08-17T00:10:33.562+0300] {processor.py:157} INFO - Started process (PID=233562) to work on /home/ylan/airflow/venv/lib/python3.9/site-packages/airflow/example_dags/example_setup_teardown_taskflow.py
[2023-08-17T00:10:33.775+0300] {processor.py:826} INFO - Processing file /home/ylan/airflow/venv/lib/python3.9/site-packages/airflow/example_dags/example_setup_teardown_taskflow.py for tasks to queue
[2023-08-17T00:10:33.779+0300] {logging_mixin.py:150} INFO - [2023-08-17T00:10:33.778+0300] {dagbag.py:541} INFO - Filling up the DagBag from /home/ylan/airflow/venv/lib/python3.9/site-packages/airflow/example_dags/example_setup_teardown_taskflow.py
[2023-08-17T00:10:33.794+0300] {processor.py:838} WARNING - No viable dags retrieved from /home/ylan/airflow/venv/lib/python3.9/site-packages/airflow/example_dags/example_setup_teardown_taskflow.py
[2023-08-17T00:10:34.486+0300] {processor.py:179} INFO - Processing /home/ylan/airflow/venv/lib/python3.9/site-packages/airflow/example_dags/example_setup_teardown_taskflow.py took 0.956 seconds
[2023-08-17T00:11:15.328+0300] {processor.py:157} INFO - Started process (PID=234245) to work on /home/ylan/airflow/venv/lib/python3.9/site-packages/airflow/example_dags/example_setup_teardown_taskflow.py
[2023-08-17T00:11:15.341+0300] {processor.py:826} INFO - Processing file /home/ylan/airflow/venv/lib/python3.9/site-packages/airflow/example_dags/example_setup_teardown_taskflow.py for tasks to queue
[2023-08-17T00:11:15.344+0300] {logging_mixin.py:150} INFO - [2023-08-17T00:11:15.343+0300] {dagbag.py:541} INFO - Filling up the DagBag from /home/ylan/airflow/venv/lib/python3.9/site-packages/airflow/example_dags/example_setup_teardown_taskflow.py
[2023-08-17T00:11:15.352+0300] {processor.py:838} WARNING - No viable dags retrieved from /home/ylan/airflow/venv/lib/python3.9/site-packages/airflow/example_dags/example_setup_teardown_taskflow.py
[2023-08-17T00:11:15.585+0300] {processor.py:179} INFO - Processing /home/ylan/airflow/venv/lib/python3.9/site-packages/airflow/example_dags/example_setup_teardown_taskflow.py took 0.278 seconds
[2023-08-17T00:11:46.436+0300] {processor.py:157} INFO - Started process (PID=234834) to work on /home/ylan/airflow/venv/lib/python3.9/site-packages/airflow/example_dags/example_setup_teardown_taskflow.py
[2023-08-17T00:11:46.453+0300] {processor.py:826} INFO - Processing file /home/ylan/airflow/venv/lib/python3.9/site-packages/airflow/example_dags/example_setup_teardown_taskflow.py for tasks to queue
[2023-08-17T00:11:46.456+0300] {logging_mixin.py:150} INFO - [2023-08-17T00:11:46.455+0300] {dagbag.py:541} INFO - Filling up the DagBag from /home/ylan/airflow/venv/lib/python3.9/site-packages/airflow/example_dags/example_setup_teardown_taskflow.py
[2023-08-17T00:11:46.495+0300] {processor.py:838} WARNING - No viable dags retrieved from /home/ylan/airflow/venv/lib/python3.9/site-packages/airflow/example_dags/example_setup_teardown_taskflow.py
[2023-08-17T00:11:46.889+0300] {processor.py:179} INFO - Processing /home/ylan/airflow/venv/lib/python3.9/site-packages/airflow/example_dags/example_setup_teardown_taskflow.py took 0.468 seconds
[2023-08-17T00:12:17.165+0300] {processor.py:157} INFO - Started process (PID=235414) to work on /home/ylan/airflow/venv/lib/python3.9/site-packages/airflow/example_dags/example_setup_teardown_taskflow.py
[2023-08-17T00:12:17.186+0300] {processor.py:826} INFO - Processing file /home/ylan/airflow/venv/lib/python3.9/site-packages/airflow/example_dags/example_setup_teardown_taskflow.py for tasks to queue
[2023-08-17T00:12:17.192+0300] {logging_mixin.py:150} INFO - [2023-08-17T00:12:17.188+0300] {dagbag.py:541} INFO - Filling up the DagBag from /home/ylan/airflow/venv/lib/python3.9/site-packages/airflow/example_dags/example_setup_teardown_taskflow.py
[2023-08-17T00:12:17.208+0300] {processor.py:838} WARNING - No viable dags retrieved from /home/ylan/airflow/venv/lib/python3.9/site-packages/airflow/example_dags/example_setup_teardown_taskflow.py
[2023-08-17T00:12:17.308+0300] {processor.py:179} INFO - Processing /home/ylan/airflow/venv/lib/python3.9/site-packages/airflow/example_dags/example_setup_teardown_taskflow.py took 0.180 seconds
[2023-08-17T00:12:51.067+0300] {processor.py:157} INFO - Started process (PID=235874) to work on /home/ylan/airflow/venv/lib/python3.9/site-packages/airflow/example_dags/example_setup_teardown_taskflow.py
[2023-08-17T00:12:51.086+0300] {processor.py:826} INFO - Processing file /home/ylan/airflow/venv/lib/python3.9/site-packages/airflow/example_dags/example_setup_teardown_taskflow.py for tasks to queue
[2023-08-17T00:12:51.091+0300] {logging_mixin.py:150} INFO - [2023-08-17T00:12:51.088+0300] {dagbag.py:541} INFO - Filling up the DagBag from /home/ylan/airflow/venv/lib/python3.9/site-packages/airflow/example_dags/example_setup_teardown_taskflow.py
[2023-08-17T00:12:51.100+0300] {processor.py:838} WARNING - No viable dags retrieved from /home/ylan/airflow/venv/lib/python3.9/site-packages/airflow/example_dags/example_setup_teardown_taskflow.py
[2023-08-17T00:12:51.202+0300] {processor.py:179} INFO - Processing /home/ylan/airflow/venv/lib/python3.9/site-packages/airflow/example_dags/example_setup_teardown_taskflow.py took 0.152 seconds
[2023-08-17T00:13:36.311+0300] {processor.py:157} INFO - Started process (PID=236472) to work on /home/ylan/airflow/venv/lib/python3.9/site-packages/airflow/example_dags/example_setup_teardown_taskflow.py
[2023-08-17T00:13:36.398+0300] {processor.py:826} INFO - Processing file /home/ylan/airflow/venv/lib/python3.9/site-packages/airflow/example_dags/example_setup_teardown_taskflow.py for tasks to queue
[2023-08-17T00:13:36.400+0300] {logging_mixin.py:150} INFO - [2023-08-17T00:13:36.399+0300] {dagbag.py:541} INFO - Filling up the DagBag from /home/ylan/airflow/venv/lib/python3.9/site-packages/airflow/example_dags/example_setup_teardown_taskflow.py
[2023-08-17T00:13:36.451+0300] {processor.py:838} WARNING - No viable dags retrieved from /home/ylan/airflow/venv/lib/python3.9/site-packages/airflow/example_dags/example_setup_teardown_taskflow.py
[2023-08-17T00:13:36.881+0300] {processor.py:179} INFO - Processing /home/ylan/airflow/venv/lib/python3.9/site-packages/airflow/example_dags/example_setup_teardown_taskflow.py took 0.594 seconds
[2023-08-17T00:14:07.442+0300] {processor.py:157} INFO - Started process (PID=237125) to work on /home/ylan/airflow/venv/lib/python3.9/site-packages/airflow/example_dags/example_setup_teardown_taskflow.py
[2023-08-17T00:14:07.453+0300] {processor.py:826} INFO - Processing file /home/ylan/airflow/venv/lib/python3.9/site-packages/airflow/example_dags/example_setup_teardown_taskflow.py for tasks to queue
[2023-08-17T00:14:07.460+0300] {logging_mixin.py:150} INFO - [2023-08-17T00:14:07.455+0300] {dagbag.py:541} INFO - Filling up the DagBag from /home/ylan/airflow/venv/lib/python3.9/site-packages/airflow/example_dags/example_setup_teardown_taskflow.py
[2023-08-17T00:14:07.476+0300] {processor.py:838} WARNING - No viable dags retrieved from /home/ylan/airflow/venv/lib/python3.9/site-packages/airflow/example_dags/example_setup_teardown_taskflow.py
[2023-08-17T00:14:07.757+0300] {processor.py:179} INFO - Processing /home/ylan/airflow/venv/lib/python3.9/site-packages/airflow/example_dags/example_setup_teardown_taskflow.py took 0.335 seconds
