[2023-08-16T23:27:58.042+0300] {processor.py:157} INFO - Started process (PID=193132) to work on /home/ylan/airflow/venv/lib/python3.9/site-packages/airflow/example_dags/example_setup_teardown.py
[2023-08-16T23:27:58.051+0300] {processor.py:826} INFO - Processing file /home/ylan/airflow/venv/lib/python3.9/site-packages/airflow/example_dags/example_setup_teardown.py for tasks to queue
[2023-08-16T23:27:58.062+0300] {logging_mixin.py:150} INFO - [2023-08-16T23:27:58.060+0300] {dagbag.py:541} INFO - Filling up the DagBag from /home/ylan/airflow/venv/lib/python3.9/site-packages/airflow/example_dags/example_setup_teardown.py
[2023-08-16T23:27:58.087+0300] {processor.py:838} WARNING - No viable dags retrieved from /home/ylan/airflow/venv/lib/python3.9/site-packages/airflow/example_dags/example_setup_teardown.py
[2023-08-16T23:27:58.388+0300] {processor.py:179} INFO - Processing /home/ylan/airflow/venv/lib/python3.9/site-packages/airflow/example_dags/example_setup_teardown.py took 0.386 seconds
[2023-08-16T23:28:47.608+0300] {processor.py:157} INFO - Started process (PID=193723) to work on /home/ylan/airflow/venv/lib/python3.9/site-packages/airflow/example_dags/example_setup_teardown.py
[2023-08-16T23:28:47.613+0300] {processor.py:826} INFO - Processing file /home/ylan/airflow/venv/lib/python3.9/site-packages/airflow/example_dags/example_setup_teardown.py for tasks to queue
[2023-08-16T23:28:47.645+0300] {logging_mixin.py:150} INFO - [2023-08-16T23:28:47.615+0300] {dagbag.py:541} INFO - Filling up the DagBag from /home/ylan/airflow/venv/lib/python3.9/site-packages/airflow/example_dags/example_setup_teardown.py
[2023-08-16T23:28:47.676+0300] {processor.py:838} WARNING - No viable dags retrieved from /home/ylan/airflow/venv/lib/python3.9/site-packages/airflow/example_dags/example_setup_teardown.py
[2023-08-16T23:28:47.938+0300] {processor.py:179} INFO - Processing /home/ylan/airflow/venv/lib/python3.9/site-packages/airflow/example_dags/example_setup_teardown.py took 0.345 seconds
[2023-08-16T23:29:20.076+0300] {processor.py:157} INFO - Started process (PID=194318) to work on /home/ylan/airflow/venv/lib/python3.9/site-packages/airflow/example_dags/example_setup_teardown.py
[2023-08-16T23:29:20.082+0300] {processor.py:826} INFO - Processing file /home/ylan/airflow/venv/lib/python3.9/site-packages/airflow/example_dags/example_setup_teardown.py for tasks to queue
[2023-08-16T23:29:20.085+0300] {logging_mixin.py:150} INFO - [2023-08-16T23:29:20.084+0300] {dagbag.py:541} INFO - Filling up the DagBag from /home/ylan/airflow/venv/lib/python3.9/site-packages/airflow/example_dags/example_setup_teardown.py
[2023-08-16T23:29:20.093+0300] {processor.py:838} WARNING - No viable dags retrieved from /home/ylan/airflow/venv/lib/python3.9/site-packages/airflow/example_dags/example_setup_teardown.py
[2023-08-16T23:29:20.255+0300] {processor.py:179} INFO - Processing /home/ylan/airflow/venv/lib/python3.9/site-packages/airflow/example_dags/example_setup_teardown.py took 0.202 seconds
[2023-08-16T23:29:51.735+0300] {processor.py:157} INFO - Started process (PID=194827) to work on /home/ylan/airflow/venv/lib/python3.9/site-packages/airflow/example_dags/example_setup_teardown.py
[2023-08-16T23:29:52.029+0300] {processor.py:826} INFO - Processing file /home/ylan/airflow/venv/lib/python3.9/site-packages/airflow/example_dags/example_setup_teardown.py for tasks to queue
[2023-08-16T23:29:52.033+0300] {logging_mixin.py:150} INFO - [2023-08-16T23:29:52.032+0300] {dagbag.py:541} INFO - Filling up the DagBag from /home/ylan/airflow/venv/lib/python3.9/site-packages/airflow/example_dags/example_setup_teardown.py
[2023-08-16T23:29:52.047+0300] {processor.py:838} WARNING - No viable dags retrieved from /home/ylan/airflow/venv/lib/python3.9/site-packages/airflow/example_dags/example_setup_teardown.py
[2023-08-16T23:29:52.218+0300] {processor.py:179} INFO - Processing /home/ylan/airflow/venv/lib/python3.9/site-packages/airflow/example_dags/example_setup_teardown.py took 0.530 seconds
[2023-08-16T23:30:23.495+0300] {processor.py:157} INFO - Started process (PID=195476) to work on /home/ylan/airflow/venv/lib/python3.9/site-packages/airflow/example_dags/example_setup_teardown.py
[2023-08-16T23:30:23.518+0300] {processor.py:826} INFO - Processing file /home/ylan/airflow/venv/lib/python3.9/site-packages/airflow/example_dags/example_setup_teardown.py for tasks to queue
[2023-08-16T23:30:23.522+0300] {logging_mixin.py:150} INFO - [2023-08-16T23:30:23.521+0300] {dagbag.py:541} INFO - Filling up the DagBag from /home/ylan/airflow/venv/lib/python3.9/site-packages/airflow/example_dags/example_setup_teardown.py
[2023-08-16T23:30:23.534+0300] {processor.py:838} WARNING - No viable dags retrieved from /home/ylan/airflow/venv/lib/python3.9/site-packages/airflow/example_dags/example_setup_teardown.py
[2023-08-16T23:30:23.643+0300] {processor.py:179} INFO - Processing /home/ylan/airflow/venv/lib/python3.9/site-packages/airflow/example_dags/example_setup_teardown.py took 0.180 seconds
[2023-08-16T23:30:54.578+0300] {processor.py:157} INFO - Started process (PID=196079) to work on /home/ylan/airflow/venv/lib/python3.9/site-packages/airflow/example_dags/example_setup_teardown.py
[2023-08-16T23:30:54.581+0300] {processor.py:826} INFO - Processing file /home/ylan/airflow/venv/lib/python3.9/site-packages/airflow/example_dags/example_setup_teardown.py for tasks to queue
[2023-08-16T23:30:54.584+0300] {logging_mixin.py:150} INFO - [2023-08-16T23:30:54.583+0300] {dagbag.py:541} INFO - Filling up the DagBag from /home/ylan/airflow/venv/lib/python3.9/site-packages/airflow/example_dags/example_setup_teardown.py
[2023-08-16T23:30:54.593+0300] {processor.py:838} WARNING - No viable dags retrieved from /home/ylan/airflow/venv/lib/python3.9/site-packages/airflow/example_dags/example_setup_teardown.py
[2023-08-16T23:30:54.699+0300] {processor.py:179} INFO - Processing /home/ylan/airflow/venv/lib/python3.9/site-packages/airflow/example_dags/example_setup_teardown.py took 0.137 seconds
[2023-08-16T23:31:25.205+0300] {processor.py:157} INFO - Started process (PID=196495) to work on /home/ylan/airflow/venv/lib/python3.9/site-packages/airflow/example_dags/example_setup_teardown.py
[2023-08-16T23:31:25.207+0300] {processor.py:826} INFO - Processing file /home/ylan/airflow/venv/lib/python3.9/site-packages/airflow/example_dags/example_setup_teardown.py for tasks to queue
[2023-08-16T23:31:25.210+0300] {logging_mixin.py:150} INFO - [2023-08-16T23:31:25.209+0300] {dagbag.py:541} INFO - Filling up the DagBag from /home/ylan/airflow/venv/lib/python3.9/site-packages/airflow/example_dags/example_setup_teardown.py
[2023-08-16T23:31:25.216+0300] {processor.py:838} WARNING - No viable dags retrieved from /home/ylan/airflow/venv/lib/python3.9/site-packages/airflow/example_dags/example_setup_teardown.py
[2023-08-16T23:31:25.300+0300] {processor.py:179} INFO - Processing /home/ylan/airflow/venv/lib/python3.9/site-packages/airflow/example_dags/example_setup_teardown.py took 0.107 seconds
[2023-08-16T23:31:57.884+0300] {processor.py:157} INFO - Started process (PID=196924) to work on /home/ylan/airflow/venv/lib/python3.9/site-packages/airflow/example_dags/example_setup_teardown.py
[2023-08-16T23:31:57.887+0300] {processor.py:826} INFO - Processing file /home/ylan/airflow/venv/lib/python3.9/site-packages/airflow/example_dags/example_setup_teardown.py for tasks to queue
[2023-08-16T23:31:57.894+0300] {logging_mixin.py:150} INFO - [2023-08-16T23:31:57.893+0300] {dagbag.py:541} INFO - Filling up the DagBag from /home/ylan/airflow/venv/lib/python3.9/site-packages/airflow/example_dags/example_setup_teardown.py
[2023-08-16T23:31:57.902+0300] {processor.py:838} WARNING - No viable dags retrieved from /home/ylan/airflow/venv/lib/python3.9/site-packages/airflow/example_dags/example_setup_teardown.py
[2023-08-16T23:31:58.013+0300] {processor.py:179} INFO - Processing /home/ylan/airflow/venv/lib/python3.9/site-packages/airflow/example_dags/example_setup_teardown.py took 0.146 seconds
[2023-08-16T23:32:28.903+0300] {processor.py:157} INFO - Started process (PID=197556) to work on /home/ylan/airflow/venv/lib/python3.9/site-packages/airflow/example_dags/example_setup_teardown.py
[2023-08-16T23:32:28.914+0300] {processor.py:826} INFO - Processing file /home/ylan/airflow/venv/lib/python3.9/site-packages/airflow/example_dags/example_setup_teardown.py for tasks to queue
[2023-08-16T23:32:28.917+0300] {logging_mixin.py:150} INFO - [2023-08-16T23:32:28.916+0300] {dagbag.py:541} INFO - Filling up the DagBag from /home/ylan/airflow/venv/lib/python3.9/site-packages/airflow/example_dags/example_setup_teardown.py
[2023-08-16T23:32:28.933+0300] {processor.py:838} WARNING - No viable dags retrieved from /home/ylan/airflow/venv/lib/python3.9/site-packages/airflow/example_dags/example_setup_teardown.py
[2023-08-16T23:32:29.124+0300] {processor.py:179} INFO - Processing /home/ylan/airflow/venv/lib/python3.9/site-packages/airflow/example_dags/example_setup_teardown.py took 0.250 seconds
[2023-08-16T23:33:06.374+0300] {processor.py:157} INFO - Started process (PID=198274) to work on /home/ylan/airflow/venv/lib/python3.9/site-packages/airflow/example_dags/example_setup_teardown.py
[2023-08-16T23:33:06.407+0300] {processor.py:826} INFO - Processing file /home/ylan/airflow/venv/lib/python3.9/site-packages/airflow/example_dags/example_setup_teardown.py for tasks to queue
[2023-08-16T23:33:06.410+0300] {logging_mixin.py:150} INFO - [2023-08-16T23:33:06.409+0300] {dagbag.py:541} INFO - Filling up the DagBag from /home/ylan/airflow/venv/lib/python3.9/site-packages/airflow/example_dags/example_setup_teardown.py
[2023-08-16T23:33:06.443+0300] {processor.py:838} WARNING - No viable dags retrieved from /home/ylan/airflow/venv/lib/python3.9/site-packages/airflow/example_dags/example_setup_teardown.py
[2023-08-16T23:33:06.796+0300] {processor.py:179} INFO - Processing /home/ylan/airflow/venv/lib/python3.9/site-packages/airflow/example_dags/example_setup_teardown.py took 0.481 seconds
[2023-08-16T23:33:37.318+0300] {processor.py:157} INFO - Started process (PID=198677) to work on /home/ylan/airflow/venv/lib/python3.9/site-packages/airflow/example_dags/example_setup_teardown.py
[2023-08-16T23:33:37.340+0300] {processor.py:826} INFO - Processing file /home/ylan/airflow/venv/lib/python3.9/site-packages/airflow/example_dags/example_setup_teardown.py for tasks to queue
[2023-08-16T23:33:37.343+0300] {logging_mixin.py:150} INFO - [2023-08-16T23:33:37.342+0300] {dagbag.py:541} INFO - Filling up the DagBag from /home/ylan/airflow/venv/lib/python3.9/site-packages/airflow/example_dags/example_setup_teardown.py
[2023-08-16T23:33:37.362+0300] {processor.py:838} WARNING - No viable dags retrieved from /home/ylan/airflow/venv/lib/python3.9/site-packages/airflow/example_dags/example_setup_teardown.py
[2023-08-16T23:33:37.502+0300] {processor.py:179} INFO - Processing /home/ylan/airflow/venv/lib/python3.9/site-packages/airflow/example_dags/example_setup_teardown.py took 0.223 seconds
[2023-08-16T23:34:07.779+0300] {processor.py:157} INFO - Started process (PID=199245) to work on /home/ylan/airflow/venv/lib/python3.9/site-packages/airflow/example_dags/example_setup_teardown.py
[2023-08-16T23:34:07.847+0300] {processor.py:826} INFO - Processing file /home/ylan/airflow/venv/lib/python3.9/site-packages/airflow/example_dags/example_setup_teardown.py for tasks to queue
[2023-08-16T23:34:07.851+0300] {logging_mixin.py:150} INFO - [2023-08-16T23:34:07.850+0300] {dagbag.py:541} INFO - Filling up the DagBag from /home/ylan/airflow/venv/lib/python3.9/site-packages/airflow/example_dags/example_setup_teardown.py
[2023-08-16T23:34:07.861+0300] {processor.py:838} WARNING - No viable dags retrieved from /home/ylan/airflow/venv/lib/python3.9/site-packages/airflow/example_dags/example_setup_teardown.py
[2023-08-16T23:34:07.953+0300] {processor.py:179} INFO - Processing /home/ylan/airflow/venv/lib/python3.9/site-packages/airflow/example_dags/example_setup_teardown.py took 0.189 seconds
[2023-08-16T23:34:39.490+0300] {processor.py:157} INFO - Started process (PID=199707) to work on /home/ylan/airflow/venv/lib/python3.9/site-packages/airflow/example_dags/example_setup_teardown.py
[2023-08-16T23:34:39.493+0300] {processor.py:826} INFO - Processing file /home/ylan/airflow/venv/lib/python3.9/site-packages/airflow/example_dags/example_setup_teardown.py for tasks to queue
[2023-08-16T23:34:39.497+0300] {logging_mixin.py:150} INFO - [2023-08-16T23:34:39.495+0300] {dagbag.py:541} INFO - Filling up the DagBag from /home/ylan/airflow/venv/lib/python3.9/site-packages/airflow/example_dags/example_setup_teardown.py
[2023-08-16T23:34:39.507+0300] {processor.py:838} WARNING - No viable dags retrieved from /home/ylan/airflow/venv/lib/python3.9/site-packages/airflow/example_dags/example_setup_teardown.py
[2023-08-16T23:34:39.599+0300] {processor.py:179} INFO - Processing /home/ylan/airflow/venv/lib/python3.9/site-packages/airflow/example_dags/example_setup_teardown.py took 0.153 seconds
[2023-08-16T23:35:16.191+0300] {processor.py:157} INFO - Started process (PID=200354) to work on /home/ylan/airflow/venv/lib/python3.9/site-packages/airflow/example_dags/example_setup_teardown.py
[2023-08-16T23:35:16.207+0300] {processor.py:826} INFO - Processing file /home/ylan/airflow/venv/lib/python3.9/site-packages/airflow/example_dags/example_setup_teardown.py for tasks to queue
[2023-08-16T23:35:16.210+0300] {logging_mixin.py:150} INFO - [2023-08-16T23:35:16.209+0300] {dagbag.py:541} INFO - Filling up the DagBag from /home/ylan/airflow/venv/lib/python3.9/site-packages/airflow/example_dags/example_setup_teardown.py
[2023-08-16T23:35:16.232+0300] {processor.py:838} WARNING - No viable dags retrieved from /home/ylan/airflow/venv/lib/python3.9/site-packages/airflow/example_dags/example_setup_teardown.py
[2023-08-16T23:35:16.377+0300] {processor.py:179} INFO - Processing /home/ylan/airflow/venv/lib/python3.9/site-packages/airflow/example_dags/example_setup_teardown.py took 0.217 seconds
[2023-08-16T23:35:48.727+0300] {processor.py:157} INFO - Started process (PID=200795) to work on /home/ylan/airflow/venv/lib/python3.9/site-packages/airflow/example_dags/example_setup_teardown.py
[2023-08-16T23:35:48.741+0300] {processor.py:826} INFO - Processing file /home/ylan/airflow/venv/lib/python3.9/site-packages/airflow/example_dags/example_setup_teardown.py for tasks to queue
[2023-08-16T23:35:48.746+0300] {logging_mixin.py:150} INFO - [2023-08-16T23:35:48.745+0300] {dagbag.py:541} INFO - Filling up the DagBag from /home/ylan/airflow/venv/lib/python3.9/site-packages/airflow/example_dags/example_setup_teardown.py
[2023-08-16T23:35:48.763+0300] {processor.py:838} WARNING - No viable dags retrieved from /home/ylan/airflow/venv/lib/python3.9/site-packages/airflow/example_dags/example_setup_teardown.py
[2023-08-16T23:35:48.910+0300] {processor.py:179} INFO - Processing /home/ylan/airflow/venv/lib/python3.9/site-packages/airflow/example_dags/example_setup_teardown.py took 0.202 seconds
[2023-08-16T23:36:19.974+0300] {processor.py:157} INFO - Started process (PID=201381) to work on /home/ylan/airflow/venv/lib/python3.9/site-packages/airflow/example_dags/example_setup_teardown.py
[2023-08-16T23:36:19.992+0300] {processor.py:826} INFO - Processing file /home/ylan/airflow/venv/lib/python3.9/site-packages/airflow/example_dags/example_setup_teardown.py for tasks to queue
[2023-08-16T23:36:19.995+0300] {logging_mixin.py:150} INFO - [2023-08-16T23:36:19.994+0300] {dagbag.py:541} INFO - Filling up the DagBag from /home/ylan/airflow/venv/lib/python3.9/site-packages/airflow/example_dags/example_setup_teardown.py
[2023-08-16T23:36:20.016+0300] {processor.py:838} WARNING - No viable dags retrieved from /home/ylan/airflow/venv/lib/python3.9/site-packages/airflow/example_dags/example_setup_teardown.py
[2023-08-16T23:36:20.353+0300] {processor.py:179} INFO - Processing /home/ylan/airflow/venv/lib/python3.9/site-packages/airflow/example_dags/example_setup_teardown.py took 0.396 seconds
[2023-08-16T23:36:51.727+0300] {processor.py:157} INFO - Started process (PID=202003) to work on /home/ylan/airflow/venv/lib/python3.9/site-packages/airflow/example_dags/example_setup_teardown.py
[2023-08-16T23:36:51.738+0300] {processor.py:826} INFO - Processing file /home/ylan/airflow/venv/lib/python3.9/site-packages/airflow/example_dags/example_setup_teardown.py for tasks to queue
[2023-08-16T23:36:51.741+0300] {logging_mixin.py:150} INFO - [2023-08-16T23:36:51.740+0300] {dagbag.py:541} INFO - Filling up the DagBag from /home/ylan/airflow/venv/lib/python3.9/site-packages/airflow/example_dags/example_setup_teardown.py
[2023-08-16T23:36:51.771+0300] {processor.py:838} WARNING - No viable dags retrieved from /home/ylan/airflow/venv/lib/python3.9/site-packages/airflow/example_dags/example_setup_teardown.py
[2023-08-16T23:36:51.959+0300] {processor.py:179} INFO - Processing /home/ylan/airflow/venv/lib/python3.9/site-packages/airflow/example_dags/example_setup_teardown.py took 0.254 seconds
[2023-08-16T23:37:23.631+0300] {processor.py:157} INFO - Started process (PID=202416) to work on /home/ylan/airflow/venv/lib/python3.9/site-packages/airflow/example_dags/example_setup_teardown.py
[2023-08-16T23:37:23.640+0300] {processor.py:826} INFO - Processing file /home/ylan/airflow/venv/lib/python3.9/site-packages/airflow/example_dags/example_setup_teardown.py for tasks to queue
[2023-08-16T23:37:23.643+0300] {logging_mixin.py:150} INFO - [2023-08-16T23:37:23.642+0300] {dagbag.py:541} INFO - Filling up the DagBag from /home/ylan/airflow/venv/lib/python3.9/site-packages/airflow/example_dags/example_setup_teardown.py
[2023-08-16T23:37:23.675+0300] {processor.py:838} WARNING - No viable dags retrieved from /home/ylan/airflow/venv/lib/python3.9/site-packages/airflow/example_dags/example_setup_teardown.py
[2023-08-16T23:37:23.912+0300] {processor.py:179} INFO - Processing /home/ylan/airflow/venv/lib/python3.9/site-packages/airflow/example_dags/example_setup_teardown.py took 0.336 seconds
[2023-08-16T23:37:54.973+0300] {processor.py:157} INFO - Started process (PID=202832) to work on /home/ylan/airflow/venv/lib/python3.9/site-packages/airflow/example_dags/example_setup_teardown.py
[2023-08-16T23:37:54.988+0300] {processor.py:826} INFO - Processing file /home/ylan/airflow/venv/lib/python3.9/site-packages/airflow/example_dags/example_setup_teardown.py for tasks to queue
[2023-08-16T23:37:54.991+0300] {logging_mixin.py:150} INFO - [2023-08-16T23:37:54.990+0300] {dagbag.py:541} INFO - Filling up the DagBag from /home/ylan/airflow/venv/lib/python3.9/site-packages/airflow/example_dags/example_setup_teardown.py
[2023-08-16T23:37:55.002+0300] {processor.py:838} WARNING - No viable dags retrieved from /home/ylan/airflow/venv/lib/python3.9/site-packages/airflow/example_dags/example_setup_teardown.py
[2023-08-16T23:37:55.341+0300] {processor.py:179} INFO - Processing /home/ylan/airflow/venv/lib/python3.9/site-packages/airflow/example_dags/example_setup_teardown.py took 0.381 seconds
[2023-08-16T23:38:27.052+0300] {processor.py:157} INFO - Started process (PID=203398) to work on /home/ylan/airflow/venv/lib/python3.9/site-packages/airflow/example_dags/example_setup_teardown.py
[2023-08-16T23:38:27.070+0300] {processor.py:826} INFO - Processing file /home/ylan/airflow/venv/lib/python3.9/site-packages/airflow/example_dags/example_setup_teardown.py for tasks to queue
[2023-08-16T23:38:27.092+0300] {logging_mixin.py:150} INFO - [2023-08-16T23:38:27.091+0300] {dagbag.py:541} INFO - Filling up the DagBag from /home/ylan/airflow/venv/lib/python3.9/site-packages/airflow/example_dags/example_setup_teardown.py
[2023-08-16T23:38:27.104+0300] {processor.py:838} WARNING - No viable dags retrieved from /home/ylan/airflow/venv/lib/python3.9/site-packages/airflow/example_dags/example_setup_teardown.py
[2023-08-16T23:38:27.510+0300] {processor.py:179} INFO - Processing /home/ylan/airflow/venv/lib/python3.9/site-packages/airflow/example_dags/example_setup_teardown.py took 0.609 seconds
[2023-08-16T23:38:58.228+0300] {processor.py:157} INFO - Started process (PID=203811) to work on /home/ylan/airflow/venv/lib/python3.9/site-packages/airflow/example_dags/example_setup_teardown.py
[2023-08-16T23:38:58.242+0300] {processor.py:826} INFO - Processing file /home/ylan/airflow/venv/lib/python3.9/site-packages/airflow/example_dags/example_setup_teardown.py for tasks to queue
[2023-08-16T23:38:58.245+0300] {logging_mixin.py:150} INFO - [2023-08-16T23:38:58.244+0300] {dagbag.py:541} INFO - Filling up the DagBag from /home/ylan/airflow/venv/lib/python3.9/site-packages/airflow/example_dags/example_setup_teardown.py
[2023-08-16T23:38:58.254+0300] {processor.py:838} WARNING - No viable dags retrieved from /home/ylan/airflow/venv/lib/python3.9/site-packages/airflow/example_dags/example_setup_teardown.py
[2023-08-16T23:38:58.327+0300] {processor.py:179} INFO - Processing /home/ylan/airflow/venv/lib/python3.9/site-packages/airflow/example_dags/example_setup_teardown.py took 0.111 seconds
[2023-08-16T23:39:31.359+0300] {processor.py:157} INFO - Started process (PID=204466) to work on /home/ylan/airflow/venv/lib/python3.9/site-packages/airflow/example_dags/example_setup_teardown.py
[2023-08-16T23:39:31.723+0300] {processor.py:826} INFO - Processing file /home/ylan/airflow/venv/lib/python3.9/site-packages/airflow/example_dags/example_setup_teardown.py for tasks to queue
[2023-08-16T23:39:31.731+0300] {logging_mixin.py:150} INFO - [2023-08-16T23:39:31.730+0300] {dagbag.py:541} INFO - Filling up the DagBag from /home/ylan/airflow/venv/lib/python3.9/site-packages/airflow/example_dags/example_setup_teardown.py
[2023-08-16T23:39:31.754+0300] {processor.py:838} WARNING - No viable dags retrieved from /home/ylan/airflow/venv/lib/python3.9/site-packages/airflow/example_dags/example_setup_teardown.py
[2023-08-16T23:39:32.077+0300] {processor.py:179} INFO - Processing /home/ylan/airflow/venv/lib/python3.9/site-packages/airflow/example_dags/example_setup_teardown.py took 0.745 seconds
[2023-08-16T23:40:02.214+0300] {processor.py:157} INFO - Started process (PID=205025) to work on /home/ylan/airflow/venv/lib/python3.9/site-packages/airflow/example_dags/example_setup_teardown.py
[2023-08-16T23:40:02.225+0300] {processor.py:826} INFO - Processing file /home/ylan/airflow/venv/lib/python3.9/site-packages/airflow/example_dags/example_setup_teardown.py for tasks to queue
[2023-08-16T23:40:02.228+0300] {logging_mixin.py:150} INFO - [2023-08-16T23:40:02.227+0300] {dagbag.py:541} INFO - Filling up the DagBag from /home/ylan/airflow/venv/lib/python3.9/site-packages/airflow/example_dags/example_setup_teardown.py
[2023-08-16T23:40:02.238+0300] {processor.py:838} WARNING - No viable dags retrieved from /home/ylan/airflow/venv/lib/python3.9/site-packages/airflow/example_dags/example_setup_teardown.py
[2023-08-16T23:40:02.342+0300] {processor.py:179} INFO - Processing /home/ylan/airflow/venv/lib/python3.9/site-packages/airflow/example_dags/example_setup_teardown.py took 0.143 seconds
[2023-08-16T23:40:37.415+0300] {processor.py:157} INFO - Started process (PID=205520) to work on /home/ylan/airflow/venv/lib/python3.9/site-packages/airflow/example_dags/example_setup_teardown.py
[2023-08-16T23:40:37.426+0300] {processor.py:826} INFO - Processing file /home/ylan/airflow/venv/lib/python3.9/site-packages/airflow/example_dags/example_setup_teardown.py for tasks to queue
[2023-08-16T23:40:37.446+0300] {logging_mixin.py:150} INFO - [2023-08-16T23:40:37.444+0300] {dagbag.py:541} INFO - Filling up the DagBag from /home/ylan/airflow/venv/lib/python3.9/site-packages/airflow/example_dags/example_setup_teardown.py
[2023-08-16T23:40:37.479+0300] {processor.py:838} WARNING - No viable dags retrieved from /home/ylan/airflow/venv/lib/python3.9/site-packages/airflow/example_dags/example_setup_teardown.py
[2023-08-16T23:40:37.862+0300] {processor.py:179} INFO - Processing /home/ylan/airflow/venv/lib/python3.9/site-packages/airflow/example_dags/example_setup_teardown.py took 0.520 seconds
[2023-08-16T23:41:09.261+0300] {processor.py:157} INFO - Started process (PID=206136) to work on /home/ylan/airflow/venv/lib/python3.9/site-packages/airflow/example_dags/example_setup_teardown.py
[2023-08-16T23:41:09.295+0300] {processor.py:826} INFO - Processing file /home/ylan/airflow/venv/lib/python3.9/site-packages/airflow/example_dags/example_setup_teardown.py for tasks to queue
[2023-08-16T23:41:09.310+0300] {logging_mixin.py:150} INFO - [2023-08-16T23:41:09.299+0300] {dagbag.py:541} INFO - Filling up the DagBag from /home/ylan/airflow/venv/lib/python3.9/site-packages/airflow/example_dags/example_setup_teardown.py
[2023-08-16T23:41:09.373+0300] {processor.py:838} WARNING - No viable dags retrieved from /home/ylan/airflow/venv/lib/python3.9/site-packages/airflow/example_dags/example_setup_teardown.py
[2023-08-16T23:41:09.654+0300] {processor.py:179} INFO - Processing /home/ylan/airflow/venv/lib/python3.9/site-packages/airflow/example_dags/example_setup_teardown.py took 0.481 seconds
[2023-08-16T23:41:43.711+0300] {processor.py:157} INFO - Started process (PID=206551) to work on /home/ylan/airflow/venv/lib/python3.9/site-packages/airflow/example_dags/example_setup_teardown.py
[2023-08-16T23:41:43.790+0300] {processor.py:826} INFO - Processing file /home/ylan/airflow/venv/lib/python3.9/site-packages/airflow/example_dags/example_setup_teardown.py for tasks to queue
[2023-08-16T23:41:43.800+0300] {logging_mixin.py:150} INFO - [2023-08-16T23:41:43.793+0300] {dagbag.py:541} INFO - Filling up the DagBag from /home/ylan/airflow/venv/lib/python3.9/site-packages/airflow/example_dags/example_setup_teardown.py
[2023-08-16T23:41:43.824+0300] {processor.py:838} WARNING - No viable dags retrieved from /home/ylan/airflow/venv/lib/python3.9/site-packages/airflow/example_dags/example_setup_teardown.py
[2023-08-16T23:41:43.994+0300] {processor.py:179} INFO - Processing /home/ylan/airflow/venv/lib/python3.9/site-packages/airflow/example_dags/example_setup_teardown.py took 0.372 seconds
[2023-08-16T23:42:16.520+0300] {processor.py:157} INFO - Started process (PID=207176) to work on /home/ylan/airflow/venv/lib/python3.9/site-packages/airflow/example_dags/example_setup_teardown.py
[2023-08-16T23:42:16.537+0300] {processor.py:826} INFO - Processing file /home/ylan/airflow/venv/lib/python3.9/site-packages/airflow/example_dags/example_setup_teardown.py for tasks to queue
[2023-08-16T23:42:16.539+0300] {logging_mixin.py:150} INFO - [2023-08-16T23:42:16.538+0300] {dagbag.py:541} INFO - Filling up the DagBag from /home/ylan/airflow/venv/lib/python3.9/site-packages/airflow/example_dags/example_setup_teardown.py
[2023-08-16T23:42:16.571+0300] {processor.py:838} WARNING - No viable dags retrieved from /home/ylan/airflow/venv/lib/python3.9/site-packages/airflow/example_dags/example_setup_teardown.py
[2023-08-16T23:42:16.957+0300] {processor.py:179} INFO - Processing /home/ylan/airflow/venv/lib/python3.9/site-packages/airflow/example_dags/example_setup_teardown.py took 0.455 seconds
[2023-08-16T23:42:47.158+0300] {processor.py:157} INFO - Started process (PID=207565) to work on /home/ylan/airflow/venv/lib/python3.9/site-packages/airflow/example_dags/example_setup_teardown.py
[2023-08-16T23:42:47.161+0300] {processor.py:826} INFO - Processing file /home/ylan/airflow/venv/lib/python3.9/site-packages/airflow/example_dags/example_setup_teardown.py for tasks to queue
[2023-08-16T23:42:47.164+0300] {logging_mixin.py:150} INFO - [2023-08-16T23:42:47.163+0300] {dagbag.py:541} INFO - Filling up the DagBag from /home/ylan/airflow/venv/lib/python3.9/site-packages/airflow/example_dags/example_setup_teardown.py
[2023-08-16T23:42:47.173+0300] {processor.py:838} WARNING - No viable dags retrieved from /home/ylan/airflow/venv/lib/python3.9/site-packages/airflow/example_dags/example_setup_teardown.py
[2023-08-16T23:42:47.265+0300] {processor.py:179} INFO - Processing /home/ylan/airflow/venv/lib/python3.9/site-packages/airflow/example_dags/example_setup_teardown.py took 0.122 seconds
[2023-08-16T23:43:20.209+0300] {processor.py:157} INFO - Started process (PID=208158) to work on /home/ylan/airflow/venv/lib/python3.9/site-packages/airflow/example_dags/example_setup_teardown.py
[2023-08-16T23:43:20.223+0300] {processor.py:826} INFO - Processing file /home/ylan/airflow/venv/lib/python3.9/site-packages/airflow/example_dags/example_setup_teardown.py for tasks to queue
[2023-08-16T23:43:20.225+0300] {logging_mixin.py:150} INFO - [2023-08-16T23:43:20.224+0300] {dagbag.py:541} INFO - Filling up the DagBag from /home/ylan/airflow/venv/lib/python3.9/site-packages/airflow/example_dags/example_setup_teardown.py
[2023-08-16T23:43:20.254+0300] {processor.py:838} WARNING - No viable dags retrieved from /home/ylan/airflow/venv/lib/python3.9/site-packages/airflow/example_dags/example_setup_teardown.py
[2023-08-16T23:43:20.581+0300] {processor.py:179} INFO - Processing /home/ylan/airflow/venv/lib/python3.9/site-packages/airflow/example_dags/example_setup_teardown.py took 0.412 seconds
[2023-08-16T23:43:51.749+0300] {processor.py:157} INFO - Started process (PID=208572) to work on /home/ylan/airflow/venv/lib/python3.9/site-packages/airflow/example_dags/example_setup_teardown.py
[2023-08-16T23:43:51.752+0300] {processor.py:826} INFO - Processing file /home/ylan/airflow/venv/lib/python3.9/site-packages/airflow/example_dags/example_setup_teardown.py for tasks to queue
[2023-08-16T23:43:51.763+0300] {logging_mixin.py:150} INFO - [2023-08-16T23:43:51.762+0300] {dagbag.py:541} INFO - Filling up the DagBag from /home/ylan/airflow/venv/lib/python3.9/site-packages/airflow/example_dags/example_setup_teardown.py
[2023-08-16T23:43:51.780+0300] {processor.py:838} WARNING - No viable dags retrieved from /home/ylan/airflow/venv/lib/python3.9/site-packages/airflow/example_dags/example_setup_teardown.py
[2023-08-16T23:43:51.901+0300] {processor.py:179} INFO - Processing /home/ylan/airflow/venv/lib/python3.9/site-packages/airflow/example_dags/example_setup_teardown.py took 0.182 seconds
[2023-08-16T23:44:22.977+0300] {processor.py:157} INFO - Started process (PID=209125) to work on /home/ylan/airflow/venv/lib/python3.9/site-packages/airflow/example_dags/example_setup_teardown.py
[2023-08-16T23:44:22.986+0300] {processor.py:826} INFO - Processing file /home/ylan/airflow/venv/lib/python3.9/site-packages/airflow/example_dags/example_setup_teardown.py for tasks to queue
[2023-08-16T23:44:22.989+0300] {logging_mixin.py:150} INFO - [2023-08-16T23:44:22.988+0300] {dagbag.py:541} INFO - Filling up the DagBag from /home/ylan/airflow/venv/lib/python3.9/site-packages/airflow/example_dags/example_setup_teardown.py
[2023-08-16T23:44:23.005+0300] {processor.py:838} WARNING - No viable dags retrieved from /home/ylan/airflow/venv/lib/python3.9/site-packages/airflow/example_dags/example_setup_teardown.py
[2023-08-16T23:44:23.273+0300] {processor.py:179} INFO - Processing /home/ylan/airflow/venv/lib/python3.9/site-packages/airflow/example_dags/example_setup_teardown.py took 0.310 seconds
[2023-08-16T23:44:54.023+0300] {processor.py:157} INFO - Started process (PID=209543) to work on /home/ylan/airflow/venv/lib/python3.9/site-packages/airflow/example_dags/example_setup_teardown.py
[2023-08-16T23:44:54.038+0300] {processor.py:826} INFO - Processing file /home/ylan/airflow/venv/lib/python3.9/site-packages/airflow/example_dags/example_setup_teardown.py for tasks to queue
[2023-08-16T23:44:54.049+0300] {logging_mixin.py:150} INFO - [2023-08-16T23:44:54.040+0300] {dagbag.py:541} INFO - Filling up the DagBag from /home/ylan/airflow/venv/lib/python3.9/site-packages/airflow/example_dags/example_setup_teardown.py
[2023-08-16T23:44:54.077+0300] {processor.py:838} WARNING - No viable dags retrieved from /home/ylan/airflow/venv/lib/python3.9/site-packages/airflow/example_dags/example_setup_teardown.py
[2023-08-16T23:44:54.393+0300] {processor.py:179} INFO - Processing /home/ylan/airflow/venv/lib/python3.9/site-packages/airflow/example_dags/example_setup_teardown.py took 0.423 seconds
[2023-08-16T23:45:26.099+0300] {processor.py:157} INFO - Started process (PID=210106) to work on /home/ylan/airflow/venv/lib/python3.9/site-packages/airflow/example_dags/example_setup_teardown.py
[2023-08-16T23:45:26.122+0300] {processor.py:826} INFO - Processing file /home/ylan/airflow/venv/lib/python3.9/site-packages/airflow/example_dags/example_setup_teardown.py for tasks to queue
[2023-08-16T23:45:26.126+0300] {logging_mixin.py:150} INFO - [2023-08-16T23:45:26.125+0300] {dagbag.py:541} INFO - Filling up the DagBag from /home/ylan/airflow/venv/lib/python3.9/site-packages/airflow/example_dags/example_setup_teardown.py
[2023-08-16T23:45:26.147+0300] {processor.py:838} WARNING - No viable dags retrieved from /home/ylan/airflow/venv/lib/python3.9/site-packages/airflow/example_dags/example_setup_teardown.py
[2023-08-16T23:45:26.317+0300] {processor.py:179} INFO - Processing /home/ylan/airflow/venv/lib/python3.9/site-packages/airflow/example_dags/example_setup_teardown.py took 0.270 seconds
[2023-08-16T23:45:57.023+0300] {processor.py:157} INFO - Started process (PID=210518) to work on /home/ylan/airflow/venv/lib/python3.9/site-packages/airflow/example_dags/example_setup_teardown.py
[2023-08-16T23:45:57.027+0300] {processor.py:826} INFO - Processing file /home/ylan/airflow/venv/lib/python3.9/site-packages/airflow/example_dags/example_setup_teardown.py for tasks to queue
[2023-08-16T23:45:57.030+0300] {logging_mixin.py:150} INFO - [2023-08-16T23:45:57.029+0300] {dagbag.py:541} INFO - Filling up the DagBag from /home/ylan/airflow/venv/lib/python3.9/site-packages/airflow/example_dags/example_setup_teardown.py
[2023-08-16T23:45:57.044+0300] {processor.py:838} WARNING - No viable dags retrieved from /home/ylan/airflow/venv/lib/python3.9/site-packages/airflow/example_dags/example_setup_teardown.py
[2023-08-16T23:45:57.293+0300] {processor.py:179} INFO - Processing /home/ylan/airflow/venv/lib/python3.9/site-packages/airflow/example_dags/example_setup_teardown.py took 0.294 seconds
[2023-08-16T23:46:29.962+0300] {processor.py:157} INFO - Started process (PID=211106) to work on /home/ylan/airflow/venv/lib/python3.9/site-packages/airflow/example_dags/example_setup_teardown.py
[2023-08-16T23:46:29.977+0300] {processor.py:826} INFO - Processing file /home/ylan/airflow/venv/lib/python3.9/site-packages/airflow/example_dags/example_setup_teardown.py for tasks to queue
[2023-08-16T23:46:29.982+0300] {logging_mixin.py:150} INFO - [2023-08-16T23:46:29.979+0300] {dagbag.py:541} INFO - Filling up the DagBag from /home/ylan/airflow/venv/lib/python3.9/site-packages/airflow/example_dags/example_setup_teardown.py
[2023-08-16T23:46:30.049+0300] {processor.py:838} WARNING - No viable dags retrieved from /home/ylan/airflow/venv/lib/python3.9/site-packages/airflow/example_dags/example_setup_teardown.py
[2023-08-16T23:46:30.262+0300] {processor.py:179} INFO - Processing /home/ylan/airflow/venv/lib/python3.9/site-packages/airflow/example_dags/example_setup_teardown.py took 0.315 seconds
[2023-08-16T23:47:05.941+0300] {processor.py:157} INFO - Started process (PID=211719) to work on /home/ylan/airflow/venv/lib/python3.9/site-packages/airflow/example_dags/example_setup_teardown.py
[2023-08-16T23:47:05.954+0300] {processor.py:826} INFO - Processing file /home/ylan/airflow/venv/lib/python3.9/site-packages/airflow/example_dags/example_setup_teardown.py for tasks to queue
[2023-08-16T23:47:05.957+0300] {logging_mixin.py:150} INFO - [2023-08-16T23:47:05.956+0300] {dagbag.py:541} INFO - Filling up the DagBag from /home/ylan/airflow/venv/lib/python3.9/site-packages/airflow/example_dags/example_setup_teardown.py
[2023-08-16T23:47:06.009+0300] {processor.py:838} WARNING - No viable dags retrieved from /home/ylan/airflow/venv/lib/python3.9/site-packages/airflow/example_dags/example_setup_teardown.py
[2023-08-16T23:47:06.188+0300] {processor.py:179} INFO - Processing /home/ylan/airflow/venv/lib/python3.9/site-packages/airflow/example_dags/example_setup_teardown.py took 0.271 seconds
[2023-08-16T23:47:37.943+0300] {processor.py:157} INFO - Started process (PID=212144) to work on /home/ylan/airflow/venv/lib/python3.9/site-packages/airflow/example_dags/example_setup_teardown.py
[2023-08-16T23:47:37.966+0300] {processor.py:826} INFO - Processing file /home/ylan/airflow/venv/lib/python3.9/site-packages/airflow/example_dags/example_setup_teardown.py for tasks to queue
[2023-08-16T23:47:37.980+0300] {logging_mixin.py:150} INFO - [2023-08-16T23:47:37.971+0300] {dagbag.py:541} INFO - Filling up the DagBag from /home/ylan/airflow/venv/lib/python3.9/site-packages/airflow/example_dags/example_setup_teardown.py
[2023-08-16T23:47:38.005+0300] {processor.py:838} WARNING - No viable dags retrieved from /home/ylan/airflow/venv/lib/python3.9/site-packages/airflow/example_dags/example_setup_teardown.py
[2023-08-16T23:47:38.191+0300] {processor.py:179} INFO - Processing /home/ylan/airflow/venv/lib/python3.9/site-packages/airflow/example_dags/example_setup_teardown.py took 0.274 seconds
[2023-08-16T23:48:09.307+0300] {processor.py:157} INFO - Started process (PID=212542) to work on /home/ylan/airflow/venv/lib/python3.9/site-packages/airflow/example_dags/example_setup_teardown.py
[2023-08-16T23:48:09.310+0300] {processor.py:826} INFO - Processing file /home/ylan/airflow/venv/lib/python3.9/site-packages/airflow/example_dags/example_setup_teardown.py for tasks to queue
[2023-08-16T23:48:09.314+0300] {logging_mixin.py:150} INFO - [2023-08-16T23:48:09.313+0300] {dagbag.py:541} INFO - Filling up the DagBag from /home/ylan/airflow/venv/lib/python3.9/site-packages/airflow/example_dags/example_setup_teardown.py
[2023-08-16T23:48:09.325+0300] {processor.py:838} WARNING - No viable dags retrieved from /home/ylan/airflow/venv/lib/python3.9/site-packages/airflow/example_dags/example_setup_teardown.py
[2023-08-16T23:48:09.458+0300] {processor.py:179} INFO - Processing /home/ylan/airflow/venv/lib/python3.9/site-packages/airflow/example_dags/example_setup_teardown.py took 0.167 seconds
[2023-08-16T23:48:42.658+0300] {processor.py:157} INFO - Started process (PID=213141) to work on /home/ylan/airflow/venv/lib/python3.9/site-packages/airflow/example_dags/example_setup_teardown.py
[2023-08-16T23:48:42.700+0300] {processor.py:826} INFO - Processing file /home/ylan/airflow/venv/lib/python3.9/site-packages/airflow/example_dags/example_setup_teardown.py for tasks to queue
[2023-08-16T23:48:42.705+0300] {logging_mixin.py:150} INFO - [2023-08-16T23:48:42.702+0300] {dagbag.py:541} INFO - Filling up the DagBag from /home/ylan/airflow/venv/lib/python3.9/site-packages/airflow/example_dags/example_setup_teardown.py
[2023-08-16T23:48:42.720+0300] {processor.py:838} WARNING - No viable dags retrieved from /home/ylan/airflow/venv/lib/python3.9/site-packages/airflow/example_dags/example_setup_teardown.py
[2023-08-16T23:48:42.939+0300] {processor.py:179} INFO - Processing /home/ylan/airflow/venv/lib/python3.9/site-packages/airflow/example_dags/example_setup_teardown.py took 0.337 seconds
[2023-08-16T23:49:14.656+0300] {processor.py:157} INFO - Started process (PID=213728) to work on /home/ylan/airflow/venv/lib/python3.9/site-packages/airflow/example_dags/example_setup_teardown.py
[2023-08-16T23:49:14.666+0300] {processor.py:826} INFO - Processing file /home/ylan/airflow/venv/lib/python3.9/site-packages/airflow/example_dags/example_setup_teardown.py for tasks to queue
[2023-08-16T23:49:14.670+0300] {logging_mixin.py:150} INFO - [2023-08-16T23:49:14.668+0300] {dagbag.py:541} INFO - Filling up the DagBag from /home/ylan/airflow/venv/lib/python3.9/site-packages/airflow/example_dags/example_setup_teardown.py
[2023-08-16T23:49:14.715+0300] {processor.py:838} WARNING - No viable dags retrieved from /home/ylan/airflow/venv/lib/python3.9/site-packages/airflow/example_dags/example_setup_teardown.py
[2023-08-16T23:49:15.023+0300] {processor.py:179} INFO - Processing /home/ylan/airflow/venv/lib/python3.9/site-packages/airflow/example_dags/example_setup_teardown.py took 0.381 seconds
[2023-08-16T23:49:46.224+0300] {processor.py:157} INFO - Started process (PID=214170) to work on /home/ylan/airflow/venv/lib/python3.9/site-packages/airflow/example_dags/example_setup_teardown.py
[2023-08-16T23:49:46.244+0300] {processor.py:826} INFO - Processing file /home/ylan/airflow/venv/lib/python3.9/site-packages/airflow/example_dags/example_setup_teardown.py for tasks to queue
[2023-08-16T23:49:46.247+0300] {logging_mixin.py:150} INFO - [2023-08-16T23:49:46.246+0300] {dagbag.py:541} INFO - Filling up the DagBag from /home/ylan/airflow/venv/lib/python3.9/site-packages/airflow/example_dags/example_setup_teardown.py
[2023-08-16T23:49:46.259+0300] {processor.py:838} WARNING - No viable dags retrieved from /home/ylan/airflow/venv/lib/python3.9/site-packages/airflow/example_dags/example_setup_teardown.py
[2023-08-16T23:49:46.398+0300] {processor.py:179} INFO - Processing /home/ylan/airflow/venv/lib/python3.9/site-packages/airflow/example_dags/example_setup_teardown.py took 0.192 seconds
[2023-08-16T23:50:16.538+0300] {processor.py:157} INFO - Started process (PID=214735) to work on /home/ylan/airflow/venv/lib/python3.9/site-packages/airflow/example_dags/example_setup_teardown.py
[2023-08-16T23:50:16.562+0300] {processor.py:826} INFO - Processing file /home/ylan/airflow/venv/lib/python3.9/site-packages/airflow/example_dags/example_setup_teardown.py for tasks to queue
[2023-08-16T23:50:16.583+0300] {logging_mixin.py:150} INFO - [2023-08-16T23:50:16.581+0300] {dagbag.py:541} INFO - Filling up the DagBag from /home/ylan/airflow/venv/lib/python3.9/site-packages/airflow/example_dags/example_setup_teardown.py
[2023-08-16T23:50:16.595+0300] {processor.py:838} WARNING - No viable dags retrieved from /home/ylan/airflow/venv/lib/python3.9/site-packages/airflow/example_dags/example_setup_teardown.py
[2023-08-16T23:50:16.722+0300] {processor.py:179} INFO - Processing /home/ylan/airflow/venv/lib/python3.9/site-packages/airflow/example_dags/example_setup_teardown.py took 0.204 seconds
[2023-08-16T23:50:47.802+0300] {processor.py:157} INFO - Started process (PID=215129) to work on /home/ylan/airflow/venv/lib/python3.9/site-packages/airflow/example_dags/example_setup_teardown.py
[2023-08-16T23:50:47.820+0300] {processor.py:826} INFO - Processing file /home/ylan/airflow/venv/lib/python3.9/site-packages/airflow/example_dags/example_setup_teardown.py for tasks to queue
[2023-08-16T23:50:47.824+0300] {logging_mixin.py:150} INFO - [2023-08-16T23:50:47.823+0300] {dagbag.py:541} INFO - Filling up the DagBag from /home/ylan/airflow/venv/lib/python3.9/site-packages/airflow/example_dags/example_setup_teardown.py
[2023-08-16T23:50:47.841+0300] {processor.py:838} WARNING - No viable dags retrieved from /home/ylan/airflow/venv/lib/python3.9/site-packages/airflow/example_dags/example_setup_teardown.py
[2023-08-16T23:50:48.027+0300] {processor.py:179} INFO - Processing /home/ylan/airflow/venv/lib/python3.9/site-packages/airflow/example_dags/example_setup_teardown.py took 0.251 seconds
[2023-08-16T23:51:18.189+0300] {processor.py:157} INFO - Started process (PID=215524) to work on /home/ylan/airflow/venv/lib/python3.9/site-packages/airflow/example_dags/example_setup_teardown.py
[2023-08-16T23:51:18.191+0300] {processor.py:826} INFO - Processing file /home/ylan/airflow/venv/lib/python3.9/site-packages/airflow/example_dags/example_setup_teardown.py for tasks to queue
[2023-08-16T23:51:18.194+0300] {logging_mixin.py:150} INFO - [2023-08-16T23:51:18.193+0300] {dagbag.py:541} INFO - Filling up the DagBag from /home/ylan/airflow/venv/lib/python3.9/site-packages/airflow/example_dags/example_setup_teardown.py
[2023-08-16T23:51:18.201+0300] {processor.py:838} WARNING - No viable dags retrieved from /home/ylan/airflow/venv/lib/python3.9/site-packages/airflow/example_dags/example_setup_teardown.py
[2023-08-16T23:51:18.284+0300] {processor.py:179} INFO - Processing /home/ylan/airflow/venv/lib/python3.9/site-packages/airflow/example_dags/example_setup_teardown.py took 0.104 seconds
[2023-08-16T23:51:49.452+0300] {processor.py:157} INFO - Started process (PID=216092) to work on /home/ylan/airflow/venv/lib/python3.9/site-packages/airflow/example_dags/example_setup_teardown.py
[2023-08-16T23:51:49.468+0300] {processor.py:826} INFO - Processing file /home/ylan/airflow/venv/lib/python3.9/site-packages/airflow/example_dags/example_setup_teardown.py for tasks to queue
[2023-08-16T23:51:49.472+0300] {logging_mixin.py:150} INFO - [2023-08-16T23:51:49.471+0300] {dagbag.py:541} INFO - Filling up the DagBag from /home/ylan/airflow/venv/lib/python3.9/site-packages/airflow/example_dags/example_setup_teardown.py
[2023-08-16T23:51:49.501+0300] {processor.py:838} WARNING - No viable dags retrieved from /home/ylan/airflow/venv/lib/python3.9/site-packages/airflow/example_dags/example_setup_teardown.py
[2023-08-16T23:51:49.627+0300] {processor.py:179} INFO - Processing /home/ylan/airflow/venv/lib/python3.9/site-packages/airflow/example_dags/example_setup_teardown.py took 0.223 seconds
[2023-08-16T23:52:20.192+0300] {processor.py:157} INFO - Started process (PID=216645) to work on /home/ylan/airflow/venv/lib/python3.9/site-packages/airflow/example_dags/example_setup_teardown.py
[2023-08-16T23:52:20.195+0300] {processor.py:826} INFO - Processing file /home/ylan/airflow/venv/lib/python3.9/site-packages/airflow/example_dags/example_setup_teardown.py for tasks to queue
[2023-08-16T23:52:20.198+0300] {logging_mixin.py:150} INFO - [2023-08-16T23:52:20.197+0300] {dagbag.py:541} INFO - Filling up the DagBag from /home/ylan/airflow/venv/lib/python3.9/site-packages/airflow/example_dags/example_setup_teardown.py
[2023-08-16T23:52:20.208+0300] {processor.py:838} WARNING - No viable dags retrieved from /home/ylan/airflow/venv/lib/python3.9/site-packages/airflow/example_dags/example_setup_teardown.py
[2023-08-16T23:52:20.344+0300] {processor.py:179} INFO - Processing /home/ylan/airflow/venv/lib/python3.9/site-packages/airflow/example_dags/example_setup_teardown.py took 0.167 seconds
[2023-08-16T23:52:52.606+0300] {processor.py:157} INFO - Started process (PID=217222) to work on /home/ylan/airflow/venv/lib/python3.9/site-packages/airflow/example_dags/example_setup_teardown.py
[2023-08-16T23:52:52.624+0300] {processor.py:826} INFO - Processing file /home/ylan/airflow/venv/lib/python3.9/site-packages/airflow/example_dags/example_setup_teardown.py for tasks to queue
[2023-08-16T23:52:52.627+0300] {logging_mixin.py:150} INFO - [2023-08-16T23:52:52.626+0300] {dagbag.py:541} INFO - Filling up the DagBag from /home/ylan/airflow/venv/lib/python3.9/site-packages/airflow/example_dags/example_setup_teardown.py
[2023-08-16T23:52:52.648+0300] {processor.py:838} WARNING - No viable dags retrieved from /home/ylan/airflow/venv/lib/python3.9/site-packages/airflow/example_dags/example_setup_teardown.py
[2023-08-16T23:52:52.998+0300] {processor.py:179} INFO - Processing /home/ylan/airflow/venv/lib/python3.9/site-packages/airflow/example_dags/example_setup_teardown.py took 0.428 seconds
[2023-08-16T23:53:23.545+0300] {processor.py:157} INFO - Started process (PID=217643) to work on /home/ylan/airflow/venv/lib/python3.9/site-packages/airflow/example_dags/example_setup_teardown.py
[2023-08-16T23:53:23.547+0300] {processor.py:826} INFO - Processing file /home/ylan/airflow/venv/lib/python3.9/site-packages/airflow/example_dags/example_setup_teardown.py for tasks to queue
[2023-08-16T23:53:23.551+0300] {logging_mixin.py:150} INFO - [2023-08-16T23:53:23.550+0300] {dagbag.py:541} INFO - Filling up the DagBag from /home/ylan/airflow/venv/lib/python3.9/site-packages/airflow/example_dags/example_setup_teardown.py
[2023-08-16T23:53:23.561+0300] {processor.py:838} WARNING - No viable dags retrieved from /home/ylan/airflow/venv/lib/python3.9/site-packages/airflow/example_dags/example_setup_teardown.py
[2023-08-16T23:53:23.685+0300] {processor.py:179} INFO - Processing /home/ylan/airflow/venv/lib/python3.9/site-packages/airflow/example_dags/example_setup_teardown.py took 0.196 seconds
[2023-08-16T23:53:54.910+0300] {processor.py:157} INFO - Started process (PID=218081) to work on /home/ylan/airflow/venv/lib/python3.9/site-packages/airflow/example_dags/example_setup_teardown.py
[2023-08-16T23:53:54.915+0300] {processor.py:826} INFO - Processing file /home/ylan/airflow/venv/lib/python3.9/site-packages/airflow/example_dags/example_setup_teardown.py for tasks to queue
[2023-08-16T23:53:54.919+0300] {logging_mixin.py:150} INFO - [2023-08-16T23:53:54.918+0300] {dagbag.py:541} INFO - Filling up the DagBag from /home/ylan/airflow/venv/lib/python3.9/site-packages/airflow/example_dags/example_setup_teardown.py
[2023-08-16T23:53:54.948+0300] {processor.py:838} WARNING - No viable dags retrieved from /home/ylan/airflow/venv/lib/python3.9/site-packages/airflow/example_dags/example_setup_teardown.py
[2023-08-16T23:53:55.253+0300] {processor.py:179} INFO - Processing /home/ylan/airflow/venv/lib/python3.9/site-packages/airflow/example_dags/example_setup_teardown.py took 0.359 seconds
[2023-08-16T23:54:26.958+0300] {processor.py:157} INFO - Started process (PID=218630) to work on /home/ylan/airflow/venv/lib/python3.9/site-packages/airflow/example_dags/example_setup_teardown.py
[2023-08-16T23:54:26.973+0300] {processor.py:826} INFO - Processing file /home/ylan/airflow/venv/lib/python3.9/site-packages/airflow/example_dags/example_setup_teardown.py for tasks to queue
[2023-08-16T23:54:26.977+0300] {logging_mixin.py:150} INFO - [2023-08-16T23:54:26.975+0300] {dagbag.py:541} INFO - Filling up the DagBag from /home/ylan/airflow/venv/lib/python3.9/site-packages/airflow/example_dags/example_setup_teardown.py
[2023-08-16T23:54:26.995+0300] {processor.py:838} WARNING - No viable dags retrieved from /home/ylan/airflow/venv/lib/python3.9/site-packages/airflow/example_dags/example_setup_teardown.py
[2023-08-16T23:54:27.174+0300] {processor.py:179} INFO - Processing /home/ylan/airflow/venv/lib/python3.9/site-packages/airflow/example_dags/example_setup_teardown.py took 0.244 seconds
[2023-08-16T23:54:57.804+0300] {processor.py:157} INFO - Started process (PID=219057) to work on /home/ylan/airflow/venv/lib/python3.9/site-packages/airflow/example_dags/example_setup_teardown.py
[2023-08-16T23:54:57.820+0300] {processor.py:826} INFO - Processing file /home/ylan/airflow/venv/lib/python3.9/site-packages/airflow/example_dags/example_setup_teardown.py for tasks to queue
[2023-08-16T23:54:57.835+0300] {logging_mixin.py:150} INFO - [2023-08-16T23:54:57.834+0300] {dagbag.py:541} INFO - Filling up the DagBag from /home/ylan/airflow/venv/lib/python3.9/site-packages/airflow/example_dags/example_setup_teardown.py
[2023-08-16T23:54:57.847+0300] {processor.py:838} WARNING - No viable dags retrieved from /home/ylan/airflow/venv/lib/python3.9/site-packages/airflow/example_dags/example_setup_teardown.py
[2023-08-16T23:54:57.965+0300] {processor.py:179} INFO - Processing /home/ylan/airflow/venv/lib/python3.9/site-packages/airflow/example_dags/example_setup_teardown.py took 0.179 seconds
[2023-08-16T23:55:29.040+0300] {processor.py:157} INFO - Started process (PID=219669) to work on /home/ylan/airflow/venv/lib/python3.9/site-packages/airflow/example_dags/example_setup_teardown.py
[2023-08-16T23:55:29.052+0300] {processor.py:826} INFO - Processing file /home/ylan/airflow/venv/lib/python3.9/site-packages/airflow/example_dags/example_setup_teardown.py for tasks to queue
[2023-08-16T23:55:29.056+0300] {logging_mixin.py:150} INFO - [2023-08-16T23:55:29.055+0300] {dagbag.py:541} INFO - Filling up the DagBag from /home/ylan/airflow/venv/lib/python3.9/site-packages/airflow/example_dags/example_setup_teardown.py
[2023-08-16T23:55:29.084+0300] {processor.py:838} WARNING - No viable dags retrieved from /home/ylan/airflow/venv/lib/python3.9/site-packages/airflow/example_dags/example_setup_teardown.py
[2023-08-16T23:55:29.220+0300] {processor.py:179} INFO - Processing /home/ylan/airflow/venv/lib/python3.9/site-packages/airflow/example_dags/example_setup_teardown.py took 0.196 seconds
[2023-08-16T23:56:02.077+0300] {processor.py:157} INFO - Started process (PID=220277) to work on /home/ylan/airflow/venv/lib/python3.9/site-packages/airflow/example_dags/example_setup_teardown.py
[2023-08-16T23:56:02.101+0300] {processor.py:826} INFO - Processing file /home/ylan/airflow/venv/lib/python3.9/site-packages/airflow/example_dags/example_setup_teardown.py for tasks to queue
[2023-08-16T23:56:02.113+0300] {logging_mixin.py:150} INFO - [2023-08-16T23:56:02.103+0300] {dagbag.py:541} INFO - Filling up the DagBag from /home/ylan/airflow/venv/lib/python3.9/site-packages/airflow/example_dags/example_setup_teardown.py
[2023-08-16T23:56:02.136+0300] {processor.py:838} WARNING - No viable dags retrieved from /home/ylan/airflow/venv/lib/python3.9/site-packages/airflow/example_dags/example_setup_teardown.py
[2023-08-16T23:56:02.314+0300] {processor.py:179} INFO - Processing /home/ylan/airflow/venv/lib/python3.9/site-packages/airflow/example_dags/example_setup_teardown.py took 0.281 seconds
[2023-08-16T23:56:32.543+0300] {processor.py:157} INFO - Started process (PID=220707) to work on /home/ylan/airflow/venv/lib/python3.9/site-packages/airflow/example_dags/example_setup_teardown.py
[2023-08-16T23:56:32.552+0300] {processor.py:826} INFO - Processing file /home/ylan/airflow/venv/lib/python3.9/site-packages/airflow/example_dags/example_setup_teardown.py for tasks to queue
[2023-08-16T23:56:32.554+0300] {logging_mixin.py:150} INFO - [2023-08-16T23:56:32.553+0300] {dagbag.py:541} INFO - Filling up the DagBag from /home/ylan/airflow/venv/lib/python3.9/site-packages/airflow/example_dags/example_setup_teardown.py
[2023-08-16T23:56:32.560+0300] {processor.py:838} WARNING - No viable dags retrieved from /home/ylan/airflow/venv/lib/python3.9/site-packages/airflow/example_dags/example_setup_teardown.py
[2023-08-16T23:56:32.643+0300] {processor.py:179} INFO - Processing /home/ylan/airflow/venv/lib/python3.9/site-packages/airflow/example_dags/example_setup_teardown.py took 0.110 seconds
[2023-08-16T23:57:05.828+0300] {processor.py:157} INFO - Started process (PID=221121) to work on /home/ylan/airflow/venv/lib/python3.9/site-packages/airflow/example_dags/example_setup_teardown.py
[2023-08-16T23:57:05.837+0300] {processor.py:826} INFO - Processing file /home/ylan/airflow/venv/lib/python3.9/site-packages/airflow/example_dags/example_setup_teardown.py for tasks to queue
[2023-08-16T23:57:05.844+0300] {logging_mixin.py:150} INFO - [2023-08-16T23:57:05.839+0300] {dagbag.py:541} INFO - Filling up the DagBag from /home/ylan/airflow/venv/lib/python3.9/site-packages/airflow/example_dags/example_setup_teardown.py
[2023-08-16T23:57:05.854+0300] {processor.py:838} WARNING - No viable dags retrieved from /home/ylan/airflow/venv/lib/python3.9/site-packages/airflow/example_dags/example_setup_teardown.py
[2023-08-16T23:57:05.998+0300] {processor.py:179} INFO - Processing /home/ylan/airflow/venv/lib/python3.9/site-packages/airflow/example_dags/example_setup_teardown.py took 0.185 seconds
[2023-08-16T23:57:37.145+0300] {processor.py:157} INFO - Started process (PID=221706) to work on /home/ylan/airflow/venv/lib/python3.9/site-packages/airflow/example_dags/example_setup_teardown.py
[2023-08-16T23:57:37.160+0300] {processor.py:826} INFO - Processing file /home/ylan/airflow/venv/lib/python3.9/site-packages/airflow/example_dags/example_setup_teardown.py for tasks to queue
[2023-08-16T23:57:37.165+0300] {logging_mixin.py:150} INFO - [2023-08-16T23:57:37.163+0300] {dagbag.py:541} INFO - Filling up the DagBag from /home/ylan/airflow/venv/lib/python3.9/site-packages/airflow/example_dags/example_setup_teardown.py
[2023-08-16T23:57:37.178+0300] {processor.py:838} WARNING - No viable dags retrieved from /home/ylan/airflow/venv/lib/python3.9/site-packages/airflow/example_dags/example_setup_teardown.py
[2023-08-16T23:57:37.344+0300] {processor.py:179} INFO - Processing /home/ylan/airflow/venv/lib/python3.9/site-packages/airflow/example_dags/example_setup_teardown.py took 0.226 seconds
[2023-08-16T23:58:08.238+0300] {processor.py:157} INFO - Started process (PID=222331) to work on /home/ylan/airflow/venv/lib/python3.9/site-packages/airflow/example_dags/example_setup_teardown.py
[2023-08-16T23:58:08.249+0300] {processor.py:826} INFO - Processing file /home/ylan/airflow/venv/lib/python3.9/site-packages/airflow/example_dags/example_setup_teardown.py for tasks to queue
[2023-08-16T23:58:08.259+0300] {logging_mixin.py:150} INFO - [2023-08-16T23:58:08.251+0300] {dagbag.py:541} INFO - Filling up the DagBag from /home/ylan/airflow/venv/lib/python3.9/site-packages/airflow/example_dags/example_setup_teardown.py
[2023-08-16T23:58:08.274+0300] {processor.py:838} WARNING - No viable dags retrieved from /home/ylan/airflow/venv/lib/python3.9/site-packages/airflow/example_dags/example_setup_teardown.py
[2023-08-16T23:58:08.461+0300] {processor.py:179} INFO - Processing /home/ylan/airflow/venv/lib/python3.9/site-packages/airflow/example_dags/example_setup_teardown.py took 0.247 seconds
[2023-08-16T23:58:50.647+0300] {processor.py:157} INFO - Started process (PID=223043) to work on /home/ylan/airflow/venv/lib/python3.9/site-packages/airflow/example_dags/example_setup_teardown.py
[2023-08-16T23:58:50.659+0300] {processor.py:826} INFO - Processing file /home/ylan/airflow/venv/lib/python3.9/site-packages/airflow/example_dags/example_setup_teardown.py for tasks to queue
[2023-08-16T23:58:50.672+0300] {logging_mixin.py:150} INFO - [2023-08-16T23:58:50.670+0300] {dagbag.py:541} INFO - Filling up the DagBag from /home/ylan/airflow/venv/lib/python3.9/site-packages/airflow/example_dags/example_setup_teardown.py
[2023-08-16T23:58:50.683+0300] {processor.py:838} WARNING - No viable dags retrieved from /home/ylan/airflow/venv/lib/python3.9/site-packages/airflow/example_dags/example_setup_teardown.py
[2023-08-16T23:58:50.787+0300] {processor.py:179} INFO - Processing /home/ylan/airflow/venv/lib/python3.9/site-packages/airflow/example_dags/example_setup_teardown.py took 0.183 seconds
[2023-08-16T23:59:21.855+0300] {processor.py:157} INFO - Started process (PID=223488) to work on /home/ylan/airflow/venv/lib/python3.9/site-packages/airflow/example_dags/example_setup_teardown.py
[2023-08-16T23:59:21.858+0300] {processor.py:826} INFO - Processing file /home/ylan/airflow/venv/lib/python3.9/site-packages/airflow/example_dags/example_setup_teardown.py for tasks to queue
[2023-08-16T23:59:21.862+0300] {logging_mixin.py:150} INFO - [2023-08-16T23:59:21.861+0300] {dagbag.py:541} INFO - Filling up the DagBag from /home/ylan/airflow/venv/lib/python3.9/site-packages/airflow/example_dags/example_setup_teardown.py
[2023-08-16T23:59:21.871+0300] {processor.py:838} WARNING - No viable dags retrieved from /home/ylan/airflow/venv/lib/python3.9/site-packages/airflow/example_dags/example_setup_teardown.py
[2023-08-16T23:59:21.998+0300] {processor.py:179} INFO - Processing /home/ylan/airflow/venv/lib/python3.9/site-packages/airflow/example_dags/example_setup_teardown.py took 0.161 seconds
[2023-08-16T23:59:55.649+0300] {processor.py:157} INFO - Started process (PID=223905) to work on /home/ylan/airflow/venv/lib/python3.9/site-packages/airflow/example_dags/example_setup_teardown.py
[2023-08-16T23:59:55.665+0300] {processor.py:826} INFO - Processing file /home/ylan/airflow/venv/lib/python3.9/site-packages/airflow/example_dags/example_setup_teardown.py for tasks to queue
[2023-08-16T23:59:55.668+0300] {logging_mixin.py:150} INFO - [2023-08-16T23:59:55.667+0300] {dagbag.py:541} INFO - Filling up the DagBag from /home/ylan/airflow/venv/lib/python3.9/site-packages/airflow/example_dags/example_setup_teardown.py
[2023-08-16T23:59:55.678+0300] {processor.py:838} WARNING - No viable dags retrieved from /home/ylan/airflow/venv/lib/python3.9/site-packages/airflow/example_dags/example_setup_teardown.py
[2023-08-16T23:59:55.848+0300] {processor.py:179} INFO - Processing /home/ylan/airflow/venv/lib/python3.9/site-packages/airflow/example_dags/example_setup_teardown.py took 0.230 seconds
[2023-08-17T00:00:32.381+0300] {processor.py:157} INFO - Started process (PID=224421) to work on /home/ylan/airflow/venv/lib/python3.9/site-packages/airflow/example_dags/example_setup_teardown.py
[2023-08-17T00:00:32.397+0300] {processor.py:826} INFO - Processing file /home/ylan/airflow/venv/lib/python3.9/site-packages/airflow/example_dags/example_setup_teardown.py for tasks to queue
[2023-08-17T00:00:32.406+0300] {logging_mixin.py:150} INFO - [2023-08-17T00:00:32.400+0300] {dagbag.py:541} INFO - Filling up the DagBag from /home/ylan/airflow/venv/lib/python3.9/site-packages/airflow/example_dags/example_setup_teardown.py
[2023-08-17T00:00:32.427+0300] {processor.py:838} WARNING - No viable dags retrieved from /home/ylan/airflow/venv/lib/python3.9/site-packages/airflow/example_dags/example_setup_teardown.py
[2023-08-17T00:00:32.600+0300] {processor.py:179} INFO - Processing /home/ylan/airflow/venv/lib/python3.9/site-packages/airflow/example_dags/example_setup_teardown.py took 0.234 seconds
[2023-08-17T00:01:06.985+0300] {processor.py:157} INFO - Started process (PID=224996) to work on /home/ylan/airflow/venv/lib/python3.9/site-packages/airflow/example_dags/example_setup_teardown.py
[2023-08-17T00:01:07.008+0300] {processor.py:826} INFO - Processing file /home/ylan/airflow/venv/lib/python3.9/site-packages/airflow/example_dags/example_setup_teardown.py for tasks to queue
[2023-08-17T00:01:07.013+0300] {logging_mixin.py:150} INFO - [2023-08-17T00:01:07.011+0300] {dagbag.py:541} INFO - Filling up the DagBag from /home/ylan/airflow/venv/lib/python3.9/site-packages/airflow/example_dags/example_setup_teardown.py
[2023-08-17T00:01:07.023+0300] {processor.py:838} WARNING - No viable dags retrieved from /home/ylan/airflow/venv/lib/python3.9/site-packages/airflow/example_dags/example_setup_teardown.py
[2023-08-17T00:01:07.161+0300] {processor.py:179} INFO - Processing /home/ylan/airflow/venv/lib/python3.9/site-packages/airflow/example_dags/example_setup_teardown.py took 0.192 seconds
[2023-08-17T00:01:48.311+0300] {processor.py:157} INFO - Started process (PID=225691) to work on /home/ylan/airflow/venv/lib/python3.9/site-packages/airflow/example_dags/example_setup_teardown.py
[2023-08-17T00:01:48.327+0300] {processor.py:826} INFO - Processing file /home/ylan/airflow/venv/lib/python3.9/site-packages/airflow/example_dags/example_setup_teardown.py for tasks to queue
[2023-08-17T00:01:48.330+0300] {logging_mixin.py:150} INFO - [2023-08-17T00:01:48.329+0300] {dagbag.py:541} INFO - Filling up the DagBag from /home/ylan/airflow/venv/lib/python3.9/site-packages/airflow/example_dags/example_setup_teardown.py
[2023-08-17T00:01:48.351+0300] {processor.py:838} WARNING - No viable dags retrieved from /home/ylan/airflow/venv/lib/python3.9/site-packages/airflow/example_dags/example_setup_teardown.py
[2023-08-17T00:01:48.488+0300] {processor.py:179} INFO - Processing /home/ylan/airflow/venv/lib/python3.9/site-packages/airflow/example_dags/example_setup_teardown.py took 0.195 seconds
[2023-08-17T00:02:21.441+0300] {processor.py:157} INFO - Started process (PID=226267) to work on /home/ylan/airflow/venv/lib/python3.9/site-packages/airflow/example_dags/example_setup_teardown.py
[2023-08-17T00:02:21.449+0300] {processor.py:826} INFO - Processing file /home/ylan/airflow/venv/lib/python3.9/site-packages/airflow/example_dags/example_setup_teardown.py for tasks to queue
[2023-08-17T00:02:21.453+0300] {logging_mixin.py:150} INFO - [2023-08-17T00:02:21.451+0300] {dagbag.py:541} INFO - Filling up the DagBag from /home/ylan/airflow/venv/lib/python3.9/site-packages/airflow/example_dags/example_setup_teardown.py
[2023-08-17T00:02:21.482+0300] {processor.py:838} WARNING - No viable dags retrieved from /home/ylan/airflow/venv/lib/python3.9/site-packages/airflow/example_dags/example_setup_teardown.py
[2023-08-17T00:02:21.694+0300] {processor.py:179} INFO - Processing /home/ylan/airflow/venv/lib/python3.9/site-packages/airflow/example_dags/example_setup_teardown.py took 0.287 seconds
[2023-08-17T00:03:01.802+0300] {processor.py:157} INFO - Started process (PID=226735) to work on /home/ylan/airflow/venv/lib/python3.9/site-packages/airflow/example_dags/example_setup_teardown.py
[2023-08-17T00:03:01.813+0300] {processor.py:826} INFO - Processing file /home/ylan/airflow/venv/lib/python3.9/site-packages/airflow/example_dags/example_setup_teardown.py for tasks to queue
[2023-08-17T00:03:01.816+0300] {logging_mixin.py:150} INFO - [2023-08-17T00:03:01.815+0300] {dagbag.py:541} INFO - Filling up the DagBag from /home/ylan/airflow/venv/lib/python3.9/site-packages/airflow/example_dags/example_setup_teardown.py
[2023-08-17T00:03:01.837+0300] {processor.py:838} WARNING - No viable dags retrieved from /home/ylan/airflow/venv/lib/python3.9/site-packages/airflow/example_dags/example_setup_teardown.py
[2023-08-17T00:03:02.117+0300] {processor.py:179} INFO - Processing /home/ylan/airflow/venv/lib/python3.9/site-packages/airflow/example_dags/example_setup_teardown.py took 0.340 seconds
[2023-08-17T00:03:37.362+0300] {processor.py:157} INFO - Started process (PID=227207) to work on /home/ylan/airflow/venv/lib/python3.9/site-packages/airflow/example_dags/example_setup_teardown.py
[2023-08-17T00:03:37.371+0300] {processor.py:826} INFO - Processing file /home/ylan/airflow/venv/lib/python3.9/site-packages/airflow/example_dags/example_setup_teardown.py for tasks to queue
[2023-08-17T00:03:37.374+0300] {logging_mixin.py:150} INFO - [2023-08-17T00:03:37.373+0300] {dagbag.py:541} INFO - Filling up the DagBag from /home/ylan/airflow/venv/lib/python3.9/site-packages/airflow/example_dags/example_setup_teardown.py
[2023-08-17T00:03:37.394+0300] {processor.py:838} WARNING - No viable dags retrieved from /home/ylan/airflow/venv/lib/python3.9/site-packages/airflow/example_dags/example_setup_teardown.py
[2023-08-17T00:03:37.613+0300] {processor.py:179} INFO - Processing /home/ylan/airflow/venv/lib/python3.9/site-packages/airflow/example_dags/example_setup_teardown.py took 0.268 seconds
[2023-08-17T00:04:09.940+0300] {processor.py:157} INFO - Started process (PID=227748) to work on /home/ylan/airflow/venv/lib/python3.9/site-packages/airflow/example_dags/example_setup_teardown.py
[2023-08-17T00:04:09.949+0300] {processor.py:826} INFO - Processing file /home/ylan/airflow/venv/lib/python3.9/site-packages/airflow/example_dags/example_setup_teardown.py for tasks to queue
[2023-08-17T00:04:09.952+0300] {logging_mixin.py:150} INFO - [2023-08-17T00:04:09.951+0300] {dagbag.py:541} INFO - Filling up the DagBag from /home/ylan/airflow/venv/lib/python3.9/site-packages/airflow/example_dags/example_setup_teardown.py
[2023-08-17T00:04:09.976+0300] {processor.py:838} WARNING - No viable dags retrieved from /home/ylan/airflow/venv/lib/python3.9/site-packages/airflow/example_dags/example_setup_teardown.py
[2023-08-17T00:04:10.124+0300] {processor.py:179} INFO - Processing /home/ylan/airflow/venv/lib/python3.9/site-packages/airflow/example_dags/example_setup_teardown.py took 0.215 seconds
[2023-08-17T00:04:50.716+0300] {processor.py:157} INFO - Started process (PID=228266) to work on /home/ylan/airflow/venv/lib/python3.9/site-packages/airflow/example_dags/example_setup_teardown.py
[2023-08-17T00:04:50.721+0300] {processor.py:826} INFO - Processing file /home/ylan/airflow/venv/lib/python3.9/site-packages/airflow/example_dags/example_setup_teardown.py for tasks to queue
[2023-08-17T00:04:50.724+0300] {logging_mixin.py:150} INFO - [2023-08-17T00:04:50.723+0300] {dagbag.py:541} INFO - Filling up the DagBag from /home/ylan/airflow/venv/lib/python3.9/site-packages/airflow/example_dags/example_setup_teardown.py
[2023-08-17T00:04:50.734+0300] {processor.py:838} WARNING - No viable dags retrieved from /home/ylan/airflow/venv/lib/python3.9/site-packages/airflow/example_dags/example_setup_teardown.py
[2023-08-17T00:04:50.883+0300] {processor.py:179} INFO - Processing /home/ylan/airflow/venv/lib/python3.9/site-packages/airflow/example_dags/example_setup_teardown.py took 0.183 seconds
[2023-08-17T00:05:21.819+0300] {processor.py:157} INFO - Started process (PID=229027) to work on /home/ylan/airflow/venv/lib/python3.9/site-packages/airflow/example_dags/example_setup_teardown.py
[2023-08-17T00:05:21.823+0300] {processor.py:826} INFO - Processing file /home/ylan/airflow/venv/lib/python3.9/site-packages/airflow/example_dags/example_setup_teardown.py for tasks to queue
[2023-08-17T00:05:21.826+0300] {logging_mixin.py:150} INFO - [2023-08-17T00:05:21.825+0300] {dagbag.py:541} INFO - Filling up the DagBag from /home/ylan/airflow/venv/lib/python3.9/site-packages/airflow/example_dags/example_setup_teardown.py
[2023-08-17T00:05:21.833+0300] {processor.py:838} WARNING - No viable dags retrieved from /home/ylan/airflow/venv/lib/python3.9/site-packages/airflow/example_dags/example_setup_teardown.py
[2023-08-17T00:05:21.930+0300] {processor.py:179} INFO - Processing /home/ylan/airflow/venv/lib/python3.9/site-packages/airflow/example_dags/example_setup_teardown.py took 0.124 seconds
[2023-08-17T00:05:59.010+0300] {processor.py:157} INFO - Started process (PID=229523) to work on /home/ylan/airflow/venv/lib/python3.9/site-packages/airflow/example_dags/example_setup_teardown.py
[2023-08-17T00:05:59.021+0300] {processor.py:826} INFO - Processing file /home/ylan/airflow/venv/lib/python3.9/site-packages/airflow/example_dags/example_setup_teardown.py for tasks to queue
[2023-08-17T00:05:59.030+0300] {logging_mixin.py:150} INFO - [2023-08-17T00:05:59.029+0300] {dagbag.py:541} INFO - Filling up the DagBag from /home/ylan/airflow/venv/lib/python3.9/site-packages/airflow/example_dags/example_setup_teardown.py
[2023-08-17T00:05:59.038+0300] {processor.py:838} WARNING - No viable dags retrieved from /home/ylan/airflow/venv/lib/python3.9/site-packages/airflow/example_dags/example_setup_teardown.py
[2023-08-17T00:05:59.274+0300] {processor.py:179} INFO - Processing /home/ylan/airflow/venv/lib/python3.9/site-packages/airflow/example_dags/example_setup_teardown.py took 0.296 seconds
[2023-08-17T00:06:31.941+0300] {processor.py:157} INFO - Started process (PID=229935) to work on /home/ylan/airflow/venv/lib/python3.9/site-packages/airflow/example_dags/example_setup_teardown.py
[2023-08-17T00:06:31.962+0300] {processor.py:826} INFO - Processing file /home/ylan/airflow/venv/lib/python3.9/site-packages/airflow/example_dags/example_setup_teardown.py for tasks to queue
[2023-08-17T00:06:31.973+0300] {logging_mixin.py:150} INFO - [2023-08-17T00:06:31.972+0300] {dagbag.py:541} INFO - Filling up the DagBag from /home/ylan/airflow/venv/lib/python3.9/site-packages/airflow/example_dags/example_setup_teardown.py
[2023-08-17T00:06:32.016+0300] {processor.py:838} WARNING - No viable dags retrieved from /home/ylan/airflow/venv/lib/python3.9/site-packages/airflow/example_dags/example_setup_teardown.py
[2023-08-17T00:06:32.393+0300] {processor.py:179} INFO - Processing /home/ylan/airflow/venv/lib/python3.9/site-packages/airflow/example_dags/example_setup_teardown.py took 0.507 seconds
[2023-08-17T00:07:03.738+0300] {processor.py:157} INFO - Started process (PID=230383) to work on /home/ylan/airflow/venv/lib/python3.9/site-packages/airflow/example_dags/example_setup_teardown.py
[2023-08-17T00:07:03.787+0300] {processor.py:826} INFO - Processing file /home/ylan/airflow/venv/lib/python3.9/site-packages/airflow/example_dags/example_setup_teardown.py for tasks to queue
[2023-08-17T00:07:03.799+0300] {logging_mixin.py:150} INFO - [2023-08-17T00:07:03.794+0300] {dagbag.py:541} INFO - Filling up the DagBag from /home/ylan/airflow/venv/lib/python3.9/site-packages/airflow/example_dags/example_setup_teardown.py
[2023-08-17T00:07:03.828+0300] {processor.py:838} WARNING - No viable dags retrieved from /home/ylan/airflow/venv/lib/python3.9/site-packages/airflow/example_dags/example_setup_teardown.py
[2023-08-17T00:07:04.163+0300] {processor.py:179} INFO - Processing /home/ylan/airflow/venv/lib/python3.9/site-packages/airflow/example_dags/example_setup_teardown.py took 0.492 seconds
[2023-08-17T00:08:30.015+0300] {processor.py:157} INFO - Started process (PID=231931) to work on /home/ylan/airflow/venv/lib/python3.9/site-packages/airflow/example_dags/example_setup_teardown.py
[2023-08-17T00:08:30.022+0300] {processor.py:826} INFO - Processing file /home/ylan/airflow/venv/lib/python3.9/site-packages/airflow/example_dags/example_setup_teardown.py for tasks to queue
[2023-08-17T00:08:30.024+0300] {logging_mixin.py:150} INFO - [2023-08-17T00:08:30.023+0300] {dagbag.py:541} INFO - Filling up the DagBag from /home/ylan/airflow/venv/lib/python3.9/site-packages/airflow/example_dags/example_setup_teardown.py
[2023-08-17T00:08:30.041+0300] {processor.py:838} WARNING - No viable dags retrieved from /home/ylan/airflow/venv/lib/python3.9/site-packages/airflow/example_dags/example_setup_teardown.py
[2023-08-17T00:08:30.206+0300] {processor.py:179} INFO - Processing /home/ylan/airflow/venv/lib/python3.9/site-packages/airflow/example_dags/example_setup_teardown.py took 0.208 seconds
[2023-08-17T00:09:08.679+0300] {processor.py:157} INFO - Started process (PID=232470) to work on /home/ylan/airflow/venv/lib/python3.9/site-packages/airflow/example_dags/example_setup_teardown.py
[2023-08-17T00:09:08.682+0300] {processor.py:826} INFO - Processing file /home/ylan/airflow/venv/lib/python3.9/site-packages/airflow/example_dags/example_setup_teardown.py for tasks to queue
[2023-08-17T00:09:08.685+0300] {logging_mixin.py:150} INFO - [2023-08-17T00:09:08.684+0300] {dagbag.py:541} INFO - Filling up the DagBag from /home/ylan/airflow/venv/lib/python3.9/site-packages/airflow/example_dags/example_setup_teardown.py
[2023-08-17T00:09:08.695+0300] {processor.py:838} WARNING - No viable dags retrieved from /home/ylan/airflow/venv/lib/python3.9/site-packages/airflow/example_dags/example_setup_teardown.py
[2023-08-17T00:09:08.815+0300] {processor.py:179} INFO - Processing /home/ylan/airflow/venv/lib/python3.9/site-packages/airflow/example_dags/example_setup_teardown.py took 0.155 seconds
[2023-08-17T00:09:52.234+0300] {processor.py:157} INFO - Started process (PID=232991) to work on /home/ylan/airflow/venv/lib/python3.9/site-packages/airflow/example_dags/example_setup_teardown.py
[2023-08-17T00:09:52.253+0300] {processor.py:826} INFO - Processing file /home/ylan/airflow/venv/lib/python3.9/site-packages/airflow/example_dags/example_setup_teardown.py for tasks to queue
[2023-08-17T00:09:52.272+0300] {logging_mixin.py:150} INFO - [2023-08-17T00:09:52.255+0300] {dagbag.py:541} INFO - Filling up the DagBag from /home/ylan/airflow/venv/lib/python3.9/site-packages/airflow/example_dags/example_setup_teardown.py
[2023-08-17T00:09:52.328+0300] {processor.py:838} WARNING - No viable dags retrieved from /home/ylan/airflow/venv/lib/python3.9/site-packages/airflow/example_dags/example_setup_teardown.py
[2023-08-17T00:09:52.633+0300] {processor.py:179} INFO - Processing /home/ylan/airflow/venv/lib/python3.9/site-packages/airflow/example_dags/example_setup_teardown.py took 0.511 seconds
[2023-08-17T00:10:29.228+0300] {processor.py:157} INFO - Started process (PID=233474) to work on /home/ylan/airflow/venv/lib/python3.9/site-packages/airflow/example_dags/example_setup_teardown.py
[2023-08-17T00:10:29.269+0300] {processor.py:826} INFO - Processing file /home/ylan/airflow/venv/lib/python3.9/site-packages/airflow/example_dags/example_setup_teardown.py for tasks to queue
[2023-08-17T00:10:29.291+0300] {logging_mixin.py:150} INFO - [2023-08-17T00:10:29.271+0300] {dagbag.py:541} INFO - Filling up the DagBag from /home/ylan/airflow/venv/lib/python3.9/site-packages/airflow/example_dags/example_setup_teardown.py
[2023-08-17T00:10:29.378+0300] {processor.py:838} WARNING - No viable dags retrieved from /home/ylan/airflow/venv/lib/python3.9/site-packages/airflow/example_dags/example_setup_teardown.py
[2023-08-17T00:10:30.045+0300] {processor.py:179} INFO - Processing /home/ylan/airflow/venv/lib/python3.9/site-packages/airflow/example_dags/example_setup_teardown.py took 1.071 seconds
[2023-08-17T00:11:10.915+0300] {processor.py:157} INFO - Started process (PID=234179) to work on /home/ylan/airflow/venv/lib/python3.9/site-packages/airflow/example_dags/example_setup_teardown.py
[2023-08-17T00:11:11.084+0300] {processor.py:826} INFO - Processing file /home/ylan/airflow/venv/lib/python3.9/site-packages/airflow/example_dags/example_setup_teardown.py for tasks to queue
[2023-08-17T00:11:11.088+0300] {logging_mixin.py:150} INFO - [2023-08-17T00:11:11.087+0300] {dagbag.py:541} INFO - Filling up the DagBag from /home/ylan/airflow/venv/lib/python3.9/site-packages/airflow/example_dags/example_setup_teardown.py
[2023-08-17T00:11:11.123+0300] {processor.py:838} WARNING - No viable dags retrieved from /home/ylan/airflow/venv/lib/python3.9/site-packages/airflow/example_dags/example_setup_teardown.py
[2023-08-17T00:11:11.382+0300] {processor.py:179} INFO - Processing /home/ylan/airflow/venv/lib/python3.9/site-packages/airflow/example_dags/example_setup_teardown.py took 0.480 seconds
[2023-08-17T00:11:41.532+0300] {processor.py:157} INFO - Started process (PID=234788) to work on /home/ylan/airflow/venv/lib/python3.9/site-packages/airflow/example_dags/example_setup_teardown.py
[2023-08-17T00:11:41.535+0300] {processor.py:826} INFO - Processing file /home/ylan/airflow/venv/lib/python3.9/site-packages/airflow/example_dags/example_setup_teardown.py for tasks to queue
[2023-08-17T00:11:41.538+0300] {logging_mixin.py:150} INFO - [2023-08-17T00:11:41.537+0300] {dagbag.py:541} INFO - Filling up the DagBag from /home/ylan/airflow/venv/lib/python3.9/site-packages/airflow/example_dags/example_setup_teardown.py
[2023-08-17T00:11:41.545+0300] {processor.py:838} WARNING - No viable dags retrieved from /home/ylan/airflow/venv/lib/python3.9/site-packages/airflow/example_dags/example_setup_teardown.py
[2023-08-17T00:11:41.618+0300] {processor.py:179} INFO - Processing /home/ylan/airflow/venv/lib/python3.9/site-packages/airflow/example_dags/example_setup_teardown.py took 0.096 seconds
[2023-08-17T00:12:12.639+0300] {processor.py:157} INFO - Started process (PID=235372) to work on /home/ylan/airflow/venv/lib/python3.9/site-packages/airflow/example_dags/example_setup_teardown.py
[2023-08-17T00:12:12.657+0300] {processor.py:826} INFO - Processing file /home/ylan/airflow/venv/lib/python3.9/site-packages/airflow/example_dags/example_setup_teardown.py for tasks to queue
[2023-08-17T00:12:12.660+0300] {logging_mixin.py:150} INFO - [2023-08-17T00:12:12.659+0300] {dagbag.py:541} INFO - Filling up the DagBag from /home/ylan/airflow/venv/lib/python3.9/site-packages/airflow/example_dags/example_setup_teardown.py
[2023-08-17T00:12:12.668+0300] {processor.py:838} WARNING - No viable dags retrieved from /home/ylan/airflow/venv/lib/python3.9/site-packages/airflow/example_dags/example_setup_teardown.py
[2023-08-17T00:12:12.747+0300] {processor.py:179} INFO - Processing /home/ylan/airflow/venv/lib/python3.9/site-packages/airflow/example_dags/example_setup_teardown.py took 0.121 seconds
[2023-08-17T00:12:47.074+0300] {processor.py:157} INFO - Started process (PID=235845) to work on /home/ylan/airflow/venv/lib/python3.9/site-packages/airflow/example_dags/example_setup_teardown.py
[2023-08-17T00:12:47.081+0300] {processor.py:826} INFO - Processing file /home/ylan/airflow/venv/lib/python3.9/site-packages/airflow/example_dags/example_setup_teardown.py for tasks to queue
[2023-08-17T00:12:47.084+0300] {logging_mixin.py:150} INFO - [2023-08-17T00:12:47.083+0300] {dagbag.py:541} INFO - Filling up the DagBag from /home/ylan/airflow/venv/lib/python3.9/site-packages/airflow/example_dags/example_setup_teardown.py
[2023-08-17T00:12:47.104+0300] {processor.py:838} WARNING - No viable dags retrieved from /home/ylan/airflow/venv/lib/python3.9/site-packages/airflow/example_dags/example_setup_teardown.py
[2023-08-17T00:12:47.328+0300] {processor.py:179} INFO - Processing /home/ylan/airflow/venv/lib/python3.9/site-packages/airflow/example_dags/example_setup_teardown.py took 0.267 seconds
[2023-08-17T00:13:34.280+0300] {processor.py:157} INFO - Started process (PID=236428) to work on /home/ylan/airflow/venv/lib/python3.9/site-packages/airflow/example_dags/example_setup_teardown.py
[2023-08-17T00:13:34.302+0300] {processor.py:826} INFO - Processing file /home/ylan/airflow/venv/lib/python3.9/site-packages/airflow/example_dags/example_setup_teardown.py for tasks to queue
[2023-08-17T00:13:34.306+0300] {logging_mixin.py:150} INFO - [2023-08-17T00:13:34.305+0300] {dagbag.py:541} INFO - Filling up the DagBag from /home/ylan/airflow/venv/lib/python3.9/site-packages/airflow/example_dags/example_setup_teardown.py
[2023-08-17T00:13:34.317+0300] {processor.py:838} WARNING - No viable dags retrieved from /home/ylan/airflow/venv/lib/python3.9/site-packages/airflow/example_dags/example_setup_teardown.py
[2023-08-17T00:13:34.507+0300] {processor.py:179} INFO - Processing /home/ylan/airflow/venv/lib/python3.9/site-packages/airflow/example_dags/example_setup_teardown.py took 0.256 seconds
[2023-08-17T00:14:05.065+0300] {processor.py:157} INFO - Started process (PID=237065) to work on /home/ylan/airflow/venv/lib/python3.9/site-packages/airflow/example_dags/example_setup_teardown.py
[2023-08-17T00:14:05.067+0300] {processor.py:826} INFO - Processing file /home/ylan/airflow/venv/lib/python3.9/site-packages/airflow/example_dags/example_setup_teardown.py for tasks to queue
[2023-08-17T00:14:05.069+0300] {logging_mixin.py:150} INFO - [2023-08-17T00:14:05.069+0300] {dagbag.py:541} INFO - Filling up the DagBag from /home/ylan/airflow/venv/lib/python3.9/site-packages/airflow/example_dags/example_setup_teardown.py
[2023-08-17T00:14:05.075+0300] {processor.py:838} WARNING - No viable dags retrieved from /home/ylan/airflow/venv/lib/python3.9/site-packages/airflow/example_dags/example_setup_teardown.py
[2023-08-17T00:14:05.136+0300] {processor.py:179} INFO - Processing /home/ylan/airflow/venv/lib/python3.9/site-packages/airflow/example_dags/example_setup_teardown.py took 0.082 seconds
