[2023-08-15T21:47:46.590+0300] {processor.py:157} INFO - Started process (PID=233866) to work on /home/ylan/airflow/dags/extract_task.py
[2023-08-15T21:47:46.592+0300] {processor.py:826} INFO - Processing file /home/ylan/airflow/dags/extract_task.py for tasks to queue
[2023-08-15T21:47:46.594+0300] {logging_mixin.py:150} INFO - [2023-08-15T21:47:46.594+0300] {dagbag.py:541} INFO - Filling up the DagBag from /home/ylan/airflow/dags/extract_task.py
[2023-08-15T21:47:46.619+0300] {processor.py:836} INFO - DAG(s) dict_keys(['dag_data_lake']) retrieved from /home/ylan/airflow/dags/extract_task.py
[2023-08-15T21:47:47.099+0300] {logging_mixin.py:150} INFO - [2023-08-15T21:47:47.098+0300] {manager.py:504} INFO - Created Permission View: can read on DAG:dag_data_lake
[2023-08-15T21:47:47.132+0300] {logging_mixin.py:150} INFO - [2023-08-15T21:47:47.132+0300] {manager.py:504} INFO - Created Permission View: can delete on DAG:dag_data_lake
[2023-08-15T21:47:47.154+0300] {logging_mixin.py:150} INFO - [2023-08-15T21:47:47.154+0300] {manager.py:504} INFO - Created Permission View: can edit on DAG:dag_data_lake
[2023-08-15T21:47:47.202+0300] {logging_mixin.py:150} INFO - [2023-08-15T21:47:47.202+0300] {dag.py:2742} INFO - Sync 1 DAGs
[2023-08-15T21:47:47.238+0300] {logging_mixin.py:150} INFO - [2023-08-15T21:47:47.238+0300] {dag.py:2763} INFO - Creating ORM DAG for dag_data_lake
[2023-08-15T21:47:47.291+0300] {logging_mixin.py:150} INFO - [2023-08-15T21:47:47.290+0300] {dag.py:3504} INFO - Setting next_dagrun for dag_data_lake to 2023-08-15T17:00:00+00:00, run_after=2023-08-15T18:00:00+00:00
[2023-08-15T21:47:47.374+0300] {processor.py:179} INFO - Processing /home/ylan/airflow/dags/extract_task.py took 0.794 seconds
[2023-08-15T21:48:17.512+0300] {processor.py:157} INFO - Started process (PID=234262) to work on /home/ylan/airflow/dags/extract_task.py
[2023-08-15T21:48:17.514+0300] {processor.py:826} INFO - Processing file /home/ylan/airflow/dags/extract_task.py for tasks to queue
[2023-08-15T21:48:17.516+0300] {logging_mixin.py:150} INFO - [2023-08-15T21:48:17.515+0300] {dagbag.py:541} INFO - Filling up the DagBag from /home/ylan/airflow/dags/extract_task.py
[2023-08-15T21:48:17.537+0300] {processor.py:836} INFO - DAG(s) dict_keys(['dag_data_lake']) retrieved from /home/ylan/airflow/dags/extract_task.py
[2023-08-15T21:48:17.691+0300] {logging_mixin.py:150} INFO - [2023-08-15T21:48:17.690+0300] {dag.py:2742} INFO - Sync 1 DAGs
[2023-08-15T21:48:17.909+0300] {logging_mixin.py:150} INFO - [2023-08-15T21:48:17.908+0300] {dag.py:3504} INFO - Setting next_dagrun for dag_data_lake to 2023-08-15T17:00:00+00:00, run_after=2023-08-15T18:00:00+00:00
[2023-08-15T21:48:18.009+0300] {processor.py:179} INFO - Processing /home/ylan/airflow/dags/extract_task.py took 0.507 seconds
[2023-08-15T21:48:48.645+0300] {processor.py:157} INFO - Started process (PID=234890) to work on /home/ylan/airflow/dags/extract_task.py
[2023-08-15T21:48:48.664+0300] {processor.py:826} INFO - Processing file /home/ylan/airflow/dags/extract_task.py for tasks to queue
[2023-08-15T21:48:48.666+0300] {logging_mixin.py:150} INFO - [2023-08-15T21:48:48.665+0300] {dagbag.py:541} INFO - Filling up the DagBag from /home/ylan/airflow/dags/extract_task.py
[2023-08-15T21:48:48.688+0300] {processor.py:836} INFO - DAG(s) dict_keys(['dag_data_lake']) retrieved from /home/ylan/airflow/dags/extract_task.py
[2023-08-15T21:48:48.774+0300] {logging_mixin.py:150} INFO - [2023-08-15T21:48:48.773+0300] {dag.py:2742} INFO - Sync 1 DAGs
[2023-08-15T21:48:48.830+0300] {logging_mixin.py:150} INFO - [2023-08-15T21:48:48.829+0300] {dag.py:3504} INFO - Setting next_dagrun for dag_data_lake to 2023-08-15T17:00:00+00:00, run_after=2023-08-15T18:00:00+00:00
[2023-08-15T21:48:48.877+0300] {processor.py:179} INFO - Processing /home/ylan/airflow/dags/extract_task.py took 0.243 seconds
[2023-08-15T21:49:28.310+0300] {processor.py:157} INFO - Started process (PID=235547) to work on /home/ylan/airflow/dags/extract_task.py
[2023-08-15T21:49:28.320+0300] {processor.py:826} INFO - Processing file /home/ylan/airflow/dags/extract_task.py for tasks to queue
[2023-08-15T21:49:28.323+0300] {logging_mixin.py:150} INFO - [2023-08-15T21:49:28.322+0300] {dagbag.py:541} INFO - Filling up the DagBag from /home/ylan/airflow/dags/extract_task.py
[2023-08-15T21:49:28.382+0300] {processor.py:836} INFO - DAG(s) dict_keys(['dag_data_lake']) retrieved from /home/ylan/airflow/dags/extract_task.py
[2023-08-15T21:49:29.079+0300] {logging_mixin.py:150} INFO - [2023-08-15T21:49:29.079+0300] {dag.py:2742} INFO - Sync 1 DAGs
[2023-08-15T21:49:29.231+0300] {logging_mixin.py:150} INFO - [2023-08-15T21:49:29.231+0300] {dag.py:3504} INFO - Setting next_dagrun for dag_data_lake to 2023-08-15T17:00:00+00:00, run_after=2023-08-15T18:00:00+00:00
[2023-08-15T21:49:29.374+0300] {processor.py:179} INFO - Processing /home/ylan/airflow/dags/extract_task.py took 1.083 seconds
[2023-08-15T21:49:59.821+0300] {processor.py:157} INFO - Started process (PID=235923) to work on /home/ylan/airflow/dags/extract_task.py
[2023-08-15T21:49:59.824+0300] {processor.py:826} INFO - Processing file /home/ylan/airflow/dags/extract_task.py for tasks to queue
[2023-08-15T21:49:59.827+0300] {logging_mixin.py:150} INFO - [2023-08-15T21:49:59.826+0300] {dagbag.py:541} INFO - Filling up the DagBag from /home/ylan/airflow/dags/extract_task.py
[2023-08-15T21:49:59.860+0300] {processor.py:836} INFO - DAG(s) dict_keys(['dag_data_lake']) retrieved from /home/ylan/airflow/dags/extract_task.py
[2023-08-15T21:49:59.983+0300] {logging_mixin.py:150} INFO - [2023-08-15T21:49:59.983+0300] {dag.py:2742} INFO - Sync 1 DAGs
[2023-08-15T21:50:00.066+0300] {logging_mixin.py:150} INFO - [2023-08-15T21:50:00.066+0300] {dag.py:3504} INFO - Setting next_dagrun for dag_data_lake to 2023-08-15T17:00:00+00:00, run_after=2023-08-15T18:00:00+00:00
[2023-08-15T21:50:00.125+0300] {processor.py:179} INFO - Processing /home/ylan/airflow/dags/extract_task.py took 0.321 seconds
[2023-08-15T21:50:36.176+0300] {processor.py:157} INFO - Started process (PID=236331) to work on /home/ylan/airflow/dags/extract_task.py
[2023-08-15T21:50:36.201+0300] {processor.py:826} INFO - Processing file /home/ylan/airflow/dags/extract_task.py for tasks to queue
[2023-08-15T21:50:36.204+0300] {logging_mixin.py:150} INFO - [2023-08-15T21:50:36.203+0300] {dagbag.py:541} INFO - Filling up the DagBag from /home/ylan/airflow/dags/extract_task.py
[2023-08-15T21:50:36.240+0300] {processor.py:836} INFO - DAG(s) dict_keys(['dag_data_lake']) retrieved from /home/ylan/airflow/dags/extract_task.py
[2023-08-15T21:50:37.875+0300] {logging_mixin.py:150} INFO - [2023-08-15T21:50:37.875+0300] {dag.py:2742} INFO - Sync 1 DAGs
[2023-08-15T21:50:38.043+0300] {logging_mixin.py:150} INFO - [2023-08-15T21:50:38.042+0300] {dag.py:3504} INFO - Setting next_dagrun for dag_data_lake to 2023-08-15T17:00:00+00:00, run_after=2023-08-15T18:00:00+00:00
[2023-08-15T21:50:38.198+0300] {processor.py:179} INFO - Processing /home/ylan/airflow/dags/extract_task.py took 2.048 seconds
[2023-08-15T21:51:09.095+0300] {processor.py:157} INFO - Started process (PID=236798) to work on /home/ylan/airflow/dags/extract_task.py
[2023-08-15T21:51:09.112+0300] {processor.py:826} INFO - Processing file /home/ylan/airflow/dags/extract_task.py for tasks to queue
[2023-08-15T21:51:09.115+0300] {logging_mixin.py:150} INFO - [2023-08-15T21:51:09.114+0300] {dagbag.py:541} INFO - Filling up the DagBag from /home/ylan/airflow/dags/extract_task.py
[2023-08-15T21:51:09.135+0300] {processor.py:836} INFO - DAG(s) dict_keys(['dag_data_lake']) retrieved from /home/ylan/airflow/dags/extract_task.py
[2023-08-15T21:51:09.249+0300] {logging_mixin.py:150} INFO - [2023-08-15T21:51:09.248+0300] {dag.py:2742} INFO - Sync 1 DAGs
[2023-08-15T21:51:09.340+0300] {logging_mixin.py:150} INFO - [2023-08-15T21:51:09.339+0300] {dag.py:3504} INFO - Setting next_dagrun for dag_data_lake to 2023-08-15T17:00:00+00:00, run_after=2023-08-15T18:00:00+00:00
[2023-08-15T21:51:09.403+0300] {processor.py:179} INFO - Processing /home/ylan/airflow/dags/extract_task.py took 0.321 seconds
[2023-08-15T21:51:39.764+0300] {processor.py:157} INFO - Started process (PID=237355) to work on /home/ylan/airflow/dags/extract_task.py
[2023-08-15T21:51:39.780+0300] {processor.py:826} INFO - Processing file /home/ylan/airflow/dags/extract_task.py for tasks to queue
[2023-08-15T21:51:39.783+0300] {logging_mixin.py:150} INFO - [2023-08-15T21:51:39.782+0300] {dagbag.py:541} INFO - Filling up the DagBag from /home/ylan/airflow/dags/extract_task.py
[2023-08-15T21:51:39.811+0300] {processor.py:836} INFO - DAG(s) dict_keys(['dag_data_lake']) retrieved from /home/ylan/airflow/dags/extract_task.py
[2023-08-15T21:51:39.939+0300] {logging_mixin.py:150} INFO - [2023-08-15T21:51:39.939+0300] {dag.py:2742} INFO - Sync 1 DAGs
[2023-08-15T21:51:40.039+0300] {logging_mixin.py:150} INFO - [2023-08-15T21:51:40.038+0300] {dag.py:3504} INFO - Setting next_dagrun for dag_data_lake to 2023-08-15T17:00:00+00:00, run_after=2023-08-15T18:00:00+00:00
[2023-08-15T21:51:40.102+0300] {processor.py:179} INFO - Processing /home/ylan/airflow/dags/extract_task.py took 0.348 seconds
[2023-08-15T21:52:10.811+0300] {processor.py:157} INFO - Started process (PID=237914) to work on /home/ylan/airflow/dags/extract_task.py
[2023-08-15T21:52:10.829+0300] {processor.py:826} INFO - Processing file /home/ylan/airflow/dags/extract_task.py for tasks to queue
[2023-08-15T21:52:10.832+0300] {logging_mixin.py:150} INFO - [2023-08-15T21:52:10.831+0300] {dagbag.py:541} INFO - Filling up the DagBag from /home/ylan/airflow/dags/extract_task.py
[2023-08-15T21:52:10.897+0300] {processor.py:836} INFO - DAG(s) dict_keys(['dag_data_lake']) retrieved from /home/ylan/airflow/dags/extract_task.py
[2023-08-15T21:52:11.061+0300] {logging_mixin.py:150} INFO - [2023-08-15T21:52:11.061+0300] {dag.py:2742} INFO - Sync 1 DAGs
[2023-08-15T21:52:11.165+0300] {logging_mixin.py:150} INFO - [2023-08-15T21:52:11.165+0300] {dag.py:3504} INFO - Setting next_dagrun for dag_data_lake to 2023-08-15T17:00:00+00:00, run_after=2023-08-15T18:00:00+00:00
[2023-08-15T21:52:11.245+0300] {processor.py:179} INFO - Processing /home/ylan/airflow/dags/extract_task.py took 0.468 seconds
[2023-08-15T21:52:42.030+0300] {processor.py:157} INFO - Started process (PID=238287) to work on /home/ylan/airflow/dags/extract_task.py
[2023-08-15T21:52:42.034+0300] {processor.py:826} INFO - Processing file /home/ylan/airflow/dags/extract_task.py for tasks to queue
[2023-08-15T21:52:42.037+0300] {logging_mixin.py:150} INFO - [2023-08-15T21:52:42.035+0300] {dagbag.py:541} INFO - Filling up the DagBag from /home/ylan/airflow/dags/extract_task.py
[2023-08-15T21:52:42.089+0300] {processor.py:836} INFO - DAG(s) dict_keys(['dag_data_lake']) retrieved from /home/ylan/airflow/dags/extract_task.py
[2023-08-15T21:52:42.222+0300] {logging_mixin.py:150} INFO - [2023-08-15T21:52:42.222+0300] {dag.py:2742} INFO - Sync 1 DAGs
[2023-08-15T21:52:42.352+0300] {logging_mixin.py:150} INFO - [2023-08-15T21:52:42.352+0300] {dag.py:3504} INFO - Setting next_dagrun for dag_data_lake to 2023-08-15T17:00:00+00:00, run_after=2023-08-15T18:00:00+00:00
[2023-08-15T21:52:42.458+0300] {processor.py:179} INFO - Processing /home/ylan/airflow/dags/extract_task.py took 0.457 seconds
[2023-08-15T21:53:12.899+0300] {processor.py:157} INFO - Started process (PID=238670) to work on /home/ylan/airflow/dags/extract_task.py
[2023-08-15T21:53:12.918+0300] {processor.py:826} INFO - Processing file /home/ylan/airflow/dags/extract_task.py for tasks to queue
[2023-08-15T21:53:12.921+0300] {logging_mixin.py:150} INFO - [2023-08-15T21:53:12.920+0300] {dagbag.py:541} INFO - Filling up the DagBag from /home/ylan/airflow/dags/extract_task.py
[2023-08-15T21:53:12.947+0300] {processor.py:836} INFO - DAG(s) dict_keys(['dag_data_lake']) retrieved from /home/ylan/airflow/dags/extract_task.py
[2023-08-15T21:53:13.070+0300] {logging_mixin.py:150} INFO - [2023-08-15T21:53:13.069+0300] {dag.py:2742} INFO - Sync 1 DAGs
[2023-08-15T21:53:13.165+0300] {logging_mixin.py:150} INFO - [2023-08-15T21:53:13.164+0300] {dag.py:3504} INFO - Setting next_dagrun for dag_data_lake to 2023-08-15T17:00:00+00:00, run_after=2023-08-15T18:00:00+00:00
[2023-08-15T21:53:13.233+0300] {processor.py:179} INFO - Processing /home/ylan/airflow/dags/extract_task.py took 0.348 seconds
[2023-08-15T21:53:44.237+0300] {processor.py:157} INFO - Started process (PID=239237) to work on /home/ylan/airflow/dags/extract_task.py
[2023-08-15T21:53:44.255+0300] {processor.py:826} INFO - Processing file /home/ylan/airflow/dags/extract_task.py for tasks to queue
[2023-08-15T21:53:44.257+0300] {logging_mixin.py:150} INFO - [2023-08-15T21:53:44.256+0300] {dagbag.py:541} INFO - Filling up the DagBag from /home/ylan/airflow/dags/extract_task.py
[2023-08-15T21:53:44.285+0300] {processor.py:836} INFO - DAG(s) dict_keys(['dag_data_lake']) retrieved from /home/ylan/airflow/dags/extract_task.py
[2023-08-15T21:53:44.433+0300] {logging_mixin.py:150} INFO - [2023-08-15T21:53:44.432+0300] {dag.py:2742} INFO - Sync 1 DAGs
[2023-08-15T21:53:44.526+0300] {logging_mixin.py:150} INFO - [2023-08-15T21:53:44.525+0300] {dag.py:3504} INFO - Setting next_dagrun for dag_data_lake to 2023-08-15T17:00:00+00:00, run_after=2023-08-15T18:00:00+00:00
[2023-08-15T21:53:44.604+0300] {processor.py:179} INFO - Processing /home/ylan/airflow/dags/extract_task.py took 0.381 seconds
[2023-08-15T21:54:15.116+0300] {processor.py:157} INFO - Started process (PID=239854) to work on /home/ylan/airflow/dags/extract_task.py
[2023-08-15T21:54:15.133+0300] {processor.py:826} INFO - Processing file /home/ylan/airflow/dags/extract_task.py for tasks to queue
[2023-08-15T21:54:15.135+0300] {logging_mixin.py:150} INFO - [2023-08-15T21:54:15.134+0300] {dagbag.py:541} INFO - Filling up the DagBag from /home/ylan/airflow/dags/extract_task.py
[2023-08-15T21:54:15.161+0300] {processor.py:836} INFO - DAG(s) dict_keys(['dag_data_lake']) retrieved from /home/ylan/airflow/dags/extract_task.py
[2023-08-15T21:54:15.261+0300] {logging_mixin.py:150} INFO - [2023-08-15T21:54:15.261+0300] {dag.py:2742} INFO - Sync 1 DAGs
[2023-08-15T21:54:15.351+0300] {logging_mixin.py:150} INFO - [2023-08-15T21:54:15.350+0300] {dag.py:3504} INFO - Setting next_dagrun for dag_data_lake to 2023-08-15T17:00:00+00:00, run_after=2023-08-15T18:00:00+00:00
[2023-08-15T21:54:15.414+0300] {processor.py:179} INFO - Processing /home/ylan/airflow/dags/extract_task.py took 0.310 seconds
[2023-08-15T21:54:45.564+0300] {processor.py:157} INFO - Started process (PID=240229) to work on /home/ylan/airflow/dags/extract_task.py
[2023-08-15T21:54:45.577+0300] {processor.py:826} INFO - Processing file /home/ylan/airflow/dags/extract_task.py for tasks to queue
[2023-08-15T21:54:45.580+0300] {logging_mixin.py:150} INFO - [2023-08-15T21:54:45.579+0300] {dagbag.py:541} INFO - Filling up the DagBag from /home/ylan/airflow/dags/extract_task.py
[2023-08-15T21:54:45.611+0300] {processor.py:836} INFO - DAG(s) dict_keys(['dag_data_lake']) retrieved from /home/ylan/airflow/dags/extract_task.py
[2023-08-15T21:54:45.746+0300] {logging_mixin.py:150} INFO - [2023-08-15T21:54:45.746+0300] {dag.py:2742} INFO - Sync 1 DAGs
[2023-08-15T21:54:45.860+0300] {logging_mixin.py:150} INFO - [2023-08-15T21:54:45.860+0300] {dag.py:3504} INFO - Setting next_dagrun for dag_data_lake to 2023-08-15T17:00:00+00:00, run_after=2023-08-15T18:00:00+00:00
[2023-08-15T21:54:46.001+0300] {processor.py:179} INFO - Processing /home/ylan/airflow/dags/extract_task.py took 0.454 seconds
[2023-08-15T21:55:16.198+0300] {processor.py:157} INFO - Started process (PID=240666) to work on /home/ylan/airflow/dags/extract_task.py
[2023-08-15T21:55:16.210+0300] {processor.py:826} INFO - Processing file /home/ylan/airflow/dags/extract_task.py for tasks to queue
[2023-08-15T21:55:16.213+0300] {logging_mixin.py:150} INFO - [2023-08-15T21:55:16.212+0300] {dagbag.py:541} INFO - Filling up the DagBag from /home/ylan/airflow/dags/extract_task.py
[2023-08-15T21:55:16.244+0300] {processor.py:836} INFO - DAG(s) dict_keys(['dag_data_lake']) retrieved from /home/ylan/airflow/dags/extract_task.py
[2023-08-15T21:55:16.400+0300] {logging_mixin.py:150} INFO - [2023-08-15T21:55:16.400+0300] {dag.py:2742} INFO - Sync 1 DAGs
[2023-08-15T21:55:16.503+0300] {logging_mixin.py:150} INFO - [2023-08-15T21:55:16.503+0300] {dag.py:3504} INFO - Setting next_dagrun for dag_data_lake to 2023-08-15T17:00:00+00:00, run_after=2023-08-15T18:00:00+00:00
[2023-08-15T21:55:16.583+0300] {processor.py:179} INFO - Processing /home/ylan/airflow/dags/extract_task.py took 0.399 seconds
[2023-08-15T21:55:47.146+0300] {processor.py:157} INFO - Started process (PID=241062) to work on /home/ylan/airflow/dags/extract_task.py
[2023-08-15T21:55:47.158+0300] {processor.py:826} INFO - Processing file /home/ylan/airflow/dags/extract_task.py for tasks to queue
[2023-08-15T21:55:47.161+0300] {logging_mixin.py:150} INFO - [2023-08-15T21:55:47.160+0300] {dagbag.py:541} INFO - Filling up the DagBag from /home/ylan/airflow/dags/extract_task.py
[2023-08-15T21:55:47.186+0300] {processor.py:836} INFO - DAG(s) dict_keys(['dag_data_lake']) retrieved from /home/ylan/airflow/dags/extract_task.py
[2023-08-15T21:55:47.302+0300] {logging_mixin.py:150} INFO - [2023-08-15T21:55:47.301+0300] {dag.py:2742} INFO - Sync 1 DAGs
[2023-08-15T21:55:47.394+0300] {logging_mixin.py:150} INFO - [2023-08-15T21:55:47.394+0300] {dag.py:3504} INFO - Setting next_dagrun for dag_data_lake to 2023-08-15T17:00:00+00:00, run_after=2023-08-15T18:00:00+00:00
[2023-08-15T21:55:47.477+0300] {processor.py:179} INFO - Processing /home/ylan/airflow/dags/extract_task.py took 0.342 seconds
[2023-08-15T21:56:17.850+0300] {processor.py:157} INFO - Started process (PID=241595) to work on /home/ylan/airflow/dags/extract_task.py
[2023-08-15T21:56:17.852+0300] {processor.py:826} INFO - Processing file /home/ylan/airflow/dags/extract_task.py for tasks to queue
[2023-08-15T21:56:17.854+0300] {logging_mixin.py:150} INFO - [2023-08-15T21:56:17.854+0300] {dagbag.py:541} INFO - Filling up the DagBag from /home/ylan/airflow/dags/extract_task.py
[2023-08-15T21:56:17.878+0300] {processor.py:836} INFO - DAG(s) dict_keys(['dag_data_lake']) retrieved from /home/ylan/airflow/dags/extract_task.py
[2023-08-15T21:56:17.995+0300] {logging_mixin.py:150} INFO - [2023-08-15T21:56:17.994+0300] {dag.py:2742} INFO - Sync 1 DAGs
[2023-08-15T21:56:18.087+0300] {logging_mixin.py:150} INFO - [2023-08-15T21:56:18.087+0300] {dag.py:3504} INFO - Setting next_dagrun for dag_data_lake to 2023-08-15T17:00:00+00:00, run_after=2023-08-15T18:00:00+00:00
[2023-08-15T21:56:18.144+0300] {processor.py:179} INFO - Processing /home/ylan/airflow/dags/extract_task.py took 0.308 seconds
[2023-08-15T21:56:48.369+0300] {processor.py:157} INFO - Started process (PID=242202) to work on /home/ylan/airflow/dags/extract_task.py
[2023-08-15T21:56:48.381+0300] {processor.py:826} INFO - Processing file /home/ylan/airflow/dags/extract_task.py for tasks to queue
[2023-08-15T21:56:48.383+0300] {logging_mixin.py:150} INFO - [2023-08-15T21:56:48.382+0300] {dagbag.py:541} INFO - Filling up the DagBag from /home/ylan/airflow/dags/extract_task.py
[2023-08-15T21:56:48.407+0300] {processor.py:836} INFO - DAG(s) dict_keys(['dag_data_lake']) retrieved from /home/ylan/airflow/dags/extract_task.py
[2023-08-15T21:56:48.513+0300] {logging_mixin.py:150} INFO - [2023-08-15T21:56:48.513+0300] {dag.py:2742} INFO - Sync 1 DAGs
[2023-08-15T21:56:48.587+0300] {logging_mixin.py:150} INFO - [2023-08-15T21:56:48.587+0300] {dag.py:3504} INFO - Setting next_dagrun for dag_data_lake to 2023-08-15T17:00:00+00:00, run_after=2023-08-15T18:00:00+00:00
[2023-08-15T21:56:48.657+0300] {processor.py:179} INFO - Processing /home/ylan/airflow/dags/extract_task.py took 0.299 seconds
[2023-08-15T21:57:18.782+0300] {processor.py:157} INFO - Started process (PID=242669) to work on /home/ylan/airflow/dags/extract_task.py
[2023-08-15T21:57:18.804+0300] {processor.py:826} INFO - Processing file /home/ylan/airflow/dags/extract_task.py for tasks to queue
[2023-08-15T21:57:18.808+0300] {logging_mixin.py:150} INFO - [2023-08-15T21:57:18.807+0300] {dagbag.py:541} INFO - Filling up the DagBag from /home/ylan/airflow/dags/extract_task.py
[2023-08-15T21:57:18.837+0300] {processor.py:836} INFO - DAG(s) dict_keys(['dag_data_lake']) retrieved from /home/ylan/airflow/dags/extract_task.py
[2023-08-15T21:57:18.933+0300] {logging_mixin.py:150} INFO - [2023-08-15T21:57:18.932+0300] {dag.py:2742} INFO - Sync 1 DAGs
[2023-08-15T21:57:19.001+0300] {logging_mixin.py:150} INFO - [2023-08-15T21:57:19.001+0300] {dag.py:3504} INFO - Setting next_dagrun for dag_data_lake to 2023-08-15T17:00:00+00:00, run_after=2023-08-15T18:00:00+00:00
[2023-08-15T21:57:19.060+0300] {processor.py:179} INFO - Processing /home/ylan/airflow/dags/extract_task.py took 0.295 seconds
[2023-08-15T21:57:49.241+0300] {processor.py:157} INFO - Started process (PID=243112) to work on /home/ylan/airflow/dags/extract_task.py
[2023-08-15T21:57:49.244+0300] {processor.py:826} INFO - Processing file /home/ylan/airflow/dags/extract_task.py for tasks to queue
[2023-08-15T21:57:49.246+0300] {logging_mixin.py:150} INFO - [2023-08-15T21:57:49.245+0300] {dagbag.py:541} INFO - Filling up the DagBag from /home/ylan/airflow/dags/extract_task.py
[2023-08-15T21:57:49.280+0300] {processor.py:836} INFO - DAG(s) dict_keys(['dag_data_lake']) retrieved from /home/ylan/airflow/dags/extract_task.py
[2023-08-15T21:57:49.528+0300] {logging_mixin.py:150} INFO - [2023-08-15T21:57:49.528+0300] {dag.py:2742} INFO - Sync 1 DAGs
[2023-08-15T21:57:49.636+0300] {logging_mixin.py:150} INFO - [2023-08-15T21:57:49.636+0300] {dag.py:3504} INFO - Setting next_dagrun for dag_data_lake to 2023-08-15T17:00:00+00:00, run_after=2023-08-15T18:00:00+00:00
[2023-08-15T21:57:49.726+0300] {processor.py:179} INFO - Processing /home/ylan/airflow/dags/extract_task.py took 0.506 seconds
