[2023-08-15T21:25:22.989+0300] {processor.py:157} INFO - Started process (PID=214422) to work on /mnt/kali/DataHunt/venv/lib/python3.11/site-packages/airflow/example_dags/example_short_circuit_decorator.py
[2023-08-15T21:25:22.991+0300] {processor.py:826} INFO - Processing file /mnt/kali/DataHunt/venv/lib/python3.11/site-packages/airflow/example_dags/example_short_circuit_decorator.py for tasks to queue
[2023-08-15T21:25:22.994+0300] {logging_mixin.py:150} INFO - [2023-08-15T21:25:22.993+0300] {dagbag.py:541} INFO - Filling up the DagBag from /mnt/kali/DataHunt/venv/lib/python3.11/site-packages/airflow/example_dags/example_short_circuit_decorator.py
[2023-08-15T21:25:23.033+0300] {processor.py:836} INFO - DAG(s) dict_keys(['example_short_circuit_decorator']) retrieved from /mnt/kali/DataHunt/venv/lib/python3.11/site-packages/airflow/example_dags/example_short_circuit_decorator.py
[2023-08-15T21:25:23.633+0300] {logging_mixin.py:150} INFO - [2023-08-15T21:25:23.633+0300] {manager.py:504} INFO - Created Permission View: can edit on DAG:example_short_circuit_decorator
[2023-08-15T21:25:23.745+0300] {logging_mixin.py:150} INFO - [2023-08-15T21:25:23.744+0300] {manager.py:504} INFO - Created Permission View: can delete on DAG:example_short_circuit_decorator
[2023-08-15T21:25:23.845+0300] {logging_mixin.py:150} INFO - [2023-08-15T21:25:23.844+0300] {manager.py:504} INFO - Created Permission View: can read on DAG:example_short_circuit_decorator
[2023-08-15T21:25:23.880+0300] {logging_mixin.py:150} INFO - [2023-08-15T21:25:23.879+0300] {dag.py:2742} INFO - Sync 1 DAGs
[2023-08-15T21:25:23.906+0300] {logging_mixin.py:150} INFO - [2023-08-15T21:25:23.905+0300] {dag.py:2763} INFO - Creating ORM DAG for example_short_circuit_decorator
[2023-08-15T21:25:23.934+0300] {logging_mixin.py:150} INFO - [2023-08-15T21:25:23.934+0300] {dag.py:3504} INFO - Setting next_dagrun for example_short_circuit_decorator to 2023-08-14T18:25:23.933490+00:00, run_after=2023-08-15T18:25:23.933490+00:00
[2023-08-15T21:25:24.182+0300] {processor.py:179} INFO - Processing /mnt/kali/DataHunt/venv/lib/python3.11/site-packages/airflow/example_dags/example_short_circuit_decorator.py took 1.202 seconds
[2023-08-15T21:27:45.424+0300] {processor.py:157} INFO - Started process (PID=216173) to work on /mnt/kali/DataHunt/venv/lib/python3.11/site-packages/airflow/example_dags/example_short_circuit_decorator.py
[2023-08-15T21:27:45.441+0300] {processor.py:826} INFO - Processing file /mnt/kali/DataHunt/venv/lib/python3.11/site-packages/airflow/example_dags/example_short_circuit_decorator.py for tasks to queue
[2023-08-15T21:27:45.444+0300] {logging_mixin.py:150} INFO - [2023-08-15T21:27:45.443+0300] {dagbag.py:541} INFO - Filling up the DagBag from /mnt/kali/DataHunt/venv/lib/python3.11/site-packages/airflow/example_dags/example_short_circuit_decorator.py
[2023-08-15T21:27:45.708+0300] {processor.py:836} INFO - DAG(s) dict_keys(['example_short_circuit_decorator']) retrieved from /mnt/kali/DataHunt/venv/lib/python3.11/site-packages/airflow/example_dags/example_short_circuit_decorator.py
[2023-08-15T21:27:46.092+0300] {logging_mixin.py:150} INFO - [2023-08-15T21:27:46.091+0300] {dag.py:2742} INFO - Sync 1 DAGs
[2023-08-15T21:27:46.628+0300] {logging_mixin.py:150} INFO - [2023-08-15T21:27:46.627+0300] {dag.py:3504} INFO - Setting next_dagrun for example_short_circuit_decorator to 2023-08-14T18:27:46.627218+00:00, run_after=2023-08-15T18:27:46.627218+00:00
[2023-08-15T21:27:46.912+0300] {processor.py:179} INFO - Processing /mnt/kali/DataHunt/venv/lib/python3.11/site-packages/airflow/example_dags/example_short_circuit_decorator.py took 1.569 seconds
[2023-08-15T21:29:23.021+0300] {processor.py:157} INFO - Started process (PID=217306) to work on /mnt/kali/DataHunt/venv/lib/python3.11/site-packages/airflow/example_dags/example_short_circuit_decorator.py
[2023-08-15T21:29:23.038+0300] {processor.py:826} INFO - Processing file /mnt/kali/DataHunt/venv/lib/python3.11/site-packages/airflow/example_dags/example_short_circuit_decorator.py for tasks to queue
[2023-08-15T21:29:23.041+0300] {logging_mixin.py:150} INFO - [2023-08-15T21:29:23.039+0300] {dagbag.py:541} INFO - Filling up the DagBag from /mnt/kali/DataHunt/venv/lib/python3.11/site-packages/airflow/example_dags/example_short_circuit_decorator.py
[2023-08-15T21:29:23.079+0300] {processor.py:836} INFO - DAG(s) dict_keys(['example_short_circuit_decorator']) retrieved from /mnt/kali/DataHunt/venv/lib/python3.11/site-packages/airflow/example_dags/example_short_circuit_decorator.py
[2023-08-15T21:29:23.158+0300] {logging_mixin.py:150} INFO - [2023-08-15T21:29:23.157+0300] {dag.py:2742} INFO - Sync 1 DAGs
[2023-08-15T21:29:23.379+0300] {logging_mixin.py:150} INFO - [2023-08-15T21:29:23.379+0300] {dag.py:3504} INFO - Setting next_dagrun for example_short_circuit_decorator to 2023-08-14T18:29:23.378509+00:00, run_after=2023-08-15T18:29:23.378509+00:00
[2023-08-15T21:29:23.964+0300] {processor.py:179} INFO - Processing /mnt/kali/DataHunt/venv/lib/python3.11/site-packages/airflow/example_dags/example_short_circuit_decorator.py took 0.954 seconds
[2023-08-15T21:47:32.166+0300] {processor.py:157} INFO - Started process (PID=233731) to work on /mnt/kali/DataHunt/venv/lib/python3.11/site-packages/airflow/example_dags/example_short_circuit_decorator.py
[2023-08-15T21:47:32.171+0300] {processor.py:826} INFO - Processing file /mnt/kali/DataHunt/venv/lib/python3.11/site-packages/airflow/example_dags/example_short_circuit_decorator.py for tasks to queue
[2023-08-15T21:47:32.173+0300] {logging_mixin.py:150} INFO - [2023-08-15T21:47:32.172+0300] {dagbag.py:541} INFO - Filling up the DagBag from /mnt/kali/DataHunt/venv/lib/python3.11/site-packages/airflow/example_dags/example_short_circuit_decorator.py
[2023-08-15T21:47:32.207+0300] {processor.py:836} INFO - DAG(s) dict_keys(['example_short_circuit_decorator']) retrieved from /mnt/kali/DataHunt/venv/lib/python3.11/site-packages/airflow/example_dags/example_short_circuit_decorator.py
[2023-08-15T21:47:32.660+0300] {logging_mixin.py:150} INFO - [2023-08-15T21:47:32.659+0300] {manager.py:504} INFO - Created Permission View: can read on DAG:example_short_circuit_decorator
[2023-08-15T21:47:32.715+0300] {logging_mixin.py:150} INFO - [2023-08-15T21:47:32.715+0300] {manager.py:504} INFO - Created Permission View: can delete on DAG:example_short_circuit_decorator
[2023-08-15T21:47:32.806+0300] {logging_mixin.py:150} INFO - [2023-08-15T21:47:32.806+0300] {manager.py:504} INFO - Created Permission View: can edit on DAG:example_short_circuit_decorator
[2023-08-15T21:47:32.852+0300] {logging_mixin.py:150} INFO - [2023-08-15T21:47:32.852+0300] {dag.py:2742} INFO - Sync 1 DAGs
[2023-08-15T21:47:32.891+0300] {logging_mixin.py:150} INFO - [2023-08-15T21:47:32.891+0300] {dag.py:2763} INFO - Creating ORM DAG for example_short_circuit_decorator
[2023-08-15T21:47:32.934+0300] {logging_mixin.py:150} INFO - [2023-08-15T21:47:32.933+0300] {dag.py:3504} INFO - Setting next_dagrun for example_short_circuit_decorator to 2023-08-14T18:47:32.933026+00:00, run_after=2023-08-15T18:47:32.933026+00:00
[2023-08-15T21:47:33.018+0300] {processor.py:179} INFO - Processing /mnt/kali/DataHunt/venv/lib/python3.11/site-packages/airflow/example_dags/example_short_circuit_decorator.py took 0.867 seconds
[2023-08-15T21:48:03.103+0300] {processor.py:157} INFO - Started process (PID=234115) to work on /mnt/kali/DataHunt/venv/lib/python3.11/site-packages/airflow/example_dags/example_short_circuit_decorator.py
[2023-08-15T21:48:03.105+0300] {processor.py:826} INFO - Processing file /mnt/kali/DataHunt/venv/lib/python3.11/site-packages/airflow/example_dags/example_short_circuit_decorator.py for tasks to queue
[2023-08-15T21:48:03.107+0300] {logging_mixin.py:150} INFO - [2023-08-15T21:48:03.106+0300] {dagbag.py:541} INFO - Filling up the DagBag from /mnt/kali/DataHunt/venv/lib/python3.11/site-packages/airflow/example_dags/example_short_circuit_decorator.py
[2023-08-15T21:48:03.135+0300] {processor.py:836} INFO - DAG(s) dict_keys(['example_short_circuit_decorator']) retrieved from /mnt/kali/DataHunt/venv/lib/python3.11/site-packages/airflow/example_dags/example_short_circuit_decorator.py
[2023-08-15T21:48:03.255+0300] {logging_mixin.py:150} INFO - [2023-08-15T21:48:03.255+0300] {dag.py:2742} INFO - Sync 1 DAGs
[2023-08-15T21:48:03.317+0300] {logging_mixin.py:150} INFO - [2023-08-15T21:48:03.317+0300] {dag.py:3504} INFO - Setting next_dagrun for example_short_circuit_decorator to 2023-08-14T18:48:03.316828+00:00, run_after=2023-08-15T18:48:03.316828+00:00
[2023-08-15T21:48:03.367+0300] {processor.py:179} INFO - Processing /mnt/kali/DataHunt/venv/lib/python3.11/site-packages/airflow/example_dags/example_short_circuit_decorator.py took 0.274 seconds
[2023-08-15T21:48:34.547+0300] {processor.py:157} INFO - Started process (PID=234638) to work on /mnt/kali/DataHunt/venv/lib/python3.11/site-packages/airflow/example_dags/example_short_circuit_decorator.py
[2023-08-15T21:48:34.560+0300] {processor.py:826} INFO - Processing file /mnt/kali/DataHunt/venv/lib/python3.11/site-packages/airflow/example_dags/example_short_circuit_decorator.py for tasks to queue
[2023-08-15T21:48:34.564+0300] {logging_mixin.py:150} INFO - [2023-08-15T21:48:34.562+0300] {dagbag.py:541} INFO - Filling up the DagBag from /mnt/kali/DataHunt/venv/lib/python3.11/site-packages/airflow/example_dags/example_short_circuit_decorator.py
[2023-08-15T21:48:34.632+0300] {processor.py:836} INFO - DAG(s) dict_keys(['example_short_circuit_decorator']) retrieved from /mnt/kali/DataHunt/venv/lib/python3.11/site-packages/airflow/example_dags/example_short_circuit_decorator.py
[2023-08-15T21:48:34.941+0300] {logging_mixin.py:150} INFO - [2023-08-15T21:48:34.941+0300] {dag.py:2742} INFO - Sync 1 DAGs
[2023-08-15T21:48:35.038+0300] {logging_mixin.py:150} INFO - [2023-08-15T21:48:35.037+0300] {dag.py:3504} INFO - Setting next_dagrun for example_short_circuit_decorator to 2023-08-14T18:48:35.036788+00:00, run_after=2023-08-15T18:48:35.036788+00:00
[2023-08-15T21:48:35.157+0300] {processor.py:179} INFO - Processing /mnt/kali/DataHunt/venv/lib/python3.11/site-packages/airflow/example_dags/example_short_circuit_decorator.py took 0.626 seconds
[2023-08-15T21:49:07.303+0300] {processor.py:157} INFO - Started process (PID=235137) to work on /mnt/kali/DataHunt/venv/lib/python3.11/site-packages/airflow/example_dags/example_short_circuit_decorator.py
[2023-08-15T21:49:07.305+0300] {processor.py:826} INFO - Processing file /mnt/kali/DataHunt/venv/lib/python3.11/site-packages/airflow/example_dags/example_short_circuit_decorator.py for tasks to queue
[2023-08-15T21:49:07.315+0300] {logging_mixin.py:150} INFO - [2023-08-15T21:49:07.307+0300] {dagbag.py:541} INFO - Filling up the DagBag from /mnt/kali/DataHunt/venv/lib/python3.11/site-packages/airflow/example_dags/example_short_circuit_decorator.py
[2023-08-15T21:49:07.470+0300] {processor.py:836} INFO - DAG(s) dict_keys(['example_short_circuit_decorator']) retrieved from /mnt/kali/DataHunt/venv/lib/python3.11/site-packages/airflow/example_dags/example_short_circuit_decorator.py
[2023-08-15T21:49:07.875+0300] {logging_mixin.py:150} INFO - [2023-08-15T21:49:07.875+0300] {dag.py:2742} INFO - Sync 1 DAGs
[2023-08-15T21:49:08.345+0300] {logging_mixin.py:150} INFO - [2023-08-15T21:49:08.344+0300] {dag.py:3504} INFO - Setting next_dagrun for example_short_circuit_decorator to 2023-08-14T18:49:08.343962+00:00, run_after=2023-08-15T18:49:08.343962+00:00
[2023-08-15T21:49:10.231+0300] {processor.py:179} INFO - Processing /mnt/kali/DataHunt/venv/lib/python3.11/site-packages/airflow/example_dags/example_short_circuit_decorator.py took 2.966 seconds
[2023-08-15T21:49:40.631+0300] {processor.py:157} INFO - Started process (PID=235702) to work on /mnt/kali/DataHunt/venv/lib/python3.11/site-packages/airflow/example_dags/example_short_circuit_decorator.py
[2023-08-15T21:49:40.633+0300] {processor.py:826} INFO - Processing file /mnt/kali/DataHunt/venv/lib/python3.11/site-packages/airflow/example_dags/example_short_circuit_decorator.py for tasks to queue
[2023-08-15T21:49:40.635+0300] {logging_mixin.py:150} INFO - [2023-08-15T21:49:40.634+0300] {dagbag.py:541} INFO - Filling up the DagBag from /mnt/kali/DataHunt/venv/lib/python3.11/site-packages/airflow/example_dags/example_short_circuit_decorator.py
[2023-08-15T21:49:40.665+0300] {processor.py:836} INFO - DAG(s) dict_keys(['example_short_circuit_decorator']) retrieved from /mnt/kali/DataHunt/venv/lib/python3.11/site-packages/airflow/example_dags/example_short_circuit_decorator.py
[2023-08-15T21:49:40.769+0300] {logging_mixin.py:150} INFO - [2023-08-15T21:49:40.769+0300] {dag.py:2742} INFO - Sync 1 DAGs
[2023-08-15T21:49:40.863+0300] {logging_mixin.py:150} INFO - [2023-08-15T21:49:40.863+0300] {dag.py:3504} INFO - Setting next_dagrun for example_short_circuit_decorator to 2023-08-14T18:49:40.862868+00:00, run_after=2023-08-15T18:49:40.862868+00:00
[2023-08-15T21:49:40.928+0300] {processor.py:179} INFO - Processing /mnt/kali/DataHunt/venv/lib/python3.11/site-packages/airflow/example_dags/example_short_circuit_decorator.py took 0.308 seconds
[2023-08-15T21:50:11.629+0300] {processor.py:157} INFO - Started process (PID=236038) to work on /mnt/kali/DataHunt/venv/lib/python3.11/site-packages/airflow/example_dags/example_short_circuit_decorator.py
[2023-08-15T21:50:11.647+0300] {processor.py:826} INFO - Processing file /mnt/kali/DataHunt/venv/lib/python3.11/site-packages/airflow/example_dags/example_short_circuit_decorator.py for tasks to queue
[2023-08-15T21:50:11.650+0300] {logging_mixin.py:150} INFO - [2023-08-15T21:50:11.649+0300] {dagbag.py:541} INFO - Filling up the DagBag from /mnt/kali/DataHunt/venv/lib/python3.11/site-packages/airflow/example_dags/example_short_circuit_decorator.py
[2023-08-15T21:50:11.804+0300] {processor.py:836} INFO - DAG(s) dict_keys(['example_short_circuit_decorator']) retrieved from /mnt/kali/DataHunt/venv/lib/python3.11/site-packages/airflow/example_dags/example_short_circuit_decorator.py
[2023-08-15T21:50:12.023+0300] {logging_mixin.py:150} INFO - [2023-08-15T21:50:12.023+0300] {dag.py:2742} INFO - Sync 1 DAGs
[2023-08-15T21:50:12.137+0300] {logging_mixin.py:150} INFO - [2023-08-15T21:50:12.136+0300] {dag.py:3504} INFO - Setting next_dagrun for example_short_circuit_decorator to 2023-08-14T18:50:12.135644+00:00, run_after=2023-08-15T18:50:12.135644+00:00
[2023-08-15T21:50:12.238+0300] {processor.py:179} INFO - Processing /mnt/kali/DataHunt/venv/lib/python3.11/site-packages/airflow/example_dags/example_short_circuit_decorator.py took 0.624 seconds
[2023-08-15T21:50:48.191+0300] {processor.py:157} INFO - Started process (PID=236547) to work on /mnt/kali/DataHunt/venv/lib/python3.11/site-packages/airflow/example_dags/example_short_circuit_decorator.py
[2023-08-15T21:50:48.270+0300] {processor.py:826} INFO - Processing file /mnt/kali/DataHunt/venv/lib/python3.11/site-packages/airflow/example_dags/example_short_circuit_decorator.py for tasks to queue
[2023-08-15T21:50:48.273+0300] {logging_mixin.py:150} INFO - [2023-08-15T21:50:48.272+0300] {dagbag.py:541} INFO - Filling up the DagBag from /mnt/kali/DataHunt/venv/lib/python3.11/site-packages/airflow/example_dags/example_short_circuit_decorator.py
[2023-08-15T21:50:48.333+0300] {processor.py:836} INFO - DAG(s) dict_keys(['example_short_circuit_decorator']) retrieved from /mnt/kali/DataHunt/venv/lib/python3.11/site-packages/airflow/example_dags/example_short_circuit_decorator.py
[2023-08-15T21:50:48.582+0300] {logging_mixin.py:150} INFO - [2023-08-15T21:50:48.582+0300] {dag.py:2742} INFO - Sync 1 DAGs
[2023-08-15T21:50:48.761+0300] {logging_mixin.py:150} INFO - [2023-08-15T21:50:48.760+0300] {dag.py:3504} INFO - Setting next_dagrun for example_short_circuit_decorator to 2023-08-14T18:50:48.759935+00:00, run_after=2023-08-15T18:50:48.759935+00:00
[2023-08-15T21:50:48.957+0300] {processor.py:179} INFO - Processing /mnt/kali/DataHunt/venv/lib/python3.11/site-packages/airflow/example_dags/example_short_circuit_decorator.py took 0.802 seconds
[2023-08-15T21:51:19.200+0300] {processor.py:157} INFO - Started process (PID=236922) to work on /mnt/kali/DataHunt/venv/lib/python3.11/site-packages/airflow/example_dags/example_short_circuit_decorator.py
[2023-08-15T21:51:19.202+0300] {processor.py:826} INFO - Processing file /mnt/kali/DataHunt/venv/lib/python3.11/site-packages/airflow/example_dags/example_short_circuit_decorator.py for tasks to queue
[2023-08-15T21:51:19.204+0300] {logging_mixin.py:150} INFO - [2023-08-15T21:51:19.203+0300] {dagbag.py:541} INFO - Filling up the DagBag from /mnt/kali/DataHunt/venv/lib/python3.11/site-packages/airflow/example_dags/example_short_circuit_decorator.py
[2023-08-15T21:51:19.247+0300] {processor.py:836} INFO - DAG(s) dict_keys(['example_short_circuit_decorator']) retrieved from /mnt/kali/DataHunt/venv/lib/python3.11/site-packages/airflow/example_dags/example_short_circuit_decorator.py
[2023-08-15T21:51:19.388+0300] {logging_mixin.py:150} INFO - [2023-08-15T21:51:19.387+0300] {dag.py:2742} INFO - Sync 1 DAGs
[2023-08-15T21:51:19.477+0300] {logging_mixin.py:150} INFO - [2023-08-15T21:51:19.477+0300] {dag.py:3504} INFO - Setting next_dagrun for example_short_circuit_decorator to 2023-08-14T18:51:19.476716+00:00, run_after=2023-08-15T18:51:19.476716+00:00
[2023-08-15T21:51:19.556+0300] {processor.py:179} INFO - Processing /mnt/kali/DataHunt/venv/lib/python3.11/site-packages/airflow/example_dags/example_short_circuit_decorator.py took 0.366 seconds
[2023-08-15T21:51:50.702+0300] {processor.py:157} INFO - Started process (PID=237573) to work on /mnt/kali/DataHunt/venv/lib/python3.11/site-packages/airflow/example_dags/example_short_circuit_decorator.py
[2023-08-15T21:51:50.704+0300] {processor.py:826} INFO - Processing file /mnt/kali/DataHunt/venv/lib/python3.11/site-packages/airflow/example_dags/example_short_circuit_decorator.py for tasks to queue
[2023-08-15T21:51:50.707+0300] {logging_mixin.py:150} INFO - [2023-08-15T21:51:50.706+0300] {dagbag.py:541} INFO - Filling up the DagBag from /mnt/kali/DataHunt/venv/lib/python3.11/site-packages/airflow/example_dags/example_short_circuit_decorator.py
[2023-08-15T21:51:50.742+0300] {processor.py:836} INFO - DAG(s) dict_keys(['example_short_circuit_decorator']) retrieved from /mnt/kali/DataHunt/venv/lib/python3.11/site-packages/airflow/example_dags/example_short_circuit_decorator.py
[2023-08-15T21:51:50.853+0300] {logging_mixin.py:150} INFO - [2023-08-15T21:51:50.852+0300] {dag.py:2742} INFO - Sync 1 DAGs
[2023-08-15T21:51:50.933+0300] {logging_mixin.py:150} INFO - [2023-08-15T21:51:50.932+0300] {dag.py:3504} INFO - Setting next_dagrun for example_short_circuit_decorator to 2023-08-14T18:51:50.932112+00:00, run_after=2023-08-15T18:51:50.932112+00:00
[2023-08-15T21:51:50.998+0300] {processor.py:179} INFO - Processing /mnt/kali/DataHunt/venv/lib/python3.11/site-packages/airflow/example_dags/example_short_circuit_decorator.py took 0.310 seconds
[2023-08-15T21:52:21.122+0300] {processor.py:157} INFO - Started process (PID=238019) to work on /mnt/kali/DataHunt/venv/lib/python3.11/site-packages/airflow/example_dags/example_short_circuit_decorator.py
[2023-08-15T21:52:21.124+0300] {processor.py:826} INFO - Processing file /mnt/kali/DataHunt/venv/lib/python3.11/site-packages/airflow/example_dags/example_short_circuit_decorator.py for tasks to queue
[2023-08-15T21:52:21.126+0300] {logging_mixin.py:150} INFO - [2023-08-15T21:52:21.125+0300] {dagbag.py:541} INFO - Filling up the DagBag from /mnt/kali/DataHunt/venv/lib/python3.11/site-packages/airflow/example_dags/example_short_circuit_decorator.py
[2023-08-15T21:52:21.163+0300] {processor.py:836} INFO - DAG(s) dict_keys(['example_short_circuit_decorator']) retrieved from /mnt/kali/DataHunt/venv/lib/python3.11/site-packages/airflow/example_dags/example_short_circuit_decorator.py
[2023-08-15T21:52:21.326+0300] {logging_mixin.py:150} INFO - [2023-08-15T21:52:21.326+0300] {dag.py:2742} INFO - Sync 1 DAGs
[2023-08-15T21:52:21.407+0300] {logging_mixin.py:150} INFO - [2023-08-15T21:52:21.406+0300] {dag.py:3504} INFO - Setting next_dagrun for example_short_circuit_decorator to 2023-08-14T18:52:21.405599+00:00, run_after=2023-08-15T18:52:21.405599+00:00
[2023-08-15T21:52:21.473+0300] {processor.py:179} INFO - Processing /mnt/kali/DataHunt/venv/lib/python3.11/site-packages/airflow/example_dags/example_short_circuit_decorator.py took 0.361 seconds
[2023-08-15T21:52:51.630+0300] {processor.py:157} INFO - Started process (PID=238406) to work on /mnt/kali/DataHunt/venv/lib/python3.11/site-packages/airflow/example_dags/example_short_circuit_decorator.py
[2023-08-15T21:52:51.632+0300] {processor.py:826} INFO - Processing file /mnt/kali/DataHunt/venv/lib/python3.11/site-packages/airflow/example_dags/example_short_circuit_decorator.py for tasks to queue
[2023-08-15T21:52:51.634+0300] {logging_mixin.py:150} INFO - [2023-08-15T21:52:51.633+0300] {dagbag.py:541} INFO - Filling up the DagBag from /mnt/kali/DataHunt/venv/lib/python3.11/site-packages/airflow/example_dags/example_short_circuit_decorator.py
[2023-08-15T21:52:51.660+0300] {processor.py:836} INFO - DAG(s) dict_keys(['example_short_circuit_decorator']) retrieved from /mnt/kali/DataHunt/venv/lib/python3.11/site-packages/airflow/example_dags/example_short_circuit_decorator.py
[2023-08-15T21:52:51.752+0300] {logging_mixin.py:150} INFO - [2023-08-15T21:52:51.751+0300] {dag.py:2742} INFO - Sync 1 DAGs
[2023-08-15T21:52:51.813+0300] {logging_mixin.py:150} INFO - [2023-08-15T21:52:51.813+0300] {dag.py:3504} INFO - Setting next_dagrun for example_short_circuit_decorator to 2023-08-14T18:52:51.812722+00:00, run_after=2023-08-15T18:52:51.812722+00:00
[2023-08-15T21:52:51.871+0300] {processor.py:179} INFO - Processing /mnt/kali/DataHunt/venv/lib/python3.11/site-packages/airflow/example_dags/example_short_circuit_decorator.py took 0.251 seconds
[2023-08-15T21:53:23.485+0300] {processor.py:157} INFO - Started process (PID=238900) to work on /mnt/kali/DataHunt/venv/lib/python3.11/site-packages/airflow/example_dags/example_short_circuit_decorator.py
[2023-08-15T21:53:23.492+0300] {processor.py:826} INFO - Processing file /mnt/kali/DataHunt/venv/lib/python3.11/site-packages/airflow/example_dags/example_short_circuit_decorator.py for tasks to queue
[2023-08-15T21:53:23.495+0300] {logging_mixin.py:150} INFO - [2023-08-15T21:53:23.493+0300] {dagbag.py:541} INFO - Filling up the DagBag from /mnt/kali/DataHunt/venv/lib/python3.11/site-packages/airflow/example_dags/example_short_circuit_decorator.py
[2023-08-15T21:53:23.537+0300] {processor.py:836} INFO - DAG(s) dict_keys(['example_short_circuit_decorator']) retrieved from /mnt/kali/DataHunt/venv/lib/python3.11/site-packages/airflow/example_dags/example_short_circuit_decorator.py
[2023-08-15T21:53:23.762+0300] {logging_mixin.py:150} INFO - [2023-08-15T21:53:23.761+0300] {dag.py:2742} INFO - Sync 1 DAGs
[2023-08-15T21:53:23.859+0300] {logging_mixin.py:150} INFO - [2023-08-15T21:53:23.858+0300] {dag.py:3504} INFO - Setting next_dagrun for example_short_circuit_decorator to 2023-08-14T18:53:23.857618+00:00, run_after=2023-08-15T18:53:23.857618+00:00
[2023-08-15T21:53:23.952+0300] {processor.py:179} INFO - Processing /mnt/kali/DataHunt/venv/lib/python3.11/site-packages/airflow/example_dags/example_short_circuit_decorator.py took 0.480 seconds
[2023-08-15T21:53:56.361+0300] {processor.py:157} INFO - Started process (PID=239434) to work on /mnt/kali/DataHunt/venv/lib/python3.11/site-packages/airflow/example_dags/example_short_circuit_decorator.py
[2023-08-15T21:53:56.364+0300] {processor.py:826} INFO - Processing file /mnt/kali/DataHunt/venv/lib/python3.11/site-packages/airflow/example_dags/example_short_circuit_decorator.py for tasks to queue
[2023-08-15T21:53:56.366+0300] {logging_mixin.py:150} INFO - [2023-08-15T21:53:56.365+0300] {dagbag.py:541} INFO - Filling up the DagBag from /mnt/kali/DataHunt/venv/lib/python3.11/site-packages/airflow/example_dags/example_short_circuit_decorator.py
[2023-08-15T21:53:56.433+0300] {processor.py:836} INFO - DAG(s) dict_keys(['example_short_circuit_decorator']) retrieved from /mnt/kali/DataHunt/venv/lib/python3.11/site-packages/airflow/example_dags/example_short_circuit_decorator.py
[2023-08-15T21:53:56.577+0300] {logging_mixin.py:150} INFO - [2023-08-15T21:53:56.576+0300] {dag.py:2742} INFO - Sync 1 DAGs
[2023-08-15T21:53:56.667+0300] {logging_mixin.py:150} INFO - [2023-08-15T21:53:56.666+0300] {dag.py:3504} INFO - Setting next_dagrun for example_short_circuit_decorator to 2023-08-14T18:53:56.666127+00:00, run_after=2023-08-15T18:53:56.666127+00:00
[2023-08-15T21:53:56.781+0300] {processor.py:179} INFO - Processing /mnt/kali/DataHunt/venv/lib/python3.11/site-packages/airflow/example_dags/example_short_circuit_decorator.py took 0.445 seconds
[2023-08-15T21:54:27.236+0300] {processor.py:157} INFO - Started process (PID=239980) to work on /mnt/kali/DataHunt/venv/lib/python3.11/site-packages/airflow/example_dags/example_short_circuit_decorator.py
[2023-08-15T21:54:27.260+0300] {processor.py:826} INFO - Processing file /mnt/kali/DataHunt/venv/lib/python3.11/site-packages/airflow/example_dags/example_short_circuit_decorator.py for tasks to queue
[2023-08-15T21:54:27.268+0300] {logging_mixin.py:150} INFO - [2023-08-15T21:54:27.264+0300] {dagbag.py:541} INFO - Filling up the DagBag from /mnt/kali/DataHunt/venv/lib/python3.11/site-packages/airflow/example_dags/example_short_circuit_decorator.py
[2023-08-15T21:54:27.351+0300] {processor.py:836} INFO - DAG(s) dict_keys(['example_short_circuit_decorator']) retrieved from /mnt/kali/DataHunt/venv/lib/python3.11/site-packages/airflow/example_dags/example_short_circuit_decorator.py
[2023-08-15T21:54:27.701+0300] {logging_mixin.py:150} INFO - [2023-08-15T21:54:27.700+0300] {dag.py:2742} INFO - Sync 1 DAGs
[2023-08-15T21:54:27.868+0300] {logging_mixin.py:150} INFO - [2023-08-15T21:54:27.867+0300] {dag.py:3504} INFO - Setting next_dagrun for example_short_circuit_decorator to 2023-08-14T18:54:27.867022+00:00, run_after=2023-08-15T18:54:27.867022+00:00
[2023-08-15T21:54:27.978+0300] {processor.py:179} INFO - Processing /mnt/kali/DataHunt/venv/lib/python3.11/site-packages/airflow/example_dags/example_short_circuit_decorator.py took 0.794 seconds
[2023-08-15T21:54:59.499+0300] {processor.py:157} INFO - Started process (PID=240367) to work on /mnt/kali/DataHunt/venv/lib/python3.11/site-packages/airflow/example_dags/example_short_circuit_decorator.py
[2023-08-15T21:54:59.530+0300] {processor.py:826} INFO - Processing file /mnt/kali/DataHunt/venv/lib/python3.11/site-packages/airflow/example_dags/example_short_circuit_decorator.py for tasks to queue
[2023-08-15T21:54:59.534+0300] {logging_mixin.py:150} INFO - [2023-08-15T21:54:59.533+0300] {dagbag.py:541} INFO - Filling up the DagBag from /mnt/kali/DataHunt/venv/lib/python3.11/site-packages/airflow/example_dags/example_short_circuit_decorator.py
[2023-08-15T21:54:59.580+0300] {processor.py:836} INFO - DAG(s) dict_keys(['example_short_circuit_decorator']) retrieved from /mnt/kali/DataHunt/venv/lib/python3.11/site-packages/airflow/example_dags/example_short_circuit_decorator.py
[2023-08-15T21:54:59.771+0300] {logging_mixin.py:150} INFO - [2023-08-15T21:54:59.771+0300] {dag.py:2742} INFO - Sync 1 DAGs
[2023-08-15T21:55:00.183+0300] {logging_mixin.py:150} INFO - [2023-08-15T21:55:00.182+0300] {dag.py:3504} INFO - Setting next_dagrun for example_short_circuit_decorator to 2023-08-14T18:55:00.169197+00:00, run_after=2023-08-15T18:55:00.169197+00:00
[2023-08-15T21:55:00.459+0300] {processor.py:179} INFO - Processing /mnt/kali/DataHunt/venv/lib/python3.11/site-packages/airflow/example_dags/example_short_circuit_decorator.py took 1.006 seconds
[2023-08-15T21:55:30.719+0300] {processor.py:157} INFO - Started process (PID=240808) to work on /mnt/kali/DataHunt/venv/lib/python3.11/site-packages/airflow/example_dags/example_short_circuit_decorator.py
[2023-08-15T21:55:30.722+0300] {processor.py:826} INFO - Processing file /mnt/kali/DataHunt/venv/lib/python3.11/site-packages/airflow/example_dags/example_short_circuit_decorator.py for tasks to queue
[2023-08-15T21:55:30.725+0300] {logging_mixin.py:150} INFO - [2023-08-15T21:55:30.724+0300] {dagbag.py:541} INFO - Filling up the DagBag from /mnt/kali/DataHunt/venv/lib/python3.11/site-packages/airflow/example_dags/example_short_circuit_decorator.py
[2023-08-15T21:55:30.799+0300] {processor.py:836} INFO - DAG(s) dict_keys(['example_short_circuit_decorator']) retrieved from /mnt/kali/DataHunt/venv/lib/python3.11/site-packages/airflow/example_dags/example_short_circuit_decorator.py
[2023-08-15T21:55:30.980+0300] {logging_mixin.py:150} INFO - [2023-08-15T21:55:30.980+0300] {dag.py:2742} INFO - Sync 1 DAGs
[2023-08-15T21:55:31.150+0300] {logging_mixin.py:150} INFO - [2023-08-15T21:55:31.149+0300] {dag.py:3504} INFO - Setting next_dagrun for example_short_circuit_decorator to 2023-08-14T18:55:31.148416+00:00, run_after=2023-08-15T18:55:31.148416+00:00
[2023-08-15T21:55:31.256+0300] {processor.py:179} INFO - Processing /mnt/kali/DataHunt/venv/lib/python3.11/site-packages/airflow/example_dags/example_short_circuit_decorator.py took 0.551 seconds
[2023-08-15T21:56:01.816+0300] {processor.py:157} INFO - Started process (PID=241239) to work on /mnt/kali/DataHunt/venv/lib/python3.11/site-packages/airflow/example_dags/example_short_circuit_decorator.py
[2023-08-15T21:56:01.861+0300] {processor.py:826} INFO - Processing file /mnt/kali/DataHunt/venv/lib/python3.11/site-packages/airflow/example_dags/example_short_circuit_decorator.py for tasks to queue
[2023-08-15T21:56:01.865+0300] {logging_mixin.py:150} INFO - [2023-08-15T21:56:01.864+0300] {dagbag.py:541} INFO - Filling up the DagBag from /mnt/kali/DataHunt/venv/lib/python3.11/site-packages/airflow/example_dags/example_short_circuit_decorator.py
[2023-08-15T21:56:01.907+0300] {processor.py:836} INFO - DAG(s) dict_keys(['example_short_circuit_decorator']) retrieved from /mnt/kali/DataHunt/venv/lib/python3.11/site-packages/airflow/example_dags/example_short_circuit_decorator.py
[2023-08-15T21:56:02.008+0300] {logging_mixin.py:150} INFO - [2023-08-15T21:56:02.007+0300] {dag.py:2742} INFO - Sync 1 DAGs
[2023-08-15T21:56:02.088+0300] {logging_mixin.py:150} INFO - [2023-08-15T21:56:02.088+0300] {dag.py:3504} INFO - Setting next_dagrun for example_short_circuit_decorator to 2023-08-14T18:56:02.087845+00:00, run_after=2023-08-15T18:56:02.087845+00:00
[2023-08-15T21:56:02.563+0300] {processor.py:179} INFO - Processing /mnt/kali/DataHunt/venv/lib/python3.11/site-packages/airflow/example_dags/example_short_circuit_decorator.py took 0.759 seconds
[2023-08-15T21:56:33.353+0300] {processor.py:157} INFO - Started process (PID=241801) to work on /mnt/kali/DataHunt/venv/lib/python3.11/site-packages/airflow/example_dags/example_short_circuit_decorator.py
[2023-08-15T21:56:33.357+0300] {processor.py:826} INFO - Processing file /mnt/kali/DataHunt/venv/lib/python3.11/site-packages/airflow/example_dags/example_short_circuit_decorator.py for tasks to queue
[2023-08-15T21:56:33.360+0300] {logging_mixin.py:150} INFO - [2023-08-15T21:56:33.359+0300] {dagbag.py:541} INFO - Filling up the DagBag from /mnt/kali/DataHunt/venv/lib/python3.11/site-packages/airflow/example_dags/example_short_circuit_decorator.py
[2023-08-15T21:56:33.402+0300] {processor.py:836} INFO - DAG(s) dict_keys(['example_short_circuit_decorator']) retrieved from /mnt/kali/DataHunt/venv/lib/python3.11/site-packages/airflow/example_dags/example_short_circuit_decorator.py
[2023-08-15T21:56:33.542+0300] {logging_mixin.py:150} INFO - [2023-08-15T21:56:33.541+0300] {dag.py:2742} INFO - Sync 1 DAGs
[2023-08-15T21:56:33.628+0300] {logging_mixin.py:150} INFO - [2023-08-15T21:56:33.627+0300] {dag.py:3504} INFO - Setting next_dagrun for example_short_circuit_decorator to 2023-08-14T18:56:33.626791+00:00, run_after=2023-08-15T18:56:33.626791+00:00
[2023-08-15T21:56:33.687+0300] {processor.py:179} INFO - Processing /mnt/kali/DataHunt/venv/lib/python3.11/site-packages/airflow/example_dags/example_short_circuit_decorator.py took 0.344 seconds
[2023-08-15T21:57:04.425+0300] {processor.py:157} INFO - Started process (PID=242418) to work on /mnt/kali/DataHunt/venv/lib/python3.11/site-packages/airflow/example_dags/example_short_circuit_decorator.py
[2023-08-15T21:57:04.440+0300] {processor.py:826} INFO - Processing file /mnt/kali/DataHunt/venv/lib/python3.11/site-packages/airflow/example_dags/example_short_circuit_decorator.py for tasks to queue
[2023-08-15T21:57:04.443+0300] {logging_mixin.py:150} INFO - [2023-08-15T21:57:04.442+0300] {dagbag.py:541} INFO - Filling up the DagBag from /mnt/kali/DataHunt/venv/lib/python3.11/site-packages/airflow/example_dags/example_short_circuit_decorator.py
[2023-08-15T21:57:04.481+0300] {processor.py:836} INFO - DAG(s) dict_keys(['example_short_circuit_decorator']) retrieved from /mnt/kali/DataHunt/venv/lib/python3.11/site-packages/airflow/example_dags/example_short_circuit_decorator.py
[2023-08-15T21:57:04.617+0300] {logging_mixin.py:150} INFO - [2023-08-15T21:57:04.616+0300] {dag.py:2742} INFO - Sync 1 DAGs
[2023-08-15T21:57:04.699+0300] {logging_mixin.py:150} INFO - [2023-08-15T21:57:04.699+0300] {dag.py:3504} INFO - Setting next_dagrun for example_short_circuit_decorator to 2023-08-14T18:57:04.697845+00:00, run_after=2023-08-15T18:57:04.697845+00:00
[2023-08-15T21:57:04.807+0300] {processor.py:179} INFO - Processing /mnt/kali/DataHunt/venv/lib/python3.11/site-packages/airflow/example_dags/example_short_circuit_decorator.py took 0.396 seconds
[2023-08-15T21:57:35.095+0300] {processor.py:157} INFO - Started process (PID=242895) to work on /mnt/kali/DataHunt/venv/lib/python3.11/site-packages/airflow/example_dags/example_short_circuit_decorator.py
[2023-08-15T21:57:35.112+0300] {processor.py:826} INFO - Processing file /mnt/kali/DataHunt/venv/lib/python3.11/site-packages/airflow/example_dags/example_short_circuit_decorator.py for tasks to queue
[2023-08-15T21:57:35.114+0300] {logging_mixin.py:150} INFO - [2023-08-15T21:57:35.113+0300] {dagbag.py:541} INFO - Filling up the DagBag from /mnt/kali/DataHunt/venv/lib/python3.11/site-packages/airflow/example_dags/example_short_circuit_decorator.py
[2023-08-15T21:57:35.147+0300] {processor.py:836} INFO - DAG(s) dict_keys(['example_short_circuit_decorator']) retrieved from /mnt/kali/DataHunt/venv/lib/python3.11/site-packages/airflow/example_dags/example_short_circuit_decorator.py
[2023-08-15T21:57:35.288+0300] {logging_mixin.py:150} INFO - [2023-08-15T21:57:35.287+0300] {dag.py:2742} INFO - Sync 1 DAGs
[2023-08-15T21:57:35.398+0300] {logging_mixin.py:150} INFO - [2023-08-15T21:57:35.397+0300] {dag.py:3504} INFO - Setting next_dagrun for example_short_circuit_decorator to 2023-08-14T18:57:35.396648+00:00, run_after=2023-08-15T18:57:35.396648+00:00
[2023-08-15T21:57:35.473+0300] {processor.py:179} INFO - Processing /mnt/kali/DataHunt/venv/lib/python3.11/site-packages/airflow/example_dags/example_short_circuit_decorator.py took 0.404 seconds
