[2023-08-15T21:25:55.722+0300] {processor.py:157} INFO - Started process (PID=214764) to work on /mnt/kali/DataHunt/venv/lib/python3.11/site-packages/airflow/example_dags/example_nested_branch_dag.py
[2023-08-15T21:25:55.725+0300] {processor.py:826} INFO - Processing file /mnt/kali/DataHunt/venv/lib/python3.11/site-packages/airflow/example_dags/example_nested_branch_dag.py for tasks to queue
[2023-08-15T21:25:55.739+0300] {logging_mixin.py:150} INFO - [2023-08-15T21:25:55.737+0300] {dagbag.py:541} INFO - Filling up the DagBag from /mnt/kali/DataHunt/venv/lib/python3.11/site-packages/airflow/example_dags/example_nested_branch_dag.py
[2023-08-15T21:25:55.795+0300] {processor.py:836} INFO - DAG(s) dict_keys(['example_nested_branch_dag']) retrieved from /mnt/kali/DataHunt/venv/lib/python3.11/site-packages/airflow/example_dags/example_nested_branch_dag.py
[2023-08-15T21:25:56.557+0300] {logging_mixin.py:150} INFO - [2023-08-15T21:25:56.556+0300] {manager.py:504} INFO - Created Permission View: can edit on DAG:example_nested_branch_dag
[2023-08-15T21:25:56.657+0300] {logging_mixin.py:150} INFO - [2023-08-15T21:25:56.656+0300] {manager.py:504} INFO - Created Permission View: can delete on DAG:example_nested_branch_dag
[2023-08-15T21:25:56.756+0300] {logging_mixin.py:150} INFO - [2023-08-15T21:25:56.756+0300] {manager.py:504} INFO - Created Permission View: can read on DAG:example_nested_branch_dag
[2023-08-15T21:25:56.800+0300] {logging_mixin.py:150} INFO - [2023-08-15T21:25:56.800+0300] {dag.py:2742} INFO - Sync 1 DAGs
[2023-08-15T21:25:56.842+0300] {logging_mixin.py:150} INFO - [2023-08-15T21:25:56.841+0300] {dag.py:2763} INFO - Creating ORM DAG for example_nested_branch_dag
[2023-08-15T21:25:56.884+0300] {logging_mixin.py:150} INFO - [2023-08-15T21:25:56.884+0300] {dag.py:3504} INFO - Setting next_dagrun for example_nested_branch_dag to 2023-08-14T00:00:00+00:00, run_after=2023-08-15T00:00:00+00:00
[2023-08-15T21:25:57.025+0300] {processor.py:179} INFO - Processing /mnt/kali/DataHunt/venv/lib/python3.11/site-packages/airflow/example_dags/example_nested_branch_dag.py took 1.316 seconds
[2023-08-15T21:28:16.749+0300] {processor.py:157} INFO - Started process (PID=216509) to work on /mnt/kali/DataHunt/venv/lib/python3.11/site-packages/airflow/example_dags/example_nested_branch_dag.py
[2023-08-15T21:28:16.774+0300] {processor.py:826} INFO - Processing file /mnt/kali/DataHunt/venv/lib/python3.11/site-packages/airflow/example_dags/example_nested_branch_dag.py for tasks to queue
[2023-08-15T21:28:16.794+0300] {logging_mixin.py:150} INFO - [2023-08-15T21:28:16.776+0300] {dagbag.py:541} INFO - Filling up the DagBag from /mnt/kali/DataHunt/venv/lib/python3.11/site-packages/airflow/example_dags/example_nested_branch_dag.py
[2023-08-15T21:28:17.227+0300] {processor.py:836} INFO - DAG(s) dict_keys(['example_nested_branch_dag']) retrieved from /mnt/kali/DataHunt/venv/lib/python3.11/site-packages/airflow/example_dags/example_nested_branch_dag.py
[2023-08-15T21:28:17.722+0300] {logging_mixin.py:150} INFO - [2023-08-15T21:28:17.722+0300] {dag.py:2742} INFO - Sync 1 DAGs
[2023-08-15T21:28:18.194+0300] {logging_mixin.py:150} INFO - [2023-08-15T21:28:18.194+0300] {dag.py:3504} INFO - Setting next_dagrun for example_nested_branch_dag to 2023-08-14T00:00:00+00:00, run_after=2023-08-15T00:00:00+00:00
[2023-08-15T21:28:18.698+0300] {processor.py:179} INFO - Processing /mnt/kali/DataHunt/venv/lib/python3.11/site-packages/airflow/example_dags/example_nested_branch_dag.py took 2.001 seconds
[2023-08-15T21:47:36.891+0300] {processor.py:157} INFO - Started process (PID=233771) to work on /mnt/kali/DataHunt/venv/lib/python3.11/site-packages/airflow/example_dags/example_nested_branch_dag.py
[2023-08-15T21:47:36.925+0300] {processor.py:826} INFO - Processing file /mnt/kali/DataHunt/venv/lib/python3.11/site-packages/airflow/example_dags/example_nested_branch_dag.py for tasks to queue
[2023-08-15T21:47:36.928+0300] {logging_mixin.py:150} INFO - [2023-08-15T21:47:36.927+0300] {dagbag.py:541} INFO - Filling up the DagBag from /mnt/kali/DataHunt/venv/lib/python3.11/site-packages/airflow/example_dags/example_nested_branch_dag.py
[2023-08-15T21:47:37.021+0300] {processor.py:836} INFO - DAG(s) dict_keys(['example_nested_branch_dag']) retrieved from /mnt/kali/DataHunt/venv/lib/python3.11/site-packages/airflow/example_dags/example_nested_branch_dag.py
[2023-08-15T21:47:37.495+0300] {logging_mixin.py:150} INFO - [2023-08-15T21:47:37.495+0300] {manager.py:504} INFO - Created Permission View: can read on DAG:example_nested_branch_dag
[2023-08-15T21:47:37.616+0300] {logging_mixin.py:150} INFO - [2023-08-15T21:47:37.616+0300] {manager.py:504} INFO - Created Permission View: can delete on DAG:example_nested_branch_dag
[2023-08-15T21:47:37.710+0300] {logging_mixin.py:150} INFO - [2023-08-15T21:47:37.710+0300] {manager.py:504} INFO - Created Permission View: can edit on DAG:example_nested_branch_dag
[2023-08-15T21:47:37.787+0300] {logging_mixin.py:150} INFO - [2023-08-15T21:47:37.787+0300] {dag.py:2742} INFO - Sync 1 DAGs
[2023-08-15T21:47:37.848+0300] {logging_mixin.py:150} INFO - [2023-08-15T21:47:37.847+0300] {dag.py:2763} INFO - Creating ORM DAG for example_nested_branch_dag
[2023-08-15T21:47:37.901+0300] {logging_mixin.py:150} INFO - [2023-08-15T21:47:37.900+0300] {dag.py:3504} INFO - Setting next_dagrun for example_nested_branch_dag to 2023-08-14T00:00:00+00:00, run_after=2023-08-15T00:00:00+00:00
[2023-08-15T21:47:37.989+0300] {processor.py:179} INFO - Processing /mnt/kali/DataHunt/venv/lib/python3.11/site-packages/airflow/example_dags/example_nested_branch_dag.py took 1.111 seconds
[2023-08-15T21:48:08.175+0300] {processor.py:157} INFO - Started process (PID=234148) to work on /mnt/kali/DataHunt/venv/lib/python3.11/site-packages/airflow/example_dags/example_nested_branch_dag.py
[2023-08-15T21:48:08.177+0300] {processor.py:826} INFO - Processing file /mnt/kali/DataHunt/venv/lib/python3.11/site-packages/airflow/example_dags/example_nested_branch_dag.py for tasks to queue
[2023-08-15T21:48:08.178+0300] {logging_mixin.py:150} INFO - [2023-08-15T21:48:08.178+0300] {dagbag.py:541} INFO - Filling up the DagBag from /mnt/kali/DataHunt/venv/lib/python3.11/site-packages/airflow/example_dags/example_nested_branch_dag.py
[2023-08-15T21:48:08.207+0300] {processor.py:836} INFO - DAG(s) dict_keys(['example_nested_branch_dag']) retrieved from /mnt/kali/DataHunt/venv/lib/python3.11/site-packages/airflow/example_dags/example_nested_branch_dag.py
[2023-08-15T21:48:08.324+0300] {logging_mixin.py:150} INFO - [2023-08-15T21:48:08.323+0300] {dag.py:2742} INFO - Sync 1 DAGs
[2023-08-15T21:48:08.396+0300] {logging_mixin.py:150} INFO - [2023-08-15T21:48:08.396+0300] {dag.py:3504} INFO - Setting next_dagrun for example_nested_branch_dag to 2023-08-14T00:00:00+00:00, run_after=2023-08-15T00:00:00+00:00
[2023-08-15T21:48:08.511+0300] {processor.py:179} INFO - Processing /mnt/kali/DataHunt/venv/lib/python3.11/site-packages/airflow/example_dags/example_nested_branch_dag.py took 0.345 seconds
[2023-08-15T21:48:38.624+0300] {processor.py:157} INFO - Started process (PID=234776) to work on /mnt/kali/DataHunt/venv/lib/python3.11/site-packages/airflow/example_dags/example_nested_branch_dag.py
[2023-08-15T21:48:38.640+0300] {processor.py:826} INFO - Processing file /mnt/kali/DataHunt/venv/lib/python3.11/site-packages/airflow/example_dags/example_nested_branch_dag.py for tasks to queue
[2023-08-15T21:48:38.642+0300] {logging_mixin.py:150} INFO - [2023-08-15T21:48:38.641+0300] {dagbag.py:541} INFO - Filling up the DagBag from /mnt/kali/DataHunt/venv/lib/python3.11/site-packages/airflow/example_dags/example_nested_branch_dag.py
[2023-08-15T21:48:38.681+0300] {processor.py:836} INFO - DAG(s) dict_keys(['example_nested_branch_dag']) retrieved from /mnt/kali/DataHunt/venv/lib/python3.11/site-packages/airflow/example_dags/example_nested_branch_dag.py
[2023-08-15T21:48:38.780+0300] {logging_mixin.py:150} INFO - [2023-08-15T21:48:38.780+0300] {dag.py:2742} INFO - Sync 1 DAGs
[2023-08-15T21:48:38.879+0300] {logging_mixin.py:150} INFO - [2023-08-15T21:48:38.878+0300] {dag.py:3504} INFO - Setting next_dagrun for example_nested_branch_dag to 2023-08-14T00:00:00+00:00, run_after=2023-08-15T00:00:00+00:00
[2023-08-15T21:48:38.939+0300] {processor.py:179} INFO - Processing /mnt/kali/DataHunt/venv/lib/python3.11/site-packages/airflow/example_dags/example_nested_branch_dag.py took 0.328 seconds
[2023-08-15T21:49:18.518+0300] {processor.py:157} INFO - Started process (PID=235308) to work on /mnt/kali/DataHunt/venv/lib/python3.11/site-packages/airflow/example_dags/example_nested_branch_dag.py
[2023-08-15T21:49:18.555+0300] {processor.py:826} INFO - Processing file /mnt/kali/DataHunt/venv/lib/python3.11/site-packages/airflow/example_dags/example_nested_branch_dag.py for tasks to queue
[2023-08-15T21:49:18.558+0300] {logging_mixin.py:150} INFO - [2023-08-15T21:49:18.557+0300] {dagbag.py:541} INFO - Filling up the DagBag from /mnt/kali/DataHunt/venv/lib/python3.11/site-packages/airflow/example_dags/example_nested_branch_dag.py
[2023-08-15T21:49:18.599+0300] {processor.py:836} INFO - DAG(s) dict_keys(['example_nested_branch_dag']) retrieved from /mnt/kali/DataHunt/venv/lib/python3.11/site-packages/airflow/example_dags/example_nested_branch_dag.py
[2023-08-15T21:49:18.882+0300] {logging_mixin.py:150} INFO - [2023-08-15T21:49:18.869+0300] {dag.py:2742} INFO - Sync 1 DAGs
[2023-08-15T21:49:19.898+0300] {logging_mixin.py:150} INFO - [2023-08-15T21:49:19.898+0300] {dag.py:3504} INFO - Setting next_dagrun for example_nested_branch_dag to 2023-08-14T00:00:00+00:00, run_after=2023-08-15T00:00:00+00:00
[2023-08-15T21:49:20.145+0300] {processor.py:179} INFO - Processing /mnt/kali/DataHunt/venv/lib/python3.11/site-packages/airflow/example_dags/example_nested_branch_dag.py took 1.639 seconds
[2023-08-15T21:49:50.744+0300] {processor.py:157} INFO - Started process (PID=235824) to work on /mnt/kali/DataHunt/venv/lib/python3.11/site-packages/airflow/example_dags/example_nested_branch_dag.py
[2023-08-15T21:49:50.754+0300] {processor.py:826} INFO - Processing file /mnt/kali/DataHunt/venv/lib/python3.11/site-packages/airflow/example_dags/example_nested_branch_dag.py for tasks to queue
[2023-08-15T21:49:50.767+0300] {logging_mixin.py:150} INFO - [2023-08-15T21:49:50.756+0300] {dagbag.py:541} INFO - Filling up the DagBag from /mnt/kali/DataHunt/venv/lib/python3.11/site-packages/airflow/example_dags/example_nested_branch_dag.py
[2023-08-15T21:49:50.889+0300] {processor.py:836} INFO - DAG(s) dict_keys(['example_nested_branch_dag']) retrieved from /mnt/kali/DataHunt/venv/lib/python3.11/site-packages/airflow/example_dags/example_nested_branch_dag.py
[2023-08-15T21:49:51.185+0300] {logging_mixin.py:150} INFO - [2023-08-15T21:49:51.184+0300] {dag.py:2742} INFO - Sync 1 DAGs
[2023-08-15T21:49:51.439+0300] {logging_mixin.py:150} INFO - [2023-08-15T21:49:51.413+0300] {dag.py:3504} INFO - Setting next_dagrun for example_nested_branch_dag to 2023-08-14T00:00:00+00:00, run_after=2023-08-15T00:00:00+00:00
[2023-08-15T21:49:52.848+0300] {processor.py:179} INFO - Processing /mnt/kali/DataHunt/venv/lib/python3.11/site-packages/airflow/example_dags/example_nested_branch_dag.py took 2.155 seconds
[2023-08-15T21:50:23.352+0300] {processor.py:157} INFO - Started process (PID=236160) to work on /mnt/kali/DataHunt/venv/lib/python3.11/site-packages/airflow/example_dags/example_nested_branch_dag.py
[2023-08-15T21:50:23.354+0300] {processor.py:826} INFO - Processing file /mnt/kali/DataHunt/venv/lib/python3.11/site-packages/airflow/example_dags/example_nested_branch_dag.py for tasks to queue
[2023-08-15T21:50:23.356+0300] {logging_mixin.py:150} INFO - [2023-08-15T21:50:23.355+0300] {dagbag.py:541} INFO - Filling up the DagBag from /mnt/kali/DataHunt/venv/lib/python3.11/site-packages/airflow/example_dags/example_nested_branch_dag.py
[2023-08-15T21:50:23.395+0300] {processor.py:836} INFO - DAG(s) dict_keys(['example_nested_branch_dag']) retrieved from /mnt/kali/DataHunt/venv/lib/python3.11/site-packages/airflow/example_dags/example_nested_branch_dag.py
[2023-08-15T21:50:23.568+0300] {logging_mixin.py:150} INFO - [2023-08-15T21:50:23.568+0300] {dag.py:2742} INFO - Sync 1 DAGs
[2023-08-15T21:50:23.740+0300] {logging_mixin.py:150} INFO - [2023-08-15T21:50:23.740+0300] {dag.py:3504} INFO - Setting next_dagrun for example_nested_branch_dag to 2023-08-14T00:00:00+00:00, run_after=2023-08-15T00:00:00+00:00
[2023-08-15T21:50:23.840+0300] {processor.py:179} INFO - Processing /mnt/kali/DataHunt/venv/lib/python3.11/site-packages/airflow/example_dags/example_nested_branch_dag.py took 0.504 seconds
[2023-08-15T21:50:54.250+0300] {processor.py:157} INFO - Started process (PID=236625) to work on /mnt/kali/DataHunt/venv/lib/python3.11/site-packages/airflow/example_dags/example_nested_branch_dag.py
[2023-08-15T21:50:54.253+0300] {processor.py:826} INFO - Processing file /mnt/kali/DataHunt/venv/lib/python3.11/site-packages/airflow/example_dags/example_nested_branch_dag.py for tasks to queue
[2023-08-15T21:50:54.255+0300] {logging_mixin.py:150} INFO - [2023-08-15T21:50:54.254+0300] {dagbag.py:541} INFO - Filling up the DagBag from /mnt/kali/DataHunt/venv/lib/python3.11/site-packages/airflow/example_dags/example_nested_branch_dag.py
[2023-08-15T21:50:54.289+0300] {processor.py:836} INFO - DAG(s) dict_keys(['example_nested_branch_dag']) retrieved from /mnt/kali/DataHunt/venv/lib/python3.11/site-packages/airflow/example_dags/example_nested_branch_dag.py
[2023-08-15T21:50:54.430+0300] {logging_mixin.py:150} INFO - [2023-08-15T21:50:54.429+0300] {dag.py:2742} INFO - Sync 1 DAGs
[2023-08-15T21:50:54.511+0300] {logging_mixin.py:150} INFO - [2023-08-15T21:50:54.510+0300] {dag.py:3504} INFO - Setting next_dagrun for example_nested_branch_dag to 2023-08-14T00:00:00+00:00, run_after=2023-08-15T00:00:00+00:00
[2023-08-15T21:50:54.596+0300] {processor.py:179} INFO - Processing /mnt/kali/DataHunt/venv/lib/python3.11/site-packages/airflow/example_dags/example_nested_branch_dag.py took 0.358 seconds
[2023-08-15T21:51:24.826+0300] {processor.py:157} INFO - Started process (PID=237052) to work on /mnt/kali/DataHunt/venv/lib/python3.11/site-packages/airflow/example_dags/example_nested_branch_dag.py
[2023-08-15T21:51:24.914+0300] {processor.py:826} INFO - Processing file /mnt/kali/DataHunt/venv/lib/python3.11/site-packages/airflow/example_dags/example_nested_branch_dag.py for tasks to queue
[2023-08-15T21:51:24.916+0300] {logging_mixin.py:150} INFO - [2023-08-15T21:51:24.915+0300] {dagbag.py:541} INFO - Filling up the DagBag from /mnt/kali/DataHunt/venv/lib/python3.11/site-packages/airflow/example_dags/example_nested_branch_dag.py
[2023-08-15T21:51:24.940+0300] {processor.py:836} INFO - DAG(s) dict_keys(['example_nested_branch_dag']) retrieved from /mnt/kali/DataHunt/venv/lib/python3.11/site-packages/airflow/example_dags/example_nested_branch_dag.py
[2023-08-15T21:51:25.022+0300] {logging_mixin.py:150} INFO - [2023-08-15T21:51:25.021+0300] {dag.py:2742} INFO - Sync 1 DAGs
[2023-08-15T21:51:25.129+0300] {logging_mixin.py:150} INFO - [2023-08-15T21:51:25.129+0300] {dag.py:3504} INFO - Setting next_dagrun for example_nested_branch_dag to 2023-08-14T00:00:00+00:00, run_after=2023-08-15T00:00:00+00:00
[2023-08-15T21:51:25.251+0300] {processor.py:179} INFO - Processing /mnt/kali/DataHunt/venv/lib/python3.11/site-packages/airflow/example_dags/example_nested_branch_dag.py took 0.433 seconds
[2023-08-15T21:51:55.948+0300] {processor.py:157} INFO - Started process (PID=237745) to work on /mnt/kali/DataHunt/venv/lib/python3.11/site-packages/airflow/example_dags/example_nested_branch_dag.py
[2023-08-15T21:51:55.959+0300] {processor.py:826} INFO - Processing file /mnt/kali/DataHunt/venv/lib/python3.11/site-packages/airflow/example_dags/example_nested_branch_dag.py for tasks to queue
[2023-08-15T21:51:55.961+0300] {logging_mixin.py:150} INFO - [2023-08-15T21:51:55.960+0300] {dagbag.py:541} INFO - Filling up the DagBag from /mnt/kali/DataHunt/venv/lib/python3.11/site-packages/airflow/example_dags/example_nested_branch_dag.py
[2023-08-15T21:51:55.985+0300] {processor.py:836} INFO - DAG(s) dict_keys(['example_nested_branch_dag']) retrieved from /mnt/kali/DataHunt/venv/lib/python3.11/site-packages/airflow/example_dags/example_nested_branch_dag.py
[2023-08-15T21:51:56.063+0300] {logging_mixin.py:150} INFO - [2023-08-15T21:51:56.063+0300] {dag.py:2742} INFO - Sync 1 DAGs
[2023-08-15T21:51:56.118+0300] {logging_mixin.py:150} INFO - [2023-08-15T21:51:56.118+0300] {dag.py:3504} INFO - Setting next_dagrun for example_nested_branch_dag to 2023-08-14T00:00:00+00:00, run_after=2023-08-15T00:00:00+00:00
[2023-08-15T21:51:56.165+0300] {processor.py:179} INFO - Processing /mnt/kali/DataHunt/venv/lib/python3.11/site-packages/airflow/example_dags/example_nested_branch_dag.py took 0.226 seconds
[2023-08-15T21:52:26.521+0300] {processor.py:157} INFO - Started process (PID=238141) to work on /mnt/kali/DataHunt/venv/lib/python3.11/site-packages/airflow/example_dags/example_nested_branch_dag.py
[2023-08-15T21:52:26.523+0300] {processor.py:826} INFO - Processing file /mnt/kali/DataHunt/venv/lib/python3.11/site-packages/airflow/example_dags/example_nested_branch_dag.py for tasks to queue
[2023-08-15T21:52:26.525+0300] {logging_mixin.py:150} INFO - [2023-08-15T21:52:26.524+0300] {dagbag.py:541} INFO - Filling up the DagBag from /mnt/kali/DataHunt/venv/lib/python3.11/site-packages/airflow/example_dags/example_nested_branch_dag.py
[2023-08-15T21:52:26.549+0300] {processor.py:836} INFO - DAG(s) dict_keys(['example_nested_branch_dag']) retrieved from /mnt/kali/DataHunt/venv/lib/python3.11/site-packages/airflow/example_dags/example_nested_branch_dag.py
[2023-08-15T21:52:26.626+0300] {logging_mixin.py:150} INFO - [2023-08-15T21:52:26.626+0300] {dag.py:2742} INFO - Sync 1 DAGs
[2023-08-15T21:52:26.696+0300] {logging_mixin.py:150} INFO - [2023-08-15T21:52:26.696+0300] {dag.py:3504} INFO - Setting next_dagrun for example_nested_branch_dag to 2023-08-14T00:00:00+00:00, run_after=2023-08-15T00:00:00+00:00
[2023-08-15T21:52:26.758+0300] {processor.py:179} INFO - Processing /mnt/kali/DataHunt/venv/lib/python3.11/site-packages/airflow/example_dags/example_nested_branch_dag.py took 0.246 seconds
[2023-08-15T21:52:57.154+0300] {processor.py:157} INFO - Started process (PID=238528) to work on /mnt/kali/DataHunt/venv/lib/python3.11/site-packages/airflow/example_dags/example_nested_branch_dag.py
[2023-08-15T21:52:57.171+0300] {processor.py:826} INFO - Processing file /mnt/kali/DataHunt/venv/lib/python3.11/site-packages/airflow/example_dags/example_nested_branch_dag.py for tasks to queue
[2023-08-15T21:52:57.173+0300] {logging_mixin.py:150} INFO - [2023-08-15T21:52:57.172+0300] {dagbag.py:541} INFO - Filling up the DagBag from /mnt/kali/DataHunt/venv/lib/python3.11/site-packages/airflow/example_dags/example_nested_branch_dag.py
[2023-08-15T21:52:57.199+0300] {processor.py:836} INFO - DAG(s) dict_keys(['example_nested_branch_dag']) retrieved from /mnt/kali/DataHunt/venv/lib/python3.11/site-packages/airflow/example_dags/example_nested_branch_dag.py
[2023-08-15T21:52:57.277+0300] {logging_mixin.py:150} INFO - [2023-08-15T21:52:57.277+0300] {dag.py:2742} INFO - Sync 1 DAGs
[2023-08-15T21:52:57.328+0300] {logging_mixin.py:150} INFO - [2023-08-15T21:52:57.327+0300] {dag.py:3504} INFO - Setting next_dagrun for example_nested_branch_dag to 2023-08-14T00:00:00+00:00, run_after=2023-08-15T00:00:00+00:00
[2023-08-15T21:52:57.380+0300] {processor.py:179} INFO - Processing /mnt/kali/DataHunt/venv/lib/python3.11/site-packages/airflow/example_dags/example_nested_branch_dag.py took 0.235 seconds
[2023-08-15T21:53:27.834+0300] {processor.py:157} INFO - Started process (PID=239092) to work on /mnt/kali/DataHunt/venv/lib/python3.11/site-packages/airflow/example_dags/example_nested_branch_dag.py
[2023-08-15T21:53:27.848+0300] {processor.py:826} INFO - Processing file /mnt/kali/DataHunt/venv/lib/python3.11/site-packages/airflow/example_dags/example_nested_branch_dag.py for tasks to queue
[2023-08-15T21:53:27.851+0300] {logging_mixin.py:150} INFO - [2023-08-15T21:53:27.850+0300] {dagbag.py:541} INFO - Filling up the DagBag from /mnt/kali/DataHunt/venv/lib/python3.11/site-packages/airflow/example_dags/example_nested_branch_dag.py
[2023-08-15T21:53:27.889+0300] {processor.py:836} INFO - DAG(s) dict_keys(['example_nested_branch_dag']) retrieved from /mnt/kali/DataHunt/venv/lib/python3.11/site-packages/airflow/example_dags/example_nested_branch_dag.py
[2023-08-15T21:53:27.979+0300] {logging_mixin.py:150} INFO - [2023-08-15T21:53:27.979+0300] {dag.py:2742} INFO - Sync 1 DAGs
[2023-08-15T21:53:28.036+0300] {logging_mixin.py:150} INFO - [2023-08-15T21:53:28.035+0300] {dag.py:3504} INFO - Setting next_dagrun for example_nested_branch_dag to 2023-08-14T00:00:00+00:00, run_after=2023-08-15T00:00:00+00:00
[2023-08-15T21:53:28.081+0300] {processor.py:179} INFO - Processing /mnt/kali/DataHunt/venv/lib/python3.11/site-packages/airflow/example_dags/example_nested_branch_dag.py took 0.259 seconds
[2023-08-15T21:54:03.296+0300] {processor.py:157} INFO - Started process (PID=239601) to work on /mnt/kali/DataHunt/venv/lib/python3.11/site-packages/airflow/example_dags/example_nested_branch_dag.py
[2023-08-15T21:54:03.383+0300] {processor.py:826} INFO - Processing file /mnt/kali/DataHunt/venv/lib/python3.11/site-packages/airflow/example_dags/example_nested_branch_dag.py for tasks to queue
[2023-08-15T21:54:03.386+0300] {logging_mixin.py:150} INFO - [2023-08-15T21:54:03.385+0300] {dagbag.py:541} INFO - Filling up the DagBag from /mnt/kali/DataHunt/venv/lib/python3.11/site-packages/airflow/example_dags/example_nested_branch_dag.py
[2023-08-15T21:54:03.432+0300] {processor.py:836} INFO - DAG(s) dict_keys(['example_nested_branch_dag']) retrieved from /mnt/kali/DataHunt/venv/lib/python3.11/site-packages/airflow/example_dags/example_nested_branch_dag.py
[2023-08-15T21:54:03.590+0300] {logging_mixin.py:150} INFO - [2023-08-15T21:54:03.589+0300] {dag.py:2742} INFO - Sync 1 DAGs
[2023-08-15T21:54:03.713+0300] {logging_mixin.py:150} INFO - [2023-08-15T21:54:03.712+0300] {dag.py:3504} INFO - Setting next_dagrun for example_nested_branch_dag to 2023-08-14T00:00:00+00:00, run_after=2023-08-15T00:00:00+00:00
[2023-08-15T21:54:03.888+0300] {processor.py:179} INFO - Processing /mnt/kali/DataHunt/venv/lib/python3.11/site-packages/airflow/example_dags/example_nested_branch_dag.py took 0.604 seconds
[2023-08-15T21:54:34.179+0300] {processor.py:157} INFO - Started process (PID=240101) to work on /mnt/kali/DataHunt/venv/lib/python3.11/site-packages/airflow/example_dags/example_nested_branch_dag.py
[2023-08-15T21:54:34.183+0300] {processor.py:826} INFO - Processing file /mnt/kali/DataHunt/venv/lib/python3.11/site-packages/airflow/example_dags/example_nested_branch_dag.py for tasks to queue
[2023-08-15T21:54:34.185+0300] {logging_mixin.py:150} INFO - [2023-08-15T21:54:34.184+0300] {dagbag.py:541} INFO - Filling up the DagBag from /mnt/kali/DataHunt/venv/lib/python3.11/site-packages/airflow/example_dags/example_nested_branch_dag.py
[2023-08-15T21:54:34.268+0300] {processor.py:836} INFO - DAG(s) dict_keys(['example_nested_branch_dag']) retrieved from /mnt/kali/DataHunt/venv/lib/python3.11/site-packages/airflow/example_dags/example_nested_branch_dag.py
[2023-08-15T21:54:34.561+0300] {logging_mixin.py:150} INFO - [2023-08-15T21:54:34.560+0300] {dag.py:2742} INFO - Sync 1 DAGs
[2023-08-15T21:54:34.848+0300] {logging_mixin.py:150} INFO - [2023-08-15T21:54:34.847+0300] {dag.py:3504} INFO - Setting next_dagrun for example_nested_branch_dag to 2023-08-14T00:00:00+00:00, run_after=2023-08-15T00:00:00+00:00
[2023-08-15T21:54:35.270+0300] {processor.py:179} INFO - Processing /mnt/kali/DataHunt/venv/lib/python3.11/site-packages/airflow/example_dags/example_nested_branch_dag.py took 1.113 seconds
[2023-08-15T21:55:05.544+0300] {processor.py:157} INFO - Started process (PID=240487) to work on /mnt/kali/DataHunt/venv/lib/python3.11/site-packages/airflow/example_dags/example_nested_branch_dag.py
[2023-08-15T21:55:05.560+0300] {processor.py:826} INFO - Processing file /mnt/kali/DataHunt/venv/lib/python3.11/site-packages/airflow/example_dags/example_nested_branch_dag.py for tasks to queue
[2023-08-15T21:55:05.563+0300] {logging_mixin.py:150} INFO - [2023-08-15T21:55:05.562+0300] {dagbag.py:541} INFO - Filling up the DagBag from /mnt/kali/DataHunt/venv/lib/python3.11/site-packages/airflow/example_dags/example_nested_branch_dag.py
[2023-08-15T21:55:05.594+0300] {processor.py:836} INFO - DAG(s) dict_keys(['example_nested_branch_dag']) retrieved from /mnt/kali/DataHunt/venv/lib/python3.11/site-packages/airflow/example_dags/example_nested_branch_dag.py
[2023-08-15T21:55:05.692+0300] {logging_mixin.py:150} INFO - [2023-08-15T21:55:05.692+0300] {dag.py:2742} INFO - Sync 1 DAGs
[2023-08-15T21:55:05.796+0300] {logging_mixin.py:150} INFO - [2023-08-15T21:55:05.795+0300] {dag.py:3504} INFO - Setting next_dagrun for example_nested_branch_dag to 2023-08-14T00:00:00+00:00, run_after=2023-08-15T00:00:00+00:00
[2023-08-15T21:55:05.926+0300] {processor.py:179} INFO - Processing /mnt/kali/DataHunt/venv/lib/python3.11/site-packages/airflow/example_dags/example_nested_branch_dag.py took 0.395 seconds
[2023-08-15T21:55:36.969+0300] {processor.py:157} INFO - Started process (PID=240917) to work on /mnt/kali/DataHunt/venv/lib/python3.11/site-packages/airflow/example_dags/example_nested_branch_dag.py
[2023-08-15T21:55:36.972+0300] {processor.py:826} INFO - Processing file /mnt/kali/DataHunt/venv/lib/python3.11/site-packages/airflow/example_dags/example_nested_branch_dag.py for tasks to queue
[2023-08-15T21:55:36.974+0300] {logging_mixin.py:150} INFO - [2023-08-15T21:55:36.973+0300] {dagbag.py:541} INFO - Filling up the DagBag from /mnt/kali/DataHunt/venv/lib/python3.11/site-packages/airflow/example_dags/example_nested_branch_dag.py
[2023-08-15T21:55:37.005+0300] {processor.py:836} INFO - DAG(s) dict_keys(['example_nested_branch_dag']) retrieved from /mnt/kali/DataHunt/venv/lib/python3.11/site-packages/airflow/example_dags/example_nested_branch_dag.py
[2023-08-15T21:55:37.108+0300] {logging_mixin.py:150} INFO - [2023-08-15T21:55:37.107+0300] {dag.py:2742} INFO - Sync 1 DAGs
[2023-08-15T21:55:37.174+0300] {logging_mixin.py:150} INFO - [2023-08-15T21:55:37.174+0300] {dag.py:3504} INFO - Setting next_dagrun for example_nested_branch_dag to 2023-08-14T00:00:00+00:00, run_after=2023-08-15T00:00:00+00:00
[2023-08-15T21:55:37.234+0300] {processor.py:179} INFO - Processing /mnt/kali/DataHunt/venv/lib/python3.11/site-packages/airflow/example_dags/example_nested_branch_dag.py took 0.276 seconds
[2023-08-15T21:56:08.021+0300] {processor.py:157} INFO - Started process (PID=241463) to work on /mnt/kali/DataHunt/venv/lib/python3.11/site-packages/airflow/example_dags/example_nested_branch_dag.py
[2023-08-15T21:56:08.033+0300] {processor.py:826} INFO - Processing file /mnt/kali/DataHunt/venv/lib/python3.11/site-packages/airflow/example_dags/example_nested_branch_dag.py for tasks to queue
[2023-08-15T21:56:08.036+0300] {logging_mixin.py:150} INFO - [2023-08-15T21:56:08.035+0300] {dagbag.py:541} INFO - Filling up the DagBag from /mnt/kali/DataHunt/venv/lib/python3.11/site-packages/airflow/example_dags/example_nested_branch_dag.py
[2023-08-15T21:56:08.083+0300] {processor.py:836} INFO - DAG(s) dict_keys(['example_nested_branch_dag']) retrieved from /mnt/kali/DataHunt/venv/lib/python3.11/site-packages/airflow/example_dags/example_nested_branch_dag.py
[2023-08-15T21:56:08.245+0300] {logging_mixin.py:150} INFO - [2023-08-15T21:56:08.245+0300] {dag.py:2742} INFO - Sync 1 DAGs
[2023-08-15T21:56:08.323+0300] {logging_mixin.py:150} INFO - [2023-08-15T21:56:08.322+0300] {dag.py:3504} INFO - Setting next_dagrun for example_nested_branch_dag to 2023-08-14T00:00:00+00:00, run_after=2023-08-15T00:00:00+00:00
[2023-08-15T21:56:08.418+0300] {processor.py:179} INFO - Processing /mnt/kali/DataHunt/venv/lib/python3.11/site-packages/airflow/example_dags/example_nested_branch_dag.py took 0.412 seconds
[2023-08-15T21:56:38.876+0300] {processor.py:157} INFO - Started process (PID=241950) to work on /mnt/kali/DataHunt/venv/lib/python3.11/site-packages/airflow/example_dags/example_nested_branch_dag.py
[2023-08-15T21:56:38.887+0300] {processor.py:826} INFO - Processing file /mnt/kali/DataHunt/venv/lib/python3.11/site-packages/airflow/example_dags/example_nested_branch_dag.py for tasks to queue
[2023-08-15T21:56:38.893+0300] {logging_mixin.py:150} INFO - [2023-08-15T21:56:38.888+0300] {dagbag.py:541} INFO - Filling up the DagBag from /mnt/kali/DataHunt/venv/lib/python3.11/site-packages/airflow/example_dags/example_nested_branch_dag.py
[2023-08-15T21:56:38.971+0300] {processor.py:836} INFO - DAG(s) dict_keys(['example_nested_branch_dag']) retrieved from /mnt/kali/DataHunt/venv/lib/python3.11/site-packages/airflow/example_dags/example_nested_branch_dag.py
[2023-08-15T21:56:39.291+0300] {logging_mixin.py:150} INFO - [2023-08-15T21:56:39.291+0300] {dag.py:2742} INFO - Sync 1 DAGs
[2023-08-15T21:56:39.507+0300] {logging_mixin.py:150} INFO - [2023-08-15T21:56:39.506+0300] {dag.py:3504} INFO - Setting next_dagrun for example_nested_branch_dag to 2023-08-14T00:00:00+00:00, run_after=2023-08-15T00:00:00+00:00
[2023-08-15T21:56:39.662+0300] {processor.py:179} INFO - Processing /mnt/kali/DataHunt/venv/lib/python3.11/site-packages/airflow/example_dags/example_nested_branch_dag.py took 0.817 seconds
[2023-08-15T21:57:10.325+0300] {processor.py:157} INFO - Started process (PID=242513) to work on /mnt/kali/DataHunt/venv/lib/python3.11/site-packages/airflow/example_dags/example_nested_branch_dag.py
[2023-08-15T21:57:10.353+0300] {processor.py:826} INFO - Processing file /mnt/kali/DataHunt/venv/lib/python3.11/site-packages/airflow/example_dags/example_nested_branch_dag.py for tasks to queue
[2023-08-15T21:57:10.357+0300] {logging_mixin.py:150} INFO - [2023-08-15T21:57:10.355+0300] {dagbag.py:541} INFO - Filling up the DagBag from /mnt/kali/DataHunt/venv/lib/python3.11/site-packages/airflow/example_dags/example_nested_branch_dag.py
[2023-08-15T21:57:10.414+0300] {processor.py:836} INFO - DAG(s) dict_keys(['example_nested_branch_dag']) retrieved from /mnt/kali/DataHunt/venv/lib/python3.11/site-packages/airflow/example_dags/example_nested_branch_dag.py
[2023-08-15T21:57:10.589+0300] {logging_mixin.py:150} INFO - [2023-08-15T21:57:10.588+0300] {dag.py:2742} INFO - Sync 1 DAGs
[2023-08-15T21:57:10.687+0300] {logging_mixin.py:150} INFO - [2023-08-15T21:57:10.686+0300] {dag.py:3504} INFO - Setting next_dagrun for example_nested_branch_dag to 2023-08-14T00:00:00+00:00, run_after=2023-08-15T00:00:00+00:00
[2023-08-15T21:57:10.767+0300] {processor.py:179} INFO - Processing /mnt/kali/DataHunt/venv/lib/python3.11/site-packages/airflow/example_dags/example_nested_branch_dag.py took 0.461 seconds
[2023-08-15T21:57:41.388+0300] {processor.py:157} INFO - Started process (PID=242982) to work on /mnt/kali/DataHunt/venv/lib/python3.11/site-packages/airflow/example_dags/example_nested_branch_dag.py
[2023-08-15T21:57:41.400+0300] {processor.py:826} INFO - Processing file /mnt/kali/DataHunt/venv/lib/python3.11/site-packages/airflow/example_dags/example_nested_branch_dag.py for tasks to queue
[2023-08-15T21:57:41.403+0300] {logging_mixin.py:150} INFO - [2023-08-15T21:57:41.402+0300] {dagbag.py:541} INFO - Filling up the DagBag from /mnt/kali/DataHunt/venv/lib/python3.11/site-packages/airflow/example_dags/example_nested_branch_dag.py
[2023-08-15T21:57:41.441+0300] {processor.py:836} INFO - DAG(s) dict_keys(['example_nested_branch_dag']) retrieved from /mnt/kali/DataHunt/venv/lib/python3.11/site-packages/airflow/example_dags/example_nested_branch_dag.py
[2023-08-15T21:57:41.562+0300] {logging_mixin.py:150} INFO - [2023-08-15T21:57:41.561+0300] {dag.py:2742} INFO - Sync 1 DAGs
[2023-08-15T21:57:41.646+0300] {logging_mixin.py:150} INFO - [2023-08-15T21:57:41.645+0300] {dag.py:3504} INFO - Setting next_dagrun for example_nested_branch_dag to 2023-08-14T00:00:00+00:00, run_after=2023-08-15T00:00:00+00:00
[2023-08-15T21:57:41.739+0300] {processor.py:179} INFO - Processing /mnt/kali/DataHunt/venv/lib/python3.11/site-packages/airflow/example_dags/example_nested_branch_dag.py took 0.366 seconds
