[2023-08-15T21:25:00.319+0300] {processor.py:157} INFO - Started process (PID=214188) to work on /mnt/kali/DataHunt/venv/lib/python3.11/site-packages/airflow/example_dags/example_skip_dag.py
[2023-08-15T21:25:00.330+0300] {processor.py:826} INFO - Processing file /mnt/kali/DataHunt/venv/lib/python3.11/site-packages/airflow/example_dags/example_skip_dag.py for tasks to queue
[2023-08-15T21:25:00.333+0300] {logging_mixin.py:150} INFO - [2023-08-15T21:25:00.331+0300] {dagbag.py:541} INFO - Filling up the DagBag from /mnt/kali/DataHunt/venv/lib/python3.11/site-packages/airflow/example_dags/example_skip_dag.py
[2023-08-15T21:25:00.448+0300] {processor.py:836} INFO - DAG(s) dict_keys(['example_skip_dag']) retrieved from /mnt/kali/DataHunt/venv/lib/python3.11/site-packages/airflow/example_dags/example_skip_dag.py
[2023-08-15T21:25:03.434+0300] {logging_mixin.py:150} INFO - [2023-08-15T21:25:03.434+0300] {manager.py:504} INFO - Created Permission View: can edit on DAG:example_skip_dag
[2023-08-15T21:25:03.735+0300] {logging_mixin.py:150} INFO - [2023-08-15T21:25:03.733+0300] {manager.py:504} INFO - Created Permission View: can delete on DAG:example_skip_dag
[2023-08-15T21:25:03.912+0300] {logging_mixin.py:150} INFO - [2023-08-15T21:25:03.911+0300] {manager.py:504} INFO - Created Permission View: can read on DAG:example_skip_dag
[2023-08-15T21:25:04.028+0300] {logging_mixin.py:150} INFO - [2023-08-15T21:25:04.027+0300] {dag.py:2742} INFO - Sync 1 DAGs
[2023-08-15T21:25:04.070+0300] {logging_mixin.py:150} INFO - [2023-08-15T21:25:04.070+0300] {dag.py:2763} INFO - Creating ORM DAG for example_skip_dag
[2023-08-15T21:25:04.149+0300] {logging_mixin.py:150} INFO - [2023-08-15T21:25:04.149+0300] {dag.py:3504} INFO - Setting next_dagrun for example_skip_dag to 2023-08-14T18:25:04.139174+00:00, run_after=2023-08-15T18:25:04.139174+00:00
[2023-08-15T21:25:04.452+0300] {processor.py:179} INFO - Processing /mnt/kali/DataHunt/venv/lib/python3.11/site-packages/airflow/example_dags/example_skip_dag.py took 4.189 seconds
[2023-08-15T21:27:34.846+0300] {processor.py:157} INFO - Started process (PID=215885) to work on /mnt/kali/DataHunt/venv/lib/python3.11/site-packages/airflow/example_dags/example_skip_dag.py
[2023-08-15T21:27:34.851+0300] {processor.py:826} INFO - Processing file /mnt/kali/DataHunt/venv/lib/python3.11/site-packages/airflow/example_dags/example_skip_dag.py for tasks to queue
[2023-08-15T21:27:34.854+0300] {logging_mixin.py:150} INFO - [2023-08-15T21:27:34.852+0300] {dagbag.py:541} INFO - Filling up the DagBag from /mnt/kali/DataHunt/venv/lib/python3.11/site-packages/airflow/example_dags/example_skip_dag.py
[2023-08-15T21:27:35.045+0300] {processor.py:836} INFO - DAG(s) dict_keys(['example_skip_dag']) retrieved from /mnt/kali/DataHunt/venv/lib/python3.11/site-packages/airflow/example_dags/example_skip_dag.py
[2023-08-15T21:27:35.345+0300] {logging_mixin.py:150} INFO - [2023-08-15T21:27:35.345+0300] {dag.py:2742} INFO - Sync 1 DAGs
[2023-08-15T21:27:35.730+0300] {logging_mixin.py:150} INFO - [2023-08-15T21:27:35.721+0300] {dag.py:3504} INFO - Setting next_dagrun for example_skip_dag to 2023-08-14T18:27:35.721093+00:00, run_after=2023-08-15T18:27:35.721093+00:00
[2023-08-15T21:27:36.276+0300] {processor.py:179} INFO - Processing /mnt/kali/DataHunt/venv/lib/python3.11/site-packages/airflow/example_dags/example_skip_dag.py took 1.467 seconds
[2023-08-15T21:29:17.257+0300] {processor.py:157} INFO - Started process (PID=217270) to work on /mnt/kali/DataHunt/venv/lib/python3.11/site-packages/airflow/example_dags/example_skip_dag.py
[2023-08-15T21:29:17.275+0300] {processor.py:826} INFO - Processing file /mnt/kali/DataHunt/venv/lib/python3.11/site-packages/airflow/example_dags/example_skip_dag.py for tasks to queue
[2023-08-15T21:29:17.284+0300] {logging_mixin.py:150} INFO - [2023-08-15T21:29:17.276+0300] {dagbag.py:541} INFO - Filling up the DagBag from /mnt/kali/DataHunt/venv/lib/python3.11/site-packages/airflow/example_dags/example_skip_dag.py
[2023-08-15T21:29:17.321+0300] {processor.py:836} INFO - DAG(s) dict_keys(['example_skip_dag']) retrieved from /mnt/kali/DataHunt/venv/lib/python3.11/site-packages/airflow/example_dags/example_skip_dag.py
[2023-08-15T21:29:17.399+0300] {logging_mixin.py:150} INFO - [2023-08-15T21:29:17.398+0300] {dag.py:2742} INFO - Sync 1 DAGs
[2023-08-15T21:29:17.485+0300] {logging_mixin.py:150} INFO - [2023-08-15T21:29:17.484+0300] {dag.py:3504} INFO - Setting next_dagrun for example_skip_dag to 2023-08-14T18:29:17.483283+00:00, run_after=2023-08-15T18:29:17.483283+00:00
[2023-08-15T21:29:17.776+0300] {processor.py:179} INFO - Processing /mnt/kali/DataHunt/venv/lib/python3.11/site-packages/airflow/example_dags/example_skip_dag.py took 0.534 seconds
[2023-08-15T21:47:29.806+0300] {processor.py:157} INFO - Started process (PID=233723) to work on /mnt/kali/DataHunt/venv/lib/python3.11/site-packages/airflow/example_dags/example_skip_dag.py
[2023-08-15T21:47:29.843+0300] {processor.py:826} INFO - Processing file /mnt/kali/DataHunt/venv/lib/python3.11/site-packages/airflow/example_dags/example_skip_dag.py for tasks to queue
[2023-08-15T21:47:29.847+0300] {logging_mixin.py:150} INFO - [2023-08-15T21:47:29.845+0300] {dagbag.py:541} INFO - Filling up the DagBag from /mnt/kali/DataHunt/venv/lib/python3.11/site-packages/airflow/example_dags/example_skip_dag.py
[2023-08-15T21:47:29.878+0300] {processor.py:836} INFO - DAG(s) dict_keys(['example_skip_dag']) retrieved from /mnt/kali/DataHunt/venv/lib/python3.11/site-packages/airflow/example_dags/example_skip_dag.py
[2023-08-15T21:47:30.548+0300] {logging_mixin.py:150} INFO - [2023-08-15T21:47:30.548+0300] {manager.py:504} INFO - Created Permission View: can read on DAG:example_skip_dag
[2023-08-15T21:47:30.715+0300] {logging_mixin.py:150} INFO - [2023-08-15T21:47:30.715+0300] {manager.py:504} INFO - Created Permission View: can delete on DAG:example_skip_dag
[2023-08-15T21:47:30.771+0300] {logging_mixin.py:150} INFO - [2023-08-15T21:47:30.770+0300] {manager.py:504} INFO - Created Permission View: can edit on DAG:example_skip_dag
[2023-08-15T21:47:30.872+0300] {logging_mixin.py:150} INFO - [2023-08-15T21:47:30.871+0300] {dag.py:2742} INFO - Sync 1 DAGs
[2023-08-15T21:47:30.936+0300] {logging_mixin.py:150} INFO - [2023-08-15T21:47:30.935+0300] {dag.py:2763} INFO - Creating ORM DAG for example_skip_dag
[2023-08-15T21:47:31.034+0300] {logging_mixin.py:150} INFO - [2023-08-15T21:47:31.033+0300] {dag.py:3504} INFO - Setting next_dagrun for example_skip_dag to 2023-08-14T18:47:31.032978+00:00, run_after=2023-08-15T18:47:31.032978+00:00
[2023-08-15T21:47:31.268+0300] {processor.py:179} INFO - Processing /mnt/kali/DataHunt/venv/lib/python3.11/site-packages/airflow/example_dags/example_skip_dag.py took 1.475 seconds
[2023-08-15T21:48:01.685+0300] {processor.py:157} INFO - Started process (PID=234108) to work on /mnt/kali/DataHunt/venv/lib/python3.11/site-packages/airflow/example_dags/example_skip_dag.py
[2023-08-15T21:48:01.687+0300] {processor.py:826} INFO - Processing file /mnt/kali/DataHunt/venv/lib/python3.11/site-packages/airflow/example_dags/example_skip_dag.py for tasks to queue
[2023-08-15T21:48:01.689+0300] {logging_mixin.py:150} INFO - [2023-08-15T21:48:01.688+0300] {dagbag.py:541} INFO - Filling up the DagBag from /mnt/kali/DataHunt/venv/lib/python3.11/site-packages/airflow/example_dags/example_skip_dag.py
[2023-08-15T21:48:01.708+0300] {processor.py:836} INFO - DAG(s) dict_keys(['example_skip_dag']) retrieved from /mnt/kali/DataHunt/venv/lib/python3.11/site-packages/airflow/example_dags/example_skip_dag.py
[2023-08-15T21:48:01.786+0300] {logging_mixin.py:150} INFO - [2023-08-15T21:48:01.786+0300] {dag.py:2742} INFO - Sync 1 DAGs
[2023-08-15T21:48:01.841+0300] {logging_mixin.py:150} INFO - [2023-08-15T21:48:01.840+0300] {dag.py:3504} INFO - Setting next_dagrun for example_skip_dag to 2023-08-14T18:48:01.840151+00:00, run_after=2023-08-15T18:48:01.840151+00:00
[2023-08-15T21:48:01.903+0300] {processor.py:179} INFO - Processing /mnt/kali/DataHunt/venv/lib/python3.11/site-packages/airflow/example_dags/example_skip_dag.py took 0.227 seconds
[2023-08-15T21:48:32.231+0300] {processor.py:157} INFO - Started process (PID=234552) to work on /mnt/kali/DataHunt/venv/lib/python3.11/site-packages/airflow/example_dags/example_skip_dag.py
[2023-08-15T21:48:32.254+0300] {processor.py:826} INFO - Processing file /mnt/kali/DataHunt/venv/lib/python3.11/site-packages/airflow/example_dags/example_skip_dag.py for tasks to queue
[2023-08-15T21:48:32.258+0300] {logging_mixin.py:150} INFO - [2023-08-15T21:48:32.256+0300] {dagbag.py:541} INFO - Filling up the DagBag from /mnt/kali/DataHunt/venv/lib/python3.11/site-packages/airflow/example_dags/example_skip_dag.py
[2023-08-15T21:48:32.294+0300] {processor.py:836} INFO - DAG(s) dict_keys(['example_skip_dag']) retrieved from /mnt/kali/DataHunt/venv/lib/python3.11/site-packages/airflow/example_dags/example_skip_dag.py
[2023-08-15T21:48:32.412+0300] {logging_mixin.py:150} INFO - [2023-08-15T21:48:32.411+0300] {dag.py:2742} INFO - Sync 1 DAGs
[2023-08-15T21:48:32.501+0300] {logging_mixin.py:150} INFO - [2023-08-15T21:48:32.500+0300] {dag.py:3504} INFO - Setting next_dagrun for example_skip_dag to 2023-08-14T18:48:32.500161+00:00, run_after=2023-08-15T18:48:32.500161+00:00
[2023-08-15T21:48:33.376+0300] {processor.py:179} INFO - Processing /mnt/kali/DataHunt/venv/lib/python3.11/site-packages/airflow/example_dags/example_skip_dag.py took 1.156 seconds
[2023-08-15T21:49:03.855+0300] {processor.py:157} INFO - Started process (PID=235074) to work on /mnt/kali/DataHunt/venv/lib/python3.11/site-packages/airflow/example_dags/example_skip_dag.py
[2023-08-15T21:49:03.866+0300] {processor.py:826} INFO - Processing file /mnt/kali/DataHunt/venv/lib/python3.11/site-packages/airflow/example_dags/example_skip_dag.py for tasks to queue
[2023-08-15T21:49:03.871+0300] {logging_mixin.py:150} INFO - [2023-08-15T21:49:03.870+0300] {dagbag.py:541} INFO - Filling up the DagBag from /mnt/kali/DataHunt/venv/lib/python3.11/site-packages/airflow/example_dags/example_skip_dag.py
[2023-08-15T21:49:03.959+0300] {processor.py:836} INFO - DAG(s) dict_keys(['example_skip_dag']) retrieved from /mnt/kali/DataHunt/venv/lib/python3.11/site-packages/airflow/example_dags/example_skip_dag.py
[2023-08-15T21:49:04.148+0300] {logging_mixin.py:150} INFO - [2023-08-15T21:49:04.147+0300] {dag.py:2742} INFO - Sync 1 DAGs
[2023-08-15T21:49:04.257+0300] {logging_mixin.py:150} INFO - [2023-08-15T21:49:04.256+0300] {dag.py:3504} INFO - Setting next_dagrun for example_skip_dag to 2023-08-14T18:49:04.256050+00:00, run_after=2023-08-15T18:49:04.256050+00:00
[2023-08-15T21:49:04.901+0300] {processor.py:179} INFO - Processing /mnt/kali/DataHunt/venv/lib/python3.11/site-packages/airflow/example_dags/example_skip_dag.py took 1.091 seconds
[2023-08-15T21:49:38.472+0300] {processor.py:157} INFO - Started process (PID=235661) to work on /mnt/kali/DataHunt/venv/lib/python3.11/site-packages/airflow/example_dags/example_skip_dag.py
[2023-08-15T21:49:38.487+0300] {processor.py:826} INFO - Processing file /mnt/kali/DataHunt/venv/lib/python3.11/site-packages/airflow/example_dags/example_skip_dag.py for tasks to queue
[2023-08-15T21:49:38.490+0300] {logging_mixin.py:150} INFO - [2023-08-15T21:49:38.488+0300] {dagbag.py:541} INFO - Filling up the DagBag from /mnt/kali/DataHunt/venv/lib/python3.11/site-packages/airflow/example_dags/example_skip_dag.py
[2023-08-15T21:49:38.879+0300] {processor.py:836} INFO - DAG(s) dict_keys(['example_skip_dag']) retrieved from /mnt/kali/DataHunt/venv/lib/python3.11/site-packages/airflow/example_dags/example_skip_dag.py
[2023-08-15T21:49:38.991+0300] {logging_mixin.py:150} INFO - [2023-08-15T21:49:38.991+0300] {dag.py:2742} INFO - Sync 1 DAGs
[2023-08-15T21:49:39.047+0300] {logging_mixin.py:150} INFO - [2023-08-15T21:49:39.047+0300] {dag.py:3504} INFO - Setting next_dagrun for example_skip_dag to 2023-08-14T18:49:39.047148+00:00, run_after=2023-08-15T18:49:39.047148+00:00
[2023-08-15T21:49:39.105+0300] {processor.py:179} INFO - Processing /mnt/kali/DataHunt/venv/lib/python3.11/site-packages/airflow/example_dags/example_skip_dag.py took 0.662 seconds
[2023-08-15T21:50:09.312+0300] {processor.py:157} INFO - Started process (PID=236030) to work on /mnt/kali/DataHunt/venv/lib/python3.11/site-packages/airflow/example_dags/example_skip_dag.py
[2023-08-15T21:50:09.335+0300] {processor.py:826} INFO - Processing file /mnt/kali/DataHunt/venv/lib/python3.11/site-packages/airflow/example_dags/example_skip_dag.py for tasks to queue
[2023-08-15T21:50:09.338+0300] {logging_mixin.py:150} INFO - [2023-08-15T21:50:09.337+0300] {dagbag.py:541} INFO - Filling up the DagBag from /mnt/kali/DataHunt/venv/lib/python3.11/site-packages/airflow/example_dags/example_skip_dag.py
[2023-08-15T21:50:09.371+0300] {processor.py:836} INFO - DAG(s) dict_keys(['example_skip_dag']) retrieved from /mnt/kali/DataHunt/venv/lib/python3.11/site-packages/airflow/example_dags/example_skip_dag.py
[2023-08-15T21:50:09.516+0300] {logging_mixin.py:150} INFO - [2023-08-15T21:50:09.515+0300] {dag.py:2742} INFO - Sync 1 DAGs
[2023-08-15T21:50:09.614+0300] {logging_mixin.py:150} INFO - [2023-08-15T21:50:09.613+0300] {dag.py:3504} INFO - Setting next_dagrun for example_skip_dag to 2023-08-14T18:50:09.613042+00:00, run_after=2023-08-15T18:50:09.613042+00:00
[2023-08-15T21:50:09.703+0300] {processor.py:179} INFO - Processing /mnt/kali/DataHunt/venv/lib/python3.11/site-packages/airflow/example_dags/example_skip_dag.py took 0.408 seconds
[2023-08-15T21:50:46.376+0300] {processor.py:157} INFO - Started process (PID=236485) to work on /mnt/kali/DataHunt/venv/lib/python3.11/site-packages/airflow/example_dags/example_skip_dag.py
[2023-08-15T21:50:46.378+0300] {processor.py:826} INFO - Processing file /mnt/kali/DataHunt/venv/lib/python3.11/site-packages/airflow/example_dags/example_skip_dag.py for tasks to queue
[2023-08-15T21:50:46.382+0300] {logging_mixin.py:150} INFO - [2023-08-15T21:50:46.380+0300] {dagbag.py:541} INFO - Filling up the DagBag from /mnt/kali/DataHunt/venv/lib/python3.11/site-packages/airflow/example_dags/example_skip_dag.py
[2023-08-15T21:50:46.408+0300] {processor.py:836} INFO - DAG(s) dict_keys(['example_skip_dag']) retrieved from /mnt/kali/DataHunt/venv/lib/python3.11/site-packages/airflow/example_dags/example_skip_dag.py
[2023-08-15T21:50:46.607+0300] {logging_mixin.py:150} INFO - [2023-08-15T21:50:46.607+0300] {dag.py:2742} INFO - Sync 1 DAGs
[2023-08-15T21:50:46.971+0300] {logging_mixin.py:150} INFO - [2023-08-15T21:50:46.962+0300] {dag.py:3504} INFO - Setting next_dagrun for example_skip_dag to 2023-08-14T18:50:46.961917+00:00, run_after=2023-08-15T18:50:46.961917+00:00
[2023-08-15T21:50:47.104+0300] {processor.py:179} INFO - Processing /mnt/kali/DataHunt/venv/lib/python3.11/site-packages/airflow/example_dags/example_skip_dag.py took 0.747 seconds
[2023-08-15T21:51:18.717+0300] {processor.py:157} INFO - Started process (PID=236914) to work on /mnt/kali/DataHunt/venv/lib/python3.11/site-packages/airflow/example_dags/example_skip_dag.py
[2023-08-15T21:51:18.753+0300] {processor.py:826} INFO - Processing file /mnt/kali/DataHunt/venv/lib/python3.11/site-packages/airflow/example_dags/example_skip_dag.py for tasks to queue
[2023-08-15T21:51:18.755+0300] {logging_mixin.py:150} INFO - [2023-08-15T21:51:18.754+0300] {dagbag.py:541} INFO - Filling up the DagBag from /mnt/kali/DataHunt/venv/lib/python3.11/site-packages/airflow/example_dags/example_skip_dag.py
[2023-08-15T21:51:18.783+0300] {processor.py:836} INFO - DAG(s) dict_keys(['example_skip_dag']) retrieved from /mnt/kali/DataHunt/venv/lib/python3.11/site-packages/airflow/example_dags/example_skip_dag.py
[2023-08-15T21:51:18.873+0300] {logging_mixin.py:150} INFO - [2023-08-15T21:51:18.873+0300] {dag.py:2742} INFO - Sync 1 DAGs
[2023-08-15T21:51:18.927+0300] {logging_mixin.py:150} INFO - [2023-08-15T21:51:18.926+0300] {dag.py:3504} INFO - Setting next_dagrun for example_skip_dag to 2023-08-14T18:51:18.926283+00:00, run_after=2023-08-15T18:51:18.926283+00:00
[2023-08-15T21:51:18.972+0300] {processor.py:179} INFO - Processing /mnt/kali/DataHunt/venv/lib/python3.11/site-packages/airflow/example_dags/example_skip_dag.py took 0.265 seconds
[2023-08-15T21:51:49.656+0300] {processor.py:157} INFO - Started process (PID=237518) to work on /mnt/kali/DataHunt/venv/lib/python3.11/site-packages/airflow/example_dags/example_skip_dag.py
[2023-08-15T21:51:49.919+0300] {processor.py:826} INFO - Processing file /mnt/kali/DataHunt/venv/lib/python3.11/site-packages/airflow/example_dags/example_skip_dag.py for tasks to queue
[2023-08-15T21:51:49.922+0300] {logging_mixin.py:150} INFO - [2023-08-15T21:51:49.921+0300] {dagbag.py:541} INFO - Filling up the DagBag from /mnt/kali/DataHunt/venv/lib/python3.11/site-packages/airflow/example_dags/example_skip_dag.py
[2023-08-15T21:51:49.943+0300] {processor.py:836} INFO - DAG(s) dict_keys(['example_skip_dag']) retrieved from /mnt/kali/DataHunt/venv/lib/python3.11/site-packages/airflow/example_dags/example_skip_dag.py
[2023-08-15T21:51:50.034+0300] {logging_mixin.py:150} INFO - [2023-08-15T21:51:50.033+0300] {dag.py:2742} INFO - Sync 1 DAGs
[2023-08-15T21:51:50.136+0300] {logging_mixin.py:150} INFO - [2023-08-15T21:51:50.136+0300] {dag.py:3504} INFO - Setting next_dagrun for example_skip_dag to 2023-08-14T18:51:50.135042+00:00, run_after=2023-08-15T18:51:50.135042+00:00
[2023-08-15T21:51:50.361+0300] {processor.py:179} INFO - Processing /mnt/kali/DataHunt/venv/lib/python3.11/site-packages/airflow/example_dags/example_skip_dag.py took 0.716 seconds
[2023-08-15T21:52:20.485+0300] {processor.py:157} INFO - Started process (PID=238014) to work on /mnt/kali/DataHunt/venv/lib/python3.11/site-packages/airflow/example_dags/example_skip_dag.py
[2023-08-15T21:52:20.486+0300] {processor.py:826} INFO - Processing file /mnt/kali/DataHunt/venv/lib/python3.11/site-packages/airflow/example_dags/example_skip_dag.py for tasks to queue
[2023-08-15T21:52:20.488+0300] {logging_mixin.py:150} INFO - [2023-08-15T21:52:20.487+0300] {dagbag.py:541} INFO - Filling up the DagBag from /mnt/kali/DataHunt/venv/lib/python3.11/site-packages/airflow/example_dags/example_skip_dag.py
[2023-08-15T21:52:20.509+0300] {processor.py:836} INFO - DAG(s) dict_keys(['example_skip_dag']) retrieved from /mnt/kali/DataHunt/venv/lib/python3.11/site-packages/airflow/example_dags/example_skip_dag.py
[2023-08-15T21:52:20.578+0300] {logging_mixin.py:150} INFO - [2023-08-15T21:52:20.578+0300] {dag.py:2742} INFO - Sync 1 DAGs
[2023-08-15T21:52:20.625+0300] {logging_mixin.py:150} INFO - [2023-08-15T21:52:20.624+0300] {dag.py:3504} INFO - Setting next_dagrun for example_skip_dag to 2023-08-14T18:52:20.624397+00:00, run_after=2023-08-15T18:52:20.624397+00:00
[2023-08-15T21:52:20.664+0300] {processor.py:179} INFO - Processing /mnt/kali/DataHunt/venv/lib/python3.11/site-packages/airflow/example_dags/example_skip_dag.py took 0.189 seconds
[2023-08-15T21:52:51.154+0300] {processor.py:157} INFO - Started process (PID=238401) to work on /mnt/kali/DataHunt/venv/lib/python3.11/site-packages/airflow/example_dags/example_skip_dag.py
[2023-08-15T21:52:51.156+0300] {processor.py:826} INFO - Processing file /mnt/kali/DataHunt/venv/lib/python3.11/site-packages/airflow/example_dags/example_skip_dag.py for tasks to queue
[2023-08-15T21:52:51.157+0300] {logging_mixin.py:150} INFO - [2023-08-15T21:52:51.157+0300] {dagbag.py:541} INFO - Filling up the DagBag from /mnt/kali/DataHunt/venv/lib/python3.11/site-packages/airflow/example_dags/example_skip_dag.py
[2023-08-15T21:52:51.178+0300] {processor.py:836} INFO - DAG(s) dict_keys(['example_skip_dag']) retrieved from /mnt/kali/DataHunt/venv/lib/python3.11/site-packages/airflow/example_dags/example_skip_dag.py
[2023-08-15T21:52:51.269+0300] {logging_mixin.py:150} INFO - [2023-08-15T21:52:51.269+0300] {dag.py:2742} INFO - Sync 1 DAGs
[2023-08-15T21:52:51.324+0300] {logging_mixin.py:150} INFO - [2023-08-15T21:52:51.323+0300] {dag.py:3504} INFO - Setting next_dagrun for example_skip_dag to 2023-08-14T18:52:51.323221+00:00, run_after=2023-08-15T18:52:51.323221+00:00
[2023-08-15T21:52:51.381+0300] {processor.py:179} INFO - Processing /mnt/kali/DataHunt/venv/lib/python3.11/site-packages/airflow/example_dags/example_skip_dag.py took 0.238 seconds
[2023-08-15T21:53:22.568+0300] {processor.py:157} INFO - Started process (PID=238828) to work on /mnt/kali/DataHunt/venv/lib/python3.11/site-packages/airflow/example_dags/example_skip_dag.py
[2023-08-15T21:53:22.781+0300] {processor.py:826} INFO - Processing file /mnt/kali/DataHunt/venv/lib/python3.11/site-packages/airflow/example_dags/example_skip_dag.py for tasks to queue
[2023-08-15T21:53:22.785+0300] {logging_mixin.py:150} INFO - [2023-08-15T21:53:22.783+0300] {dagbag.py:541} INFO - Filling up the DagBag from /mnt/kali/DataHunt/venv/lib/python3.11/site-packages/airflow/example_dags/example_skip_dag.py
[2023-08-15T21:53:22.819+0300] {processor.py:836} INFO - DAG(s) dict_keys(['example_skip_dag']) retrieved from /mnt/kali/DataHunt/venv/lib/python3.11/site-packages/airflow/example_dags/example_skip_dag.py
[2023-08-15T21:53:22.935+0300] {logging_mixin.py:150} INFO - [2023-08-15T21:53:22.935+0300] {dag.py:2742} INFO - Sync 1 DAGs
[2023-08-15T21:53:23.126+0300] {logging_mixin.py:150} INFO - [2023-08-15T21:53:23.125+0300] {dag.py:3504} INFO - Setting next_dagrun for example_skip_dag to 2023-08-14T18:53:23.124649+00:00, run_after=2023-08-15T18:53:23.124649+00:00
[2023-08-15T21:53:23.277+0300] {processor.py:179} INFO - Processing /mnt/kali/DataHunt/venv/lib/python3.11/site-packages/airflow/example_dags/example_skip_dag.py took 0.730 seconds
[2023-08-15T21:53:54.333+0300] {processor.py:157} INFO - Started process (PID=239385) to work on /mnt/kali/DataHunt/venv/lib/python3.11/site-packages/airflow/example_dags/example_skip_dag.py
[2023-08-15T21:53:54.356+0300] {processor.py:826} INFO - Processing file /mnt/kali/DataHunt/venv/lib/python3.11/site-packages/airflow/example_dags/example_skip_dag.py for tasks to queue
[2023-08-15T21:53:54.370+0300] {logging_mixin.py:150} INFO - [2023-08-15T21:53:54.368+0300] {dagbag.py:541} INFO - Filling up the DagBag from /mnt/kali/DataHunt/venv/lib/python3.11/site-packages/airflow/example_dags/example_skip_dag.py
[2023-08-15T21:53:54.489+0300] {processor.py:836} INFO - DAG(s) dict_keys(['example_skip_dag']) retrieved from /mnt/kali/DataHunt/venv/lib/python3.11/site-packages/airflow/example_dags/example_skip_dag.py
[2023-08-15T21:53:54.669+0300] {logging_mixin.py:150} INFO - [2023-08-15T21:53:54.669+0300] {dag.py:2742} INFO - Sync 1 DAGs
[2023-08-15T21:53:54.792+0300] {logging_mixin.py:150} INFO - [2023-08-15T21:53:54.792+0300] {dag.py:3504} INFO - Setting next_dagrun for example_skip_dag to 2023-08-14T18:53:54.791392+00:00, run_after=2023-08-15T18:53:54.791392+00:00
[2023-08-15T21:53:54.911+0300] {processor.py:179} INFO - Processing /mnt/kali/DataHunt/venv/lib/python3.11/site-packages/airflow/example_dags/example_skip_dag.py took 0.662 seconds
[2023-08-15T21:54:25.347+0300] {processor.py:157} INFO - Started process (PID=239967) to work on /mnt/kali/DataHunt/venv/lib/python3.11/site-packages/airflow/example_dags/example_skip_dag.py
[2023-08-15T21:54:25.360+0300] {processor.py:826} INFO - Processing file /mnt/kali/DataHunt/venv/lib/python3.11/site-packages/airflow/example_dags/example_skip_dag.py for tasks to queue
[2023-08-15T21:54:25.364+0300] {logging_mixin.py:150} INFO - [2023-08-15T21:54:25.362+0300] {dagbag.py:541} INFO - Filling up the DagBag from /mnt/kali/DataHunt/venv/lib/python3.11/site-packages/airflow/example_dags/example_skip_dag.py
[2023-08-15T21:54:25.405+0300] {processor.py:836} INFO - DAG(s) dict_keys(['example_skip_dag']) retrieved from /mnt/kali/DataHunt/venv/lib/python3.11/site-packages/airflow/example_dags/example_skip_dag.py
[2023-08-15T21:54:25.596+0300] {logging_mixin.py:150} INFO - [2023-08-15T21:54:25.595+0300] {dag.py:2742} INFO - Sync 1 DAGs
[2023-08-15T21:54:25.691+0300] {logging_mixin.py:150} INFO - [2023-08-15T21:54:25.690+0300] {dag.py:3504} INFO - Setting next_dagrun for example_skip_dag to 2023-08-14T18:54:25.689844+00:00, run_after=2023-08-15T18:54:25.689844+00:00
[2023-08-15T21:54:25.782+0300] {processor.py:179} INFO - Processing /mnt/kali/DataHunt/venv/lib/python3.11/site-packages/airflow/example_dags/example_skip_dag.py took 0.475 seconds
[2023-08-15T21:54:56.446+0300] {processor.py:157} INFO - Started process (PID=240347) to work on /mnt/kali/DataHunt/venv/lib/python3.11/site-packages/airflow/example_dags/example_skip_dag.py
[2023-08-15T21:54:56.461+0300] {processor.py:826} INFO - Processing file /mnt/kali/DataHunt/venv/lib/python3.11/site-packages/airflow/example_dags/example_skip_dag.py for tasks to queue
[2023-08-15T21:54:56.464+0300] {logging_mixin.py:150} INFO - [2023-08-15T21:54:56.463+0300] {dagbag.py:541} INFO - Filling up the DagBag from /mnt/kali/DataHunt/venv/lib/python3.11/site-packages/airflow/example_dags/example_skip_dag.py
[2023-08-15T21:54:56.522+0300] {processor.py:836} INFO - DAG(s) dict_keys(['example_skip_dag']) retrieved from /mnt/kali/DataHunt/venv/lib/python3.11/site-packages/airflow/example_dags/example_skip_dag.py
[2023-08-15T21:54:56.691+0300] {logging_mixin.py:150} INFO - [2023-08-15T21:54:56.691+0300] {dag.py:2742} INFO - Sync 1 DAGs
[2023-08-15T21:54:56.815+0300] {logging_mixin.py:150} INFO - [2023-08-15T21:54:56.814+0300] {dag.py:3504} INFO - Setting next_dagrun for example_skip_dag to 2023-08-14T18:54:56.813746+00:00, run_after=2023-08-15T18:54:56.813746+00:00
[2023-08-15T21:54:56.921+0300] {processor.py:179} INFO - Processing /mnt/kali/DataHunt/venv/lib/python3.11/site-packages/airflow/example_dags/example_skip_dag.py took 0.498 seconds
[2023-08-15T21:55:27.320+0300] {processor.py:157} INFO - Started process (PID=240797) to work on /mnt/kali/DataHunt/venv/lib/python3.11/site-packages/airflow/example_dags/example_skip_dag.py
[2023-08-15T21:55:27.334+0300] {processor.py:826} INFO - Processing file /mnt/kali/DataHunt/venv/lib/python3.11/site-packages/airflow/example_dags/example_skip_dag.py for tasks to queue
[2023-08-15T21:55:27.337+0300] {logging_mixin.py:150} INFO - [2023-08-15T21:55:27.336+0300] {dagbag.py:541} INFO - Filling up the DagBag from /mnt/kali/DataHunt/venv/lib/python3.11/site-packages/airflow/example_dags/example_skip_dag.py
[2023-08-15T21:55:27.364+0300] {processor.py:836} INFO - DAG(s) dict_keys(['example_skip_dag']) retrieved from /mnt/kali/DataHunt/venv/lib/python3.11/site-packages/airflow/example_dags/example_skip_dag.py
[2023-08-15T21:55:27.507+0300] {logging_mixin.py:150} INFO - [2023-08-15T21:55:27.506+0300] {dag.py:2742} INFO - Sync 1 DAGs
[2023-08-15T21:55:27.605+0300] {logging_mixin.py:150} INFO - [2023-08-15T21:55:27.604+0300] {dag.py:3504} INFO - Setting next_dagrun for example_skip_dag to 2023-08-14T18:55:27.603575+00:00, run_after=2023-08-15T18:55:27.603575+00:00
[2023-08-15T21:55:27.681+0300] {processor.py:179} INFO - Processing /mnt/kali/DataHunt/venv/lib/python3.11/site-packages/airflow/example_dags/example_skip_dag.py took 0.374 seconds
[2023-08-15T21:55:58.185+0300] {processor.py:157} INFO - Started process (PID=241178) to work on /mnt/kali/DataHunt/venv/lib/python3.11/site-packages/airflow/example_dags/example_skip_dag.py
[2023-08-15T21:55:58.200+0300] {processor.py:826} INFO - Processing file /mnt/kali/DataHunt/venv/lib/python3.11/site-packages/airflow/example_dags/example_skip_dag.py for tasks to queue
[2023-08-15T21:55:58.203+0300] {logging_mixin.py:150} INFO - [2023-08-15T21:55:58.202+0300] {dagbag.py:541} INFO - Filling up the DagBag from /mnt/kali/DataHunt/venv/lib/python3.11/site-packages/airflow/example_dags/example_skip_dag.py
[2023-08-15T21:55:58.263+0300] {processor.py:836} INFO - DAG(s) dict_keys(['example_skip_dag']) retrieved from /mnt/kali/DataHunt/venv/lib/python3.11/site-packages/airflow/example_dags/example_skip_dag.py
[2023-08-15T21:55:58.583+0300] {logging_mixin.py:150} INFO - [2023-08-15T21:55:58.582+0300] {dag.py:2742} INFO - Sync 1 DAGs
[2023-08-15T21:55:58.771+0300] {logging_mixin.py:150} INFO - [2023-08-15T21:55:58.769+0300] {dag.py:3504} INFO - Setting next_dagrun for example_skip_dag to 2023-08-14T18:55:58.767808+00:00, run_after=2023-08-15T18:55:58.767808+00:00
[2023-08-15T21:55:58.969+0300] {processor.py:179} INFO - Processing /mnt/kali/DataHunt/venv/lib/python3.11/site-packages/airflow/example_dags/example_skip_dag.py took 0.800 seconds
[2023-08-15T21:56:29.379+0300] {processor.py:157} INFO - Started process (PID=241757) to work on /mnt/kali/DataHunt/venv/lib/python3.11/site-packages/airflow/example_dags/example_skip_dag.py
[2023-08-15T21:56:29.389+0300] {processor.py:826} INFO - Processing file /mnt/kali/DataHunt/venv/lib/python3.11/site-packages/airflow/example_dags/example_skip_dag.py for tasks to queue
[2023-08-15T21:56:29.392+0300] {logging_mixin.py:150} INFO - [2023-08-15T21:56:29.391+0300] {dagbag.py:541} INFO - Filling up the DagBag from /mnt/kali/DataHunt/venv/lib/python3.11/site-packages/airflow/example_dags/example_skip_dag.py
[2023-08-15T21:56:29.601+0300] {processor.py:836} INFO - DAG(s) dict_keys(['example_skip_dag']) retrieved from /mnt/kali/DataHunt/venv/lib/python3.11/site-packages/airflow/example_dags/example_skip_dag.py
[2023-08-15T21:56:30.072+0300] {logging_mixin.py:150} INFO - [2023-08-15T21:56:30.071+0300] {dag.py:2742} INFO - Sync 1 DAGs
[2023-08-15T21:56:30.263+0300] {logging_mixin.py:150} INFO - [2023-08-15T21:56:30.262+0300] {dag.py:3504} INFO - Setting next_dagrun for example_skip_dag to 2023-08-14T18:56:30.261687+00:00, run_after=2023-08-15T18:56:30.261687+00:00
[2023-08-15T21:56:30.394+0300] {processor.py:179} INFO - Processing /mnt/kali/DataHunt/venv/lib/python3.11/site-packages/airflow/example_dags/example_skip_dag.py took 1.031 seconds
[2023-08-15T21:57:00.628+0300] {processor.py:157} INFO - Started process (PID=242354) to work on /mnt/kali/DataHunt/venv/lib/python3.11/site-packages/airflow/example_dags/example_skip_dag.py
[2023-08-15T21:57:00.631+0300] {processor.py:826} INFO - Processing file /mnt/kali/DataHunt/venv/lib/python3.11/site-packages/airflow/example_dags/example_skip_dag.py for tasks to queue
[2023-08-15T21:57:00.635+0300] {logging_mixin.py:150} INFO - [2023-08-15T21:57:00.633+0300] {dagbag.py:541} INFO - Filling up the DagBag from /mnt/kali/DataHunt/venv/lib/python3.11/site-packages/airflow/example_dags/example_skip_dag.py
[2023-08-15T21:57:00.670+0300] {processor.py:836} INFO - DAG(s) dict_keys(['example_skip_dag']) retrieved from /mnt/kali/DataHunt/venv/lib/python3.11/site-packages/airflow/example_dags/example_skip_dag.py
[2023-08-15T21:57:00.824+0300] {logging_mixin.py:150} INFO - [2023-08-15T21:57:00.823+0300] {dag.py:2742} INFO - Sync 1 DAGs
[2023-08-15T21:57:00.965+0300] {logging_mixin.py:150} INFO - [2023-08-15T21:57:00.964+0300] {dag.py:3504} INFO - Setting next_dagrun for example_skip_dag to 2023-08-14T18:57:00.963635+00:00, run_after=2023-08-15T18:57:00.963635+00:00
[2023-08-15T21:57:01.145+0300] {processor.py:179} INFO - Processing /mnt/kali/DataHunt/venv/lib/python3.11/site-packages/airflow/example_dags/example_skip_dag.py took 0.541 seconds
[2023-08-15T21:57:31.782+0300] {processor.py:157} INFO - Started process (PID=242848) to work on /mnt/kali/DataHunt/venv/lib/python3.11/site-packages/airflow/example_dags/example_skip_dag.py
[2023-08-15T21:57:31.785+0300] {processor.py:826} INFO - Processing file /mnt/kali/DataHunt/venv/lib/python3.11/site-packages/airflow/example_dags/example_skip_dag.py for tasks to queue
[2023-08-15T21:57:31.789+0300] {logging_mixin.py:150} INFO - [2023-08-15T21:57:31.787+0300] {dagbag.py:541} INFO - Filling up the DagBag from /mnt/kali/DataHunt/venv/lib/python3.11/site-packages/airflow/example_dags/example_skip_dag.py
[2023-08-15T21:57:31.820+0300] {processor.py:836} INFO - DAG(s) dict_keys(['example_skip_dag']) retrieved from /mnt/kali/DataHunt/venv/lib/python3.11/site-packages/airflow/example_dags/example_skip_dag.py
[2023-08-15T21:57:31.967+0300] {logging_mixin.py:150} INFO - [2023-08-15T21:57:31.966+0300] {dag.py:2742} INFO - Sync 1 DAGs
[2023-08-15T21:57:32.115+0300] {logging_mixin.py:150} INFO - [2023-08-15T21:57:32.114+0300] {dag.py:3504} INFO - Setting next_dagrun for example_skip_dag to 2023-08-14T18:57:32.113731+00:00, run_after=2023-08-15T18:57:32.113731+00:00
[2023-08-15T21:57:32.259+0300] {processor.py:179} INFO - Processing /mnt/kali/DataHunt/venv/lib/python3.11/site-packages/airflow/example_dags/example_skip_dag.py took 0.491 seconds
[2023-08-15T21:58:02.914+0300] {processor.py:157} INFO - Started process (PID=243289) to work on /mnt/kali/DataHunt/venv/lib/python3.11/site-packages/airflow/example_dags/example_skip_dag.py
[2023-08-15T21:58:02.921+0300] {processor.py:826} INFO - Processing file /mnt/kali/DataHunt/venv/lib/python3.11/site-packages/airflow/example_dags/example_skip_dag.py for tasks to queue
[2023-08-15T21:58:02.924+0300] {logging_mixin.py:150} INFO - [2023-08-15T21:58:02.923+0300] {dagbag.py:541} INFO - Filling up the DagBag from /mnt/kali/DataHunt/venv/lib/python3.11/site-packages/airflow/example_dags/example_skip_dag.py
[2023-08-15T21:58:02.969+0300] {processor.py:836} INFO - DAG(s) dict_keys(['example_skip_dag']) retrieved from /mnt/kali/DataHunt/venv/lib/python3.11/site-packages/airflow/example_dags/example_skip_dag.py
[2023-08-15T21:58:03.122+0300] {logging_mixin.py:150} INFO - [2023-08-15T21:58:03.121+0300] {dag.py:2742} INFO - Sync 1 DAGs
[2023-08-15T21:58:03.239+0300] {logging_mixin.py:150} INFO - [2023-08-15T21:58:03.239+0300] {dag.py:3504} INFO - Setting next_dagrun for example_skip_dag to 2023-08-14T18:58:03.238426+00:00, run_after=2023-08-15T18:58:03.238426+00:00
[2023-08-15T21:58:03.324+0300] {processor.py:179} INFO - Processing /mnt/kali/DataHunt/venv/lib/python3.11/site-packages/airflow/example_dags/example_skip_dag.py took 0.423 seconds
