[2023-08-15T21:26:11.475+0300] {processor.py:157} INFO - Started process (PID=214916) to work on /mnt/kali/DataHunt/venv/lib/python3.11/site-packages/airflow/example_dags/example_datasets.py
[2023-08-15T21:26:11.478+0300] {processor.py:826} INFO - Processing file /mnt/kali/DataHunt/venv/lib/python3.11/site-packages/airflow/example_dags/example_datasets.py for tasks to queue
[2023-08-15T21:26:11.482+0300] {logging_mixin.py:150} INFO - [2023-08-15T21:26:11.480+0300] {dagbag.py:541} INFO - Filling up the DagBag from /mnt/kali/DataHunt/venv/lib/python3.11/site-packages/airflow/example_dags/example_datasets.py
[2023-08-15T21:26:11.524+0300] {processor.py:836} INFO - DAG(s) dict_keys(['dataset_consumes_1_never_scheduled', 'dataset_consumes_1', 'dataset_consumes_unknown_never_scheduled', 'dataset_produces_1', 'dataset_consumes_1_and_2', 'dataset_produces_2']) retrieved from /mnt/kali/DataHunt/venv/lib/python3.11/site-packages/airflow/example_dags/example_datasets.py
[2023-08-15T21:26:12.023+0300] {logging_mixin.py:150} INFO - [2023-08-15T21:26:12.022+0300] {manager.py:504} INFO - Created Permission View: can edit on DAG:dataset_consumes_1_never_scheduled
[2023-08-15T21:26:12.089+0300] {logging_mixin.py:150} INFO - [2023-08-15T21:26:12.089+0300] {manager.py:504} INFO - Created Permission View: can delete on DAG:dataset_consumes_1_never_scheduled
[2023-08-15T21:26:12.168+0300] {logging_mixin.py:150} INFO - [2023-08-15T21:26:12.167+0300] {manager.py:504} INFO - Created Permission View: can read on DAG:dataset_consumes_1_never_scheduled
[2023-08-15T21:26:12.468+0300] {logging_mixin.py:150} INFO - [2023-08-15T21:26:12.467+0300] {manager.py:504} INFO - Created Permission View: can edit on DAG:dataset_consumes_1
[2023-08-15T21:26:12.557+0300] {logging_mixin.py:150} INFO - [2023-08-15T21:26:12.556+0300] {manager.py:504} INFO - Created Permission View: can delete on DAG:dataset_consumes_1
[2023-08-15T21:26:12.790+0300] {logging_mixin.py:150} INFO - [2023-08-15T21:26:12.789+0300] {manager.py:504} INFO - Created Permission View: can read on DAG:dataset_consumes_1
[2023-08-15T21:26:13.045+0300] {logging_mixin.py:150} INFO - [2023-08-15T21:26:13.045+0300] {manager.py:504} INFO - Created Permission View: can edit on DAG:dataset_consumes_unknown_never_scheduled
[2023-08-15T21:26:13.123+0300] {logging_mixin.py:150} INFO - [2023-08-15T21:26:13.122+0300] {manager.py:504} INFO - Created Permission View: can delete on DAG:dataset_consumes_unknown_never_scheduled
[2023-08-15T21:26:13.213+0300] {logging_mixin.py:150} INFO - [2023-08-15T21:26:13.212+0300] {manager.py:504} INFO - Created Permission View: can read on DAG:dataset_consumes_unknown_never_scheduled
[2023-08-15T21:26:13.403+0300] {logging_mixin.py:150} INFO - [2023-08-15T21:26:13.400+0300] {manager.py:504} INFO - Created Permission View: can edit on DAG:dataset_produces_1
[2023-08-15T21:26:13.502+0300] {logging_mixin.py:150} INFO - [2023-08-15T21:26:13.500+0300] {manager.py:504} INFO - Created Permission View: can delete on DAG:dataset_produces_1
[2023-08-15T21:26:13.590+0300] {logging_mixin.py:150} INFO - [2023-08-15T21:26:13.589+0300] {manager.py:504} INFO - Created Permission View: can read on DAG:dataset_produces_1
[2023-08-15T21:26:13.803+0300] {logging_mixin.py:150} INFO - [2023-08-15T21:26:13.802+0300] {manager.py:504} INFO - Created Permission View: can edit on DAG:dataset_consumes_1_and_2
[2023-08-15T21:26:13.890+0300] {logging_mixin.py:150} INFO - [2023-08-15T21:26:13.889+0300] {manager.py:504} INFO - Created Permission View: can delete on DAG:dataset_consumes_1_and_2
[2023-08-15T21:26:13.968+0300] {logging_mixin.py:150} INFO - [2023-08-15T21:26:13.967+0300] {manager.py:504} INFO - Created Permission View: can read on DAG:dataset_consumes_1_and_2
[2023-08-15T21:26:14.205+0300] {logging_mixin.py:150} INFO - [2023-08-15T21:26:14.204+0300] {manager.py:504} INFO - Created Permission View: can edit on DAG:dataset_produces_2
[2023-08-15T21:26:14.361+0300] {logging_mixin.py:150} INFO - [2023-08-15T21:26:14.360+0300] {manager.py:504} INFO - Created Permission View: can delete on DAG:dataset_produces_2
[2023-08-15T21:26:14.516+0300] {logging_mixin.py:150} INFO - [2023-08-15T21:26:14.515+0300] {manager.py:504} INFO - Created Permission View: can read on DAG:dataset_produces_2
[2023-08-15T21:26:14.593+0300] {logging_mixin.py:150} INFO - [2023-08-15T21:26:14.592+0300] {dag.py:2742} INFO - Sync 6 DAGs
[2023-08-15T21:26:14.665+0300] {logging_mixin.py:150} INFO - [2023-08-15T21:26:14.665+0300] {dag.py:2763} INFO - Creating ORM DAG for dataset_consumes_1_never_scheduled
[2023-08-15T21:26:14.671+0300] {logging_mixin.py:150} INFO - [2023-08-15T21:26:14.671+0300] {dag.py:2763} INFO - Creating ORM DAG for dataset_consumes_1_and_2
[2023-08-15T21:26:14.673+0300] {logging_mixin.py:150} INFO - [2023-08-15T21:26:14.673+0300] {dag.py:2763} INFO - Creating ORM DAG for dataset_produces_2
[2023-08-15T21:26:14.675+0300] {logging_mixin.py:150} INFO - [2023-08-15T21:26:14.675+0300] {dag.py:2763} INFO - Creating ORM DAG for dataset_consumes_unknown_never_scheduled
[2023-08-15T21:26:14.678+0300] {logging_mixin.py:150} INFO - [2023-08-15T21:26:14.677+0300] {dag.py:2763} INFO - Creating ORM DAG for dataset_consumes_1
[2023-08-15T21:26:14.682+0300] {logging_mixin.py:150} INFO - [2023-08-15T21:26:14.681+0300] {dag.py:2763} INFO - Creating ORM DAG for dataset_produces_1
[2023-08-15T21:26:14.761+0300] {logging_mixin.py:150} INFO - [2023-08-15T21:26:14.760+0300] {dag.py:3504} INFO - Setting next_dagrun for dataset_consumes_1 to None, run_after=None
[2023-08-15T21:26:14.764+0300] {logging_mixin.py:150} INFO - [2023-08-15T21:26:14.763+0300] {dag.py:3504} INFO - Setting next_dagrun for dataset_consumes_1_and_2 to None, run_after=None
[2023-08-15T21:26:14.767+0300] {logging_mixin.py:150} INFO - [2023-08-15T21:26:14.766+0300] {dag.py:3504} INFO - Setting next_dagrun for dataset_consumes_1_never_scheduled to None, run_after=None
[2023-08-15T21:26:14.773+0300] {logging_mixin.py:150} INFO - [2023-08-15T21:26:14.770+0300] {dag.py:3504} INFO - Setting next_dagrun for dataset_consumes_unknown_never_scheduled to None, run_after=None
[2023-08-15T21:26:14.786+0300] {logging_mixin.py:150} INFO - [2023-08-15T21:26:14.785+0300] {dag.py:3504} INFO - Setting next_dagrun for dataset_produces_1 to 2023-08-14T00:00:00+00:00, run_after=2023-08-15T00:00:00+00:00
[2023-08-15T21:26:14.789+0300] {logging_mixin.py:150} INFO - [2023-08-15T21:26:14.788+0300] {dag.py:3504} INFO - Setting next_dagrun for dataset_produces_2 to None, run_after=None
[2023-08-15T21:26:15.202+0300] {processor.py:179} INFO - Processing /mnt/kali/DataHunt/venv/lib/python3.11/site-packages/airflow/example_dags/example_datasets.py took 3.740 seconds
[2023-08-15T21:29:33.854+0300] {processor.py:157} INFO - Started process (PID=217409) to work on /mnt/kali/DataHunt/venv/lib/python3.11/site-packages/airflow/example_dags/example_datasets.py
[2023-08-15T21:29:33.869+0300] {processor.py:826} INFO - Processing file /mnt/kali/DataHunt/venv/lib/python3.11/site-packages/airflow/example_dags/example_datasets.py for tasks to queue
[2023-08-15T21:29:33.872+0300] {logging_mixin.py:150} INFO - [2023-08-15T21:29:33.871+0300] {dagbag.py:541} INFO - Filling up the DagBag from /mnt/kali/DataHunt/venv/lib/python3.11/site-packages/airflow/example_dags/example_datasets.py
[2023-08-15T21:29:33.916+0300] {processor.py:836} INFO - DAG(s) dict_keys(['dataset_consumes_1_and_2', 'dataset_consumes_1', 'dataset_produces_2', 'dataset_consumes_1_never_scheduled', 'dataset_consumes_unknown_never_scheduled', 'dataset_produces_1']) retrieved from /mnt/kali/DataHunt/venv/lib/python3.11/site-packages/airflow/example_dags/example_datasets.py
[2023-08-15T21:29:34.049+0300] {logging_mixin.py:150} INFO - [2023-08-15T21:29:34.048+0300] {dag.py:2742} INFO - Sync 6 DAGs
[2023-08-15T21:29:34.150+0300] {logging_mixin.py:150} INFO - [2023-08-15T21:29:34.149+0300] {dag.py:3504} INFO - Setting next_dagrun for dataset_consumes_1 to None, run_after=None
[2023-08-15T21:29:34.172+0300] {logging_mixin.py:150} INFO - [2023-08-15T21:29:34.171+0300] {dag.py:3504} INFO - Setting next_dagrun for dataset_consumes_1_and_2 to None, run_after=None
[2023-08-15T21:29:34.192+0300] {logging_mixin.py:150} INFO - [2023-08-15T21:29:34.177+0300] {dag.py:3504} INFO - Setting next_dagrun for dataset_consumes_1_never_scheduled to None, run_after=None
[2023-08-15T21:29:34.196+0300] {logging_mixin.py:150} INFO - [2023-08-15T21:29:34.196+0300] {dag.py:3504} INFO - Setting next_dagrun for dataset_consumes_unknown_never_scheduled to None, run_after=None
[2023-08-15T21:29:34.208+0300] {logging_mixin.py:150} INFO - [2023-08-15T21:29:34.207+0300] {dag.py:3504} INFO - Setting next_dagrun for dataset_produces_1 to 2023-08-14T00:00:00+00:00, run_after=2023-08-15T00:00:00+00:00
[2023-08-15T21:29:34.214+0300] {logging_mixin.py:150} INFO - [2023-08-15T21:29:34.213+0300] {dag.py:3504} INFO - Setting next_dagrun for dataset_produces_2 to None, run_after=None
[2023-08-15T21:29:34.653+0300] {processor.py:179} INFO - Processing /mnt/kali/DataHunt/venv/lib/python3.11/site-packages/airflow/example_dags/example_datasets.py took 0.814 seconds
[2023-08-15T21:47:40.707+0300] {processor.py:157} INFO - Started process (PID=233836) to work on /mnt/kali/DataHunt/venv/lib/python3.11/site-packages/airflow/example_dags/example_datasets.py
[2023-08-15T21:47:40.724+0300] {processor.py:826} INFO - Processing file /mnt/kali/DataHunt/venv/lib/python3.11/site-packages/airflow/example_dags/example_datasets.py for tasks to queue
[2023-08-15T21:47:40.727+0300] {logging_mixin.py:150} INFO - [2023-08-15T21:47:40.726+0300] {dagbag.py:541} INFO - Filling up the DagBag from /mnt/kali/DataHunt/venv/lib/python3.11/site-packages/airflow/example_dags/example_datasets.py
[2023-08-15T21:47:40.781+0300] {processor.py:836} INFO - DAG(s) dict_keys(['dataset_produces_2', 'dataset_consumes_1_and_2', 'dataset_consumes_1_never_scheduled', 'dataset_consumes_unknown_never_scheduled', 'dataset_produces_1', 'dataset_consumes_1']) retrieved from /mnt/kali/DataHunt/venv/lib/python3.11/site-packages/airflow/example_dags/example_datasets.py
[2023-08-15T21:47:41.329+0300] {logging_mixin.py:150} INFO - [2023-08-15T21:47:41.329+0300] {manager.py:504} INFO - Created Permission View: can read on DAG:dataset_produces_2
[2023-08-15T21:47:41.428+0300] {logging_mixin.py:150} INFO - [2023-08-15T21:47:41.428+0300] {manager.py:504} INFO - Created Permission View: can delete on DAG:dataset_produces_2
[2023-08-15T21:47:41.495+0300] {logging_mixin.py:150} INFO - [2023-08-15T21:47:41.495+0300] {manager.py:504} INFO - Created Permission View: can edit on DAG:dataset_produces_2
[2023-08-15T21:47:41.695+0300] {logging_mixin.py:150} INFO - [2023-08-15T21:47:41.694+0300] {manager.py:504} INFO - Created Permission View: can read on DAG:dataset_consumes_1_and_2
[2023-08-15T21:47:41.739+0300] {logging_mixin.py:150} INFO - [2023-08-15T21:47:41.739+0300] {manager.py:504} INFO - Created Permission View: can delete on DAG:dataset_consumes_1_and_2
[2023-08-15T21:47:41.797+0300] {logging_mixin.py:150} INFO - [2023-08-15T21:47:41.797+0300] {manager.py:504} INFO - Created Permission View: can edit on DAG:dataset_consumes_1_and_2
[2023-08-15T21:47:41.928+0300] {logging_mixin.py:150} INFO - [2023-08-15T21:47:41.928+0300] {manager.py:504} INFO - Created Permission View: can read on DAG:dataset_consumes_1_never_scheduled
[2023-08-15T21:47:41.983+0300] {logging_mixin.py:150} INFO - [2023-08-15T21:47:41.982+0300] {manager.py:504} INFO - Created Permission View: can delete on DAG:dataset_consumes_1_never_scheduled
[2023-08-15T21:47:42.053+0300] {logging_mixin.py:150} INFO - [2023-08-15T21:47:42.053+0300] {manager.py:504} INFO - Created Permission View: can edit on DAG:dataset_consumes_1_never_scheduled
[2023-08-15T21:47:42.195+0300] {logging_mixin.py:150} INFO - [2023-08-15T21:47:42.195+0300] {manager.py:504} INFO - Created Permission View: can read on DAG:dataset_consumes_unknown_never_scheduled
[2023-08-15T21:47:42.264+0300] {logging_mixin.py:150} INFO - [2023-08-15T21:47:42.264+0300] {manager.py:504} INFO - Created Permission View: can delete on DAG:dataset_consumes_unknown_never_scheduled
[2023-08-15T21:47:42.306+0300] {logging_mixin.py:150} INFO - [2023-08-15T21:47:42.306+0300] {manager.py:504} INFO - Created Permission View: can edit on DAG:dataset_consumes_unknown_never_scheduled
[2023-08-15T21:47:42.442+0300] {logging_mixin.py:150} INFO - [2023-08-15T21:47:42.442+0300] {manager.py:504} INFO - Created Permission View: can read on DAG:dataset_produces_1
[2023-08-15T21:47:42.487+0300] {logging_mixin.py:150} INFO - [2023-08-15T21:47:42.486+0300] {manager.py:504} INFO - Created Permission View: can delete on DAG:dataset_produces_1
[2023-08-15T21:47:42.518+0300] {logging_mixin.py:150} INFO - [2023-08-15T21:47:42.517+0300] {manager.py:504} INFO - Created Permission View: can edit on DAG:dataset_produces_1
[2023-08-15T21:47:42.652+0300] {logging_mixin.py:150} INFO - [2023-08-15T21:47:42.651+0300] {manager.py:504} INFO - Created Permission View: can read on DAG:dataset_consumes_1
[2023-08-15T21:47:42.756+0300] {logging_mixin.py:150} INFO - [2023-08-15T21:47:42.755+0300] {manager.py:504} INFO - Created Permission View: can delete on DAG:dataset_consumes_1
[2023-08-15T21:47:42.818+0300] {logging_mixin.py:150} INFO - [2023-08-15T21:47:42.817+0300] {manager.py:504} INFO - Created Permission View: can edit on DAG:dataset_consumes_1
[2023-08-15T21:47:42.833+0300] {logging_mixin.py:150} INFO - [2023-08-15T21:47:42.833+0300] {dag.py:2742} INFO - Sync 6 DAGs
[2023-08-15T21:47:42.855+0300] {logging_mixin.py:150} INFO - [2023-08-15T21:47:42.854+0300] {dag.py:2763} INFO - Creating ORM DAG for dataset_consumes_1
[2023-08-15T21:47:42.856+0300] {logging_mixin.py:150} INFO - [2023-08-15T21:47:42.855+0300] {dag.py:2763} INFO - Creating ORM DAG for dataset_consumes_1_never_scheduled
[2023-08-15T21:47:42.857+0300] {logging_mixin.py:150} INFO - [2023-08-15T21:47:42.856+0300] {dag.py:2763} INFO - Creating ORM DAG for dataset_consumes_unknown_never_scheduled
[2023-08-15T21:47:42.857+0300] {logging_mixin.py:150} INFO - [2023-08-15T21:47:42.857+0300] {dag.py:2763} INFO - Creating ORM DAG for dataset_consumes_1_and_2
[2023-08-15T21:47:42.858+0300] {logging_mixin.py:150} INFO - [2023-08-15T21:47:42.858+0300] {dag.py:2763} INFO - Creating ORM DAG for dataset_produces_1
[2023-08-15T21:47:42.859+0300] {logging_mixin.py:150} INFO - [2023-08-15T21:47:42.859+0300] {dag.py:2763} INFO - Creating ORM DAG for dataset_produces_2
[2023-08-15T21:47:42.883+0300] {logging_mixin.py:150} INFO - [2023-08-15T21:47:42.883+0300] {dag.py:3504} INFO - Setting next_dagrun for dataset_consumes_1 to None, run_after=None
[2023-08-15T21:47:42.884+0300] {logging_mixin.py:150} INFO - [2023-08-15T21:47:42.884+0300] {dag.py:3504} INFO - Setting next_dagrun for dataset_consumes_1_and_2 to None, run_after=None
[2023-08-15T21:47:42.885+0300] {logging_mixin.py:150} INFO - [2023-08-15T21:47:42.885+0300] {dag.py:3504} INFO - Setting next_dagrun for dataset_consumes_1_never_scheduled to None, run_after=None
[2023-08-15T21:47:42.886+0300] {logging_mixin.py:150} INFO - [2023-08-15T21:47:42.886+0300] {dag.py:3504} INFO - Setting next_dagrun for dataset_consumes_unknown_never_scheduled to None, run_after=None
[2023-08-15T21:47:42.891+0300] {logging_mixin.py:150} INFO - [2023-08-15T21:47:42.890+0300] {dag.py:3504} INFO - Setting next_dagrun for dataset_produces_1 to 2023-08-14T00:00:00+00:00, run_after=2023-08-15T00:00:00+00:00
[2023-08-15T21:47:42.892+0300] {logging_mixin.py:150} INFO - [2023-08-15T21:47:42.892+0300] {dag.py:3504} INFO - Setting next_dagrun for dataset_produces_2 to None, run_after=None
[2023-08-15T21:47:43.108+0300] {processor.py:179} INFO - Processing /mnt/kali/DataHunt/venv/lib/python3.11/site-packages/airflow/example_dags/example_datasets.py took 2.412 seconds
[2023-08-15T21:48:13.209+0300] {processor.py:157} INFO - Started process (PID=234241) to work on /mnt/kali/DataHunt/venv/lib/python3.11/site-packages/airflow/example_dags/example_datasets.py
[2023-08-15T21:48:13.210+0300] {processor.py:826} INFO - Processing file /mnt/kali/DataHunt/venv/lib/python3.11/site-packages/airflow/example_dags/example_datasets.py for tasks to queue
[2023-08-15T21:48:13.212+0300] {logging_mixin.py:150} INFO - [2023-08-15T21:48:13.212+0300] {dagbag.py:541} INFO - Filling up the DagBag from /mnt/kali/DataHunt/venv/lib/python3.11/site-packages/airflow/example_dags/example_datasets.py
[2023-08-15T21:48:13.240+0300] {processor.py:836} INFO - DAG(s) dict_keys(['dataset_produces_2', 'dataset_consumes_unknown_never_scheduled', 'dataset_consumes_1_and_2', 'dataset_consumes_1', 'dataset_produces_1', 'dataset_consumes_1_never_scheduled']) retrieved from /mnt/kali/DataHunt/venv/lib/python3.11/site-packages/airflow/example_dags/example_datasets.py
[2023-08-15T21:48:13.404+0300] {logging_mixin.py:150} INFO - [2023-08-15T21:48:13.403+0300] {dag.py:2742} INFO - Sync 6 DAGs
[2023-08-15T21:48:13.516+0300] {logging_mixin.py:150} INFO - [2023-08-15T21:48:13.515+0300] {dag.py:3504} INFO - Setting next_dagrun for dataset_consumes_1 to None, run_after=None
[2023-08-15T21:48:13.539+0300] {logging_mixin.py:150} INFO - [2023-08-15T21:48:13.537+0300] {dag.py:3504} INFO - Setting next_dagrun for dataset_consumes_1_and_2 to None, run_after=None
[2023-08-15T21:48:13.544+0300] {logging_mixin.py:150} INFO - [2023-08-15T21:48:13.544+0300] {dag.py:3504} INFO - Setting next_dagrun for dataset_consumes_1_never_scheduled to None, run_after=None
[2023-08-15T21:48:13.549+0300] {logging_mixin.py:150} INFO - [2023-08-15T21:48:13.548+0300] {dag.py:3504} INFO - Setting next_dagrun for dataset_consumes_unknown_never_scheduled to None, run_after=None
[2023-08-15T21:48:13.562+0300] {logging_mixin.py:150} INFO - [2023-08-15T21:48:13.561+0300] {dag.py:3504} INFO - Setting next_dagrun for dataset_produces_1 to 2023-08-14T00:00:00+00:00, run_after=2023-08-15T00:00:00+00:00
[2023-08-15T21:48:13.566+0300] {logging_mixin.py:150} INFO - [2023-08-15T21:48:13.566+0300] {dag.py:3504} INFO - Setting next_dagrun for dataset_produces_2 to None, run_after=None
[2023-08-15T21:48:13.705+0300] {processor.py:179} INFO - Processing /mnt/kali/DataHunt/venv/lib/python3.11/site-packages/airflow/example_dags/example_datasets.py took 0.512 seconds
[2023-08-15T21:48:44.825+0300] {processor.py:157} INFO - Started process (PID=234866) to work on /mnt/kali/DataHunt/venv/lib/python3.11/site-packages/airflow/example_dags/example_datasets.py
[2023-08-15T21:48:44.862+0300] {processor.py:826} INFO - Processing file /mnt/kali/DataHunt/venv/lib/python3.11/site-packages/airflow/example_dags/example_datasets.py for tasks to queue
[2023-08-15T21:48:44.865+0300] {logging_mixin.py:150} INFO - [2023-08-15T21:48:44.864+0300] {dagbag.py:541} INFO - Filling up the DagBag from /mnt/kali/DataHunt/venv/lib/python3.11/site-packages/airflow/example_dags/example_datasets.py
[2023-08-15T21:48:44.893+0300] {processor.py:836} INFO - DAG(s) dict_keys(['dataset_produces_1', 'dataset_consumes_1_never_scheduled', 'dataset_consumes_unknown_never_scheduled', 'dataset_consumes_1', 'dataset_consumes_1_and_2', 'dataset_produces_2']) retrieved from /mnt/kali/DataHunt/venv/lib/python3.11/site-packages/airflow/example_dags/example_datasets.py
[2023-08-15T21:48:45.037+0300] {logging_mixin.py:150} INFO - [2023-08-15T21:48:45.036+0300] {dag.py:2742} INFO - Sync 6 DAGs
[2023-08-15T21:48:45.124+0300] {logging_mixin.py:150} INFO - [2023-08-15T21:48:45.123+0300] {dag.py:3504} INFO - Setting next_dagrun for dataset_consumes_1 to None, run_after=None
[2023-08-15T21:48:45.136+0300] {logging_mixin.py:150} INFO - [2023-08-15T21:48:45.136+0300] {dag.py:3504} INFO - Setting next_dagrun for dataset_consumes_1_and_2 to None, run_after=None
[2023-08-15T21:48:45.141+0300] {logging_mixin.py:150} INFO - [2023-08-15T21:48:45.141+0300] {dag.py:3504} INFO - Setting next_dagrun for dataset_consumes_1_never_scheduled to None, run_after=None
[2023-08-15T21:48:45.146+0300] {logging_mixin.py:150} INFO - [2023-08-15T21:48:45.146+0300] {dag.py:3504} INFO - Setting next_dagrun for dataset_consumes_unknown_never_scheduled to None, run_after=None
[2023-08-15T21:48:45.159+0300] {logging_mixin.py:150} INFO - [2023-08-15T21:48:45.159+0300] {dag.py:3504} INFO - Setting next_dagrun for dataset_produces_1 to 2023-08-14T00:00:00+00:00, run_after=2023-08-15T00:00:00+00:00
[2023-08-15T21:48:45.164+0300] {logging_mixin.py:150} INFO - [2023-08-15T21:48:45.164+0300] {dag.py:3504} INFO - Setting next_dagrun for dataset_produces_2 to None, run_after=None
[2023-08-15T21:48:45.394+0300] {processor.py:179} INFO - Processing /mnt/kali/DataHunt/venv/lib/python3.11/site-packages/airflow/example_dags/example_datasets.py took 0.589 seconds
[2023-08-15T21:49:23.481+0300] {processor.py:157} INFO - Started process (PID=235504) to work on /mnt/kali/DataHunt/venv/lib/python3.11/site-packages/airflow/example_dags/example_datasets.py
[2023-08-15T21:49:23.494+0300] {processor.py:826} INFO - Processing file /mnt/kali/DataHunt/venv/lib/python3.11/site-packages/airflow/example_dags/example_datasets.py for tasks to queue
[2023-08-15T21:49:23.496+0300] {logging_mixin.py:150} INFO - [2023-08-15T21:49:23.495+0300] {dagbag.py:541} INFO - Filling up the DagBag from /mnt/kali/DataHunt/venv/lib/python3.11/site-packages/airflow/example_dags/example_datasets.py
[2023-08-15T21:49:23.528+0300] {processor.py:836} INFO - DAG(s) dict_keys(['dataset_consumes_1_never_scheduled', 'dataset_produces_1', 'dataset_consumes_1_and_2', 'dataset_consumes_unknown_never_scheduled', 'dataset_consumes_1', 'dataset_produces_2']) retrieved from /mnt/kali/DataHunt/venv/lib/python3.11/site-packages/airflow/example_dags/example_datasets.py
[2023-08-15T21:49:24.011+0300] {logging_mixin.py:150} INFO - [2023-08-15T21:49:24.010+0300] {dag.py:2742} INFO - Sync 6 DAGs
[2023-08-15T21:49:24.140+0300] {logging_mixin.py:150} INFO - [2023-08-15T21:49:24.139+0300] {dag.py:3504} INFO - Setting next_dagrun for dataset_consumes_1 to None, run_after=None
[2023-08-15T21:49:24.192+0300] {logging_mixin.py:150} INFO - [2023-08-15T21:49:24.191+0300] {dag.py:3504} INFO - Setting next_dagrun for dataset_consumes_1_and_2 to None, run_after=None
[2023-08-15T21:49:24.218+0300] {logging_mixin.py:150} INFO - [2023-08-15T21:49:24.217+0300] {dag.py:3504} INFO - Setting next_dagrun for dataset_consumes_1_never_scheduled to None, run_after=None
[2023-08-15T21:49:24.247+0300] {logging_mixin.py:150} INFO - [2023-08-15T21:49:24.246+0300] {dag.py:3504} INFO - Setting next_dagrun for dataset_consumes_unknown_never_scheduled to None, run_after=None
[2023-08-15T21:49:24.298+0300] {logging_mixin.py:150} INFO - [2023-08-15T21:49:24.297+0300] {dag.py:3504} INFO - Setting next_dagrun for dataset_produces_1 to 2023-08-14T00:00:00+00:00, run_after=2023-08-15T00:00:00+00:00
[2023-08-15T21:49:24.304+0300] {logging_mixin.py:150} INFO - [2023-08-15T21:49:24.303+0300] {dag.py:3504} INFO - Setting next_dagrun for dataset_produces_2 to None, run_after=None
[2023-08-15T21:49:24.531+0300] {processor.py:179} INFO - Processing /mnt/kali/DataHunt/venv/lib/python3.11/site-packages/airflow/example_dags/example_datasets.py took 1.063 seconds
[2023-08-15T21:49:56.080+0300] {processor.py:157} INFO - Started process (PID=235883) to work on /mnt/kali/DataHunt/venv/lib/python3.11/site-packages/airflow/example_dags/example_datasets.py
[2023-08-15T21:49:56.094+0300] {processor.py:826} INFO - Processing file /mnt/kali/DataHunt/venv/lib/python3.11/site-packages/airflow/example_dags/example_datasets.py for tasks to queue
[2023-08-15T21:49:56.097+0300] {logging_mixin.py:150} INFO - [2023-08-15T21:49:56.096+0300] {dagbag.py:541} INFO - Filling up the DagBag from /mnt/kali/DataHunt/venv/lib/python3.11/site-packages/airflow/example_dags/example_datasets.py
[2023-08-15T21:49:56.159+0300] {processor.py:836} INFO - DAG(s) dict_keys(['dataset_consumes_1_never_scheduled', 'dataset_consumes_1_and_2', 'dataset_consumes_unknown_never_scheduled', 'dataset_produces_2', 'dataset_produces_1', 'dataset_consumes_1']) retrieved from /mnt/kali/DataHunt/venv/lib/python3.11/site-packages/airflow/example_dags/example_datasets.py
[2023-08-15T21:49:56.354+0300] {logging_mixin.py:150} INFO - [2023-08-15T21:49:56.353+0300] {dag.py:2742} INFO - Sync 6 DAGs
[2023-08-15T21:49:56.498+0300] {logging_mixin.py:150} INFO - [2023-08-15T21:49:56.497+0300] {dag.py:3504} INFO - Setting next_dagrun for dataset_consumes_1 to None, run_after=None
[2023-08-15T21:49:56.525+0300] {logging_mixin.py:150} INFO - [2023-08-15T21:49:56.525+0300] {dag.py:3504} INFO - Setting next_dagrun for dataset_consumes_1_and_2 to None, run_after=None
[2023-08-15T21:49:56.539+0300] {logging_mixin.py:150} INFO - [2023-08-15T21:49:56.539+0300] {dag.py:3504} INFO - Setting next_dagrun for dataset_consumes_1_never_scheduled to None, run_after=None
[2023-08-15T21:49:56.548+0300] {logging_mixin.py:150} INFO - [2023-08-15T21:49:56.547+0300] {dag.py:3504} INFO - Setting next_dagrun for dataset_consumes_unknown_never_scheduled to None, run_after=None
[2023-08-15T21:49:56.565+0300] {logging_mixin.py:150} INFO - [2023-08-15T21:49:56.564+0300] {dag.py:3504} INFO - Setting next_dagrun for dataset_produces_1 to 2023-08-14T00:00:00+00:00, run_after=2023-08-15T00:00:00+00:00
[2023-08-15T21:49:56.579+0300] {logging_mixin.py:150} INFO - [2023-08-15T21:49:56.578+0300] {dag.py:3504} INFO - Setting next_dagrun for dataset_produces_2 to None, run_after=None
[2023-08-15T21:49:56.799+0300] {processor.py:179} INFO - Processing /mnt/kali/DataHunt/venv/lib/python3.11/site-packages/airflow/example_dags/example_datasets.py took 0.748 seconds
[2023-08-15T21:50:28.536+0300] {processor.py:157} INFO - Started process (PID=236275) to work on /mnt/kali/DataHunt/venv/lib/python3.11/site-packages/airflow/example_dags/example_datasets.py
[2023-08-15T21:50:28.559+0300] {processor.py:826} INFO - Processing file /mnt/kali/DataHunt/venv/lib/python3.11/site-packages/airflow/example_dags/example_datasets.py for tasks to queue
[2023-08-15T21:50:28.572+0300] {logging_mixin.py:150} INFO - [2023-08-15T21:50:28.561+0300] {dagbag.py:541} INFO - Filling up the DagBag from /mnt/kali/DataHunt/venv/lib/python3.11/site-packages/airflow/example_dags/example_datasets.py
[2023-08-15T21:50:28.760+0300] {processor.py:836} INFO - DAG(s) dict_keys(['dataset_consumes_unknown_never_scheduled', 'dataset_produces_1', 'dataset_consumes_1', 'dataset_consumes_1_and_2', 'dataset_produces_2', 'dataset_consumes_1_never_scheduled']) retrieved from /mnt/kali/DataHunt/venv/lib/python3.11/site-packages/airflow/example_dags/example_datasets.py
[2023-08-15T21:50:29.587+0300] {logging_mixin.py:150} INFO - [2023-08-15T21:50:29.587+0300] {dag.py:2742} INFO - Sync 6 DAGs
[2023-08-15T21:50:29.937+0300] {logging_mixin.py:150} INFO - [2023-08-15T21:50:29.936+0300] {dag.py:3504} INFO - Setting next_dagrun for dataset_consumes_1 to None, run_after=None
[2023-08-15T21:50:29.980+0300] {logging_mixin.py:150} INFO - [2023-08-15T21:50:29.980+0300] {dag.py:3504} INFO - Setting next_dagrun for dataset_consumes_1_and_2 to None, run_after=None
[2023-08-15T21:50:30.020+0300] {logging_mixin.py:150} INFO - [2023-08-15T21:50:30.019+0300] {dag.py:3504} INFO - Setting next_dagrun for dataset_consumes_1_never_scheduled to None, run_after=None
[2023-08-15T21:50:30.044+0300] {logging_mixin.py:150} INFO - [2023-08-15T21:50:30.043+0300] {dag.py:3504} INFO - Setting next_dagrun for dataset_consumes_unknown_never_scheduled to None, run_after=None
[2023-08-15T21:50:30.102+0300] {logging_mixin.py:150} INFO - [2023-08-15T21:50:30.093+0300] {dag.py:3504} INFO - Setting next_dagrun for dataset_produces_1 to 2023-08-14T00:00:00+00:00, run_after=2023-08-15T00:00:00+00:00
[2023-08-15T21:50:30.116+0300] {logging_mixin.py:150} INFO - [2023-08-15T21:50:30.115+0300] {dag.py:3504} INFO - Setting next_dagrun for dataset_produces_2 to None, run_after=None
[2023-08-15T21:50:31.439+0300] {processor.py:179} INFO - Processing /mnt/kali/DataHunt/venv/lib/python3.11/site-packages/airflow/example_dags/example_datasets.py took 2.979 seconds
[2023-08-15T21:51:01.960+0300] {processor.py:157} INFO - Started process (PID=236720) to work on /mnt/kali/DataHunt/venv/lib/python3.11/site-packages/airflow/example_dags/example_datasets.py
[2023-08-15T21:51:01.986+0300] {processor.py:826} INFO - Processing file /mnt/kali/DataHunt/venv/lib/python3.11/site-packages/airflow/example_dags/example_datasets.py for tasks to queue
[2023-08-15T21:51:01.988+0300] {logging_mixin.py:150} INFO - [2023-08-15T21:51:01.987+0300] {dagbag.py:541} INFO - Filling up the DagBag from /mnt/kali/DataHunt/venv/lib/python3.11/site-packages/airflow/example_dags/example_datasets.py
[2023-08-15T21:51:02.036+0300] {processor.py:836} INFO - DAG(s) dict_keys(['dataset_produces_2', 'dataset_consumes_1_and_2', 'dataset_produces_1', 'dataset_consumes_unknown_never_scheduled', 'dataset_consumes_1_never_scheduled', 'dataset_consumes_1']) retrieved from /mnt/kali/DataHunt/venv/lib/python3.11/site-packages/airflow/example_dags/example_datasets.py
[2023-08-15T21:51:02.317+0300] {logging_mixin.py:150} INFO - [2023-08-15T21:51:02.316+0300] {dag.py:2742} INFO - Sync 6 DAGs
[2023-08-15T21:51:02.521+0300] {logging_mixin.py:150} INFO - [2023-08-15T21:51:02.520+0300] {dag.py:3504} INFO - Setting next_dagrun for dataset_consumes_1 to None, run_after=None
[2023-08-15T21:51:02.535+0300] {logging_mixin.py:150} INFO - [2023-08-15T21:51:02.535+0300] {dag.py:3504} INFO - Setting next_dagrun for dataset_consumes_1_and_2 to None, run_after=None
[2023-08-15T21:51:02.541+0300] {logging_mixin.py:150} INFO - [2023-08-15T21:51:02.541+0300] {dag.py:3504} INFO - Setting next_dagrun for dataset_consumes_1_never_scheduled to None, run_after=None
[2023-08-15T21:51:02.546+0300] {logging_mixin.py:150} INFO - [2023-08-15T21:51:02.545+0300] {dag.py:3504} INFO - Setting next_dagrun for dataset_consumes_unknown_never_scheduled to None, run_after=None
[2023-08-15T21:51:02.561+0300] {logging_mixin.py:150} INFO - [2023-08-15T21:51:02.560+0300] {dag.py:3504} INFO - Setting next_dagrun for dataset_produces_1 to 2023-08-14T00:00:00+00:00, run_after=2023-08-15T00:00:00+00:00
[2023-08-15T21:51:02.566+0300] {logging_mixin.py:150} INFO - [2023-08-15T21:51:02.565+0300] {dag.py:3504} INFO - Setting next_dagrun for dataset_produces_2 to None, run_after=None
[2023-08-15T21:51:02.779+0300] {processor.py:179} INFO - Processing /mnt/kali/DataHunt/venv/lib/python3.11/site-packages/airflow/example_dags/example_datasets.py took 0.832 seconds
[2023-08-15T21:51:33.418+0300] {processor.py:157} INFO - Started process (PID=237292) to work on /mnt/kali/DataHunt/venv/lib/python3.11/site-packages/airflow/example_dags/example_datasets.py
[2023-08-15T21:51:33.482+0300] {processor.py:826} INFO - Processing file /mnt/kali/DataHunt/venv/lib/python3.11/site-packages/airflow/example_dags/example_datasets.py for tasks to queue
[2023-08-15T21:51:33.485+0300] {logging_mixin.py:150} INFO - [2023-08-15T21:51:33.483+0300] {dagbag.py:541} INFO - Filling up the DagBag from /mnt/kali/DataHunt/venv/lib/python3.11/site-packages/airflow/example_dags/example_datasets.py
[2023-08-15T21:51:33.516+0300] {processor.py:836} INFO - DAG(s) dict_keys(['dataset_consumes_1', 'dataset_produces_2', 'dataset_consumes_1_never_scheduled', 'dataset_consumes_unknown_never_scheduled', 'dataset_produces_1', 'dataset_consumes_1_and_2']) retrieved from /mnt/kali/DataHunt/venv/lib/python3.11/site-packages/airflow/example_dags/example_datasets.py
[2023-08-15T21:51:33.653+0300] {logging_mixin.py:150} INFO - [2023-08-15T21:51:33.653+0300] {dag.py:2742} INFO - Sync 6 DAGs
[2023-08-15T21:51:33.731+0300] {logging_mixin.py:150} INFO - [2023-08-15T21:51:33.730+0300] {dag.py:3504} INFO - Setting next_dagrun for dataset_consumes_1 to None, run_after=None
[2023-08-15T21:51:33.742+0300] {logging_mixin.py:150} INFO - [2023-08-15T21:51:33.741+0300] {dag.py:3504} INFO - Setting next_dagrun for dataset_consumes_1_and_2 to None, run_after=None
[2023-08-15T21:51:33.747+0300] {logging_mixin.py:150} INFO - [2023-08-15T21:51:33.746+0300] {dag.py:3504} INFO - Setting next_dagrun for dataset_consumes_1_never_scheduled to None, run_after=None
[2023-08-15T21:51:33.750+0300] {logging_mixin.py:150} INFO - [2023-08-15T21:51:33.750+0300] {dag.py:3504} INFO - Setting next_dagrun for dataset_consumes_unknown_never_scheduled to None, run_after=None
[2023-08-15T21:51:33.758+0300] {logging_mixin.py:150} INFO - [2023-08-15T21:51:33.758+0300] {dag.py:3504} INFO - Setting next_dagrun for dataset_produces_1 to 2023-08-14T00:00:00+00:00, run_after=2023-08-15T00:00:00+00:00
[2023-08-15T21:51:33.761+0300] {logging_mixin.py:150} INFO - [2023-08-15T21:51:33.761+0300] {dag.py:3504} INFO - Setting next_dagrun for dataset_produces_2 to None, run_after=None
[2023-08-15T21:51:33.836+0300] {processor.py:179} INFO - Processing /mnt/kali/DataHunt/venv/lib/python3.11/site-packages/airflow/example_dags/example_datasets.py took 0.435 seconds
[2023-08-15T21:52:04.238+0300] {processor.py:157} INFO - Started process (PID=237851) to work on /mnt/kali/DataHunt/venv/lib/python3.11/site-packages/airflow/example_dags/example_datasets.py
[2023-08-15T21:52:04.251+0300] {processor.py:826} INFO - Processing file /mnt/kali/DataHunt/venv/lib/python3.11/site-packages/airflow/example_dags/example_datasets.py for tasks to queue
[2023-08-15T21:52:04.253+0300] {logging_mixin.py:150} INFO - [2023-08-15T21:52:04.252+0300] {dagbag.py:541} INFO - Filling up the DagBag from /mnt/kali/DataHunt/venv/lib/python3.11/site-packages/airflow/example_dags/example_datasets.py
[2023-08-15T21:52:04.297+0300] {processor.py:836} INFO - DAG(s) dict_keys(['dataset_produces_1', 'dataset_consumes_1', 'dataset_produces_2', 'dataset_consumes_unknown_never_scheduled', 'dataset_consumes_1_and_2', 'dataset_consumes_1_never_scheduled']) retrieved from /mnt/kali/DataHunt/venv/lib/python3.11/site-packages/airflow/example_dags/example_datasets.py
[2023-08-15T21:52:04.507+0300] {logging_mixin.py:150} INFO - [2023-08-15T21:52:04.506+0300] {dag.py:2742} INFO - Sync 6 DAGs
[2023-08-15T21:52:04.608+0300] {logging_mixin.py:150} INFO - [2023-08-15T21:52:04.607+0300] {dag.py:3504} INFO - Setting next_dagrun for dataset_consumes_1 to None, run_after=None
[2023-08-15T21:52:04.621+0300] {logging_mixin.py:150} INFO - [2023-08-15T21:52:04.621+0300] {dag.py:3504} INFO - Setting next_dagrun for dataset_consumes_1_and_2 to None, run_after=None
[2023-08-15T21:52:04.627+0300] {logging_mixin.py:150} INFO - [2023-08-15T21:52:04.627+0300] {dag.py:3504} INFO - Setting next_dagrun for dataset_consumes_1_never_scheduled to None, run_after=None
[2023-08-15T21:52:04.633+0300] {logging_mixin.py:150} INFO - [2023-08-15T21:52:04.632+0300] {dag.py:3504} INFO - Setting next_dagrun for dataset_consumes_unknown_never_scheduled to None, run_after=None
[2023-08-15T21:52:04.648+0300] {logging_mixin.py:150} INFO - [2023-08-15T21:52:04.647+0300] {dag.py:3504} INFO - Setting next_dagrun for dataset_produces_1 to 2023-08-14T00:00:00+00:00, run_after=2023-08-15T00:00:00+00:00
[2023-08-15T21:52:04.653+0300] {logging_mixin.py:150} INFO - [2023-08-15T21:52:04.652+0300] {dag.py:3504} INFO - Setting next_dagrun for dataset_produces_2 to None, run_after=None
[2023-08-15T21:52:04.758+0300] {processor.py:179} INFO - Processing /mnt/kali/DataHunt/venv/lib/python3.11/site-packages/airflow/example_dags/example_datasets.py took 0.535 seconds
[2023-08-15T21:52:34.871+0300] {processor.py:157} INFO - Started process (PID=238244) to work on /mnt/kali/DataHunt/venv/lib/python3.11/site-packages/airflow/example_dags/example_datasets.py
[2023-08-15T21:52:34.874+0300] {processor.py:826} INFO - Processing file /mnt/kali/DataHunt/venv/lib/python3.11/site-packages/airflow/example_dags/example_datasets.py for tasks to queue
[2023-08-15T21:52:34.878+0300] {logging_mixin.py:150} INFO - [2023-08-15T21:52:34.876+0300] {dagbag.py:541} INFO - Filling up the DagBag from /mnt/kali/DataHunt/venv/lib/python3.11/site-packages/airflow/example_dags/example_datasets.py
[2023-08-15T21:52:34.921+0300] {processor.py:836} INFO - DAG(s) dict_keys(['dataset_produces_1', 'dataset_consumes_1_never_scheduled', 'dataset_consumes_1_and_2', 'dataset_consumes_1', 'dataset_produces_2', 'dataset_consumes_unknown_never_scheduled']) retrieved from /mnt/kali/DataHunt/venv/lib/python3.11/site-packages/airflow/example_dags/example_datasets.py
[2023-08-15T21:52:35.098+0300] {logging_mixin.py:150} INFO - [2023-08-15T21:52:35.097+0300] {dag.py:2742} INFO - Sync 6 DAGs
[2023-08-15T21:52:35.188+0300] {logging_mixin.py:150} INFO - [2023-08-15T21:52:35.187+0300] {dag.py:3504} INFO - Setting next_dagrun for dataset_consumes_1 to None, run_after=None
[2023-08-15T21:52:35.201+0300] {logging_mixin.py:150} INFO - [2023-08-15T21:52:35.200+0300] {dag.py:3504} INFO - Setting next_dagrun for dataset_consumes_1_and_2 to None, run_after=None
[2023-08-15T21:52:35.206+0300] {logging_mixin.py:150} INFO - [2023-08-15T21:52:35.205+0300] {dag.py:3504} INFO - Setting next_dagrun for dataset_consumes_1_never_scheduled to None, run_after=None
[2023-08-15T21:52:35.211+0300] {logging_mixin.py:150} INFO - [2023-08-15T21:52:35.210+0300] {dag.py:3504} INFO - Setting next_dagrun for dataset_consumes_unknown_never_scheduled to None, run_after=None
[2023-08-15T21:52:35.224+0300] {logging_mixin.py:150} INFO - [2023-08-15T21:52:35.223+0300] {dag.py:3504} INFO - Setting next_dagrun for dataset_produces_1 to 2023-08-14T00:00:00+00:00, run_after=2023-08-15T00:00:00+00:00
[2023-08-15T21:52:35.229+0300] {logging_mixin.py:150} INFO - [2023-08-15T21:52:35.228+0300] {dag.py:3504} INFO - Setting next_dagrun for dataset_produces_2 to None, run_after=None
[2023-08-15T21:52:35.337+0300] {processor.py:179} INFO - Processing /mnt/kali/DataHunt/venv/lib/python3.11/site-packages/airflow/example_dags/example_datasets.py took 0.481 seconds
[2023-08-15T21:53:05.808+0300] {processor.py:157} INFO - Started process (PID=238629) to work on /mnt/kali/DataHunt/venv/lib/python3.11/site-packages/airflow/example_dags/example_datasets.py
[2023-08-15T21:53:05.811+0300] {processor.py:826} INFO - Processing file /mnt/kali/DataHunt/venv/lib/python3.11/site-packages/airflow/example_dags/example_datasets.py for tasks to queue
[2023-08-15T21:53:05.813+0300] {logging_mixin.py:150} INFO - [2023-08-15T21:53:05.812+0300] {dagbag.py:541} INFO - Filling up the DagBag from /mnt/kali/DataHunt/venv/lib/python3.11/site-packages/airflow/example_dags/example_datasets.py
[2023-08-15T21:53:05.845+0300] {processor.py:836} INFO - DAG(s) dict_keys(['dataset_consumes_1', 'dataset_consumes_unknown_never_scheduled', 'dataset_produces_2', 'dataset_produces_1', 'dataset_consumes_1_never_scheduled', 'dataset_consumes_1_and_2']) retrieved from /mnt/kali/DataHunt/venv/lib/python3.11/site-packages/airflow/example_dags/example_datasets.py
[2023-08-15T21:53:06.012+0300] {logging_mixin.py:150} INFO - [2023-08-15T21:53:06.012+0300] {dag.py:2742} INFO - Sync 6 DAGs
[2023-08-15T21:53:06.105+0300] {logging_mixin.py:150} INFO - [2023-08-15T21:53:06.104+0300] {dag.py:3504} INFO - Setting next_dagrun for dataset_consumes_1 to None, run_after=None
[2023-08-15T21:53:06.132+0300] {logging_mixin.py:150} INFO - [2023-08-15T21:53:06.131+0300] {dag.py:3504} INFO - Setting next_dagrun for dataset_consumes_1_and_2 to None, run_after=None
[2023-08-15T21:53:06.135+0300] {logging_mixin.py:150} INFO - [2023-08-15T21:53:06.135+0300] {dag.py:3504} INFO - Setting next_dagrun for dataset_consumes_1_never_scheduled to None, run_after=None
[2023-08-15T21:53:06.142+0300] {logging_mixin.py:150} INFO - [2023-08-15T21:53:06.142+0300] {dag.py:3504} INFO - Setting next_dagrun for dataset_consumes_unknown_never_scheduled to None, run_after=None
[2023-08-15T21:53:06.155+0300] {logging_mixin.py:150} INFO - [2023-08-15T21:53:06.155+0300] {dag.py:3504} INFO - Setting next_dagrun for dataset_produces_1 to 2023-08-14T00:00:00+00:00, run_after=2023-08-15T00:00:00+00:00
[2023-08-15T21:53:06.159+0300] {logging_mixin.py:150} INFO - [2023-08-15T21:53:06.159+0300] {dag.py:3504} INFO - Setting next_dagrun for dataset_produces_2 to None, run_after=None
[2023-08-15T21:53:06.273+0300] {processor.py:179} INFO - Processing /mnt/kali/DataHunt/venv/lib/python3.11/site-packages/airflow/example_dags/example_datasets.py took 0.476 seconds
[2023-08-15T21:53:36.430+0300] {processor.py:157} INFO - Started process (PID=239180) to work on /mnt/kali/DataHunt/venv/lib/python3.11/site-packages/airflow/example_dags/example_datasets.py
[2023-08-15T21:53:36.478+0300] {processor.py:826} INFO - Processing file /mnt/kali/DataHunt/venv/lib/python3.11/site-packages/airflow/example_dags/example_datasets.py for tasks to queue
[2023-08-15T21:53:36.481+0300] {logging_mixin.py:150} INFO - [2023-08-15T21:53:36.480+0300] {dagbag.py:541} INFO - Filling up the DagBag from /mnt/kali/DataHunt/venv/lib/python3.11/site-packages/airflow/example_dags/example_datasets.py
[2023-08-15T21:53:36.513+0300] {processor.py:836} INFO - DAG(s) dict_keys(['dataset_consumes_1_and_2', 'dataset_consumes_1', 'dataset_consumes_unknown_never_scheduled', 'dataset_produces_1', 'dataset_produces_2', 'dataset_consumes_1_never_scheduled']) retrieved from /mnt/kali/DataHunt/venv/lib/python3.11/site-packages/airflow/example_dags/example_datasets.py
[2023-08-15T21:53:36.891+0300] {logging_mixin.py:150} INFO - [2023-08-15T21:53:36.890+0300] {dag.py:2742} INFO - Sync 6 DAGs
[2023-08-15T21:53:37.123+0300] {logging_mixin.py:150} INFO - [2023-08-15T21:53:37.123+0300] {dag.py:3504} INFO - Setting next_dagrun for dataset_consumes_1 to None, run_after=None
[2023-08-15T21:53:37.166+0300] {logging_mixin.py:150} INFO - [2023-08-15T21:53:37.165+0300] {dag.py:3504} INFO - Setting next_dagrun for dataset_consumes_1_and_2 to None, run_after=None
[2023-08-15T21:53:37.176+0300] {logging_mixin.py:150} INFO - [2023-08-15T21:53:37.173+0300] {dag.py:3504} INFO - Setting next_dagrun for dataset_consumes_1_never_scheduled to None, run_after=None
[2023-08-15T21:53:37.189+0300] {logging_mixin.py:150} INFO - [2023-08-15T21:53:37.189+0300] {dag.py:3504} INFO - Setting next_dagrun for dataset_consumes_unknown_never_scheduled to None, run_after=None
[2023-08-15T21:53:37.204+0300] {logging_mixin.py:150} INFO - [2023-08-15T21:53:37.204+0300] {dag.py:3504} INFO - Setting next_dagrun for dataset_produces_1 to 2023-08-14T00:00:00+00:00, run_after=2023-08-15T00:00:00+00:00
[2023-08-15T21:53:37.214+0300] {logging_mixin.py:150} INFO - [2023-08-15T21:53:37.213+0300] {dag.py:3504} INFO - Setting next_dagrun for dataset_produces_2 to None, run_after=None
[2023-08-15T21:53:37.530+0300] {processor.py:179} INFO - Processing /mnt/kali/DataHunt/venv/lib/python3.11/site-packages/airflow/example_dags/example_datasets.py took 1.112 seconds
[2023-08-15T21:54:08.047+0300] {processor.py:157} INFO - Started process (PID=239790) to work on /mnt/kali/DataHunt/venv/lib/python3.11/site-packages/airflow/example_dags/example_datasets.py
[2023-08-15T21:54:08.205+0300] {processor.py:826} INFO - Processing file /mnt/kali/DataHunt/venv/lib/python3.11/site-packages/airflow/example_dags/example_datasets.py for tasks to queue
[2023-08-15T21:54:08.207+0300] {logging_mixin.py:150} INFO - [2023-08-15T21:54:08.207+0300] {dagbag.py:541} INFO - Filling up the DagBag from /mnt/kali/DataHunt/venv/lib/python3.11/site-packages/airflow/example_dags/example_datasets.py
[2023-08-15T21:54:08.271+0300] {processor.py:836} INFO - DAG(s) dict_keys(['dataset_consumes_1', 'dataset_consumes_1_never_scheduled', 'dataset_produces_1', 'dataset_consumes_unknown_never_scheduled', 'dataset_consumes_1_and_2', 'dataset_produces_2']) retrieved from /mnt/kali/DataHunt/venv/lib/python3.11/site-packages/airflow/example_dags/example_datasets.py
[2023-08-15T21:54:08.804+0300] {logging_mixin.py:150} INFO - [2023-08-15T21:54:08.804+0300] {dag.py:2742} INFO - Sync 6 DAGs
[2023-08-15T21:54:08.923+0300] {logging_mixin.py:150} INFO - [2023-08-15T21:54:08.922+0300] {dag.py:3504} INFO - Setting next_dagrun for dataset_consumes_1 to None, run_after=None
[2023-08-15T21:54:08.942+0300] {logging_mixin.py:150} INFO - [2023-08-15T21:54:08.942+0300] {dag.py:3504} INFO - Setting next_dagrun for dataset_consumes_1_and_2 to None, run_after=None
[2023-08-15T21:54:08.948+0300] {logging_mixin.py:150} INFO - [2023-08-15T21:54:08.947+0300] {dag.py:3504} INFO - Setting next_dagrun for dataset_consumes_1_never_scheduled to None, run_after=None
[2023-08-15T21:54:08.953+0300] {logging_mixin.py:150} INFO - [2023-08-15T21:54:08.953+0300] {dag.py:3504} INFO - Setting next_dagrun for dataset_consumes_unknown_never_scheduled to None, run_after=None
[2023-08-15T21:54:08.965+0300] {logging_mixin.py:150} INFO - [2023-08-15T21:54:08.965+0300] {dag.py:3504} INFO - Setting next_dagrun for dataset_produces_1 to 2023-08-14T00:00:00+00:00, run_after=2023-08-15T00:00:00+00:00
[2023-08-15T21:54:08.970+0300] {logging_mixin.py:150} INFO - [2023-08-15T21:54:08.970+0300] {dag.py:3504} INFO - Setting next_dagrun for dataset_produces_2 to None, run_after=None
[2023-08-15T21:54:09.109+0300] {processor.py:179} INFO - Processing /mnt/kali/DataHunt/venv/lib/python3.11/site-packages/airflow/example_dags/example_datasets.py took 1.099 seconds
[2023-08-15T21:54:39.485+0300] {processor.py:157} INFO - Started process (PID=240153) to work on /mnt/kali/DataHunt/venv/lib/python3.11/site-packages/airflow/example_dags/example_datasets.py
[2023-08-15T21:54:39.496+0300] {processor.py:826} INFO - Processing file /mnt/kali/DataHunt/venv/lib/python3.11/site-packages/airflow/example_dags/example_datasets.py for tasks to queue
[2023-08-15T21:54:39.502+0300] {logging_mixin.py:150} INFO - [2023-08-15T21:54:39.501+0300] {dagbag.py:541} INFO - Filling up the DagBag from /mnt/kali/DataHunt/venv/lib/python3.11/site-packages/airflow/example_dags/example_datasets.py
[2023-08-15T21:54:39.590+0300] {processor.py:836} INFO - DAG(s) dict_keys(['dataset_consumes_1', 'dataset_consumes_unknown_never_scheduled', 'dataset_produces_2', 'dataset_consumes_1_and_2', 'dataset_consumes_1_never_scheduled', 'dataset_produces_1']) retrieved from /mnt/kali/DataHunt/venv/lib/python3.11/site-packages/airflow/example_dags/example_datasets.py
[2023-08-15T21:54:40.008+0300] {logging_mixin.py:150} INFO - [2023-08-15T21:54:40.007+0300] {dag.py:2742} INFO - Sync 6 DAGs
[2023-08-15T21:54:40.170+0300] {logging_mixin.py:150} INFO - [2023-08-15T21:54:40.169+0300] {dag.py:3504} INFO - Setting next_dagrun for dataset_consumes_1 to None, run_after=None
[2023-08-15T21:54:40.184+0300] {logging_mixin.py:150} INFO - [2023-08-15T21:54:40.183+0300] {dag.py:3504} INFO - Setting next_dagrun for dataset_consumes_1_and_2 to None, run_after=None
[2023-08-15T21:54:40.189+0300] {logging_mixin.py:150} INFO - [2023-08-15T21:54:40.188+0300] {dag.py:3504} INFO - Setting next_dagrun for dataset_consumes_1_never_scheduled to None, run_after=None
[2023-08-15T21:54:40.194+0300] {logging_mixin.py:150} INFO - [2023-08-15T21:54:40.193+0300] {dag.py:3504} INFO - Setting next_dagrun for dataset_consumes_unknown_never_scheduled to None, run_after=None
[2023-08-15T21:54:40.207+0300] {logging_mixin.py:150} INFO - [2023-08-15T21:54:40.206+0300] {dag.py:3504} INFO - Setting next_dagrun for dataset_produces_1 to 2023-08-14T00:00:00+00:00, run_after=2023-08-15T00:00:00+00:00
[2023-08-15T21:54:40.211+0300] {logging_mixin.py:150} INFO - [2023-08-15T21:54:40.211+0300] {dag.py:3504} INFO - Setting next_dagrun for dataset_produces_2 to None, run_after=None
[2023-08-15T21:54:40.506+0300] {processor.py:179} INFO - Processing /mnt/kali/DataHunt/venv/lib/python3.11/site-packages/airflow/example_dags/example_datasets.py took 1.065 seconds
[2023-08-15T21:55:10.697+0300] {processor.py:157} INFO - Started process (PID=240553) to work on /mnt/kali/DataHunt/venv/lib/python3.11/site-packages/airflow/example_dags/example_datasets.py
[2023-08-15T21:55:10.700+0300] {processor.py:826} INFO - Processing file /mnt/kali/DataHunt/venv/lib/python3.11/site-packages/airflow/example_dags/example_datasets.py for tasks to queue
[2023-08-15T21:55:10.702+0300] {logging_mixin.py:150} INFO - [2023-08-15T21:55:10.701+0300] {dagbag.py:541} INFO - Filling up the DagBag from /mnt/kali/DataHunt/venv/lib/python3.11/site-packages/airflow/example_dags/example_datasets.py
[2023-08-15T21:55:10.740+0300] {processor.py:836} INFO - DAG(s) dict_keys(['dataset_consumes_1_and_2', 'dataset_consumes_unknown_never_scheduled', 'dataset_consumes_1', 'dataset_consumes_1_never_scheduled', 'dataset_produces_2', 'dataset_produces_1']) retrieved from /mnt/kali/DataHunt/venv/lib/python3.11/site-packages/airflow/example_dags/example_datasets.py
[2023-08-15T21:55:10.968+0300] {logging_mixin.py:150} INFO - [2023-08-15T21:55:10.968+0300] {dag.py:2742} INFO - Sync 6 DAGs
[2023-08-15T21:55:11.080+0300] {logging_mixin.py:150} INFO - [2023-08-15T21:55:11.079+0300] {dag.py:3504} INFO - Setting next_dagrun for dataset_consumes_1 to None, run_after=None
[2023-08-15T21:55:11.094+0300] {logging_mixin.py:150} INFO - [2023-08-15T21:55:11.093+0300] {dag.py:3504} INFO - Setting next_dagrun for dataset_consumes_1_and_2 to None, run_after=None
[2023-08-15T21:55:11.098+0300] {logging_mixin.py:150} INFO - [2023-08-15T21:55:11.097+0300] {dag.py:3504} INFO - Setting next_dagrun for dataset_consumes_1_never_scheduled to None, run_after=None
[2023-08-15T21:55:11.110+0300] {logging_mixin.py:150} INFO - [2023-08-15T21:55:11.110+0300] {dag.py:3504} INFO - Setting next_dagrun for dataset_consumes_unknown_never_scheduled to None, run_after=None
[2023-08-15T21:55:11.128+0300] {logging_mixin.py:150} INFO - [2023-08-15T21:55:11.128+0300] {dag.py:3504} INFO - Setting next_dagrun for dataset_produces_1 to 2023-08-14T00:00:00+00:00, run_after=2023-08-15T00:00:00+00:00
[2023-08-15T21:55:11.141+0300] {logging_mixin.py:150} INFO - [2023-08-15T21:55:11.141+0300] {dag.py:3504} INFO - Setting next_dagrun for dataset_produces_2 to None, run_after=None
[2023-08-15T21:55:11.356+0300] {processor.py:179} INFO - Processing /mnt/kali/DataHunt/venv/lib/python3.11/site-packages/airflow/example_dags/example_datasets.py took 0.672 seconds
[2023-08-15T21:55:41.597+0300] {processor.py:157} INFO - Started process (PID=240954) to work on /mnt/kali/DataHunt/venv/lib/python3.11/site-packages/airflow/example_dags/example_datasets.py
[2023-08-15T21:55:41.600+0300] {processor.py:826} INFO - Processing file /mnt/kali/DataHunt/venv/lib/python3.11/site-packages/airflow/example_dags/example_datasets.py for tasks to queue
[2023-08-15T21:55:41.603+0300] {logging_mixin.py:150} INFO - [2023-08-15T21:55:41.602+0300] {dagbag.py:541} INFO - Filling up the DagBag from /mnt/kali/DataHunt/venv/lib/python3.11/site-packages/airflow/example_dags/example_datasets.py
[2023-08-15T21:55:41.645+0300] {processor.py:836} INFO - DAG(s) dict_keys(['dataset_consumes_unknown_never_scheduled', 'dataset_produces_1', 'dataset_consumes_1', 'dataset_produces_2', 'dataset_consumes_1_never_scheduled', 'dataset_consumes_1_and_2']) retrieved from /mnt/kali/DataHunt/venv/lib/python3.11/site-packages/airflow/example_dags/example_datasets.py
[2023-08-15T21:55:41.859+0300] {logging_mixin.py:150} INFO - [2023-08-15T21:55:41.858+0300] {dag.py:2742} INFO - Sync 6 DAGs
[2023-08-15T21:55:41.973+0300] {logging_mixin.py:150} INFO - [2023-08-15T21:55:41.972+0300] {dag.py:3504} INFO - Setting next_dagrun for dataset_consumes_1 to None, run_after=None
[2023-08-15T21:55:41.989+0300] {logging_mixin.py:150} INFO - [2023-08-15T21:55:41.988+0300] {dag.py:3504} INFO - Setting next_dagrun for dataset_consumes_1_and_2 to None, run_after=None
[2023-08-15T21:55:41.994+0300] {logging_mixin.py:150} INFO - [2023-08-15T21:55:41.994+0300] {dag.py:3504} INFO - Setting next_dagrun for dataset_consumes_1_never_scheduled to None, run_after=None
[2023-08-15T21:55:42.016+0300] {logging_mixin.py:150} INFO - [2023-08-15T21:55:42.015+0300] {dag.py:3504} INFO - Setting next_dagrun for dataset_consumes_unknown_never_scheduled to None, run_after=None
[2023-08-15T21:55:42.039+0300] {logging_mixin.py:150} INFO - [2023-08-15T21:55:42.038+0300] {dag.py:3504} INFO - Setting next_dagrun for dataset_produces_1 to 2023-08-14T00:00:00+00:00, run_after=2023-08-15T00:00:00+00:00
[2023-08-15T21:55:42.044+0300] {logging_mixin.py:150} INFO - [2023-08-15T21:55:42.043+0300] {dag.py:3504} INFO - Setting next_dagrun for dataset_produces_2 to None, run_after=None
[2023-08-15T21:55:42.160+0300] {processor.py:179} INFO - Processing /mnt/kali/DataHunt/venv/lib/python3.11/site-packages/airflow/example_dags/example_datasets.py took 0.577 seconds
[2023-08-15T21:56:12.965+0300] {processor.py:157} INFO - Started process (PID=241521) to work on /mnt/kali/DataHunt/venv/lib/python3.11/site-packages/airflow/example_dags/example_datasets.py
[2023-08-15T21:56:12.978+0300] {processor.py:826} INFO - Processing file /mnt/kali/DataHunt/venv/lib/python3.11/site-packages/airflow/example_dags/example_datasets.py for tasks to queue
[2023-08-15T21:56:12.981+0300] {logging_mixin.py:150} INFO - [2023-08-15T21:56:12.980+0300] {dagbag.py:541} INFO - Filling up the DagBag from /mnt/kali/DataHunt/venv/lib/python3.11/site-packages/airflow/example_dags/example_datasets.py
[2023-08-15T21:56:13.015+0300] {processor.py:836} INFO - DAG(s) dict_keys(['dataset_produces_2', 'dataset_consumes_1_and_2', 'dataset_consumes_1', 'dataset_produces_1', 'dataset_consumes_1_never_scheduled', 'dataset_consumes_unknown_never_scheduled']) retrieved from /mnt/kali/DataHunt/venv/lib/python3.11/site-packages/airflow/example_dags/example_datasets.py
[2023-08-15T21:56:13.183+0300] {logging_mixin.py:150} INFO - [2023-08-15T21:56:13.183+0300] {dag.py:2742} INFO - Sync 6 DAGs
[2023-08-15T21:56:13.276+0300] {logging_mixin.py:150} INFO - [2023-08-15T21:56:13.275+0300] {dag.py:3504} INFO - Setting next_dagrun for dataset_consumes_1 to None, run_after=None
[2023-08-15T21:56:13.286+0300] {logging_mixin.py:150} INFO - [2023-08-15T21:56:13.286+0300] {dag.py:3504} INFO - Setting next_dagrun for dataset_consumes_1_and_2 to None, run_after=None
[2023-08-15T21:56:13.291+0300] {logging_mixin.py:150} INFO - [2023-08-15T21:56:13.291+0300] {dag.py:3504} INFO - Setting next_dagrun for dataset_consumes_1_never_scheduled to None, run_after=None
[2023-08-15T21:56:13.297+0300] {logging_mixin.py:150} INFO - [2023-08-15T21:56:13.296+0300] {dag.py:3504} INFO - Setting next_dagrun for dataset_consumes_unknown_never_scheduled to None, run_after=None
[2023-08-15T21:56:13.309+0300] {logging_mixin.py:150} INFO - [2023-08-15T21:56:13.309+0300] {dag.py:3504} INFO - Setting next_dagrun for dataset_produces_1 to 2023-08-14T00:00:00+00:00, run_after=2023-08-15T00:00:00+00:00
[2023-08-15T21:56:13.313+0300] {logging_mixin.py:150} INFO - [2023-08-15T21:56:13.313+0300] {dag.py:3504} INFO - Setting next_dagrun for dataset_produces_2 to None, run_after=None
[2023-08-15T21:56:13.500+0300] {processor.py:179} INFO - Processing /mnt/kali/DataHunt/venv/lib/python3.11/site-packages/airflow/example_dags/example_datasets.py took 0.547 seconds
[2023-08-15T21:56:43.908+0300] {processor.py:157} INFO - Started process (PID=242155) to work on /mnt/kali/DataHunt/venv/lib/python3.11/site-packages/airflow/example_dags/example_datasets.py
[2023-08-15T21:56:43.920+0300] {processor.py:826} INFO - Processing file /mnt/kali/DataHunt/venv/lib/python3.11/site-packages/airflow/example_dags/example_datasets.py for tasks to queue
[2023-08-15T21:56:43.924+0300] {logging_mixin.py:150} INFO - [2023-08-15T21:56:43.923+0300] {dagbag.py:541} INFO - Filling up the DagBag from /mnt/kali/DataHunt/venv/lib/python3.11/site-packages/airflow/example_dags/example_datasets.py
[2023-08-15T21:56:44.009+0300] {processor.py:836} INFO - DAG(s) dict_keys(['dataset_consumes_1', 'dataset_consumes_1_and_2', 'dataset_consumes_1_never_scheduled', 'dataset_produces_2', 'dataset_consumes_unknown_never_scheduled', 'dataset_produces_1']) retrieved from /mnt/kali/DataHunt/venv/lib/python3.11/site-packages/airflow/example_dags/example_datasets.py
[2023-08-15T21:56:44.380+0300] {logging_mixin.py:150} INFO - [2023-08-15T21:56:44.380+0300] {dag.py:2742} INFO - Sync 6 DAGs
[2023-08-15T21:56:44.550+0300] {logging_mixin.py:150} INFO - [2023-08-15T21:56:44.549+0300] {dag.py:3504} INFO - Setting next_dagrun for dataset_consumes_1 to None, run_after=None
[2023-08-15T21:56:44.582+0300] {logging_mixin.py:150} INFO - [2023-08-15T21:56:44.581+0300] {dag.py:3504} INFO - Setting next_dagrun for dataset_consumes_1_and_2 to None, run_after=None
[2023-08-15T21:56:44.592+0300] {logging_mixin.py:150} INFO - [2023-08-15T21:56:44.591+0300] {dag.py:3504} INFO - Setting next_dagrun for dataset_consumes_1_never_scheduled to None, run_after=None
[2023-08-15T21:56:44.603+0300] {logging_mixin.py:150} INFO - [2023-08-15T21:56:44.602+0300] {dag.py:3504} INFO - Setting next_dagrun for dataset_consumes_unknown_never_scheduled to None, run_after=None
[2023-08-15T21:56:44.616+0300] {logging_mixin.py:150} INFO - [2023-08-15T21:56:44.615+0300] {dag.py:3504} INFO - Setting next_dagrun for dataset_produces_1 to 2023-08-14T00:00:00+00:00, run_after=2023-08-15T00:00:00+00:00
[2023-08-15T21:56:44.621+0300] {logging_mixin.py:150} INFO - [2023-08-15T21:56:44.620+0300] {dag.py:3504} INFO - Setting next_dagrun for dataset_produces_2 to None, run_after=None
[2023-08-15T21:56:44.754+0300] {processor.py:179} INFO - Processing /mnt/kali/DataHunt/venv/lib/python3.11/site-packages/airflow/example_dags/example_datasets.py took 0.866 seconds
[2023-08-15T21:57:15.228+0300] {processor.py:157} INFO - Started process (PID=242620) to work on /mnt/kali/DataHunt/venv/lib/python3.11/site-packages/airflow/example_dags/example_datasets.py
[2023-08-15T21:57:15.230+0300] {processor.py:826} INFO - Processing file /mnt/kali/DataHunt/venv/lib/python3.11/site-packages/airflow/example_dags/example_datasets.py for tasks to queue
[2023-08-15T21:57:15.233+0300] {logging_mixin.py:150} INFO - [2023-08-15T21:57:15.232+0300] {dagbag.py:541} INFO - Filling up the DagBag from /mnt/kali/DataHunt/venv/lib/python3.11/site-packages/airflow/example_dags/example_datasets.py
[2023-08-15T21:57:15.283+0300] {processor.py:836} INFO - DAG(s) dict_keys(['dataset_consumes_1_never_scheduled', 'dataset_produces_2', 'dataset_consumes_1_and_2', 'dataset_produces_1', 'dataset_consumes_1', 'dataset_consumes_unknown_never_scheduled']) retrieved from /mnt/kali/DataHunt/venv/lib/python3.11/site-packages/airflow/example_dags/example_datasets.py
[2023-08-15T21:57:15.399+0300] {logging_mixin.py:150} INFO - [2023-08-15T21:57:15.399+0300] {dag.py:2742} INFO - Sync 6 DAGs
[2023-08-15T21:57:15.452+0300] {logging_mixin.py:150} INFO - [2023-08-15T21:57:15.452+0300] {dag.py:3504} INFO - Setting next_dagrun for dataset_consumes_1 to None, run_after=None
[2023-08-15T21:57:15.460+0300] {logging_mixin.py:150} INFO - [2023-08-15T21:57:15.460+0300] {dag.py:3504} INFO - Setting next_dagrun for dataset_consumes_1_and_2 to None, run_after=None
[2023-08-15T21:57:15.464+0300] {logging_mixin.py:150} INFO - [2023-08-15T21:57:15.464+0300] {dag.py:3504} INFO - Setting next_dagrun for dataset_consumes_1_never_scheduled to None, run_after=None
[2023-08-15T21:57:15.467+0300] {logging_mixin.py:150} INFO - [2023-08-15T21:57:15.467+0300] {dag.py:3504} INFO - Setting next_dagrun for dataset_consumes_unknown_never_scheduled to None, run_after=None
[2023-08-15T21:57:15.475+0300] {logging_mixin.py:150} INFO - [2023-08-15T21:57:15.475+0300] {dag.py:3504} INFO - Setting next_dagrun for dataset_produces_1 to 2023-08-14T00:00:00+00:00, run_after=2023-08-15T00:00:00+00:00
[2023-08-15T21:57:15.478+0300] {logging_mixin.py:150} INFO - [2023-08-15T21:57:15.478+0300] {dag.py:3504} INFO - Setting next_dagrun for dataset_produces_2 to None, run_after=None
[2023-08-15T21:57:15.809+0300] {processor.py:179} INFO - Processing /mnt/kali/DataHunt/venv/lib/python3.11/site-packages/airflow/example_dags/example_datasets.py took 0.599 seconds
[2023-08-15T21:57:46.209+0300] {processor.py:157} INFO - Started process (PID=243061) to work on /mnt/kali/DataHunt/venv/lib/python3.11/site-packages/airflow/example_dags/example_datasets.py
[2023-08-15T21:57:46.231+0300] {processor.py:826} INFO - Processing file /mnt/kali/DataHunt/venv/lib/python3.11/site-packages/airflow/example_dags/example_datasets.py for tasks to queue
[2023-08-15T21:57:46.234+0300] {logging_mixin.py:150} INFO - [2023-08-15T21:57:46.233+0300] {dagbag.py:541} INFO - Filling up the DagBag from /mnt/kali/DataHunt/venv/lib/python3.11/site-packages/airflow/example_dags/example_datasets.py
[2023-08-15T21:57:46.424+0300] {processor.py:836} INFO - DAG(s) dict_keys(['dataset_produces_1', 'dataset_consumes_1_and_2', 'dataset_consumes_1_never_scheduled', 'dataset_consumes_unknown_never_scheduled', 'dataset_produces_2', 'dataset_consumes_1']) retrieved from /mnt/kali/DataHunt/venv/lib/python3.11/site-packages/airflow/example_dags/example_datasets.py
[2023-08-15T21:57:46.971+0300] {logging_mixin.py:150} INFO - [2023-08-15T21:57:46.970+0300] {dag.py:2742} INFO - Sync 6 DAGs
[2023-08-15T21:57:47.164+0300] {logging_mixin.py:150} INFO - [2023-08-15T21:57:47.163+0300] {dag.py:3504} INFO - Setting next_dagrun for dataset_consumes_1 to None, run_after=None
[2023-08-15T21:57:47.177+0300] {logging_mixin.py:150} INFO - [2023-08-15T21:57:47.176+0300] {dag.py:3504} INFO - Setting next_dagrun for dataset_consumes_1_and_2 to None, run_after=None
[2023-08-15T21:57:47.182+0300] {logging_mixin.py:150} INFO - [2023-08-15T21:57:47.181+0300] {dag.py:3504} INFO - Setting next_dagrun for dataset_consumes_1_never_scheduled to None, run_after=None
[2023-08-15T21:57:47.186+0300] {logging_mixin.py:150} INFO - [2023-08-15T21:57:47.186+0300] {dag.py:3504} INFO - Setting next_dagrun for dataset_consumes_unknown_never_scheduled to None, run_after=None
[2023-08-15T21:57:47.204+0300] {logging_mixin.py:150} INFO - [2023-08-15T21:57:47.204+0300] {dag.py:3504} INFO - Setting next_dagrun for dataset_produces_1 to 2023-08-14T00:00:00+00:00, run_after=2023-08-15T00:00:00+00:00
[2023-08-15T21:57:47.210+0300] {logging_mixin.py:150} INFO - [2023-08-15T21:57:47.209+0300] {dag.py:3504} INFO - Setting next_dagrun for dataset_produces_2 to None, run_after=None
[2023-08-15T21:57:47.396+0300] {processor.py:179} INFO - Processing /mnt/kali/DataHunt/venv/lib/python3.11/site-packages/airflow/example_dags/example_datasets.py took 1.232 seconds
