[2023-08-15T21:26:03.602+0300] {processor.py:157} INFO - Started process (PID=214825) to work on /mnt/kali/DataHunt/venv/lib/python3.11/site-packages/airflow/example_dags/example_dag_decorator.py
[2023-08-15T21:26:03.605+0300] {processor.py:826} INFO - Processing file /mnt/kali/DataHunt/venv/lib/python3.11/site-packages/airflow/example_dags/example_dag_decorator.py for tasks to queue
[2023-08-15T21:26:03.608+0300] {logging_mixin.py:150} INFO - [2023-08-15T21:26:03.607+0300] {dagbag.py:541} INFO - Filling up the DagBag from /mnt/kali/DataHunt/venv/lib/python3.11/site-packages/airflow/example_dags/example_dag_decorator.py
[2023-08-15T21:26:03.709+0300] {processor.py:836} INFO - DAG(s) dict_keys(['example_dag_decorator']) retrieved from /mnt/kali/DataHunt/venv/lib/python3.11/site-packages/airflow/example_dags/example_dag_decorator.py
[2023-08-15T21:26:04.812+0300] {logging_mixin.py:150} INFO - [2023-08-15T21:26:04.812+0300] {manager.py:504} INFO - Created Permission View: can edit on DAG:example_dag_decorator
[2023-08-15T21:26:05.012+0300] {logging_mixin.py:150} INFO - [2023-08-15T21:26:05.012+0300] {manager.py:504} INFO - Created Permission View: can delete on DAG:example_dag_decorator
[2023-08-15T21:26:05.140+0300] {logging_mixin.py:150} INFO - [2023-08-15T21:26:05.139+0300] {manager.py:504} INFO - Created Permission View: can read on DAG:example_dag_decorator
[2023-08-15T21:26:05.298+0300] {logging_mixin.py:150} INFO - [2023-08-15T21:26:05.281+0300] {dag.py:2742} INFO - Sync 1 DAGs
[2023-08-15T21:26:05.397+0300] {logging_mixin.py:150} INFO - [2023-08-15T21:26:05.396+0300] {dag.py:2763} INFO - Creating ORM DAG for example_dag_decorator
[2023-08-15T21:26:05.463+0300] {logging_mixin.py:150} INFO - [2023-08-15T21:26:05.462+0300] {dag.py:3504} INFO - Setting next_dagrun for example_dag_decorator to None, run_after=None
[2023-08-15T21:26:05.769+0300] {processor.py:179} INFO - Processing /mnt/kali/DataHunt/venv/lib/python3.11/site-packages/airflow/example_dags/example_dag_decorator.py took 2.189 seconds
[2023-08-15T21:28:27.771+0300] {processor.py:157} INFO - Started process (PID=216601) to work on /mnt/kali/DataHunt/venv/lib/python3.11/site-packages/airflow/example_dags/example_dag_decorator.py
[2023-08-15T21:28:27.835+0300] {processor.py:826} INFO - Processing file /mnt/kali/DataHunt/venv/lib/python3.11/site-packages/airflow/example_dags/example_dag_decorator.py for tasks to queue
[2023-08-15T21:28:27.839+0300] {logging_mixin.py:150} INFO - [2023-08-15T21:28:27.837+0300] {dagbag.py:541} INFO - Filling up the DagBag from /mnt/kali/DataHunt/venv/lib/python3.11/site-packages/airflow/example_dags/example_dag_decorator.py
[2023-08-15T21:28:27.944+0300] {processor.py:836} INFO - DAG(s) dict_keys(['example_dag_decorator']) retrieved from /mnt/kali/DataHunt/venv/lib/python3.11/site-packages/airflow/example_dags/example_dag_decorator.py
[2023-08-15T21:28:28.913+0300] {logging_mixin.py:150} INFO - [2023-08-15T21:28:28.912+0300] {dag.py:2742} INFO - Sync 1 DAGs
[2023-08-15T21:28:29.258+0300] {logging_mixin.py:150} INFO - [2023-08-15T21:28:29.257+0300] {dag.py:3504} INFO - Setting next_dagrun for example_dag_decorator to None, run_after=None
[2023-08-15T21:28:31.182+0300] {processor.py:179} INFO - Processing /mnt/kali/DataHunt/venv/lib/python3.11/site-packages/airflow/example_dags/example_dag_decorator.py took 3.423 seconds
[2023-08-15T21:47:38.869+0300] {processor.py:157} INFO - Started process (PID=233782) to work on /mnt/kali/DataHunt/venv/lib/python3.11/site-packages/airflow/example_dags/example_dag_decorator.py
[2023-08-15T21:47:38.897+0300] {processor.py:826} INFO - Processing file /mnt/kali/DataHunt/venv/lib/python3.11/site-packages/airflow/example_dags/example_dag_decorator.py for tasks to queue
[2023-08-15T21:47:38.899+0300] {logging_mixin.py:150} INFO - [2023-08-15T21:47:38.898+0300] {dagbag.py:541} INFO - Filling up the DagBag from /mnt/kali/DataHunt/venv/lib/python3.11/site-packages/airflow/example_dags/example_dag_decorator.py
[2023-08-15T21:47:39.023+0300] {processor.py:836} INFO - DAG(s) dict_keys(['example_dag_decorator']) retrieved from /mnt/kali/DataHunt/venv/lib/python3.11/site-packages/airflow/example_dags/example_dag_decorator.py
[2023-08-15T21:47:40.078+0300] {logging_mixin.py:150} INFO - [2023-08-15T21:47:40.077+0300] {manager.py:504} INFO - Created Permission View: can read on DAG:example_dag_decorator
[2023-08-15T21:47:40.207+0300] {logging_mixin.py:150} INFO - [2023-08-15T21:47:40.206+0300] {manager.py:504} INFO - Created Permission View: can delete on DAG:example_dag_decorator
[2023-08-15T21:47:40.310+0300] {logging_mixin.py:150} INFO - [2023-08-15T21:47:40.310+0300] {manager.py:504} INFO - Created Permission View: can edit on DAG:example_dag_decorator
[2023-08-15T21:47:40.432+0300] {logging_mixin.py:150} INFO - [2023-08-15T21:47:40.431+0300] {dag.py:2742} INFO - Sync 1 DAGs
[2023-08-15T21:47:40.477+0300] {logging_mixin.py:150} INFO - [2023-08-15T21:47:40.476+0300] {dag.py:2763} INFO - Creating ORM DAG for example_dag_decorator
[2023-08-15T21:47:40.515+0300] {logging_mixin.py:150} INFO - [2023-08-15T21:47:40.515+0300] {dag.py:3504} INFO - Setting next_dagrun for example_dag_decorator to None, run_after=None
[2023-08-15T21:47:40.615+0300] {processor.py:179} INFO - Processing /mnt/kali/DataHunt/venv/lib/python3.11/site-packages/airflow/example_dags/example_dag_decorator.py took 1.759 seconds
[2023-08-15T21:48:10.903+0300] {processor.py:157} INFO - Started process (PID=234183) to work on /mnt/kali/DataHunt/venv/lib/python3.11/site-packages/airflow/example_dags/example_dag_decorator.py
[2023-08-15T21:48:10.977+0300] {processor.py:826} INFO - Processing file /mnt/kali/DataHunt/venv/lib/python3.11/site-packages/airflow/example_dags/example_dag_decorator.py for tasks to queue
[2023-08-15T21:48:10.980+0300] {logging_mixin.py:150} INFO - [2023-08-15T21:48:10.979+0300] {dagbag.py:541} INFO - Filling up the DagBag from /mnt/kali/DataHunt/venv/lib/python3.11/site-packages/airflow/example_dags/example_dag_decorator.py
[2023-08-15T21:48:11.069+0300] {processor.py:836} INFO - DAG(s) dict_keys(['example_dag_decorator']) retrieved from /mnt/kali/DataHunt/venv/lib/python3.11/site-packages/airflow/example_dags/example_dag_decorator.py
[2023-08-15T21:48:11.695+0300] {logging_mixin.py:150} INFO - [2023-08-15T21:48:11.694+0300] {dag.py:2742} INFO - Sync 1 DAGs
[2023-08-15T21:48:12.379+0300] {logging_mixin.py:150} INFO - [2023-08-15T21:48:12.379+0300] {dag.py:3504} INFO - Setting next_dagrun for example_dag_decorator to None, run_after=None
[2023-08-15T21:48:12.493+0300] {processor.py:179} INFO - Processing /mnt/kali/DataHunt/venv/lib/python3.11/site-packages/airflow/example_dags/example_dag_decorator.py took 1.605 seconds
[2023-08-15T21:48:43.173+0300] {processor.py:157} INFO - Started process (PID=234828) to work on /mnt/kali/DataHunt/venv/lib/python3.11/site-packages/airflow/example_dags/example_dag_decorator.py
[2023-08-15T21:48:43.191+0300] {processor.py:826} INFO - Processing file /mnt/kali/DataHunt/venv/lib/python3.11/site-packages/airflow/example_dags/example_dag_decorator.py for tasks to queue
[2023-08-15T21:48:43.194+0300] {logging_mixin.py:150} INFO - [2023-08-15T21:48:43.193+0300] {dagbag.py:541} INFO - Filling up the DagBag from /mnt/kali/DataHunt/venv/lib/python3.11/site-packages/airflow/example_dags/example_dag_decorator.py
[2023-08-15T21:48:43.403+0300] {processor.py:836} INFO - DAG(s) dict_keys(['example_dag_decorator']) retrieved from /mnt/kali/DataHunt/venv/lib/python3.11/site-packages/airflow/example_dags/example_dag_decorator.py
[2023-08-15T21:48:44.731+0300] {logging_mixin.py:150} INFO - [2023-08-15T21:48:44.730+0300] {dag.py:2742} INFO - Sync 1 DAGs
[2023-08-15T21:48:44.807+0300] {logging_mixin.py:150} INFO - [2023-08-15T21:48:44.807+0300] {dag.py:3504} INFO - Setting next_dagrun for example_dag_decorator to None, run_after=None
[2023-08-15T21:48:45.020+0300] {processor.py:179} INFO - Processing /mnt/kali/DataHunt/venv/lib/python3.11/site-packages/airflow/example_dags/example_dag_decorator.py took 1.891 seconds
[2023-08-15T21:49:22.173+0300] {processor.py:157} INFO - Started process (PID=235483) to work on /mnt/kali/DataHunt/venv/lib/python3.11/site-packages/airflow/example_dags/example_dag_decorator.py
[2023-08-15T21:49:22.201+0300] {processor.py:826} INFO - Processing file /mnt/kali/DataHunt/venv/lib/python3.11/site-packages/airflow/example_dags/example_dag_decorator.py for tasks to queue
[2023-08-15T21:49:22.211+0300] {logging_mixin.py:150} INFO - [2023-08-15T21:49:22.210+0300] {dagbag.py:541} INFO - Filling up the DagBag from /mnt/kali/DataHunt/venv/lib/python3.11/site-packages/airflow/example_dags/example_dag_decorator.py
[2023-08-15T21:49:22.262+0300] {processor.py:836} INFO - DAG(s) dict_keys(['example_dag_decorator']) retrieved from /mnt/kali/DataHunt/venv/lib/python3.11/site-packages/airflow/example_dags/example_dag_decorator.py
[2023-08-15T21:49:23.198+0300] {logging_mixin.py:150} INFO - [2023-08-15T21:49:23.198+0300] {dag.py:2742} INFO - Sync 1 DAGs
[2023-08-15T21:49:23.327+0300] {logging_mixin.py:150} INFO - [2023-08-15T21:49:23.327+0300] {dag.py:3504} INFO - Setting next_dagrun for example_dag_decorator to None, run_after=None
[2023-08-15T21:49:23.395+0300] {processor.py:179} INFO - Processing /mnt/kali/DataHunt/venv/lib/python3.11/site-packages/airflow/example_dags/example_dag_decorator.py took 1.249 seconds
[2023-08-15T21:49:54.849+0300] {processor.py:157} INFO - Started process (PID=235875) to work on /mnt/kali/DataHunt/venv/lib/python3.11/site-packages/airflow/example_dags/example_dag_decorator.py
[2023-08-15T21:49:54.937+0300] {processor.py:826} INFO - Processing file /mnt/kali/DataHunt/venv/lib/python3.11/site-packages/airflow/example_dags/example_dag_decorator.py for tasks to queue
[2023-08-15T21:49:54.943+0300] {logging_mixin.py:150} INFO - [2023-08-15T21:49:54.939+0300] {dagbag.py:541} INFO - Filling up the DagBag from /mnt/kali/DataHunt/venv/lib/python3.11/site-packages/airflow/example_dags/example_dag_decorator.py
[2023-08-15T21:49:55.012+0300] {processor.py:836} INFO - DAG(s) dict_keys(['example_dag_decorator']) retrieved from /mnt/kali/DataHunt/venv/lib/python3.11/site-packages/airflow/example_dags/example_dag_decorator.py
[2023-08-15T21:49:55.670+0300] {logging_mixin.py:150} INFO - [2023-08-15T21:49:55.670+0300] {dag.py:2742} INFO - Sync 1 DAGs
[2023-08-15T21:49:55.795+0300] {logging_mixin.py:150} INFO - [2023-08-15T21:49:55.794+0300] {dag.py:3504} INFO - Setting next_dagrun for example_dag_decorator to None, run_after=None
[2023-08-15T21:49:55.924+0300] {processor.py:179} INFO - Processing /mnt/kali/DataHunt/venv/lib/python3.11/site-packages/airflow/example_dags/example_dag_decorator.py took 1.103 seconds
[2023-08-15T21:50:26.713+0300] {processor.py:157} INFO - Started process (PID=236249) to work on /mnt/kali/DataHunt/venv/lib/python3.11/site-packages/airflow/example_dags/example_dag_decorator.py
[2023-08-15T21:50:26.726+0300] {processor.py:826} INFO - Processing file /mnt/kali/DataHunt/venv/lib/python3.11/site-packages/airflow/example_dags/example_dag_decorator.py for tasks to queue
[2023-08-15T21:50:26.729+0300] {logging_mixin.py:150} INFO - [2023-08-15T21:50:26.728+0300] {dagbag.py:541} INFO - Filling up the DagBag from /mnt/kali/DataHunt/venv/lib/python3.11/site-packages/airflow/example_dags/example_dag_decorator.py
[2023-08-15T21:50:26.903+0300] {processor.py:836} INFO - DAG(s) dict_keys(['example_dag_decorator']) retrieved from /mnt/kali/DataHunt/venv/lib/python3.11/site-packages/airflow/example_dags/example_dag_decorator.py
[2023-08-15T21:50:28.386+0300] {logging_mixin.py:150} INFO - [2023-08-15T21:50:28.386+0300] {dag.py:2742} INFO - Sync 1 DAGs
[2023-08-15T21:50:28.742+0300] {logging_mixin.py:150} INFO - [2023-08-15T21:50:28.741+0300] {dag.py:3504} INFO - Setting next_dagrun for example_dag_decorator to None, run_after=None
[2023-08-15T21:50:29.071+0300] {processor.py:179} INFO - Processing /mnt/kali/DataHunt/venv/lib/python3.11/site-packages/airflow/example_dags/example_dag_decorator.py took 2.432 seconds
[2023-08-15T21:50:59.458+0300] {processor.py:157} INFO - Started process (PID=236715) to work on /mnt/kali/DataHunt/venv/lib/python3.11/site-packages/airflow/example_dags/example_dag_decorator.py
[2023-08-15T21:50:59.465+0300] {processor.py:826} INFO - Processing file /mnt/kali/DataHunt/venv/lib/python3.11/site-packages/airflow/example_dags/example_dag_decorator.py for tasks to queue
[2023-08-15T21:50:59.468+0300] {logging_mixin.py:150} INFO - [2023-08-15T21:50:59.466+0300] {dagbag.py:541} INFO - Filling up the DagBag from /mnt/kali/DataHunt/venv/lib/python3.11/site-packages/airflow/example_dags/example_dag_decorator.py
[2023-08-15T21:50:59.528+0300] {processor.py:836} INFO - DAG(s) dict_keys(['example_dag_decorator']) retrieved from /mnt/kali/DataHunt/venv/lib/python3.11/site-packages/airflow/example_dags/example_dag_decorator.py
[2023-08-15T21:51:00.578+0300] {logging_mixin.py:150} INFO - [2023-08-15T21:51:00.578+0300] {dag.py:2742} INFO - Sync 1 DAGs
[2023-08-15T21:51:00.695+0300] {logging_mixin.py:150} INFO - [2023-08-15T21:51:00.695+0300] {dag.py:3504} INFO - Setting next_dagrun for example_dag_decorator to None, run_after=None
[2023-08-15T21:51:00.808+0300] {processor.py:179} INFO - Processing /mnt/kali/DataHunt/venv/lib/python3.11/site-packages/airflow/example_dags/example_dag_decorator.py took 1.374 seconds
[2023-08-15T21:51:31.232+0300] {processor.py:157} INFO - Started process (PID=237286) to work on /mnt/kali/DataHunt/venv/lib/python3.11/site-packages/airflow/example_dags/example_dag_decorator.py
[2023-08-15T21:51:31.246+0300] {processor.py:826} INFO - Processing file /mnt/kali/DataHunt/venv/lib/python3.11/site-packages/airflow/example_dags/example_dag_decorator.py for tasks to queue
[2023-08-15T21:51:31.248+0300] {logging_mixin.py:150} INFO - [2023-08-15T21:51:31.247+0300] {dagbag.py:541} INFO - Filling up the DagBag from /mnt/kali/DataHunt/venv/lib/python3.11/site-packages/airflow/example_dags/example_dag_decorator.py
[2023-08-15T21:51:31.273+0300] {processor.py:836} INFO - DAG(s) dict_keys(['example_dag_decorator']) retrieved from /mnt/kali/DataHunt/venv/lib/python3.11/site-packages/airflow/example_dags/example_dag_decorator.py
[2023-08-15T21:51:31.536+0300] {logging_mixin.py:150} INFO - [2023-08-15T21:51:31.535+0300] {dag.py:2742} INFO - Sync 1 DAGs
[2023-08-15T21:51:31.581+0300] {logging_mixin.py:150} INFO - [2023-08-15T21:51:31.581+0300] {dag.py:3504} INFO - Setting next_dagrun for example_dag_decorator to None, run_after=None
[2023-08-15T21:51:31.639+0300] {processor.py:179} INFO - Processing /mnt/kali/DataHunt/venv/lib/python3.11/site-packages/airflow/example_dags/example_dag_decorator.py took 0.416 seconds
[2023-08-15T21:52:01.979+0300] {processor.py:157} INFO - Started process (PID=237846) to work on /mnt/kali/DataHunt/venv/lib/python3.11/site-packages/airflow/example_dags/example_dag_decorator.py
[2023-08-15T21:52:01.991+0300] {processor.py:826} INFO - Processing file /mnt/kali/DataHunt/venv/lib/python3.11/site-packages/airflow/example_dags/example_dag_decorator.py for tasks to queue
[2023-08-15T21:52:01.994+0300] {logging_mixin.py:150} INFO - [2023-08-15T21:52:01.993+0300] {dagbag.py:541} INFO - Filling up the DagBag from /mnt/kali/DataHunt/venv/lib/python3.11/site-packages/airflow/example_dags/example_dag_decorator.py
[2023-08-15T21:52:02.030+0300] {processor.py:836} INFO - DAG(s) dict_keys(['example_dag_decorator']) retrieved from /mnt/kali/DataHunt/venv/lib/python3.11/site-packages/airflow/example_dags/example_dag_decorator.py
[2023-08-15T21:52:02.121+0300] {logging_mixin.py:150} INFO - [2023-08-15T21:52:02.120+0300] {dag.py:2742} INFO - Sync 1 DAGs
[2023-08-15T21:52:02.171+0300] {logging_mixin.py:150} INFO - [2023-08-15T21:52:02.171+0300] {dag.py:3504} INFO - Setting next_dagrun for example_dag_decorator to None, run_after=None
[2023-08-15T21:52:02.224+0300] {processor.py:179} INFO - Processing /mnt/kali/DataHunt/venv/lib/python3.11/site-packages/airflow/example_dags/example_dag_decorator.py took 0.253 seconds
[2023-08-15T21:52:32.700+0300] {processor.py:157} INFO - Started process (PID=238220) to work on /mnt/kali/DataHunt/venv/lib/python3.11/site-packages/airflow/example_dags/example_dag_decorator.py
[2023-08-15T21:52:32.702+0300] {processor.py:826} INFO - Processing file /mnt/kali/DataHunt/venv/lib/python3.11/site-packages/airflow/example_dags/example_dag_decorator.py for tasks to queue
[2023-08-15T21:52:32.705+0300] {logging_mixin.py:150} INFO - [2023-08-15T21:52:32.704+0300] {dagbag.py:541} INFO - Filling up the DagBag from /mnt/kali/DataHunt/venv/lib/python3.11/site-packages/airflow/example_dags/example_dag_decorator.py
[2023-08-15T21:52:32.749+0300] {processor.py:836} INFO - DAG(s) dict_keys(['example_dag_decorator']) retrieved from /mnt/kali/DataHunt/venv/lib/python3.11/site-packages/airflow/example_dags/example_dag_decorator.py
[2023-08-15T21:52:33.111+0300] {logging_mixin.py:150} INFO - [2023-08-15T21:52:33.110+0300] {dag.py:2742} INFO - Sync 1 DAGs
[2023-08-15T21:52:33.163+0300] {logging_mixin.py:150} INFO - [2023-08-15T21:52:33.163+0300] {dag.py:3504} INFO - Setting next_dagrun for example_dag_decorator to None, run_after=None
[2023-08-15T21:52:33.247+0300] {processor.py:179} INFO - Processing /mnt/kali/DataHunt/venv/lib/python3.11/site-packages/airflow/example_dags/example_dag_decorator.py took 0.560 seconds
[2023-08-15T21:53:03.436+0300] {processor.py:157} INFO - Started process (PID=238570) to work on /mnt/kali/DataHunt/venv/lib/python3.11/site-packages/airflow/example_dags/example_dag_decorator.py
[2023-08-15T21:53:03.656+0300] {processor.py:826} INFO - Processing file /mnt/kali/DataHunt/venv/lib/python3.11/site-packages/airflow/example_dags/example_dag_decorator.py for tasks to queue
[2023-08-15T21:53:03.660+0300] {logging_mixin.py:150} INFO - [2023-08-15T21:53:03.658+0300] {dagbag.py:541} INFO - Filling up the DagBag from /mnt/kali/DataHunt/venv/lib/python3.11/site-packages/airflow/example_dags/example_dag_decorator.py
[2023-08-15T21:53:03.724+0300] {processor.py:836} INFO - DAG(s) dict_keys(['example_dag_decorator']) retrieved from /mnt/kali/DataHunt/venv/lib/python3.11/site-packages/airflow/example_dags/example_dag_decorator.py
[2023-08-15T21:53:04.179+0300] {logging_mixin.py:150} INFO - [2023-08-15T21:53:04.179+0300] {dag.py:2742} INFO - Sync 1 DAGs
[2023-08-15T21:53:04.239+0300] {logging_mixin.py:150} INFO - [2023-08-15T21:53:04.239+0300] {dag.py:3504} INFO - Setting next_dagrun for example_dag_decorator to None, run_after=None
[2023-08-15T21:53:04.304+0300] {processor.py:179} INFO - Processing /mnt/kali/DataHunt/venv/lib/python3.11/site-packages/airflow/example_dags/example_dag_decorator.py took 0.877 seconds
[2023-08-15T21:53:34.409+0300] {processor.py:157} INFO - Started process (PID=239119) to work on /mnt/kali/DataHunt/venv/lib/python3.11/site-packages/airflow/example_dags/example_dag_decorator.py
[2023-08-15T21:53:34.434+0300] {processor.py:826} INFO - Processing file /mnt/kali/DataHunt/venv/lib/python3.11/site-packages/airflow/example_dags/example_dag_decorator.py for tasks to queue
[2023-08-15T21:53:34.438+0300] {logging_mixin.py:150} INFO - [2023-08-15T21:53:34.436+0300] {dagbag.py:541} INFO - Filling up the DagBag from /mnt/kali/DataHunt/venv/lib/python3.11/site-packages/airflow/example_dags/example_dag_decorator.py
[2023-08-15T21:53:34.562+0300] {processor.py:836} INFO - DAG(s) dict_keys(['example_dag_decorator']) retrieved from /mnt/kali/DataHunt/venv/lib/python3.11/site-packages/airflow/example_dags/example_dag_decorator.py
[2023-08-15T21:53:35.170+0300] {logging_mixin.py:150} INFO - [2023-08-15T21:53:35.170+0300] {dag.py:2742} INFO - Sync 1 DAGs
[2023-08-15T21:53:35.241+0300] {logging_mixin.py:150} INFO - [2023-08-15T21:53:35.241+0300] {dag.py:3504} INFO - Setting next_dagrun for example_dag_decorator to None, run_after=None
[2023-08-15T21:53:35.401+0300] {processor.py:179} INFO - Processing /mnt/kali/DataHunt/venv/lib/python3.11/site-packages/airflow/example_dags/example_dag_decorator.py took 1.008 seconds
[2023-08-15T21:54:05.956+0300] {processor.py:157} INFO - Started process (PID=239718) to work on /mnt/kali/DataHunt/venv/lib/python3.11/site-packages/airflow/example_dags/example_dag_decorator.py
[2023-08-15T21:54:05.969+0300] {processor.py:826} INFO - Processing file /mnt/kali/DataHunt/venv/lib/python3.11/site-packages/airflow/example_dags/example_dag_decorator.py for tasks to queue
[2023-08-15T21:54:05.971+0300] {logging_mixin.py:150} INFO - [2023-08-15T21:54:05.970+0300] {dagbag.py:541} INFO - Filling up the DagBag from /mnt/kali/DataHunt/venv/lib/python3.11/site-packages/airflow/example_dags/example_dag_decorator.py
[2023-08-15T21:54:06.108+0300] {processor.py:836} INFO - DAG(s) dict_keys(['example_dag_decorator']) retrieved from /mnt/kali/DataHunt/venv/lib/python3.11/site-packages/airflow/example_dags/example_dag_decorator.py
[2023-08-15T21:54:06.857+0300] {logging_mixin.py:150} INFO - [2023-08-15T21:54:06.856+0300] {dag.py:2742} INFO - Sync 1 DAGs
[2023-08-15T21:54:06.934+0300] {logging_mixin.py:150} INFO - [2023-08-15T21:54:06.933+0300] {dag.py:3504} INFO - Setting next_dagrun for example_dag_decorator to None, run_after=None
[2023-08-15T21:54:07.111+0300] {processor.py:179} INFO - Processing /mnt/kali/DataHunt/venv/lib/python3.11/site-packages/airflow/example_dags/example_dag_decorator.py took 1.181 seconds
[2023-08-15T21:54:37.367+0300] {processor.py:157} INFO - Started process (PID=240129) to work on /mnt/kali/DataHunt/venv/lib/python3.11/site-packages/airflow/example_dags/example_dag_decorator.py
[2023-08-15T21:54:37.370+0300] {processor.py:826} INFO - Processing file /mnt/kali/DataHunt/venv/lib/python3.11/site-packages/airflow/example_dags/example_dag_decorator.py for tasks to queue
[2023-08-15T21:54:37.373+0300] {logging_mixin.py:150} INFO - [2023-08-15T21:54:37.372+0300] {dagbag.py:541} INFO - Filling up the DagBag from /mnt/kali/DataHunt/venv/lib/python3.11/site-packages/airflow/example_dags/example_dag_decorator.py
[2023-08-15T21:54:37.464+0300] {processor.py:836} INFO - DAG(s) dict_keys(['example_dag_decorator']) retrieved from /mnt/kali/DataHunt/venv/lib/python3.11/site-packages/airflow/example_dags/example_dag_decorator.py
[2023-08-15T21:54:38.402+0300] {logging_mixin.py:150} INFO - [2023-08-15T21:54:38.401+0300] {dag.py:2742} INFO - Sync 1 DAGs
[2023-08-15T21:54:38.638+0300] {logging_mixin.py:150} INFO - [2023-08-15T21:54:38.637+0300] {dag.py:3504} INFO - Setting next_dagrun for example_dag_decorator to None, run_after=None
[2023-08-15T21:54:38.834+0300] {processor.py:179} INFO - Processing /mnt/kali/DataHunt/venv/lib/python3.11/site-packages/airflow/example_dags/example_dag_decorator.py took 1.508 seconds
[2023-08-15T21:55:09.083+0300] {processor.py:157} INFO - Started process (PID=240528) to work on /mnt/kali/DataHunt/venv/lib/python3.11/site-packages/airflow/example_dags/example_dag_decorator.py
[2023-08-15T21:55:09.103+0300] {processor.py:826} INFO - Processing file /mnt/kali/DataHunt/venv/lib/python3.11/site-packages/airflow/example_dags/example_dag_decorator.py for tasks to queue
[2023-08-15T21:55:09.106+0300] {logging_mixin.py:150} INFO - [2023-08-15T21:55:09.105+0300] {dagbag.py:541} INFO - Filling up the DagBag from /mnt/kali/DataHunt/venv/lib/python3.11/site-packages/airflow/example_dags/example_dag_decorator.py
[2023-08-15T21:55:09.218+0300] {processor.py:836} INFO - DAG(s) dict_keys(['example_dag_decorator']) retrieved from /mnt/kali/DataHunt/venv/lib/python3.11/site-packages/airflow/example_dags/example_dag_decorator.py
[2023-08-15T21:55:09.779+0300] {logging_mixin.py:150} INFO - [2023-08-15T21:55:09.778+0300] {dag.py:2742} INFO - Sync 1 DAGs
[2023-08-15T21:55:09.874+0300] {logging_mixin.py:150} INFO - [2023-08-15T21:55:09.873+0300] {dag.py:3504} INFO - Setting next_dagrun for example_dag_decorator to None, run_after=None
[2023-08-15T21:55:09.960+0300] {processor.py:179} INFO - Processing /mnt/kali/DataHunt/venv/lib/python3.11/site-packages/airflow/example_dags/example_dag_decorator.py took 0.913 seconds
[2023-08-15T21:55:40.114+0300] {processor.py:157} INFO - Started process (PID=240950) to work on /mnt/kali/DataHunt/venv/lib/python3.11/site-packages/airflow/example_dags/example_dag_decorator.py
[2023-08-15T21:55:40.134+0300] {processor.py:826} INFO - Processing file /mnt/kali/DataHunt/venv/lib/python3.11/site-packages/airflow/example_dags/example_dag_decorator.py for tasks to queue
[2023-08-15T21:55:40.137+0300] {logging_mixin.py:150} INFO - [2023-08-15T21:55:40.136+0300] {dagbag.py:541} INFO - Filling up the DagBag from /mnt/kali/DataHunt/venv/lib/python3.11/site-packages/airflow/example_dags/example_dag_decorator.py
[2023-08-15T21:55:40.193+0300] {processor.py:836} INFO - DAG(s) dict_keys(['example_dag_decorator']) retrieved from /mnt/kali/DataHunt/venv/lib/python3.11/site-packages/airflow/example_dags/example_dag_decorator.py
[2023-08-15T21:55:40.952+0300] {logging_mixin.py:150} INFO - [2023-08-15T21:55:40.951+0300] {dag.py:2742} INFO - Sync 1 DAGs
[2023-08-15T21:55:41.040+0300] {logging_mixin.py:150} INFO - [2023-08-15T21:55:41.040+0300] {dag.py:3504} INFO - Setting next_dagrun for example_dag_decorator to None, run_after=None
[2023-08-15T21:55:41.138+0300] {processor.py:179} INFO - Processing /mnt/kali/DataHunt/venv/lib/python3.11/site-packages/airflow/example_dags/example_dag_decorator.py took 1.046 seconds
[2023-08-15T21:56:11.285+0300] {processor.py:157} INFO - Started process (PID=241515) to work on /mnt/kali/DataHunt/venv/lib/python3.11/site-packages/airflow/example_dags/example_dag_decorator.py
[2023-08-15T21:56:11.314+0300] {processor.py:826} INFO - Processing file /mnt/kali/DataHunt/venv/lib/python3.11/site-packages/airflow/example_dags/example_dag_decorator.py for tasks to queue
[2023-08-15T21:56:11.316+0300] {logging_mixin.py:150} INFO - [2023-08-15T21:56:11.316+0300] {dagbag.py:541} INFO - Filling up the DagBag from /mnt/kali/DataHunt/venv/lib/python3.11/site-packages/airflow/example_dags/example_dag_decorator.py
[2023-08-15T21:56:11.352+0300] {processor.py:836} INFO - DAG(s) dict_keys(['example_dag_decorator']) retrieved from /mnt/kali/DataHunt/venv/lib/python3.11/site-packages/airflow/example_dags/example_dag_decorator.py
[2023-08-15T21:56:11.753+0300] {logging_mixin.py:150} INFO - [2023-08-15T21:56:11.753+0300] {dag.py:2742} INFO - Sync 1 DAGs
[2023-08-15T21:56:11.810+0300] {logging_mixin.py:150} INFO - [2023-08-15T21:56:11.810+0300] {dag.py:3504} INFO - Setting next_dagrun for example_dag_decorator to None, run_after=None
[2023-08-15T21:56:11.877+0300] {processor.py:179} INFO - Processing /mnt/kali/DataHunt/venv/lib/python3.11/site-packages/airflow/example_dags/example_dag_decorator.py took 0.603 seconds
[2023-08-15T21:56:42.368+0300] {processor.py:157} INFO - Started process (PID=242140) to work on /mnt/kali/DataHunt/venv/lib/python3.11/site-packages/airflow/example_dags/example_dag_decorator.py
[2023-08-15T21:56:42.392+0300] {processor.py:826} INFO - Processing file /mnt/kali/DataHunt/venv/lib/python3.11/site-packages/airflow/example_dags/example_dag_decorator.py for tasks to queue
[2023-08-15T21:56:42.395+0300] {logging_mixin.py:150} INFO - [2023-08-15T21:56:42.394+0300] {dagbag.py:541} INFO - Filling up the DagBag from /mnt/kali/DataHunt/venv/lib/python3.11/site-packages/airflow/example_dags/example_dag_decorator.py
[2023-08-15T21:56:42.443+0300] {processor.py:836} INFO - DAG(s) dict_keys(['example_dag_decorator']) retrieved from /mnt/kali/DataHunt/venv/lib/python3.11/site-packages/airflow/example_dags/example_dag_decorator.py
[2023-08-15T21:56:43.060+0300] {logging_mixin.py:150} INFO - [2023-08-15T21:56:43.059+0300] {dag.py:2742} INFO - Sync 1 DAGs
[2023-08-15T21:56:43.113+0300] {logging_mixin.py:150} INFO - [2023-08-15T21:56:43.112+0300] {dag.py:3504} INFO - Setting next_dagrun for example_dag_decorator to None, run_after=None
[2023-08-15T21:56:43.219+0300] {processor.py:179} INFO - Processing /mnt/kali/DataHunt/venv/lib/python3.11/site-packages/airflow/example_dags/example_dag_decorator.py took 0.888 seconds
[2023-08-15T21:57:14.557+0300] {processor.py:157} INFO - Started process (PID=242618) to work on /mnt/kali/DataHunt/venv/lib/python3.11/site-packages/airflow/example_dags/example_dag_decorator.py
[2023-08-15T21:57:14.560+0300] {processor.py:826} INFO - Processing file /mnt/kali/DataHunt/venv/lib/python3.11/site-packages/airflow/example_dags/example_dag_decorator.py for tasks to queue
[2023-08-15T21:57:14.562+0300] {logging_mixin.py:150} INFO - [2023-08-15T21:57:14.561+0300] {dagbag.py:541} INFO - Filling up the DagBag from /mnt/kali/DataHunt/venv/lib/python3.11/site-packages/airflow/example_dags/example_dag_decorator.py
[2023-08-15T21:57:14.623+0300] {processor.py:836} INFO - DAG(s) dict_keys(['example_dag_decorator']) retrieved from /mnt/kali/DataHunt/venv/lib/python3.11/site-packages/airflow/example_dags/example_dag_decorator.py
[2023-08-15T21:57:15.132+0300] {logging_mixin.py:150} INFO - [2023-08-15T21:57:15.132+0300] {dag.py:2742} INFO - Sync 1 DAGs
[2023-08-15T21:57:15.201+0300] {logging_mixin.py:150} INFO - [2023-08-15T21:57:15.201+0300] {dag.py:3504} INFO - Setting next_dagrun for example_dag_decorator to None, run_after=None
[2023-08-15T21:57:15.729+0300] {processor.py:179} INFO - Processing /mnt/kali/DataHunt/venv/lib/python3.11/site-packages/airflow/example_dags/example_dag_decorator.py took 1.184 seconds
[2023-08-15T21:57:46.042+0300] {processor.py:157} INFO - Started process (PID=243060) to work on /mnt/kali/DataHunt/venv/lib/python3.11/site-packages/airflow/example_dags/example_dag_decorator.py
[2023-08-15T21:57:46.048+0300] {processor.py:826} INFO - Processing file /mnt/kali/DataHunt/venv/lib/python3.11/site-packages/airflow/example_dags/example_dag_decorator.py for tasks to queue
[2023-08-15T21:57:46.060+0300] {logging_mixin.py:150} INFO - [2023-08-15T21:57:46.050+0300] {dagbag.py:541} INFO - Filling up the DagBag from /mnt/kali/DataHunt/venv/lib/python3.11/site-packages/airflow/example_dags/example_dag_decorator.py
[2023-08-15T21:57:46.162+0300] {processor.py:836} INFO - DAG(s) dict_keys(['example_dag_decorator']) retrieved from /mnt/kali/DataHunt/venv/lib/python3.11/site-packages/airflow/example_dags/example_dag_decorator.py
[2023-08-15T21:57:47.501+0300] {logging_mixin.py:150} INFO - [2023-08-15T21:57:47.501+0300] {dag.py:2742} INFO - Sync 1 DAGs
[2023-08-15T21:57:47.612+0300] {logging_mixin.py:150} INFO - [2023-08-15T21:57:47.611+0300] {dag.py:3504} INFO - Setting next_dagrun for example_dag_decorator to None, run_after=None
[2023-08-15T21:57:47.740+0300] {processor.py:179} INFO - Processing /mnt/kali/DataHunt/venv/lib/python3.11/site-packages/airflow/example_dags/example_dag_decorator.py took 1.770 seconds
