[2023-08-15T21:25:50.004+0300] {processor.py:157} INFO - Started process (PID=214681) to work on /mnt/kali/DataHunt/venv/lib/python3.11/site-packages/airflow/example_dags/example_latest_only_with_trigger.py
[2023-08-15T21:25:50.006+0300] {processor.py:826} INFO - Processing file /mnt/kali/DataHunt/venv/lib/python3.11/site-packages/airflow/example_dags/example_latest_only_with_trigger.py for tasks to queue
[2023-08-15T21:25:50.009+0300] {logging_mixin.py:150} INFO - [2023-08-15T21:25:50.008+0300] {dagbag.py:541} INFO - Filling up the DagBag from /mnt/kali/DataHunt/venv/lib/python3.11/site-packages/airflow/example_dags/example_latest_only_with_trigger.py
[2023-08-15T21:25:50.034+0300] {processor.py:836} INFO - DAG(s) dict_keys(['latest_only_with_trigger']) retrieved from /mnt/kali/DataHunt/venv/lib/python3.11/site-packages/airflow/example_dags/example_latest_only_with_trigger.py
[2023-08-15T21:25:50.545+0300] {logging_mixin.py:150} INFO - [2023-08-15T21:25:50.545+0300] {manager.py:504} INFO - Created Permission View: can edit on DAG:latest_only_with_trigger
[2023-08-15T21:25:50.645+0300] {logging_mixin.py:150} INFO - [2023-08-15T21:25:50.645+0300] {manager.py:504} INFO - Created Permission View: can delete on DAG:latest_only_with_trigger
[2023-08-15T21:25:50.756+0300] {logging_mixin.py:150} INFO - [2023-08-15T21:25:50.756+0300] {manager.py:504} INFO - Created Permission View: can read on DAG:latest_only_with_trigger
[2023-08-15T21:25:50.853+0300] {logging_mixin.py:150} INFO - [2023-08-15T21:25:50.843+0300] {dag.py:2742} INFO - Sync 1 DAGs
[2023-08-15T21:25:50.957+0300] {logging_mixin.py:150} INFO - [2023-08-15T21:25:50.957+0300] {dag.py:2763} INFO - Creating ORM DAG for latest_only_with_trigger
[2023-08-15T21:25:51.013+0300] {logging_mixin.py:150} INFO - [2023-08-15T21:25:51.012+0300] {dag.py:3504} INFO - Setting next_dagrun for latest_only_with_trigger to 2023-08-15T14:25:51.011783+00:00, run_after=2023-08-15T18:25:51.011783+00:00
[2023-08-15T21:25:51.155+0300] {processor.py:179} INFO - Processing /mnt/kali/DataHunt/venv/lib/python3.11/site-packages/airflow/example_dags/example_latest_only_with_trigger.py took 1.159 seconds
[2023-08-15T21:28:08.887+0300] {processor.py:157} INFO - Started process (PID=216407) to work on /mnt/kali/DataHunt/venv/lib/python3.11/site-packages/airflow/example_dags/example_latest_only_with_trigger.py
[2023-08-15T21:28:08.947+0300] {processor.py:826} INFO - Processing file /mnt/kali/DataHunt/venv/lib/python3.11/site-packages/airflow/example_dags/example_latest_only_with_trigger.py for tasks to queue
[2023-08-15T21:28:08.965+0300] {logging_mixin.py:150} INFO - [2023-08-15T21:28:08.949+0300] {dagbag.py:541} INFO - Filling up the DagBag from /mnt/kali/DataHunt/venv/lib/python3.11/site-packages/airflow/example_dags/example_latest_only_with_trigger.py
[2023-08-15T21:28:09.201+0300] {processor.py:836} INFO - DAG(s) dict_keys(['latest_only_with_trigger']) retrieved from /mnt/kali/DataHunt/venv/lib/python3.11/site-packages/airflow/example_dags/example_latest_only_with_trigger.py
[2023-08-15T21:28:10.062+0300] {logging_mixin.py:150} INFO - [2023-08-15T21:28:10.061+0300] {dag.py:2742} INFO - Sync 1 DAGs
[2023-08-15T21:28:10.305+0300] {logging_mixin.py:150} INFO - [2023-08-15T21:28:10.304+0300] {dag.py:3504} INFO - Setting next_dagrun for latest_only_with_trigger to 2023-08-15T14:28:10.303423+00:00, run_after=2023-08-15T18:28:10.303423+00:00
[2023-08-15T21:28:10.617+0300] {processor.py:179} INFO - Processing /mnt/kali/DataHunt/venv/lib/python3.11/site-packages/airflow/example_dags/example_latest_only_with_trigger.py took 1.841 seconds
[2023-08-15T21:47:35.410+0300] {processor.py:157} INFO - Started process (PID=233751) to work on /mnt/kali/DataHunt/venv/lib/python3.11/site-packages/airflow/example_dags/example_latest_only_with_trigger.py
[2023-08-15T21:47:35.465+0300] {processor.py:826} INFO - Processing file /mnt/kali/DataHunt/venv/lib/python3.11/site-packages/airflow/example_dags/example_latest_only_with_trigger.py for tasks to queue
[2023-08-15T21:47:35.468+0300] {logging_mixin.py:150} INFO - [2023-08-15T21:47:35.467+0300] {dagbag.py:541} INFO - Filling up the DagBag from /mnt/kali/DataHunt/venv/lib/python3.11/site-packages/airflow/example_dags/example_latest_only_with_trigger.py
[2023-08-15T21:47:35.489+0300] {processor.py:836} INFO - DAG(s) dict_keys(['latest_only_with_trigger']) retrieved from /mnt/kali/DataHunt/venv/lib/python3.11/site-packages/airflow/example_dags/example_latest_only_with_trigger.py
[2023-08-15T21:47:35.973+0300] {logging_mixin.py:150} INFO - [2023-08-15T21:47:35.973+0300] {manager.py:504} INFO - Created Permission View: can read on DAG:latest_only_with_trigger
[2023-08-15T21:47:36.028+0300] {logging_mixin.py:150} INFO - [2023-08-15T21:47:36.027+0300] {manager.py:504} INFO - Created Permission View: can delete on DAG:latest_only_with_trigger
[2023-08-15T21:47:36.109+0300] {logging_mixin.py:150} INFO - [2023-08-15T21:47:36.109+0300] {manager.py:504} INFO - Created Permission View: can edit on DAG:latest_only_with_trigger
[2023-08-15T21:47:36.168+0300] {logging_mixin.py:150} INFO - [2023-08-15T21:47:36.167+0300] {dag.py:2742} INFO - Sync 1 DAGs
[2023-08-15T21:47:36.221+0300] {logging_mixin.py:150} INFO - [2023-08-15T21:47:36.221+0300] {dag.py:2763} INFO - Creating ORM DAG for latest_only_with_trigger
[2023-08-15T21:47:36.257+0300] {logging_mixin.py:150} INFO - [2023-08-15T21:47:36.257+0300] {dag.py:3504} INFO - Setting next_dagrun for latest_only_with_trigger to 2023-08-15T14:47:36.256803+00:00, run_after=2023-08-15T18:47:36.256803+00:00
[2023-08-15T21:47:36.445+0300] {processor.py:179} INFO - Processing /mnt/kali/DataHunt/venv/lib/python3.11/site-packages/airflow/example_dags/example_latest_only_with_trigger.py took 1.046 seconds
[2023-08-15T21:48:06.637+0300] {processor.py:157} INFO - Started process (PID=234140) to work on /mnt/kali/DataHunt/venv/lib/python3.11/site-packages/airflow/example_dags/example_latest_only_with_trigger.py
[2023-08-15T21:48:06.640+0300] {processor.py:826} INFO - Processing file /mnt/kali/DataHunt/venv/lib/python3.11/site-packages/airflow/example_dags/example_latest_only_with_trigger.py for tasks to queue
[2023-08-15T21:48:06.642+0300] {logging_mixin.py:150} INFO - [2023-08-15T21:48:06.641+0300] {dagbag.py:541} INFO - Filling up the DagBag from /mnt/kali/DataHunt/venv/lib/python3.11/site-packages/airflow/example_dags/example_latest_only_with_trigger.py
[2023-08-15T21:48:06.664+0300] {processor.py:836} INFO - DAG(s) dict_keys(['latest_only_with_trigger']) retrieved from /mnt/kali/DataHunt/venv/lib/python3.11/site-packages/airflow/example_dags/example_latest_only_with_trigger.py
[2023-08-15T21:48:06.778+0300] {logging_mixin.py:150} INFO - [2023-08-15T21:48:06.777+0300] {dag.py:2742} INFO - Sync 1 DAGs
[2023-08-15T21:48:06.854+0300] {logging_mixin.py:150} INFO - [2023-08-15T21:48:06.853+0300] {dag.py:3504} INFO - Setting next_dagrun for latest_only_with_trigger to 2023-08-15T14:48:06.853030+00:00, run_after=2023-08-15T18:48:06.853030+00:00
[2023-08-15T21:48:06.931+0300] {processor.py:179} INFO - Processing /mnt/kali/DataHunt/venv/lib/python3.11/site-packages/airflow/example_dags/example_latest_only_with_trigger.py took 0.305 seconds
[2023-08-15T21:48:37.205+0300] {processor.py:157} INFO - Started process (PID=234767) to work on /mnt/kali/DataHunt/venv/lib/python3.11/site-packages/airflow/example_dags/example_latest_only_with_trigger.py
[2023-08-15T21:48:37.209+0300] {processor.py:826} INFO - Processing file /mnt/kali/DataHunt/venv/lib/python3.11/site-packages/airflow/example_dags/example_latest_only_with_trigger.py for tasks to queue
[2023-08-15T21:48:37.212+0300] {logging_mixin.py:150} INFO - [2023-08-15T21:48:37.211+0300] {dagbag.py:541} INFO - Filling up the DagBag from /mnt/kali/DataHunt/venv/lib/python3.11/site-packages/airflow/example_dags/example_latest_only_with_trigger.py
[2023-08-15T21:48:37.239+0300] {processor.py:836} INFO - DAG(s) dict_keys(['latest_only_with_trigger']) retrieved from /mnt/kali/DataHunt/venv/lib/python3.11/site-packages/airflow/example_dags/example_latest_only_with_trigger.py
[2023-08-15T21:48:37.377+0300] {logging_mixin.py:150} INFO - [2023-08-15T21:48:37.376+0300] {dag.py:2742} INFO - Sync 1 DAGs
[2023-08-15T21:48:37.465+0300] {logging_mixin.py:150} INFO - [2023-08-15T21:48:37.464+0300] {dag.py:3504} INFO - Setting next_dagrun for latest_only_with_trigger to 2023-08-15T14:48:37.463599+00:00, run_after=2023-08-15T18:48:37.463599+00:00
[2023-08-15T21:48:37.541+0300] {processor.py:179} INFO - Processing /mnt/kali/DataHunt/venv/lib/python3.11/site-packages/airflow/example_dags/example_latest_only_with_trigger.py took 0.350 seconds
[2023-08-15T21:49:16.046+0300] {processor.py:157} INFO - Started process (PID=235259) to work on /mnt/kali/DataHunt/venv/lib/python3.11/site-packages/airflow/example_dags/example_latest_only_with_trigger.py
[2023-08-15T21:49:16.271+0300] {processor.py:826} INFO - Processing file /mnt/kali/DataHunt/venv/lib/python3.11/site-packages/airflow/example_dags/example_latest_only_with_trigger.py for tasks to queue
[2023-08-15T21:49:16.292+0300] {logging_mixin.py:150} INFO - [2023-08-15T21:49:16.273+0300] {dagbag.py:541} INFO - Filling up the DagBag from /mnt/kali/DataHunt/venv/lib/python3.11/site-packages/airflow/example_dags/example_latest_only_with_trigger.py
[2023-08-15T21:49:16.437+0300] {processor.py:836} INFO - DAG(s) dict_keys(['latest_only_with_trigger']) retrieved from /mnt/kali/DataHunt/venv/lib/python3.11/site-packages/airflow/example_dags/example_latest_only_with_trigger.py
[2023-08-15T21:49:16.579+0300] {logging_mixin.py:150} INFO - [2023-08-15T21:49:16.578+0300] {dag.py:2742} INFO - Sync 1 DAGs
[2023-08-15T21:49:17.361+0300] {logging_mixin.py:150} INFO - [2023-08-15T21:49:17.360+0300] {dag.py:3504} INFO - Setting next_dagrun for latest_only_with_trigger to 2023-08-15T14:49:17.359470+00:00, run_after=2023-08-15T18:49:17.359470+00:00
[2023-08-15T21:49:17.791+0300] {processor.py:179} INFO - Processing /mnt/kali/DataHunt/venv/lib/python3.11/site-packages/airflow/example_dags/example_latest_only_with_trigger.py took 1.799 seconds
[2023-08-15T21:49:47.975+0300] {processor.py:157} INFO - Started process (PID=235774) to work on /mnt/kali/DataHunt/venv/lib/python3.11/site-packages/airflow/example_dags/example_latest_only_with_trigger.py
[2023-08-15T21:49:47.978+0300] {processor.py:826} INFO - Processing file /mnt/kali/DataHunt/venv/lib/python3.11/site-packages/airflow/example_dags/example_latest_only_with_trigger.py for tasks to queue
[2023-08-15T21:49:47.985+0300] {logging_mixin.py:150} INFO - [2023-08-15T21:49:47.980+0300] {dagbag.py:541} INFO - Filling up the DagBag from /mnt/kali/DataHunt/venv/lib/python3.11/site-packages/airflow/example_dags/example_latest_only_with_trigger.py
[2023-08-15T21:49:48.019+0300] {processor.py:836} INFO - DAG(s) dict_keys(['latest_only_with_trigger']) retrieved from /mnt/kali/DataHunt/venv/lib/python3.11/site-packages/airflow/example_dags/example_latest_only_with_trigger.py
[2023-08-15T21:49:48.171+0300] {logging_mixin.py:150} INFO - [2023-08-15T21:49:48.170+0300] {dag.py:2742} INFO - Sync 1 DAGs
[2023-08-15T21:49:48.314+0300] {logging_mixin.py:150} INFO - [2023-08-15T21:49:48.313+0300] {dag.py:3504} INFO - Setting next_dagrun for latest_only_with_trigger to 2023-08-15T14:49:48.309470+00:00, run_after=2023-08-15T18:49:48.309470+00:00
[2023-08-15T21:49:48.582+0300] {processor.py:179} INFO - Processing /mnt/kali/DataHunt/venv/lib/python3.11/site-packages/airflow/example_dags/example_latest_only_with_trigger.py took 0.623 seconds
[2023-08-15T21:50:18.898+0300] {processor.py:157} INFO - Started process (PID=236130) to work on /mnt/kali/DataHunt/venv/lib/python3.11/site-packages/airflow/example_dags/example_latest_only_with_trigger.py
[2023-08-15T21:50:18.910+0300] {processor.py:826} INFO - Processing file /mnt/kali/DataHunt/venv/lib/python3.11/site-packages/airflow/example_dags/example_latest_only_with_trigger.py for tasks to queue
[2023-08-15T21:50:18.920+0300] {logging_mixin.py:150} INFO - [2023-08-15T21:50:18.919+0300] {dagbag.py:541} INFO - Filling up the DagBag from /mnt/kali/DataHunt/venv/lib/python3.11/site-packages/airflow/example_dags/example_latest_only_with_trigger.py
[2023-08-15T21:50:18.976+0300] {processor.py:836} INFO - DAG(s) dict_keys(['latest_only_with_trigger']) retrieved from /mnt/kali/DataHunt/venv/lib/python3.11/site-packages/airflow/example_dags/example_latest_only_with_trigger.py
[2023-08-15T21:50:19.539+0300] {logging_mixin.py:150} INFO - [2023-08-15T21:50:19.538+0300] {dag.py:2742} INFO - Sync 1 DAGs
[2023-08-15T21:50:19.741+0300] {logging_mixin.py:150} INFO - [2023-08-15T21:50:19.740+0300] {dag.py:3504} INFO - Setting next_dagrun for latest_only_with_trigger to 2023-08-15T14:50:19.739764+00:00, run_after=2023-08-15T18:50:19.739764+00:00
[2023-08-15T21:50:19.881+0300] {processor.py:179} INFO - Processing /mnt/kali/DataHunt/venv/lib/python3.11/site-packages/airflow/example_dags/example_latest_only_with_trigger.py took 1.018 seconds
[2023-08-15T21:50:51.308+0300] {processor.py:157} INFO - Started process (PID=236596) to work on /mnt/kali/DataHunt/venv/lib/python3.11/site-packages/airflow/example_dags/example_latest_only_with_trigger.py
[2023-08-15T21:50:51.316+0300] {processor.py:826} INFO - Processing file /mnt/kali/DataHunt/venv/lib/python3.11/site-packages/airflow/example_dags/example_latest_only_with_trigger.py for tasks to queue
[2023-08-15T21:50:51.319+0300] {logging_mixin.py:150} INFO - [2023-08-15T21:50:51.318+0300] {dagbag.py:541} INFO - Filling up the DagBag from /mnt/kali/DataHunt/venv/lib/python3.11/site-packages/airflow/example_dags/example_latest_only_with_trigger.py
[2023-08-15T21:50:51.369+0300] {processor.py:836} INFO - DAG(s) dict_keys(['latest_only_with_trigger']) retrieved from /mnt/kali/DataHunt/venv/lib/python3.11/site-packages/airflow/example_dags/example_latest_only_with_trigger.py
[2023-08-15T21:50:51.523+0300] {logging_mixin.py:150} INFO - [2023-08-15T21:50:51.522+0300] {dag.py:2742} INFO - Sync 1 DAGs
[2023-08-15T21:50:51.726+0300] {logging_mixin.py:150} INFO - [2023-08-15T21:50:51.725+0300] {dag.py:3504} INFO - Setting next_dagrun for latest_only_with_trigger to 2023-08-15T14:50:51.725179+00:00, run_after=2023-08-15T18:50:51.725179+00:00
[2023-08-15T21:50:51.831+0300] {processor.py:179} INFO - Processing /mnt/kali/DataHunt/venv/lib/python3.11/site-packages/airflow/example_dags/example_latest_only_with_trigger.py took 0.543 seconds
[2023-08-15T21:51:22.271+0300] {processor.py:157} INFO - Started process (PID=236975) to work on /mnt/kali/DataHunt/venv/lib/python3.11/site-packages/airflow/example_dags/example_latest_only_with_trigger.py
[2023-08-15T21:51:22.273+0300] {processor.py:826} INFO - Processing file /mnt/kali/DataHunt/venv/lib/python3.11/site-packages/airflow/example_dags/example_latest_only_with_trigger.py for tasks to queue
[2023-08-15T21:51:22.275+0300] {logging_mixin.py:150} INFO - [2023-08-15T21:51:22.274+0300] {dagbag.py:541} INFO - Filling up the DagBag from /mnt/kali/DataHunt/venv/lib/python3.11/site-packages/airflow/example_dags/example_latest_only_with_trigger.py
[2023-08-15T21:51:22.296+0300] {processor.py:836} INFO - DAG(s) dict_keys(['latest_only_with_trigger']) retrieved from /mnt/kali/DataHunt/venv/lib/python3.11/site-packages/airflow/example_dags/example_latest_only_with_trigger.py
[2023-08-15T21:51:22.394+0300] {logging_mixin.py:150} INFO - [2023-08-15T21:51:22.394+0300] {dag.py:2742} INFO - Sync 1 DAGs
[2023-08-15T21:51:22.467+0300] {logging_mixin.py:150} INFO - [2023-08-15T21:51:22.467+0300] {dag.py:3504} INFO - Setting next_dagrun for latest_only_with_trigger to 2023-08-15T14:51:22.466577+00:00, run_after=2023-08-15T18:51:22.466577+00:00
[2023-08-15T21:51:22.541+0300] {processor.py:179} INFO - Processing /mnt/kali/DataHunt/venv/lib/python3.11/site-packages/airflow/example_dags/example_latest_only_with_trigger.py took 0.282 seconds
[2023-08-15T21:51:53.284+0300] {processor.py:157} INFO - Started process (PID=237718) to work on /mnt/kali/DataHunt/venv/lib/python3.11/site-packages/airflow/example_dags/example_latest_only_with_trigger.py
[2023-08-15T21:51:53.295+0300] {processor.py:826} INFO - Processing file /mnt/kali/DataHunt/venv/lib/python3.11/site-packages/airflow/example_dags/example_latest_only_with_trigger.py for tasks to queue
[2023-08-15T21:51:53.297+0300] {logging_mixin.py:150} INFO - [2023-08-15T21:51:53.296+0300] {dagbag.py:541} INFO - Filling up the DagBag from /mnt/kali/DataHunt/venv/lib/python3.11/site-packages/airflow/example_dags/example_latest_only_with_trigger.py
[2023-08-15T21:51:53.327+0300] {processor.py:836} INFO - DAG(s) dict_keys(['latest_only_with_trigger']) retrieved from /mnt/kali/DataHunt/venv/lib/python3.11/site-packages/airflow/example_dags/example_latest_only_with_trigger.py
[2023-08-15T21:51:53.433+0300] {logging_mixin.py:150} INFO - [2023-08-15T21:51:53.432+0300] {dag.py:2742} INFO - Sync 1 DAGs
[2023-08-15T21:51:53.514+0300] {logging_mixin.py:150} INFO - [2023-08-15T21:51:53.514+0300] {dag.py:3504} INFO - Setting next_dagrun for latest_only_with_trigger to 2023-08-15T14:51:53.513030+00:00, run_after=2023-08-15T18:51:53.513030+00:00
[2023-08-15T21:51:53.581+0300] {processor.py:179} INFO - Processing /mnt/kali/DataHunt/venv/lib/python3.11/site-packages/airflow/example_dags/example_latest_only_with_trigger.py took 0.305 seconds
[2023-08-15T21:52:23.772+0300] {processor.py:157} INFO - Started process (PID=238106) to work on /mnt/kali/DataHunt/venv/lib/python3.11/site-packages/airflow/example_dags/example_latest_only_with_trigger.py
[2023-08-15T21:52:23.774+0300] {processor.py:826} INFO - Processing file /mnt/kali/DataHunt/venv/lib/python3.11/site-packages/airflow/example_dags/example_latest_only_with_trigger.py for tasks to queue
[2023-08-15T21:52:23.776+0300] {logging_mixin.py:150} INFO - [2023-08-15T21:52:23.775+0300] {dagbag.py:541} INFO - Filling up the DagBag from /mnt/kali/DataHunt/venv/lib/python3.11/site-packages/airflow/example_dags/example_latest_only_with_trigger.py
[2023-08-15T21:52:23.800+0300] {processor.py:836} INFO - DAG(s) dict_keys(['latest_only_with_trigger']) retrieved from /mnt/kali/DataHunt/venv/lib/python3.11/site-packages/airflow/example_dags/example_latest_only_with_trigger.py
[2023-08-15T21:52:23.928+0300] {logging_mixin.py:150} INFO - [2023-08-15T21:52:23.928+0300] {dag.py:2742} INFO - Sync 1 DAGs
[2023-08-15T21:52:24.012+0300] {logging_mixin.py:150} INFO - [2023-08-15T21:52:24.012+0300] {dag.py:3504} INFO - Setting next_dagrun for latest_only_with_trigger to 2023-08-15T14:52:24.011433+00:00, run_after=2023-08-15T18:52:24.011433+00:00
[2023-08-15T21:52:24.096+0300] {processor.py:179} INFO - Processing /mnt/kali/DataHunt/venv/lib/python3.11/site-packages/airflow/example_dags/example_latest_only_with_trigger.py took 0.337 seconds
[2023-08-15T21:52:54.444+0300] {processor.py:157} INFO - Started process (PID=238499) to work on /mnt/kali/DataHunt/venv/lib/python3.11/site-packages/airflow/example_dags/example_latest_only_with_trigger.py
[2023-08-15T21:52:54.499+0300] {processor.py:826} INFO - Processing file /mnt/kali/DataHunt/venv/lib/python3.11/site-packages/airflow/example_dags/example_latest_only_with_trigger.py for tasks to queue
[2023-08-15T21:52:54.501+0300] {logging_mixin.py:150} INFO - [2023-08-15T21:52:54.500+0300] {dagbag.py:541} INFO - Filling up the DagBag from /mnt/kali/DataHunt/venv/lib/python3.11/site-packages/airflow/example_dags/example_latest_only_with_trigger.py
[2023-08-15T21:52:54.543+0300] {processor.py:836} INFO - DAG(s) dict_keys(['latest_only_with_trigger']) retrieved from /mnt/kali/DataHunt/venv/lib/python3.11/site-packages/airflow/example_dags/example_latest_only_with_trigger.py
[2023-08-15T21:52:54.679+0300] {logging_mixin.py:150} INFO - [2023-08-15T21:52:54.678+0300] {dag.py:2742} INFO - Sync 1 DAGs
[2023-08-15T21:52:54.763+0300] {logging_mixin.py:150} INFO - [2023-08-15T21:52:54.762+0300] {dag.py:3504} INFO - Setting next_dagrun for latest_only_with_trigger to 2023-08-15T14:52:54.761733+00:00, run_after=2023-08-15T18:52:54.761733+00:00
[2023-08-15T21:52:54.834+0300] {processor.py:179} INFO - Processing /mnt/kali/DataHunt/venv/lib/python3.11/site-packages/airflow/example_dags/example_latest_only_with_trigger.py took 0.404 seconds
[2023-08-15T21:53:26.240+0300] {processor.py:157} INFO - Started process (PID=239065) to work on /mnt/kali/DataHunt/venv/lib/python3.11/site-packages/airflow/example_dags/example_latest_only_with_trigger.py
[2023-08-15T21:53:26.243+0300] {processor.py:826} INFO - Processing file /mnt/kali/DataHunt/venv/lib/python3.11/site-packages/airflow/example_dags/example_latest_only_with_trigger.py for tasks to queue
[2023-08-15T21:53:26.246+0300] {logging_mixin.py:150} INFO - [2023-08-15T21:53:26.245+0300] {dagbag.py:541} INFO - Filling up the DagBag from /mnt/kali/DataHunt/venv/lib/python3.11/site-packages/airflow/example_dags/example_latest_only_with_trigger.py
[2023-08-15T21:53:26.268+0300] {processor.py:836} INFO - DAG(s) dict_keys(['latest_only_with_trigger']) retrieved from /mnt/kali/DataHunt/venv/lib/python3.11/site-packages/airflow/example_dags/example_latest_only_with_trigger.py
[2023-08-15T21:53:26.375+0300] {logging_mixin.py:150} INFO - [2023-08-15T21:53:26.374+0300] {dag.py:2742} INFO - Sync 1 DAGs
[2023-08-15T21:53:26.459+0300] {logging_mixin.py:150} INFO - [2023-08-15T21:53:26.459+0300] {dag.py:3504} INFO - Setting next_dagrun for latest_only_with_trigger to 2023-08-15T14:53:26.458321+00:00, run_after=2023-08-15T18:53:26.458321+00:00
[2023-08-15T21:53:26.553+0300] {processor.py:179} INFO - Processing /mnt/kali/DataHunt/venv/lib/python3.11/site-packages/airflow/example_dags/example_latest_only_with_trigger.py took 0.324 seconds
[2023-08-15T21:54:01.534+0300] {processor.py:157} INFO - Started process (PID=239592) to work on /mnt/kali/DataHunt/venv/lib/python3.11/site-packages/airflow/example_dags/example_latest_only_with_trigger.py
[2023-08-15T21:54:01.611+0300] {processor.py:826} INFO - Processing file /mnt/kali/DataHunt/venv/lib/python3.11/site-packages/airflow/example_dags/example_latest_only_with_trigger.py for tasks to queue
[2023-08-15T21:54:01.677+0300] {logging_mixin.py:150} INFO - [2023-08-15T21:54:01.676+0300] {dagbag.py:541} INFO - Filling up the DagBag from /mnt/kali/DataHunt/venv/lib/python3.11/site-packages/airflow/example_dags/example_latest_only_with_trigger.py
[2023-08-15T21:54:01.729+0300] {processor.py:836} INFO - DAG(s) dict_keys(['latest_only_with_trigger']) retrieved from /mnt/kali/DataHunt/venv/lib/python3.11/site-packages/airflow/example_dags/example_latest_only_with_trigger.py
[2023-08-15T21:54:02.070+0300] {logging_mixin.py:150} INFO - [2023-08-15T21:54:02.069+0300] {dag.py:2742} INFO - Sync 1 DAGs
[2023-08-15T21:54:02.212+0300] {logging_mixin.py:150} INFO - [2023-08-15T21:54:02.211+0300] {dag.py:3504} INFO - Setting next_dagrun for latest_only_with_trigger to 2023-08-15T14:54:02.210676+00:00, run_after=2023-08-15T18:54:02.210676+00:00
[2023-08-15T21:54:02.731+0300] {processor.py:179} INFO - Processing /mnt/kali/DataHunt/venv/lib/python3.11/site-packages/airflow/example_dags/example_latest_only_with_trigger.py took 1.211 seconds
[2023-08-15T21:54:33.068+0300] {processor.py:157} INFO - Started process (PID=240077) to work on /mnt/kali/DataHunt/venv/lib/python3.11/site-packages/airflow/example_dags/example_latest_only_with_trigger.py
[2023-08-15T21:54:33.083+0300] {processor.py:826} INFO - Processing file /mnt/kali/DataHunt/venv/lib/python3.11/site-packages/airflow/example_dags/example_latest_only_with_trigger.py for tasks to queue
[2023-08-15T21:54:33.088+0300] {logging_mixin.py:150} INFO - [2023-08-15T21:54:33.086+0300] {dagbag.py:541} INFO - Filling up the DagBag from /mnt/kali/DataHunt/venv/lib/python3.11/site-packages/airflow/example_dags/example_latest_only_with_trigger.py
[2023-08-15T21:54:33.119+0300] {processor.py:836} INFO - DAG(s) dict_keys(['latest_only_with_trigger']) retrieved from /mnt/kali/DataHunt/venv/lib/python3.11/site-packages/airflow/example_dags/example_latest_only_with_trigger.py
[2023-08-15T21:54:33.242+0300] {logging_mixin.py:150} INFO - [2023-08-15T21:54:33.241+0300] {dag.py:2742} INFO - Sync 1 DAGs
[2023-08-15T21:54:33.343+0300] {logging_mixin.py:150} INFO - [2023-08-15T21:54:33.343+0300] {dag.py:3504} INFO - Setting next_dagrun for latest_only_with_trigger to 2023-08-15T14:54:33.341636+00:00, run_after=2023-08-15T18:54:33.341636+00:00
[2023-08-15T21:54:33.508+0300] {processor.py:179} INFO - Processing /mnt/kali/DataHunt/venv/lib/python3.11/site-packages/airflow/example_dags/example_latest_only_with_trigger.py took 0.453 seconds
[2023-08-15T21:55:03.840+0300] {processor.py:157} INFO - Started process (PID=240472) to work on /mnt/kali/DataHunt/venv/lib/python3.11/site-packages/airflow/example_dags/example_latest_only_with_trigger.py
[2023-08-15T21:55:03.843+0300] {processor.py:826} INFO - Processing file /mnt/kali/DataHunt/venv/lib/python3.11/site-packages/airflow/example_dags/example_latest_only_with_trigger.py for tasks to queue
[2023-08-15T21:55:03.846+0300] {logging_mixin.py:150} INFO - [2023-08-15T21:55:03.845+0300] {dagbag.py:541} INFO - Filling up the DagBag from /mnt/kali/DataHunt/venv/lib/python3.11/site-packages/airflow/example_dags/example_latest_only_with_trigger.py
[2023-08-15T21:55:03.874+0300] {processor.py:836} INFO - DAG(s) dict_keys(['latest_only_with_trigger']) retrieved from /mnt/kali/DataHunt/venv/lib/python3.11/site-packages/airflow/example_dags/example_latest_only_with_trigger.py
[2023-08-15T21:55:04.011+0300] {logging_mixin.py:150} INFO - [2023-08-15T21:55:04.011+0300] {dag.py:2742} INFO - Sync 1 DAGs
[2023-08-15T21:55:04.171+0300] {logging_mixin.py:150} INFO - [2023-08-15T21:55:04.170+0300] {dag.py:3504} INFO - Setting next_dagrun for latest_only_with_trigger to 2023-08-15T14:55:04.168996+00:00, run_after=2023-08-15T18:55:04.168996+00:00
[2023-08-15T21:55:04.306+0300] {processor.py:179} INFO - Processing /mnt/kali/DataHunt/venv/lib/python3.11/site-packages/airflow/example_dags/example_latest_only_with_trigger.py took 0.479 seconds
[2023-08-15T21:55:35.631+0300] {processor.py:157} INFO - Started process (PID=240906) to work on /mnt/kali/DataHunt/venv/lib/python3.11/site-packages/airflow/example_dags/example_latest_only_with_trigger.py
[2023-08-15T21:55:35.636+0300] {processor.py:826} INFO - Processing file /mnt/kali/DataHunt/venv/lib/python3.11/site-packages/airflow/example_dags/example_latest_only_with_trigger.py for tasks to queue
[2023-08-15T21:55:35.643+0300] {logging_mixin.py:150} INFO - [2023-08-15T21:55:35.638+0300] {dagbag.py:541} INFO - Filling up the DagBag from /mnt/kali/DataHunt/venv/lib/python3.11/site-packages/airflow/example_dags/example_latest_only_with_trigger.py
[2023-08-15T21:55:35.696+0300] {processor.py:836} INFO - DAG(s) dict_keys(['latest_only_with_trigger']) retrieved from /mnt/kali/DataHunt/venv/lib/python3.11/site-packages/airflow/example_dags/example_latest_only_with_trigger.py
[2023-08-15T21:55:36.098+0300] {logging_mixin.py:150} INFO - [2023-08-15T21:55:36.098+0300] {dag.py:2742} INFO - Sync 1 DAGs
[2023-08-15T21:55:36.320+0300] {logging_mixin.py:150} INFO - [2023-08-15T21:55:36.320+0300] {dag.py:3504} INFO - Setting next_dagrun for latest_only_with_trigger to 2023-08-15T14:55:36.318772+00:00, run_after=2023-08-15T18:55:36.318772+00:00
[2023-08-15T21:55:36.452+0300] {processor.py:179} INFO - Processing /mnt/kali/DataHunt/venv/lib/python3.11/site-packages/airflow/example_dags/example_latest_only_with_trigger.py took 0.891 seconds
[2023-08-15T21:56:06.840+0300] {processor.py:157} INFO - Started process (PID=241438) to work on /mnt/kali/DataHunt/venv/lib/python3.11/site-packages/airflow/example_dags/example_latest_only_with_trigger.py
[2023-08-15T21:56:06.865+0300] {processor.py:826} INFO - Processing file /mnt/kali/DataHunt/venv/lib/python3.11/site-packages/airflow/example_dags/example_latest_only_with_trigger.py for tasks to queue
[2023-08-15T21:56:06.869+0300] {logging_mixin.py:150} INFO - [2023-08-15T21:56:06.868+0300] {dagbag.py:541} INFO - Filling up the DagBag from /mnt/kali/DataHunt/venv/lib/python3.11/site-packages/airflow/example_dags/example_latest_only_with_trigger.py
[2023-08-15T21:56:06.900+0300] {processor.py:836} INFO - DAG(s) dict_keys(['latest_only_with_trigger']) retrieved from /mnt/kali/DataHunt/venv/lib/python3.11/site-packages/airflow/example_dags/example_latest_only_with_trigger.py
[2023-08-15T21:56:07.054+0300] {logging_mixin.py:150} INFO - [2023-08-15T21:56:07.053+0300] {dag.py:2742} INFO - Sync 1 DAGs
[2023-08-15T21:56:07.173+0300] {logging_mixin.py:150} INFO - [2023-08-15T21:56:07.173+0300] {dag.py:3504} INFO - Setting next_dagrun for latest_only_with_trigger to 2023-08-15T14:56:07.172163+00:00, run_after=2023-08-15T18:56:07.172163+00:00
[2023-08-15T21:56:07.254+0300] {processor.py:179} INFO - Processing /mnt/kali/DataHunt/venv/lib/python3.11/site-packages/airflow/example_dags/example_latest_only_with_trigger.py took 0.453 seconds
[2023-08-15T21:56:37.750+0300] {processor.py:157} INFO - Started process (PID=241920) to work on /mnt/kali/DataHunt/venv/lib/python3.11/site-packages/airflow/example_dags/example_latest_only_with_trigger.py
[2023-08-15T21:56:37.953+0300] {processor.py:826} INFO - Processing file /mnt/kali/DataHunt/venv/lib/python3.11/site-packages/airflow/example_dags/example_latest_only_with_trigger.py for tasks to queue
[2023-08-15T21:56:37.956+0300] {logging_mixin.py:150} INFO - [2023-08-15T21:56:37.955+0300] {dagbag.py:541} INFO - Filling up the DagBag from /mnt/kali/DataHunt/venv/lib/python3.11/site-packages/airflow/example_dags/example_latest_only_with_trigger.py
[2023-08-15T21:56:37.992+0300] {processor.py:836} INFO - DAG(s) dict_keys(['latest_only_with_trigger']) retrieved from /mnt/kali/DataHunt/venv/lib/python3.11/site-packages/airflow/example_dags/example_latest_only_with_trigger.py
[2023-08-15T21:56:38.208+0300] {logging_mixin.py:150} INFO - [2023-08-15T21:56:38.207+0300] {dag.py:2742} INFO - Sync 1 DAGs
[2023-08-15T21:56:38.293+0300] {logging_mixin.py:150} INFO - [2023-08-15T21:56:38.292+0300] {dag.py:3504} INFO - Setting next_dagrun for latest_only_with_trigger to 2023-08-15T14:56:38.292093+00:00, run_after=2023-08-15T18:56:38.292093+00:00
[2023-08-15T21:56:38.471+0300] {processor.py:179} INFO - Processing /mnt/kali/DataHunt/venv/lib/python3.11/site-packages/airflow/example_dags/example_latest_only_with_trigger.py took 0.734 seconds
[2023-08-15T21:57:08.826+0300] {processor.py:157} INFO - Started process (PID=242481) to work on /mnt/kali/DataHunt/venv/lib/python3.11/site-packages/airflow/example_dags/example_latest_only_with_trigger.py
[2023-08-15T21:57:08.829+0300] {processor.py:826} INFO - Processing file /mnt/kali/DataHunt/venv/lib/python3.11/site-packages/airflow/example_dags/example_latest_only_with_trigger.py for tasks to queue
[2023-08-15T21:57:08.832+0300] {logging_mixin.py:150} INFO - [2023-08-15T21:57:08.831+0300] {dagbag.py:541} INFO - Filling up the DagBag from /mnt/kali/DataHunt/venv/lib/python3.11/site-packages/airflow/example_dags/example_latest_only_with_trigger.py
[2023-08-15T21:57:08.859+0300] {processor.py:836} INFO - DAG(s) dict_keys(['latest_only_with_trigger']) retrieved from /mnt/kali/DataHunt/venv/lib/python3.11/site-packages/airflow/example_dags/example_latest_only_with_trigger.py
[2023-08-15T21:57:08.992+0300] {logging_mixin.py:150} INFO - [2023-08-15T21:57:08.992+0300] {dag.py:2742} INFO - Sync 1 DAGs
[2023-08-15T21:57:09.068+0300] {logging_mixin.py:150} INFO - [2023-08-15T21:57:09.067+0300] {dag.py:3504} INFO - Setting next_dagrun for latest_only_with_trigger to 2023-08-15T14:57:09.067129+00:00, run_after=2023-08-15T18:57:09.067129+00:00
[2023-08-15T21:57:09.211+0300] {processor.py:179} INFO - Processing /mnt/kali/DataHunt/venv/lib/python3.11/site-packages/airflow/example_dags/example_latest_only_with_trigger.py took 0.399 seconds
[2023-08-15T21:57:39.648+0300] {processor.py:157} INFO - Started process (PID=242956) to work on /mnt/kali/DataHunt/venv/lib/python3.11/site-packages/airflow/example_dags/example_latest_only_with_trigger.py
[2023-08-15T21:57:39.652+0300] {processor.py:826} INFO - Processing file /mnt/kali/DataHunt/venv/lib/python3.11/site-packages/airflow/example_dags/example_latest_only_with_trigger.py for tasks to queue
[2023-08-15T21:57:39.655+0300] {logging_mixin.py:150} INFO - [2023-08-15T21:57:39.654+0300] {dagbag.py:541} INFO - Filling up the DagBag from /mnt/kali/DataHunt/venv/lib/python3.11/site-packages/airflow/example_dags/example_latest_only_with_trigger.py
[2023-08-15T21:57:39.680+0300] {processor.py:836} INFO - DAG(s) dict_keys(['latest_only_with_trigger']) retrieved from /mnt/kali/DataHunt/venv/lib/python3.11/site-packages/airflow/example_dags/example_latest_only_with_trigger.py
[2023-08-15T21:57:39.801+0300] {logging_mixin.py:150} INFO - [2023-08-15T21:57:39.801+0300] {dag.py:2742} INFO - Sync 1 DAGs
[2023-08-15T21:57:39.885+0300] {logging_mixin.py:150} INFO - [2023-08-15T21:57:39.885+0300] {dag.py:3504} INFO - Setting next_dagrun for latest_only_with_trigger to 2023-08-15T14:57:39.884493+00:00, run_after=2023-08-15T18:57:39.884493+00:00
[2023-08-15T21:57:40.286+0300] {processor.py:179} INFO - Processing /mnt/kali/DataHunt/venv/lib/python3.11/site-packages/airflow/example_dags/example_latest_only_with_trigger.py took 0.651 seconds
