[2023-08-15T21:23:55.843+0300] {processor.py:157} INFO - Started process (PID=213294) to work on /mnt/kali/DataHunt/venv/lib/python3.11/site-packages/airflow/example_dags/example_xcomargs.py
[2023-08-15T21:23:55.846+0300] {processor.py:826} INFO - Processing file /mnt/kali/DataHunt/venv/lib/python3.11/site-packages/airflow/example_dags/example_xcomargs.py for tasks to queue
[2023-08-15T21:23:55.850+0300] {logging_mixin.py:150} INFO - [2023-08-15T21:23:55.848+0300] {dagbag.py:541} INFO - Filling up the DagBag from /mnt/kali/DataHunt/venv/lib/python3.11/site-packages/airflow/example_dags/example_xcomargs.py
[2023-08-15T21:23:55.888+0300] {processor.py:836} INFO - DAG(s) dict_keys(['example_xcom_args_with_operators', 'example_xcom_args']) retrieved from /mnt/kali/DataHunt/venv/lib/python3.11/site-packages/airflow/example_dags/example_xcomargs.py
[2023-08-15T21:23:57.835+0300] {logging_mixin.py:150} INFO - [2023-08-15T21:23:57.833+0300] {manager.py:504} INFO - Created Permission View: can edit on DAG:example_xcom_args_with_operators
[2023-08-15T21:23:58.100+0300] {logging_mixin.py:150} INFO - [2023-08-15T21:23:58.100+0300] {manager.py:504} INFO - Created Permission View: can delete on DAG:example_xcom_args_with_operators
[2023-08-15T21:23:58.192+0300] {logging_mixin.py:150} INFO - [2023-08-15T21:23:58.191+0300] {manager.py:504} INFO - Created Permission View: can read on DAG:example_xcom_args_with_operators
[2023-08-15T21:23:59.134+0300] {logging_mixin.py:150} INFO - [2023-08-15T21:23:59.133+0300] {manager.py:504} INFO - Created Permission View: can edit on DAG:example_xcom_args
[2023-08-15T21:23:59.223+0300] {logging_mixin.py:150} INFO - [2023-08-15T21:23:59.222+0300] {manager.py:504} INFO - Created Permission View: can delete on DAG:example_xcom_args
[2023-08-15T21:23:59.356+0300] {logging_mixin.py:150} INFO - [2023-08-15T21:23:59.355+0300] {manager.py:504} INFO - Created Permission View: can read on DAG:example_xcom_args
[2023-08-15T21:23:59.375+0300] {logging_mixin.py:150} INFO - [2023-08-15T21:23:59.374+0300] {dag.py:2742} INFO - Sync 2 DAGs
[2023-08-15T21:23:59.414+0300] {logging_mixin.py:150} INFO - [2023-08-15T21:23:59.413+0300] {dag.py:2763} INFO - Creating ORM DAG for example_xcom_args
[2023-08-15T21:23:59.416+0300] {logging_mixin.py:150} INFO - [2023-08-15T21:23:59.415+0300] {dag.py:2763} INFO - Creating ORM DAG for example_xcom_args_with_operators
[2023-08-15T21:23:59.505+0300] {logging_mixin.py:150} INFO - [2023-08-15T21:23:59.504+0300] {dag.py:3504} INFO - Setting next_dagrun for example_xcom_args to None, run_after=None
[2023-08-15T21:23:59.507+0300] {logging_mixin.py:150} INFO - [2023-08-15T21:23:59.506+0300] {dag.py:3504} INFO - Setting next_dagrun for example_xcom_args_with_operators to None, run_after=None
[2023-08-15T21:24:00.463+0300] {processor.py:179} INFO - Processing /mnt/kali/DataHunt/venv/lib/python3.11/site-packages/airflow/example_dags/example_xcomargs.py took 4.634 seconds
[2023-08-15T21:26:59.842+0300] {processor.py:157} INFO - Started process (PID=215545) to work on /mnt/kali/DataHunt/venv/lib/python3.11/site-packages/airflow/example_dags/example_xcomargs.py
[2023-08-15T21:26:59.870+0300] {processor.py:826} INFO - Processing file /mnt/kali/DataHunt/venv/lib/python3.11/site-packages/airflow/example_dags/example_xcomargs.py for tasks to queue
[2023-08-15T21:26:59.872+0300] {logging_mixin.py:150} INFO - [2023-08-15T21:26:59.871+0300] {dagbag.py:541} INFO - Filling up the DagBag from /mnt/kali/DataHunt/venv/lib/python3.11/site-packages/airflow/example_dags/example_xcomargs.py
[2023-08-15T21:27:00.084+0300] {processor.py:836} INFO - DAG(s) dict_keys(['example_xcom_args_with_operators', 'example_xcom_args']) retrieved from /mnt/kali/DataHunt/venv/lib/python3.11/site-packages/airflow/example_dags/example_xcomargs.py
[2023-08-15T21:27:00.192+0300] {logging_mixin.py:150} INFO - [2023-08-15T21:27:00.192+0300] {dag.py:2742} INFO - Sync 2 DAGs
[2023-08-15T21:27:00.336+0300] {logging_mixin.py:150} INFO - [2023-08-15T21:27:00.335+0300] {dag.py:3504} INFO - Setting next_dagrun for example_xcom_args to None, run_after=None
[2023-08-15T21:27:00.388+0300] {logging_mixin.py:150} INFO - [2023-08-15T21:27:00.387+0300] {dag.py:3504} INFO - Setting next_dagrun for example_xcom_args_with_operators to None, run_after=None
[2023-08-15T21:27:00.785+0300] {processor.py:179} INFO - Processing /mnt/kali/DataHunt/venv/lib/python3.11/site-packages/airflow/example_dags/example_xcomargs.py took 0.993 seconds
[2023-08-15T21:28:49.016+0300] {processor.py:157} INFO - Started process (PID=216802) to work on /mnt/kali/DataHunt/venv/lib/python3.11/site-packages/airflow/example_dags/example_xcomargs.py
[2023-08-15T21:28:49.047+0300] {processor.py:826} INFO - Processing file /mnt/kali/DataHunt/venv/lib/python3.11/site-packages/airflow/example_dags/example_xcomargs.py for tasks to queue
[2023-08-15T21:28:49.051+0300] {logging_mixin.py:150} INFO - [2023-08-15T21:28:49.049+0300] {dagbag.py:541} INFO - Filling up the DagBag from /mnt/kali/DataHunt/venv/lib/python3.11/site-packages/airflow/example_dags/example_xcomargs.py
[2023-08-15T21:28:49.099+0300] {processor.py:836} INFO - DAG(s) dict_keys(['example_xcom_args', 'example_xcom_args_with_operators']) retrieved from /mnt/kali/DataHunt/venv/lib/python3.11/site-packages/airflow/example_dags/example_xcomargs.py
[2023-08-15T21:28:49.198+0300] {logging_mixin.py:150} INFO - [2023-08-15T21:28:49.197+0300] {dag.py:2742} INFO - Sync 2 DAGs
[2023-08-15T21:28:49.313+0300] {logging_mixin.py:150} INFO - [2023-08-15T21:28:49.313+0300] {dag.py:3504} INFO - Setting next_dagrun for example_xcom_args to None, run_after=None
[2023-08-15T21:28:49.326+0300] {logging_mixin.py:150} INFO - [2023-08-15T21:28:49.325+0300] {dag.py:3504} INFO - Setting next_dagrun for example_xcom_args_with_operators to None, run_after=None
[2023-08-15T21:28:49.586+0300] {processor.py:179} INFO - Processing /mnt/kali/DataHunt/venv/lib/python3.11/site-packages/airflow/example_dags/example_xcomargs.py took 0.597 seconds
[2023-08-15T21:47:16.125+0300] {processor.py:157} INFO - Started process (PID=233577) to work on /mnt/kali/DataHunt/venv/lib/python3.11/site-packages/airflow/example_dags/example_xcomargs.py
[2023-08-15T21:47:16.253+0300] {processor.py:826} INFO - Processing file /mnt/kali/DataHunt/venv/lib/python3.11/site-packages/airflow/example_dags/example_xcomargs.py for tasks to queue
[2023-08-15T21:47:16.256+0300] {logging_mixin.py:150} INFO - [2023-08-15T21:47:16.254+0300] {dagbag.py:541} INFO - Filling up the DagBag from /mnt/kali/DataHunt/venv/lib/python3.11/site-packages/airflow/example_dags/example_xcomargs.py
[2023-08-15T21:47:16.289+0300] {processor.py:836} INFO - DAG(s) dict_keys(['example_xcom_args', 'example_xcom_args_with_operators']) retrieved from /mnt/kali/DataHunt/venv/lib/python3.11/site-packages/airflow/example_dags/example_xcomargs.py
[2023-08-15T21:47:17.129+0300] {logging_mixin.py:150} INFO - [2023-08-15T21:47:17.128+0300] {manager.py:504} INFO - Created Permission View: can read on DAG:example_xcom_args
[2023-08-15T21:47:17.528+0300] {logging_mixin.py:150} INFO - [2023-08-15T21:47:17.528+0300] {manager.py:504} INFO - Created Permission View: can delete on DAG:example_xcom_args
[2023-08-15T21:47:17.803+0300] {logging_mixin.py:150} INFO - [2023-08-15T21:47:17.802+0300] {manager.py:504} INFO - Created Permission View: can edit on DAG:example_xcom_args
[2023-08-15T21:47:18.279+0300] {logging_mixin.py:150} INFO - [2023-08-15T21:47:18.278+0300] {manager.py:504} INFO - Created Permission View: can read on DAG:example_xcom_args_with_operators
[2023-08-15T21:47:18.387+0300] {logging_mixin.py:150} INFO - [2023-08-15T21:47:18.386+0300] {manager.py:504} INFO - Created Permission View: can delete on DAG:example_xcom_args_with_operators
[2023-08-15T21:47:18.599+0300] {logging_mixin.py:150} INFO - [2023-08-15T21:47:18.599+0300] {manager.py:504} INFO - Created Permission View: can edit on DAG:example_xcom_args_with_operators
[2023-08-15T21:47:18.639+0300] {logging_mixin.py:150} INFO - [2023-08-15T21:47:18.639+0300] {dag.py:2742} INFO - Sync 2 DAGs
[2023-08-15T21:47:18.686+0300] {logging_mixin.py:150} INFO - [2023-08-15T21:47:18.686+0300] {dag.py:2763} INFO - Creating ORM DAG for example_xcom_args_with_operators
[2023-08-15T21:47:18.689+0300] {logging_mixin.py:150} INFO - [2023-08-15T21:47:18.688+0300] {dag.py:2763} INFO - Creating ORM DAG for example_xcom_args
[2023-08-15T21:47:18.810+0300] {logging_mixin.py:150} INFO - [2023-08-15T21:47:18.810+0300] {dag.py:3504} INFO - Setting next_dagrun for example_xcom_args to None, run_after=None
[2023-08-15T21:47:18.813+0300] {logging_mixin.py:150} INFO - [2023-08-15T21:47:18.813+0300] {dag.py:3504} INFO - Setting next_dagrun for example_xcom_args_with_operators to None, run_after=None
[2023-08-15T21:47:19.075+0300] {processor.py:179} INFO - Processing /mnt/kali/DataHunt/venv/lib/python3.11/site-packages/airflow/example_dags/example_xcomargs.py took 2.959 seconds
[2023-08-15T21:47:49.873+0300] {processor.py:157} INFO - Started process (PID=233919) to work on /mnt/kali/DataHunt/venv/lib/python3.11/site-packages/airflow/example_dags/example_xcomargs.py
[2023-08-15T21:47:49.897+0300] {processor.py:826} INFO - Processing file /mnt/kali/DataHunt/venv/lib/python3.11/site-packages/airflow/example_dags/example_xcomargs.py for tasks to queue
[2023-08-15T21:47:49.899+0300] {logging_mixin.py:150} INFO - [2023-08-15T21:47:49.898+0300] {dagbag.py:541} INFO - Filling up the DagBag from /mnt/kali/DataHunt/venv/lib/python3.11/site-packages/airflow/example_dags/example_xcomargs.py
[2023-08-15T21:47:49.923+0300] {processor.py:836} INFO - DAG(s) dict_keys(['example_xcom_args_with_operators', 'example_xcom_args']) retrieved from /mnt/kali/DataHunt/venv/lib/python3.11/site-packages/airflow/example_dags/example_xcomargs.py
[2023-08-15T21:47:50.036+0300] {logging_mixin.py:150} INFO - [2023-08-15T21:47:50.035+0300] {dag.py:2742} INFO - Sync 2 DAGs
[2023-08-15T21:47:50.132+0300] {logging_mixin.py:150} INFO - [2023-08-15T21:47:50.132+0300] {dag.py:3504} INFO - Setting next_dagrun for example_xcom_args to None, run_after=None
[2023-08-15T21:47:50.155+0300] {logging_mixin.py:150} INFO - [2023-08-15T21:47:50.155+0300] {dag.py:3504} INFO - Setting next_dagrun for example_xcom_args_with_operators to None, run_after=None
[2023-08-15T21:47:50.242+0300] {processor.py:179} INFO - Processing /mnt/kali/DataHunt/venv/lib/python3.11/site-packages/airflow/example_dags/example_xcomargs.py took 0.378 seconds
[2023-08-15T21:48:20.455+0300] {processor.py:157} INFO - Started process (PID=234312) to work on /mnt/kali/DataHunt/venv/lib/python3.11/site-packages/airflow/example_dags/example_xcomargs.py
[2023-08-15T21:48:20.458+0300] {processor.py:826} INFO - Processing file /mnt/kali/DataHunt/venv/lib/python3.11/site-packages/airflow/example_dags/example_xcomargs.py for tasks to queue
[2023-08-15T21:48:20.461+0300] {logging_mixin.py:150} INFO - [2023-08-15T21:48:20.460+0300] {dagbag.py:541} INFO - Filling up the DagBag from /mnt/kali/DataHunt/venv/lib/python3.11/site-packages/airflow/example_dags/example_xcomargs.py
[2023-08-15T21:48:20.491+0300] {processor.py:836} INFO - DAG(s) dict_keys(['example_xcom_args', 'example_xcom_args_with_operators']) retrieved from /mnt/kali/DataHunt/venv/lib/python3.11/site-packages/airflow/example_dags/example_xcomargs.py
[2023-08-15T21:48:20.694+0300] {logging_mixin.py:150} INFO - [2023-08-15T21:48:20.693+0300] {dag.py:2742} INFO - Sync 2 DAGs
[2023-08-15T21:48:20.850+0300] {logging_mixin.py:150} INFO - [2023-08-15T21:48:20.850+0300] {dag.py:3504} INFO - Setting next_dagrun for example_xcom_args to None, run_after=None
[2023-08-15T21:48:20.864+0300] {logging_mixin.py:150} INFO - [2023-08-15T21:48:20.863+0300] {dag.py:3504} INFO - Setting next_dagrun for example_xcom_args_with_operators to None, run_after=None
[2023-08-15T21:48:21.024+0300] {processor.py:179} INFO - Processing /mnt/kali/DataHunt/venv/lib/python3.11/site-packages/airflow/example_dags/example_xcomargs.py took 0.582 seconds
[2023-08-15T21:48:51.323+0300] {processor.py:157} INFO - Started process (PID=234940) to work on /mnt/kali/DataHunt/venv/lib/python3.11/site-packages/airflow/example_dags/example_xcomargs.py
[2023-08-15T21:48:51.342+0300] {processor.py:826} INFO - Processing file /mnt/kali/DataHunt/venv/lib/python3.11/site-packages/airflow/example_dags/example_xcomargs.py for tasks to queue
[2023-08-15T21:48:51.345+0300] {logging_mixin.py:150} INFO - [2023-08-15T21:48:51.344+0300] {dagbag.py:541} INFO - Filling up the DagBag from /mnt/kali/DataHunt/venv/lib/python3.11/site-packages/airflow/example_dags/example_xcomargs.py
[2023-08-15T21:48:51.433+0300] {processor.py:836} INFO - DAG(s) dict_keys(['example_xcom_args', 'example_xcom_args_with_operators']) retrieved from /mnt/kali/DataHunt/venv/lib/python3.11/site-packages/airflow/example_dags/example_xcomargs.py
[2023-08-15T21:48:51.608+0300] {logging_mixin.py:150} INFO - [2023-08-15T21:48:51.608+0300] {dag.py:2742} INFO - Sync 2 DAGs
[2023-08-15T21:48:51.751+0300] {logging_mixin.py:150} INFO - [2023-08-15T21:48:51.750+0300] {dag.py:3504} INFO - Setting next_dagrun for example_xcom_args to None, run_after=None
[2023-08-15T21:48:51.764+0300] {logging_mixin.py:150} INFO - [2023-08-15T21:48:51.764+0300] {dag.py:3504} INFO - Setting next_dagrun for example_xcom_args_with_operators to None, run_after=None
[2023-08-15T21:48:51.845+0300] {processor.py:179} INFO - Processing /mnt/kali/DataHunt/venv/lib/python3.11/site-packages/airflow/example_dags/example_xcomargs.py took 0.551 seconds
[2023-08-15T21:49:30.612+0300] {processor.py:157} INFO - Started process (PID=235595) to work on /mnt/kali/DataHunt/venv/lib/python3.11/site-packages/airflow/example_dags/example_xcomargs.py
[2023-08-15T21:49:30.628+0300] {processor.py:826} INFO - Processing file /mnt/kali/DataHunt/venv/lib/python3.11/site-packages/airflow/example_dags/example_xcomargs.py for tasks to queue
[2023-08-15T21:49:30.631+0300] {logging_mixin.py:150} INFO - [2023-08-15T21:49:30.630+0300] {dagbag.py:541} INFO - Filling up the DagBag from /mnt/kali/DataHunt/venv/lib/python3.11/site-packages/airflow/example_dags/example_xcomargs.py
[2023-08-15T21:49:30.660+0300] {processor.py:836} INFO - DAG(s) dict_keys(['example_xcom_args', 'example_xcom_args_with_operators']) retrieved from /mnt/kali/DataHunt/venv/lib/python3.11/site-packages/airflow/example_dags/example_xcomargs.py
[2023-08-15T21:49:31.053+0300] {logging_mixin.py:150} INFO - [2023-08-15T21:49:31.052+0300] {dag.py:2742} INFO - Sync 2 DAGs
[2023-08-15T21:49:31.107+0300] {logging_mixin.py:150} INFO - [2023-08-15T21:49:31.107+0300] {dag.py:3504} INFO - Setting next_dagrun for example_xcom_args to None, run_after=None
[2023-08-15T21:49:31.115+0300] {logging_mixin.py:150} INFO - [2023-08-15T21:49:31.115+0300] {dag.py:3504} INFO - Setting next_dagrun for example_xcom_args_with_operators to None, run_after=None
[2023-08-15T21:49:31.152+0300] {processor.py:179} INFO - Processing /mnt/kali/DataHunt/venv/lib/python3.11/site-packages/airflow/example_dags/example_xcomargs.py took 0.555 seconds
[2023-08-15T21:50:01.576+0300] {processor.py:157} INFO - Started process (PID=235931) to work on /mnt/kali/DataHunt/venv/lib/python3.11/site-packages/airflow/example_dags/example_xcomargs.py
[2023-08-15T21:50:01.599+0300] {processor.py:826} INFO - Processing file /mnt/kali/DataHunt/venv/lib/python3.11/site-packages/airflow/example_dags/example_xcomargs.py for tasks to queue
[2023-08-15T21:50:01.602+0300] {logging_mixin.py:150} INFO - [2023-08-15T21:50:01.601+0300] {dagbag.py:541} INFO - Filling up the DagBag from /mnt/kali/DataHunt/venv/lib/python3.11/site-packages/airflow/example_dags/example_xcomargs.py
[2023-08-15T21:50:01.640+0300] {processor.py:836} INFO - DAG(s) dict_keys(['example_xcom_args_with_operators', 'example_xcom_args']) retrieved from /mnt/kali/DataHunt/venv/lib/python3.11/site-packages/airflow/example_dags/example_xcomargs.py
[2023-08-15T21:50:01.871+0300] {logging_mixin.py:150} INFO - [2023-08-15T21:50:01.870+0300] {dag.py:2742} INFO - Sync 2 DAGs
[2023-08-15T21:50:01.999+0300] {logging_mixin.py:150} INFO - [2023-08-15T21:50:01.999+0300] {dag.py:3504} INFO - Setting next_dagrun for example_xcom_args to None, run_after=None
[2023-08-15T21:50:02.014+0300] {logging_mixin.py:150} INFO - [2023-08-15T21:50:02.014+0300] {dag.py:3504} INFO - Setting next_dagrun for example_xcom_args_with_operators to None, run_after=None
[2023-08-15T21:50:02.207+0300] {processor.py:179} INFO - Processing /mnt/kali/DataHunt/venv/lib/python3.11/site-packages/airflow/example_dags/example_xcomargs.py took 0.653 seconds
[2023-08-15T21:50:38.741+0300] {processor.py:157} INFO - Started process (PID=236388) to work on /mnt/kali/DataHunt/venv/lib/python3.11/site-packages/airflow/example_dags/example_xcomargs.py
[2023-08-15T21:50:38.751+0300] {processor.py:826} INFO - Processing file /mnt/kali/DataHunt/venv/lib/python3.11/site-packages/airflow/example_dags/example_xcomargs.py for tasks to queue
[2023-08-15T21:50:38.754+0300] {logging_mixin.py:150} INFO - [2023-08-15T21:50:38.753+0300] {dagbag.py:541} INFO - Filling up the DagBag from /mnt/kali/DataHunt/venv/lib/python3.11/site-packages/airflow/example_dags/example_xcomargs.py
[2023-08-15T21:50:38.822+0300] {processor.py:836} INFO - DAG(s) dict_keys(['example_xcom_args', 'example_xcom_args_with_operators']) retrieved from /mnt/kali/DataHunt/venv/lib/python3.11/site-packages/airflow/example_dags/example_xcomargs.py
[2023-08-15T21:50:39.107+0300] {logging_mixin.py:150} INFO - [2023-08-15T21:50:39.107+0300] {dag.py:2742} INFO - Sync 2 DAGs
[2023-08-15T21:50:39.400+0300] {logging_mixin.py:150} INFO - [2023-08-15T21:50:39.399+0300] {dag.py:3504} INFO - Setting next_dagrun for example_xcom_args to None, run_after=None
[2023-08-15T21:50:39.482+0300] {logging_mixin.py:150} INFO - [2023-08-15T21:50:39.481+0300] {dag.py:3504} INFO - Setting next_dagrun for example_xcom_args_with_operators to None, run_after=None
[2023-08-15T21:50:39.906+0300] {processor.py:179} INFO - Processing /mnt/kali/DataHunt/venv/lib/python3.11/site-packages/airflow/example_dags/example_xcomargs.py took 1.178 seconds
[2023-08-15T21:51:10.631+0300] {processor.py:157} INFO - Started process (PID=236838) to work on /mnt/kali/DataHunt/venv/lib/python3.11/site-packages/airflow/example_dags/example_xcomargs.py
[2023-08-15T21:51:10.633+0300] {processor.py:826} INFO - Processing file /mnt/kali/DataHunt/venv/lib/python3.11/site-packages/airflow/example_dags/example_xcomargs.py for tasks to queue
[2023-08-15T21:51:10.636+0300] {logging_mixin.py:150} INFO - [2023-08-15T21:51:10.635+0300] {dagbag.py:541} INFO - Filling up the DagBag from /mnt/kali/DataHunt/venv/lib/python3.11/site-packages/airflow/example_dags/example_xcomargs.py
[2023-08-15T21:51:10.668+0300] {processor.py:836} INFO - DAG(s) dict_keys(['example_xcom_args_with_operators', 'example_xcom_args']) retrieved from /mnt/kali/DataHunt/venv/lib/python3.11/site-packages/airflow/example_dags/example_xcomargs.py
[2023-08-15T21:51:10.778+0300] {logging_mixin.py:150} INFO - [2023-08-15T21:51:10.778+0300] {dag.py:2742} INFO - Sync 2 DAGs
[2023-08-15T21:51:10.872+0300] {logging_mixin.py:150} INFO - [2023-08-15T21:51:10.872+0300] {dag.py:3504} INFO - Setting next_dagrun for example_xcom_args to None, run_after=None
[2023-08-15T21:51:10.881+0300] {logging_mixin.py:150} INFO - [2023-08-15T21:51:10.880+0300] {dag.py:3504} INFO - Setting next_dagrun for example_xcom_args_with_operators to None, run_after=None
[2023-08-15T21:51:10.935+0300] {processor.py:179} INFO - Processing /mnt/kali/DataHunt/venv/lib/python3.11/site-packages/airflow/example_dags/example_xcomargs.py took 0.313 seconds
[2023-08-15T21:51:41.297+0300] {processor.py:157} INFO - Started process (PID=237400) to work on /mnt/kali/DataHunt/venv/lib/python3.11/site-packages/airflow/example_dags/example_xcomargs.py
[2023-08-15T21:51:41.298+0300] {processor.py:826} INFO - Processing file /mnt/kali/DataHunt/venv/lib/python3.11/site-packages/airflow/example_dags/example_xcomargs.py for tasks to queue
[2023-08-15T21:51:41.300+0300] {logging_mixin.py:150} INFO - [2023-08-15T21:51:41.300+0300] {dagbag.py:541} INFO - Filling up the DagBag from /mnt/kali/DataHunt/venv/lib/python3.11/site-packages/airflow/example_dags/example_xcomargs.py
[2023-08-15T21:51:41.323+0300] {processor.py:836} INFO - DAG(s) dict_keys(['example_xcom_args_with_operators', 'example_xcom_args']) retrieved from /mnt/kali/DataHunt/venv/lib/python3.11/site-packages/airflow/example_dags/example_xcomargs.py
[2023-08-15T21:51:41.431+0300] {logging_mixin.py:150} INFO - [2023-08-15T21:51:41.430+0300] {dag.py:2742} INFO - Sync 2 DAGs
[2023-08-15T21:51:41.527+0300] {logging_mixin.py:150} INFO - [2023-08-15T21:51:41.527+0300] {dag.py:3504} INFO - Setting next_dagrun for example_xcom_args to None, run_after=None
[2023-08-15T21:51:41.540+0300] {logging_mixin.py:150} INFO - [2023-08-15T21:51:41.540+0300] {dag.py:3504} INFO - Setting next_dagrun for example_xcom_args_with_operators to None, run_after=None
[2023-08-15T21:51:41.616+0300] {processor.py:179} INFO - Processing /mnt/kali/DataHunt/venv/lib/python3.11/site-packages/airflow/example_dags/example_xcomargs.py took 0.332 seconds
[2023-08-15T21:52:11.822+0300] {processor.py:157} INFO - Started process (PID=237927) to work on /mnt/kali/DataHunt/venv/lib/python3.11/site-packages/airflow/example_dags/example_xcomargs.py
[2023-08-15T21:52:11.838+0300] {processor.py:826} INFO - Processing file /mnt/kali/DataHunt/venv/lib/python3.11/site-packages/airflow/example_dags/example_xcomargs.py for tasks to queue
[2023-08-15T21:52:11.841+0300] {logging_mixin.py:150} INFO - [2023-08-15T21:52:11.840+0300] {dagbag.py:541} INFO - Filling up the DagBag from /mnt/kali/DataHunt/venv/lib/python3.11/site-packages/airflow/example_dags/example_xcomargs.py
[2023-08-15T21:52:11.886+0300] {processor.py:836} INFO - DAG(s) dict_keys(['example_xcom_args_with_operators', 'example_xcom_args']) retrieved from /mnt/kali/DataHunt/venv/lib/python3.11/site-packages/airflow/example_dags/example_xcomargs.py
[2023-08-15T21:52:12.102+0300] {logging_mixin.py:150} INFO - [2023-08-15T21:52:12.101+0300] {dag.py:2742} INFO - Sync 2 DAGs
[2023-08-15T21:52:12.239+0300] {logging_mixin.py:150} INFO - [2023-08-15T21:52:12.239+0300] {dag.py:3504} INFO - Setting next_dagrun for example_xcom_args to None, run_after=None
[2023-08-15T21:52:12.253+0300] {logging_mixin.py:150} INFO - [2023-08-15T21:52:12.253+0300] {dag.py:3504} INFO - Setting next_dagrun for example_xcom_args_with_operators to None, run_after=None
[2023-08-15T21:52:12.403+0300] {processor.py:179} INFO - Processing /mnt/kali/DataHunt/venv/lib/python3.11/site-packages/airflow/example_dags/example_xcomargs.py took 0.597 seconds
[2023-08-15T21:52:42.701+0300] {processor.py:157} INFO - Started process (PID=238311) to work on /mnt/kali/DataHunt/venv/lib/python3.11/site-packages/airflow/example_dags/example_xcomargs.py
[2023-08-15T21:52:42.704+0300] {processor.py:826} INFO - Processing file /mnt/kali/DataHunt/venv/lib/python3.11/site-packages/airflow/example_dags/example_xcomargs.py for tasks to queue
[2023-08-15T21:52:42.706+0300] {logging_mixin.py:150} INFO - [2023-08-15T21:52:42.705+0300] {dagbag.py:541} INFO - Filling up the DagBag from /mnt/kali/DataHunt/venv/lib/python3.11/site-packages/airflow/example_dags/example_xcomargs.py
[2023-08-15T21:52:42.765+0300] {processor.py:836} INFO - DAG(s) dict_keys(['example_xcom_args_with_operators', 'example_xcom_args']) retrieved from /mnt/kali/DataHunt/venv/lib/python3.11/site-packages/airflow/example_dags/example_xcomargs.py
[2023-08-15T21:52:42.992+0300] {logging_mixin.py:150} INFO - [2023-08-15T21:52:42.991+0300] {dag.py:2742} INFO - Sync 2 DAGs
[2023-08-15T21:52:43.077+0300] {logging_mixin.py:150} INFO - [2023-08-15T21:52:43.076+0300] {dag.py:3504} INFO - Setting next_dagrun for example_xcom_args to None, run_after=None
[2023-08-15T21:52:43.087+0300] {logging_mixin.py:150} INFO - [2023-08-15T21:52:43.087+0300] {dag.py:3504} INFO - Setting next_dagrun for example_xcom_args_with_operators to None, run_after=None
[2023-08-15T21:52:43.168+0300] {processor.py:179} INFO - Processing /mnt/kali/DataHunt/venv/lib/python3.11/site-packages/airflow/example_dags/example_xcomargs.py took 0.494 seconds
[2023-08-15T21:53:13.449+0300] {processor.py:157} INFO - Started process (PID=238678) to work on /mnt/kali/DataHunt/venv/lib/python3.11/site-packages/airflow/example_dags/example_xcomargs.py
[2023-08-15T21:53:13.452+0300] {processor.py:826} INFO - Processing file /mnt/kali/DataHunt/venv/lib/python3.11/site-packages/airflow/example_dags/example_xcomargs.py for tasks to queue
[2023-08-15T21:53:13.454+0300] {logging_mixin.py:150} INFO - [2023-08-15T21:53:13.453+0300] {dagbag.py:541} INFO - Filling up the DagBag from /mnt/kali/DataHunt/venv/lib/python3.11/site-packages/airflow/example_dags/example_xcomargs.py
[2023-08-15T21:53:13.487+0300] {processor.py:836} INFO - DAG(s) dict_keys(['example_xcom_args_with_operators', 'example_xcom_args']) retrieved from /mnt/kali/DataHunt/venv/lib/python3.11/site-packages/airflow/example_dags/example_xcomargs.py
[2023-08-15T21:53:13.690+0300] {logging_mixin.py:150} INFO - [2023-08-15T21:53:13.689+0300] {dag.py:2742} INFO - Sync 2 DAGs
[2023-08-15T21:53:13.802+0300] {logging_mixin.py:150} INFO - [2023-08-15T21:53:13.802+0300] {dag.py:3504} INFO - Setting next_dagrun for example_xcom_args to None, run_after=None
[2023-08-15T21:53:13.814+0300] {logging_mixin.py:150} INFO - [2023-08-15T21:53:13.814+0300] {dag.py:3504} INFO - Setting next_dagrun for example_xcom_args_with_operators to None, run_after=None
[2023-08-15T21:53:13.946+0300] {processor.py:179} INFO - Processing /mnt/kali/DataHunt/venv/lib/python3.11/site-packages/airflow/example_dags/example_xcomargs.py took 0.510 seconds
[2023-08-15T21:53:44.771+0300] {processor.py:157} INFO - Started process (PID=239243) to work on /mnt/kali/DataHunt/venv/lib/python3.11/site-packages/airflow/example_dags/example_xcomargs.py
[2023-08-15T21:53:44.774+0300] {processor.py:826} INFO - Processing file /mnt/kali/DataHunt/venv/lib/python3.11/site-packages/airflow/example_dags/example_xcomargs.py for tasks to queue
[2023-08-15T21:53:44.776+0300] {logging_mixin.py:150} INFO - [2023-08-15T21:53:44.775+0300] {dagbag.py:541} INFO - Filling up the DagBag from /mnt/kali/DataHunt/venv/lib/python3.11/site-packages/airflow/example_dags/example_xcomargs.py
[2023-08-15T21:53:44.808+0300] {processor.py:836} INFO - DAG(s) dict_keys(['example_xcom_args_with_operators', 'example_xcom_args']) retrieved from /mnt/kali/DataHunt/venv/lib/python3.11/site-packages/airflow/example_dags/example_xcomargs.py
[2023-08-15T21:53:44.966+0300] {logging_mixin.py:150} INFO - [2023-08-15T21:53:44.966+0300] {dag.py:2742} INFO - Sync 2 DAGs
[2023-08-15T21:53:45.070+0300] {logging_mixin.py:150} INFO - [2023-08-15T21:53:45.070+0300] {dag.py:3504} INFO - Setting next_dagrun for example_xcom_args to None, run_after=None
[2023-08-15T21:53:45.085+0300] {logging_mixin.py:150} INFO - [2023-08-15T21:53:45.084+0300] {dag.py:3504} INFO - Setting next_dagrun for example_xcom_args_with_operators to None, run_after=None
[2023-08-15T21:53:45.159+0300] {processor.py:179} INFO - Processing /mnt/kali/DataHunt/venv/lib/python3.11/site-packages/airflow/example_dags/example_xcomargs.py took 0.400 seconds
[2023-08-15T21:54:15.884+0300] {processor.py:157} INFO - Started process (PID=239861) to work on /mnt/kali/DataHunt/venv/lib/python3.11/site-packages/airflow/example_dags/example_xcomargs.py
[2023-08-15T21:54:15.886+0300] {processor.py:826} INFO - Processing file /mnt/kali/DataHunt/venv/lib/python3.11/site-packages/airflow/example_dags/example_xcomargs.py for tasks to queue
[2023-08-15T21:54:15.888+0300] {logging_mixin.py:150} INFO - [2023-08-15T21:54:15.887+0300] {dagbag.py:541} INFO - Filling up the DagBag from /mnt/kali/DataHunt/venv/lib/python3.11/site-packages/airflow/example_dags/example_xcomargs.py
[2023-08-15T21:54:15.909+0300] {processor.py:836} INFO - DAG(s) dict_keys(['example_xcom_args', 'example_xcom_args_with_operators']) retrieved from /mnt/kali/DataHunt/venv/lib/python3.11/site-packages/airflow/example_dags/example_xcomargs.py
[2023-08-15T21:54:16.017+0300] {logging_mixin.py:150} INFO - [2023-08-15T21:54:16.016+0300] {dag.py:2742} INFO - Sync 2 DAGs
[2023-08-15T21:54:16.082+0300] {logging_mixin.py:150} INFO - [2023-08-15T21:54:16.082+0300] {dag.py:3504} INFO - Setting next_dagrun for example_xcom_args to None, run_after=None
[2023-08-15T21:54:16.090+0300] {logging_mixin.py:150} INFO - [2023-08-15T21:54:16.090+0300] {dag.py:3504} INFO - Setting next_dagrun for example_xcom_args_with_operators to None, run_after=None
[2023-08-15T21:54:16.140+0300] {processor.py:179} INFO - Processing /mnt/kali/DataHunt/venv/lib/python3.11/site-packages/airflow/example_dags/example_xcomargs.py took 0.264 seconds
[2023-08-15T21:54:46.555+0300] {processor.py:157} INFO - Started process (PID=240237) to work on /mnt/kali/DataHunt/venv/lib/python3.11/site-packages/airflow/example_dags/example_xcomargs.py
[2023-08-15T21:54:46.564+0300] {processor.py:826} INFO - Processing file /mnt/kali/DataHunt/venv/lib/python3.11/site-packages/airflow/example_dags/example_xcomargs.py for tasks to queue
[2023-08-15T21:54:46.566+0300] {logging_mixin.py:150} INFO - [2023-08-15T21:54:46.565+0300] {dagbag.py:541} INFO - Filling up the DagBag from /mnt/kali/DataHunt/venv/lib/python3.11/site-packages/airflow/example_dags/example_xcomargs.py
[2023-08-15T21:54:46.592+0300] {processor.py:836} INFO - DAG(s) dict_keys(['example_xcom_args', 'example_xcom_args_with_operators']) retrieved from /mnt/kali/DataHunt/venv/lib/python3.11/site-packages/airflow/example_dags/example_xcomargs.py
[2023-08-15T21:54:46.680+0300] {logging_mixin.py:150} INFO - [2023-08-15T21:54:46.679+0300] {dag.py:2742} INFO - Sync 2 DAGs
[2023-08-15T21:54:46.773+0300] {logging_mixin.py:150} INFO - [2023-08-15T21:54:46.772+0300] {dag.py:3504} INFO - Setting next_dagrun for example_xcom_args to None, run_after=None
[2023-08-15T21:54:46.784+0300] {logging_mixin.py:150} INFO - [2023-08-15T21:54:46.784+0300] {dag.py:3504} INFO - Setting next_dagrun for example_xcom_args_with_operators to None, run_after=None
[2023-08-15T21:54:46.846+0300] {processor.py:179} INFO - Processing /mnt/kali/DataHunt/venv/lib/python3.11/site-packages/airflow/example_dags/example_xcomargs.py took 0.302 seconds
[2023-08-15T21:55:17.371+0300] {processor.py:157} INFO - Started process (PID=240680) to work on /mnt/kali/DataHunt/venv/lib/python3.11/site-packages/airflow/example_dags/example_xcomargs.py
[2023-08-15T21:55:17.374+0300] {processor.py:826} INFO - Processing file /mnt/kali/DataHunt/venv/lib/python3.11/site-packages/airflow/example_dags/example_xcomargs.py for tasks to queue
[2023-08-15T21:55:17.377+0300] {logging_mixin.py:150} INFO - [2023-08-15T21:55:17.376+0300] {dagbag.py:541} INFO - Filling up the DagBag from /mnt/kali/DataHunt/venv/lib/python3.11/site-packages/airflow/example_dags/example_xcomargs.py
[2023-08-15T21:55:17.419+0300] {processor.py:836} INFO - DAG(s) dict_keys(['example_xcom_args', 'example_xcom_args_with_operators']) retrieved from /mnt/kali/DataHunt/venv/lib/python3.11/site-packages/airflow/example_dags/example_xcomargs.py
[2023-08-15T21:55:17.575+0300] {logging_mixin.py:150} INFO - [2023-08-15T21:55:17.575+0300] {dag.py:2742} INFO - Sync 2 DAGs
[2023-08-15T21:55:17.673+0300] {logging_mixin.py:150} INFO - [2023-08-15T21:55:17.672+0300] {dag.py:3504} INFO - Setting next_dagrun for example_xcom_args to None, run_after=None
[2023-08-15T21:55:17.686+0300] {logging_mixin.py:150} INFO - [2023-08-15T21:55:17.686+0300] {dag.py:3504} INFO - Setting next_dagrun for example_xcom_args_with_operators to None, run_after=None
[2023-08-15T21:55:17.750+0300] {processor.py:179} INFO - Processing /mnt/kali/DataHunt/venv/lib/python3.11/site-packages/airflow/example_dags/example_xcomargs.py took 0.394 seconds
[2023-08-15T21:55:48.266+0300] {processor.py:157} INFO - Started process (PID=241072) to work on /mnt/kali/DataHunt/venv/lib/python3.11/site-packages/airflow/example_dags/example_xcomargs.py
[2023-08-15T21:55:48.276+0300] {processor.py:826} INFO - Processing file /mnt/kali/DataHunt/venv/lib/python3.11/site-packages/airflow/example_dags/example_xcomargs.py for tasks to queue
[2023-08-15T21:55:48.278+0300] {logging_mixin.py:150} INFO - [2023-08-15T21:55:48.277+0300] {dagbag.py:541} INFO - Filling up the DagBag from /mnt/kali/DataHunt/venv/lib/python3.11/site-packages/airflow/example_dags/example_xcomargs.py
[2023-08-15T21:55:48.342+0300] {processor.py:836} INFO - DAG(s) dict_keys(['example_xcom_args_with_operators', 'example_xcom_args']) retrieved from /mnt/kali/DataHunt/venv/lib/python3.11/site-packages/airflow/example_dags/example_xcomargs.py
[2023-08-15T21:55:48.565+0300] {logging_mixin.py:150} INFO - [2023-08-15T21:55:48.565+0300] {dag.py:2742} INFO - Sync 2 DAGs
[2023-08-15T21:55:48.722+0300] {logging_mixin.py:150} INFO - [2023-08-15T21:55:48.721+0300] {dag.py:3504} INFO - Setting next_dagrun for example_xcom_args to None, run_after=None
[2023-08-15T21:55:48.741+0300] {logging_mixin.py:150} INFO - [2023-08-15T21:55:48.740+0300] {dag.py:3504} INFO - Setting next_dagrun for example_xcom_args_with_operators to None, run_after=None
[2023-08-15T21:55:48.888+0300] {processor.py:179} INFO - Processing /mnt/kali/DataHunt/venv/lib/python3.11/site-packages/airflow/example_dags/example_xcomargs.py took 0.653 seconds
[2023-08-15T21:56:19.248+0300] {processor.py:157} INFO - Started process (PID=241641) to work on /mnt/kali/DataHunt/venv/lib/python3.11/site-packages/airflow/example_dags/example_xcomargs.py
[2023-08-15T21:56:19.273+0300] {processor.py:826} INFO - Processing file /mnt/kali/DataHunt/venv/lib/python3.11/site-packages/airflow/example_dags/example_xcomargs.py for tasks to queue
[2023-08-15T21:56:19.276+0300] {logging_mixin.py:150} INFO - [2023-08-15T21:56:19.274+0300] {dagbag.py:541} INFO - Filling up the DagBag from /mnt/kali/DataHunt/venv/lib/python3.11/site-packages/airflow/example_dags/example_xcomargs.py
[2023-08-15T21:56:19.315+0300] {processor.py:836} INFO - DAG(s) dict_keys(['example_xcom_args_with_operators', 'example_xcom_args']) retrieved from /mnt/kali/DataHunt/venv/lib/python3.11/site-packages/airflow/example_dags/example_xcomargs.py
[2023-08-15T21:56:19.428+0300] {logging_mixin.py:150} INFO - [2023-08-15T21:56:19.427+0300] {dag.py:2742} INFO - Sync 2 DAGs
[2023-08-15T21:56:19.489+0300] {logging_mixin.py:150} INFO - [2023-08-15T21:56:19.489+0300] {dag.py:3504} INFO - Setting next_dagrun for example_xcom_args to None, run_after=None
[2023-08-15T21:56:19.498+0300] {logging_mixin.py:150} INFO - [2023-08-15T21:56:19.498+0300] {dag.py:3504} INFO - Setting next_dagrun for example_xcom_args_with_operators to None, run_after=None
[2023-08-15T21:56:19.574+0300] {processor.py:179} INFO - Processing /mnt/kali/DataHunt/venv/lib/python3.11/site-packages/airflow/example_dags/example_xcomargs.py took 0.337 seconds
[2023-08-15T21:56:49.797+0300] {processor.py:157} INFO - Started process (PID=242232) to work on /mnt/kali/DataHunt/venv/lib/python3.11/site-packages/airflow/example_dags/example_xcomargs.py
[2023-08-15T21:56:49.800+0300] {processor.py:826} INFO - Processing file /mnt/kali/DataHunt/venv/lib/python3.11/site-packages/airflow/example_dags/example_xcomargs.py for tasks to queue
[2023-08-15T21:56:49.802+0300] {logging_mixin.py:150} INFO - [2023-08-15T21:56:49.801+0300] {dagbag.py:541} INFO - Filling up the DagBag from /mnt/kali/DataHunt/venv/lib/python3.11/site-packages/airflow/example_dags/example_xcomargs.py
[2023-08-15T21:56:49.832+0300] {processor.py:836} INFO - DAG(s) dict_keys(['example_xcom_args_with_operators', 'example_xcom_args']) retrieved from /mnt/kali/DataHunt/venv/lib/python3.11/site-packages/airflow/example_dags/example_xcomargs.py
[2023-08-15T21:56:49.961+0300] {logging_mixin.py:150} INFO - [2023-08-15T21:56:49.961+0300] {dag.py:2742} INFO - Sync 2 DAGs
[2023-08-15T21:56:50.087+0300] {logging_mixin.py:150} INFO - [2023-08-15T21:56:50.086+0300] {dag.py:3504} INFO - Setting next_dagrun for example_xcom_args to None, run_after=None
[2023-08-15T21:56:50.096+0300] {logging_mixin.py:150} INFO - [2023-08-15T21:56:50.096+0300] {dag.py:3504} INFO - Setting next_dagrun for example_xcom_args_with_operators to None, run_after=None
[2023-08-15T21:56:50.180+0300] {processor.py:179} INFO - Processing /mnt/kali/DataHunt/venv/lib/python3.11/site-packages/airflow/example_dags/example_xcomargs.py took 0.395 seconds
[2023-08-15T21:57:20.377+0300] {processor.py:157} INFO - Started process (PID=242700) to work on /mnt/kali/DataHunt/venv/lib/python3.11/site-packages/airflow/example_dags/example_xcomargs.py
[2023-08-15T21:57:20.396+0300] {processor.py:826} INFO - Processing file /mnt/kali/DataHunt/venv/lib/python3.11/site-packages/airflow/example_dags/example_xcomargs.py for tasks to queue
[2023-08-15T21:57:20.399+0300] {logging_mixin.py:150} INFO - [2023-08-15T21:57:20.398+0300] {dagbag.py:541} INFO - Filling up the DagBag from /mnt/kali/DataHunt/venv/lib/python3.11/site-packages/airflow/example_dags/example_xcomargs.py
[2023-08-15T21:57:20.465+0300] {processor.py:836} INFO - DAG(s) dict_keys(['example_xcom_args_with_operators', 'example_xcom_args']) retrieved from /mnt/kali/DataHunt/venv/lib/python3.11/site-packages/airflow/example_dags/example_xcomargs.py
[2023-08-15T21:57:20.641+0300] {logging_mixin.py:150} INFO - [2023-08-15T21:57:20.641+0300] {dag.py:2742} INFO - Sync 2 DAGs
[2023-08-15T21:57:20.758+0300] {logging_mixin.py:150} INFO - [2023-08-15T21:57:20.758+0300] {dag.py:3504} INFO - Setting next_dagrun for example_xcom_args to None, run_after=None
[2023-08-15T21:57:20.771+0300] {logging_mixin.py:150} INFO - [2023-08-15T21:57:20.770+0300] {dag.py:3504} INFO - Setting next_dagrun for example_xcom_args_with_operators to None, run_after=None
[2023-08-15T21:57:20.888+0300] {processor.py:179} INFO - Processing /mnt/kali/DataHunt/venv/lib/python3.11/site-packages/airflow/example_dags/example_xcomargs.py took 0.535 seconds
[2023-08-15T21:57:51.207+0300] {processor.py:157} INFO - Started process (PID=243125) to work on /mnt/kali/DataHunt/venv/lib/python3.11/site-packages/airflow/example_dags/example_xcomargs.py
[2023-08-15T21:57:51.210+0300] {processor.py:826} INFO - Processing file /mnt/kali/DataHunt/venv/lib/python3.11/site-packages/airflow/example_dags/example_xcomargs.py for tasks to queue
[2023-08-15T21:57:51.212+0300] {logging_mixin.py:150} INFO - [2023-08-15T21:57:51.211+0300] {dagbag.py:541} INFO - Filling up the DagBag from /mnt/kali/DataHunt/venv/lib/python3.11/site-packages/airflow/example_dags/example_xcomargs.py
[2023-08-15T21:57:51.245+0300] {processor.py:836} INFO - DAG(s) dict_keys(['example_xcom_args_with_operators', 'example_xcom_args']) retrieved from /mnt/kali/DataHunt/venv/lib/python3.11/site-packages/airflow/example_dags/example_xcomargs.py
[2023-08-15T21:57:51.428+0300] {logging_mixin.py:150} INFO - [2023-08-15T21:57:51.427+0300] {dag.py:2742} INFO - Sync 2 DAGs
[2023-08-15T21:57:51.506+0300] {logging_mixin.py:150} INFO - [2023-08-15T21:57:51.505+0300] {dag.py:3504} INFO - Setting next_dagrun for example_xcom_args to None, run_after=None
[2023-08-15T21:57:51.518+0300] {logging_mixin.py:150} INFO - [2023-08-15T21:57:51.517+0300] {dag.py:3504} INFO - Setting next_dagrun for example_xcom_args_with_operators to None, run_after=None
[2023-08-15T21:57:51.605+0300] {processor.py:179} INFO - Processing /mnt/kali/DataHunt/venv/lib/python3.11/site-packages/airflow/example_dags/example_xcomargs.py took 0.410 seconds
