[2023-08-15T21:25:35.431+0300] {processor.py:157} INFO - Started process (PID=214570) to work on /mnt/kali/DataHunt/venv/lib/python3.11/site-packages/airflow/example_dags/example_setup_teardown_taskflow.py
[2023-08-15T21:25:35.433+0300] {processor.py:826} INFO - Processing file /mnt/kali/DataHunt/venv/lib/python3.11/site-packages/airflow/example_dags/example_setup_teardown_taskflow.py for tasks to queue
[2023-08-15T21:25:35.443+0300] {logging_mixin.py:150} INFO - [2023-08-15T21:25:35.438+0300] {dagbag.py:541} INFO - Filling up the DagBag from /mnt/kali/DataHunt/venv/lib/python3.11/site-packages/airflow/example_dags/example_setup_teardown_taskflow.py
[2023-08-15T21:25:35.455+0300] {processor.py:838} WARNING - No viable dags retrieved from /mnt/kali/DataHunt/venv/lib/python3.11/site-packages/airflow/example_dags/example_setup_teardown_taskflow.py
[2023-08-15T21:25:35.492+0300] {processor.py:179} INFO - Processing /mnt/kali/DataHunt/venv/lib/python3.11/site-packages/airflow/example_dags/example_setup_teardown_taskflow.py took 0.076 seconds
[2023-08-15T21:27:56.923+0300] {processor.py:157} INFO - Started process (PID=216296) to work on /mnt/kali/DataHunt/venv/lib/python3.11/site-packages/airflow/example_dags/example_setup_teardown_taskflow.py
[2023-08-15T21:27:56.932+0300] {processor.py:826} INFO - Processing file /mnt/kali/DataHunt/venv/lib/python3.11/site-packages/airflow/example_dags/example_setup_teardown_taskflow.py for tasks to queue
[2023-08-15T21:27:56.935+0300] {logging_mixin.py:150} INFO - [2023-08-15T21:27:56.934+0300] {dagbag.py:541} INFO - Filling up the DagBag from /mnt/kali/DataHunt/venv/lib/python3.11/site-packages/airflow/example_dags/example_setup_teardown_taskflow.py
[2023-08-15T21:27:56.954+0300] {processor.py:838} WARNING - No viable dags retrieved from /mnt/kali/DataHunt/venv/lib/python3.11/site-packages/airflow/example_dags/example_setup_teardown_taskflow.py
[2023-08-15T21:27:57.082+0300] {processor.py:179} INFO - Processing /mnt/kali/DataHunt/venv/lib/python3.11/site-packages/airflow/example_dags/example_setup_teardown_taskflow.py took 0.171 seconds
[2023-08-15T21:29:30.191+0300] {processor.py:157} INFO - Started process (PID=217397) to work on /mnt/kali/DataHunt/venv/lib/python3.11/site-packages/airflow/example_dags/example_setup_teardown_taskflow.py
[2023-08-15T21:29:30.211+0300] {processor.py:826} INFO - Processing file /mnt/kali/DataHunt/venv/lib/python3.11/site-packages/airflow/example_dags/example_setup_teardown_taskflow.py for tasks to queue
[2023-08-15T21:29:30.215+0300] {logging_mixin.py:150} INFO - [2023-08-15T21:29:30.213+0300] {dagbag.py:541} INFO - Filling up the DagBag from /mnt/kali/DataHunt/venv/lib/python3.11/site-packages/airflow/example_dags/example_setup_teardown_taskflow.py
[2023-08-15T21:29:30.248+0300] {processor.py:838} WARNING - No viable dags retrieved from /mnt/kali/DataHunt/venv/lib/python3.11/site-packages/airflow/example_dags/example_setup_teardown_taskflow.py
[2023-08-15T21:29:30.337+0300] {processor.py:179} INFO - Processing /mnt/kali/DataHunt/venv/lib/python3.11/site-packages/airflow/example_dags/example_setup_teardown_taskflow.py took 0.172 seconds
[2023-08-15T21:47:33.713+0300] {processor.py:157} INFO - Started process (PID=233739) to work on /mnt/kali/DataHunt/venv/lib/python3.11/site-packages/airflow/example_dags/example_setup_teardown_taskflow.py
[2023-08-15T21:47:33.785+0300] {processor.py:826} INFO - Processing file /mnt/kali/DataHunt/venv/lib/python3.11/site-packages/airflow/example_dags/example_setup_teardown_taskflow.py for tasks to queue
[2023-08-15T21:47:33.787+0300] {logging_mixin.py:150} INFO - [2023-08-15T21:47:33.786+0300] {dagbag.py:541} INFO - Filling up the DagBag from /mnt/kali/DataHunt/venv/lib/python3.11/site-packages/airflow/example_dags/example_setup_teardown_taskflow.py
[2023-08-15T21:47:33.795+0300] {processor.py:838} WARNING - No viable dags retrieved from /mnt/kali/DataHunt/venv/lib/python3.11/site-packages/airflow/example_dags/example_setup_teardown_taskflow.py
[2023-08-15T21:47:33.854+0300] {processor.py:179} INFO - Processing /mnt/kali/DataHunt/venv/lib/python3.11/site-packages/airflow/example_dags/example_setup_teardown_taskflow.py took 0.149 seconds
[2023-08-15T21:48:04.865+0300] {processor.py:157} INFO - Started process (PID=234125) to work on /mnt/kali/DataHunt/venv/lib/python3.11/site-packages/airflow/example_dags/example_setup_teardown_taskflow.py
[2023-08-15T21:48:04.867+0300] {processor.py:826} INFO - Processing file /mnt/kali/DataHunt/venv/lib/python3.11/site-packages/airflow/example_dags/example_setup_teardown_taskflow.py for tasks to queue
[2023-08-15T21:48:04.869+0300] {logging_mixin.py:150} INFO - [2023-08-15T21:48:04.868+0300] {dagbag.py:541} INFO - Filling up the DagBag from /mnt/kali/DataHunt/venv/lib/python3.11/site-packages/airflow/example_dags/example_setup_teardown_taskflow.py
[2023-08-15T21:48:04.878+0300] {processor.py:838} WARNING - No viable dags retrieved from /mnt/kali/DataHunt/venv/lib/python3.11/site-packages/airflow/example_dags/example_setup_teardown_taskflow.py
[2023-08-15T21:48:04.966+0300] {processor.py:179} INFO - Processing /mnt/kali/DataHunt/venv/lib/python3.11/site-packages/airflow/example_dags/example_setup_teardown_taskflow.py took 0.115 seconds
[2023-08-15T21:48:35.612+0300] {processor.py:157} INFO - Started process (PID=234716) to work on /mnt/kali/DataHunt/venv/lib/python3.11/site-packages/airflow/example_dags/example_setup_teardown_taskflow.py
[2023-08-15T21:48:35.623+0300] {processor.py:826} INFO - Processing file /mnt/kali/DataHunt/venv/lib/python3.11/site-packages/airflow/example_dags/example_setup_teardown_taskflow.py for tasks to queue
[2023-08-15T21:48:35.638+0300] {logging_mixin.py:150} INFO - [2023-08-15T21:48:35.637+0300] {dagbag.py:541} INFO - Filling up the DagBag from /mnt/kali/DataHunt/venv/lib/python3.11/site-packages/airflow/example_dags/example_setup_teardown_taskflow.py
[2023-08-15T21:48:35.661+0300] {processor.py:838} WARNING - No viable dags retrieved from /mnt/kali/DataHunt/venv/lib/python3.11/site-packages/airflow/example_dags/example_setup_teardown_taskflow.py
[2023-08-15T21:48:35.796+0300] {processor.py:179} INFO - Processing /mnt/kali/DataHunt/venv/lib/python3.11/site-packages/airflow/example_dags/example_setup_teardown_taskflow.py took 0.200 seconds
[2023-08-15T21:49:11.522+0300] {processor.py:157} INFO - Started process (PID=235175) to work on /mnt/kali/DataHunt/venv/lib/python3.11/site-packages/airflow/example_dags/example_setup_teardown_taskflow.py
[2023-08-15T21:49:11.526+0300] {processor.py:826} INFO - Processing file /mnt/kali/DataHunt/venv/lib/python3.11/site-packages/airflow/example_dags/example_setup_teardown_taskflow.py for tasks to queue
[2023-08-15T21:49:11.545+0300] {logging_mixin.py:150} INFO - [2023-08-15T21:49:11.527+0300] {dagbag.py:541} INFO - Filling up the DagBag from /mnt/kali/DataHunt/venv/lib/python3.11/site-packages/airflow/example_dags/example_setup_teardown_taskflow.py
[2023-08-15T21:49:11.553+0300] {processor.py:838} WARNING - No viable dags retrieved from /mnt/kali/DataHunt/venv/lib/python3.11/site-packages/airflow/example_dags/example_setup_teardown_taskflow.py
[2023-08-15T21:49:11.760+0300] {processor.py:179} INFO - Processing /mnt/kali/DataHunt/venv/lib/python3.11/site-packages/airflow/example_dags/example_setup_teardown_taskflow.py took 0.266 seconds
[2023-08-15T21:49:42.054+0300] {processor.py:157} INFO - Started process (PID=235712) to work on /mnt/kali/DataHunt/venv/lib/python3.11/site-packages/airflow/example_dags/example_setup_teardown_taskflow.py
[2023-08-15T21:49:42.072+0300] {processor.py:826} INFO - Processing file /mnt/kali/DataHunt/venv/lib/python3.11/site-packages/airflow/example_dags/example_setup_teardown_taskflow.py for tasks to queue
[2023-08-15T21:49:42.074+0300] {logging_mixin.py:150} INFO - [2023-08-15T21:49:42.073+0300] {dagbag.py:541} INFO - Filling up the DagBag from /mnt/kali/DataHunt/venv/lib/python3.11/site-packages/airflow/example_dags/example_setup_teardown_taskflow.py
[2023-08-15T21:49:42.110+0300] {processor.py:838} WARNING - No viable dags retrieved from /mnt/kali/DataHunt/venv/lib/python3.11/site-packages/airflow/example_dags/example_setup_teardown_taskflow.py
[2023-08-15T21:49:42.267+0300] {processor.py:179} INFO - Processing /mnt/kali/DataHunt/venv/lib/python3.11/site-packages/airflow/example_dags/example_setup_teardown_taskflow.py took 0.228 seconds
[2023-08-15T21:50:12.507+0300] {processor.py:157} INFO - Started process (PID=236048) to work on /mnt/kali/DataHunt/venv/lib/python3.11/site-packages/airflow/example_dags/example_setup_teardown_taskflow.py
[2023-08-15T21:50:12.510+0300] {processor.py:826} INFO - Processing file /mnt/kali/DataHunt/venv/lib/python3.11/site-packages/airflow/example_dags/example_setup_teardown_taskflow.py for tasks to queue
[2023-08-15T21:50:12.513+0300] {logging_mixin.py:150} INFO - [2023-08-15T21:50:12.511+0300] {dagbag.py:541} INFO - Filling up the DagBag from /mnt/kali/DataHunt/venv/lib/python3.11/site-packages/airflow/example_dags/example_setup_teardown_taskflow.py
[2023-08-15T21:50:12.520+0300] {processor.py:838} WARNING - No viable dags retrieved from /mnt/kali/DataHunt/venv/lib/python3.11/site-packages/airflow/example_dags/example_setup_teardown_taskflow.py
[2023-08-15T21:50:12.606+0300] {processor.py:179} INFO - Processing /mnt/kali/DataHunt/venv/lib/python3.11/site-packages/airflow/example_dags/example_setup_teardown_taskflow.py took 0.111 seconds
[2023-08-15T21:50:50.044+0300] {processor.py:157} INFO - Started process (PID=236568) to work on /mnt/kali/DataHunt/venv/lib/python3.11/site-packages/airflow/example_dags/example_setup_teardown_taskflow.py
[2023-08-15T21:50:50.058+0300] {processor.py:826} INFO - Processing file /mnt/kali/DataHunt/venv/lib/python3.11/site-packages/airflow/example_dags/example_setup_teardown_taskflow.py for tasks to queue
[2023-08-15T21:50:50.061+0300] {logging_mixin.py:150} INFO - [2023-08-15T21:50:50.060+0300] {dagbag.py:541} INFO - Filling up the DagBag from /mnt/kali/DataHunt/venv/lib/python3.11/site-packages/airflow/example_dags/example_setup_teardown_taskflow.py
[2023-08-15T21:50:50.101+0300] {processor.py:838} WARNING - No viable dags retrieved from /mnt/kali/DataHunt/venv/lib/python3.11/site-packages/airflow/example_dags/example_setup_teardown_taskflow.py
[2023-08-15T21:50:50.287+0300] {processor.py:179} INFO - Processing /mnt/kali/DataHunt/venv/lib/python3.11/site-packages/airflow/example_dags/example_setup_teardown_taskflow.py took 0.267 seconds
[2023-08-15T21:51:20.909+0300] {processor.py:157} INFO - Started process (PID=236966) to work on /mnt/kali/DataHunt/venv/lib/python3.11/site-packages/airflow/example_dags/example_setup_teardown_taskflow.py
[2023-08-15T21:51:20.911+0300] {processor.py:826} INFO - Processing file /mnt/kali/DataHunt/venv/lib/python3.11/site-packages/airflow/example_dags/example_setup_teardown_taskflow.py for tasks to queue
[2023-08-15T21:51:20.914+0300] {logging_mixin.py:150} INFO - [2023-08-15T21:51:20.912+0300] {dagbag.py:541} INFO - Filling up the DagBag from /mnt/kali/DataHunt/venv/lib/python3.11/site-packages/airflow/example_dags/example_setup_teardown_taskflow.py
[2023-08-15T21:51:20.921+0300] {processor.py:838} WARNING - No viable dags retrieved from /mnt/kali/DataHunt/venv/lib/python3.11/site-packages/airflow/example_dags/example_setup_teardown_taskflow.py
[2023-08-15T21:51:21.001+0300] {processor.py:179} INFO - Processing /mnt/kali/DataHunt/venv/lib/python3.11/site-packages/airflow/example_dags/example_setup_teardown_taskflow.py took 0.103 seconds
[2023-08-15T21:51:51.841+0300] {processor.py:157} INFO - Started process (PID=237700) to work on /mnt/kali/DataHunt/venv/lib/python3.11/site-packages/airflow/example_dags/example_setup_teardown_taskflow.py
[2023-08-15T21:51:51.858+0300] {processor.py:826} INFO - Processing file /mnt/kali/DataHunt/venv/lib/python3.11/site-packages/airflow/example_dags/example_setup_teardown_taskflow.py for tasks to queue
[2023-08-15T21:51:51.861+0300] {logging_mixin.py:150} INFO - [2023-08-15T21:51:51.860+0300] {dagbag.py:541} INFO - Filling up the DagBag from /mnt/kali/DataHunt/venv/lib/python3.11/site-packages/airflow/example_dags/example_setup_teardown_taskflow.py
[2023-08-15T21:51:51.867+0300] {processor.py:838} WARNING - No viable dags retrieved from /mnt/kali/DataHunt/venv/lib/python3.11/site-packages/airflow/example_dags/example_setup_teardown_taskflow.py
[2023-08-15T21:51:51.927+0300] {processor.py:179} INFO - Processing /mnt/kali/DataHunt/venv/lib/python3.11/site-packages/airflow/example_dags/example_setup_teardown_taskflow.py took 0.098 seconds
[2023-08-15T21:52:22.291+0300] {processor.py:157} INFO - Started process (PID=238079) to work on /mnt/kali/DataHunt/venv/lib/python3.11/site-packages/airflow/example_dags/example_setup_teardown_taskflow.py
[2023-08-15T21:52:22.293+0300] {processor.py:826} INFO - Processing file /mnt/kali/DataHunt/venv/lib/python3.11/site-packages/airflow/example_dags/example_setup_teardown_taskflow.py for tasks to queue
[2023-08-15T21:52:22.296+0300] {logging_mixin.py:150} INFO - [2023-08-15T21:52:22.295+0300] {dagbag.py:541} INFO - Filling up the DagBag from /mnt/kali/DataHunt/venv/lib/python3.11/site-packages/airflow/example_dags/example_setup_teardown_taskflow.py
[2023-08-15T21:52:22.306+0300] {processor.py:838} WARNING - No viable dags retrieved from /mnt/kali/DataHunt/venv/lib/python3.11/site-packages/airflow/example_dags/example_setup_teardown_taskflow.py
[2023-08-15T21:52:22.410+0300] {processor.py:179} INFO - Processing /mnt/kali/DataHunt/venv/lib/python3.11/site-packages/airflow/example_dags/example_setup_teardown_taskflow.py took 0.128 seconds
[2023-08-15T21:52:52.623+0300] {processor.py:157} INFO - Started process (PID=238435) to work on /mnt/kali/DataHunt/venv/lib/python3.11/site-packages/airflow/example_dags/example_setup_teardown_taskflow.py
[2023-08-15T21:52:52.625+0300] {processor.py:826} INFO - Processing file /mnt/kali/DataHunt/venv/lib/python3.11/site-packages/airflow/example_dags/example_setup_teardown_taskflow.py for tasks to queue
[2023-08-15T21:52:52.628+0300] {logging_mixin.py:150} INFO - [2023-08-15T21:52:52.627+0300] {dagbag.py:541} INFO - Filling up the DagBag from /mnt/kali/DataHunt/venv/lib/python3.11/site-packages/airflow/example_dags/example_setup_teardown_taskflow.py
[2023-08-15T21:52:52.634+0300] {processor.py:838} WARNING - No viable dags retrieved from /mnt/kali/DataHunt/venv/lib/python3.11/site-packages/airflow/example_dags/example_setup_teardown_taskflow.py
[2023-08-15T21:52:52.692+0300] {processor.py:179} INFO - Processing /mnt/kali/DataHunt/venv/lib/python3.11/site-packages/airflow/example_dags/example_setup_teardown_taskflow.py took 0.078 seconds
[2023-08-15T21:53:24.839+0300] {processor.py:157} INFO - Started process (PID=239017) to work on /mnt/kali/DataHunt/venv/lib/python3.11/site-packages/airflow/example_dags/example_setup_teardown_taskflow.py
[2023-08-15T21:53:24.848+0300] {processor.py:826} INFO - Processing file /mnt/kali/DataHunt/venv/lib/python3.11/site-packages/airflow/example_dags/example_setup_teardown_taskflow.py for tasks to queue
[2023-08-15T21:53:24.850+0300] {logging_mixin.py:150} INFO - [2023-08-15T21:53:24.849+0300] {dagbag.py:541} INFO - Filling up the DagBag from /mnt/kali/DataHunt/venv/lib/python3.11/site-packages/airflow/example_dags/example_setup_teardown_taskflow.py
[2023-08-15T21:53:24.868+0300] {processor.py:838} WARNING - No viable dags retrieved from /mnt/kali/DataHunt/venv/lib/python3.11/site-packages/airflow/example_dags/example_setup_teardown_taskflow.py
[2023-08-15T21:53:24.973+0300] {processor.py:179} INFO - Processing /mnt/kali/DataHunt/venv/lib/python3.11/site-packages/airflow/example_dags/example_setup_teardown_taskflow.py took 0.147 seconds
[2023-08-15T21:53:57.494+0300] {processor.py:157} INFO - Started process (PID=239476) to work on /mnt/kali/DataHunt/venv/lib/python3.11/site-packages/airflow/example_dags/example_setup_teardown_taskflow.py
[2023-08-15T21:53:57.496+0300] {processor.py:826} INFO - Processing file /mnt/kali/DataHunt/venv/lib/python3.11/site-packages/airflow/example_dags/example_setup_teardown_taskflow.py for tasks to queue
[2023-08-15T21:53:57.498+0300] {logging_mixin.py:150} INFO - [2023-08-15T21:53:57.497+0300] {dagbag.py:541} INFO - Filling up the DagBag from /mnt/kali/DataHunt/venv/lib/python3.11/site-packages/airflow/example_dags/example_setup_teardown_taskflow.py
[2023-08-15T21:53:57.505+0300] {processor.py:838} WARNING - No viable dags retrieved from /mnt/kali/DataHunt/venv/lib/python3.11/site-packages/airflow/example_dags/example_setup_teardown_taskflow.py
[2023-08-15T21:53:57.591+0300] {processor.py:179} INFO - Processing /mnt/kali/DataHunt/venv/lib/python3.11/site-packages/airflow/example_dags/example_setup_teardown_taskflow.py took 0.120 seconds
[2023-08-15T21:54:28.212+0300] {processor.py:157} INFO - Started process (PID=240002) to work on /mnt/kali/DataHunt/venv/lib/python3.11/site-packages/airflow/example_dags/example_setup_teardown_taskflow.py
[2023-08-15T21:54:28.221+0300] {processor.py:826} INFO - Processing file /mnt/kali/DataHunt/venv/lib/python3.11/site-packages/airflow/example_dags/example_setup_teardown_taskflow.py for tasks to queue
[2023-08-15T21:54:28.225+0300] {logging_mixin.py:150} INFO - [2023-08-15T21:54:28.224+0300] {dagbag.py:541} INFO - Filling up the DagBag from /mnt/kali/DataHunt/venv/lib/python3.11/site-packages/airflow/example_dags/example_setup_teardown_taskflow.py
[2023-08-15T21:54:28.233+0300] {processor.py:838} WARNING - No viable dags retrieved from /mnt/kali/DataHunt/venv/lib/python3.11/site-packages/airflow/example_dags/example_setup_teardown_taskflow.py
[2023-08-15T21:54:28.377+0300] {processor.py:179} INFO - Processing /mnt/kali/DataHunt/venv/lib/python3.11/site-packages/airflow/example_dags/example_setup_teardown_taskflow.py took 0.202 seconds
[2023-08-15T21:55:00.247+0300] {processor.py:157} INFO - Started process (PID=240389) to work on /mnt/kali/DataHunt/venv/lib/python3.11/site-packages/airflow/example_dags/example_setup_teardown_taskflow.py
[2023-08-15T21:55:00.310+0300] {processor.py:826} INFO - Processing file /mnt/kali/DataHunt/venv/lib/python3.11/site-packages/airflow/example_dags/example_setup_teardown_taskflow.py for tasks to queue
[2023-08-15T21:55:00.313+0300] {logging_mixin.py:150} INFO - [2023-08-15T21:55:00.312+0300] {dagbag.py:541} INFO - Filling up the DagBag from /mnt/kali/DataHunt/venv/lib/python3.11/site-packages/airflow/example_dags/example_setup_teardown_taskflow.py
[2023-08-15T21:55:00.323+0300] {processor.py:838} WARNING - No viable dags retrieved from /mnt/kali/DataHunt/venv/lib/python3.11/site-packages/airflow/example_dags/example_setup_teardown_taskflow.py
[2023-08-15T21:55:00.432+0300] {processor.py:179} INFO - Processing /mnt/kali/DataHunt/venv/lib/python3.11/site-packages/airflow/example_dags/example_setup_teardown_taskflow.py took 0.199 seconds
[2023-08-15T21:55:31.728+0300] {processor.py:157} INFO - Started process (PID=240824) to work on /mnt/kali/DataHunt/venv/lib/python3.11/site-packages/airflow/example_dags/example_setup_teardown_taskflow.py
[2023-08-15T21:55:31.738+0300] {processor.py:826} INFO - Processing file /mnt/kali/DataHunt/venv/lib/python3.11/site-packages/airflow/example_dags/example_setup_teardown_taskflow.py for tasks to queue
[2023-08-15T21:55:31.743+0300] {logging_mixin.py:150} INFO - [2023-08-15T21:55:31.740+0300] {dagbag.py:541} INFO - Filling up the DagBag from /mnt/kali/DataHunt/venv/lib/python3.11/site-packages/airflow/example_dags/example_setup_teardown_taskflow.py
[2023-08-15T21:55:31.759+0300] {processor.py:838} WARNING - No viable dags retrieved from /mnt/kali/DataHunt/venv/lib/python3.11/site-packages/airflow/example_dags/example_setup_teardown_taskflow.py
[2023-08-15T21:55:31.956+0300] {processor.py:179} INFO - Processing /mnt/kali/DataHunt/venv/lib/python3.11/site-packages/airflow/example_dags/example_setup_teardown_taskflow.py took 0.367 seconds
[2023-08-15T21:56:03.297+0300] {processor.py:157} INFO - Started process (PID=241264) to work on /mnt/kali/DataHunt/venv/lib/python3.11/site-packages/airflow/example_dags/example_setup_teardown_taskflow.py
[2023-08-15T21:56:03.349+0300] {processor.py:826} INFO - Processing file /mnt/kali/DataHunt/venv/lib/python3.11/site-packages/airflow/example_dags/example_setup_teardown_taskflow.py for tasks to queue
[2023-08-15T21:56:03.352+0300] {logging_mixin.py:150} INFO - [2023-08-15T21:56:03.351+0300] {dagbag.py:541} INFO - Filling up the DagBag from /mnt/kali/DataHunt/venv/lib/python3.11/site-packages/airflow/example_dags/example_setup_teardown_taskflow.py
[2023-08-15T21:56:03.361+0300] {processor.py:838} WARNING - No viable dags retrieved from /mnt/kali/DataHunt/venv/lib/python3.11/site-packages/airflow/example_dags/example_setup_teardown_taskflow.py
[2023-08-15T21:56:03.675+0300] {processor.py:179} INFO - Processing /mnt/kali/DataHunt/venv/lib/python3.11/site-packages/airflow/example_dags/example_setup_teardown_taskflow.py took 0.409 seconds
[2023-08-15T21:56:34.637+0300] {processor.py:157} INFO - Started process (PID=241825) to work on /mnt/kali/DataHunt/venv/lib/python3.11/site-packages/airflow/example_dags/example_setup_teardown_taskflow.py
[2023-08-15T21:56:34.679+0300] {processor.py:826} INFO - Processing file /mnt/kali/DataHunt/venv/lib/python3.11/site-packages/airflow/example_dags/example_setup_teardown_taskflow.py for tasks to queue
[2023-08-15T21:56:34.681+0300] {logging_mixin.py:150} INFO - [2023-08-15T21:56:34.680+0300] {dagbag.py:541} INFO - Filling up the DagBag from /mnt/kali/DataHunt/venv/lib/python3.11/site-packages/airflow/example_dags/example_setup_teardown_taskflow.py
[2023-08-15T21:56:34.687+0300] {processor.py:838} WARNING - No viable dags retrieved from /mnt/kali/DataHunt/venv/lib/python3.11/site-packages/airflow/example_dags/example_setup_teardown_taskflow.py
[2023-08-15T21:56:34.836+0300] {processor.py:179} INFO - Processing /mnt/kali/DataHunt/venv/lib/python3.11/site-packages/airflow/example_dags/example_setup_teardown_taskflow.py took 0.229 seconds
[2023-08-15T21:57:04.954+0300] {processor.py:157} INFO - Started process (PID=242421) to work on /mnt/kali/DataHunt/venv/lib/python3.11/site-packages/airflow/example_dags/example_setup_teardown_taskflow.py
[2023-08-15T21:57:04.968+0300] {processor.py:826} INFO - Processing file /mnt/kali/DataHunt/venv/lib/python3.11/site-packages/airflow/example_dags/example_setup_teardown_taskflow.py for tasks to queue
[2023-08-15T21:57:04.971+0300] {logging_mixin.py:150} INFO - [2023-08-15T21:57:04.970+0300] {dagbag.py:541} INFO - Filling up the DagBag from /mnt/kali/DataHunt/venv/lib/python3.11/site-packages/airflow/example_dags/example_setup_teardown_taskflow.py
[2023-08-15T21:57:04.985+0300] {processor.py:838} WARNING - No viable dags retrieved from /mnt/kali/DataHunt/venv/lib/python3.11/site-packages/airflow/example_dags/example_setup_teardown_taskflow.py
[2023-08-15T21:57:05.104+0300] {processor.py:179} INFO - Processing /mnt/kali/DataHunt/venv/lib/python3.11/site-packages/airflow/example_dags/example_setup_teardown_taskflow.py took 0.168 seconds
[2023-08-15T21:57:35.236+0300] {processor.py:157} INFO - Started process (PID=242899) to work on /mnt/kali/DataHunt/venv/lib/python3.11/site-packages/airflow/example_dags/example_setup_teardown_taskflow.py
[2023-08-15T21:57:35.245+0300] {processor.py:826} INFO - Processing file /mnt/kali/DataHunt/venv/lib/python3.11/site-packages/airflow/example_dags/example_setup_teardown_taskflow.py for tasks to queue
[2023-08-15T21:57:35.249+0300] {logging_mixin.py:150} INFO - [2023-08-15T21:57:35.248+0300] {dagbag.py:541} INFO - Filling up the DagBag from /mnt/kali/DataHunt/venv/lib/python3.11/site-packages/airflow/example_dags/example_setup_teardown_taskflow.py
[2023-08-15T21:57:35.261+0300] {processor.py:838} WARNING - No viable dags retrieved from /mnt/kali/DataHunt/venv/lib/python3.11/site-packages/airflow/example_dags/example_setup_teardown_taskflow.py
[2023-08-15T21:57:35.374+0300] {processor.py:179} INFO - Processing /mnt/kali/DataHunt/venv/lib/python3.11/site-packages/airflow/example_dags/example_setup_teardown_taskflow.py took 0.150 seconds
[2023-08-15T21:58:06.206+0300] {processor.py:157} INFO - Started process (PID=243341) to work on /mnt/kali/DataHunt/venv/lib/python3.11/site-packages/airflow/example_dags/example_setup_teardown_taskflow.py
[2023-08-15T21:58:06.213+0300] {processor.py:826} INFO - Processing file /mnt/kali/DataHunt/venv/lib/python3.11/site-packages/airflow/example_dags/example_setup_teardown_taskflow.py for tasks to queue
[2023-08-15T21:58:06.217+0300] {logging_mixin.py:150} INFO - [2023-08-15T21:58:06.215+0300] {dagbag.py:541} INFO - Filling up the DagBag from /mnt/kali/DataHunt/venv/lib/python3.11/site-packages/airflow/example_dags/example_setup_teardown_taskflow.py
[2023-08-15T21:58:06.238+0300] {processor.py:838} WARNING - No viable dags retrieved from /mnt/kali/DataHunt/venv/lib/python3.11/site-packages/airflow/example_dags/example_setup_teardown_taskflow.py
[2023-08-15T21:58:06.396+0300] {processor.py:179} INFO - Processing /mnt/kali/DataHunt/venv/lib/python3.11/site-packages/airflow/example_dags/example_setup_teardown_taskflow.py took 0.206 seconds
[2023-08-15T21:58:36.866+0300] {processor.py:157} INFO - Started process (PID=243745) to work on /mnt/kali/DataHunt/venv/lib/python3.11/site-packages/airflow/example_dags/example_setup_teardown_taskflow.py
[2023-08-15T21:58:36.872+0300] {processor.py:826} INFO - Processing file /mnt/kali/DataHunt/venv/lib/python3.11/site-packages/airflow/example_dags/example_setup_teardown_taskflow.py for tasks to queue
[2023-08-15T21:58:36.881+0300] {logging_mixin.py:150} INFO - [2023-08-15T21:58:36.874+0300] {dagbag.py:541} INFO - Filling up the DagBag from /mnt/kali/DataHunt/venv/lib/python3.11/site-packages/airflow/example_dags/example_setup_teardown_taskflow.py
[2023-08-15T21:58:36.902+0300] {processor.py:838} WARNING - No viable dags retrieved from /mnt/kali/DataHunt/venv/lib/python3.11/site-packages/airflow/example_dags/example_setup_teardown_taskflow.py
[2023-08-15T21:58:37.161+0300] {processor.py:179} INFO - Processing /mnt/kali/DataHunt/venv/lib/python3.11/site-packages/airflow/example_dags/example_setup_teardown_taskflow.py took 0.323 seconds
[2023-08-15T21:59:07.794+0300] {processor.py:157} INFO - Started process (PID=244293) to work on /mnt/kali/DataHunt/venv/lib/python3.11/site-packages/airflow/example_dags/example_setup_teardown_taskflow.py
[2023-08-15T21:59:07.802+0300] {processor.py:826} INFO - Processing file /mnt/kali/DataHunt/venv/lib/python3.11/site-packages/airflow/example_dags/example_setup_teardown_taskflow.py for tasks to queue
[2023-08-15T21:59:07.804+0300] {logging_mixin.py:150} INFO - [2023-08-15T21:59:07.803+0300] {dagbag.py:541} INFO - Filling up the DagBag from /mnt/kali/DataHunt/venv/lib/python3.11/site-packages/airflow/example_dags/example_setup_teardown_taskflow.py
[2023-08-15T21:59:07.813+0300] {processor.py:838} WARNING - No viable dags retrieved from /mnt/kali/DataHunt/venv/lib/python3.11/site-packages/airflow/example_dags/example_setup_teardown_taskflow.py
[2023-08-15T21:59:07.908+0300] {processor.py:179} INFO - Processing /mnt/kali/DataHunt/venv/lib/python3.11/site-packages/airflow/example_dags/example_setup_teardown_taskflow.py took 0.131 seconds
[2023-08-15T21:59:38.070+0300] {processor.py:157} INFO - Started process (PID=244826) to work on /mnt/kali/DataHunt/venv/lib/python3.11/site-packages/airflow/example_dags/example_setup_teardown_taskflow.py
[2023-08-15T21:59:38.090+0300] {processor.py:826} INFO - Processing file /mnt/kali/DataHunt/venv/lib/python3.11/site-packages/airflow/example_dags/example_setup_teardown_taskflow.py for tasks to queue
[2023-08-15T21:59:38.112+0300] {logging_mixin.py:150} INFO - [2023-08-15T21:59:38.111+0300] {dagbag.py:541} INFO - Filling up the DagBag from /mnt/kali/DataHunt/venv/lib/python3.11/site-packages/airflow/example_dags/example_setup_teardown_taskflow.py
[2023-08-15T21:59:38.126+0300] {processor.py:838} WARNING - No viable dags retrieved from /mnt/kali/DataHunt/venv/lib/python3.11/site-packages/airflow/example_dags/example_setup_teardown_taskflow.py
[2023-08-15T21:59:38.235+0300] {processor.py:179} INFO - Processing /mnt/kali/DataHunt/venv/lib/python3.11/site-packages/airflow/example_dags/example_setup_teardown_taskflow.py took 0.179 seconds
[2023-08-15T22:00:08.799+0300] {processor.py:157} INFO - Started process (PID=245215) to work on /mnt/kali/DataHunt/venv/lib/python3.11/site-packages/airflow/example_dags/example_setup_teardown_taskflow.py
[2023-08-15T22:00:08.804+0300] {processor.py:826} INFO - Processing file /mnt/kali/DataHunt/venv/lib/python3.11/site-packages/airflow/example_dags/example_setup_teardown_taskflow.py for tasks to queue
[2023-08-15T22:00:08.807+0300] {logging_mixin.py:150} INFO - [2023-08-15T22:00:08.806+0300] {dagbag.py:541} INFO - Filling up the DagBag from /mnt/kali/DataHunt/venv/lib/python3.11/site-packages/airflow/example_dags/example_setup_teardown_taskflow.py
[2023-08-15T22:00:08.828+0300] {processor.py:838} WARNING - No viable dags retrieved from /mnt/kali/DataHunt/venv/lib/python3.11/site-packages/airflow/example_dags/example_setup_teardown_taskflow.py
[2023-08-15T22:00:08.946+0300] {processor.py:179} INFO - Processing /mnt/kali/DataHunt/venv/lib/python3.11/site-packages/airflow/example_dags/example_setup_teardown_taskflow.py took 0.160 seconds
[2023-08-15T22:00:39.510+0300] {processor.py:157} INFO - Started process (PID=245602) to work on /mnt/kali/DataHunt/venv/lib/python3.11/site-packages/airflow/example_dags/example_setup_teardown_taskflow.py
[2023-08-15T22:00:39.513+0300] {processor.py:826} INFO - Processing file /mnt/kali/DataHunt/venv/lib/python3.11/site-packages/airflow/example_dags/example_setup_teardown_taskflow.py for tasks to queue
[2023-08-15T22:00:39.515+0300] {logging_mixin.py:150} INFO - [2023-08-15T22:00:39.514+0300] {dagbag.py:541} INFO - Filling up the DagBag from /mnt/kali/DataHunt/venv/lib/python3.11/site-packages/airflow/example_dags/example_setup_teardown_taskflow.py
[2023-08-15T22:00:39.523+0300] {processor.py:838} WARNING - No viable dags retrieved from /mnt/kali/DataHunt/venv/lib/python3.11/site-packages/airflow/example_dags/example_setup_teardown_taskflow.py
[2023-08-15T22:00:39.640+0300] {processor.py:179} INFO - Processing /mnt/kali/DataHunt/venv/lib/python3.11/site-packages/airflow/example_dags/example_setup_teardown_taskflow.py took 0.143 seconds
[2023-08-15T22:01:10.305+0300] {processor.py:157} INFO - Started process (PID=246025) to work on /mnt/kali/DataHunt/venv/lib/python3.11/site-packages/airflow/example_dags/example_setup_teardown_taskflow.py
[2023-08-15T22:01:10.414+0300] {processor.py:826} INFO - Processing file /mnt/kali/DataHunt/venv/lib/python3.11/site-packages/airflow/example_dags/example_setup_teardown_taskflow.py for tasks to queue
[2023-08-15T22:01:10.416+0300] {logging_mixin.py:150} INFO - [2023-08-15T22:01:10.415+0300] {dagbag.py:541} INFO - Filling up the DagBag from /mnt/kali/DataHunt/venv/lib/python3.11/site-packages/airflow/example_dags/example_setup_teardown_taskflow.py
[2023-08-15T22:01:10.425+0300] {processor.py:838} WARNING - No viable dags retrieved from /mnt/kali/DataHunt/venv/lib/python3.11/site-packages/airflow/example_dags/example_setup_teardown_taskflow.py
[2023-08-15T22:01:10.545+0300] {processor.py:179} INFO - Processing /mnt/kali/DataHunt/venv/lib/python3.11/site-packages/airflow/example_dags/example_setup_teardown_taskflow.py took 0.252 seconds
[2023-08-15T22:01:41.421+0300] {processor.py:157} INFO - Started process (PID=246525) to work on /mnt/kali/DataHunt/venv/lib/python3.11/site-packages/airflow/example_dags/example_setup_teardown_taskflow.py
[2023-08-15T22:01:41.424+0300] {processor.py:826} INFO - Processing file /mnt/kali/DataHunt/venv/lib/python3.11/site-packages/airflow/example_dags/example_setup_teardown_taskflow.py for tasks to queue
[2023-08-15T22:01:41.427+0300] {logging_mixin.py:150} INFO - [2023-08-15T22:01:41.425+0300] {dagbag.py:541} INFO - Filling up the DagBag from /mnt/kali/DataHunt/venv/lib/python3.11/site-packages/airflow/example_dags/example_setup_teardown_taskflow.py
[2023-08-15T22:01:41.463+0300] {processor.py:838} WARNING - No viable dags retrieved from /mnt/kali/DataHunt/venv/lib/python3.11/site-packages/airflow/example_dags/example_setup_teardown_taskflow.py
[2023-08-15T22:01:41.613+0300] {processor.py:179} INFO - Processing /mnt/kali/DataHunt/venv/lib/python3.11/site-packages/airflow/example_dags/example_setup_teardown_taskflow.py took 0.232 seconds
[2023-08-15T22:02:12.248+0300] {processor.py:157} INFO - Started process (PID=247044) to work on /mnt/kali/DataHunt/venv/lib/python3.11/site-packages/airflow/example_dags/example_setup_teardown_taskflow.py
[2023-08-15T22:02:12.250+0300] {processor.py:826} INFO - Processing file /mnt/kali/DataHunt/venv/lib/python3.11/site-packages/airflow/example_dags/example_setup_teardown_taskflow.py for tasks to queue
[2023-08-15T22:02:12.252+0300] {logging_mixin.py:150} INFO - [2023-08-15T22:02:12.251+0300] {dagbag.py:541} INFO - Filling up the DagBag from /mnt/kali/DataHunt/venv/lib/python3.11/site-packages/airflow/example_dags/example_setup_teardown_taskflow.py
[2023-08-15T22:02:12.260+0300] {processor.py:838} WARNING - No viable dags retrieved from /mnt/kali/DataHunt/venv/lib/python3.11/site-packages/airflow/example_dags/example_setup_teardown_taskflow.py
[2023-08-15T22:02:12.417+0300] {processor.py:179} INFO - Processing /mnt/kali/DataHunt/venv/lib/python3.11/site-packages/airflow/example_dags/example_setup_teardown_taskflow.py took 0.182 seconds
[2023-08-15T22:02:43.008+0300] {processor.py:157} INFO - Started process (PID=247416) to work on /mnt/kali/DataHunt/venv/lib/python3.11/site-packages/airflow/example_dags/example_setup_teardown_taskflow.py
[2023-08-15T22:02:43.010+0300] {processor.py:826} INFO - Processing file /mnt/kali/DataHunt/venv/lib/python3.11/site-packages/airflow/example_dags/example_setup_teardown_taskflow.py for tasks to queue
[2023-08-15T22:02:43.016+0300] {logging_mixin.py:150} INFO - [2023-08-15T22:02:43.015+0300] {dagbag.py:541} INFO - Filling up the DagBag from /mnt/kali/DataHunt/venv/lib/python3.11/site-packages/airflow/example_dags/example_setup_teardown_taskflow.py
[2023-08-15T22:02:43.027+0300] {processor.py:838} WARNING - No viable dags retrieved from /mnt/kali/DataHunt/venv/lib/python3.11/site-packages/airflow/example_dags/example_setup_teardown_taskflow.py
[2023-08-15T22:02:43.249+0300] {processor.py:179} INFO - Processing /mnt/kali/DataHunt/venv/lib/python3.11/site-packages/airflow/example_dags/example_setup_teardown_taskflow.py took 0.295 seconds
[2023-08-15T22:03:13.377+0300] {processor.py:157} INFO - Started process (PID=247791) to work on /mnt/kali/DataHunt/venv/lib/python3.11/site-packages/airflow/example_dags/example_setup_teardown_taskflow.py
[2023-08-15T22:03:13.380+0300] {processor.py:826} INFO - Processing file /mnt/kali/DataHunt/venv/lib/python3.11/site-packages/airflow/example_dags/example_setup_teardown_taskflow.py for tasks to queue
[2023-08-15T22:03:13.382+0300] {logging_mixin.py:150} INFO - [2023-08-15T22:03:13.381+0300] {dagbag.py:541} INFO - Filling up the DagBag from /mnt/kali/DataHunt/venv/lib/python3.11/site-packages/airflow/example_dags/example_setup_teardown_taskflow.py
[2023-08-15T22:03:13.389+0300] {processor.py:838} WARNING - No viable dags retrieved from /mnt/kali/DataHunt/venv/lib/python3.11/site-packages/airflow/example_dags/example_setup_teardown_taskflow.py
[2023-08-15T22:03:13.475+0300] {processor.py:179} INFO - Processing /mnt/kali/DataHunt/venv/lib/python3.11/site-packages/airflow/example_dags/example_setup_teardown_taskflow.py took 0.110 seconds
[2023-08-15T22:03:44.301+0300] {processor.py:157} INFO - Started process (PID=248361) to work on /mnt/kali/DataHunt/venv/lib/python3.11/site-packages/airflow/example_dags/example_setup_teardown_taskflow.py
[2023-08-15T22:03:44.305+0300] {processor.py:826} INFO - Processing file /mnt/kali/DataHunt/venv/lib/python3.11/site-packages/airflow/example_dags/example_setup_teardown_taskflow.py for tasks to queue
[2023-08-15T22:03:44.308+0300] {logging_mixin.py:150} INFO - [2023-08-15T22:03:44.306+0300] {dagbag.py:541} INFO - Filling up the DagBag from /mnt/kali/DataHunt/venv/lib/python3.11/site-packages/airflow/example_dags/example_setup_teardown_taskflow.py
[2023-08-15T22:03:44.319+0300] {processor.py:838} WARNING - No viable dags retrieved from /mnt/kali/DataHunt/venv/lib/python3.11/site-packages/airflow/example_dags/example_setup_teardown_taskflow.py
[2023-08-15T22:03:44.430+0300] {processor.py:179} INFO - Processing /mnt/kali/DataHunt/venv/lib/python3.11/site-packages/airflow/example_dags/example_setup_teardown_taskflow.py took 0.151 seconds
[2023-08-15T22:04:15.543+0300] {processor.py:157} INFO - Started process (PID=248929) to work on /mnt/kali/DataHunt/venv/lib/python3.11/site-packages/airflow/example_dags/example_setup_teardown_taskflow.py
[2023-08-15T22:04:15.546+0300] {processor.py:826} INFO - Processing file /mnt/kali/DataHunt/venv/lib/python3.11/site-packages/airflow/example_dags/example_setup_teardown_taskflow.py for tasks to queue
[2023-08-15T22:04:15.549+0300] {logging_mixin.py:150} INFO - [2023-08-15T22:04:15.548+0300] {dagbag.py:541} INFO - Filling up the DagBag from /mnt/kali/DataHunt/venv/lib/python3.11/site-packages/airflow/example_dags/example_setup_teardown_taskflow.py
[2023-08-15T22:04:15.556+0300] {processor.py:838} WARNING - No viable dags retrieved from /mnt/kali/DataHunt/venv/lib/python3.11/site-packages/airflow/example_dags/example_setup_teardown_taskflow.py
[2023-08-15T22:04:15.702+0300] {processor.py:179} INFO - Processing /mnt/kali/DataHunt/venv/lib/python3.11/site-packages/airflow/example_dags/example_setup_teardown_taskflow.py took 0.174 seconds
[2023-08-15T22:04:46.909+0300] {processor.py:157} INFO - Started process (PID=249306) to work on /mnt/kali/DataHunt/venv/lib/python3.11/site-packages/airflow/example_dags/example_setup_teardown_taskflow.py
[2023-08-15T22:04:46.911+0300] {processor.py:826} INFO - Processing file /mnt/kali/DataHunt/venv/lib/python3.11/site-packages/airflow/example_dags/example_setup_teardown_taskflow.py for tasks to queue
[2023-08-15T22:04:46.914+0300] {logging_mixin.py:150} INFO - [2023-08-15T22:04:46.913+0300] {dagbag.py:541} INFO - Filling up the DagBag from /mnt/kali/DataHunt/venv/lib/python3.11/site-packages/airflow/example_dags/example_setup_teardown_taskflow.py
[2023-08-15T22:04:46.922+0300] {processor.py:838} WARNING - No viable dags retrieved from /mnt/kali/DataHunt/venv/lib/python3.11/site-packages/airflow/example_dags/example_setup_teardown_taskflow.py
[2023-08-15T22:04:47.023+0300] {processor.py:179} INFO - Processing /mnt/kali/DataHunt/venv/lib/python3.11/site-packages/airflow/example_dags/example_setup_teardown_taskflow.py took 0.128 seconds
[2023-08-15T22:05:17.230+0300] {processor.py:157} INFO - Started process (PID=249692) to work on /mnt/kali/DataHunt/venv/lib/python3.11/site-packages/airflow/example_dags/example_setup_teardown_taskflow.py
[2023-08-15T22:05:17.232+0300] {processor.py:826} INFO - Processing file /mnt/kali/DataHunt/venv/lib/python3.11/site-packages/airflow/example_dags/example_setup_teardown_taskflow.py for tasks to queue
[2023-08-15T22:05:17.235+0300] {logging_mixin.py:150} INFO - [2023-08-15T22:05:17.234+0300] {dagbag.py:541} INFO - Filling up the DagBag from /mnt/kali/DataHunt/venv/lib/python3.11/site-packages/airflow/example_dags/example_setup_teardown_taskflow.py
[2023-08-15T22:05:17.241+0300] {processor.py:838} WARNING - No viable dags retrieved from /mnt/kali/DataHunt/venv/lib/python3.11/site-packages/airflow/example_dags/example_setup_teardown_taskflow.py
[2023-08-15T22:05:17.301+0300] {processor.py:179} INFO - Processing /mnt/kali/DataHunt/venv/lib/python3.11/site-packages/airflow/example_dags/example_setup_teardown_taskflow.py took 0.083 seconds
[2023-08-15T22:05:48.393+0300] {processor.py:157} INFO - Started process (PID=250085) to work on /mnt/kali/DataHunt/venv/lib/python3.11/site-packages/airflow/example_dags/example_setup_teardown_taskflow.py
[2023-08-15T22:05:48.396+0300] {processor.py:826} INFO - Processing file /mnt/kali/DataHunt/venv/lib/python3.11/site-packages/airflow/example_dags/example_setup_teardown_taskflow.py for tasks to queue
[2023-08-15T22:05:48.399+0300] {logging_mixin.py:150} INFO - [2023-08-15T22:05:48.398+0300] {dagbag.py:541} INFO - Filling up the DagBag from /mnt/kali/DataHunt/venv/lib/python3.11/site-packages/airflow/example_dags/example_setup_teardown_taskflow.py
[2023-08-15T22:05:48.407+0300] {processor.py:838} WARNING - No viable dags retrieved from /mnt/kali/DataHunt/venv/lib/python3.11/site-packages/airflow/example_dags/example_setup_teardown_taskflow.py
[2023-08-15T22:05:48.495+0300] {processor.py:179} INFO - Processing /mnt/kali/DataHunt/venv/lib/python3.11/site-packages/airflow/example_dags/example_setup_teardown_taskflow.py took 0.120 seconds
[2023-08-15T22:06:18.654+0300] {processor.py:157} INFO - Started process (PID=250642) to work on /mnt/kali/DataHunt/venv/lib/python3.11/site-packages/airflow/example_dags/example_setup_teardown_taskflow.py
[2023-08-15T22:06:18.657+0300] {processor.py:826} INFO - Processing file /mnt/kali/DataHunt/venv/lib/python3.11/site-packages/airflow/example_dags/example_setup_teardown_taskflow.py for tasks to queue
[2023-08-15T22:06:18.660+0300] {logging_mixin.py:150} INFO - [2023-08-15T22:06:18.659+0300] {dagbag.py:541} INFO - Filling up the DagBag from /mnt/kali/DataHunt/venv/lib/python3.11/site-packages/airflow/example_dags/example_setup_teardown_taskflow.py
[2023-08-15T22:06:18.667+0300] {processor.py:838} WARNING - No viable dags retrieved from /mnt/kali/DataHunt/venv/lib/python3.11/site-packages/airflow/example_dags/example_setup_teardown_taskflow.py
[2023-08-15T22:06:18.778+0300] {processor.py:179} INFO - Processing /mnt/kali/DataHunt/venv/lib/python3.11/site-packages/airflow/example_dags/example_setup_teardown_taskflow.py took 0.137 seconds
[2023-08-15T22:06:49.298+0300] {processor.py:157} INFO - Started process (PID=251192) to work on /mnt/kali/DataHunt/venv/lib/python3.11/site-packages/airflow/example_dags/example_setup_teardown_taskflow.py
[2023-08-15T22:06:49.301+0300] {processor.py:826} INFO - Processing file /mnt/kali/DataHunt/venv/lib/python3.11/site-packages/airflow/example_dags/example_setup_teardown_taskflow.py for tasks to queue
[2023-08-15T22:06:49.304+0300] {logging_mixin.py:150} INFO - [2023-08-15T22:06:49.303+0300] {dagbag.py:541} INFO - Filling up the DagBag from /mnt/kali/DataHunt/venv/lib/python3.11/site-packages/airflow/example_dags/example_setup_teardown_taskflow.py
[2023-08-15T22:06:49.312+0300] {processor.py:838} WARNING - No viable dags retrieved from /mnt/kali/DataHunt/venv/lib/python3.11/site-packages/airflow/example_dags/example_setup_teardown_taskflow.py
[2023-08-15T22:06:49.409+0300] {processor.py:179} INFO - Processing /mnt/kali/DataHunt/venv/lib/python3.11/site-packages/airflow/example_dags/example_setup_teardown_taskflow.py took 0.138 seconds
[2023-08-15T22:07:19.622+0300] {processor.py:157} INFO - Started process (PID=251593) to work on /mnt/kali/DataHunt/venv/lib/python3.11/site-packages/airflow/example_dags/example_setup_teardown_taskflow.py
[2023-08-15T22:07:19.624+0300] {processor.py:826} INFO - Processing file /mnt/kali/DataHunt/venv/lib/python3.11/site-packages/airflow/example_dags/example_setup_teardown_taskflow.py for tasks to queue
[2023-08-15T22:07:19.627+0300] {logging_mixin.py:150} INFO - [2023-08-15T22:07:19.626+0300] {dagbag.py:541} INFO - Filling up the DagBag from /mnt/kali/DataHunt/venv/lib/python3.11/site-packages/airflow/example_dags/example_setup_teardown_taskflow.py
[2023-08-15T22:07:19.635+0300] {processor.py:838} WARNING - No viable dags retrieved from /mnt/kali/DataHunt/venv/lib/python3.11/site-packages/airflow/example_dags/example_setup_teardown_taskflow.py
[2023-08-15T22:07:19.737+0300] {processor.py:179} INFO - Processing /mnt/kali/DataHunt/venv/lib/python3.11/site-packages/airflow/example_dags/example_setup_teardown_taskflow.py took 0.130 seconds
[2023-08-15T22:07:49.844+0300] {processor.py:157} INFO - Started process (PID=251975) to work on /mnt/kali/DataHunt/venv/lib/python3.11/site-packages/airflow/example_dags/example_setup_teardown_taskflow.py
[2023-08-15T22:07:49.846+0300] {processor.py:826} INFO - Processing file /mnt/kali/DataHunt/venv/lib/python3.11/site-packages/airflow/example_dags/example_setup_teardown_taskflow.py for tasks to queue
[2023-08-15T22:07:49.848+0300] {logging_mixin.py:150} INFO - [2023-08-15T22:07:49.847+0300] {dagbag.py:541} INFO - Filling up the DagBag from /mnt/kali/DataHunt/venv/lib/python3.11/site-packages/airflow/example_dags/example_setup_teardown_taskflow.py
[2023-08-15T22:07:49.853+0300] {processor.py:838} WARNING - No viable dags retrieved from /mnt/kali/DataHunt/venv/lib/python3.11/site-packages/airflow/example_dags/example_setup_teardown_taskflow.py
[2023-08-15T22:07:49.914+0300] {processor.py:179} INFO - Processing /mnt/kali/DataHunt/venv/lib/python3.11/site-packages/airflow/example_dags/example_setup_teardown_taskflow.py took 0.080 seconds
[2023-08-15T22:08:20.896+0300] {processor.py:157} INFO - Started process (PID=252550) to work on /mnt/kali/DataHunt/venv/lib/python3.11/site-packages/airflow/example_dags/example_setup_teardown_taskflow.py
[2023-08-15T22:08:20.898+0300] {processor.py:826} INFO - Processing file /mnt/kali/DataHunt/venv/lib/python3.11/site-packages/airflow/example_dags/example_setup_teardown_taskflow.py for tasks to queue
[2023-08-15T22:08:20.900+0300] {logging_mixin.py:150} INFO - [2023-08-15T22:08:20.899+0300] {dagbag.py:541} INFO - Filling up the DagBag from /mnt/kali/DataHunt/venv/lib/python3.11/site-packages/airflow/example_dags/example_setup_teardown_taskflow.py
[2023-08-15T22:08:20.906+0300] {processor.py:838} WARNING - No viable dags retrieved from /mnt/kali/DataHunt/venv/lib/python3.11/site-packages/airflow/example_dags/example_setup_teardown_taskflow.py
[2023-08-15T22:08:20.959+0300] {processor.py:179} INFO - Processing /mnt/kali/DataHunt/venv/lib/python3.11/site-packages/airflow/example_dags/example_setup_teardown_taskflow.py took 0.075 seconds
[2023-08-15T22:08:53.597+0300] {processor.py:157} INFO - Started process (PID=253115) to work on /mnt/kali/DataHunt/venv/lib/python3.11/site-packages/airflow/example_dags/example_setup_teardown_taskflow.py
[2023-08-15T22:08:53.604+0300] {processor.py:826} INFO - Processing file /mnt/kali/DataHunt/venv/lib/python3.11/site-packages/airflow/example_dags/example_setup_teardown_taskflow.py for tasks to queue
[2023-08-15T22:08:53.607+0300] {logging_mixin.py:150} INFO - [2023-08-15T22:08:53.606+0300] {dagbag.py:541} INFO - Filling up the DagBag from /mnt/kali/DataHunt/venv/lib/python3.11/site-packages/airflow/example_dags/example_setup_teardown_taskflow.py
[2023-08-15T22:08:53.628+0300] {processor.py:838} WARNING - No viable dags retrieved from /mnt/kali/DataHunt/venv/lib/python3.11/site-packages/airflow/example_dags/example_setup_teardown_taskflow.py
[2023-08-15T22:08:53.739+0300] {processor.py:179} INFO - Processing /mnt/kali/DataHunt/venv/lib/python3.11/site-packages/airflow/example_dags/example_setup_teardown_taskflow.py took 0.158 seconds
[2023-08-15T22:09:25.844+0300] {processor.py:157} INFO - Started process (PID=253576) to work on /mnt/kali/DataHunt/venv/lib/python3.11/site-packages/airflow/example_dags/example_setup_teardown_taskflow.py
[2023-08-15T22:09:25.849+0300] {processor.py:826} INFO - Processing file /mnt/kali/DataHunt/venv/lib/python3.11/site-packages/airflow/example_dags/example_setup_teardown_taskflow.py for tasks to queue
[2023-08-15T22:09:25.853+0300] {logging_mixin.py:150} INFO - [2023-08-15T22:09:25.852+0300] {dagbag.py:541} INFO - Filling up the DagBag from /mnt/kali/DataHunt/venv/lib/python3.11/site-packages/airflow/example_dags/example_setup_teardown_taskflow.py
[2023-08-15T22:09:25.863+0300] {processor.py:838} WARNING - No viable dags retrieved from /mnt/kali/DataHunt/venv/lib/python3.11/site-packages/airflow/example_dags/example_setup_teardown_taskflow.py
[2023-08-15T22:09:25.947+0300] {processor.py:179} INFO - Processing /mnt/kali/DataHunt/venv/lib/python3.11/site-packages/airflow/example_dags/example_setup_teardown_taskflow.py took 0.126 seconds
[2023-08-15T22:09:56.167+0300] {processor.py:157} INFO - Started process (PID=253944) to work on /mnt/kali/DataHunt/venv/lib/python3.11/site-packages/airflow/example_dags/example_setup_teardown_taskflow.py
[2023-08-15T22:09:56.169+0300] {processor.py:826} INFO - Processing file /mnt/kali/DataHunt/venv/lib/python3.11/site-packages/airflow/example_dags/example_setup_teardown_taskflow.py for tasks to queue
[2023-08-15T22:09:56.171+0300] {logging_mixin.py:150} INFO - [2023-08-15T22:09:56.170+0300] {dagbag.py:541} INFO - Filling up the DagBag from /mnt/kali/DataHunt/venv/lib/python3.11/site-packages/airflow/example_dags/example_setup_teardown_taskflow.py
[2023-08-15T22:09:56.176+0300] {processor.py:838} WARNING - No viable dags retrieved from /mnt/kali/DataHunt/venv/lib/python3.11/site-packages/airflow/example_dags/example_setup_teardown_taskflow.py
[2023-08-15T22:09:56.241+0300] {processor.py:179} INFO - Processing /mnt/kali/DataHunt/venv/lib/python3.11/site-packages/airflow/example_dags/example_setup_teardown_taskflow.py took 0.082 seconds
[2023-08-15T22:10:28.240+0300] {processor.py:157} INFO - Started process (PID=254322) to work on /mnt/kali/DataHunt/venv/lib/python3.11/site-packages/airflow/example_dags/example_setup_teardown_taskflow.py
[2023-08-15T22:10:28.305+0300] {processor.py:826} INFO - Processing file /mnt/kali/DataHunt/venv/lib/python3.11/site-packages/airflow/example_dags/example_setup_teardown_taskflow.py for tasks to queue
[2023-08-15T22:10:28.308+0300] {logging_mixin.py:150} INFO - [2023-08-15T22:10:28.307+0300] {dagbag.py:541} INFO - Filling up the DagBag from /mnt/kali/DataHunt/venv/lib/python3.11/site-packages/airflow/example_dags/example_setup_teardown_taskflow.py
[2023-08-15T22:10:28.316+0300] {processor.py:838} WARNING - No viable dags retrieved from /mnt/kali/DataHunt/venv/lib/python3.11/site-packages/airflow/example_dags/example_setup_teardown_taskflow.py
[2023-08-15T22:10:28.397+0300] {processor.py:179} INFO - Processing /mnt/kali/DataHunt/venv/lib/python3.11/site-packages/airflow/example_dags/example_setup_teardown_taskflow.py took 0.171 seconds
[2023-08-15T22:10:58.957+0300] {processor.py:157} INFO - Started process (PID=254687) to work on /mnt/kali/DataHunt/venv/lib/python3.11/site-packages/airflow/example_dags/example_setup_teardown_taskflow.py
[2023-08-15T22:10:58.960+0300] {processor.py:826} INFO - Processing file /mnt/kali/DataHunt/venv/lib/python3.11/site-packages/airflow/example_dags/example_setup_teardown_taskflow.py for tasks to queue
[2023-08-15T22:10:58.962+0300] {logging_mixin.py:150} INFO - [2023-08-15T22:10:58.961+0300] {dagbag.py:541} INFO - Filling up the DagBag from /mnt/kali/DataHunt/venv/lib/python3.11/site-packages/airflow/example_dags/example_setup_teardown_taskflow.py
[2023-08-15T22:10:58.970+0300] {processor.py:838} WARNING - No viable dags retrieved from /mnt/kali/DataHunt/venv/lib/python3.11/site-packages/airflow/example_dags/example_setup_teardown_taskflow.py
[2023-08-15T22:10:59.062+0300] {processor.py:179} INFO - Processing /mnt/kali/DataHunt/venv/lib/python3.11/site-packages/airflow/example_dags/example_setup_teardown_taskflow.py took 0.118 seconds
[2023-08-15T22:11:30.280+0300] {processor.py:157} INFO - Started process (PID=255215) to work on /mnt/kali/DataHunt/venv/lib/python3.11/site-packages/airflow/example_dags/example_setup_teardown_taskflow.py
[2023-08-15T22:11:30.290+0300] {processor.py:826} INFO - Processing file /mnt/kali/DataHunt/venv/lib/python3.11/site-packages/airflow/example_dags/example_setup_teardown_taskflow.py for tasks to queue
[2023-08-15T22:11:30.304+0300] {logging_mixin.py:150} INFO - [2023-08-15T22:11:30.303+0300] {dagbag.py:541} INFO - Filling up the DagBag from /mnt/kali/DataHunt/venv/lib/python3.11/site-packages/airflow/example_dags/example_setup_teardown_taskflow.py
[2023-08-15T22:11:30.315+0300] {processor.py:838} WARNING - No viable dags retrieved from /mnt/kali/DataHunt/venv/lib/python3.11/site-packages/airflow/example_dags/example_setup_teardown_taskflow.py
[2023-08-15T22:11:30.457+0300] {processor.py:179} INFO - Processing /mnt/kali/DataHunt/venv/lib/python3.11/site-packages/airflow/example_dags/example_setup_teardown_taskflow.py took 0.189 seconds
[2023-08-15T22:12:01.152+0300] {processor.py:157} INFO - Started process (PID=255761) to work on /mnt/kali/DataHunt/venv/lib/python3.11/site-packages/airflow/example_dags/example_setup_teardown_taskflow.py
[2023-08-15T22:12:01.159+0300] {processor.py:826} INFO - Processing file /mnt/kali/DataHunt/venv/lib/python3.11/site-packages/airflow/example_dags/example_setup_teardown_taskflow.py for tasks to queue
[2023-08-15T22:12:01.162+0300] {logging_mixin.py:150} INFO - [2023-08-15T22:12:01.161+0300] {dagbag.py:541} INFO - Filling up the DagBag from /mnt/kali/DataHunt/venv/lib/python3.11/site-packages/airflow/example_dags/example_setup_teardown_taskflow.py
[2023-08-15T22:12:01.169+0300] {processor.py:838} WARNING - No viable dags retrieved from /mnt/kali/DataHunt/venv/lib/python3.11/site-packages/airflow/example_dags/example_setup_teardown_taskflow.py
[2023-08-15T22:12:01.246+0300] {processor.py:179} INFO - Processing /mnt/kali/DataHunt/venv/lib/python3.11/site-packages/airflow/example_dags/example_setup_teardown_taskflow.py took 0.106 seconds
[2023-08-15T22:12:31.873+0300] {processor.py:157} INFO - Started process (PID=256149) to work on /mnt/kali/DataHunt/venv/lib/python3.11/site-packages/airflow/example_dags/example_setup_teardown_taskflow.py
[2023-08-15T22:12:31.875+0300] {processor.py:826} INFO - Processing file /mnt/kali/DataHunt/venv/lib/python3.11/site-packages/airflow/example_dags/example_setup_teardown_taskflow.py for tasks to queue
[2023-08-15T22:12:31.877+0300] {logging_mixin.py:150} INFO - [2023-08-15T22:12:31.876+0300] {dagbag.py:541} INFO - Filling up the DagBag from /mnt/kali/DataHunt/venv/lib/python3.11/site-packages/airflow/example_dags/example_setup_teardown_taskflow.py
[2023-08-15T22:12:31.884+0300] {processor.py:838} WARNING - No viable dags retrieved from /mnt/kali/DataHunt/venv/lib/python3.11/site-packages/airflow/example_dags/example_setup_teardown_taskflow.py
[2023-08-15T22:12:31.948+0300] {processor.py:179} INFO - Processing /mnt/kali/DataHunt/venv/lib/python3.11/site-packages/airflow/example_dags/example_setup_teardown_taskflow.py took 0.087 seconds
[2023-08-15T22:13:02.463+0300] {processor.py:157} INFO - Started process (PID=256523) to work on /mnt/kali/DataHunt/venv/lib/python3.11/site-packages/airflow/example_dags/example_setup_teardown_taskflow.py
[2023-08-15T22:13:02.478+0300] {processor.py:826} INFO - Processing file /mnt/kali/DataHunt/venv/lib/python3.11/site-packages/airflow/example_dags/example_setup_teardown_taskflow.py for tasks to queue
[2023-08-15T22:13:02.480+0300] {logging_mixin.py:150} INFO - [2023-08-15T22:13:02.479+0300] {dagbag.py:541} INFO - Filling up the DagBag from /mnt/kali/DataHunt/venv/lib/python3.11/site-packages/airflow/example_dags/example_setup_teardown_taskflow.py
[2023-08-15T22:13:02.485+0300] {processor.py:838} WARNING - No viable dags retrieved from /mnt/kali/DataHunt/venv/lib/python3.11/site-packages/airflow/example_dags/example_setup_teardown_taskflow.py
[2023-08-15T22:13:02.554+0300] {processor.py:179} INFO - Processing /mnt/kali/DataHunt/venv/lib/python3.11/site-packages/airflow/example_dags/example_setup_teardown_taskflow.py took 0.101 seconds
[2023-08-15T22:13:33.726+0300] {processor.py:157} INFO - Started process (PID=257080) to work on /mnt/kali/DataHunt/venv/lib/python3.11/site-packages/airflow/example_dags/example_setup_teardown_taskflow.py
[2023-08-15T22:13:33.736+0300] {processor.py:826} INFO - Processing file /mnt/kali/DataHunt/venv/lib/python3.11/site-packages/airflow/example_dags/example_setup_teardown_taskflow.py for tasks to queue
[2023-08-15T22:13:33.739+0300] {logging_mixin.py:150} INFO - [2023-08-15T22:13:33.738+0300] {dagbag.py:541} INFO - Filling up the DagBag from /mnt/kali/DataHunt/venv/lib/python3.11/site-packages/airflow/example_dags/example_setup_teardown_taskflow.py
[2023-08-15T22:13:33.749+0300] {processor.py:838} WARNING - No viable dags retrieved from /mnt/kali/DataHunt/venv/lib/python3.11/site-packages/airflow/example_dags/example_setup_teardown_taskflow.py
[2023-08-15T22:13:33.831+0300] {processor.py:179} INFO - Processing /mnt/kali/DataHunt/venv/lib/python3.11/site-packages/airflow/example_dags/example_setup_teardown_taskflow.py took 0.120 seconds
[2023-08-15T22:14:04.585+0300] {processor.py:157} INFO - Started process (PID=257628) to work on /mnt/kali/DataHunt/venv/lib/python3.11/site-packages/airflow/example_dags/example_setup_teardown_taskflow.py
[2023-08-15T22:14:04.599+0300] {processor.py:826} INFO - Processing file /mnt/kali/DataHunt/venv/lib/python3.11/site-packages/airflow/example_dags/example_setup_teardown_taskflow.py for tasks to queue
[2023-08-15T22:14:04.601+0300] {logging_mixin.py:150} INFO - [2023-08-15T22:14:04.600+0300] {dagbag.py:541} INFO - Filling up the DagBag from /mnt/kali/DataHunt/venv/lib/python3.11/site-packages/airflow/example_dags/example_setup_teardown_taskflow.py
[2023-08-15T22:14:04.607+0300] {processor.py:838} WARNING - No viable dags retrieved from /mnt/kali/DataHunt/venv/lib/python3.11/site-packages/airflow/example_dags/example_setup_teardown_taskflow.py
[2023-08-15T22:14:04.745+0300] {processor.py:179} INFO - Processing /mnt/kali/DataHunt/venv/lib/python3.11/site-packages/airflow/example_dags/example_setup_teardown_taskflow.py took 0.173 seconds
[2023-08-15T22:14:35.551+0300] {processor.py:157} INFO - Started process (PID=258009) to work on /mnt/kali/DataHunt/venv/lib/python3.11/site-packages/airflow/example_dags/example_setup_teardown_taskflow.py
[2023-08-15T22:14:35.554+0300] {processor.py:826} INFO - Processing file /mnt/kali/DataHunt/venv/lib/python3.11/site-packages/airflow/example_dags/example_setup_teardown_taskflow.py for tasks to queue
[2023-08-15T22:14:35.556+0300] {logging_mixin.py:150} INFO - [2023-08-15T22:14:35.555+0300] {dagbag.py:541} INFO - Filling up the DagBag from /mnt/kali/DataHunt/venv/lib/python3.11/site-packages/airflow/example_dags/example_setup_teardown_taskflow.py
[2023-08-15T22:14:35.567+0300] {processor.py:838} WARNING - No viable dags retrieved from /mnt/kali/DataHunt/venv/lib/python3.11/site-packages/airflow/example_dags/example_setup_teardown_taskflow.py
[2023-08-15T22:14:35.652+0300] {processor.py:179} INFO - Processing /mnt/kali/DataHunt/venv/lib/python3.11/site-packages/airflow/example_dags/example_setup_teardown_taskflow.py took 0.128 seconds
[2023-08-15T22:15:06.107+0300] {processor.py:157} INFO - Started process (PID=258381) to work on /mnt/kali/DataHunt/venv/lib/python3.11/site-packages/airflow/example_dags/example_setup_teardown_taskflow.py
[2023-08-15T22:15:06.151+0300] {processor.py:826} INFO - Processing file /mnt/kali/DataHunt/venv/lib/python3.11/site-packages/airflow/example_dags/example_setup_teardown_taskflow.py for tasks to queue
[2023-08-15T22:15:06.153+0300] {logging_mixin.py:150} INFO - [2023-08-15T22:15:06.152+0300] {dagbag.py:541} INFO - Filling up the DagBag from /mnt/kali/DataHunt/venv/lib/python3.11/site-packages/airflow/example_dags/example_setup_teardown_taskflow.py
[2023-08-15T22:15:06.158+0300] {processor.py:838} WARNING - No viable dags retrieved from /mnt/kali/DataHunt/venv/lib/python3.11/site-packages/airflow/example_dags/example_setup_teardown_taskflow.py
[2023-08-15T22:15:06.232+0300] {processor.py:179} INFO - Processing /mnt/kali/DataHunt/venv/lib/python3.11/site-packages/airflow/example_dags/example_setup_teardown_taskflow.py took 0.140 seconds
[2023-08-15T22:15:36.383+0300] {processor.py:157} INFO - Started process (PID=258942) to work on /mnt/kali/DataHunt/venv/lib/python3.11/site-packages/airflow/example_dags/example_setup_teardown_taskflow.py
[2023-08-15T22:15:36.393+0300] {processor.py:826} INFO - Processing file /mnt/kali/DataHunt/venv/lib/python3.11/site-packages/airflow/example_dags/example_setup_teardown_taskflow.py for tasks to queue
[2023-08-15T22:15:36.395+0300] {logging_mixin.py:150} INFO - [2023-08-15T22:15:36.394+0300] {dagbag.py:541} INFO - Filling up the DagBag from /mnt/kali/DataHunt/venv/lib/python3.11/site-packages/airflow/example_dags/example_setup_teardown_taskflow.py
[2023-08-15T22:15:36.400+0300] {processor.py:838} WARNING - No viable dags retrieved from /mnt/kali/DataHunt/venv/lib/python3.11/site-packages/airflow/example_dags/example_setup_teardown_taskflow.py
[2023-08-15T22:15:36.458+0300] {processor.py:179} INFO - Processing /mnt/kali/DataHunt/venv/lib/python3.11/site-packages/airflow/example_dags/example_setup_teardown_taskflow.py took 0.087 seconds
[2023-08-15T22:16:07.117+0300] {processor.py:157} INFO - Started process (PID=259495) to work on /mnt/kali/DataHunt/venv/lib/python3.11/site-packages/airflow/example_dags/example_setup_teardown_taskflow.py
[2023-08-15T22:16:07.134+0300] {processor.py:826} INFO - Processing file /mnt/kali/DataHunt/venv/lib/python3.11/site-packages/airflow/example_dags/example_setup_teardown_taskflow.py for tasks to queue
[2023-08-15T22:16:07.137+0300] {logging_mixin.py:150} INFO - [2023-08-15T22:16:07.136+0300] {dagbag.py:541} INFO - Filling up the DagBag from /mnt/kali/DataHunt/venv/lib/python3.11/site-packages/airflow/example_dags/example_setup_teardown_taskflow.py
[2023-08-15T22:16:07.148+0300] {processor.py:838} WARNING - No viable dags retrieved from /mnt/kali/DataHunt/venv/lib/python3.11/site-packages/airflow/example_dags/example_setup_teardown_taskflow.py
[2023-08-15T22:16:07.234+0300] {processor.py:179} INFO - Processing /mnt/kali/DataHunt/venv/lib/python3.11/site-packages/airflow/example_dags/example_setup_teardown_taskflow.py took 0.129 seconds
[2023-08-15T22:16:37.587+0300] {processor.py:157} INFO - Started process (PID=259902) to work on /mnt/kali/DataHunt/venv/lib/python3.11/site-packages/airflow/example_dags/example_setup_teardown_taskflow.py
[2023-08-15T22:16:37.596+0300] {processor.py:826} INFO - Processing file /mnt/kali/DataHunt/venv/lib/python3.11/site-packages/airflow/example_dags/example_setup_teardown_taskflow.py for tasks to queue
[2023-08-15T22:16:37.598+0300] {logging_mixin.py:150} INFO - [2023-08-15T22:16:37.597+0300] {dagbag.py:541} INFO - Filling up the DagBag from /mnt/kali/DataHunt/venv/lib/python3.11/site-packages/airflow/example_dags/example_setup_teardown_taskflow.py
[2023-08-15T22:16:37.604+0300] {processor.py:838} WARNING - No viable dags retrieved from /mnt/kali/DataHunt/venv/lib/python3.11/site-packages/airflow/example_dags/example_setup_teardown_taskflow.py
[2023-08-15T22:16:37.681+0300] {processor.py:179} INFO - Processing /mnt/kali/DataHunt/venv/lib/python3.11/site-packages/airflow/example_dags/example_setup_teardown_taskflow.py took 0.104 seconds
[2023-08-15T22:17:08.275+0300] {processor.py:157} INFO - Started process (PID=260306) to work on /mnt/kali/DataHunt/venv/lib/python3.11/site-packages/airflow/example_dags/example_setup_teardown_taskflow.py
[2023-08-15T22:17:08.277+0300] {processor.py:826} INFO - Processing file /mnt/kali/DataHunt/venv/lib/python3.11/site-packages/airflow/example_dags/example_setup_teardown_taskflow.py for tasks to queue
[2023-08-15T22:17:08.279+0300] {logging_mixin.py:150} INFO - [2023-08-15T22:17:08.278+0300] {dagbag.py:541} INFO - Filling up the DagBag from /mnt/kali/DataHunt/venv/lib/python3.11/site-packages/airflow/example_dags/example_setup_teardown_taskflow.py
[2023-08-15T22:17:08.286+0300] {processor.py:838} WARNING - No viable dags retrieved from /mnt/kali/DataHunt/venv/lib/python3.11/site-packages/airflow/example_dags/example_setup_teardown_taskflow.py
[2023-08-15T22:17:08.351+0300] {processor.py:179} INFO - Processing /mnt/kali/DataHunt/venv/lib/python3.11/site-packages/airflow/example_dags/example_setup_teardown_taskflow.py took 0.087 seconds
[2023-08-15T22:17:39.025+0300] {processor.py:157} INFO - Started process (PID=260871) to work on /mnt/kali/DataHunt/venv/lib/python3.11/site-packages/airflow/example_dags/example_setup_teardown_taskflow.py
[2023-08-15T22:17:39.033+0300] {processor.py:826} INFO - Processing file /mnt/kali/DataHunt/venv/lib/python3.11/site-packages/airflow/example_dags/example_setup_teardown_taskflow.py for tasks to queue
[2023-08-15T22:17:39.035+0300] {logging_mixin.py:150} INFO - [2023-08-15T22:17:39.034+0300] {dagbag.py:541} INFO - Filling up the DagBag from /mnt/kali/DataHunt/venv/lib/python3.11/site-packages/airflow/example_dags/example_setup_teardown_taskflow.py
[2023-08-15T22:17:39.041+0300] {processor.py:838} WARNING - No viable dags retrieved from /mnt/kali/DataHunt/venv/lib/python3.11/site-packages/airflow/example_dags/example_setup_teardown_taskflow.py
[2023-08-15T22:17:39.113+0300] {processor.py:179} INFO - Processing /mnt/kali/DataHunt/venv/lib/python3.11/site-packages/airflow/example_dags/example_setup_teardown_taskflow.py took 0.103 seconds
[2023-08-15T22:18:09.542+0300] {processor.py:157} INFO - Started process (PID=261432) to work on /mnt/kali/DataHunt/venv/lib/python3.11/site-packages/airflow/example_dags/example_setup_teardown_taskflow.py
[2023-08-15T22:18:09.552+0300] {processor.py:826} INFO - Processing file /mnt/kali/DataHunt/venv/lib/python3.11/site-packages/airflow/example_dags/example_setup_teardown_taskflow.py for tasks to queue
[2023-08-15T22:18:09.554+0300] {logging_mixin.py:150} INFO - [2023-08-15T22:18:09.553+0300] {dagbag.py:541} INFO - Filling up the DagBag from /mnt/kali/DataHunt/venv/lib/python3.11/site-packages/airflow/example_dags/example_setup_teardown_taskflow.py
[2023-08-15T22:18:09.561+0300] {processor.py:838} WARNING - No viable dags retrieved from /mnt/kali/DataHunt/venv/lib/python3.11/site-packages/airflow/example_dags/example_setup_teardown_taskflow.py
[2023-08-15T22:18:09.632+0300] {processor.py:179} INFO - Processing /mnt/kali/DataHunt/venv/lib/python3.11/site-packages/airflow/example_dags/example_setup_teardown_taskflow.py took 0.102 seconds
[2023-08-15T22:18:39.696+0300] {processor.py:157} INFO - Started process (PID=261826) to work on /mnt/kali/DataHunt/venv/lib/python3.11/site-packages/airflow/example_dags/example_setup_teardown_taskflow.py
[2023-08-15T22:18:39.698+0300] {processor.py:826} INFO - Processing file /mnt/kali/DataHunt/venv/lib/python3.11/site-packages/airflow/example_dags/example_setup_teardown_taskflow.py for tasks to queue
[2023-08-15T22:18:39.700+0300] {logging_mixin.py:150} INFO - [2023-08-15T22:18:39.699+0300] {dagbag.py:541} INFO - Filling up the DagBag from /mnt/kali/DataHunt/venv/lib/python3.11/site-packages/airflow/example_dags/example_setup_teardown_taskflow.py
[2023-08-15T22:18:39.707+0300] {processor.py:838} WARNING - No viable dags retrieved from /mnt/kali/DataHunt/venv/lib/python3.11/site-packages/airflow/example_dags/example_setup_teardown_taskflow.py
[2023-08-15T22:18:39.791+0300] {processor.py:179} INFO - Processing /mnt/kali/DataHunt/venv/lib/python3.11/site-packages/airflow/example_dags/example_setup_teardown_taskflow.py took 0.109 seconds
[2023-08-15T22:19:09.852+0300] {processor.py:157} INFO - Started process (PID=262211) to work on /mnt/kali/DataHunt/venv/lib/python3.11/site-packages/airflow/example_dags/example_setup_teardown_taskflow.py
[2023-08-15T22:19:09.854+0300] {processor.py:826} INFO - Processing file /mnt/kali/DataHunt/venv/lib/python3.11/site-packages/airflow/example_dags/example_setup_teardown_taskflow.py for tasks to queue
[2023-08-15T22:19:09.856+0300] {logging_mixin.py:150} INFO - [2023-08-15T22:19:09.856+0300] {dagbag.py:541} INFO - Filling up the DagBag from /mnt/kali/DataHunt/venv/lib/python3.11/site-packages/airflow/example_dags/example_setup_teardown_taskflow.py
[2023-08-15T22:19:09.862+0300] {processor.py:838} WARNING - No viable dags retrieved from /mnt/kali/DataHunt/venv/lib/python3.11/site-packages/airflow/example_dags/example_setup_teardown_taskflow.py
[2023-08-15T22:19:09.933+0300] {processor.py:179} INFO - Processing /mnt/kali/DataHunt/venv/lib/python3.11/site-packages/airflow/example_dags/example_setup_teardown_taskflow.py took 0.090 seconds
[2023-08-15T22:19:41.325+0300] {processor.py:157} INFO - Started process (PID=262760) to work on /mnt/kali/DataHunt/venv/lib/python3.11/site-packages/airflow/example_dags/example_setup_teardown_taskflow.py
[2023-08-15T22:19:41.338+0300] {processor.py:826} INFO - Processing file /mnt/kali/DataHunt/venv/lib/python3.11/site-packages/airflow/example_dags/example_setup_teardown_taskflow.py for tasks to queue
[2023-08-15T22:19:41.340+0300] {logging_mixin.py:150} INFO - [2023-08-15T22:19:41.340+0300] {dagbag.py:541} INFO - Filling up the DagBag from /mnt/kali/DataHunt/venv/lib/python3.11/site-packages/airflow/example_dags/example_setup_teardown_taskflow.py
[2023-08-15T22:19:41.345+0300] {processor.py:838} WARNING - No viable dags retrieved from /mnt/kali/DataHunt/venv/lib/python3.11/site-packages/airflow/example_dags/example_setup_teardown_taskflow.py
[2023-08-15T22:19:41.394+0300] {processor.py:179} INFO - Processing /mnt/kali/DataHunt/venv/lib/python3.11/site-packages/airflow/example_dags/example_setup_teardown_taskflow.py took 0.077 seconds
[2023-08-15T22:20:11.968+0300] {processor.py:157} INFO - Started process (PID=263290) to work on /mnt/kali/DataHunt/venv/lib/python3.11/site-packages/airflow/example_dags/example_setup_teardown_taskflow.py
[2023-08-15T22:20:11.989+0300] {processor.py:826} INFO - Processing file /mnt/kali/DataHunt/venv/lib/python3.11/site-packages/airflow/example_dags/example_setup_teardown_taskflow.py for tasks to queue
[2023-08-15T22:20:11.991+0300] {logging_mixin.py:150} INFO - [2023-08-15T22:20:11.990+0300] {dagbag.py:541} INFO - Filling up the DagBag from /mnt/kali/DataHunt/venv/lib/python3.11/site-packages/airflow/example_dags/example_setup_teardown_taskflow.py
[2023-08-15T22:20:11.996+0300] {processor.py:838} WARNING - No viable dags retrieved from /mnt/kali/DataHunt/venv/lib/python3.11/site-packages/airflow/example_dags/example_setup_teardown_taskflow.py
[2023-08-15T22:20:12.060+0300] {processor.py:179} INFO - Processing /mnt/kali/DataHunt/venv/lib/python3.11/site-packages/airflow/example_dags/example_setup_teardown_taskflow.py took 0.104 seconds
[2023-08-15T22:20:46.761+0300] {processor.py:157} INFO - Started process (PID=263841) to work on /mnt/kali/DataHunt/venv/lib/python3.11/site-packages/airflow/example_dags/example_setup_teardown_taskflow.py
[2023-08-15T22:20:46.763+0300] {processor.py:826} INFO - Processing file /mnt/kali/DataHunt/venv/lib/python3.11/site-packages/airflow/example_dags/example_setup_teardown_taskflow.py for tasks to queue
[2023-08-15T22:20:46.766+0300] {logging_mixin.py:150} INFO - [2023-08-15T22:20:46.764+0300] {dagbag.py:541} INFO - Filling up the DagBag from /mnt/kali/DataHunt/venv/lib/python3.11/site-packages/airflow/example_dags/example_setup_teardown_taskflow.py
[2023-08-15T22:20:46.772+0300] {processor.py:838} WARNING - No viable dags retrieved from /mnt/kali/DataHunt/venv/lib/python3.11/site-packages/airflow/example_dags/example_setup_teardown_taskflow.py
[2023-08-15T22:20:46.841+0300] {processor.py:179} INFO - Processing /mnt/kali/DataHunt/venv/lib/python3.11/site-packages/airflow/example_dags/example_setup_teardown_taskflow.py took 0.091 seconds
[2023-08-15T22:21:18.175+0300] {processor.py:157} INFO - Started process (PID=264530) to work on /mnt/kali/DataHunt/venv/lib/python3.11/site-packages/airflow/example_dags/example_setup_teardown_taskflow.py
[2023-08-15T22:21:18.213+0300] {processor.py:826} INFO - Processing file /mnt/kali/DataHunt/venv/lib/python3.11/site-packages/airflow/example_dags/example_setup_teardown_taskflow.py for tasks to queue
[2023-08-15T22:21:18.215+0300] {logging_mixin.py:150} INFO - [2023-08-15T22:21:18.214+0300] {dagbag.py:541} INFO - Filling up the DagBag from /mnt/kali/DataHunt/venv/lib/python3.11/site-packages/airflow/example_dags/example_setup_teardown_taskflow.py
[2023-08-15T22:21:18.221+0300] {processor.py:838} WARNING - No viable dags retrieved from /mnt/kali/DataHunt/venv/lib/python3.11/site-packages/airflow/example_dags/example_setup_teardown_taskflow.py
[2023-08-15T22:21:18.314+0300] {processor.py:179} INFO - Processing /mnt/kali/DataHunt/venv/lib/python3.11/site-packages/airflow/example_dags/example_setup_teardown_taskflow.py took 0.152 seconds
[2023-08-15T22:21:51.252+0300] {processor.py:157} INFO - Started process (PID=265213) to work on /mnt/kali/DataHunt/venv/lib/python3.11/site-packages/airflow/example_dags/example_setup_teardown_taskflow.py
[2023-08-15T22:21:51.270+0300] {processor.py:826} INFO - Processing file /mnt/kali/DataHunt/venv/lib/python3.11/site-packages/airflow/example_dags/example_setup_teardown_taskflow.py for tasks to queue
[2023-08-15T22:21:51.273+0300] {logging_mixin.py:150} INFO - [2023-08-15T22:21:51.272+0300] {dagbag.py:541} INFO - Filling up the DagBag from /mnt/kali/DataHunt/venv/lib/python3.11/site-packages/airflow/example_dags/example_setup_teardown_taskflow.py
[2023-08-15T22:21:51.293+0300] {processor.py:838} WARNING - No viable dags retrieved from /mnt/kali/DataHunt/venv/lib/python3.11/site-packages/airflow/example_dags/example_setup_teardown_taskflow.py
[2023-08-15T22:21:51.405+0300] {processor.py:179} INFO - Processing /mnt/kali/DataHunt/venv/lib/python3.11/site-packages/airflow/example_dags/example_setup_teardown_taskflow.py took 0.247 seconds
[2023-08-15T22:22:21.611+0300] {processor.py:157} INFO - Started process (PID=265778) to work on /mnt/kali/DataHunt/venv/lib/python3.11/site-packages/airflow/example_dags/example_setup_teardown_taskflow.py
[2023-08-15T22:22:21.743+0300] {processor.py:826} INFO - Processing file /mnt/kali/DataHunt/venv/lib/python3.11/site-packages/airflow/example_dags/example_setup_teardown_taskflow.py for tasks to queue
[2023-08-15T22:22:21.746+0300] {logging_mixin.py:150} INFO - [2023-08-15T22:22:21.745+0300] {dagbag.py:541} INFO - Filling up the DagBag from /mnt/kali/DataHunt/venv/lib/python3.11/site-packages/airflow/example_dags/example_setup_teardown_taskflow.py
[2023-08-15T22:22:21.768+0300] {processor.py:838} WARNING - No viable dags retrieved from /mnt/kali/DataHunt/venv/lib/python3.11/site-packages/airflow/example_dags/example_setup_teardown_taskflow.py
[2023-08-15T22:22:21.971+0300] {processor.py:179} INFO - Processing /mnt/kali/DataHunt/venv/lib/python3.11/site-packages/airflow/example_dags/example_setup_teardown_taskflow.py took 0.390 seconds
[2023-08-15T22:22:52.192+0300] {processor.py:157} INFO - Started process (PID=266153) to work on /mnt/kali/DataHunt/venv/lib/python3.11/site-packages/airflow/example_dags/example_setup_teardown_taskflow.py
[2023-08-15T22:22:52.194+0300] {processor.py:826} INFO - Processing file /mnt/kali/DataHunt/venv/lib/python3.11/site-packages/airflow/example_dags/example_setup_teardown_taskflow.py for tasks to queue
[2023-08-15T22:22:52.197+0300] {logging_mixin.py:150} INFO - [2023-08-15T22:22:52.196+0300] {dagbag.py:541} INFO - Filling up the DagBag from /mnt/kali/DataHunt/venv/lib/python3.11/site-packages/airflow/example_dags/example_setup_teardown_taskflow.py
[2023-08-15T22:22:52.215+0300] {processor.py:838} WARNING - No viable dags retrieved from /mnt/kali/DataHunt/venv/lib/python3.11/site-packages/airflow/example_dags/example_setup_teardown_taskflow.py
[2023-08-15T22:22:52.441+0300] {processor.py:179} INFO - Processing /mnt/kali/DataHunt/venv/lib/python3.11/site-packages/airflow/example_dags/example_setup_teardown_taskflow.py took 0.285 seconds
[2023-08-15T22:23:22.807+0300] {processor.py:157} INFO - Started process (PID=266558) to work on /mnt/kali/DataHunt/venv/lib/python3.11/site-packages/airflow/example_dags/example_setup_teardown_taskflow.py
[2023-08-15T22:23:22.823+0300] {processor.py:826} INFO - Processing file /mnt/kali/DataHunt/venv/lib/python3.11/site-packages/airflow/example_dags/example_setup_teardown_taskflow.py for tasks to queue
[2023-08-15T22:23:22.825+0300] {logging_mixin.py:150} INFO - [2023-08-15T22:23:22.824+0300] {dagbag.py:541} INFO - Filling up the DagBag from /mnt/kali/DataHunt/venv/lib/python3.11/site-packages/airflow/example_dags/example_setup_teardown_taskflow.py
[2023-08-15T22:23:22.847+0300] {processor.py:838} WARNING - No viable dags retrieved from /mnt/kali/DataHunt/venv/lib/python3.11/site-packages/airflow/example_dags/example_setup_teardown_taskflow.py
[2023-08-15T22:23:23.022+0300] {processor.py:179} INFO - Processing /mnt/kali/DataHunt/venv/lib/python3.11/site-packages/airflow/example_dags/example_setup_teardown_taskflow.py took 0.229 seconds
[2023-08-15T22:23:53.300+0300] {processor.py:157} INFO - Started process (PID=266943) to work on /mnt/kali/DataHunt/venv/lib/python3.11/site-packages/airflow/example_dags/example_setup_teardown_taskflow.py
[2023-08-15T22:23:53.302+0300] {processor.py:826} INFO - Processing file /mnt/kali/DataHunt/venv/lib/python3.11/site-packages/airflow/example_dags/example_setup_teardown_taskflow.py for tasks to queue
[2023-08-15T22:23:53.304+0300] {logging_mixin.py:150} INFO - [2023-08-15T22:23:53.303+0300] {dagbag.py:541} INFO - Filling up the DagBag from /mnt/kali/DataHunt/venv/lib/python3.11/site-packages/airflow/example_dags/example_setup_teardown_taskflow.py
[2023-08-15T22:23:53.310+0300] {processor.py:838} WARNING - No viable dags retrieved from /mnt/kali/DataHunt/venv/lib/python3.11/site-packages/airflow/example_dags/example_setup_teardown_taskflow.py
[2023-08-15T22:23:53.367+0300] {processor.py:179} INFO - Processing /mnt/kali/DataHunt/venv/lib/python3.11/site-packages/airflow/example_dags/example_setup_teardown_taskflow.py took 0.077 seconds
[2023-08-15T22:24:23.791+0300] {processor.py:157} INFO - Started process (PID=267573) to work on /mnt/kali/DataHunt/venv/lib/python3.11/site-packages/airflow/example_dags/example_setup_teardown_taskflow.py
[2023-08-15T22:24:23.804+0300] {processor.py:826} INFO - Processing file /mnt/kali/DataHunt/venv/lib/python3.11/site-packages/airflow/example_dags/example_setup_teardown_taskflow.py for tasks to queue
[2023-08-15T22:24:23.807+0300] {logging_mixin.py:150} INFO - [2023-08-15T22:24:23.806+0300] {dagbag.py:541} INFO - Filling up the DagBag from /mnt/kali/DataHunt/venv/lib/python3.11/site-packages/airflow/example_dags/example_setup_teardown_taskflow.py
[2023-08-15T22:24:23.814+0300] {processor.py:838} WARNING - No viable dags retrieved from /mnt/kali/DataHunt/venv/lib/python3.11/site-packages/airflow/example_dags/example_setup_teardown_taskflow.py
[2023-08-15T22:24:23.900+0300] {processor.py:179} INFO - Processing /mnt/kali/DataHunt/venv/lib/python3.11/site-packages/airflow/example_dags/example_setup_teardown_taskflow.py took 0.121 seconds
[2023-08-15T22:24:54.749+0300] {processor.py:157} INFO - Started process (PID=268136) to work on /mnt/kali/DataHunt/venv/lib/python3.11/site-packages/airflow/example_dags/example_setup_teardown_taskflow.py
[2023-08-15T22:24:54.761+0300] {processor.py:826} INFO - Processing file /mnt/kali/DataHunt/venv/lib/python3.11/site-packages/airflow/example_dags/example_setup_teardown_taskflow.py for tasks to queue
[2023-08-15T22:24:54.765+0300] {logging_mixin.py:150} INFO - [2023-08-15T22:24:54.763+0300] {dagbag.py:541} INFO - Filling up the DagBag from /mnt/kali/DataHunt/venv/lib/python3.11/site-packages/airflow/example_dags/example_setup_teardown_taskflow.py
[2023-08-15T22:24:54.773+0300] {processor.py:838} WARNING - No viable dags retrieved from /mnt/kali/DataHunt/venv/lib/python3.11/site-packages/airflow/example_dags/example_setup_teardown_taskflow.py
[2023-08-15T22:24:54.877+0300] {processor.py:179} INFO - Processing /mnt/kali/DataHunt/venv/lib/python3.11/site-packages/airflow/example_dags/example_setup_teardown_taskflow.py took 0.152 seconds
[2023-08-15T22:25:25.152+0300] {processor.py:157} INFO - Started process (PID=268497) to work on /mnt/kali/DataHunt/venv/lib/python3.11/site-packages/airflow/example_dags/example_setup_teardown_taskflow.py
[2023-08-15T22:25:25.162+0300] {processor.py:826} INFO - Processing file /mnt/kali/DataHunt/venv/lib/python3.11/site-packages/airflow/example_dags/example_setup_teardown_taskflow.py for tasks to queue
[2023-08-15T22:25:25.164+0300] {logging_mixin.py:150} INFO - [2023-08-15T22:25:25.163+0300] {dagbag.py:541} INFO - Filling up the DagBag from /mnt/kali/DataHunt/venv/lib/python3.11/site-packages/airflow/example_dags/example_setup_teardown_taskflow.py
[2023-08-15T22:25:25.171+0300] {processor.py:838} WARNING - No viable dags retrieved from /mnt/kali/DataHunt/venv/lib/python3.11/site-packages/airflow/example_dags/example_setup_teardown_taskflow.py
[2023-08-15T22:25:25.252+0300] {processor.py:179} INFO - Processing /mnt/kali/DataHunt/venv/lib/python3.11/site-packages/airflow/example_dags/example_setup_teardown_taskflow.py took 0.113 seconds
[2023-08-15T22:25:55.610+0300] {processor.py:157} INFO - Started process (PID=268904) to work on /mnt/kali/DataHunt/venv/lib/python3.11/site-packages/airflow/example_dags/example_setup_teardown_taskflow.py
[2023-08-15T22:25:55.629+0300] {processor.py:826} INFO - Processing file /mnt/kali/DataHunt/venv/lib/python3.11/site-packages/airflow/example_dags/example_setup_teardown_taskflow.py for tasks to queue
[2023-08-15T22:25:55.632+0300] {logging_mixin.py:150} INFO - [2023-08-15T22:25:55.631+0300] {dagbag.py:541} INFO - Filling up the DagBag from /mnt/kali/DataHunt/venv/lib/python3.11/site-packages/airflow/example_dags/example_setup_teardown_taskflow.py
[2023-08-15T22:25:55.640+0300] {processor.py:838} WARNING - No viable dags retrieved from /mnt/kali/DataHunt/venv/lib/python3.11/site-packages/airflow/example_dags/example_setup_teardown_taskflow.py
[2023-08-15T22:25:55.739+0300] {processor.py:179} INFO - Processing /mnt/kali/DataHunt/venv/lib/python3.11/site-packages/airflow/example_dags/example_setup_teardown_taskflow.py took 0.144 seconds
[2023-08-15T22:26:25.851+0300] {processor.py:157} INFO - Started process (PID=269446) to work on /mnt/kali/DataHunt/venv/lib/python3.11/site-packages/airflow/example_dags/example_setup_teardown_taskflow.py
[2023-08-15T22:26:25.867+0300] {processor.py:826} INFO - Processing file /mnt/kali/DataHunt/venv/lib/python3.11/site-packages/airflow/example_dags/example_setup_teardown_taskflow.py for tasks to queue
[2023-08-15T22:26:25.869+0300] {logging_mixin.py:150} INFO - [2023-08-15T22:26:25.868+0300] {dagbag.py:541} INFO - Filling up the DagBag from /mnt/kali/DataHunt/venv/lib/python3.11/site-packages/airflow/example_dags/example_setup_teardown_taskflow.py
[2023-08-15T22:26:25.876+0300] {processor.py:838} WARNING - No viable dags retrieved from /mnt/kali/DataHunt/venv/lib/python3.11/site-packages/airflow/example_dags/example_setup_teardown_taskflow.py
[2023-08-15T22:26:25.937+0300] {processor.py:179} INFO - Processing /mnt/kali/DataHunt/venv/lib/python3.11/site-packages/airflow/example_dags/example_setup_teardown_taskflow.py took 0.096 seconds
[2023-08-15T22:26:56.764+0300] {processor.py:157} INFO - Started process (PID=269987) to work on /mnt/kali/DataHunt/venv/lib/python3.11/site-packages/airflow/example_dags/example_setup_teardown_taskflow.py
[2023-08-15T22:26:56.777+0300] {processor.py:826} INFO - Processing file /mnt/kali/DataHunt/venv/lib/python3.11/site-packages/airflow/example_dags/example_setup_teardown_taskflow.py for tasks to queue
[2023-08-15T22:26:56.780+0300] {logging_mixin.py:150} INFO - [2023-08-15T22:26:56.779+0300] {dagbag.py:541} INFO - Filling up the DagBag from /mnt/kali/DataHunt/venv/lib/python3.11/site-packages/airflow/example_dags/example_setup_teardown_taskflow.py
[2023-08-15T22:26:56.798+0300] {processor.py:838} WARNING - No viable dags retrieved from /mnt/kali/DataHunt/venv/lib/python3.11/site-packages/airflow/example_dags/example_setup_teardown_taskflow.py
[2023-08-15T22:26:56.981+0300] {processor.py:179} INFO - Processing /mnt/kali/DataHunt/venv/lib/python3.11/site-packages/airflow/example_dags/example_setup_teardown_taskflow.py took 0.231 seconds
