[2023-08-15T21:25:29.600+0300] {processor.py:157} INFO - Started process (PID=214490) to work on /mnt/kali/DataHunt/venv/lib/python3.11/site-packages/airflow/example_dags/example_setup_teardown.py
[2023-08-15T21:25:29.610+0300] {processor.py:826} INFO - Processing file /mnt/kali/DataHunt/venv/lib/python3.11/site-packages/airflow/example_dags/example_setup_teardown.py for tasks to queue
[2023-08-15T21:25:29.613+0300] {logging_mixin.py:150} INFO - [2023-08-15T21:25:29.612+0300] {dagbag.py:541} INFO - Filling up the DagBag from /mnt/kali/DataHunt/venv/lib/python3.11/site-packages/airflow/example_dags/example_setup_teardown.py
[2023-08-15T21:25:29.628+0300] {processor.py:838} WARNING - No viable dags retrieved from /mnt/kali/DataHunt/venv/lib/python3.11/site-packages/airflow/example_dags/example_setup_teardown.py
[2023-08-15T21:25:29.694+0300] {processor.py:179} INFO - Processing /mnt/kali/DataHunt/venv/lib/python3.11/site-packages/airflow/example_dags/example_setup_teardown.py took 0.113 seconds
[2023-08-15T21:27:50.655+0300] {processor.py:157} INFO - Started process (PID=216204) to work on /mnt/kali/DataHunt/venv/lib/python3.11/site-packages/airflow/example_dags/example_setup_teardown.py
[2023-08-15T21:27:50.680+0300] {processor.py:826} INFO - Processing file /mnt/kali/DataHunt/venv/lib/python3.11/site-packages/airflow/example_dags/example_setup_teardown.py for tasks to queue
[2023-08-15T21:27:50.683+0300] {logging_mixin.py:150} INFO - [2023-08-15T21:27:50.682+0300] {dagbag.py:541} INFO - Filling up the DagBag from /mnt/kali/DataHunt/venv/lib/python3.11/site-packages/airflow/example_dags/example_setup_teardown.py
[2023-08-15T21:27:50.852+0300] {processor.py:838} WARNING - No viable dags retrieved from /mnt/kali/DataHunt/venv/lib/python3.11/site-packages/airflow/example_dags/example_setup_teardown.py
[2023-08-15T21:27:51.404+0300] {processor.py:179} INFO - Processing /mnt/kali/DataHunt/venv/lib/python3.11/site-packages/airflow/example_dags/example_setup_teardown.py took 0.824 seconds
[2023-08-15T21:29:27.034+0300] {processor.py:157} INFO - Started process (PID=217369) to work on /mnt/kali/DataHunt/venv/lib/python3.11/site-packages/airflow/example_dags/example_setup_teardown.py
[2023-08-15T21:29:27.059+0300] {processor.py:826} INFO - Processing file /mnt/kali/DataHunt/venv/lib/python3.11/site-packages/airflow/example_dags/example_setup_teardown.py for tasks to queue
[2023-08-15T21:29:27.061+0300] {logging_mixin.py:150} INFO - [2023-08-15T21:29:27.060+0300] {dagbag.py:541} INFO - Filling up the DagBag from /mnt/kali/DataHunt/venv/lib/python3.11/site-packages/airflow/example_dags/example_setup_teardown.py
[2023-08-15T21:29:27.066+0300] {processor.py:838} WARNING - No viable dags retrieved from /mnt/kali/DataHunt/venv/lib/python3.11/site-packages/airflow/example_dags/example_setup_teardown.py
[2023-08-15T21:29:27.091+0300] {processor.py:179} INFO - Processing /mnt/kali/DataHunt/venv/lib/python3.11/site-packages/airflow/example_dags/example_setup_teardown.py took 0.067 seconds
[2023-08-15T21:47:33.094+0300] {processor.py:157} INFO - Started process (PID=233735) to work on /mnt/kali/DataHunt/venv/lib/python3.11/site-packages/airflow/example_dags/example_setup_teardown.py
[2023-08-15T21:47:33.148+0300] {processor.py:826} INFO - Processing file /mnt/kali/DataHunt/venv/lib/python3.11/site-packages/airflow/example_dags/example_setup_teardown.py for tasks to queue
[2023-08-15T21:47:33.150+0300] {logging_mixin.py:150} INFO - [2023-08-15T21:47:33.150+0300] {dagbag.py:541} INFO - Filling up the DagBag from /mnt/kali/DataHunt/venv/lib/python3.11/site-packages/airflow/example_dags/example_setup_teardown.py
[2023-08-15T21:47:33.157+0300] {processor.py:838} WARNING - No viable dags retrieved from /mnt/kali/DataHunt/venv/lib/python3.11/site-packages/airflow/example_dags/example_setup_teardown.py
[2023-08-15T21:47:33.217+0300] {processor.py:179} INFO - Processing /mnt/kali/DataHunt/venv/lib/python3.11/site-packages/airflow/example_dags/example_setup_teardown.py took 0.135 seconds
[2023-08-15T21:48:03.428+0300] {processor.py:157} INFO - Started process (PID=234117) to work on /mnt/kali/DataHunt/venv/lib/python3.11/site-packages/airflow/example_dags/example_setup_teardown.py
[2023-08-15T21:48:03.431+0300] {processor.py:826} INFO - Processing file /mnt/kali/DataHunt/venv/lib/python3.11/site-packages/airflow/example_dags/example_setup_teardown.py for tasks to queue
[2023-08-15T21:48:03.433+0300] {logging_mixin.py:150} INFO - [2023-08-15T21:48:03.432+0300] {dagbag.py:541} INFO - Filling up the DagBag from /mnt/kali/DataHunt/venv/lib/python3.11/site-packages/airflow/example_dags/example_setup_teardown.py
[2023-08-15T21:48:03.441+0300] {processor.py:838} WARNING - No viable dags retrieved from /mnt/kali/DataHunt/venv/lib/python3.11/site-packages/airflow/example_dags/example_setup_teardown.py
[2023-08-15T21:48:03.527+0300] {processor.py:179} INFO - Processing /mnt/kali/DataHunt/venv/lib/python3.11/site-packages/airflow/example_dags/example_setup_teardown.py took 0.110 seconds
[2023-08-15T21:48:34.815+0300] {processor.py:157} INFO - Started process (PID=234649) to work on /mnt/kali/DataHunt/venv/lib/python3.11/site-packages/airflow/example_dags/example_setup_teardown.py
[2023-08-15T21:48:34.823+0300] {processor.py:826} INFO - Processing file /mnt/kali/DataHunt/venv/lib/python3.11/site-packages/airflow/example_dags/example_setup_teardown.py for tasks to queue
[2023-08-15T21:48:34.826+0300] {logging_mixin.py:150} INFO - [2023-08-15T21:48:34.825+0300] {dagbag.py:541} INFO - Filling up the DagBag from /mnt/kali/DataHunt/venv/lib/python3.11/site-packages/airflow/example_dags/example_setup_teardown.py
[2023-08-15T21:48:34.847+0300] {processor.py:838} WARNING - No viable dags retrieved from /mnt/kali/DataHunt/venv/lib/python3.11/site-packages/airflow/example_dags/example_setup_teardown.py
[2023-08-15T21:48:34.983+0300] {processor.py:179} INFO - Processing /mnt/kali/DataHunt/venv/lib/python3.11/site-packages/airflow/example_dags/example_setup_teardown.py took 0.183 seconds
[2023-08-15T21:49:10.621+0300] {processor.py:157} INFO - Started process (PID=235151) to work on /mnt/kali/DataHunt/venv/lib/python3.11/site-packages/airflow/example_dags/example_setup_teardown.py
[2023-08-15T21:49:10.640+0300] {processor.py:826} INFO - Processing file /mnt/kali/DataHunt/venv/lib/python3.11/site-packages/airflow/example_dags/example_setup_teardown.py for tasks to queue
[2023-08-15T21:49:10.643+0300] {logging_mixin.py:150} INFO - [2023-08-15T21:49:10.642+0300] {dagbag.py:541} INFO - Filling up the DagBag from /mnt/kali/DataHunt/venv/lib/python3.11/site-packages/airflow/example_dags/example_setup_teardown.py
[2023-08-15T21:49:10.674+0300] {processor.py:838} WARNING - No viable dags retrieved from /mnt/kali/DataHunt/venv/lib/python3.11/site-packages/airflow/example_dags/example_setup_teardown.py
[2023-08-15T21:49:11.003+0300] {processor.py:179} INFO - Processing /mnt/kali/DataHunt/venv/lib/python3.11/site-packages/airflow/example_dags/example_setup_teardown.py took 0.406 seconds
[2023-08-15T21:49:41.711+0300] {processor.py:157} INFO - Started process (PID=235709) to work on /mnt/kali/DataHunt/venv/lib/python3.11/site-packages/airflow/example_dags/example_setup_teardown.py
[2023-08-15T21:49:41.740+0300] {processor.py:826} INFO - Processing file /mnt/kali/DataHunt/venv/lib/python3.11/site-packages/airflow/example_dags/example_setup_teardown.py for tasks to queue
[2023-08-15T21:49:41.742+0300] {logging_mixin.py:150} INFO - [2023-08-15T21:49:41.741+0300] {dagbag.py:541} INFO - Filling up the DagBag from /mnt/kali/DataHunt/venv/lib/python3.11/site-packages/airflow/example_dags/example_setup_teardown.py
[2023-08-15T21:49:41.749+0300] {processor.py:838} WARNING - No viable dags retrieved from /mnt/kali/DataHunt/venv/lib/python3.11/site-packages/airflow/example_dags/example_setup_teardown.py
[2023-08-15T21:49:41.890+0300] {processor.py:179} INFO - Processing /mnt/kali/DataHunt/venv/lib/python3.11/site-packages/airflow/example_dags/example_setup_teardown.py took 0.191 seconds
[2023-08-15T21:50:12.313+0300] {processor.py:157} INFO - Started process (PID=236045) to work on /mnt/kali/DataHunt/venv/lib/python3.11/site-packages/airflow/example_dags/example_setup_teardown.py
[2023-08-15T21:50:12.318+0300] {processor.py:826} INFO - Processing file /mnt/kali/DataHunt/venv/lib/python3.11/site-packages/airflow/example_dags/example_setup_teardown.py for tasks to queue
[2023-08-15T21:50:12.320+0300] {logging_mixin.py:150} INFO - [2023-08-15T21:50:12.319+0300] {dagbag.py:541} INFO - Filling up the DagBag from /mnt/kali/DataHunt/venv/lib/python3.11/site-packages/airflow/example_dags/example_setup_teardown.py
[2023-08-15T21:50:12.327+0300] {processor.py:838} WARNING - No viable dags retrieved from /mnt/kali/DataHunt/venv/lib/python3.11/site-packages/airflow/example_dags/example_setup_teardown.py
[2023-08-15T21:50:12.407+0300] {processor.py:179} INFO - Processing /mnt/kali/DataHunt/venv/lib/python3.11/site-packages/airflow/example_dags/example_setup_teardown.py took 0.106 seconds
[2023-08-15T21:50:48.693+0300] {processor.py:157} INFO - Started process (PID=236551) to work on /mnt/kali/DataHunt/venv/lib/python3.11/site-packages/airflow/example_dags/example_setup_teardown.py
[2023-08-15T21:50:48.721+0300] {processor.py:826} INFO - Processing file /mnt/kali/DataHunt/venv/lib/python3.11/site-packages/airflow/example_dags/example_setup_teardown.py for tasks to queue
[2023-08-15T21:50:48.724+0300] {logging_mixin.py:150} INFO - [2023-08-15T21:50:48.723+0300] {dagbag.py:541} INFO - Filling up the DagBag from /mnt/kali/DataHunt/venv/lib/python3.11/site-packages/airflow/example_dags/example_setup_teardown.py
[2023-08-15T21:50:48.738+0300] {processor.py:838} WARNING - No viable dags retrieved from /mnt/kali/DataHunt/venv/lib/python3.11/site-packages/airflow/example_dags/example_setup_teardown.py
[2023-08-15T21:50:48.882+0300] {processor.py:179} INFO - Processing /mnt/kali/DataHunt/venv/lib/python3.11/site-packages/airflow/example_dags/example_setup_teardown.py took 0.214 seconds
[2023-08-15T21:51:19.421+0300] {processor.py:157} INFO - Started process (PID=236924) to work on /mnt/kali/DataHunt/venv/lib/python3.11/site-packages/airflow/example_dags/example_setup_teardown.py
[2023-08-15T21:51:19.423+0300] {processor.py:826} INFO - Processing file /mnt/kali/DataHunt/venv/lib/python3.11/site-packages/airflow/example_dags/example_setup_teardown.py for tasks to queue
[2023-08-15T21:51:19.425+0300] {logging_mixin.py:150} INFO - [2023-08-15T21:51:19.425+0300] {dagbag.py:541} INFO - Filling up the DagBag from /mnt/kali/DataHunt/venv/lib/python3.11/site-packages/airflow/example_dags/example_setup_teardown.py
[2023-08-15T21:51:19.432+0300] {processor.py:838} WARNING - No viable dags retrieved from /mnt/kali/DataHunt/venv/lib/python3.11/site-packages/airflow/example_dags/example_setup_teardown.py
[2023-08-15T21:51:19.516+0300] {processor.py:179} INFO - Processing /mnt/kali/DataHunt/venv/lib/python3.11/site-packages/airflow/example_dags/example_setup_teardown.py took 0.108 seconds
[2023-08-15T21:51:50.844+0300] {processor.py:157} INFO - Started process (PID=237602) to work on /mnt/kali/DataHunt/venv/lib/python3.11/site-packages/airflow/example_dags/example_setup_teardown.py
[2023-08-15T21:51:50.882+0300] {processor.py:826} INFO - Processing file /mnt/kali/DataHunt/venv/lib/python3.11/site-packages/airflow/example_dags/example_setup_teardown.py for tasks to queue
[2023-08-15T21:51:50.884+0300] {logging_mixin.py:150} INFO - [2023-08-15T21:51:50.883+0300] {dagbag.py:541} INFO - Filling up the DagBag from /mnt/kali/DataHunt/venv/lib/python3.11/site-packages/airflow/example_dags/example_setup_teardown.py
[2023-08-15T21:51:50.892+0300] {processor.py:838} WARNING - No viable dags retrieved from /mnt/kali/DataHunt/venv/lib/python3.11/site-packages/airflow/example_dags/example_setup_teardown.py
[2023-08-15T21:51:50.979+0300] {processor.py:179} INFO - Processing /mnt/kali/DataHunt/venv/lib/python3.11/site-packages/airflow/example_dags/example_setup_teardown.py took 0.144 seconds
[2023-08-15T21:52:21.534+0300] {processor.py:157} INFO - Started process (PID=238038) to work on /mnt/kali/DataHunt/venv/lib/python3.11/site-packages/airflow/example_dags/example_setup_teardown.py
[2023-08-15T21:52:21.537+0300] {processor.py:826} INFO - Processing file /mnt/kali/DataHunt/venv/lib/python3.11/site-packages/airflow/example_dags/example_setup_teardown.py for tasks to queue
[2023-08-15T21:52:21.540+0300] {logging_mixin.py:150} INFO - [2023-08-15T21:52:21.539+0300] {dagbag.py:541} INFO - Filling up the DagBag from /mnt/kali/DataHunt/venv/lib/python3.11/site-packages/airflow/example_dags/example_setup_teardown.py
[2023-08-15T21:52:21.548+0300] {processor.py:838} WARNING - No viable dags retrieved from /mnt/kali/DataHunt/venv/lib/python3.11/site-packages/airflow/example_dags/example_setup_teardown.py
[2023-08-15T21:52:21.607+0300] {processor.py:179} INFO - Processing /mnt/kali/DataHunt/venv/lib/python3.11/site-packages/airflow/example_dags/example_setup_teardown.py took 0.085 seconds
[2023-08-15T21:52:52.179+0300] {processor.py:157} INFO - Started process (PID=238417) to work on /mnt/kali/DataHunt/venv/lib/python3.11/site-packages/airflow/example_dags/example_setup_teardown.py
[2023-08-15T21:52:52.189+0300] {processor.py:826} INFO - Processing file /mnt/kali/DataHunt/venv/lib/python3.11/site-packages/airflow/example_dags/example_setup_teardown.py for tasks to queue
[2023-08-15T21:52:52.191+0300] {logging_mixin.py:150} INFO - [2023-08-15T21:52:52.190+0300] {dagbag.py:541} INFO - Filling up the DagBag from /mnt/kali/DataHunt/venv/lib/python3.11/site-packages/airflow/example_dags/example_setup_teardown.py
[2023-08-15T21:52:52.198+0300] {processor.py:838} WARNING - No viable dags retrieved from /mnt/kali/DataHunt/venv/lib/python3.11/site-packages/airflow/example_dags/example_setup_teardown.py
[2023-08-15T21:52:52.303+0300] {processor.py:179} INFO - Processing /mnt/kali/DataHunt/venv/lib/python3.11/site-packages/airflow/example_dags/example_setup_teardown.py took 0.136 seconds
[2023-08-15T21:53:24.482+0300] {processor.py:157} INFO - Started process (PID=238966) to work on /mnt/kali/DataHunt/venv/lib/python3.11/site-packages/airflow/example_dags/example_setup_teardown.py
[2023-08-15T21:53:24.498+0300] {processor.py:826} INFO - Processing file /mnt/kali/DataHunt/venv/lib/python3.11/site-packages/airflow/example_dags/example_setup_teardown.py for tasks to queue
[2023-08-15T21:53:24.500+0300] {logging_mixin.py:150} INFO - [2023-08-15T21:53:24.499+0300] {dagbag.py:541} INFO - Filling up the DagBag from /mnt/kali/DataHunt/venv/lib/python3.11/site-packages/airflow/example_dags/example_setup_teardown.py
[2023-08-15T21:53:24.542+0300] {processor.py:838} WARNING - No viable dags retrieved from /mnt/kali/DataHunt/venv/lib/python3.11/site-packages/airflow/example_dags/example_setup_teardown.py
[2023-08-15T21:53:24.719+0300] {processor.py:179} INFO - Processing /mnt/kali/DataHunt/venv/lib/python3.11/site-packages/airflow/example_dags/example_setup_teardown.py took 0.256 seconds
[2023-08-15T21:53:56.997+0300] {processor.py:157} INFO - Started process (PID=239440) to work on /mnt/kali/DataHunt/venv/lib/python3.11/site-packages/airflow/example_dags/example_setup_teardown.py
[2023-08-15T21:53:56.999+0300] {processor.py:826} INFO - Processing file /mnt/kali/DataHunt/venv/lib/python3.11/site-packages/airflow/example_dags/example_setup_teardown.py for tasks to queue
[2023-08-15T21:53:57.002+0300] {logging_mixin.py:150} INFO - [2023-08-15T21:53:57.001+0300] {dagbag.py:541} INFO - Filling up the DagBag from /mnt/kali/DataHunt/venv/lib/python3.11/site-packages/airflow/example_dags/example_setup_teardown.py
[2023-08-15T21:53:57.009+0300] {processor.py:838} WARNING - No viable dags retrieved from /mnt/kali/DataHunt/venv/lib/python3.11/site-packages/airflow/example_dags/example_setup_teardown.py
[2023-08-15T21:53:57.179+0300] {processor.py:179} INFO - Processing /mnt/kali/DataHunt/venv/lib/python3.11/site-packages/airflow/example_dags/example_setup_teardown.py took 0.222 seconds
[2023-08-15T21:54:27.428+0300] {processor.py:157} INFO - Started process (PID=239982) to work on /mnt/kali/DataHunt/venv/lib/python3.11/site-packages/airflow/example_dags/example_setup_teardown.py
[2023-08-15T21:54:27.443+0300] {processor.py:826} INFO - Processing file /mnt/kali/DataHunt/venv/lib/python3.11/site-packages/airflow/example_dags/example_setup_teardown.py for tasks to queue
[2023-08-15T21:54:27.446+0300] {logging_mixin.py:150} INFO - [2023-08-15T21:54:27.445+0300] {dagbag.py:541} INFO - Filling up the DagBag from /mnt/kali/DataHunt/venv/lib/python3.11/site-packages/airflow/example_dags/example_setup_teardown.py
[2023-08-15T21:54:27.463+0300] {processor.py:838} WARNING - No viable dags retrieved from /mnt/kali/DataHunt/venv/lib/python3.11/site-packages/airflow/example_dags/example_setup_teardown.py
[2023-08-15T21:54:27.688+0300] {processor.py:179} INFO - Processing /mnt/kali/DataHunt/venv/lib/python3.11/site-packages/airflow/example_dags/example_setup_teardown.py took 0.279 seconds
[2023-08-15T21:54:58.789+0300] {processor.py:157} INFO - Started process (PID=240360) to work on /mnt/kali/DataHunt/venv/lib/python3.11/site-packages/airflow/example_dags/example_setup_teardown.py
[2023-08-15T21:54:58.798+0300] {processor.py:826} INFO - Processing file /mnt/kali/DataHunt/venv/lib/python3.11/site-packages/airflow/example_dags/example_setup_teardown.py for tasks to queue
[2023-08-15T21:54:58.801+0300] {logging_mixin.py:150} INFO - [2023-08-15T21:54:58.800+0300] {dagbag.py:541} INFO - Filling up the DagBag from /mnt/kali/DataHunt/venv/lib/python3.11/site-packages/airflow/example_dags/example_setup_teardown.py
[2023-08-15T21:54:58.816+0300] {processor.py:838} WARNING - No viable dags retrieved from /mnt/kali/DataHunt/venv/lib/python3.11/site-packages/airflow/example_dags/example_setup_teardown.py
[2023-08-15T21:54:58.983+0300] {processor.py:179} INFO - Processing /mnt/kali/DataHunt/venv/lib/python3.11/site-packages/airflow/example_dags/example_setup_teardown.py took 0.208 seconds
[2023-08-15T21:55:29.500+0300] {processor.py:157} INFO - Started process (PID=240803) to work on /mnt/kali/DataHunt/venv/lib/python3.11/site-packages/airflow/example_dags/example_setup_teardown.py
[2023-08-15T21:55:29.503+0300] {processor.py:826} INFO - Processing file /mnt/kali/DataHunt/venv/lib/python3.11/site-packages/airflow/example_dags/example_setup_teardown.py for tasks to queue
[2023-08-15T21:55:29.508+0300] {logging_mixin.py:150} INFO - [2023-08-15T21:55:29.506+0300] {dagbag.py:541} INFO - Filling up the DagBag from /mnt/kali/DataHunt/venv/lib/python3.11/site-packages/airflow/example_dags/example_setup_teardown.py
[2023-08-15T21:55:29.516+0300] {processor.py:838} WARNING - No viable dags retrieved from /mnt/kali/DataHunt/venv/lib/python3.11/site-packages/airflow/example_dags/example_setup_teardown.py
[2023-08-15T21:55:29.625+0300] {processor.py:179} INFO - Processing /mnt/kali/DataHunt/venv/lib/python3.11/site-packages/airflow/example_dags/example_setup_teardown.py took 0.143 seconds
[2023-08-15T21:56:00.710+0300] {processor.py:157} INFO - Started process (PID=241188) to work on /mnt/kali/DataHunt/venv/lib/python3.11/site-packages/airflow/example_dags/example_setup_teardown.py
[2023-08-15T21:56:00.713+0300] {processor.py:826} INFO - Processing file /mnt/kali/DataHunt/venv/lib/python3.11/site-packages/airflow/example_dags/example_setup_teardown.py for tasks to queue
[2023-08-15T21:56:00.716+0300] {logging_mixin.py:150} INFO - [2023-08-15T21:56:00.715+0300] {dagbag.py:541} INFO - Filling up the DagBag from /mnt/kali/DataHunt/venv/lib/python3.11/site-packages/airflow/example_dags/example_setup_teardown.py
[2023-08-15T21:56:00.723+0300] {processor.py:838} WARNING - No viable dags retrieved from /mnt/kali/DataHunt/venv/lib/python3.11/site-packages/airflow/example_dags/example_setup_teardown.py
[2023-08-15T21:56:00.814+0300] {processor.py:179} INFO - Processing /mnt/kali/DataHunt/venv/lib/python3.11/site-packages/airflow/example_dags/example_setup_teardown.py took 0.118 seconds
[2023-08-15T21:56:32.359+0300] {processor.py:157} INFO - Started process (PID=241794) to work on /mnt/kali/DataHunt/venv/lib/python3.11/site-packages/airflow/example_dags/example_setup_teardown.py
[2023-08-15T21:56:32.367+0300] {processor.py:826} INFO - Processing file /mnt/kali/DataHunt/venv/lib/python3.11/site-packages/airflow/example_dags/example_setup_teardown.py for tasks to queue
[2023-08-15T21:56:32.370+0300] {logging_mixin.py:150} INFO - [2023-08-15T21:56:32.368+0300] {dagbag.py:541} INFO - Filling up the DagBag from /mnt/kali/DataHunt/venv/lib/python3.11/site-packages/airflow/example_dags/example_setup_teardown.py
[2023-08-15T21:56:32.377+0300] {processor.py:838} WARNING - No viable dags retrieved from /mnt/kali/DataHunt/venv/lib/python3.11/site-packages/airflow/example_dags/example_setup_teardown.py
[2023-08-15T21:56:32.481+0300] {processor.py:179} INFO - Processing /mnt/kali/DataHunt/venv/lib/python3.11/site-packages/airflow/example_dags/example_setup_teardown.py took 0.148 seconds
[2023-08-15T21:57:03.342+0300] {processor.py:157} INFO - Started process (PID=242407) to work on /mnt/kali/DataHunt/venv/lib/python3.11/site-packages/airflow/example_dags/example_setup_teardown.py
[2023-08-15T21:57:03.357+0300] {processor.py:826} INFO - Processing file /mnt/kali/DataHunt/venv/lib/python3.11/site-packages/airflow/example_dags/example_setup_teardown.py for tasks to queue
[2023-08-15T21:57:03.360+0300] {logging_mixin.py:150} INFO - [2023-08-15T21:57:03.359+0300] {dagbag.py:541} INFO - Filling up the DagBag from /mnt/kali/DataHunt/venv/lib/python3.11/site-packages/airflow/example_dags/example_setup_teardown.py
[2023-08-15T21:57:03.370+0300] {processor.py:838} WARNING - No viable dags retrieved from /mnt/kali/DataHunt/venv/lib/python3.11/site-packages/airflow/example_dags/example_setup_teardown.py
[2023-08-15T21:57:03.454+0300] {processor.py:179} INFO - Processing /mnt/kali/DataHunt/venv/lib/python3.11/site-packages/airflow/example_dags/example_setup_teardown.py took 0.127 seconds
[2023-08-15T21:57:33.866+0300] {processor.py:157} INFO - Started process (PID=242874) to work on /mnt/kali/DataHunt/venv/lib/python3.11/site-packages/airflow/example_dags/example_setup_teardown.py
[2023-08-15T21:57:33.881+0300] {processor.py:826} INFO - Processing file /mnt/kali/DataHunt/venv/lib/python3.11/site-packages/airflow/example_dags/example_setup_teardown.py for tasks to queue
[2023-08-15T21:57:33.885+0300] {logging_mixin.py:150} INFO - [2023-08-15T21:57:33.883+0300] {dagbag.py:541} INFO - Filling up the DagBag from /mnt/kali/DataHunt/venv/lib/python3.11/site-packages/airflow/example_dags/example_setup_teardown.py
[2023-08-15T21:57:33.893+0300] {processor.py:838} WARNING - No viable dags retrieved from /mnt/kali/DataHunt/venv/lib/python3.11/site-packages/airflow/example_dags/example_setup_teardown.py
[2023-08-15T21:57:33.962+0300] {processor.py:179} INFO - Processing /mnt/kali/DataHunt/venv/lib/python3.11/site-packages/airflow/example_dags/example_setup_teardown.py took 0.111 seconds
