[2023-08-15T21:24:22.155+0300] {processor.py:157} INFO - Started process (PID=213591) to work on /mnt/kali/DataHunt/venv/lib/python3.11/site-packages/airflow/example_dags/example_task_group.py
[2023-08-15T21:24:22.159+0300] {processor.py:826} INFO - Processing file /mnt/kali/DataHunt/venv/lib/python3.11/site-packages/airflow/example_dags/example_task_group.py for tasks to queue
[2023-08-15T21:24:22.162+0300] {logging_mixin.py:150} INFO - [2023-08-15T21:24:22.160+0300] {dagbag.py:541} INFO - Filling up the DagBag from /mnt/kali/DataHunt/venv/lib/python3.11/site-packages/airflow/example_dags/example_task_group.py
[2023-08-15T21:24:22.209+0300] {processor.py:836} INFO - DAG(s) dict_keys(['example_task_group']) retrieved from /mnt/kali/DataHunt/venv/lib/python3.11/site-packages/airflow/example_dags/example_task_group.py
[2023-08-15T21:24:23.845+0300] {logging_mixin.py:150} INFO - [2023-08-15T21:24:23.844+0300] {manager.py:504} INFO - Created Permission View: can edit on DAG:example_task_group
[2023-08-15T21:24:24.083+0300] {logging_mixin.py:150} INFO - [2023-08-15T21:24:24.083+0300] {manager.py:504} INFO - Created Permission View: can delete on DAG:example_task_group
[2023-08-15T21:24:24.500+0300] {logging_mixin.py:150} INFO - [2023-08-15T21:24:24.499+0300] {manager.py:504} INFO - Created Permission View: can read on DAG:example_task_group
[2023-08-15T21:24:24.696+0300] {logging_mixin.py:150} INFO - [2023-08-15T21:24:24.689+0300] {dag.py:2742} INFO - Sync 1 DAGs
[2023-08-15T21:24:24.798+0300] {logging_mixin.py:150} INFO - [2023-08-15T21:24:24.795+0300] {dag.py:2763} INFO - Creating ORM DAG for example_task_group
[2023-08-15T21:24:25.003+0300] {logging_mixin.py:150} INFO - [2023-08-15T21:24:25.002+0300] {dag.py:3504} INFO - Setting next_dagrun for example_task_group to 2023-08-14T18:24:25.001020+00:00, run_after=2023-08-15T18:24:25.001020+00:00
[2023-08-15T21:24:27.178+0300] {processor.py:179} INFO - Processing /mnt/kali/DataHunt/venv/lib/python3.11/site-packages/airflow/example_dags/example_task_group.py took 5.037 seconds
[2023-08-15T21:27:11.853+0300] {processor.py:157} INFO - Started process (PID=215668) to work on /mnt/kali/DataHunt/venv/lib/python3.11/site-packages/airflow/example_dags/example_task_group.py
[2023-08-15T21:27:11.941+0300] {processor.py:826} INFO - Processing file /mnt/kali/DataHunt/venv/lib/python3.11/site-packages/airflow/example_dags/example_task_group.py for tasks to queue
[2023-08-15T21:27:11.943+0300] {logging_mixin.py:150} INFO - [2023-08-15T21:27:11.942+0300] {dagbag.py:541} INFO - Filling up the DagBag from /mnt/kali/DataHunt/venv/lib/python3.11/site-packages/airflow/example_dags/example_task_group.py
[2023-08-15T21:27:12.093+0300] {processor.py:836} INFO - DAG(s) dict_keys(['example_task_group']) retrieved from /mnt/kali/DataHunt/venv/lib/python3.11/site-packages/airflow/example_dags/example_task_group.py
[2023-08-15T21:27:12.594+0300] {logging_mixin.py:150} INFO - [2023-08-15T21:27:12.593+0300] {dag.py:2742} INFO - Sync 1 DAGs
[2023-08-15T21:27:13.406+0300] {logging_mixin.py:150} INFO - [2023-08-15T21:27:13.401+0300] {dag.py:3504} INFO - Setting next_dagrun for example_task_group to 2023-08-14T18:27:13.400647+00:00, run_after=2023-08-15T18:27:13.400647+00:00
[2023-08-15T21:27:13.897+0300] {processor.py:179} INFO - Processing /mnt/kali/DataHunt/venv/lib/python3.11/site-packages/airflow/example_dags/example_task_group.py took 2.103 seconds
[2023-08-15T21:29:02.818+0300] {processor.py:157} INFO - Started process (PID=216949) to work on /mnt/kali/DataHunt/venv/lib/python3.11/site-packages/airflow/example_dags/example_task_group.py
[2023-08-15T21:29:02.826+0300] {processor.py:826} INFO - Processing file /mnt/kali/DataHunt/venv/lib/python3.11/site-packages/airflow/example_dags/example_task_group.py for tasks to queue
[2023-08-15T21:29:02.851+0300] {logging_mixin.py:150} INFO - [2023-08-15T21:29:02.829+0300] {dagbag.py:541} INFO - Filling up the DagBag from /mnt/kali/DataHunt/venv/lib/python3.11/site-packages/airflow/example_dags/example_task_group.py
[2023-08-15T21:29:02.916+0300] {processor.py:836} INFO - DAG(s) dict_keys(['example_task_group']) retrieved from /mnt/kali/DataHunt/venv/lib/python3.11/site-packages/airflow/example_dags/example_task_group.py
[2023-08-15T21:29:03.009+0300] {logging_mixin.py:150} INFO - [2023-08-15T21:29:03.009+0300] {dag.py:2742} INFO - Sync 1 DAGs
[2023-08-15T21:29:03.194+0300] {logging_mixin.py:150} INFO - [2023-08-15T21:29:03.193+0300] {dag.py:3504} INFO - Setting next_dagrun for example_task_group to 2023-08-14T18:29:03.180557+00:00, run_after=2023-08-15T18:29:03.180557+00:00
[2023-08-15T21:29:03.432+0300] {processor.py:179} INFO - Processing /mnt/kali/DataHunt/venv/lib/python3.11/site-packages/airflow/example_dags/example_task_group.py took 0.652 seconds
[2023-08-15T21:47:23.258+0300] {processor.py:157} INFO - Started process (PID=233638) to work on /mnt/kali/DataHunt/venv/lib/python3.11/site-packages/airflow/example_dags/example_task_group.py
[2023-08-15T21:47:23.379+0300] {processor.py:826} INFO - Processing file /mnt/kali/DataHunt/venv/lib/python3.11/site-packages/airflow/example_dags/example_task_group.py for tasks to queue
[2023-08-15T21:47:23.382+0300] {logging_mixin.py:150} INFO - [2023-08-15T21:47:23.381+0300] {dagbag.py:541} INFO - Filling up the DagBag from /mnt/kali/DataHunt/venv/lib/python3.11/site-packages/airflow/example_dags/example_task_group.py
[2023-08-15T21:47:23.419+0300] {processor.py:836} INFO - DAG(s) dict_keys(['example_task_group']) retrieved from /mnt/kali/DataHunt/venv/lib/python3.11/site-packages/airflow/example_dags/example_task_group.py
[2023-08-15T21:47:24.297+0300] {logging_mixin.py:150} INFO - [2023-08-15T21:47:24.296+0300] {manager.py:504} INFO - Created Permission View: can read on DAG:example_task_group
[2023-08-15T21:47:24.451+0300] {logging_mixin.py:150} INFO - [2023-08-15T21:47:24.450+0300] {manager.py:504} INFO - Created Permission View: can delete on DAG:example_task_group
[2023-08-15T21:47:24.526+0300] {logging_mixin.py:150} INFO - [2023-08-15T21:47:24.526+0300] {manager.py:504} INFO - Created Permission View: can edit on DAG:example_task_group
[2023-08-15T21:47:24.605+0300] {logging_mixin.py:150} INFO - [2023-08-15T21:47:24.605+0300] {dag.py:2742} INFO - Sync 1 DAGs
[2023-08-15T21:47:24.716+0300] {logging_mixin.py:150} INFO - [2023-08-15T21:47:24.715+0300] {dag.py:2763} INFO - Creating ORM DAG for example_task_group
[2023-08-15T21:47:24.757+0300] {logging_mixin.py:150} INFO - [2023-08-15T21:47:24.757+0300] {dag.py:3504} INFO - Setting next_dagrun for example_task_group to 2023-08-14T18:47:24.756370+00:00, run_after=2023-08-15T18:47:24.756370+00:00
[2023-08-15T21:47:24.935+0300] {processor.py:179} INFO - Processing /mnt/kali/DataHunt/venv/lib/python3.11/site-packages/airflow/example_dags/example_task_group.py took 1.689 seconds
[2023-08-15T21:47:55.063+0300] {processor.py:157} INFO - Started process (PID=234010) to work on /mnt/kali/DataHunt/venv/lib/python3.11/site-packages/airflow/example_dags/example_task_group.py
[2023-08-15T21:47:55.079+0300] {processor.py:826} INFO - Processing file /mnt/kali/DataHunt/venv/lib/python3.11/site-packages/airflow/example_dags/example_task_group.py for tasks to queue
[2023-08-15T21:47:55.080+0300] {logging_mixin.py:150} INFO - [2023-08-15T21:47:55.080+0300] {dagbag.py:541} INFO - Filling up the DagBag from /mnt/kali/DataHunt/venv/lib/python3.11/site-packages/airflow/example_dags/example_task_group.py
[2023-08-15T21:47:55.103+0300] {processor.py:836} INFO - DAG(s) dict_keys(['example_task_group']) retrieved from /mnt/kali/DataHunt/venv/lib/python3.11/site-packages/airflow/example_dags/example_task_group.py
[2023-08-15T21:47:55.207+0300] {logging_mixin.py:150} INFO - [2023-08-15T21:47:55.207+0300] {dag.py:2742} INFO - Sync 1 DAGs
[2023-08-15T21:47:55.282+0300] {logging_mixin.py:150} INFO - [2023-08-15T21:47:55.282+0300] {dag.py:3504} INFO - Setting next_dagrun for example_task_group to 2023-08-14T18:47:55.281480+00:00, run_after=2023-08-15T18:47:55.281480+00:00
[2023-08-15T21:47:55.346+0300] {processor.py:179} INFO - Processing /mnt/kali/DataHunt/venv/lib/python3.11/site-packages/airflow/example_dags/example_task_group.py took 0.292 seconds
[2023-08-15T21:48:25.447+0300] {processor.py:157} INFO - Started process (PID=234400) to work on /mnt/kali/DataHunt/venv/lib/python3.11/site-packages/airflow/example_dags/example_task_group.py
[2023-08-15T21:48:25.457+0300] {processor.py:826} INFO - Processing file /mnt/kali/DataHunt/venv/lib/python3.11/site-packages/airflow/example_dags/example_task_group.py for tasks to queue
[2023-08-15T21:48:25.459+0300] {logging_mixin.py:150} INFO - [2023-08-15T21:48:25.458+0300] {dagbag.py:541} INFO - Filling up the DagBag from /mnt/kali/DataHunt/venv/lib/python3.11/site-packages/airflow/example_dags/example_task_group.py
[2023-08-15T21:48:25.484+0300] {processor.py:836} INFO - DAG(s) dict_keys(['example_task_group']) retrieved from /mnt/kali/DataHunt/venv/lib/python3.11/site-packages/airflow/example_dags/example_task_group.py
[2023-08-15T21:48:25.567+0300] {logging_mixin.py:150} INFO - [2023-08-15T21:48:25.567+0300] {dag.py:2742} INFO - Sync 1 DAGs
[2023-08-15T21:48:25.642+0300] {logging_mixin.py:150} INFO - [2023-08-15T21:48:25.642+0300] {dag.py:3504} INFO - Setting next_dagrun for example_task_group to 2023-08-14T18:48:25.641480+00:00, run_after=2023-08-15T18:48:25.641480+00:00
[2023-08-15T21:48:25.712+0300] {processor.py:179} INFO - Processing /mnt/kali/DataHunt/venv/lib/python3.11/site-packages/airflow/example_dags/example_task_group.py took 0.276 seconds
[2023-08-15T21:48:56.164+0300] {processor.py:157} INFO - Started process (PID=235014) to work on /mnt/kali/DataHunt/venv/lib/python3.11/site-packages/airflow/example_dags/example_task_group.py
[2023-08-15T21:48:56.179+0300] {processor.py:826} INFO - Processing file /mnt/kali/DataHunt/venv/lib/python3.11/site-packages/airflow/example_dags/example_task_group.py for tasks to queue
[2023-08-15T21:48:56.182+0300] {logging_mixin.py:150} INFO - [2023-08-15T21:48:56.181+0300] {dagbag.py:541} INFO - Filling up the DagBag from /mnt/kali/DataHunt/venv/lib/python3.11/site-packages/airflow/example_dags/example_task_group.py
[2023-08-15T21:48:56.220+0300] {processor.py:836} INFO - DAG(s) dict_keys(['example_task_group']) retrieved from /mnt/kali/DataHunt/venv/lib/python3.11/site-packages/airflow/example_dags/example_task_group.py
[2023-08-15T21:48:56.322+0300] {logging_mixin.py:150} INFO - [2023-08-15T21:48:56.322+0300] {dag.py:2742} INFO - Sync 1 DAGs
[2023-08-15T21:48:56.394+0300] {logging_mixin.py:150} INFO - [2023-08-15T21:48:56.394+0300] {dag.py:3504} INFO - Setting next_dagrun for example_task_group to 2023-08-14T18:48:56.393145+00:00, run_after=2023-08-15T18:48:56.393145+00:00
[2023-08-15T21:48:56.504+0300] {processor.py:179} INFO - Processing /mnt/kali/DataHunt/venv/lib/python3.11/site-packages/airflow/example_dags/example_task_group.py took 0.350 seconds
[2023-08-15T21:49:32.145+0300] {processor.py:157} INFO - Started process (PID=235619) to work on /mnt/kali/DataHunt/venv/lib/python3.11/site-packages/airflow/example_dags/example_task_group.py
[2023-08-15T21:49:32.235+0300] {processor.py:826} INFO - Processing file /mnt/kali/DataHunt/venv/lib/python3.11/site-packages/airflow/example_dags/example_task_group.py for tasks to queue
[2023-08-15T21:49:32.238+0300] {logging_mixin.py:150} INFO - [2023-08-15T21:49:32.237+0300] {dagbag.py:541} INFO - Filling up the DagBag from /mnt/kali/DataHunt/venv/lib/python3.11/site-packages/airflow/example_dags/example_task_group.py
[2023-08-15T21:49:32.286+0300] {processor.py:836} INFO - DAG(s) dict_keys(['example_task_group']) retrieved from /mnt/kali/DataHunt/venv/lib/python3.11/site-packages/airflow/example_dags/example_task_group.py
[2023-08-15T21:49:32.735+0300] {logging_mixin.py:150} INFO - [2023-08-15T21:49:32.735+0300] {dag.py:2742} INFO - Sync 1 DAGs
[2023-08-15T21:49:32.833+0300] {logging_mixin.py:150} INFO - [2023-08-15T21:49:32.832+0300] {dag.py:3504} INFO - Setting next_dagrun for example_task_group to 2023-08-14T18:49:32.831632+00:00, run_after=2023-08-15T18:49:32.831632+00:00
[2023-08-15T21:49:32.918+0300] {processor.py:179} INFO - Processing /mnt/kali/DataHunt/venv/lib/python3.11/site-packages/airflow/example_dags/example_task_group.py took 0.785 seconds
[2023-08-15T21:50:03.641+0300] {processor.py:157} INFO - Started process (PID=235959) to work on /mnt/kali/DataHunt/venv/lib/python3.11/site-packages/airflow/example_dags/example_task_group.py
[2023-08-15T21:50:03.893+0300] {processor.py:826} INFO - Processing file /mnt/kali/DataHunt/venv/lib/python3.11/site-packages/airflow/example_dags/example_task_group.py for tasks to queue
[2023-08-15T21:50:03.895+0300] {logging_mixin.py:150} INFO - [2023-08-15T21:50:03.894+0300] {dagbag.py:541} INFO - Filling up the DagBag from /mnt/kali/DataHunt/venv/lib/python3.11/site-packages/airflow/example_dags/example_task_group.py
[2023-08-15T21:50:03.944+0300] {processor.py:836} INFO - DAG(s) dict_keys(['example_task_group']) retrieved from /mnt/kali/DataHunt/venv/lib/python3.11/site-packages/airflow/example_dags/example_task_group.py
[2023-08-15T21:50:04.240+0300] {logging_mixin.py:150} INFO - [2023-08-15T21:50:04.239+0300] {dag.py:2742} INFO - Sync 1 DAGs
[2023-08-15T21:50:04.584+0300] {logging_mixin.py:150} INFO - [2023-08-15T21:50:04.583+0300] {dag.py:3504} INFO - Setting next_dagrun for example_task_group to 2023-08-14T18:50:04.582355+00:00, run_after=2023-08-15T18:50:04.582355+00:00
[2023-08-15T21:50:04.790+0300] {processor.py:179} INFO - Processing /mnt/kali/DataHunt/venv/lib/python3.11/site-packages/airflow/example_dags/example_task_group.py took 1.179 seconds
[2023-08-15T21:50:42.916+0300] {processor.py:157} INFO - Started process (PID=236446) to work on /mnt/kali/DataHunt/venv/lib/python3.11/site-packages/airflow/example_dags/example_task_group.py
[2023-08-15T21:50:42.935+0300] {processor.py:826} INFO - Processing file /mnt/kali/DataHunt/venv/lib/python3.11/site-packages/airflow/example_dags/example_task_group.py for tasks to queue
[2023-08-15T21:50:42.939+0300] {logging_mixin.py:150} INFO - [2023-08-15T21:50:42.937+0300] {dagbag.py:541} INFO - Filling up the DagBag from /mnt/kali/DataHunt/venv/lib/python3.11/site-packages/airflow/example_dags/example_task_group.py
[2023-08-15T21:50:43.034+0300] {processor.py:836} INFO - DAG(s) dict_keys(['example_task_group']) retrieved from /mnt/kali/DataHunt/venv/lib/python3.11/site-packages/airflow/example_dags/example_task_group.py
[2023-08-15T21:50:43.289+0300] {logging_mixin.py:150} INFO - [2023-08-15T21:50:43.289+0300] {dag.py:2742} INFO - Sync 1 DAGs
[2023-08-15T21:50:43.450+0300] {logging_mixin.py:150} INFO - [2023-08-15T21:50:43.450+0300] {dag.py:3504} INFO - Setting next_dagrun for example_task_group to 2023-08-14T18:50:43.448054+00:00, run_after=2023-08-15T18:50:43.448054+00:00
[2023-08-15T21:50:43.710+0300] {processor.py:179} INFO - Processing /mnt/kali/DataHunt/venv/lib/python3.11/site-packages/airflow/example_dags/example_task_group.py took 0.825 seconds
[2023-08-15T21:51:14.533+0300] {processor.py:157} INFO - Started process (PID=236870) to work on /mnt/kali/DataHunt/venv/lib/python3.11/site-packages/airflow/example_dags/example_task_group.py
[2023-08-15T21:51:14.546+0300] {processor.py:826} INFO - Processing file /mnt/kali/DataHunt/venv/lib/python3.11/site-packages/airflow/example_dags/example_task_group.py for tasks to queue
[2023-08-15T21:51:14.549+0300] {logging_mixin.py:150} INFO - [2023-08-15T21:51:14.548+0300] {dagbag.py:541} INFO - Filling up the DagBag from /mnt/kali/DataHunt/venv/lib/python3.11/site-packages/airflow/example_dags/example_task_group.py
[2023-08-15T21:51:14.587+0300] {processor.py:836} INFO - DAG(s) dict_keys(['example_task_group']) retrieved from /mnt/kali/DataHunt/venv/lib/python3.11/site-packages/airflow/example_dags/example_task_group.py
[2023-08-15T21:51:14.760+0300] {logging_mixin.py:150} INFO - [2023-08-15T21:51:14.753+0300] {dag.py:2742} INFO - Sync 1 DAGs
[2023-08-15T21:51:14.921+0300] {logging_mixin.py:150} INFO - [2023-08-15T21:51:14.919+0300] {dag.py:3504} INFO - Setting next_dagrun for example_task_group to 2023-08-14T18:51:14.918825+00:00, run_after=2023-08-15T18:51:14.918825+00:00
[2023-08-15T21:51:15.047+0300] {processor.py:179} INFO - Processing /mnt/kali/DataHunt/venv/lib/python3.11/site-packages/airflow/example_dags/example_task_group.py took 0.528 seconds
[2023-08-15T21:51:45.328+0300] {processor.py:157} INFO - Started process (PID=237438) to work on /mnt/kali/DataHunt/venv/lib/python3.11/site-packages/airflow/example_dags/example_task_group.py
[2023-08-15T21:51:45.347+0300] {processor.py:826} INFO - Processing file /mnt/kali/DataHunt/venv/lib/python3.11/site-packages/airflow/example_dags/example_task_group.py for tasks to queue
[2023-08-15T21:51:45.349+0300] {logging_mixin.py:150} INFO - [2023-08-15T21:51:45.348+0300] {dagbag.py:541} INFO - Filling up the DagBag from /mnt/kali/DataHunt/venv/lib/python3.11/site-packages/airflow/example_dags/example_task_group.py
[2023-08-15T21:51:45.375+0300] {processor.py:836} INFO - DAG(s) dict_keys(['example_task_group']) retrieved from /mnt/kali/DataHunt/venv/lib/python3.11/site-packages/airflow/example_dags/example_task_group.py
[2023-08-15T21:51:45.478+0300] {logging_mixin.py:150} INFO - [2023-08-15T21:51:45.477+0300] {dag.py:2742} INFO - Sync 1 DAGs
[2023-08-15T21:51:45.580+0300] {logging_mixin.py:150} INFO - [2023-08-15T21:51:45.579+0300] {dag.py:3504} INFO - Setting next_dagrun for example_task_group to 2023-08-14T18:51:45.578724+00:00, run_after=2023-08-15T18:51:45.578724+00:00
[2023-08-15T21:51:45.651+0300] {processor.py:179} INFO - Processing /mnt/kali/DataHunt/venv/lib/python3.11/site-packages/airflow/example_dags/example_task_group.py took 0.337 seconds
[2023-08-15T21:52:16.255+0300] {processor.py:157} INFO - Started process (PID=237989) to work on /mnt/kali/DataHunt/venv/lib/python3.11/site-packages/airflow/example_dags/example_task_group.py
[2023-08-15T21:52:16.257+0300] {processor.py:826} INFO - Processing file /mnt/kali/DataHunt/venv/lib/python3.11/site-packages/airflow/example_dags/example_task_group.py for tasks to queue
[2023-08-15T21:52:16.260+0300] {logging_mixin.py:150} INFO - [2023-08-15T21:52:16.259+0300] {dagbag.py:541} INFO - Filling up the DagBag from /mnt/kali/DataHunt/venv/lib/python3.11/site-packages/airflow/example_dags/example_task_group.py
[2023-08-15T21:52:16.287+0300] {processor.py:836} INFO - DAG(s) dict_keys(['example_task_group']) retrieved from /mnt/kali/DataHunt/venv/lib/python3.11/site-packages/airflow/example_dags/example_task_group.py
[2023-08-15T21:52:16.382+0300] {logging_mixin.py:150} INFO - [2023-08-15T21:52:16.381+0300] {dag.py:2742} INFO - Sync 1 DAGs
[2023-08-15T21:52:16.444+0300] {logging_mixin.py:150} INFO - [2023-08-15T21:52:16.444+0300] {dag.py:3504} INFO - Setting next_dagrun for example_task_group to 2023-08-14T18:52:16.443835+00:00, run_after=2023-08-15T18:52:16.443835+00:00
[2023-08-15T21:52:16.507+0300] {processor.py:179} INFO - Processing /mnt/kali/DataHunt/venv/lib/python3.11/site-packages/airflow/example_dags/example_task_group.py took 0.264 seconds
[2023-08-15T21:52:47.033+0300] {processor.py:157} INFO - Started process (PID=238376) to work on /mnt/kali/DataHunt/venv/lib/python3.11/site-packages/airflow/example_dags/example_task_group.py
[2023-08-15T21:52:47.035+0300] {processor.py:826} INFO - Processing file /mnt/kali/DataHunt/venv/lib/python3.11/site-packages/airflow/example_dags/example_task_group.py for tasks to queue
[2023-08-15T21:52:47.037+0300] {logging_mixin.py:150} INFO - [2023-08-15T21:52:47.036+0300] {dagbag.py:541} INFO - Filling up the DagBag from /mnt/kali/DataHunt/venv/lib/python3.11/site-packages/airflow/example_dags/example_task_group.py
[2023-08-15T21:52:47.064+0300] {processor.py:836} INFO - DAG(s) dict_keys(['example_task_group']) retrieved from /mnt/kali/DataHunt/venv/lib/python3.11/site-packages/airflow/example_dags/example_task_group.py
[2023-08-15T21:52:47.157+0300] {logging_mixin.py:150} INFO - [2023-08-15T21:52:47.157+0300] {dag.py:2742} INFO - Sync 1 DAGs
[2023-08-15T21:52:47.221+0300] {logging_mixin.py:150} INFO - [2023-08-15T21:52:47.221+0300] {dag.py:3504} INFO - Setting next_dagrun for example_task_group to 2023-08-14T18:52:47.220393+00:00, run_after=2023-08-15T18:52:47.220393+00:00
[2023-08-15T21:52:47.282+0300] {processor.py:179} INFO - Processing /mnt/kali/DataHunt/venv/lib/python3.11/site-packages/airflow/example_dags/example_task_group.py took 0.261 seconds
[2023-08-15T21:53:17.755+0300] {processor.py:157} INFO - Started process (PID=238762) to work on /mnt/kali/DataHunt/venv/lib/python3.11/site-packages/airflow/example_dags/example_task_group.py
[2023-08-15T21:53:17.759+0300] {processor.py:826} INFO - Processing file /mnt/kali/DataHunt/venv/lib/python3.11/site-packages/airflow/example_dags/example_task_group.py for tasks to queue
[2023-08-15T21:53:17.763+0300] {logging_mixin.py:150} INFO - [2023-08-15T21:53:17.761+0300] {dagbag.py:541} INFO - Filling up the DagBag from /mnt/kali/DataHunt/venv/lib/python3.11/site-packages/airflow/example_dags/example_task_group.py
[2023-08-15T21:53:17.801+0300] {processor.py:836} INFO - DAG(s) dict_keys(['example_task_group']) retrieved from /mnt/kali/DataHunt/venv/lib/python3.11/site-packages/airflow/example_dags/example_task_group.py
[2023-08-15T21:53:17.940+0300] {logging_mixin.py:150} INFO - [2023-08-15T21:53:17.940+0300] {dag.py:2742} INFO - Sync 1 DAGs
[2023-08-15T21:53:18.007+0300] {logging_mixin.py:150} INFO - [2023-08-15T21:53:18.007+0300] {dag.py:3504} INFO - Setting next_dagrun for example_task_group to 2023-08-14T18:53:18.006540+00:00, run_after=2023-08-15T18:53:18.006540+00:00
[2023-08-15T21:53:18.080+0300] {processor.py:179} INFO - Processing /mnt/kali/DataHunt/venv/lib/python3.11/site-packages/airflow/example_dags/example_task_group.py took 0.343 seconds
[2023-08-15T21:53:48.454+0300] {processor.py:157} INFO - Started process (PID=239337) to work on /mnt/kali/DataHunt/venv/lib/python3.11/site-packages/airflow/example_dags/example_task_group.py
[2023-08-15T21:53:48.460+0300] {processor.py:826} INFO - Processing file /mnt/kali/DataHunt/venv/lib/python3.11/site-packages/airflow/example_dags/example_task_group.py for tasks to queue
[2023-08-15T21:53:48.471+0300] {logging_mixin.py:150} INFO - [2023-08-15T21:53:48.461+0300] {dagbag.py:541} INFO - Filling up the DagBag from /mnt/kali/DataHunt/venv/lib/python3.11/site-packages/airflow/example_dags/example_task_group.py
[2023-08-15T21:53:48.555+0300] {processor.py:836} INFO - DAG(s) dict_keys(['example_task_group']) retrieved from /mnt/kali/DataHunt/venv/lib/python3.11/site-packages/airflow/example_dags/example_task_group.py
[2023-08-15T21:53:48.843+0300] {logging_mixin.py:150} INFO - [2023-08-15T21:53:48.842+0300] {dag.py:2742} INFO - Sync 1 DAGs
[2023-08-15T21:53:49.088+0300] {logging_mixin.py:150} INFO - [2023-08-15T21:53:49.087+0300] {dag.py:3504} INFO - Setting next_dagrun for example_task_group to 2023-08-14T18:53:49.086627+00:00, run_after=2023-08-15T18:53:49.086627+00:00
[2023-08-15T21:53:49.207+0300] {processor.py:179} INFO - Processing /mnt/kali/DataHunt/venv/lib/python3.11/site-packages/airflow/example_dags/example_task_group.py took 0.830 seconds
[2023-08-15T21:54:20.226+0300] {processor.py:157} INFO - Started process (PID=239947) to work on /mnt/kali/DataHunt/venv/lib/python3.11/site-packages/airflow/example_dags/example_task_group.py
[2023-08-15T21:54:20.235+0300] {processor.py:826} INFO - Processing file /mnt/kali/DataHunt/venv/lib/python3.11/site-packages/airflow/example_dags/example_task_group.py for tasks to queue
[2023-08-15T21:54:20.237+0300] {logging_mixin.py:150} INFO - [2023-08-15T21:54:20.236+0300] {dagbag.py:541} INFO - Filling up the DagBag from /mnt/kali/DataHunt/venv/lib/python3.11/site-packages/airflow/example_dags/example_task_group.py
[2023-08-15T21:54:20.277+0300] {processor.py:836} INFO - DAG(s) dict_keys(['example_task_group']) retrieved from /mnt/kali/DataHunt/venv/lib/python3.11/site-packages/airflow/example_dags/example_task_group.py
[2023-08-15T21:54:20.472+0300] {logging_mixin.py:150} INFO - [2023-08-15T21:54:20.470+0300] {dag.py:2742} INFO - Sync 1 DAGs
[2023-08-15T21:54:20.567+0300] {logging_mixin.py:150} INFO - [2023-08-15T21:54:20.566+0300] {dag.py:3504} INFO - Setting next_dagrun for example_task_group to 2023-08-14T18:54:20.565988+00:00, run_after=2023-08-15T18:54:20.565988+00:00
[2023-08-15T21:54:20.713+0300] {processor.py:179} INFO - Processing /mnt/kali/DataHunt/venv/lib/python3.11/site-packages/airflow/example_dags/example_task_group.py took 0.507 seconds
[2023-08-15T21:54:51.231+0300] {processor.py:157} INFO - Started process (PID=240289) to work on /mnt/kali/DataHunt/venv/lib/python3.11/site-packages/airflow/example_dags/example_task_group.py
[2023-08-15T21:54:51.243+0300] {processor.py:826} INFO - Processing file /mnt/kali/DataHunt/venv/lib/python3.11/site-packages/airflow/example_dags/example_task_group.py for tasks to queue
[2023-08-15T21:54:51.246+0300] {logging_mixin.py:150} INFO - [2023-08-15T21:54:51.245+0300] {dagbag.py:541} INFO - Filling up the DagBag from /mnt/kali/DataHunt/venv/lib/python3.11/site-packages/airflow/example_dags/example_task_group.py
[2023-08-15T21:54:51.357+0300] {processor.py:836} INFO - DAG(s) dict_keys(['example_task_group']) retrieved from /mnt/kali/DataHunt/venv/lib/python3.11/site-packages/airflow/example_dags/example_task_group.py
[2023-08-15T21:54:51.981+0300] {logging_mixin.py:150} INFO - [2023-08-15T21:54:51.980+0300] {dag.py:2742} INFO - Sync 1 DAGs
[2023-08-15T21:54:52.340+0300] {logging_mixin.py:150} INFO - [2023-08-15T21:54:52.339+0300] {dag.py:3504} INFO - Setting next_dagrun for example_task_group to 2023-08-14T18:54:52.333775+00:00, run_after=2023-08-15T18:54:52.333775+00:00
[2023-08-15T21:54:52.434+0300] {processor.py:179} INFO - Processing /mnt/kali/DataHunt/venv/lib/python3.11/site-packages/airflow/example_dags/example_task_group.py took 1.241 seconds
[2023-08-15T21:55:22.616+0300] {processor.py:157} INFO - Started process (PID=240719) to work on /mnt/kali/DataHunt/venv/lib/python3.11/site-packages/airflow/example_dags/example_task_group.py
[2023-08-15T21:55:22.619+0300] {processor.py:826} INFO - Processing file /mnt/kali/DataHunt/venv/lib/python3.11/site-packages/airflow/example_dags/example_task_group.py for tasks to queue
[2023-08-15T21:55:22.622+0300] {logging_mixin.py:150} INFO - [2023-08-15T21:55:22.621+0300] {dagbag.py:541} INFO - Filling up the DagBag from /mnt/kali/DataHunt/venv/lib/python3.11/site-packages/airflow/example_dags/example_task_group.py
[2023-08-15T21:55:22.660+0300] {processor.py:836} INFO - DAG(s) dict_keys(['example_task_group']) retrieved from /mnt/kali/DataHunt/venv/lib/python3.11/site-packages/airflow/example_dags/example_task_group.py
[2023-08-15T21:55:22.816+0300] {logging_mixin.py:150} INFO - [2023-08-15T21:55:22.815+0300] {dag.py:2742} INFO - Sync 1 DAGs
[2023-08-15T21:55:22.900+0300] {logging_mixin.py:150} INFO - [2023-08-15T21:55:22.899+0300] {dag.py:3504} INFO - Setting next_dagrun for example_task_group to 2023-08-14T18:55:22.898504+00:00, run_after=2023-08-15T18:55:22.898504+00:00
[2023-08-15T21:55:22.965+0300] {processor.py:179} INFO - Processing /mnt/kali/DataHunt/venv/lib/python3.11/site-packages/airflow/example_dags/example_task_group.py took 0.365 seconds
[2023-08-15T21:55:53.312+0300] {processor.py:157} INFO - Started process (PID=241110) to work on /mnt/kali/DataHunt/venv/lib/python3.11/site-packages/airflow/example_dags/example_task_group.py
[2023-08-15T21:55:53.320+0300] {processor.py:826} INFO - Processing file /mnt/kali/DataHunt/venv/lib/python3.11/site-packages/airflow/example_dags/example_task_group.py for tasks to queue
[2023-08-15T21:55:53.324+0300] {logging_mixin.py:150} INFO - [2023-08-15T21:55:53.322+0300] {dagbag.py:541} INFO - Filling up the DagBag from /mnt/kali/DataHunt/venv/lib/python3.11/site-packages/airflow/example_dags/example_task_group.py
[2023-08-15T21:55:53.449+0300] {processor.py:836} INFO - DAG(s) dict_keys(['example_task_group']) retrieved from /mnt/kali/DataHunt/venv/lib/python3.11/site-packages/airflow/example_dags/example_task_group.py
[2023-08-15T21:55:53.669+0300] {logging_mixin.py:150} INFO - [2023-08-15T21:55:53.668+0300] {dag.py:2742} INFO - Sync 1 DAGs
[2023-08-15T21:55:53.782+0300] {logging_mixin.py:150} INFO - [2023-08-15T21:55:53.781+0300] {dag.py:3504} INFO - Setting next_dagrun for example_task_group to 2023-08-14T18:55:53.781101+00:00, run_after=2023-08-15T18:55:53.781101+00:00
[2023-08-15T21:55:53.904+0300] {processor.py:179} INFO - Processing /mnt/kali/DataHunt/venv/lib/python3.11/site-packages/airflow/example_dags/example_task_group.py took 0.623 seconds
[2023-08-15T21:56:24.876+0300] {processor.py:157} INFO - Started process (PID=241692) to work on /mnt/kali/DataHunt/venv/lib/python3.11/site-packages/airflow/example_dags/example_task_group.py
[2023-08-15T21:56:24.894+0300] {processor.py:826} INFO - Processing file /mnt/kali/DataHunt/venv/lib/python3.11/site-packages/airflow/example_dags/example_task_group.py for tasks to queue
[2023-08-15T21:56:24.896+0300] {logging_mixin.py:150} INFO - [2023-08-15T21:56:24.895+0300] {dagbag.py:541} INFO - Filling up the DagBag from /mnt/kali/DataHunt/venv/lib/python3.11/site-packages/airflow/example_dags/example_task_group.py
[2023-08-15T21:56:24.921+0300] {processor.py:836} INFO - DAG(s) dict_keys(['example_task_group']) retrieved from /mnt/kali/DataHunt/venv/lib/python3.11/site-packages/airflow/example_dags/example_task_group.py
[2023-08-15T21:56:25.013+0300] {logging_mixin.py:150} INFO - [2023-08-15T21:56:25.013+0300] {dag.py:2742} INFO - Sync 1 DAGs
[2023-08-15T21:56:25.075+0300] {logging_mixin.py:150} INFO - [2023-08-15T21:56:25.075+0300] {dag.py:3504} INFO - Setting next_dagrun for example_task_group to 2023-08-14T18:56:25.074468+00:00, run_after=2023-08-15T18:56:25.074468+00:00
[2023-08-15T21:56:25.136+0300] {processor.py:179} INFO - Processing /mnt/kali/DataHunt/venv/lib/python3.11/site-packages/airflow/example_dags/example_task_group.py took 0.271 seconds
[2023-08-15T21:56:55.842+0300] {processor.py:157} INFO - Started process (PID=242294) to work on /mnt/kali/DataHunt/venv/lib/python3.11/site-packages/airflow/example_dags/example_task_group.py
[2023-08-15T21:56:55.861+0300] {processor.py:826} INFO - Processing file /mnt/kali/DataHunt/venv/lib/python3.11/site-packages/airflow/example_dags/example_task_group.py for tasks to queue
[2023-08-15T21:56:55.864+0300] {logging_mixin.py:150} INFO - [2023-08-15T21:56:55.863+0300] {dagbag.py:541} INFO - Filling up the DagBag from /mnt/kali/DataHunt/venv/lib/python3.11/site-packages/airflow/example_dags/example_task_group.py
[2023-08-15T21:56:55.888+0300] {processor.py:836} INFO - DAG(s) dict_keys(['example_task_group']) retrieved from /mnt/kali/DataHunt/venv/lib/python3.11/site-packages/airflow/example_dags/example_task_group.py
[2023-08-15T21:56:55.976+0300] {logging_mixin.py:150} INFO - [2023-08-15T21:56:55.975+0300] {dag.py:2742} INFO - Sync 1 DAGs
[2023-08-15T21:56:56.037+0300] {logging_mixin.py:150} INFO - [2023-08-15T21:56:56.037+0300] {dag.py:3504} INFO - Setting next_dagrun for example_task_group to 2023-08-14T18:56:56.036752+00:00, run_after=2023-08-15T18:56:56.036752+00:00
[2023-08-15T21:56:56.102+0300] {processor.py:179} INFO - Processing /mnt/kali/DataHunt/venv/lib/python3.11/site-packages/airflow/example_dags/example_task_group.py took 0.274 seconds
[2023-08-15T21:57:26.767+0300] {processor.py:157} INFO - Started process (PID=242780) to work on /mnt/kali/DataHunt/venv/lib/python3.11/site-packages/airflow/example_dags/example_task_group.py
[2023-08-15T21:57:26.783+0300] {processor.py:826} INFO - Processing file /mnt/kali/DataHunt/venv/lib/python3.11/site-packages/airflow/example_dags/example_task_group.py for tasks to queue
[2023-08-15T21:57:26.785+0300] {logging_mixin.py:150} INFO - [2023-08-15T21:57:26.784+0300] {dagbag.py:541} INFO - Filling up the DagBag from /mnt/kali/DataHunt/venv/lib/python3.11/site-packages/airflow/example_dags/example_task_group.py
[2023-08-15T21:57:26.805+0300] {processor.py:836} INFO - DAG(s) dict_keys(['example_task_group']) retrieved from /mnt/kali/DataHunt/venv/lib/python3.11/site-packages/airflow/example_dags/example_task_group.py
[2023-08-15T21:57:26.890+0300] {logging_mixin.py:150} INFO - [2023-08-15T21:57:26.889+0300] {dag.py:2742} INFO - Sync 1 DAGs
[2023-08-15T21:57:26.960+0300] {logging_mixin.py:150} INFO - [2023-08-15T21:57:26.959+0300] {dag.py:3504} INFO - Setting next_dagrun for example_task_group to 2023-08-14T18:57:26.959053+00:00, run_after=2023-08-15T18:57:26.959053+00:00
[2023-08-15T21:57:27.032+0300] {processor.py:179} INFO - Processing /mnt/kali/DataHunt/venv/lib/python3.11/site-packages/airflow/example_dags/example_task_group.py took 0.273 seconds
[2023-08-15T21:57:58.016+0300] {processor.py:157} INFO - Started process (PID=243232) to work on /mnt/kali/DataHunt/venv/lib/python3.11/site-packages/airflow/example_dags/example_task_group.py
[2023-08-15T21:57:58.023+0300] {processor.py:826} INFO - Processing file /mnt/kali/DataHunt/venv/lib/python3.11/site-packages/airflow/example_dags/example_task_group.py for tasks to queue
[2023-08-15T21:57:58.026+0300] {logging_mixin.py:150} INFO - [2023-08-15T21:57:58.025+0300] {dagbag.py:541} INFO - Filling up the DagBag from /mnt/kali/DataHunt/venv/lib/python3.11/site-packages/airflow/example_dags/example_task_group.py
[2023-08-15T21:57:58.100+0300] {processor.py:836} INFO - DAG(s) dict_keys(['example_task_group']) retrieved from /mnt/kali/DataHunt/venv/lib/python3.11/site-packages/airflow/example_dags/example_task_group.py
[2023-08-15T21:57:58.417+0300] {logging_mixin.py:150} INFO - [2023-08-15T21:57:58.417+0300] {dag.py:2742} INFO - Sync 1 DAGs
[2023-08-15T21:57:58.558+0300] {logging_mixin.py:150} INFO - [2023-08-15T21:57:58.557+0300] {dag.py:3504} INFO - Setting next_dagrun for example_task_group to 2023-08-14T18:57:58.556590+00:00, run_after=2023-08-15T18:57:58.556590+00:00
[2023-08-15T21:57:58.639+0300] {processor.py:179} INFO - Processing /mnt/kali/DataHunt/venv/lib/python3.11/site-packages/airflow/example_dags/example_task_group.py took 0.646 seconds
