[2023-08-15T21:26:21.841+0300] {processor.py:157} INFO - Started process (PID=215025) to work on /mnt/kali/DataHunt/venv/lib/python3.11/site-packages/airflow/example_dags/example_branch_labels.py
[2023-08-15T21:26:21.844+0300] {processor.py:826} INFO - Processing file /mnt/kali/DataHunt/venv/lib/python3.11/site-packages/airflow/example_dags/example_branch_labels.py for tasks to queue
[2023-08-15T21:26:21.847+0300] {logging_mixin.py:150} INFO - [2023-08-15T21:26:21.846+0300] {dagbag.py:541} INFO - Filling up the DagBag from /mnt/kali/DataHunt/venv/lib/python3.11/site-packages/airflow/example_dags/example_branch_labels.py
[2023-08-15T21:26:21.878+0300] {processor.py:836} INFO - DAG(s) dict_keys(['example_branch_labels']) retrieved from /mnt/kali/DataHunt/venv/lib/python3.11/site-packages/airflow/example_dags/example_branch_labels.py
[2023-08-15T21:26:22.445+0300] {logging_mixin.py:150} INFO - [2023-08-15T21:26:22.444+0300] {manager.py:504} INFO - Created Permission View: can edit on DAG:example_branch_labels
[2023-08-15T21:26:22.534+0300] {logging_mixin.py:150} INFO - [2023-08-15T21:26:22.534+0300] {manager.py:504} INFO - Created Permission View: can delete on DAG:example_branch_labels
[2023-08-15T21:26:22.611+0300] {logging_mixin.py:150} INFO - [2023-08-15T21:26:22.611+0300] {manager.py:504} INFO - Created Permission View: can read on DAG:example_branch_labels
[2023-08-15T21:26:22.642+0300] {logging_mixin.py:150} INFO - [2023-08-15T21:26:22.641+0300] {dag.py:2742} INFO - Sync 1 DAGs
[2023-08-15T21:26:22.664+0300] {logging_mixin.py:150} INFO - [2023-08-15T21:26:22.664+0300] {dag.py:2763} INFO - Creating ORM DAG for example_branch_labels
[2023-08-15T21:26:22.694+0300] {logging_mixin.py:150} INFO - [2023-08-15T21:26:22.694+0300] {dag.py:3504} INFO - Setting next_dagrun for example_branch_labels to 2023-08-14T00:00:00+00:00, run_after=2023-08-15T00:00:00+00:00
[2023-08-15T21:26:22.844+0300] {processor.py:179} INFO - Processing /mnt/kali/DataHunt/venv/lib/python3.11/site-packages/airflow/example_dags/example_branch_labels.py took 1.014 seconds
[2023-08-15T21:29:40.738+0300] {processor.py:157} INFO - Started process (PID=217497) to work on /mnt/kali/DataHunt/venv/lib/python3.11/site-packages/airflow/example_dags/example_branch_labels.py
[2023-08-15T21:29:40.769+0300] {processor.py:826} INFO - Processing file /mnt/kali/DataHunt/venv/lib/python3.11/site-packages/airflow/example_dags/example_branch_labels.py for tasks to queue
[2023-08-15T21:29:40.772+0300] {logging_mixin.py:150} INFO - [2023-08-15T21:29:40.770+0300] {dagbag.py:541} INFO - Filling up the DagBag from /mnt/kali/DataHunt/venv/lib/python3.11/site-packages/airflow/example_dags/example_branch_labels.py
[2023-08-15T21:29:40.804+0300] {processor.py:836} INFO - DAG(s) dict_keys(['example_branch_labels']) retrieved from /mnt/kali/DataHunt/venv/lib/python3.11/site-packages/airflow/example_dags/example_branch_labels.py
[2023-08-15T21:29:40.888+0300] {logging_mixin.py:150} INFO - [2023-08-15T21:29:40.888+0300] {dag.py:2742} INFO - Sync 1 DAGs
[2023-08-15T21:29:41.096+0300] {logging_mixin.py:150} INFO - [2023-08-15T21:29:41.095+0300] {dag.py:3504} INFO - Setting next_dagrun for example_branch_labels to 2023-08-14T00:00:00+00:00, run_after=2023-08-15T00:00:00+00:00
[2023-08-15T21:29:41.310+0300] {processor.py:179} INFO - Processing /mnt/kali/DataHunt/venv/lib/python3.11/site-packages/airflow/example_dags/example_branch_labels.py took 0.585 seconds
[2023-08-15T21:47:42.347+0300] {processor.py:157} INFO - Started process (PID=233844) to work on /mnt/kali/DataHunt/venv/lib/python3.11/site-packages/airflow/example_dags/example_branch_labels.py
[2023-08-15T21:47:42.351+0300] {processor.py:826} INFO - Processing file /mnt/kali/DataHunt/venv/lib/python3.11/site-packages/airflow/example_dags/example_branch_labels.py for tasks to queue
[2023-08-15T21:47:42.353+0300] {logging_mixin.py:150} INFO - [2023-08-15T21:47:42.352+0300] {dagbag.py:541} INFO - Filling up the DagBag from /mnt/kali/DataHunt/venv/lib/python3.11/site-packages/airflow/example_dags/example_branch_labels.py
[2023-08-15T21:47:42.378+0300] {processor.py:836} INFO - DAG(s) dict_keys(['example_branch_labels']) retrieved from /mnt/kali/DataHunt/venv/lib/python3.11/site-packages/airflow/example_dags/example_branch_labels.py
[2023-08-15T21:47:42.889+0300] {logging_mixin.py:150} INFO - [2023-08-15T21:47:42.889+0300] {manager.py:504} INFO - Created Permission View: can read on DAG:example_branch_labels
[2023-08-15T21:47:42.962+0300] {logging_mixin.py:150} INFO - [2023-08-15T21:47:42.962+0300] {manager.py:504} INFO - Created Permission View: can delete on DAG:example_branch_labels
[2023-08-15T21:47:43.040+0300] {logging_mixin.py:150} INFO - [2023-08-15T21:47:43.040+0300] {manager.py:504} INFO - Created Permission View: can edit on DAG:example_branch_labels
[2023-08-15T21:47:43.079+0300] {logging_mixin.py:150} INFO - [2023-08-15T21:47:43.079+0300] {dag.py:2742} INFO - Sync 1 DAGs
[2023-08-15T21:47:43.115+0300] {logging_mixin.py:150} INFO - [2023-08-15T21:47:43.115+0300] {dag.py:2763} INFO - Creating ORM DAG for example_branch_labels
[2023-08-15T21:47:43.155+0300] {logging_mixin.py:150} INFO - [2023-08-15T21:47:43.154+0300] {dag.py:3504} INFO - Setting next_dagrun for example_branch_labels to 2023-08-14T00:00:00+00:00, run_after=2023-08-15T00:00:00+00:00
[2023-08-15T21:47:43.220+0300] {processor.py:179} INFO - Processing /mnt/kali/DataHunt/venv/lib/python3.11/site-packages/airflow/example_dags/example_branch_labels.py took 0.883 seconds
[2023-08-15T21:48:13.777+0300] {processor.py:157} INFO - Started process (PID=234245) to work on /mnt/kali/DataHunt/venv/lib/python3.11/site-packages/airflow/example_dags/example_branch_labels.py
[2023-08-15T21:48:13.779+0300] {processor.py:826} INFO - Processing file /mnt/kali/DataHunt/venv/lib/python3.11/site-packages/airflow/example_dags/example_branch_labels.py for tasks to queue
[2023-08-15T21:48:13.781+0300] {logging_mixin.py:150} INFO - [2023-08-15T21:48:13.780+0300] {dagbag.py:541} INFO - Filling up the DagBag from /mnt/kali/DataHunt/venv/lib/python3.11/site-packages/airflow/example_dags/example_branch_labels.py
[2023-08-15T21:48:13.804+0300] {processor.py:836} INFO - DAG(s) dict_keys(['example_branch_labels']) retrieved from /mnt/kali/DataHunt/venv/lib/python3.11/site-packages/airflow/example_dags/example_branch_labels.py
[2023-08-15T21:48:13.925+0300] {logging_mixin.py:150} INFO - [2023-08-15T21:48:13.924+0300] {dag.py:2742} INFO - Sync 1 DAGs
[2023-08-15T21:48:14.027+0300] {logging_mixin.py:150} INFO - [2023-08-15T21:48:14.026+0300] {dag.py:3504} INFO - Setting next_dagrun for example_branch_labels to 2023-08-14T00:00:00+00:00, run_after=2023-08-15T00:00:00+00:00
[2023-08-15T21:48:14.094+0300] {processor.py:179} INFO - Processing /mnt/kali/DataHunt/venv/lib/python3.11/site-packages/airflow/example_dags/example_branch_labels.py took 0.327 seconds
[2023-08-15T21:48:45.507+0300] {processor.py:157} INFO - Started process (PID=234873) to work on /mnt/kali/DataHunt/venv/lib/python3.11/site-packages/airflow/example_dags/example_branch_labels.py
[2023-08-15T21:48:45.556+0300] {processor.py:826} INFO - Processing file /mnt/kali/DataHunt/venv/lib/python3.11/site-packages/airflow/example_dags/example_branch_labels.py for tasks to queue
[2023-08-15T21:48:45.558+0300] {logging_mixin.py:150} INFO - [2023-08-15T21:48:45.557+0300] {dagbag.py:541} INFO - Filling up the DagBag from /mnt/kali/DataHunt/venv/lib/python3.11/site-packages/airflow/example_dags/example_branch_labels.py
[2023-08-15T21:48:45.585+0300] {processor.py:836} INFO - DAG(s) dict_keys(['example_branch_labels']) retrieved from /mnt/kali/DataHunt/venv/lib/python3.11/site-packages/airflow/example_dags/example_branch_labels.py
[2023-08-15T21:48:45.711+0300] {logging_mixin.py:150} INFO - [2023-08-15T21:48:45.710+0300] {dag.py:2742} INFO - Sync 1 DAGs
[2023-08-15T21:48:45.861+0300] {logging_mixin.py:150} INFO - [2023-08-15T21:48:45.860+0300] {dag.py:3504} INFO - Setting next_dagrun for example_branch_labels to 2023-08-14T00:00:00+00:00, run_after=2023-08-15T00:00:00+00:00
[2023-08-15T21:48:45.938+0300] {processor.py:179} INFO - Processing /mnt/kali/DataHunt/venv/lib/python3.11/site-packages/airflow/example_dags/example_branch_labels.py took 0.442 seconds
[2023-08-15T21:49:24.627+0300] {processor.py:157} INFO - Started process (PID=235512) to work on /mnt/kali/DataHunt/venv/lib/python3.11/site-packages/airflow/example_dags/example_branch_labels.py
[2023-08-15T21:49:24.638+0300] {processor.py:826} INFO - Processing file /mnt/kali/DataHunt/venv/lib/python3.11/site-packages/airflow/example_dags/example_branch_labels.py for tasks to queue
[2023-08-15T21:49:24.641+0300] {logging_mixin.py:150} INFO - [2023-08-15T21:49:24.640+0300] {dagbag.py:541} INFO - Filling up the DagBag from /mnt/kali/DataHunt/venv/lib/python3.11/site-packages/airflow/example_dags/example_branch_labels.py
[2023-08-15T21:49:24.669+0300] {processor.py:836} INFO - DAG(s) dict_keys(['example_branch_labels']) retrieved from /mnt/kali/DataHunt/venv/lib/python3.11/site-packages/airflow/example_dags/example_branch_labels.py
[2023-08-15T21:49:24.769+0300] {logging_mixin.py:150} INFO - [2023-08-15T21:49:24.769+0300] {dag.py:2742} INFO - Sync 1 DAGs
[2023-08-15T21:49:25.133+0300] {logging_mixin.py:150} INFO - [2023-08-15T21:49:25.133+0300] {dag.py:3504} INFO - Setting next_dagrun for example_branch_labels to 2023-08-14T00:00:00+00:00, run_after=2023-08-15T00:00:00+00:00
[2023-08-15T21:49:25.205+0300] {processor.py:179} INFO - Processing /mnt/kali/DataHunt/venv/lib/python3.11/site-packages/airflow/example_dags/example_branch_labels.py took 0.591 seconds
[2023-08-15T21:49:56.863+0300] {processor.py:157} INFO - Started process (PID=235888) to work on /mnt/kali/DataHunt/venv/lib/python3.11/site-packages/airflow/example_dags/example_branch_labels.py
[2023-08-15T21:49:56.872+0300] {processor.py:826} INFO - Processing file /mnt/kali/DataHunt/venv/lib/python3.11/site-packages/airflow/example_dags/example_branch_labels.py for tasks to queue
[2023-08-15T21:49:56.874+0300] {logging_mixin.py:150} INFO - [2023-08-15T21:49:56.873+0300] {dagbag.py:541} INFO - Filling up the DagBag from /mnt/kali/DataHunt/venv/lib/python3.11/site-packages/airflow/example_dags/example_branch_labels.py
[2023-08-15T21:49:56.904+0300] {processor.py:836} INFO - DAG(s) dict_keys(['example_branch_labels']) retrieved from /mnt/kali/DataHunt/venv/lib/python3.11/site-packages/airflow/example_dags/example_branch_labels.py
[2023-08-15T21:49:57.026+0300] {logging_mixin.py:150} INFO - [2023-08-15T21:49:57.026+0300] {dag.py:2742} INFO - Sync 1 DAGs
[2023-08-15T21:49:57.137+0300] {logging_mixin.py:150} INFO - [2023-08-15T21:49:57.136+0300] {dag.py:3504} INFO - Setting next_dagrun for example_branch_labels to 2023-08-14T00:00:00+00:00, run_after=2023-08-15T00:00:00+00:00
[2023-08-15T21:49:57.242+0300] {processor.py:179} INFO - Processing /mnt/kali/DataHunt/venv/lib/python3.11/site-packages/airflow/example_dags/example_branch_labels.py took 0.393 seconds
[2023-08-15T21:50:31.652+0300] {processor.py:157} INFO - Started process (PID=236300) to work on /mnt/kali/DataHunt/venv/lib/python3.11/site-packages/airflow/example_dags/example_branch_labels.py
[2023-08-15T21:50:31.695+0300] {processor.py:826} INFO - Processing file /mnt/kali/DataHunt/venv/lib/python3.11/site-packages/airflow/example_dags/example_branch_labels.py for tasks to queue
[2023-08-15T21:50:31.700+0300] {logging_mixin.py:150} INFO - [2023-08-15T21:50:31.698+0300] {dagbag.py:541} INFO - Filling up the DagBag from /mnt/kali/DataHunt/venv/lib/python3.11/site-packages/airflow/example_dags/example_branch_labels.py
[2023-08-15T21:50:31.744+0300] {processor.py:836} INFO - DAG(s) dict_keys(['example_branch_labels']) retrieved from /mnt/kali/DataHunt/venv/lib/python3.11/site-packages/airflow/example_dags/example_branch_labels.py
[2023-08-15T21:50:32.076+0300] {logging_mixin.py:150} INFO - [2023-08-15T21:50:32.076+0300] {dag.py:2742} INFO - Sync 1 DAGs
[2023-08-15T21:50:32.423+0300] {logging_mixin.py:150} INFO - [2023-08-15T21:50:32.423+0300] {dag.py:3504} INFO - Setting next_dagrun for example_branch_labels to 2023-08-14T00:00:00+00:00, run_after=2023-08-15T00:00:00+00:00
[2023-08-15T21:50:32.955+0300] {processor.py:179} INFO - Processing /mnt/kali/DataHunt/venv/lib/python3.11/site-packages/airflow/example_dags/example_branch_labels.py took 1.317 seconds
[2023-08-15T21:51:03.789+0300] {processor.py:157} INFO - Started process (PID=236739) to work on /mnt/kali/DataHunt/venv/lib/python3.11/site-packages/airflow/example_dags/example_branch_labels.py
[2023-08-15T21:51:03.799+0300] {processor.py:826} INFO - Processing file /mnt/kali/DataHunt/venv/lib/python3.11/site-packages/airflow/example_dags/example_branch_labels.py for tasks to queue
[2023-08-15T21:51:03.803+0300] {logging_mixin.py:150} INFO - [2023-08-15T21:51:03.801+0300] {dagbag.py:541} INFO - Filling up the DagBag from /mnt/kali/DataHunt/venv/lib/python3.11/site-packages/airflow/example_dags/example_branch_labels.py
[2023-08-15T21:51:03.854+0300] {processor.py:836} INFO - DAG(s) dict_keys(['example_branch_labels']) retrieved from /mnt/kali/DataHunt/venv/lib/python3.11/site-packages/airflow/example_dags/example_branch_labels.py
[2023-08-15T21:51:04.056+0300] {logging_mixin.py:150} INFO - [2023-08-15T21:51:04.055+0300] {dag.py:2742} INFO - Sync 1 DAGs
[2023-08-15T21:51:04.263+0300] {logging_mixin.py:150} INFO - [2023-08-15T21:51:04.262+0300] {dag.py:3504} INFO - Setting next_dagrun for example_branch_labels to 2023-08-14T00:00:00+00:00, run_after=2023-08-15T00:00:00+00:00
[2023-08-15T21:51:04.376+0300] {processor.py:179} INFO - Processing /mnt/kali/DataHunt/venv/lib/python3.11/site-packages/airflow/example_dags/example_branch_labels.py took 0.605 seconds
[2023-08-15T21:51:34.803+0300] {processor.py:157} INFO - Started process (PID=237317) to work on /mnt/kali/DataHunt/venv/lib/python3.11/site-packages/airflow/example_dags/example_branch_labels.py
[2023-08-15T21:51:34.820+0300] {processor.py:826} INFO - Processing file /mnt/kali/DataHunt/venv/lib/python3.11/site-packages/airflow/example_dags/example_branch_labels.py for tasks to queue
[2023-08-15T21:51:34.822+0300] {logging_mixin.py:150} INFO - [2023-08-15T21:51:34.821+0300] {dagbag.py:541} INFO - Filling up the DagBag from /mnt/kali/DataHunt/venv/lib/python3.11/site-packages/airflow/example_dags/example_branch_labels.py
[2023-08-15T21:51:34.844+0300] {processor.py:836} INFO - DAG(s) dict_keys(['example_branch_labels']) retrieved from /mnt/kali/DataHunt/venv/lib/python3.11/site-packages/airflow/example_dags/example_branch_labels.py
[2023-08-15T21:51:34.958+0300] {logging_mixin.py:150} INFO - [2023-08-15T21:51:34.958+0300] {dag.py:2742} INFO - Sync 1 DAGs
[2023-08-15T21:51:35.057+0300] {logging_mixin.py:150} INFO - [2023-08-15T21:51:35.057+0300] {dag.py:3504} INFO - Setting next_dagrun for example_branch_labels to 2023-08-14T00:00:00+00:00, run_after=2023-08-15T00:00:00+00:00
[2023-08-15T21:51:35.124+0300] {processor.py:179} INFO - Processing /mnt/kali/DataHunt/venv/lib/python3.11/site-packages/airflow/example_dags/example_branch_labels.py took 0.337 seconds
[2023-08-15T21:52:05.735+0300] {processor.py:157} INFO - Started process (PID=237876) to work on /mnt/kali/DataHunt/venv/lib/python3.11/site-packages/airflow/example_dags/example_branch_labels.py
[2023-08-15T21:52:05.754+0300] {processor.py:826} INFO - Processing file /mnt/kali/DataHunt/venv/lib/python3.11/site-packages/airflow/example_dags/example_branch_labels.py for tasks to queue
[2023-08-15T21:52:05.757+0300] {logging_mixin.py:150} INFO - [2023-08-15T21:52:05.755+0300] {dagbag.py:541} INFO - Filling up the DagBag from /mnt/kali/DataHunt/venv/lib/python3.11/site-packages/airflow/example_dags/example_branch_labels.py
[2023-08-15T21:52:05.787+0300] {processor.py:836} INFO - DAG(s) dict_keys(['example_branch_labels']) retrieved from /mnt/kali/DataHunt/venv/lib/python3.11/site-packages/airflow/example_dags/example_branch_labels.py
[2023-08-15T21:52:05.912+0300] {logging_mixin.py:150} INFO - [2023-08-15T21:52:05.911+0300] {dag.py:2742} INFO - Sync 1 DAGs
[2023-08-15T21:52:05.993+0300] {logging_mixin.py:150} INFO - [2023-08-15T21:52:05.993+0300] {dag.py:3504} INFO - Setting next_dagrun for example_branch_labels to 2023-08-14T00:00:00+00:00, run_after=2023-08-15T00:00:00+00:00
[2023-08-15T21:52:06.051+0300] {processor.py:179} INFO - Processing /mnt/kali/DataHunt/venv/lib/python3.11/site-packages/airflow/example_dags/example_branch_labels.py took 0.329 seconds
[2023-08-15T21:52:36.335+0300] {processor.py:157} INFO - Started process (PID=238265) to work on /mnt/kali/DataHunt/venv/lib/python3.11/site-packages/airflow/example_dags/example_branch_labels.py
[2023-08-15T21:52:36.338+0300] {processor.py:826} INFO - Processing file /mnt/kali/DataHunt/venv/lib/python3.11/site-packages/airflow/example_dags/example_branch_labels.py for tasks to queue
[2023-08-15T21:52:36.341+0300] {logging_mixin.py:150} INFO - [2023-08-15T21:52:36.339+0300] {dagbag.py:541} INFO - Filling up the DagBag from /mnt/kali/DataHunt/venv/lib/python3.11/site-packages/airflow/example_dags/example_branch_labels.py
[2023-08-15T21:52:36.386+0300] {processor.py:836} INFO - DAG(s) dict_keys(['example_branch_labels']) retrieved from /mnt/kali/DataHunt/venv/lib/python3.11/site-packages/airflow/example_dags/example_branch_labels.py
[2023-08-15T21:52:36.533+0300] {logging_mixin.py:150} INFO - [2023-08-15T21:52:36.532+0300] {dag.py:2742} INFO - Sync 1 DAGs
[2023-08-15T21:52:36.640+0300] {logging_mixin.py:150} INFO - [2023-08-15T21:52:36.640+0300] {dag.py:3504} INFO - Setting next_dagrun for example_branch_labels to 2023-08-14T00:00:00+00:00, run_after=2023-08-15T00:00:00+00:00
[2023-08-15T21:52:36.724+0300] {processor.py:179} INFO - Processing /mnt/kali/DataHunt/venv/lib/python3.11/site-packages/airflow/example_dags/example_branch_labels.py took 0.407 seconds
[2023-08-15T21:53:06.844+0300] {processor.py:157} INFO - Started process (PID=238646) to work on /mnt/kali/DataHunt/venv/lib/python3.11/site-packages/airflow/example_dags/example_branch_labels.py
[2023-08-15T21:53:06.854+0300] {processor.py:826} INFO - Processing file /mnt/kali/DataHunt/venv/lib/python3.11/site-packages/airflow/example_dags/example_branch_labels.py for tasks to queue
[2023-08-15T21:53:06.857+0300] {logging_mixin.py:150} INFO - [2023-08-15T21:53:06.856+0300] {dagbag.py:541} INFO - Filling up the DagBag from /mnt/kali/DataHunt/venv/lib/python3.11/site-packages/airflow/example_dags/example_branch_labels.py
[2023-08-15T21:53:06.894+0300] {processor.py:836} INFO - DAG(s) dict_keys(['example_branch_labels']) retrieved from /mnt/kali/DataHunt/venv/lib/python3.11/site-packages/airflow/example_dags/example_branch_labels.py
[2023-08-15T21:53:07.034+0300] {logging_mixin.py:150} INFO - [2023-08-15T21:53:07.034+0300] {dag.py:2742} INFO - Sync 1 DAGs
[2023-08-15T21:53:07.119+0300] {logging_mixin.py:150} INFO - [2023-08-15T21:53:07.119+0300] {dag.py:3504} INFO - Setting next_dagrun for example_branch_labels to 2023-08-14T00:00:00+00:00, run_after=2023-08-15T00:00:00+00:00
[2023-08-15T21:53:07.196+0300] {processor.py:179} INFO - Processing /mnt/kali/DataHunt/venv/lib/python3.11/site-packages/airflow/example_dags/example_branch_labels.py took 0.363 seconds
[2023-08-15T21:53:37.594+0300] {processor.py:157} INFO - Started process (PID=239189) to work on /mnt/kali/DataHunt/venv/lib/python3.11/site-packages/airflow/example_dags/example_branch_labels.py
[2023-08-15T21:53:37.605+0300] {processor.py:826} INFO - Processing file /mnt/kali/DataHunt/venv/lib/python3.11/site-packages/airflow/example_dags/example_branch_labels.py for tasks to queue
[2023-08-15T21:53:37.608+0300] {logging_mixin.py:150} INFO - [2023-08-15T21:53:37.607+0300] {dagbag.py:541} INFO - Filling up the DagBag from /mnt/kali/DataHunt/venv/lib/python3.11/site-packages/airflow/example_dags/example_branch_labels.py
[2023-08-15T21:53:37.692+0300] {processor.py:836} INFO - DAG(s) dict_keys(['example_branch_labels']) retrieved from /mnt/kali/DataHunt/venv/lib/python3.11/site-packages/airflow/example_dags/example_branch_labels.py
[2023-08-15T21:53:38.012+0300] {logging_mixin.py:150} INFO - [2023-08-15T21:53:38.012+0300] {dag.py:2742} INFO - Sync 1 DAGs
[2023-08-15T21:53:38.228+0300] {logging_mixin.py:150} INFO - [2023-08-15T21:53:38.227+0300] {dag.py:3504} INFO - Setting next_dagrun for example_branch_labels to 2023-08-14T00:00:00+00:00, run_after=2023-08-15T00:00:00+00:00
[2023-08-15T21:53:38.338+0300] {processor.py:179} INFO - Processing /mnt/kali/DataHunt/venv/lib/python3.11/site-packages/airflow/example_dags/example_branch_labels.py took 0.782 seconds
[2023-08-15T21:54:09.126+0300] {processor.py:157} INFO - Started process (PID=239814) to work on /mnt/kali/DataHunt/venv/lib/python3.11/site-packages/airflow/example_dags/example_branch_labels.py
[2023-08-15T21:54:09.132+0300] {processor.py:826} INFO - Processing file /mnt/kali/DataHunt/venv/lib/python3.11/site-packages/airflow/example_dags/example_branch_labels.py for tasks to queue
[2023-08-15T21:54:09.135+0300] {logging_mixin.py:150} INFO - [2023-08-15T21:54:09.134+0300] {dagbag.py:541} INFO - Filling up the DagBag from /mnt/kali/DataHunt/venv/lib/python3.11/site-packages/airflow/example_dags/example_branch_labels.py
[2023-08-15T21:54:09.171+0300] {processor.py:836} INFO - DAG(s) dict_keys(['example_branch_labels']) retrieved from /mnt/kali/DataHunt/venv/lib/python3.11/site-packages/airflow/example_dags/example_branch_labels.py
[2023-08-15T21:54:09.294+0300] {logging_mixin.py:150} INFO - [2023-08-15T21:54:09.293+0300] {dag.py:2742} INFO - Sync 1 DAGs
[2023-08-15T21:54:09.381+0300] {logging_mixin.py:150} INFO - [2023-08-15T21:54:09.380+0300] {dag.py:3504} INFO - Setting next_dagrun for example_branch_labels to 2023-08-14T00:00:00+00:00, run_after=2023-08-15T00:00:00+00:00
[2023-08-15T21:54:09.480+0300] {processor.py:179} INFO - Processing /mnt/kali/DataHunt/venv/lib/python3.11/site-packages/airflow/example_dags/example_branch_labels.py took 0.371 seconds
[2023-08-15T21:54:40.552+0300] {processor.py:157} INFO - Started process (PID=240190) to work on /mnt/kali/DataHunt/venv/lib/python3.11/site-packages/airflow/example_dags/example_branch_labels.py
[2023-08-15T21:54:40.554+0300] {processor.py:826} INFO - Processing file /mnt/kali/DataHunt/venv/lib/python3.11/site-packages/airflow/example_dags/example_branch_labels.py for tasks to queue
[2023-08-15T21:54:40.556+0300] {logging_mixin.py:150} INFO - [2023-08-15T21:54:40.555+0300] {dagbag.py:541} INFO - Filling up the DagBag from /mnt/kali/DataHunt/venv/lib/python3.11/site-packages/airflow/example_dags/example_branch_labels.py
[2023-08-15T21:54:40.588+0300] {processor.py:836} INFO - DAG(s) dict_keys(['example_branch_labels']) retrieved from /mnt/kali/DataHunt/venv/lib/python3.11/site-packages/airflow/example_dags/example_branch_labels.py
[2023-08-15T21:54:40.939+0300] {logging_mixin.py:150} INFO - [2023-08-15T21:54:40.938+0300] {dag.py:2742} INFO - Sync 1 DAGs
[2023-08-15T21:54:41.105+0300] {logging_mixin.py:150} INFO - [2023-08-15T21:54:41.104+0300] {dag.py:3504} INFO - Setting next_dagrun for example_branch_labels to 2023-08-14T00:00:00+00:00, run_after=2023-08-15T00:00:00+00:00
[2023-08-15T21:54:41.239+0300] {processor.py:179} INFO - Processing /mnt/kali/DataHunt/venv/lib/python3.11/site-packages/airflow/example_dags/example_branch_labels.py took 0.700 seconds
[2023-08-15T21:55:11.458+0300] {processor.py:157} INFO - Started process (PID=240580) to work on /mnt/kali/DataHunt/venv/lib/python3.11/site-packages/airflow/example_dags/example_branch_labels.py
[2023-08-15T21:55:11.472+0300] {processor.py:826} INFO - Processing file /mnt/kali/DataHunt/venv/lib/python3.11/site-packages/airflow/example_dags/example_branch_labels.py for tasks to queue
[2023-08-15T21:55:11.475+0300] {logging_mixin.py:150} INFO - [2023-08-15T21:55:11.474+0300] {dagbag.py:541} INFO - Filling up the DagBag from /mnt/kali/DataHunt/venv/lib/python3.11/site-packages/airflow/example_dags/example_branch_labels.py
[2023-08-15T21:55:11.536+0300] {processor.py:836} INFO - DAG(s) dict_keys(['example_branch_labels']) retrieved from /mnt/kali/DataHunt/venv/lib/python3.11/site-packages/airflow/example_dags/example_branch_labels.py
[2023-08-15T21:55:11.688+0300] {logging_mixin.py:150} INFO - [2023-08-15T21:55:11.687+0300] {dag.py:2742} INFO - Sync 1 DAGs
[2023-08-15T21:55:11.793+0300] {logging_mixin.py:150} INFO - [2023-08-15T21:55:11.792+0300] {dag.py:3504} INFO - Setting next_dagrun for example_branch_labels to 2023-08-14T00:00:00+00:00, run_after=2023-08-15T00:00:00+00:00
[2023-08-15T21:55:11.962+0300] {processor.py:179} INFO - Processing /mnt/kali/DataHunt/venv/lib/python3.11/site-packages/airflow/example_dags/example_branch_labels.py took 0.520 seconds
[2023-08-15T21:55:42.275+0300] {processor.py:157} INFO - Started process (PID=240974) to work on /mnt/kali/DataHunt/venv/lib/python3.11/site-packages/airflow/example_dags/example_branch_labels.py
[2023-08-15T21:55:42.283+0300] {processor.py:826} INFO - Processing file /mnt/kali/DataHunt/venv/lib/python3.11/site-packages/airflow/example_dags/example_branch_labels.py for tasks to queue
[2023-08-15T21:55:42.288+0300] {logging_mixin.py:150} INFO - [2023-08-15T21:55:42.286+0300] {dagbag.py:541} INFO - Filling up the DagBag from /mnt/kali/DataHunt/venv/lib/python3.11/site-packages/airflow/example_dags/example_branch_labels.py
[2023-08-15T21:55:42.330+0300] {processor.py:836} INFO - DAG(s) dict_keys(['example_branch_labels']) retrieved from /mnt/kali/DataHunt/venv/lib/python3.11/site-packages/airflow/example_dags/example_branch_labels.py
[2023-08-15T21:55:42.476+0300] {logging_mixin.py:150} INFO - [2023-08-15T21:55:42.476+0300] {dag.py:2742} INFO - Sync 1 DAGs
[2023-08-15T21:55:42.592+0300] {logging_mixin.py:150} INFO - [2023-08-15T21:55:42.591+0300] {dag.py:3504} INFO - Setting next_dagrun for example_branch_labels to 2023-08-14T00:00:00+00:00, run_after=2023-08-15T00:00:00+00:00
[2023-08-15T21:55:42.673+0300] {processor.py:179} INFO - Processing /mnt/kali/DataHunt/venv/lib/python3.11/site-packages/airflow/example_dags/example_branch_labels.py took 0.414 seconds
[2023-08-15T21:56:12.984+0300] {processor.py:157} INFO - Started process (PID=241522) to work on /mnt/kali/DataHunt/venv/lib/python3.11/site-packages/airflow/example_dags/example_branch_labels.py
[2023-08-15T21:56:12.989+0300] {processor.py:826} INFO - Processing file /mnt/kali/DataHunt/venv/lib/python3.11/site-packages/airflow/example_dags/example_branch_labels.py for tasks to queue
[2023-08-15T21:56:12.991+0300] {logging_mixin.py:150} INFO - [2023-08-15T21:56:12.990+0300] {dagbag.py:541} INFO - Filling up the DagBag from /mnt/kali/DataHunt/venv/lib/python3.11/site-packages/airflow/example_dags/example_branch_labels.py
[2023-08-15T21:56:13.020+0300] {processor.py:836} INFO - DAG(s) dict_keys(['example_branch_labels']) retrieved from /mnt/kali/DataHunt/venv/lib/python3.11/site-packages/airflow/example_dags/example_branch_labels.py
[2023-08-15T21:56:13.140+0300] {logging_mixin.py:150} INFO - [2023-08-15T21:56:13.139+0300] {dag.py:2742} INFO - Sync 1 DAGs
[2023-08-15T21:56:13.243+0300] {logging_mixin.py:150} INFO - [2023-08-15T21:56:13.242+0300] {dag.py:3504} INFO - Setting next_dagrun for example_branch_labels to 2023-08-14T00:00:00+00:00, run_after=2023-08-15T00:00:00+00:00
[2023-08-15T21:56:13.317+0300] {processor.py:179} INFO - Processing /mnt/kali/DataHunt/venv/lib/python3.11/site-packages/airflow/example_dags/example_branch_labels.py took 0.345 seconds
[2023-08-15T21:56:43.915+0300] {processor.py:157} INFO - Started process (PID=242156) to work on /mnt/kali/DataHunt/venv/lib/python3.11/site-packages/airflow/example_dags/example_branch_labels.py
[2023-08-15T21:56:43.922+0300] {processor.py:826} INFO - Processing file /mnt/kali/DataHunt/venv/lib/python3.11/site-packages/airflow/example_dags/example_branch_labels.py for tasks to queue
[2023-08-15T21:56:43.925+0300] {logging_mixin.py:150} INFO - [2023-08-15T21:56:43.924+0300] {dagbag.py:541} INFO - Filling up the DagBag from /mnt/kali/DataHunt/venv/lib/python3.11/site-packages/airflow/example_dags/example_branch_labels.py
[2023-08-15T21:56:43.965+0300] {processor.py:836} INFO - DAG(s) dict_keys(['example_branch_labels']) retrieved from /mnt/kali/DataHunt/venv/lib/python3.11/site-packages/airflow/example_dags/example_branch_labels.py
[2023-08-15T21:56:44.166+0300] {logging_mixin.py:150} INFO - [2023-08-15T21:56:44.165+0300] {dag.py:2742} INFO - Sync 1 DAGs
[2023-08-15T21:56:44.422+0300] {logging_mixin.py:150} INFO - [2023-08-15T21:56:44.421+0300] {dag.py:3504} INFO - Setting next_dagrun for example_branch_labels to 2023-08-14T00:00:00+00:00, run_after=2023-08-15T00:00:00+00:00
[2023-08-15T21:56:44.598+0300] {processor.py:179} INFO - Processing /mnt/kali/DataHunt/venv/lib/python3.11/site-packages/airflow/example_dags/example_branch_labels.py took 0.698 seconds
[2023-08-15T21:57:15.796+0300] {processor.py:157} INFO - Started process (PID=242624) to work on /mnt/kali/DataHunt/venv/lib/python3.11/site-packages/airflow/example_dags/example_branch_labels.py
[2023-08-15T21:57:15.845+0300] {processor.py:826} INFO - Processing file /mnt/kali/DataHunt/venv/lib/python3.11/site-packages/airflow/example_dags/example_branch_labels.py for tasks to queue
[2023-08-15T21:57:15.847+0300] {logging_mixin.py:150} INFO - [2023-08-15T21:57:15.846+0300] {dagbag.py:541} INFO - Filling up the DagBag from /mnt/kali/DataHunt/venv/lib/python3.11/site-packages/airflow/example_dags/example_branch_labels.py
[2023-08-15T21:57:15.899+0300] {processor.py:836} INFO - DAG(s) dict_keys(['example_branch_labels']) retrieved from /mnt/kali/DataHunt/venv/lib/python3.11/site-packages/airflow/example_dags/example_branch_labels.py
[2023-08-15T21:57:16.182+0300] {logging_mixin.py:150} INFO - [2023-08-15T21:57:16.182+0300] {dag.py:2742} INFO - Sync 1 DAGs
[2023-08-15T21:57:16.331+0300] {logging_mixin.py:150} INFO - [2023-08-15T21:57:16.330+0300] {dag.py:3504} INFO - Setting next_dagrun for example_branch_labels to 2023-08-14T00:00:00+00:00, run_after=2023-08-15T00:00:00+00:00
[2023-08-15T21:57:16.489+0300] {processor.py:179} INFO - Processing /mnt/kali/DataHunt/venv/lib/python3.11/site-packages/airflow/example_dags/example_branch_labels.py took 0.706 seconds
[2023-08-15T21:57:48.167+0300] {processor.py:157} INFO - Started process (PID=243087) to work on /mnt/kali/DataHunt/venv/lib/python3.11/site-packages/airflow/example_dags/example_branch_labels.py
[2023-08-15T21:57:48.189+0300] {processor.py:826} INFO - Processing file /mnt/kali/DataHunt/venv/lib/python3.11/site-packages/airflow/example_dags/example_branch_labels.py for tasks to queue
[2023-08-15T21:57:48.193+0300] {logging_mixin.py:150} INFO - [2023-08-15T21:57:48.192+0300] {dagbag.py:541} INFO - Filling up the DagBag from /mnt/kali/DataHunt/venv/lib/python3.11/site-packages/airflow/example_dags/example_branch_labels.py
[2023-08-15T21:57:48.299+0300] {processor.py:836} INFO - DAG(s) dict_keys(['example_branch_labels']) retrieved from /mnt/kali/DataHunt/venv/lib/python3.11/site-packages/airflow/example_dags/example_branch_labels.py
[2023-08-15T21:57:48.482+0300] {logging_mixin.py:150} INFO - [2023-08-15T21:57:48.481+0300] {dag.py:2742} INFO - Sync 1 DAGs
[2023-08-15T21:57:48.586+0300] {logging_mixin.py:150} INFO - [2023-08-15T21:57:48.586+0300] {dag.py:3504} INFO - Setting next_dagrun for example_branch_labels to 2023-08-14T00:00:00+00:00, run_after=2023-08-15T00:00:00+00:00
[2023-08-15T21:57:48.690+0300] {processor.py:179} INFO - Processing /mnt/kali/DataHunt/venv/lib/python3.11/site-packages/airflow/example_dags/example_branch_labels.py took 0.560 seconds
