[2023-08-15T21:26:18.370+0300] {processor.py:157} INFO - Started process (PID=214999) to work on /mnt/kali/DataHunt/venv/lib/python3.11/site-packages/airflow/example_dags/example_latest_only.py
[2023-08-15T21:26:18.388+0300] {processor.py:826} INFO - Processing file /mnt/kali/DataHunt/venv/lib/python3.11/site-packages/airflow/example_dags/example_latest_only.py for tasks to queue
[2023-08-15T21:26:18.393+0300] {logging_mixin.py:150} INFO - [2023-08-15T21:26:18.390+0300] {dagbag.py:541} INFO - Filling up the DagBag from /mnt/kali/DataHunt/venv/lib/python3.11/site-packages/airflow/example_dags/example_latest_only.py
[2023-08-15T21:26:18.457+0300] {processor.py:836} INFO - DAG(s) dict_keys(['latest_only']) retrieved from /mnt/kali/DataHunt/venv/lib/python3.11/site-packages/airflow/example_dags/example_latest_only.py
[2023-08-15T21:26:19.635+0300] {logging_mixin.py:150} INFO - [2023-08-15T21:26:19.634+0300] {manager.py:504} INFO - Created Permission View: can edit on DAG:latest_only
[2023-08-15T21:26:19.960+0300] {logging_mixin.py:150} INFO - [2023-08-15T21:26:19.959+0300] {manager.py:504} INFO - Created Permission View: can delete on DAG:latest_only
[2023-08-15T21:26:20.163+0300] {logging_mixin.py:150} INFO - [2023-08-15T21:26:20.163+0300] {manager.py:504} INFO - Created Permission View: can read on DAG:latest_only
[2023-08-15T21:26:20.281+0300] {logging_mixin.py:150} INFO - [2023-08-15T21:26:20.280+0300] {dag.py:2742} INFO - Sync 1 DAGs
[2023-08-15T21:26:20.333+0300] {logging_mixin.py:150} INFO - [2023-08-15T21:26:20.331+0300] {dag.py:2763} INFO - Creating ORM DAG for latest_only
[2023-08-15T21:26:20.379+0300] {logging_mixin.py:150} INFO - [2023-08-15T21:26:20.379+0300] {dag.py:3504} INFO - Setting next_dagrun for latest_only to 2023-08-15T14:26:20.378155+00:00, run_after=2023-08-15T18:26:20.378155+00:00
[2023-08-15T21:26:20.583+0300] {processor.py:179} INFO - Processing /mnt/kali/DataHunt/venv/lib/python3.11/site-packages/airflow/example_dags/example_latest_only.py took 2.254 seconds
[2023-08-15T21:29:38.070+0300] {processor.py:157} INFO - Started process (PID=217469) to work on /mnt/kali/DataHunt/venv/lib/python3.11/site-packages/airflow/example_dags/example_latest_only.py
[2023-08-15T21:29:38.091+0300] {processor.py:826} INFO - Processing file /mnt/kali/DataHunt/venv/lib/python3.11/site-packages/airflow/example_dags/example_latest_only.py for tasks to queue
[2023-08-15T21:29:38.101+0300] {logging_mixin.py:150} INFO - [2023-08-15T21:29:38.099+0300] {dagbag.py:541} INFO - Filling up the DagBag from /mnt/kali/DataHunt/venv/lib/python3.11/site-packages/airflow/example_dags/example_latest_only.py
[2023-08-15T21:29:38.251+0300] {processor.py:836} INFO - DAG(s) dict_keys(['latest_only']) retrieved from /mnt/kali/DataHunt/venv/lib/python3.11/site-packages/airflow/example_dags/example_latest_only.py
[2023-08-15T21:29:38.395+0300] {logging_mixin.py:150} INFO - [2023-08-15T21:29:38.394+0300] {dag.py:2742} INFO - Sync 1 DAGs
[2023-08-15T21:29:38.699+0300] {logging_mixin.py:150} INFO - [2023-08-15T21:29:38.698+0300] {dag.py:3504} INFO - Setting next_dagrun for latest_only to 2023-08-15T14:29:38.697646+00:00, run_after=2023-08-15T18:29:38.697646+00:00
[2023-08-15T21:29:39.042+0300] {processor.py:179} INFO - Processing /mnt/kali/DataHunt/venv/lib/python3.11/site-packages/airflow/example_dags/example_latest_only.py took 1.036 seconds
[2023-08-15T21:47:41.538+0300] {processor.py:157} INFO - Started process (PID=233842) to work on /mnt/kali/DataHunt/venv/lib/python3.11/site-packages/airflow/example_dags/example_latest_only.py
[2023-08-15T21:47:41.579+0300] {processor.py:826} INFO - Processing file /mnt/kali/DataHunt/venv/lib/python3.11/site-packages/airflow/example_dags/example_latest_only.py for tasks to queue
[2023-08-15T21:47:41.580+0300] {logging_mixin.py:150} INFO - [2023-08-15T21:47:41.580+0300] {dagbag.py:541} INFO - Filling up the DagBag from /mnt/kali/DataHunt/venv/lib/python3.11/site-packages/airflow/example_dags/example_latest_only.py
[2023-08-15T21:47:41.595+0300] {processor.py:836} INFO - DAG(s) dict_keys(['latest_only']) retrieved from /mnt/kali/DataHunt/venv/lib/python3.11/site-packages/airflow/example_dags/example_latest_only.py
[2023-08-15T21:47:41.962+0300] {logging_mixin.py:150} INFO - [2023-08-15T21:47:41.961+0300] {manager.py:504} INFO - Created Permission View: can read on DAG:latest_only
[2023-08-15T21:47:42.028+0300] {logging_mixin.py:150} INFO - [2023-08-15T21:47:42.028+0300] {manager.py:504} INFO - Created Permission View: can delete on DAG:latest_only
[2023-08-15T21:47:42.084+0300] {logging_mixin.py:150} INFO - [2023-08-15T21:47:42.083+0300] {manager.py:504} INFO - Created Permission View: can edit on DAG:latest_only
[2023-08-15T21:47:42.148+0300] {logging_mixin.py:150} INFO - [2023-08-15T21:47:42.148+0300] {dag.py:2742} INFO - Sync 1 DAGs
[2023-08-15T21:47:42.186+0300] {logging_mixin.py:150} INFO - [2023-08-15T21:47:42.185+0300] {dag.py:2763} INFO - Creating ORM DAG for latest_only
[2023-08-15T21:47:42.214+0300] {logging_mixin.py:150} INFO - [2023-08-15T21:47:42.213+0300] {dag.py:3504} INFO - Setting next_dagrun for latest_only to 2023-08-15T14:47:42.213396+00:00, run_after=2023-08-15T18:47:42.213396+00:00
[2023-08-15T21:47:42.284+0300] {processor.py:179} INFO - Processing /mnt/kali/DataHunt/venv/lib/python3.11/site-packages/airflow/example_dags/example_latest_only.py took 0.756 seconds
[2023-08-15T21:48:12.806+0300] {processor.py:157} INFO - Started process (PID=234237) to work on /mnt/kali/DataHunt/venv/lib/python3.11/site-packages/airflow/example_dags/example_latest_only.py
[2023-08-15T21:48:12.809+0300] {processor.py:826} INFO - Processing file /mnt/kali/DataHunt/venv/lib/python3.11/site-packages/airflow/example_dags/example_latest_only.py for tasks to queue
[2023-08-15T21:48:12.812+0300] {logging_mixin.py:150} INFO - [2023-08-15T21:48:12.811+0300] {dagbag.py:541} INFO - Filling up the DagBag from /mnt/kali/DataHunt/venv/lib/python3.11/site-packages/airflow/example_dags/example_latest_only.py
[2023-08-15T21:48:12.836+0300] {processor.py:836} INFO - DAG(s) dict_keys(['latest_only']) retrieved from /mnt/kali/DataHunt/venv/lib/python3.11/site-packages/airflow/example_dags/example_latest_only.py
[2023-08-15T21:48:12.963+0300] {logging_mixin.py:150} INFO - [2023-08-15T21:48:12.962+0300] {dag.py:2742} INFO - Sync 1 DAGs
[2023-08-15T21:48:13.061+0300] {logging_mixin.py:150} INFO - [2023-08-15T21:48:13.061+0300] {dag.py:3504} INFO - Setting next_dagrun for latest_only to 2023-08-15T14:48:13.060617+00:00, run_after=2023-08-15T18:48:13.060617+00:00
[2023-08-15T21:48:13.126+0300] {processor.py:179} INFO - Processing /mnt/kali/DataHunt/venv/lib/python3.11/site-packages/airflow/example_dags/example_latest_only.py took 0.333 seconds
[2023-08-15T21:48:45.130+0300] {processor.py:157} INFO - Started process (PID=234870) to work on /mnt/kali/DataHunt/venv/lib/python3.11/site-packages/airflow/example_dags/example_latest_only.py
[2023-08-15T21:48:45.212+0300] {processor.py:826} INFO - Processing file /mnt/kali/DataHunt/venv/lib/python3.11/site-packages/airflow/example_dags/example_latest_only.py for tasks to queue
[2023-08-15T21:48:45.215+0300] {logging_mixin.py:150} INFO - [2023-08-15T21:48:45.213+0300] {dagbag.py:541} INFO - Filling up the DagBag from /mnt/kali/DataHunt/venv/lib/python3.11/site-packages/airflow/example_dags/example_latest_only.py
[2023-08-15T21:48:45.242+0300] {processor.py:836} INFO - DAG(s) dict_keys(['latest_only']) retrieved from /mnt/kali/DataHunt/venv/lib/python3.11/site-packages/airflow/example_dags/example_latest_only.py
[2023-08-15T21:48:45.333+0300] {logging_mixin.py:150} INFO - [2023-08-15T21:48:45.332+0300] {dag.py:2742} INFO - Sync 1 DAGs
[2023-08-15T21:48:45.433+0300] {logging_mixin.py:150} INFO - [2023-08-15T21:48:45.432+0300] {dag.py:3504} INFO - Setting next_dagrun for latest_only to 2023-08-15T14:48:45.431862+00:00, run_after=2023-08-15T18:48:45.431862+00:00
[2023-08-15T21:48:45.544+0300] {processor.py:179} INFO - Processing /mnt/kali/DataHunt/venv/lib/python3.11/site-packages/airflow/example_dags/example_latest_only.py took 0.425 seconds
[2023-08-15T21:49:23.710+0300] {processor.py:157} INFO - Started process (PID=235508) to work on /mnt/kali/DataHunt/venv/lib/python3.11/site-packages/airflow/example_dags/example_latest_only.py
[2023-08-15T21:49:23.734+0300] {processor.py:826} INFO - Processing file /mnt/kali/DataHunt/venv/lib/python3.11/site-packages/airflow/example_dags/example_latest_only.py for tasks to queue
[2023-08-15T21:49:23.736+0300] {logging_mixin.py:150} INFO - [2023-08-15T21:49:23.735+0300] {dagbag.py:541} INFO - Filling up the DagBag from /mnt/kali/DataHunt/venv/lib/python3.11/site-packages/airflow/example_dags/example_latest_only.py
[2023-08-15T21:49:23.754+0300] {processor.py:836} INFO - DAG(s) dict_keys(['latest_only']) retrieved from /mnt/kali/DataHunt/venv/lib/python3.11/site-packages/airflow/example_dags/example_latest_only.py
[2023-08-15T21:49:24.296+0300] {logging_mixin.py:150} INFO - [2023-08-15T21:49:24.295+0300] {dag.py:2742} INFO - Sync 1 DAGs
[2023-08-15T21:49:24.457+0300] {logging_mixin.py:150} INFO - [2023-08-15T21:49:24.456+0300] {dag.py:3504} INFO - Setting next_dagrun for latest_only to 2023-08-15T14:49:24.456013+00:00, run_after=2023-08-15T18:49:24.456013+00:00
[2023-08-15T21:49:24.541+0300] {processor.py:179} INFO - Processing /mnt/kali/DataHunt/venv/lib/python3.11/site-packages/airflow/example_dags/example_latest_only.py took 0.844 seconds
[2023-08-15T21:49:56.260+0300] {processor.py:157} INFO - Started process (PID=235885) to work on /mnt/kali/DataHunt/venv/lib/python3.11/site-packages/airflow/example_dags/example_latest_only.py
[2023-08-15T21:49:56.301+0300] {processor.py:826} INFO - Processing file /mnt/kali/DataHunt/venv/lib/python3.11/site-packages/airflow/example_dags/example_latest_only.py for tasks to queue
[2023-08-15T21:49:56.304+0300] {logging_mixin.py:150} INFO - [2023-08-15T21:49:56.303+0300] {dagbag.py:541} INFO - Filling up the DagBag from /mnt/kali/DataHunt/venv/lib/python3.11/site-packages/airflow/example_dags/example_latest_only.py
[2023-08-15T21:49:56.337+0300] {processor.py:836} INFO - DAG(s) dict_keys(['latest_only']) retrieved from /mnt/kali/DataHunt/venv/lib/python3.11/site-packages/airflow/example_dags/example_latest_only.py
[2023-08-15T21:49:56.564+0300] {logging_mixin.py:150} INFO - [2023-08-15T21:49:56.564+0300] {dag.py:2742} INFO - Sync 1 DAGs
[2023-08-15T21:49:56.683+0300] {logging_mixin.py:150} INFO - [2023-08-15T21:49:56.683+0300] {dag.py:3504} INFO - Setting next_dagrun for latest_only to 2023-08-15T14:49:56.682129+00:00, run_after=2023-08-15T18:49:56.682129+00:00
[2023-08-15T21:49:56.776+0300] {processor.py:179} INFO - Processing /mnt/kali/DataHunt/venv/lib/python3.11/site-packages/airflow/example_dags/example_latest_only.py took 0.530 seconds
[2023-08-15T21:50:29.490+0300] {processor.py:157} INFO - Started process (PID=236281) to work on /mnt/kali/DataHunt/venv/lib/python3.11/site-packages/airflow/example_dags/example_latest_only.py
[2023-08-15T21:50:29.499+0300] {processor.py:826} INFO - Processing file /mnt/kali/DataHunt/venv/lib/python3.11/site-packages/airflow/example_dags/example_latest_only.py for tasks to queue
[2023-08-15T21:50:29.502+0300] {logging_mixin.py:150} INFO - [2023-08-15T21:50:29.501+0300] {dagbag.py:541} INFO - Filling up the DagBag from /mnt/kali/DataHunt/venv/lib/python3.11/site-packages/airflow/example_dags/example_latest_only.py
[2023-08-15T21:50:29.582+0300] {processor.py:836} INFO - DAG(s) dict_keys(['latest_only']) retrieved from /mnt/kali/DataHunt/venv/lib/python3.11/site-packages/airflow/example_dags/example_latest_only.py
[2023-08-15T21:50:30.067+0300] {logging_mixin.py:150} INFO - [2023-08-15T21:50:30.067+0300] {dag.py:2742} INFO - Sync 1 DAGs
[2023-08-15T21:50:30.769+0300] {logging_mixin.py:150} INFO - [2023-08-15T21:50:30.768+0300] {dag.py:3504} INFO - Setting next_dagrun for latest_only to 2023-08-15T14:50:30.767616+00:00, run_after=2023-08-15T18:50:30.767616+00:00
[2023-08-15T21:50:31.701+0300] {processor.py:179} INFO - Processing /mnt/kali/DataHunt/venv/lib/python3.11/site-packages/airflow/example_dags/example_latest_only.py took 2.264 seconds
[2023-08-15T21:51:01.967+0300] {processor.py:157} INFO - Started process (PID=236721) to work on /mnt/kali/DataHunt/venv/lib/python3.11/site-packages/airflow/example_dags/example_latest_only.py
[2023-08-15T21:51:01.994+0300] {processor.py:826} INFO - Processing file /mnt/kali/DataHunt/venv/lib/python3.11/site-packages/airflow/example_dags/example_latest_only.py for tasks to queue
[2023-08-15T21:51:01.996+0300] {logging_mixin.py:150} INFO - [2023-08-15T21:51:01.995+0300] {dagbag.py:541} INFO - Filling up the DagBag from /mnt/kali/DataHunt/venv/lib/python3.11/site-packages/airflow/example_dags/example_latest_only.py
[2023-08-15T21:51:02.063+0300] {processor.py:836} INFO - DAG(s) dict_keys(['latest_only']) retrieved from /mnt/kali/DataHunt/venv/lib/python3.11/site-packages/airflow/example_dags/example_latest_only.py
[2023-08-15T21:51:02.379+0300] {logging_mixin.py:150} INFO - [2023-08-15T21:51:02.379+0300] {dag.py:2742} INFO - Sync 1 DAGs
[2023-08-15T21:51:02.563+0300] {logging_mixin.py:150} INFO - [2023-08-15T21:51:02.562+0300] {dag.py:3504} INFO - Setting next_dagrun for latest_only to 2023-08-15T14:51:02.561984+00:00, run_after=2023-08-15T18:51:02.561984+00:00
[2023-08-15T21:51:02.683+0300] {processor.py:179} INFO - Processing /mnt/kali/DataHunt/venv/lib/python3.11/site-packages/airflow/example_dags/example_latest_only.py took 0.744 seconds
[2023-08-15T21:51:33.441+0300] {processor.py:157} INFO - Started process (PID=237293) to work on /mnt/kali/DataHunt/venv/lib/python3.11/site-packages/airflow/example_dags/example_latest_only.py
[2023-08-15T21:51:33.481+0300] {processor.py:826} INFO - Processing file /mnt/kali/DataHunt/venv/lib/python3.11/site-packages/airflow/example_dags/example_latest_only.py for tasks to queue
[2023-08-15T21:51:33.484+0300] {logging_mixin.py:150} INFO - [2023-08-15T21:51:33.483+0300] {dagbag.py:541} INFO - Filling up the DagBag from /mnt/kali/DataHunt/venv/lib/python3.11/site-packages/airflow/example_dags/example_latest_only.py
[2023-08-15T21:51:33.502+0300] {processor.py:836} INFO - DAG(s) dict_keys(['latest_only']) retrieved from /mnt/kali/DataHunt/venv/lib/python3.11/site-packages/airflow/example_dags/example_latest_only.py
[2023-08-15T21:51:33.592+0300] {logging_mixin.py:150} INFO - [2023-08-15T21:51:33.592+0300] {dag.py:2742} INFO - Sync 1 DAGs
[2023-08-15T21:51:33.659+0300] {logging_mixin.py:150} INFO - [2023-08-15T21:51:33.659+0300] {dag.py:3504} INFO - Setting next_dagrun for latest_only to 2023-08-15T14:51:33.658535+00:00, run_after=2023-08-15T18:51:33.658535+00:00
[2023-08-15T21:51:33.730+0300] {processor.py:179} INFO - Processing /mnt/kali/DataHunt/venv/lib/python3.11/site-packages/airflow/example_dags/example_latest_only.py took 0.305 seconds
[2023-08-15T21:52:04.259+0300] {processor.py:157} INFO - Started process (PID=237852) to work on /mnt/kali/DataHunt/venv/lib/python3.11/site-packages/airflow/example_dags/example_latest_only.py
[2023-08-15T21:52:04.269+0300] {processor.py:826} INFO - Processing file /mnt/kali/DataHunt/venv/lib/python3.11/site-packages/airflow/example_dags/example_latest_only.py for tasks to queue
[2023-08-15T21:52:04.272+0300] {logging_mixin.py:150} INFO - [2023-08-15T21:52:04.271+0300] {dagbag.py:541} INFO - Filling up the DagBag from /mnt/kali/DataHunt/venv/lib/python3.11/site-packages/airflow/example_dags/example_latest_only.py
[2023-08-15T21:52:04.298+0300] {processor.py:836} INFO - DAG(s) dict_keys(['latest_only']) retrieved from /mnt/kali/DataHunt/venv/lib/python3.11/site-packages/airflow/example_dags/example_latest_only.py
[2023-08-15T21:52:04.437+0300] {logging_mixin.py:150} INFO - [2023-08-15T21:52:04.437+0300] {dag.py:2742} INFO - Sync 1 DAGs
[2023-08-15T21:52:04.536+0300] {logging_mixin.py:150} INFO - [2023-08-15T21:52:04.536+0300] {dag.py:3504} INFO - Setting next_dagrun for latest_only to 2023-08-15T14:52:04.535125+00:00, run_after=2023-08-15T18:52:04.535125+00:00
[2023-08-15T21:52:04.627+0300] {processor.py:179} INFO - Processing /mnt/kali/DataHunt/venv/lib/python3.11/site-packages/airflow/example_dags/example_latest_only.py took 0.382 seconds
[2023-08-15T21:52:34.901+0300] {processor.py:157} INFO - Started process (PID=238245) to work on /mnt/kali/DataHunt/venv/lib/python3.11/site-packages/airflow/example_dags/example_latest_only.py
[2023-08-15T21:52:34.903+0300] {processor.py:826} INFO - Processing file /mnt/kali/DataHunt/venv/lib/python3.11/site-packages/airflow/example_dags/example_latest_only.py for tasks to queue
[2023-08-15T21:52:34.907+0300] {logging_mixin.py:150} INFO - [2023-08-15T21:52:34.905+0300] {dagbag.py:541} INFO - Filling up the DagBag from /mnt/kali/DataHunt/venv/lib/python3.11/site-packages/airflow/example_dags/example_latest_only.py
[2023-08-15T21:52:34.930+0300] {processor.py:836} INFO - DAG(s) dict_keys(['latest_only']) retrieved from /mnt/kali/DataHunt/venv/lib/python3.11/site-packages/airflow/example_dags/example_latest_only.py
[2023-08-15T21:52:35.056+0300] {logging_mixin.py:150} INFO - [2023-08-15T21:52:35.055+0300] {dag.py:2742} INFO - Sync 1 DAGs
[2023-08-15T21:52:35.124+0300] {logging_mixin.py:150} INFO - [2023-08-15T21:52:35.124+0300] {dag.py:3504} INFO - Setting next_dagrun for latest_only to 2023-08-15T14:52:35.123782+00:00, run_after=2023-08-15T18:52:35.123782+00:00
[2023-08-15T21:52:35.204+0300] {processor.py:179} INFO - Processing /mnt/kali/DataHunt/venv/lib/python3.11/site-packages/airflow/example_dags/example_latest_only.py took 0.318 seconds
[2023-08-15T21:53:05.379+0300] {processor.py:157} INFO - Started process (PID=238624) to work on /mnt/kali/DataHunt/venv/lib/python3.11/site-packages/airflow/example_dags/example_latest_only.py
[2023-08-15T21:53:05.423+0300] {processor.py:826} INFO - Processing file /mnt/kali/DataHunt/venv/lib/python3.11/site-packages/airflow/example_dags/example_latest_only.py for tasks to queue
[2023-08-15T21:53:05.425+0300] {logging_mixin.py:150} INFO - [2023-08-15T21:53:05.424+0300] {dagbag.py:541} INFO - Filling up the DagBag from /mnt/kali/DataHunt/venv/lib/python3.11/site-packages/airflow/example_dags/example_latest_only.py
[2023-08-15T21:53:05.447+0300] {processor.py:836} INFO - DAG(s) dict_keys(['latest_only']) retrieved from /mnt/kali/DataHunt/venv/lib/python3.11/site-packages/airflow/example_dags/example_latest_only.py
[2023-08-15T21:53:05.554+0300] {logging_mixin.py:150} INFO - [2023-08-15T21:53:05.553+0300] {dag.py:2742} INFO - Sync 1 DAGs
[2023-08-15T21:53:05.647+0300] {logging_mixin.py:150} INFO - [2023-08-15T21:53:05.646+0300] {dag.py:3504} INFO - Setting next_dagrun for latest_only to 2023-08-15T14:53:05.645793+00:00, run_after=2023-08-15T18:53:05.645793+00:00
[2023-08-15T21:53:05.719+0300] {processor.py:179} INFO - Processing /mnt/kali/DataHunt/venv/lib/python3.11/site-packages/airflow/example_dags/example_latest_only.py took 0.352 seconds
[2023-08-15T21:53:36.451+0300] {processor.py:157} INFO - Started process (PID=239181) to work on /mnt/kali/DataHunt/venv/lib/python3.11/site-packages/airflow/example_dags/example_latest_only.py
[2023-08-15T21:53:36.496+0300] {processor.py:826} INFO - Processing file /mnt/kali/DataHunt/venv/lib/python3.11/site-packages/airflow/example_dags/example_latest_only.py for tasks to queue
[2023-08-15T21:53:36.499+0300] {logging_mixin.py:150} INFO - [2023-08-15T21:53:36.498+0300] {dagbag.py:541} INFO - Filling up the DagBag from /mnt/kali/DataHunt/venv/lib/python3.11/site-packages/airflow/example_dags/example_latest_only.py
[2023-08-15T21:53:36.523+0300] {processor.py:836} INFO - DAG(s) dict_keys(['latest_only']) retrieved from /mnt/kali/DataHunt/venv/lib/python3.11/site-packages/airflow/example_dags/example_latest_only.py
[2023-08-15T21:53:36.759+0300] {logging_mixin.py:150} INFO - [2023-08-15T21:53:36.758+0300] {dag.py:2742} INFO - Sync 1 DAGs
[2023-08-15T21:53:36.978+0300] {logging_mixin.py:150} INFO - [2023-08-15T21:53:36.976+0300] {dag.py:3504} INFO - Setting next_dagrun for latest_only to 2023-08-15T14:53:36.975920+00:00, run_after=2023-08-15T18:53:36.975920+00:00
[2023-08-15T21:53:37.128+0300] {processor.py:179} INFO - Processing /mnt/kali/DataHunt/venv/lib/python3.11/site-packages/airflow/example_dags/example_latest_only.py took 0.690 seconds
[2023-08-15T21:54:08.072+0300] {processor.py:157} INFO - Started process (PID=239791) to work on /mnt/kali/DataHunt/venv/lib/python3.11/site-packages/airflow/example_dags/example_latest_only.py
[2023-08-15T21:54:08.335+0300] {processor.py:826} INFO - Processing file /mnt/kali/DataHunt/venv/lib/python3.11/site-packages/airflow/example_dags/example_latest_only.py for tasks to queue
[2023-08-15T21:54:08.338+0300] {logging_mixin.py:150} INFO - [2023-08-15T21:54:08.337+0300] {dagbag.py:541} INFO - Filling up the DagBag from /mnt/kali/DataHunt/venv/lib/python3.11/site-packages/airflow/example_dags/example_latest_only.py
[2023-08-15T21:54:08.417+0300] {processor.py:836} INFO - DAG(s) dict_keys(['latest_only']) retrieved from /mnt/kali/DataHunt/venv/lib/python3.11/site-packages/airflow/example_dags/example_latest_only.py
[2023-08-15T21:54:08.808+0300] {logging_mixin.py:150} INFO - [2023-08-15T21:54:08.807+0300] {dag.py:2742} INFO - Sync 1 DAGs
[2023-08-15T21:54:08.938+0300] {logging_mixin.py:150} INFO - [2023-08-15T21:54:08.938+0300] {dag.py:3504} INFO - Setting next_dagrun for latest_only to 2023-08-15T14:54:08.937225+00:00, run_after=2023-08-15T18:54:08.937225+00:00
[2023-08-15T21:54:09.026+0300] {processor.py:179} INFO - Processing /mnt/kali/DataHunt/venv/lib/python3.11/site-packages/airflow/example_dags/example_latest_only.py took 0.967 seconds
[2023-08-15T21:54:39.481+0300] {processor.py:157} INFO - Started process (PID=240154) to work on /mnt/kali/DataHunt/venv/lib/python3.11/site-packages/airflow/example_dags/example_latest_only.py
[2023-08-15T21:54:39.496+0300] {processor.py:826} INFO - Processing file /mnt/kali/DataHunt/venv/lib/python3.11/site-packages/airflow/example_dags/example_latest_only.py for tasks to queue
[2023-08-15T21:54:39.498+0300] {logging_mixin.py:150} INFO - [2023-08-15T21:54:39.497+0300] {dagbag.py:541} INFO - Filling up the DagBag from /mnt/kali/DataHunt/venv/lib/python3.11/site-packages/airflow/example_dags/example_latest_only.py
[2023-08-15T21:54:39.526+0300] {processor.py:836} INFO - DAG(s) dict_keys(['latest_only']) retrieved from /mnt/kali/DataHunt/venv/lib/python3.11/site-packages/airflow/example_dags/example_latest_only.py
[2023-08-15T21:54:39.685+0300] {logging_mixin.py:150} INFO - [2023-08-15T21:54:39.684+0300] {dag.py:2742} INFO - Sync 1 DAGs
[2023-08-15T21:54:39.797+0300] {logging_mixin.py:150} INFO - [2023-08-15T21:54:39.796+0300] {dag.py:3504} INFO - Setting next_dagrun for latest_only to 2023-08-15T14:54:39.795604+00:00, run_after=2023-08-15T18:54:39.795604+00:00
[2023-08-15T21:54:39.943+0300] {processor.py:179} INFO - Processing /mnt/kali/DataHunt/venv/lib/python3.11/site-packages/airflow/example_dags/example_latest_only.py took 0.478 seconds
[2023-08-15T21:55:10.041+0300] {processor.py:157} INFO - Started process (PID=240534) to work on /mnt/kali/DataHunt/venv/lib/python3.11/site-packages/airflow/example_dags/example_latest_only.py
[2023-08-15T21:55:10.052+0300] {processor.py:826} INFO - Processing file /mnt/kali/DataHunt/venv/lib/python3.11/site-packages/airflow/example_dags/example_latest_only.py for tasks to queue
[2023-08-15T21:55:10.054+0300] {logging_mixin.py:150} INFO - [2023-08-15T21:55:10.053+0300] {dagbag.py:541} INFO - Filling up the DagBag from /mnt/kali/DataHunt/venv/lib/python3.11/site-packages/airflow/example_dags/example_latest_only.py
[2023-08-15T21:55:10.080+0300] {processor.py:836} INFO - DAG(s) dict_keys(['latest_only']) retrieved from /mnt/kali/DataHunt/venv/lib/python3.11/site-packages/airflow/example_dags/example_latest_only.py
[2023-08-15T21:55:10.214+0300] {logging_mixin.py:150} INFO - [2023-08-15T21:55:10.213+0300] {dag.py:2742} INFO - Sync 1 DAGs
[2023-08-15T21:55:10.347+0300] {logging_mixin.py:150} INFO - [2023-08-15T21:55:10.346+0300] {dag.py:3504} INFO - Setting next_dagrun for latest_only to 2023-08-15T14:55:10.344921+00:00, run_after=2023-08-15T18:55:10.344921+00:00
[2023-08-15T21:55:10.605+0300] {processor.py:179} INFO - Processing /mnt/kali/DataHunt/venv/lib/python3.11/site-packages/airflow/example_dags/example_latest_only.py took 0.579 seconds
[2023-08-15T21:55:41.163+0300] {processor.py:157} INFO - Started process (PID=240952) to work on /mnt/kali/DataHunt/venv/lib/python3.11/site-packages/airflow/example_dags/example_latest_only.py
[2023-08-15T21:55:41.167+0300] {processor.py:826} INFO - Processing file /mnt/kali/DataHunt/venv/lib/python3.11/site-packages/airflow/example_dags/example_latest_only.py for tasks to queue
[2023-08-15T21:55:41.171+0300] {logging_mixin.py:150} INFO - [2023-08-15T21:55:41.169+0300] {dagbag.py:541} INFO - Filling up the DagBag from /mnt/kali/DataHunt/venv/lib/python3.11/site-packages/airflow/example_dags/example_latest_only.py
[2023-08-15T21:55:41.201+0300] {processor.py:836} INFO - DAG(s) dict_keys(['latest_only']) retrieved from /mnt/kali/DataHunt/venv/lib/python3.11/site-packages/airflow/example_dags/example_latest_only.py
[2023-08-15T21:55:41.335+0300] {logging_mixin.py:150} INFO - [2023-08-15T21:55:41.335+0300] {dag.py:2742} INFO - Sync 1 DAGs
[2023-08-15T21:55:41.434+0300] {logging_mixin.py:150} INFO - [2023-08-15T21:55:41.433+0300] {dag.py:3504} INFO - Setting next_dagrun for latest_only to 2023-08-15T14:55:41.432493+00:00, run_after=2023-08-15T18:55:41.432493+00:00
[2023-08-15T21:55:41.518+0300] {processor.py:179} INFO - Processing /mnt/kali/DataHunt/venv/lib/python3.11/site-packages/airflow/example_dags/example_latest_only.py took 0.372 seconds
[2023-08-15T21:56:11.945+0300] {processor.py:157} INFO - Started process (PID=241517) to work on /mnt/kali/DataHunt/venv/lib/python3.11/site-packages/airflow/example_dags/example_latest_only.py
[2023-08-15T21:56:11.947+0300] {processor.py:826} INFO - Processing file /mnt/kali/DataHunt/venv/lib/python3.11/site-packages/airflow/example_dags/example_latest_only.py for tasks to queue
[2023-08-15T21:56:11.949+0300] {logging_mixin.py:150} INFO - [2023-08-15T21:56:11.948+0300] {dagbag.py:541} INFO - Filling up the DagBag from /mnt/kali/DataHunt/venv/lib/python3.11/site-packages/airflow/example_dags/example_latest_only.py
[2023-08-15T21:56:11.966+0300] {processor.py:836} INFO - DAG(s) dict_keys(['latest_only']) retrieved from /mnt/kali/DataHunt/venv/lib/python3.11/site-packages/airflow/example_dags/example_latest_only.py
[2023-08-15T21:56:12.045+0300] {logging_mixin.py:150} INFO - [2023-08-15T21:56:12.045+0300] {dag.py:2742} INFO - Sync 1 DAGs
[2023-08-15T21:56:12.105+0300] {logging_mixin.py:150} INFO - [2023-08-15T21:56:12.104+0300] {dag.py:3504} INFO - Setting next_dagrun for latest_only to 2023-08-15T14:56:12.104302+00:00, run_after=2023-08-15T18:56:12.104302+00:00
[2023-08-15T21:56:12.155+0300] {processor.py:179} INFO - Processing /mnt/kali/DataHunt/venv/lib/python3.11/site-packages/airflow/example_dags/example_latest_only.py took 0.220 seconds
[2023-08-15T21:56:42.416+0300] {processor.py:157} INFO - Started process (PID=242142) to work on /mnt/kali/DataHunt/venv/lib/python3.11/site-packages/airflow/example_dags/example_latest_only.py
[2023-08-15T21:56:42.420+0300] {processor.py:826} INFO - Processing file /mnt/kali/DataHunt/venv/lib/python3.11/site-packages/airflow/example_dags/example_latest_only.py for tasks to queue
[2023-08-15T21:56:42.423+0300] {logging_mixin.py:150} INFO - [2023-08-15T21:56:42.422+0300] {dagbag.py:541} INFO - Filling up the DagBag from /mnt/kali/DataHunt/venv/lib/python3.11/site-packages/airflow/example_dags/example_latest_only.py
[2023-08-15T21:56:42.448+0300] {processor.py:836} INFO - DAG(s) dict_keys(['latest_only']) retrieved from /mnt/kali/DataHunt/venv/lib/python3.11/site-packages/airflow/example_dags/example_latest_only.py
[2023-08-15T21:56:42.580+0300] {logging_mixin.py:150} INFO - [2023-08-15T21:56:42.579+0300] {dag.py:2742} INFO - Sync 1 DAGs
[2023-08-15T21:56:42.669+0300] {logging_mixin.py:150} INFO - [2023-08-15T21:56:42.668+0300] {dag.py:3504} INFO - Setting next_dagrun for latest_only to 2023-08-15T14:56:42.668176+00:00, run_after=2023-08-15T18:56:42.668176+00:00
[2023-08-15T21:56:42.741+0300] {processor.py:179} INFO - Processing /mnt/kali/DataHunt/venv/lib/python3.11/site-packages/airflow/example_dags/example_latest_only.py took 0.351 seconds
[2023-08-15T21:57:13.955+0300] {processor.py:157} INFO - Started process (PID=242614) to work on /mnt/kali/DataHunt/venv/lib/python3.11/site-packages/airflow/example_dags/example_latest_only.py
[2023-08-15T21:57:13.958+0300] {processor.py:826} INFO - Processing file /mnt/kali/DataHunt/venv/lib/python3.11/site-packages/airflow/example_dags/example_latest_only.py for tasks to queue
[2023-08-15T21:57:13.960+0300] {logging_mixin.py:150} INFO - [2023-08-15T21:57:13.959+0300] {dagbag.py:541} INFO - Filling up the DagBag from /mnt/kali/DataHunt/venv/lib/python3.11/site-packages/airflow/example_dags/example_latest_only.py
[2023-08-15T21:57:13.982+0300] {processor.py:836} INFO - DAG(s) dict_keys(['latest_only']) retrieved from /mnt/kali/DataHunt/venv/lib/python3.11/site-packages/airflow/example_dags/example_latest_only.py
[2023-08-15T21:57:14.136+0300] {logging_mixin.py:150} INFO - [2023-08-15T21:57:14.135+0300] {dag.py:2742} INFO - Sync 1 DAGs
[2023-08-15T21:57:14.225+0300] {logging_mixin.py:150} INFO - [2023-08-15T21:57:14.224+0300] {dag.py:3504} INFO - Setting next_dagrun for latest_only to 2023-08-15T14:57:14.223885+00:00, run_after=2023-08-15T18:57:14.223885+00:00
[2023-08-15T21:57:14.468+0300] {processor.py:179} INFO - Processing /mnt/kali/DataHunt/venv/lib/python3.11/site-packages/airflow/example_dags/example_latest_only.py took 0.545 seconds
[2023-08-15T21:57:44.853+0300] {processor.py:157} INFO - Started process (PID=243041) to work on /mnt/kali/DataHunt/venv/lib/python3.11/site-packages/airflow/example_dags/example_latest_only.py
[2023-08-15T21:57:44.908+0300] {processor.py:826} INFO - Processing file /mnt/kali/DataHunt/venv/lib/python3.11/site-packages/airflow/example_dags/example_latest_only.py for tasks to queue
[2023-08-15T21:57:44.911+0300] {logging_mixin.py:150} INFO - [2023-08-15T21:57:44.910+0300] {dagbag.py:541} INFO - Filling up the DagBag from /mnt/kali/DataHunt/venv/lib/python3.11/site-packages/airflow/example_dags/example_latest_only.py
[2023-08-15T21:57:44.933+0300] {processor.py:836} INFO - DAG(s) dict_keys(['latest_only']) retrieved from /mnt/kali/DataHunt/venv/lib/python3.11/site-packages/airflow/example_dags/example_latest_only.py
[2023-08-15T21:57:45.042+0300] {logging_mixin.py:150} INFO - [2023-08-15T21:57:45.041+0300] {dag.py:2742} INFO - Sync 1 DAGs
[2023-08-15T21:57:45.114+0300] {logging_mixin.py:150} INFO - [2023-08-15T21:57:45.113+0300] {dag.py:3504} INFO - Setting next_dagrun for latest_only to 2023-08-15T14:57:45.113244+00:00, run_after=2023-08-15T18:57:45.113244+00:00
[2023-08-15T21:57:45.240+0300] {processor.py:179} INFO - Processing /mnt/kali/DataHunt/venv/lib/python3.11/site-packages/airflow/example_dags/example_latest_only.py took 0.399 seconds
