[2023-08-15T21:25:46.884+0300] {processor.py:157} INFO - Started process (PID=214672) to work on /mnt/kali/DataHunt/venv/lib/python3.11/site-packages/airflow/example_dags/example_branch_python_dop_operator_3.py
[2023-08-15T21:25:46.889+0300] {processor.py:826} INFO - Processing file /mnt/kali/DataHunt/venv/lib/python3.11/site-packages/airflow/example_dags/example_branch_python_dop_operator_3.py for tasks to queue
[2023-08-15T21:25:46.895+0300] {logging_mixin.py:150} INFO - [2023-08-15T21:25:46.894+0300] {dagbag.py:541} INFO - Filling up the DagBag from /mnt/kali/DataHunt/venv/lib/python3.11/site-packages/airflow/example_dags/example_branch_python_dop_operator_3.py
[2023-08-15T21:25:46.944+0300] {processor.py:836} INFO - DAG(s) dict_keys(['example_branch_dop_operator_v3']) retrieved from /mnt/kali/DataHunt/venv/lib/python3.11/site-packages/airflow/example_dags/example_branch_python_dop_operator_3.py
[2023-08-15T21:25:48.068+0300] {logging_mixin.py:150} INFO - [2023-08-15T21:25:48.067+0300] {manager.py:504} INFO - Created Permission View: can edit on DAG:example_branch_dop_operator_v3
[2023-08-15T21:25:48.201+0300] {logging_mixin.py:150} INFO - [2023-08-15T21:25:48.200+0300] {manager.py:504} INFO - Created Permission View: can delete on DAG:example_branch_dop_operator_v3
[2023-08-15T21:25:48.336+0300] {logging_mixin.py:150} INFO - [2023-08-15T21:25:48.336+0300] {manager.py:504} INFO - Created Permission View: can read on DAG:example_branch_dop_operator_v3
[2023-08-15T21:25:48.421+0300] {logging_mixin.py:150} INFO - [2023-08-15T21:25:48.420+0300] {dag.py:2742} INFO - Sync 1 DAGs
[2023-08-15T21:25:48.475+0300] {logging_mixin.py:150} INFO - [2023-08-15T21:25:48.474+0300] {dag.py:2763} INFO - Creating ORM DAG for example_branch_dop_operator_v3
[2023-08-15T21:25:48.531+0300] {logging_mixin.py:150} INFO - [2023-08-15T21:25:48.530+0300] {dag.py:3504} INFO - Setting next_dagrun for example_branch_dop_operator_v3 to 2023-08-15T18:24:00+00:00, run_after=2023-08-15T18:25:00+00:00
[2023-08-15T21:25:48.717+0300] {processor.py:179} INFO - Processing /mnt/kali/DataHunt/venv/lib/python3.11/site-packages/airflow/example_dags/example_branch_python_dop_operator_3.py took 1.855 seconds
[2023-08-15T21:28:05.307+0300] {processor.py:157} INFO - Started process (PID=216360) to work on /mnt/kali/DataHunt/venv/lib/python3.11/site-packages/airflow/example_dags/example_branch_python_dop_operator_3.py
[2023-08-15T21:28:05.327+0300] {processor.py:826} INFO - Processing file /mnt/kali/DataHunt/venv/lib/python3.11/site-packages/airflow/example_dags/example_branch_python_dop_operator_3.py for tasks to queue
[2023-08-15T21:28:05.330+0300] {logging_mixin.py:150} INFO - [2023-08-15T21:28:05.328+0300] {dagbag.py:541} INFO - Filling up the DagBag from /mnt/kali/DataHunt/venv/lib/python3.11/site-packages/airflow/example_dags/example_branch_python_dop_operator_3.py
[2023-08-15T21:28:05.374+0300] {processor.py:836} INFO - DAG(s) dict_keys(['example_branch_dop_operator_v3']) retrieved from /mnt/kali/DataHunt/venv/lib/python3.11/site-packages/airflow/example_dags/example_branch_python_dop_operator_3.py
[2023-08-15T21:28:05.452+0300] {logging_mixin.py:150} INFO - [2023-08-15T21:28:05.451+0300] {dag.py:2742} INFO - Sync 1 DAGs
[2023-08-15T21:28:05.658+0300] {logging_mixin.py:150} INFO - [2023-08-15T21:28:05.652+0300] {dag.py:3504} INFO - Setting next_dagrun for example_branch_dop_operator_v3 to 2023-08-15T18:27:00+00:00, run_after=2023-08-15T18:28:00+00:00
[2023-08-15T21:28:06.461+0300] {processor.py:179} INFO - Processing /mnt/kali/DataHunt/venv/lib/python3.11/site-packages/airflow/example_dags/example_branch_python_dop_operator_3.py took 1.175 seconds
[2023-08-15T21:47:34.920+0300] {processor.py:157} INFO - Started process (PID=233749) to work on /mnt/kali/DataHunt/venv/lib/python3.11/site-packages/airflow/example_dags/example_branch_python_dop_operator_3.py
[2023-08-15T21:47:34.941+0300] {processor.py:826} INFO - Processing file /mnt/kali/DataHunt/venv/lib/python3.11/site-packages/airflow/example_dags/example_branch_python_dop_operator_3.py for tasks to queue
[2023-08-15T21:47:34.945+0300] {logging_mixin.py:150} INFO - [2023-08-15T21:47:34.944+0300] {dagbag.py:541} INFO - Filling up the DagBag from /mnt/kali/DataHunt/venv/lib/python3.11/site-packages/airflow/example_dags/example_branch_python_dop_operator_3.py
[2023-08-15T21:47:34.982+0300] {processor.py:836} INFO - DAG(s) dict_keys(['example_branch_dop_operator_v3']) retrieved from /mnt/kali/DataHunt/venv/lib/python3.11/site-packages/airflow/example_dags/example_branch_python_dop_operator_3.py
[2023-08-15T21:47:35.550+0300] {logging_mixin.py:150} INFO - [2023-08-15T21:47:35.549+0300] {manager.py:504} INFO - Created Permission View: can read on DAG:example_branch_dop_operator_v3
[2023-08-15T21:47:35.670+0300] {logging_mixin.py:150} INFO - [2023-08-15T21:47:35.670+0300] {manager.py:504} INFO - Created Permission View: can delete on DAG:example_branch_dop_operator_v3
[2023-08-15T21:47:35.739+0300] {logging_mixin.py:150} INFO - [2023-08-15T21:47:35.738+0300] {manager.py:504} INFO - Created Permission View: can edit on DAG:example_branch_dop_operator_v3
[2023-08-15T21:47:35.792+0300] {logging_mixin.py:150} INFO - [2023-08-15T21:47:35.791+0300] {dag.py:2742} INFO - Sync 1 DAGs
[2023-08-15T21:47:35.836+0300] {logging_mixin.py:150} INFO - [2023-08-15T21:47:35.835+0300] {dag.py:2763} INFO - Creating ORM DAG for example_branch_dop_operator_v3
[2023-08-15T21:47:35.908+0300] {logging_mixin.py:150} INFO - [2023-08-15T21:47:35.908+0300] {dag.py:3504} INFO - Setting next_dagrun for example_branch_dop_operator_v3 to 2023-08-15T18:46:00+00:00, run_after=2023-08-15T18:47:00+00:00
[2023-08-15T21:47:36.052+0300] {processor.py:179} INFO - Processing /mnt/kali/DataHunt/venv/lib/python3.11/site-packages/airflow/example_dags/example_branch_python_dop_operator_3.py took 1.144 seconds
[2023-08-15T21:48:06.338+0300] {processor.py:157} INFO - Started process (PID=234136) to work on /mnt/kali/DataHunt/venv/lib/python3.11/site-packages/airflow/example_dags/example_branch_python_dop_operator_3.py
[2023-08-15T21:48:06.340+0300] {processor.py:826} INFO - Processing file /mnt/kali/DataHunt/venv/lib/python3.11/site-packages/airflow/example_dags/example_branch_python_dop_operator_3.py for tasks to queue
[2023-08-15T21:48:06.342+0300] {logging_mixin.py:150} INFO - [2023-08-15T21:48:06.341+0300] {dagbag.py:541} INFO - Filling up the DagBag from /mnt/kali/DataHunt/venv/lib/python3.11/site-packages/airflow/example_dags/example_branch_python_dop_operator_3.py
[2023-08-15T21:48:06.371+0300] {processor.py:836} INFO - DAG(s) dict_keys(['example_branch_dop_operator_v3']) retrieved from /mnt/kali/DataHunt/venv/lib/python3.11/site-packages/airflow/example_dags/example_branch_python_dop_operator_3.py
[2023-08-15T21:48:06.481+0300] {logging_mixin.py:150} INFO - [2023-08-15T21:48:06.480+0300] {dag.py:2742} INFO - Sync 1 DAGs
[2023-08-15T21:48:06.584+0300] {logging_mixin.py:150} INFO - [2023-08-15T21:48:06.583+0300] {dag.py:3504} INFO - Setting next_dagrun for example_branch_dop_operator_v3 to 2023-08-15T18:47:00+00:00, run_after=2023-08-15T18:48:00+00:00
[2023-08-15T21:48:06.680+0300] {processor.py:179} INFO - Processing /mnt/kali/DataHunt/venv/lib/python3.11/site-packages/airflow/example_dags/example_branch_python_dop_operator_3.py took 0.353 seconds
[2023-08-15T21:48:36.768+0300] {processor.py:157} INFO - Started process (PID=234762) to work on /mnt/kali/DataHunt/venv/lib/python3.11/site-packages/airflow/example_dags/example_branch_python_dop_operator_3.py
[2023-08-15T21:48:36.808+0300] {processor.py:826} INFO - Processing file /mnt/kali/DataHunt/venv/lib/python3.11/site-packages/airflow/example_dags/example_branch_python_dop_operator_3.py for tasks to queue
[2023-08-15T21:48:36.812+0300] {logging_mixin.py:150} INFO - [2023-08-15T21:48:36.810+0300] {dagbag.py:541} INFO - Filling up the DagBag from /mnt/kali/DataHunt/venv/lib/python3.11/site-packages/airflow/example_dags/example_branch_python_dop_operator_3.py
[2023-08-15T21:48:36.859+0300] {processor.py:836} INFO - DAG(s) dict_keys(['example_branch_dop_operator_v3']) retrieved from /mnt/kali/DataHunt/venv/lib/python3.11/site-packages/airflow/example_dags/example_branch_python_dop_operator_3.py
[2023-08-15T21:48:36.953+0300] {logging_mixin.py:150} INFO - [2023-08-15T21:48:36.953+0300] {dag.py:2742} INFO - Sync 1 DAGs
[2023-08-15T21:48:37.041+0300] {logging_mixin.py:150} INFO - [2023-08-15T21:48:37.041+0300] {dag.py:3504} INFO - Setting next_dagrun for example_branch_dop_operator_v3 to 2023-08-15T18:47:00+00:00, run_after=2023-08-15T18:48:00+00:00
[2023-08-15T21:48:37.120+0300] {processor.py:179} INFO - Processing /mnt/kali/DataHunt/venv/lib/python3.11/site-packages/airflow/example_dags/example_branch_python_dop_operator_3.py took 0.369 seconds
[2023-08-15T21:49:15.295+0300] {processor.py:157} INFO - Started process (PID=235255) to work on /mnt/kali/DataHunt/venv/lib/python3.11/site-packages/airflow/example_dags/example_branch_python_dop_operator_3.py
[2023-08-15T21:49:15.477+0300] {processor.py:826} INFO - Processing file /mnt/kali/DataHunt/venv/lib/python3.11/site-packages/airflow/example_dags/example_branch_python_dop_operator_3.py for tasks to queue
[2023-08-15T21:49:15.480+0300] {logging_mixin.py:150} INFO - [2023-08-15T21:49:15.479+0300] {dagbag.py:541} INFO - Filling up the DagBag from /mnt/kali/DataHunt/venv/lib/python3.11/site-packages/airflow/example_dags/example_branch_python_dop_operator_3.py
[2023-08-15T21:49:15.526+0300] {processor.py:836} INFO - DAG(s) dict_keys(['example_branch_dop_operator_v3']) retrieved from /mnt/kali/DataHunt/venv/lib/python3.11/site-packages/airflow/example_dags/example_branch_python_dop_operator_3.py
[2023-08-15T21:49:15.741+0300] {logging_mixin.py:150} INFO - [2023-08-15T21:49:15.740+0300] {dag.py:2742} INFO - Sync 1 DAGs
[2023-08-15T21:49:16.492+0300] {logging_mixin.py:150} INFO - [2023-08-15T21:49:16.491+0300] {dag.py:3504} INFO - Setting next_dagrun for example_branch_dop_operator_v3 to 2023-08-15T18:48:00+00:00, run_after=2023-08-15T18:49:00+00:00
[2023-08-15T21:49:17.160+0300] {processor.py:179} INFO - Processing /mnt/kali/DataHunt/venv/lib/python3.11/site-packages/airflow/example_dags/example_branch_python_dop_operator_3.py took 1.885 seconds
[2023-08-15T21:49:47.979+0300] {processor.py:157} INFO - Started process (PID=235773) to work on /mnt/kali/DataHunt/venv/lib/python3.11/site-packages/airflow/example_dags/example_branch_python_dop_operator_3.py
[2023-08-15T21:49:47.982+0300] {processor.py:826} INFO - Processing file /mnt/kali/DataHunt/venv/lib/python3.11/site-packages/airflow/example_dags/example_branch_python_dop_operator_3.py for tasks to queue
[2023-08-15T21:49:47.985+0300] {logging_mixin.py:150} INFO - [2023-08-15T21:49:47.984+0300] {dagbag.py:541} INFO - Filling up the DagBag from /mnt/kali/DataHunt/venv/lib/python3.11/site-packages/airflow/example_dags/example_branch_python_dop_operator_3.py
[2023-08-15T21:49:48.028+0300] {processor.py:836} INFO - DAG(s) dict_keys(['example_branch_dop_operator_v3']) retrieved from /mnt/kali/DataHunt/venv/lib/python3.11/site-packages/airflow/example_dags/example_branch_python_dop_operator_3.py
[2023-08-15T21:49:48.167+0300] {logging_mixin.py:150} INFO - [2023-08-15T21:49:48.166+0300] {dag.py:2742} INFO - Sync 1 DAGs
[2023-08-15T21:49:48.303+0300] {logging_mixin.py:150} INFO - [2023-08-15T21:49:48.302+0300] {dag.py:3504} INFO - Setting next_dagrun for example_branch_dop_operator_v3 to 2023-08-15T18:48:00+00:00, run_after=2023-08-15T18:49:00+00:00
[2023-08-15T21:49:48.566+0300] {processor.py:179} INFO - Processing /mnt/kali/DataHunt/venv/lib/python3.11/site-packages/airflow/example_dags/example_branch_python_dop_operator_3.py took 0.606 seconds
[2023-08-15T21:50:18.853+0300] {processor.py:157} INFO - Started process (PID=236129) to work on /mnt/kali/DataHunt/venv/lib/python3.11/site-packages/airflow/example_dags/example_branch_python_dop_operator_3.py
[2023-08-15T21:50:18.866+0300] {processor.py:826} INFO - Processing file /mnt/kali/DataHunt/venv/lib/python3.11/site-packages/airflow/example_dags/example_branch_python_dop_operator_3.py for tasks to queue
[2023-08-15T21:50:18.871+0300] {logging_mixin.py:150} INFO - [2023-08-15T21:50:18.869+0300] {dagbag.py:541} INFO - Filling up the DagBag from /mnt/kali/DataHunt/venv/lib/python3.11/site-packages/airflow/example_dags/example_branch_python_dop_operator_3.py
[2023-08-15T21:50:18.940+0300] {processor.py:836} INFO - DAG(s) dict_keys(['example_branch_dop_operator_v3']) retrieved from /mnt/kali/DataHunt/venv/lib/python3.11/site-packages/airflow/example_dags/example_branch_python_dop_operator_3.py
[2023-08-15T21:50:19.207+0300] {logging_mixin.py:150} INFO - [2023-08-15T21:50:19.206+0300] {dag.py:2742} INFO - Sync 1 DAGs
[2023-08-15T21:50:19.342+0300] {logging_mixin.py:150} INFO - [2023-08-15T21:50:19.341+0300] {dag.py:3504} INFO - Setting next_dagrun for example_branch_dop_operator_v3 to 2023-08-15T18:49:00+00:00, run_after=2023-08-15T18:50:00+00:00
[2023-08-15T21:50:19.487+0300] {processor.py:179} INFO - Processing /mnt/kali/DataHunt/venv/lib/python3.11/site-packages/airflow/example_dags/example_branch_python_dop_operator_3.py took 0.651 seconds
[2023-08-15T21:50:51.006+0300] {processor.py:157} INFO - Started process (PID=236587) to work on /mnt/kali/DataHunt/venv/lib/python3.11/site-packages/airflow/example_dags/example_branch_python_dop_operator_3.py
[2023-08-15T21:50:51.022+0300] {processor.py:826} INFO - Processing file /mnt/kali/DataHunt/venv/lib/python3.11/site-packages/airflow/example_dags/example_branch_python_dop_operator_3.py for tasks to queue
[2023-08-15T21:50:51.025+0300] {logging_mixin.py:150} INFO - [2023-08-15T21:50:51.024+0300] {dagbag.py:541} INFO - Filling up the DagBag from /mnt/kali/DataHunt/venv/lib/python3.11/site-packages/airflow/example_dags/example_branch_python_dop_operator_3.py
[2023-08-15T21:50:51.158+0300] {processor.py:836} INFO - DAG(s) dict_keys(['example_branch_dop_operator_v3']) retrieved from /mnt/kali/DataHunt/venv/lib/python3.11/site-packages/airflow/example_dags/example_branch_python_dop_operator_3.py
[2023-08-15T21:50:51.380+0300] {logging_mixin.py:150} INFO - [2023-08-15T21:50:51.379+0300] {dag.py:2742} INFO - Sync 1 DAGs
[2023-08-15T21:50:51.514+0300] {logging_mixin.py:150} INFO - [2023-08-15T21:50:51.513+0300] {dag.py:3504} INFO - Setting next_dagrun for example_branch_dop_operator_v3 to 2023-08-15T18:49:00+00:00, run_after=2023-08-15T18:50:00+00:00
[2023-08-15T21:50:51.614+0300] {processor.py:179} INFO - Processing /mnt/kali/DataHunt/venv/lib/python3.11/site-packages/airflow/example_dags/example_branch_python_dop_operator_3.py took 0.628 seconds
[2023-08-15T21:51:22.253+0300] {processor.py:157} INFO - Started process (PID=236974) to work on /mnt/kali/DataHunt/venv/lib/python3.11/site-packages/airflow/example_dags/example_branch_python_dop_operator_3.py
[2023-08-15T21:51:22.255+0300] {processor.py:826} INFO - Processing file /mnt/kali/DataHunt/venv/lib/python3.11/site-packages/airflow/example_dags/example_branch_python_dop_operator_3.py for tasks to queue
[2023-08-15T21:51:22.256+0300] {logging_mixin.py:150} INFO - [2023-08-15T21:51:22.256+0300] {dagbag.py:541} INFO - Filling up the DagBag from /mnt/kali/DataHunt/venv/lib/python3.11/site-packages/airflow/example_dags/example_branch_python_dop_operator_3.py
[2023-08-15T21:51:22.276+0300] {processor.py:836} INFO - DAG(s) dict_keys(['example_branch_dop_operator_v3']) retrieved from /mnt/kali/DataHunt/venv/lib/python3.11/site-packages/airflow/example_dags/example_branch_python_dop_operator_3.py
[2023-08-15T21:51:22.359+0300] {logging_mixin.py:150} INFO - [2023-08-15T21:51:22.359+0300] {dag.py:2742} INFO - Sync 1 DAGs
[2023-08-15T21:51:22.458+0300] {logging_mixin.py:150} INFO - [2023-08-15T21:51:22.457+0300] {dag.py:3504} INFO - Setting next_dagrun for example_branch_dop_operator_v3 to 2023-08-15T18:50:00+00:00, run_after=2023-08-15T18:51:00+00:00
[2023-08-15T21:51:22.557+0300] {processor.py:179} INFO - Processing /mnt/kali/DataHunt/venv/lib/python3.11/site-packages/airflow/example_dags/example_branch_python_dop_operator_3.py took 0.316 seconds
[2023-08-15T21:51:53.266+0300] {processor.py:157} INFO - Started process (PID=237717) to work on /mnt/kali/DataHunt/venv/lib/python3.11/site-packages/airflow/example_dags/example_branch_python_dop_operator_3.py
[2023-08-15T21:51:53.295+0300] {processor.py:826} INFO - Processing file /mnt/kali/DataHunt/venv/lib/python3.11/site-packages/airflow/example_dags/example_branch_python_dop_operator_3.py for tasks to queue
[2023-08-15T21:51:53.297+0300] {logging_mixin.py:150} INFO - [2023-08-15T21:51:53.296+0300] {dagbag.py:541} INFO - Filling up the DagBag from /mnt/kali/DataHunt/venv/lib/python3.11/site-packages/airflow/example_dags/example_branch_python_dop_operator_3.py
[2023-08-15T21:51:53.333+0300] {processor.py:836} INFO - DAG(s) dict_keys(['example_branch_dop_operator_v3']) retrieved from /mnt/kali/DataHunt/venv/lib/python3.11/site-packages/airflow/example_dags/example_branch_python_dop_operator_3.py
[2023-08-15T21:51:53.433+0300] {logging_mixin.py:150} INFO - [2023-08-15T21:51:53.432+0300] {dag.py:2742} INFO - Sync 1 DAGs
[2023-08-15T21:51:53.531+0300] {logging_mixin.py:150} INFO - [2023-08-15T21:51:53.531+0300] {dag.py:3504} INFO - Setting next_dagrun for example_branch_dop_operator_v3 to 2023-08-15T18:50:00+00:00, run_after=2023-08-15T18:51:00+00:00
[2023-08-15T21:51:53.624+0300] {processor.py:179} INFO - Processing /mnt/kali/DataHunt/venv/lib/python3.11/site-packages/airflow/example_dags/example_branch_python_dop_operator_3.py took 0.369 seconds
[2023-08-15T21:52:23.747+0300] {processor.py:157} INFO - Started process (PID=238105) to work on /mnt/kali/DataHunt/venv/lib/python3.11/site-packages/airflow/example_dags/example_branch_python_dop_operator_3.py
[2023-08-15T21:52:23.749+0300] {processor.py:826} INFO - Processing file /mnt/kali/DataHunt/venv/lib/python3.11/site-packages/airflow/example_dags/example_branch_python_dop_operator_3.py for tasks to queue
[2023-08-15T21:52:23.752+0300] {logging_mixin.py:150} INFO - [2023-08-15T21:52:23.751+0300] {dagbag.py:541} INFO - Filling up the DagBag from /mnt/kali/DataHunt/venv/lib/python3.11/site-packages/airflow/example_dags/example_branch_python_dop_operator_3.py
[2023-08-15T21:52:23.785+0300] {processor.py:836} INFO - DAG(s) dict_keys(['example_branch_dop_operator_v3']) retrieved from /mnt/kali/DataHunt/venv/lib/python3.11/site-packages/airflow/example_dags/example_branch_python_dop_operator_3.py
[2023-08-15T21:52:23.908+0300] {logging_mixin.py:150} INFO - [2023-08-15T21:52:23.908+0300] {dag.py:2742} INFO - Sync 1 DAGs
[2023-08-15T21:52:24.009+0300] {logging_mixin.py:150} INFO - [2023-08-15T21:52:24.009+0300] {dag.py:3504} INFO - Setting next_dagrun for example_branch_dop_operator_v3 to 2023-08-15T18:51:00+00:00, run_after=2023-08-15T18:52:00+00:00
[2023-08-15T21:52:24.082+0300] {processor.py:179} INFO - Processing /mnt/kali/DataHunt/venv/lib/python3.11/site-packages/airflow/example_dags/example_branch_python_dop_operator_3.py took 0.348 seconds
[2023-08-15T21:52:54.417+0300] {processor.py:157} INFO - Started process (PID=238498) to work on /mnt/kali/DataHunt/venv/lib/python3.11/site-packages/airflow/example_dags/example_branch_python_dop_operator_3.py
[2023-08-15T21:52:54.444+0300] {processor.py:826} INFO - Processing file /mnt/kali/DataHunt/venv/lib/python3.11/site-packages/airflow/example_dags/example_branch_python_dop_operator_3.py for tasks to queue
[2023-08-15T21:52:54.447+0300] {logging_mixin.py:150} INFO - [2023-08-15T21:52:54.446+0300] {dagbag.py:541} INFO - Filling up the DagBag from /mnt/kali/DataHunt/venv/lib/python3.11/site-packages/airflow/example_dags/example_branch_python_dop_operator_3.py
[2023-08-15T21:52:54.483+0300] {processor.py:836} INFO - DAG(s) dict_keys(['example_branch_dop_operator_v3']) retrieved from /mnt/kali/DataHunt/venv/lib/python3.11/site-packages/airflow/example_dags/example_branch_python_dop_operator_3.py
[2023-08-15T21:52:54.609+0300] {logging_mixin.py:150} INFO - [2023-08-15T21:52:54.609+0300] {dag.py:2742} INFO - Sync 1 DAGs
[2023-08-15T21:52:54.716+0300] {logging_mixin.py:150} INFO - [2023-08-15T21:52:54.716+0300] {dag.py:3504} INFO - Setting next_dagrun for example_branch_dop_operator_v3 to 2023-08-15T18:51:00+00:00, run_after=2023-08-15T18:52:00+00:00
[2023-08-15T21:52:54.786+0300] {processor.py:179} INFO - Processing /mnt/kali/DataHunt/venv/lib/python3.11/site-packages/airflow/example_dags/example_branch_python_dop_operator_3.py took 0.398 seconds
[2023-08-15T21:53:26.102+0300] {processor.py:157} INFO - Started process (PID=239063) to work on /mnt/kali/DataHunt/venv/lib/python3.11/site-packages/airflow/example_dags/example_branch_python_dop_operator_3.py
[2023-08-15T21:53:26.108+0300] {processor.py:826} INFO - Processing file /mnt/kali/DataHunt/venv/lib/python3.11/site-packages/airflow/example_dags/example_branch_python_dop_operator_3.py for tasks to queue
[2023-08-15T21:53:26.110+0300] {logging_mixin.py:150} INFO - [2023-08-15T21:53:26.109+0300] {dagbag.py:541} INFO - Filling up the DagBag from /mnt/kali/DataHunt/venv/lib/python3.11/site-packages/airflow/example_dags/example_branch_python_dop_operator_3.py
[2023-08-15T21:53:26.137+0300] {processor.py:836} INFO - DAG(s) dict_keys(['example_branch_dop_operator_v3']) retrieved from /mnt/kali/DataHunt/venv/lib/python3.11/site-packages/airflow/example_dags/example_branch_python_dop_operator_3.py
[2023-08-15T21:53:26.249+0300] {logging_mixin.py:150} INFO - [2023-08-15T21:53:26.249+0300] {dag.py:2742} INFO - Sync 1 DAGs
[2023-08-15T21:53:26.343+0300] {logging_mixin.py:150} INFO - [2023-08-15T21:53:26.343+0300] {dag.py:3504} INFO - Setting next_dagrun for example_branch_dop_operator_v3 to 2023-08-15T18:52:00+00:00, run_after=2023-08-15T18:53:00+00:00
[2023-08-15T21:53:26.407+0300] {processor.py:179} INFO - Processing /mnt/kali/DataHunt/venv/lib/python3.11/site-packages/airflow/example_dags/example_branch_python_dop_operator_3.py took 0.320 seconds
[2023-08-15T21:53:58.502+0300] {processor.py:157} INFO - Started process (PID=239488) to work on /mnt/kali/DataHunt/venv/lib/python3.11/site-packages/airflow/example_dags/example_branch_python_dop_operator_3.py
[2023-08-15T21:53:58.713+0300] {processor.py:826} INFO - Processing file /mnt/kali/DataHunt/venv/lib/python3.11/site-packages/airflow/example_dags/example_branch_python_dop_operator_3.py for tasks to queue
[2023-08-15T21:53:58.716+0300] {logging_mixin.py:150} INFO - [2023-08-15T21:53:58.715+0300] {dagbag.py:541} INFO - Filling up the DagBag from /mnt/kali/DataHunt/venv/lib/python3.11/site-packages/airflow/example_dags/example_branch_python_dop_operator_3.py
[2023-08-15T21:53:58.792+0300] {processor.py:836} INFO - DAG(s) dict_keys(['example_branch_dop_operator_v3']) retrieved from /mnt/kali/DataHunt/venv/lib/python3.11/site-packages/airflow/example_dags/example_branch_python_dop_operator_3.py
[2023-08-15T21:53:59.399+0300] {logging_mixin.py:150} INFO - [2023-08-15T21:53:59.399+0300] {dag.py:2742} INFO - Sync 1 DAGs
[2023-08-15T21:53:59.881+0300] {logging_mixin.py:150} INFO - [2023-08-15T21:53:59.880+0300] {dag.py:3504} INFO - Setting next_dagrun for example_branch_dop_operator_v3 to 2023-08-15T18:52:00+00:00, run_after=2023-08-15T18:53:00+00:00
[2023-08-15T21:54:00.116+0300] {processor.py:179} INFO - Processing /mnt/kali/DataHunt/venv/lib/python3.11/site-packages/airflow/example_dags/example_branch_python_dop_operator_3.py took 1.640 seconds
[2023-08-15T21:54:30.725+0300] {processor.py:157} INFO - Started process (PID=240065) to work on /mnt/kali/DataHunt/venv/lib/python3.11/site-packages/airflow/example_dags/example_branch_python_dop_operator_3.py
[2023-08-15T21:54:30.758+0300] {processor.py:826} INFO - Processing file /mnt/kali/DataHunt/venv/lib/python3.11/site-packages/airflow/example_dags/example_branch_python_dop_operator_3.py for tasks to queue
[2023-08-15T21:54:30.762+0300] {logging_mixin.py:150} INFO - [2023-08-15T21:54:30.761+0300] {dagbag.py:541} INFO - Filling up the DagBag from /mnt/kali/DataHunt/venv/lib/python3.11/site-packages/airflow/example_dags/example_branch_python_dop_operator_3.py
[2023-08-15T21:54:30.843+0300] {processor.py:836} INFO - DAG(s) dict_keys(['example_branch_dop_operator_v3']) retrieved from /mnt/kali/DataHunt/venv/lib/python3.11/site-packages/airflow/example_dags/example_branch_python_dop_operator_3.py
[2023-08-15T21:54:31.027+0300] {logging_mixin.py:150} INFO - [2023-08-15T21:54:31.026+0300] {dag.py:2742} INFO - Sync 1 DAGs
[2023-08-15T21:54:31.164+0300] {logging_mixin.py:150} INFO - [2023-08-15T21:54:31.163+0300] {dag.py:3504} INFO - Setting next_dagrun for example_branch_dop_operator_v3 to 2023-08-15T18:53:00+00:00, run_after=2023-08-15T18:54:00+00:00
[2023-08-15T21:54:31.268+0300] {processor.py:179} INFO - Processing /mnt/kali/DataHunt/venv/lib/python3.11/site-packages/airflow/example_dags/example_branch_python_dop_operator_3.py took 0.558 seconds
[2023-08-15T21:55:02.264+0300] {processor.py:157} INFO - Started process (PID=240412) to work on /mnt/kali/DataHunt/venv/lib/python3.11/site-packages/airflow/example_dags/example_branch_python_dop_operator_3.py
[2023-08-15T21:55:02.572+0300] {processor.py:826} INFO - Processing file /mnt/kali/DataHunt/venv/lib/python3.11/site-packages/airflow/example_dags/example_branch_python_dop_operator_3.py for tasks to queue
[2023-08-15T21:55:02.575+0300] {logging_mixin.py:150} INFO - [2023-08-15T21:55:02.574+0300] {dagbag.py:541} INFO - Filling up the DagBag from /mnt/kali/DataHunt/venv/lib/python3.11/site-packages/airflow/example_dags/example_branch_python_dop_operator_3.py
[2023-08-15T21:55:02.669+0300] {processor.py:836} INFO - DAG(s) dict_keys(['example_branch_dop_operator_v3']) retrieved from /mnt/kali/DataHunt/venv/lib/python3.11/site-packages/airflow/example_dags/example_branch_python_dop_operator_3.py
[2023-08-15T21:55:03.215+0300] {logging_mixin.py:150} INFO - [2023-08-15T21:55:03.214+0300] {dag.py:2742} INFO - Sync 1 DAGs
[2023-08-15T21:55:03.452+0300] {logging_mixin.py:150} INFO - [2023-08-15T21:55:03.451+0300] {dag.py:3504} INFO - Setting next_dagrun for example_branch_dop_operator_v3 to 2023-08-15T18:54:00+00:00, run_after=2023-08-15T18:55:00+00:00
[2023-08-15T21:55:03.656+0300] {processor.py:179} INFO - Processing /mnt/kali/DataHunt/venv/lib/python3.11/site-packages/airflow/example_dags/example_branch_python_dop_operator_3.py took 1.511 seconds
[2023-08-15T21:55:34.297+0300] {processor.py:157} INFO - Started process (PID=240847) to work on /mnt/kali/DataHunt/venv/lib/python3.11/site-packages/airflow/example_dags/example_branch_python_dop_operator_3.py
[2023-08-15T21:55:34.310+0300] {processor.py:826} INFO - Processing file /mnt/kali/DataHunt/venv/lib/python3.11/site-packages/airflow/example_dags/example_branch_python_dop_operator_3.py for tasks to queue
[2023-08-15T21:55:34.312+0300] {logging_mixin.py:150} INFO - [2023-08-15T21:55:34.311+0300] {dagbag.py:541} INFO - Filling up the DagBag from /mnt/kali/DataHunt/venv/lib/python3.11/site-packages/airflow/example_dags/example_branch_python_dop_operator_3.py
[2023-08-15T21:55:34.447+0300] {processor.py:836} INFO - DAG(s) dict_keys(['example_branch_dop_operator_v3']) retrieved from /mnt/kali/DataHunt/venv/lib/python3.11/site-packages/airflow/example_dags/example_branch_python_dop_operator_3.py
[2023-08-15T21:55:34.841+0300] {logging_mixin.py:150} INFO - [2023-08-15T21:55:34.840+0300] {dag.py:2742} INFO - Sync 1 DAGs
[2023-08-15T21:55:35.059+0300] {logging_mixin.py:150} INFO - [2023-08-15T21:55:35.058+0300] {dag.py:3504} INFO - Setting next_dagrun for example_branch_dop_operator_v3 to 2023-08-15T18:54:00+00:00, run_after=2023-08-15T18:55:00+00:00
[2023-08-15T21:55:35.356+0300] {processor.py:179} INFO - Processing /mnt/kali/DataHunt/venv/lib/python3.11/site-packages/airflow/example_dags/example_branch_python_dop_operator_3.py took 1.099 seconds
[2023-08-15T21:56:05.690+0300] {processor.py:157} INFO - Started process (PID=241395) to work on /mnt/kali/DataHunt/venv/lib/python3.11/site-packages/airflow/example_dags/example_branch_python_dop_operator_3.py
[2023-08-15T21:56:05.710+0300] {processor.py:826} INFO - Processing file /mnt/kali/DataHunt/venv/lib/python3.11/site-packages/airflow/example_dags/example_branch_python_dop_operator_3.py for tasks to queue
[2023-08-15T21:56:05.713+0300] {logging_mixin.py:150} INFO - [2023-08-15T21:56:05.711+0300] {dagbag.py:541} INFO - Filling up the DagBag from /mnt/kali/DataHunt/venv/lib/python3.11/site-packages/airflow/example_dags/example_branch_python_dop_operator_3.py
[2023-08-15T21:56:05.769+0300] {processor.py:836} INFO - DAG(s) dict_keys(['example_branch_dop_operator_v3']) retrieved from /mnt/kali/DataHunt/venv/lib/python3.11/site-packages/airflow/example_dags/example_branch_python_dop_operator_3.py
[2023-08-15T21:56:05.923+0300] {logging_mixin.py:150} INFO - [2023-08-15T21:56:05.923+0300] {dag.py:2742} INFO - Sync 1 DAGs
[2023-08-15T21:56:06.043+0300] {logging_mixin.py:150} INFO - [2023-08-15T21:56:06.042+0300] {dag.py:3504} INFO - Setting next_dagrun for example_branch_dop_operator_v3 to 2023-08-15T18:55:00+00:00, run_after=2023-08-15T18:56:00+00:00
[2023-08-15T21:56:06.173+0300] {processor.py:179} INFO - Processing /mnt/kali/DataHunt/venv/lib/python3.11/site-packages/airflow/example_dags/example_branch_python_dop_operator_3.py took 0.499 seconds
[2023-08-15T21:56:36.725+0300] {processor.py:157} INFO - Started process (PID=241908) to work on /mnt/kali/DataHunt/venv/lib/python3.11/site-packages/airflow/example_dags/example_branch_python_dop_operator_3.py
[2023-08-15T21:56:36.895+0300] {processor.py:826} INFO - Processing file /mnt/kali/DataHunt/venv/lib/python3.11/site-packages/airflow/example_dags/example_branch_python_dop_operator_3.py for tasks to queue
[2023-08-15T21:56:36.897+0300] {logging_mixin.py:150} INFO - [2023-08-15T21:56:36.896+0300] {dagbag.py:541} INFO - Filling up the DagBag from /mnt/kali/DataHunt/venv/lib/python3.11/site-packages/airflow/example_dags/example_branch_python_dop_operator_3.py
[2023-08-15T21:56:36.978+0300] {processor.py:836} INFO - DAG(s) dict_keys(['example_branch_dop_operator_v3']) retrieved from /mnt/kali/DataHunt/venv/lib/python3.11/site-packages/airflow/example_dags/example_branch_python_dop_operator_3.py
[2023-08-15T21:56:37.146+0300] {logging_mixin.py:150} INFO - [2023-08-15T21:56:37.145+0300] {dag.py:2742} INFO - Sync 1 DAGs
[2023-08-15T21:56:37.253+0300] {logging_mixin.py:150} INFO - [2023-08-15T21:56:37.253+0300] {dag.py:3504} INFO - Setting next_dagrun for example_branch_dop_operator_v3 to 2023-08-15T18:55:00+00:00, run_after=2023-08-15T18:56:00+00:00
[2023-08-15T21:56:37.457+0300] {processor.py:179} INFO - Processing /mnt/kali/DataHunt/venv/lib/python3.11/site-packages/airflow/example_dags/example_branch_python_dop_operator_3.py took 0.744 seconds
[2023-08-15T21:57:07.784+0300] {processor.py:157} INFO - Started process (PID=242458) to work on /mnt/kali/DataHunt/venv/lib/python3.11/site-packages/airflow/example_dags/example_branch_python_dop_operator_3.py
[2023-08-15T21:57:07.787+0300] {processor.py:826} INFO - Processing file /mnt/kali/DataHunt/venv/lib/python3.11/site-packages/airflow/example_dags/example_branch_python_dop_operator_3.py for tasks to queue
[2023-08-15T21:57:07.790+0300] {logging_mixin.py:150} INFO - [2023-08-15T21:57:07.789+0300] {dagbag.py:541} INFO - Filling up the DagBag from /mnt/kali/DataHunt/venv/lib/python3.11/site-packages/airflow/example_dags/example_branch_python_dop_operator_3.py
[2023-08-15T21:57:07.877+0300] {processor.py:836} INFO - DAG(s) dict_keys(['example_branch_dop_operator_v3']) retrieved from /mnt/kali/DataHunt/venv/lib/python3.11/site-packages/airflow/example_dags/example_branch_python_dop_operator_3.py
[2023-08-15T21:57:08.108+0300] {logging_mixin.py:150} INFO - [2023-08-15T21:57:08.107+0300] {dag.py:2742} INFO - Sync 1 DAGs
[2023-08-15T21:57:08.288+0300] {logging_mixin.py:150} INFO - [2023-08-15T21:57:08.287+0300] {dag.py:3504} INFO - Setting next_dagrun for example_branch_dop_operator_v3 to 2023-08-15T18:56:00+00:00, run_after=2023-08-15T18:57:00+00:00
[2023-08-15T21:57:08.443+0300] {processor.py:179} INFO - Processing /mnt/kali/DataHunt/venv/lib/python3.11/site-packages/airflow/example_dags/example_branch_python_dop_operator_3.py took 0.688 seconds
[2023-08-15T21:57:39.079+0300] {processor.py:157} INFO - Started process (PID=242951) to work on /mnt/kali/DataHunt/venv/lib/python3.11/site-packages/airflow/example_dags/example_branch_python_dop_operator_3.py
[2023-08-15T21:57:39.102+0300] {processor.py:826} INFO - Processing file /mnt/kali/DataHunt/venv/lib/python3.11/site-packages/airflow/example_dags/example_branch_python_dop_operator_3.py for tasks to queue
[2023-08-15T21:57:39.105+0300] {logging_mixin.py:150} INFO - [2023-08-15T21:57:39.104+0300] {dagbag.py:541} INFO - Filling up the DagBag from /mnt/kali/DataHunt/venv/lib/python3.11/site-packages/airflow/example_dags/example_branch_python_dop_operator_3.py
[2023-08-15T21:57:39.158+0300] {processor.py:836} INFO - DAG(s) dict_keys(['example_branch_dop_operator_v3']) retrieved from /mnt/kali/DataHunt/venv/lib/python3.11/site-packages/airflow/example_dags/example_branch_python_dop_operator_3.py
[2023-08-15T21:57:39.287+0300] {logging_mixin.py:150} INFO - [2023-08-15T21:57:39.287+0300] {dag.py:2742} INFO - Sync 1 DAGs
[2023-08-15T21:57:39.440+0300] {logging_mixin.py:150} INFO - [2023-08-15T21:57:39.440+0300] {dag.py:3504} INFO - Setting next_dagrun for example_branch_dop_operator_v3 to 2023-08-15T18:56:00+00:00, run_after=2023-08-15T18:57:00+00:00
[2023-08-15T21:57:39.564+0300] {processor.py:179} INFO - Processing /mnt/kali/DataHunt/venv/lib/python3.11/site-packages/airflow/example_dags/example_branch_python_dop_operator_3.py took 0.508 seconds
