[2023-08-15T21:25:42.994+0300] {processor.py:157} INFO - Started process (PID=214594) to work on /mnt/kali/DataHunt/venv/lib/python3.11/site-packages/airflow/example_dags/example_sensor_decorator.py
[2023-08-15T21:25:43.001+0300] {processor.py:826} INFO - Processing file /mnt/kali/DataHunt/venv/lib/python3.11/site-packages/airflow/example_dags/example_sensor_decorator.py for tasks to queue
[2023-08-15T21:25:43.008+0300] {logging_mixin.py:150} INFO - [2023-08-15T21:25:43.007+0300] {dagbag.py:541} INFO - Filling up the DagBag from /mnt/kali/DataHunt/venv/lib/python3.11/site-packages/airflow/example_dags/example_sensor_decorator.py
[2023-08-15T21:25:43.081+0300] {processor.py:836} INFO - DAG(s) dict_keys(['example_sensor_decorator']) retrieved from /mnt/kali/DataHunt/venv/lib/python3.11/site-packages/airflow/example_dags/example_sensor_decorator.py
[2023-08-15T21:25:45.036+0300] {logging_mixin.py:150} INFO - [2023-08-15T21:25:45.035+0300] {manager.py:504} INFO - Created Permission View: can edit on DAG:example_sensor_decorator
[2023-08-15T21:25:45.187+0300] {logging_mixin.py:150} INFO - [2023-08-15T21:25:45.186+0300] {manager.py:504} INFO - Created Permission View: can delete on DAG:example_sensor_decorator
[2023-08-15T21:25:45.883+0300] {logging_mixin.py:150} INFO - [2023-08-15T21:25:45.882+0300] {manager.py:504} INFO - Created Permission View: can read on DAG:example_sensor_decorator
[2023-08-15T21:25:45.950+0300] {logging_mixin.py:150} INFO - [2023-08-15T21:25:45.950+0300] {dag.py:2742} INFO - Sync 1 DAGs
[2023-08-15T21:25:45.990+0300] {logging_mixin.py:150} INFO - [2023-08-15T21:25:45.989+0300] {dag.py:2763} INFO - Creating ORM DAG for example_sensor_decorator
[2023-08-15T21:25:46.047+0300] {logging_mixin.py:150} INFO - [2023-08-15T21:25:46.046+0300] {dag.py:3504} INFO - Setting next_dagrun for example_sensor_decorator to None, run_after=None
[2023-08-15T21:25:46.377+0300] {processor.py:179} INFO - Processing /mnt/kali/DataHunt/venv/lib/python3.11/site-packages/airflow/example_dags/example_sensor_decorator.py took 3.413 seconds
[2023-08-15T21:28:02.545+0300] {processor.py:157} INFO - Started process (PID=216333) to work on /mnt/kali/DataHunt/venv/lib/python3.11/site-packages/airflow/example_dags/example_sensor_decorator.py
[2023-08-15T21:28:02.604+0300] {processor.py:826} INFO - Processing file /mnt/kali/DataHunt/venv/lib/python3.11/site-packages/airflow/example_dags/example_sensor_decorator.py for tasks to queue
[2023-08-15T21:28:02.651+0300] {logging_mixin.py:150} INFO - [2023-08-15T21:28:02.650+0300] {dagbag.py:541} INFO - Filling up the DagBag from /mnt/kali/DataHunt/venv/lib/python3.11/site-packages/airflow/example_dags/example_sensor_decorator.py
[2023-08-15T21:28:02.915+0300] {processor.py:836} INFO - DAG(s) dict_keys(['example_sensor_decorator']) retrieved from /mnt/kali/DataHunt/venv/lib/python3.11/site-packages/airflow/example_dags/example_sensor_decorator.py
[2023-08-15T21:28:03.138+0300] {logging_mixin.py:150} INFO - [2023-08-15T21:28:03.137+0300] {dag.py:2742} INFO - Sync 1 DAGs
[2023-08-15T21:28:03.286+0300] {logging_mixin.py:150} INFO - [2023-08-15T21:28:03.273+0300] {dag.py:3504} INFO - Setting next_dagrun for example_sensor_decorator to None, run_after=None
[2023-08-15T21:28:03.807+0300] {processor.py:179} INFO - Processing /mnt/kali/DataHunt/venv/lib/python3.11/site-packages/airflow/example_dags/example_sensor_decorator.py took 1.315 seconds
[2023-08-15T21:29:31.982+0300] {processor.py:157} INFO - Started process (PID=217401) to work on /mnt/kali/DataHunt/venv/lib/python3.11/site-packages/airflow/example_dags/example_sensor_decorator.py
[2023-08-15T21:29:32.008+0300] {processor.py:826} INFO - Processing file /mnt/kali/DataHunt/venv/lib/python3.11/site-packages/airflow/example_dags/example_sensor_decorator.py for tasks to queue
[2023-08-15T21:29:32.014+0300] {logging_mixin.py:150} INFO - [2023-08-15T21:29:32.010+0300] {dagbag.py:541} INFO - Filling up the DagBag from /mnt/kali/DataHunt/venv/lib/python3.11/site-packages/airflow/example_dags/example_sensor_decorator.py
[2023-08-15T21:29:32.059+0300] {processor.py:836} INFO - DAG(s) dict_keys(['example_sensor_decorator']) retrieved from /mnt/kali/DataHunt/venv/lib/python3.11/site-packages/airflow/example_dags/example_sensor_decorator.py
[2023-08-15T21:29:32.139+0300] {logging_mixin.py:150} INFO - [2023-08-15T21:29:32.138+0300] {dag.py:2742} INFO - Sync 1 DAGs
[2023-08-15T21:29:32.273+0300] {logging_mixin.py:150} INFO - [2023-08-15T21:29:32.272+0300] {dag.py:3504} INFO - Setting next_dagrun for example_sensor_decorator to None, run_after=None
[2023-08-15T21:29:32.545+0300] {processor.py:179} INFO - Processing /mnt/kali/DataHunt/venv/lib/python3.11/site-packages/airflow/example_dags/example_sensor_decorator.py took 0.577 seconds
[2023-08-15T21:47:34.237+0300] {processor.py:157} INFO - Started process (PID=233743) to work on /mnt/kali/DataHunt/venv/lib/python3.11/site-packages/airflow/example_dags/example_sensor_decorator.py
[2023-08-15T21:47:34.249+0300] {processor.py:826} INFO - Processing file /mnt/kali/DataHunt/venv/lib/python3.11/site-packages/airflow/example_dags/example_sensor_decorator.py for tasks to queue
[2023-08-15T21:47:34.251+0300] {logging_mixin.py:150} INFO - [2023-08-15T21:47:34.250+0300] {dagbag.py:541} INFO - Filling up the DagBag from /mnt/kali/DataHunt/venv/lib/python3.11/site-packages/airflow/example_dags/example_sensor_decorator.py
[2023-08-15T21:47:34.269+0300] {processor.py:836} INFO - DAG(s) dict_keys(['example_sensor_decorator']) retrieved from /mnt/kali/DataHunt/venv/lib/python3.11/site-packages/airflow/example_dags/example_sensor_decorator.py
[2023-08-15T21:47:34.760+0300] {logging_mixin.py:150} INFO - [2023-08-15T21:47:34.760+0300] {manager.py:504} INFO - Created Permission View: can read on DAG:example_sensor_decorator
[2023-08-15T21:47:34.849+0300] {logging_mixin.py:150} INFO - [2023-08-15T21:47:34.849+0300] {manager.py:504} INFO - Created Permission View: can delete on DAG:example_sensor_decorator
[2023-08-15T21:47:34.994+0300] {logging_mixin.py:150} INFO - [2023-08-15T21:47:34.993+0300] {manager.py:504} INFO - Created Permission View: can edit on DAG:example_sensor_decorator
[2023-08-15T21:47:35.045+0300] {logging_mixin.py:150} INFO - [2023-08-15T21:47:35.044+0300] {dag.py:2742} INFO - Sync 1 DAGs
[2023-08-15T21:47:35.081+0300] {logging_mixin.py:150} INFO - [2023-08-15T21:47:35.081+0300] {dag.py:2763} INFO - Creating ORM DAG for example_sensor_decorator
[2023-08-15T21:47:35.116+0300] {logging_mixin.py:150} INFO - [2023-08-15T21:47:35.116+0300] {dag.py:3504} INFO - Setting next_dagrun for example_sensor_decorator to None, run_after=None
[2023-08-15T21:47:35.225+0300] {processor.py:179} INFO - Processing /mnt/kali/DataHunt/venv/lib/python3.11/site-packages/airflow/example_dags/example_sensor_decorator.py took 0.998 seconds
[2023-08-15T21:48:05.311+0300] {processor.py:157} INFO - Started process (PID=234131) to work on /mnt/kali/DataHunt/venv/lib/python3.11/site-packages/airflow/example_dags/example_sensor_decorator.py
[2023-08-15T21:48:05.313+0300] {processor.py:826} INFO - Processing file /mnt/kali/DataHunt/venv/lib/python3.11/site-packages/airflow/example_dags/example_sensor_decorator.py for tasks to queue
[2023-08-15T21:48:05.315+0300] {logging_mixin.py:150} INFO - [2023-08-15T21:48:05.314+0300] {dagbag.py:541} INFO - Filling up the DagBag from /mnt/kali/DataHunt/venv/lib/python3.11/site-packages/airflow/example_dags/example_sensor_decorator.py
[2023-08-15T21:48:05.331+0300] {processor.py:836} INFO - DAG(s) dict_keys(['example_sensor_decorator']) retrieved from /mnt/kali/DataHunt/venv/lib/python3.11/site-packages/airflow/example_dags/example_sensor_decorator.py
[2023-08-15T21:48:05.420+0300] {logging_mixin.py:150} INFO - [2023-08-15T21:48:05.420+0300] {dag.py:2742} INFO - Sync 1 DAGs
[2023-08-15T21:48:05.492+0300] {logging_mixin.py:150} INFO - [2023-08-15T21:48:05.492+0300] {dag.py:3504} INFO - Setting next_dagrun for example_sensor_decorator to None, run_after=None
[2023-08-15T21:48:05.553+0300] {processor.py:179} INFO - Processing /mnt/kali/DataHunt/venv/lib/python3.11/site-packages/airflow/example_dags/example_sensor_decorator.py took 0.252 seconds
[2023-08-15T21:48:36.357+0300] {processor.py:157} INFO - Started process (PID=234751) to work on /mnt/kali/DataHunt/venv/lib/python3.11/site-packages/airflow/example_dags/example_sensor_decorator.py
[2023-08-15T21:48:36.374+0300] {processor.py:826} INFO - Processing file /mnt/kali/DataHunt/venv/lib/python3.11/site-packages/airflow/example_dags/example_sensor_decorator.py for tasks to queue
[2023-08-15T21:48:36.377+0300] {logging_mixin.py:150} INFO - [2023-08-15T21:48:36.376+0300] {dagbag.py:541} INFO - Filling up the DagBag from /mnt/kali/DataHunt/venv/lib/python3.11/site-packages/airflow/example_dags/example_sensor_decorator.py
[2023-08-15T21:48:36.400+0300] {processor.py:836} INFO - DAG(s) dict_keys(['example_sensor_decorator']) retrieved from /mnt/kali/DataHunt/venv/lib/python3.11/site-packages/airflow/example_dags/example_sensor_decorator.py
[2023-08-15T21:48:36.522+0300] {logging_mixin.py:150} INFO - [2023-08-15T21:48:36.522+0300] {dag.py:2742} INFO - Sync 1 DAGs
[2023-08-15T21:48:36.617+0300] {logging_mixin.py:150} INFO - [2023-08-15T21:48:36.616+0300] {dag.py:3504} INFO - Setting next_dagrun for example_sensor_decorator to None, run_after=None
[2023-08-15T21:48:36.693+0300] {processor.py:179} INFO - Processing /mnt/kali/DataHunt/venv/lib/python3.11/site-packages/airflow/example_dags/example_sensor_decorator.py took 0.350 seconds
[2023-08-15T21:49:14.163+0300] {processor.py:157} INFO - Started process (PID=235234) to work on /mnt/kali/DataHunt/venv/lib/python3.11/site-packages/airflow/example_dags/example_sensor_decorator.py
[2023-08-15T21:49:14.264+0300] {processor.py:826} INFO - Processing file /mnt/kali/DataHunt/venv/lib/python3.11/site-packages/airflow/example_dags/example_sensor_decorator.py for tasks to queue
[2023-08-15T21:49:14.270+0300] {logging_mixin.py:150} INFO - [2023-08-15T21:49:14.268+0300] {dagbag.py:541} INFO - Filling up the DagBag from /mnt/kali/DataHunt/venv/lib/python3.11/site-packages/airflow/example_dags/example_sensor_decorator.py
[2023-08-15T21:49:14.296+0300] {processor.py:836} INFO - DAG(s) dict_keys(['example_sensor_decorator']) retrieved from /mnt/kali/DataHunt/venv/lib/python3.11/site-packages/airflow/example_dags/example_sensor_decorator.py
[2023-08-15T21:49:14.571+0300] {logging_mixin.py:150} INFO - [2023-08-15T21:49:14.571+0300] {dag.py:2742} INFO - Sync 1 DAGs
[2023-08-15T21:49:15.011+0300] {logging_mixin.py:150} INFO - [2023-08-15T21:49:15.010+0300] {dag.py:3504} INFO - Setting next_dagrun for example_sensor_decorator to None, run_after=None
[2023-08-15T21:49:15.694+0300] {processor.py:179} INFO - Processing /mnt/kali/DataHunt/venv/lib/python3.11/site-packages/airflow/example_dags/example_sensor_decorator.py took 1.543 seconds
[2023-08-15T21:49:46.232+0300] {processor.py:157} INFO - Started process (PID=235737) to work on /mnt/kali/DataHunt/venv/lib/python3.11/site-packages/airflow/example_dags/example_sensor_decorator.py
[2023-08-15T21:49:46.261+0300] {processor.py:826} INFO - Processing file /mnt/kali/DataHunt/venv/lib/python3.11/site-packages/airflow/example_dags/example_sensor_decorator.py for tasks to queue
[2023-08-15T21:49:46.264+0300] {logging_mixin.py:150} INFO - [2023-08-15T21:49:46.262+0300] {dagbag.py:541} INFO - Filling up the DagBag from /mnt/kali/DataHunt/venv/lib/python3.11/site-packages/airflow/example_dags/example_sensor_decorator.py
[2023-08-15T21:49:46.300+0300] {processor.py:836} INFO - DAG(s) dict_keys(['example_sensor_decorator']) retrieved from /mnt/kali/DataHunt/venv/lib/python3.11/site-packages/airflow/example_dags/example_sensor_decorator.py
[2023-08-15T21:49:46.593+0300] {logging_mixin.py:150} INFO - [2023-08-15T21:49:46.592+0300] {dag.py:2742} INFO - Sync 1 DAGs
[2023-08-15T21:49:46.765+0300] {logging_mixin.py:150} INFO - [2023-08-15T21:49:46.764+0300] {dag.py:3504} INFO - Setting next_dagrun for example_sensor_decorator to None, run_after=None
[2023-08-15T21:49:46.860+0300] {processor.py:179} INFO - Processing /mnt/kali/DataHunt/venv/lib/python3.11/site-packages/airflow/example_dags/example_sensor_decorator.py took 0.652 seconds
[2023-08-15T21:50:17.211+0300] {processor.py:157} INFO - Started process (PID=236117) to work on /mnt/kali/DataHunt/venv/lib/python3.11/site-packages/airflow/example_dags/example_sensor_decorator.py
[2023-08-15T21:50:17.234+0300] {processor.py:826} INFO - Processing file /mnt/kali/DataHunt/venv/lib/python3.11/site-packages/airflow/example_dags/example_sensor_decorator.py for tasks to queue
[2023-08-15T21:50:17.237+0300] {logging_mixin.py:150} INFO - [2023-08-15T21:50:17.236+0300] {dagbag.py:541} INFO - Filling up the DagBag from /mnt/kali/DataHunt/venv/lib/python3.11/site-packages/airflow/example_dags/example_sensor_decorator.py
[2023-08-15T21:50:17.298+0300] {processor.py:836} INFO - DAG(s) dict_keys(['example_sensor_decorator']) retrieved from /mnt/kali/DataHunt/venv/lib/python3.11/site-packages/airflow/example_dags/example_sensor_decorator.py
[2023-08-15T21:50:17.564+0300] {logging_mixin.py:150} INFO - [2023-08-15T21:50:17.563+0300] {dag.py:2742} INFO - Sync 1 DAGs
[2023-08-15T21:50:17.763+0300] {logging_mixin.py:150} INFO - [2023-08-15T21:50:17.763+0300] {dag.py:3504} INFO - Setting next_dagrun for example_sensor_decorator to None, run_after=None
[2023-08-15T21:50:17.915+0300] {processor.py:179} INFO - Processing /mnt/kali/DataHunt/venv/lib/python3.11/site-packages/airflow/example_dags/example_sensor_decorator.py took 0.739 seconds
[2023-08-15T21:50:50.432+0300] {processor.py:157} INFO - Started process (PID=236573) to work on /mnt/kali/DataHunt/venv/lib/python3.11/site-packages/airflow/example_dags/example_sensor_decorator.py
[2023-08-15T21:50:50.435+0300] {processor.py:826} INFO - Processing file /mnt/kali/DataHunt/venv/lib/python3.11/site-packages/airflow/example_dags/example_sensor_decorator.py for tasks to queue
[2023-08-15T21:50:50.437+0300] {logging_mixin.py:150} INFO - [2023-08-15T21:50:50.436+0300] {dagbag.py:541} INFO - Filling up the DagBag from /mnt/kali/DataHunt/venv/lib/python3.11/site-packages/airflow/example_dags/example_sensor_decorator.py
[2023-08-15T21:50:50.462+0300] {processor.py:836} INFO - DAG(s) dict_keys(['example_sensor_decorator']) retrieved from /mnt/kali/DataHunt/venv/lib/python3.11/site-packages/airflow/example_dags/example_sensor_decorator.py
[2023-08-15T21:50:50.603+0300] {logging_mixin.py:150} INFO - [2023-08-15T21:50:50.602+0300] {dag.py:2742} INFO - Sync 1 DAGs
[2023-08-15T21:50:50.701+0300] {logging_mixin.py:150} INFO - [2023-08-15T21:50:50.700+0300] {dag.py:3504} INFO - Setting next_dagrun for example_sensor_decorator to None, run_after=None
[2023-08-15T21:50:50.813+0300] {processor.py:179} INFO - Processing /mnt/kali/DataHunt/venv/lib/python3.11/site-packages/airflow/example_dags/example_sensor_decorator.py took 0.394 seconds
[2023-08-15T21:51:20.978+0300] {processor.py:157} INFO - Started process (PID=236968) to work on /mnt/kali/DataHunt/venv/lib/python3.11/site-packages/airflow/example_dags/example_sensor_decorator.py
[2023-08-15T21:51:20.980+0300] {processor.py:826} INFO - Processing file /mnt/kali/DataHunt/venv/lib/python3.11/site-packages/airflow/example_dags/example_sensor_decorator.py for tasks to queue
[2023-08-15T21:51:20.983+0300] {logging_mixin.py:150} INFO - [2023-08-15T21:51:20.982+0300] {dagbag.py:541} INFO - Filling up the DagBag from /mnt/kali/DataHunt/venv/lib/python3.11/site-packages/airflow/example_dags/example_sensor_decorator.py
[2023-08-15T21:51:21.002+0300] {processor.py:836} INFO - DAG(s) dict_keys(['example_sensor_decorator']) retrieved from /mnt/kali/DataHunt/venv/lib/python3.11/site-packages/airflow/example_dags/example_sensor_decorator.py
[2023-08-15T21:51:21.083+0300] {logging_mixin.py:150} INFO - [2023-08-15T21:51:21.082+0300] {dag.py:2742} INFO - Sync 1 DAGs
[2023-08-15T21:51:21.135+0300] {logging_mixin.py:150} INFO - [2023-08-15T21:51:21.134+0300] {dag.py:3504} INFO - Setting next_dagrun for example_sensor_decorator to None, run_after=None
[2023-08-15T21:51:21.184+0300] {processor.py:179} INFO - Processing /mnt/kali/DataHunt/venv/lib/python3.11/site-packages/airflow/example_dags/example_sensor_decorator.py took 0.216 seconds
[2023-08-15T21:51:51.987+0300] {processor.py:157} INFO - Started process (PID=237710) to work on /mnt/kali/DataHunt/venv/lib/python3.11/site-packages/airflow/example_dags/example_sensor_decorator.py
[2023-08-15T21:51:51.990+0300] {processor.py:826} INFO - Processing file /mnt/kali/DataHunt/venv/lib/python3.11/site-packages/airflow/example_dags/example_sensor_decorator.py for tasks to queue
[2023-08-15T21:51:51.992+0300] {logging_mixin.py:150} INFO - [2023-08-15T21:51:51.991+0300] {dagbag.py:541} INFO - Filling up the DagBag from /mnt/kali/DataHunt/venv/lib/python3.11/site-packages/airflow/example_dags/example_sensor_decorator.py
[2023-08-15T21:51:52.013+0300] {processor.py:836} INFO - DAG(s) dict_keys(['example_sensor_decorator']) retrieved from /mnt/kali/DataHunt/venv/lib/python3.11/site-packages/airflow/example_dags/example_sensor_decorator.py
[2023-08-15T21:51:52.117+0300] {logging_mixin.py:150} INFO - [2023-08-15T21:51:52.117+0300] {dag.py:2742} INFO - Sync 1 DAGs
[2023-08-15T21:51:52.207+0300] {logging_mixin.py:150} INFO - [2023-08-15T21:51:52.206+0300] {dag.py:3504} INFO - Setting next_dagrun for example_sensor_decorator to None, run_after=None
[2023-08-15T21:51:52.282+0300] {processor.py:179} INFO - Processing /mnt/kali/DataHunt/venv/lib/python3.11/site-packages/airflow/example_dags/example_sensor_decorator.py took 0.305 seconds
[2023-08-15T21:52:22.495+0300] {processor.py:157} INFO - Started process (PID=238083) to work on /mnt/kali/DataHunt/venv/lib/python3.11/site-packages/airflow/example_dags/example_sensor_decorator.py
[2023-08-15T21:52:22.498+0300] {processor.py:826} INFO - Processing file /mnt/kali/DataHunt/venv/lib/python3.11/site-packages/airflow/example_dags/example_sensor_decorator.py for tasks to queue
[2023-08-15T21:52:22.501+0300] {logging_mixin.py:150} INFO - [2023-08-15T21:52:22.500+0300] {dagbag.py:541} INFO - Filling up the DagBag from /mnt/kali/DataHunt/venv/lib/python3.11/site-packages/airflow/example_dags/example_sensor_decorator.py
[2023-08-15T21:52:22.527+0300] {processor.py:836} INFO - DAG(s) dict_keys(['example_sensor_decorator']) retrieved from /mnt/kali/DataHunt/venv/lib/python3.11/site-packages/airflow/example_dags/example_sensor_decorator.py
[2023-08-15T21:52:22.617+0300] {logging_mixin.py:150} INFO - [2023-08-15T21:52:22.616+0300] {dag.py:2742} INFO - Sync 1 DAGs
[2023-08-15T21:52:22.703+0300] {logging_mixin.py:150} INFO - [2023-08-15T21:52:22.702+0300] {dag.py:3504} INFO - Setting next_dagrun for example_sensor_decorator to None, run_after=None
[2023-08-15T21:52:22.779+0300] {processor.py:179} INFO - Processing /mnt/kali/DataHunt/venv/lib/python3.11/site-packages/airflow/example_dags/example_sensor_decorator.py took 0.299 seconds
[2023-08-15T21:52:53.051+0300] {processor.py:157} INFO - Started process (PID=238456) to work on /mnt/kali/DataHunt/venv/lib/python3.11/site-packages/airflow/example_dags/example_sensor_decorator.py
[2023-08-15T21:52:53.053+0300] {processor.py:826} INFO - Processing file /mnt/kali/DataHunt/venv/lib/python3.11/site-packages/airflow/example_dags/example_sensor_decorator.py for tasks to queue
[2023-08-15T21:52:53.055+0300] {logging_mixin.py:150} INFO - [2023-08-15T21:52:53.054+0300] {dagbag.py:541} INFO - Filling up the DagBag from /mnt/kali/DataHunt/venv/lib/python3.11/site-packages/airflow/example_dags/example_sensor_decorator.py
[2023-08-15T21:52:53.076+0300] {processor.py:836} INFO - DAG(s) dict_keys(['example_sensor_decorator']) retrieved from /mnt/kali/DataHunt/venv/lib/python3.11/site-packages/airflow/example_dags/example_sensor_decorator.py
[2023-08-15T21:52:53.163+0300] {logging_mixin.py:150} INFO - [2023-08-15T21:52:53.163+0300] {dag.py:2742} INFO - Sync 1 DAGs
[2023-08-15T21:52:53.218+0300] {logging_mixin.py:150} INFO - [2023-08-15T21:52:53.218+0300] {dag.py:3504} INFO - Setting next_dagrun for example_sensor_decorator to None, run_after=None
[2023-08-15T21:52:53.299+0300] {processor.py:179} INFO - Processing /mnt/kali/DataHunt/venv/lib/python3.11/site-packages/airflow/example_dags/example_sensor_decorator.py took 0.260 seconds
[2023-08-15T21:53:25.817+0300] {processor.py:157} INFO - Started process (PID=239061) to work on /mnt/kali/DataHunt/venv/lib/python3.11/site-packages/airflow/example_dags/example_sensor_decorator.py
[2023-08-15T21:53:25.837+0300] {processor.py:826} INFO - Processing file /mnt/kali/DataHunt/venv/lib/python3.11/site-packages/airflow/example_dags/example_sensor_decorator.py for tasks to queue
[2023-08-15T21:53:25.839+0300] {logging_mixin.py:150} INFO - [2023-08-15T21:53:25.838+0300] {dagbag.py:541} INFO - Filling up the DagBag from /mnt/kali/DataHunt/venv/lib/python3.11/site-packages/airflow/example_dags/example_sensor_decorator.py
[2023-08-15T21:53:25.860+0300] {processor.py:836} INFO - DAG(s) dict_keys(['example_sensor_decorator']) retrieved from /mnt/kali/DataHunt/venv/lib/python3.11/site-packages/airflow/example_dags/example_sensor_decorator.py
[2023-08-15T21:53:25.965+0300] {logging_mixin.py:150} INFO - [2023-08-15T21:53:25.964+0300] {dag.py:2742} INFO - Sync 1 DAGs
[2023-08-15T21:53:26.043+0300] {logging_mixin.py:150} INFO - [2023-08-15T21:53:26.043+0300] {dag.py:3504} INFO - Setting next_dagrun for example_sensor_decorator to None, run_after=None
[2023-08-15T21:53:26.114+0300] {processor.py:179} INFO - Processing /mnt/kali/DataHunt/venv/lib/python3.11/site-packages/airflow/example_dags/example_sensor_decorator.py took 0.308 seconds
[2023-08-15T21:53:58.359+0300] {processor.py:157} INFO - Started process (PID=239487) to work on /mnt/kali/DataHunt/venv/lib/python3.11/site-packages/airflow/example_dags/example_sensor_decorator.py
[2023-08-15T21:53:58.693+0300] {processor.py:826} INFO - Processing file /mnt/kali/DataHunt/venv/lib/python3.11/site-packages/airflow/example_dags/example_sensor_decorator.py for tasks to queue
[2023-08-15T21:53:58.696+0300] {logging_mixin.py:150} INFO - [2023-08-15T21:53:58.695+0300] {dagbag.py:541} INFO - Filling up the DagBag from /mnt/kali/DataHunt/venv/lib/python3.11/site-packages/airflow/example_dags/example_sensor_decorator.py
[2023-08-15T21:53:58.765+0300] {processor.py:836} INFO - DAG(s) dict_keys(['example_sensor_decorator']) retrieved from /mnt/kali/DataHunt/venv/lib/python3.11/site-packages/airflow/example_dags/example_sensor_decorator.py
[2023-08-15T21:53:59.194+0300] {logging_mixin.py:150} INFO - [2023-08-15T21:53:59.193+0300] {dag.py:2742} INFO - Sync 1 DAGs
[2023-08-15T21:53:59.658+0300] {logging_mixin.py:150} INFO - [2023-08-15T21:53:59.657+0300] {dag.py:3504} INFO - Setting next_dagrun for example_sensor_decorator to None, run_after=None
[2023-08-15T21:53:59.828+0300] {processor.py:179} INFO - Processing /mnt/kali/DataHunt/venv/lib/python3.11/site-packages/airflow/example_dags/example_sensor_decorator.py took 1.511 seconds
[2023-08-15T21:54:30.688+0300] {processor.py:157} INFO - Started process (PID=240064) to work on /mnt/kali/DataHunt/venv/lib/python3.11/site-packages/airflow/example_dags/example_sensor_decorator.py
[2023-08-15T21:54:30.707+0300] {processor.py:826} INFO - Processing file /mnt/kali/DataHunt/venv/lib/python3.11/site-packages/airflow/example_dags/example_sensor_decorator.py for tasks to queue
[2023-08-15T21:54:30.710+0300] {logging_mixin.py:150} INFO - [2023-08-15T21:54:30.709+0300] {dagbag.py:541} INFO - Filling up the DagBag from /mnt/kali/DataHunt/venv/lib/python3.11/site-packages/airflow/example_dags/example_sensor_decorator.py
[2023-08-15T21:54:30.749+0300] {processor.py:836} INFO - DAG(s) dict_keys(['example_sensor_decorator']) retrieved from /mnt/kali/DataHunt/venv/lib/python3.11/site-packages/airflow/example_dags/example_sensor_decorator.py
[2023-08-15T21:54:30.925+0300] {logging_mixin.py:150} INFO - [2023-08-15T21:54:30.924+0300] {dag.py:2742} INFO - Sync 1 DAGs
[2023-08-15T21:54:31.036+0300] {logging_mixin.py:150} INFO - [2023-08-15T21:54:31.036+0300] {dag.py:3504} INFO - Setting next_dagrun for example_sensor_decorator to None, run_after=None
[2023-08-15T21:54:31.122+0300] {processor.py:179} INFO - Processing /mnt/kali/DataHunt/venv/lib/python3.11/site-packages/airflow/example_dags/example_sensor_decorator.py took 0.456 seconds
[2023-08-15T21:55:01.968+0300] {processor.py:157} INFO - Started process (PID=240411) to work on /mnt/kali/DataHunt/venv/lib/python3.11/site-packages/airflow/example_dags/example_sensor_decorator.py
[2023-08-15T21:55:01.983+0300] {processor.py:826} INFO - Processing file /mnt/kali/DataHunt/venv/lib/python3.11/site-packages/airflow/example_dags/example_sensor_decorator.py for tasks to queue
[2023-08-15T21:55:01.998+0300] {logging_mixin.py:150} INFO - [2023-08-15T21:55:01.989+0300] {dagbag.py:541} INFO - Filling up the DagBag from /mnt/kali/DataHunt/venv/lib/python3.11/site-packages/airflow/example_dags/example_sensor_decorator.py
[2023-08-15T21:55:02.058+0300] {processor.py:836} INFO - DAG(s) dict_keys(['example_sensor_decorator']) retrieved from /mnt/kali/DataHunt/venv/lib/python3.11/site-packages/airflow/example_dags/example_sensor_decorator.py
[2023-08-15T21:55:02.502+0300] {logging_mixin.py:150} INFO - [2023-08-15T21:55:02.502+0300] {dag.py:2742} INFO - Sync 1 DAGs
[2023-08-15T21:55:02.682+0300] {logging_mixin.py:150} INFO - [2023-08-15T21:55:02.682+0300] {dag.py:3504} INFO - Setting next_dagrun for example_sensor_decorator to None, run_after=None
[2023-08-15T21:55:03.023+0300] {processor.py:179} INFO - Processing /mnt/kali/DataHunt/venv/lib/python3.11/site-packages/airflow/example_dags/example_sensor_decorator.py took 1.093 seconds
[2023-08-15T21:55:33.945+0300] {processor.py:157} INFO - Started process (PID=240844) to work on /mnt/kali/DataHunt/venv/lib/python3.11/site-packages/airflow/example_dags/example_sensor_decorator.py
[2023-08-15T21:55:33.950+0300] {processor.py:826} INFO - Processing file /mnt/kali/DataHunt/venv/lib/python3.11/site-packages/airflow/example_dags/example_sensor_decorator.py for tasks to queue
[2023-08-15T21:55:33.953+0300] {logging_mixin.py:150} INFO - [2023-08-15T21:55:33.952+0300] {dagbag.py:541} INFO - Filling up the DagBag from /mnt/kali/DataHunt/venv/lib/python3.11/site-packages/airflow/example_dags/example_sensor_decorator.py
[2023-08-15T21:55:34.014+0300] {processor.py:836} INFO - DAG(s) dict_keys(['example_sensor_decorator']) retrieved from /mnt/kali/DataHunt/venv/lib/python3.11/site-packages/airflow/example_dags/example_sensor_decorator.py
[2023-08-15T21:55:34.283+0300] {logging_mixin.py:150} INFO - [2023-08-15T21:55:34.283+0300] {dag.py:2742} INFO - Sync 1 DAGs
[2023-08-15T21:55:34.432+0300] {logging_mixin.py:150} INFO - [2023-08-15T21:55:34.431+0300] {dag.py:3504} INFO - Setting next_dagrun for example_sensor_decorator to None, run_after=None
[2023-08-15T21:55:34.616+0300] {processor.py:179} INFO - Processing /mnt/kali/DataHunt/venv/lib/python3.11/site-packages/airflow/example_dags/example_sensor_decorator.py took 0.695 seconds
[2023-08-15T21:56:05.449+0300] {processor.py:157} INFO - Started process (PID=241382) to work on /mnt/kali/DataHunt/venv/lib/python3.11/site-packages/airflow/example_dags/example_sensor_decorator.py
[2023-08-15T21:56:05.457+0300] {processor.py:826} INFO - Processing file /mnt/kali/DataHunt/venv/lib/python3.11/site-packages/airflow/example_dags/example_sensor_decorator.py for tasks to queue
[2023-08-15T21:56:05.464+0300] {logging_mixin.py:150} INFO - [2023-08-15T21:56:05.463+0300] {dagbag.py:541} INFO - Filling up the DagBag from /mnt/kali/DataHunt/venv/lib/python3.11/site-packages/airflow/example_dags/example_sensor_decorator.py
[2023-08-15T21:56:05.500+0300] {processor.py:836} INFO - DAG(s) dict_keys(['example_sensor_decorator']) retrieved from /mnt/kali/DataHunt/venv/lib/python3.11/site-packages/airflow/example_dags/example_sensor_decorator.py
[2023-08-15T21:56:05.777+0300] {logging_mixin.py:150} INFO - [2023-08-15T21:56:05.776+0300] {dag.py:2742} INFO - Sync 1 DAGs
[2023-08-15T21:56:05.872+0300] {logging_mixin.py:150} INFO - [2023-08-15T21:56:05.871+0300] {dag.py:3504} INFO - Setting next_dagrun for example_sensor_decorator to None, run_after=None
[2023-08-15T21:56:06.003+0300] {processor.py:179} INFO - Processing /mnt/kali/DataHunt/venv/lib/python3.11/site-packages/airflow/example_dags/example_sensor_decorator.py took 0.570 seconds
[2023-08-15T21:56:36.647+0300] {processor.py:157} INFO - Started process (PID=241907) to work on /mnt/kali/DataHunt/venv/lib/python3.11/site-packages/airflow/example_dags/example_sensor_decorator.py
[2023-08-15T21:56:36.889+0300] {processor.py:826} INFO - Processing file /mnt/kali/DataHunt/venv/lib/python3.11/site-packages/airflow/example_dags/example_sensor_decorator.py for tasks to queue
[2023-08-15T21:56:36.913+0300] {logging_mixin.py:150} INFO - [2023-08-15T21:56:36.912+0300] {dagbag.py:541} INFO - Filling up the DagBag from /mnt/kali/DataHunt/venv/lib/python3.11/site-packages/airflow/example_dags/example_sensor_decorator.py
[2023-08-15T21:56:36.950+0300] {processor.py:836} INFO - DAG(s) dict_keys(['example_sensor_decorator']) retrieved from /mnt/kali/DataHunt/venv/lib/python3.11/site-packages/airflow/example_dags/example_sensor_decorator.py
[2023-08-15T21:56:37.093+0300] {logging_mixin.py:150} INFO - [2023-08-15T21:56:37.092+0300] {dag.py:2742} INFO - Sync 1 DAGs
[2023-08-15T21:56:37.180+0300] {logging_mixin.py:150} INFO - [2023-08-15T21:56:37.180+0300] {dag.py:3504} INFO - Setting next_dagrun for example_sensor_decorator to None, run_after=None
[2023-08-15T21:56:37.457+0300] {processor.py:179} INFO - Processing /mnt/kali/DataHunt/venv/lib/python3.11/site-packages/airflow/example_dags/example_sensor_decorator.py took 0.824 seconds
[2023-08-15T21:57:07.701+0300] {processor.py:157} INFO - Started process (PID=242457) to work on /mnt/kali/DataHunt/venv/lib/python3.11/site-packages/airflow/example_dags/example_sensor_decorator.py
[2023-08-15T21:57:07.709+0300] {processor.py:826} INFO - Processing file /mnt/kali/DataHunt/venv/lib/python3.11/site-packages/airflow/example_dags/example_sensor_decorator.py for tasks to queue
[2023-08-15T21:57:07.720+0300] {logging_mixin.py:150} INFO - [2023-08-15T21:57:07.719+0300] {dagbag.py:541} INFO - Filling up the DagBag from /mnt/kali/DataHunt/venv/lib/python3.11/site-packages/airflow/example_dags/example_sensor_decorator.py
[2023-08-15T21:57:07.768+0300] {processor.py:836} INFO - DAG(s) dict_keys(['example_sensor_decorator']) retrieved from /mnt/kali/DataHunt/venv/lib/python3.11/site-packages/airflow/example_dags/example_sensor_decorator.py
[2023-08-15T21:57:07.904+0300] {logging_mixin.py:150} INFO - [2023-08-15T21:57:07.903+0300] {dag.py:2742} INFO - Sync 1 DAGs
[2023-08-15T21:57:08.015+0300] {logging_mixin.py:150} INFO - [2023-08-15T21:57:08.014+0300] {dag.py:3504} INFO - Setting next_dagrun for example_sensor_decorator to None, run_after=None
[2023-08-15T21:57:08.138+0300] {processor.py:179} INFO - Processing /mnt/kali/DataHunt/venv/lib/python3.11/site-packages/airflow/example_dags/example_sensor_decorator.py took 0.466 seconds
[2023-08-15T21:57:38.506+0300] {processor.py:157} INFO - Started process (PID=242942) to work on /mnt/kali/DataHunt/venv/lib/python3.11/site-packages/airflow/example_dags/example_sensor_decorator.py
[2023-08-15T21:57:38.513+0300] {processor.py:826} INFO - Processing file /mnt/kali/DataHunt/venv/lib/python3.11/site-packages/airflow/example_dags/example_sensor_decorator.py for tasks to queue
[2023-08-15T21:57:38.515+0300] {logging_mixin.py:150} INFO - [2023-08-15T21:57:38.514+0300] {dagbag.py:541} INFO - Filling up the DagBag from /mnt/kali/DataHunt/venv/lib/python3.11/site-packages/airflow/example_dags/example_sensor_decorator.py
[2023-08-15T21:57:38.556+0300] {processor.py:836} INFO - DAG(s) dict_keys(['example_sensor_decorator']) retrieved from /mnt/kali/DataHunt/venv/lib/python3.11/site-packages/airflow/example_dags/example_sensor_decorator.py
[2023-08-15T21:57:38.680+0300] {logging_mixin.py:150} INFO - [2023-08-15T21:57:38.679+0300] {dag.py:2742} INFO - Sync 1 DAGs
[2023-08-15T21:57:38.807+0300] {logging_mixin.py:150} INFO - [2023-08-15T21:57:38.807+0300] {dag.py:3504} INFO - Setting next_dagrun for example_sensor_decorator to None, run_after=None
[2023-08-15T21:57:38.984+0300] {processor.py:179} INFO - Processing /mnt/kali/DataHunt/venv/lib/python3.11/site-packages/airflow/example_dags/example_sensor_decorator.py took 0.507 seconds
