[2023-08-15T21:24:41.128+0300] {processor.py:157} INFO - Started process (PID=213759) to work on /mnt/kali/DataHunt/venv/lib/python3.11/site-packages/airflow/example_dags/example_task_group_decorator.py
[2023-08-15T21:24:41.131+0300] {processor.py:826} INFO - Processing file /mnt/kali/DataHunt/venv/lib/python3.11/site-packages/airflow/example_dags/example_task_group_decorator.py for tasks to queue
[2023-08-15T21:24:41.134+0300] {logging_mixin.py:150} INFO - [2023-08-15T21:24:41.132+0300] {dagbag.py:541} INFO - Filling up the DagBag from /mnt/kali/DataHunt/venv/lib/python3.11/site-packages/airflow/example_dags/example_task_group_decorator.py
[2023-08-15T21:24:41.207+0300] {processor.py:836} INFO - DAG(s) dict_keys(['example_task_group_decorator']) retrieved from /mnt/kali/DataHunt/venv/lib/python3.11/site-packages/airflow/example_dags/example_task_group_decorator.py
[2023-08-15T21:24:42.770+0300] {logging_mixin.py:150} INFO - [2023-08-15T21:24:42.769+0300] {manager.py:504} INFO - Created Permission View: can edit on DAG:example_task_group_decorator
[2023-08-15T21:24:43.313+0300] {logging_mixin.py:150} INFO - [2023-08-15T21:24:43.313+0300] {manager.py:504} INFO - Created Permission View: can delete on DAG:example_task_group_decorator
[2023-08-15T21:24:43.681+0300] {logging_mixin.py:150} INFO - [2023-08-15T21:24:43.680+0300] {manager.py:504} INFO - Created Permission View: can read on DAG:example_task_group_decorator
[2023-08-15T21:24:43.723+0300] {logging_mixin.py:150} INFO - [2023-08-15T21:24:43.722+0300] {dag.py:2742} INFO - Sync 1 DAGs
[2023-08-15T21:24:43.763+0300] {logging_mixin.py:150} INFO - [2023-08-15T21:24:43.762+0300] {dag.py:2763} INFO - Creating ORM DAG for example_task_group_decorator
[2023-08-15T21:24:43.798+0300] {logging_mixin.py:150} INFO - [2023-08-15T21:24:43.798+0300] {dag.py:3504} INFO - Setting next_dagrun for example_task_group_decorator to 2023-08-14T18:24:43.797264+00:00, run_after=2023-08-15T18:24:43.797264+00:00
[2023-08-15T21:24:44.808+0300] {processor.py:179} INFO - Processing /mnt/kali/DataHunt/venv/lib/python3.11/site-packages/airflow/example_dags/example_task_group_decorator.py took 3.693 seconds
[2023-08-15T21:27:22.588+0300] {processor.py:157} INFO - Started process (PID=215757) to work on /mnt/kali/DataHunt/venv/lib/python3.11/site-packages/airflow/example_dags/example_task_group_decorator.py
[2023-08-15T21:27:22.599+0300] {processor.py:826} INFO - Processing file /mnt/kali/DataHunt/venv/lib/python3.11/site-packages/airflow/example_dags/example_task_group_decorator.py for tasks to queue
[2023-08-15T21:27:22.611+0300] {logging_mixin.py:150} INFO - [2023-08-15T21:27:22.610+0300] {dagbag.py:541} INFO - Filling up the DagBag from /mnt/kali/DataHunt/venv/lib/python3.11/site-packages/airflow/example_dags/example_task_group_decorator.py
[2023-08-15T21:27:22.743+0300] {processor.py:836} INFO - DAG(s) dict_keys(['example_task_group_decorator']) retrieved from /mnt/kali/DataHunt/venv/lib/python3.11/site-packages/airflow/example_dags/example_task_group_decorator.py
[2023-08-15T21:27:23.011+0300] {logging_mixin.py:150} INFO - [2023-08-15T21:27:23.010+0300] {dag.py:2742} INFO - Sync 1 DAGs
[2023-08-15T21:27:23.238+0300] {logging_mixin.py:150} INFO - [2023-08-15T21:27:23.237+0300] {dag.py:3504} INFO - Setting next_dagrun for example_task_group_decorator to 2023-08-14T18:27:23.236805+00:00, run_after=2023-08-15T18:27:23.236805+00:00
[2023-08-15T21:27:24.027+0300] {processor.py:179} INFO - Processing /mnt/kali/DataHunt/venv/lib/python3.11/site-packages/airflow/example_dags/example_task_group_decorator.py took 1.473 seconds
[2023-08-15T21:29:07.875+0300] {processor.py:157} INFO - Started process (PID=216996) to work on /mnt/kali/DataHunt/venv/lib/python3.11/site-packages/airflow/example_dags/example_task_group_decorator.py
[2023-08-15T21:29:07.889+0300] {processor.py:826} INFO - Processing file /mnt/kali/DataHunt/venv/lib/python3.11/site-packages/airflow/example_dags/example_task_group_decorator.py for tasks to queue
[2023-08-15T21:29:07.892+0300] {logging_mixin.py:150} INFO - [2023-08-15T21:29:07.891+0300] {dagbag.py:541} INFO - Filling up the DagBag from /mnt/kali/DataHunt/venv/lib/python3.11/site-packages/airflow/example_dags/example_task_group_decorator.py
[2023-08-15T21:29:07.986+0300] {processor.py:836} INFO - DAG(s) dict_keys(['example_task_group_decorator']) retrieved from /mnt/kali/DataHunt/venv/lib/python3.11/site-packages/airflow/example_dags/example_task_group_decorator.py
[2023-08-15T21:29:08.132+0300] {logging_mixin.py:150} INFO - [2023-08-15T21:29:08.131+0300] {dag.py:2742} INFO - Sync 1 DAGs
[2023-08-15T21:29:08.224+0300] {logging_mixin.py:150} INFO - [2023-08-15T21:29:08.223+0300] {dag.py:3504} INFO - Setting next_dagrun for example_task_group_decorator to 2023-08-14T18:29:08.222252+00:00, run_after=2023-08-15T18:29:08.222252+00:00
[2023-08-15T21:29:08.653+0300] {processor.py:179} INFO - Processing /mnt/kali/DataHunt/venv/lib/python3.11/site-packages/airflow/example_dags/example_task_group_decorator.py took 0.803 seconds
[2023-08-15T21:47:26.197+0300] {processor.py:157} INFO - Started process (PID=233664) to work on /mnt/kali/DataHunt/venv/lib/python3.11/site-packages/airflow/example_dags/example_task_group_decorator.py
[2023-08-15T21:47:26.346+0300] {processor.py:826} INFO - Processing file /mnt/kali/DataHunt/venv/lib/python3.11/site-packages/airflow/example_dags/example_task_group_decorator.py for tasks to queue
[2023-08-15T21:47:26.348+0300] {logging_mixin.py:150} INFO - [2023-08-15T21:47:26.347+0300] {dagbag.py:541} INFO - Filling up the DagBag from /mnt/kali/DataHunt/venv/lib/python3.11/site-packages/airflow/example_dags/example_task_group_decorator.py
[2023-08-15T21:47:26.412+0300] {processor.py:836} INFO - DAG(s) dict_keys(['example_task_group_decorator']) retrieved from /mnt/kali/DataHunt/venv/lib/python3.11/site-packages/airflow/example_dags/example_task_group_decorator.py
[2023-08-15T21:47:27.325+0300] {logging_mixin.py:150} INFO - [2023-08-15T21:47:27.324+0300] {manager.py:504} INFO - Created Permission View: can read on DAG:example_task_group_decorator
[2023-08-15T21:47:27.504+0300] {logging_mixin.py:150} INFO - [2023-08-15T21:47:27.503+0300] {manager.py:504} INFO - Created Permission View: can delete on DAG:example_task_group_decorator
[2023-08-15T21:47:27.552+0300] {logging_mixin.py:150} INFO - [2023-08-15T21:47:27.552+0300] {manager.py:504} INFO - Created Permission View: can edit on DAG:example_task_group_decorator
[2023-08-15T21:47:27.611+0300] {logging_mixin.py:150} INFO - [2023-08-15T21:47:27.611+0300] {dag.py:2742} INFO - Sync 1 DAGs
[2023-08-15T21:47:27.660+0300] {logging_mixin.py:150} INFO - [2023-08-15T21:47:27.659+0300] {dag.py:2763} INFO - Creating ORM DAG for example_task_group_decorator
[2023-08-15T21:47:27.703+0300] {logging_mixin.py:150} INFO - [2023-08-15T21:47:27.703+0300] {dag.py:3504} INFO - Setting next_dagrun for example_task_group_decorator to 2023-08-14T18:47:27.702110+00:00, run_after=2023-08-15T18:47:27.702110+00:00
[2023-08-15T21:47:27.844+0300] {processor.py:179} INFO - Processing /mnt/kali/DataHunt/venv/lib/python3.11/site-packages/airflow/example_dags/example_task_group_decorator.py took 1.660 seconds
[2023-08-15T21:47:58.464+0300] {processor.py:157} INFO - Started process (PID=234038) to work on /mnt/kali/DataHunt/venv/lib/python3.11/site-packages/airflow/example_dags/example_task_group_decorator.py
[2023-08-15T21:47:58.466+0300] {processor.py:826} INFO - Processing file /mnt/kali/DataHunt/venv/lib/python3.11/site-packages/airflow/example_dags/example_task_group_decorator.py for tasks to queue
[2023-08-15T21:47:58.469+0300] {logging_mixin.py:150} INFO - [2023-08-15T21:47:58.468+0300] {dagbag.py:541} INFO - Filling up the DagBag from /mnt/kali/DataHunt/venv/lib/python3.11/site-packages/airflow/example_dags/example_task_group_decorator.py
[2023-08-15T21:47:58.517+0300] {processor.py:836} INFO - DAG(s) dict_keys(['example_task_group_decorator']) retrieved from /mnt/kali/DataHunt/venv/lib/python3.11/site-packages/airflow/example_dags/example_task_group_decorator.py
[2023-08-15T21:47:58.617+0300] {logging_mixin.py:150} INFO - [2023-08-15T21:47:58.616+0300] {dag.py:2742} INFO - Sync 1 DAGs
[2023-08-15T21:47:58.679+0300] {logging_mixin.py:150} INFO - [2023-08-15T21:47:58.678+0300] {dag.py:3504} INFO - Setting next_dagrun for example_task_group_decorator to 2023-08-14T18:47:58.678240+00:00, run_after=2023-08-15T18:47:58.678240+00:00
[2023-08-15T21:47:58.751+0300] {processor.py:179} INFO - Processing /mnt/kali/DataHunt/venv/lib/python3.11/site-packages/airflow/example_dags/example_task_group_decorator.py took 0.302 seconds
[2023-08-15T21:48:28.836+0300] {processor.py:157} INFO - Started process (PID=234432) to work on /mnt/kali/DataHunt/venv/lib/python3.11/site-packages/airflow/example_dags/example_task_group_decorator.py
[2023-08-15T21:48:28.838+0300] {processor.py:826} INFO - Processing file /mnt/kali/DataHunt/venv/lib/python3.11/site-packages/airflow/example_dags/example_task_group_decorator.py for tasks to queue
[2023-08-15T21:48:28.841+0300] {logging_mixin.py:150} INFO - [2023-08-15T21:48:28.840+0300] {dagbag.py:541} INFO - Filling up the DagBag from /mnt/kali/DataHunt/venv/lib/python3.11/site-packages/airflow/example_dags/example_task_group_decorator.py
[2023-08-15T21:48:28.899+0300] {processor.py:836} INFO - DAG(s) dict_keys(['example_task_group_decorator']) retrieved from /mnt/kali/DataHunt/venv/lib/python3.11/site-packages/airflow/example_dags/example_task_group_decorator.py
[2023-08-15T21:48:29.106+0300] {logging_mixin.py:150} INFO - [2023-08-15T21:48:29.106+0300] {dag.py:2742} INFO - Sync 1 DAGs
[2023-08-15T21:48:29.258+0300] {logging_mixin.py:150} INFO - [2023-08-15T21:48:29.257+0300] {dag.py:3504} INFO - Setting next_dagrun for example_task_group_decorator to 2023-08-14T18:48:29.257028+00:00, run_after=2023-08-15T18:48:29.257028+00:00
[2023-08-15T21:48:29.378+0300] {processor.py:179} INFO - Processing /mnt/kali/DataHunt/venv/lib/python3.11/site-packages/airflow/example_dags/example_task_group_decorator.py took 0.554 seconds
[2023-08-15T21:48:59.675+0300] {processor.py:157} INFO - Started process (PID=235031) to work on /mnt/kali/DataHunt/venv/lib/python3.11/site-packages/airflow/example_dags/example_task_group_decorator.py
[2023-08-15T21:48:59.693+0300] {processor.py:826} INFO - Processing file /mnt/kali/DataHunt/venv/lib/python3.11/site-packages/airflow/example_dags/example_task_group_decorator.py for tasks to queue
[2023-08-15T21:48:59.701+0300] {logging_mixin.py:150} INFO - [2023-08-15T21:48:59.695+0300] {dagbag.py:541} INFO - Filling up the DagBag from /mnt/kali/DataHunt/venv/lib/python3.11/site-packages/airflow/example_dags/example_task_group_decorator.py
[2023-08-15T21:48:59.923+0300] {processor.py:836} INFO - DAG(s) dict_keys(['example_task_group_decorator']) retrieved from /mnt/kali/DataHunt/venv/lib/python3.11/site-packages/airflow/example_dags/example_task_group_decorator.py
[2023-08-15T21:49:00.248+0300] {logging_mixin.py:150} INFO - [2023-08-15T21:49:00.247+0300] {dag.py:2742} INFO - Sync 1 DAGs
[2023-08-15T21:49:00.417+0300] {logging_mixin.py:150} INFO - [2023-08-15T21:49:00.417+0300] {dag.py:3504} INFO - Setting next_dagrun for example_task_group_decorator to 2023-08-14T18:49:00.416695+00:00, run_after=2023-08-15T18:49:00.416695+00:00
[2023-08-15T21:49:01.455+0300] {processor.py:179} INFO - Processing /mnt/kali/DataHunt/venv/lib/python3.11/site-packages/airflow/example_dags/example_task_group_decorator.py took 1.826 seconds
[2023-08-15T21:49:34.385+0300] {processor.py:157} INFO - Started process (PID=235632) to work on /mnt/kali/DataHunt/venv/lib/python3.11/site-packages/airflow/example_dags/example_task_group_decorator.py
[2023-08-15T21:49:34.417+0300] {processor.py:826} INFO - Processing file /mnt/kali/DataHunt/venv/lib/python3.11/site-packages/airflow/example_dags/example_task_group_decorator.py for tasks to queue
[2023-08-15T21:49:34.420+0300] {logging_mixin.py:150} INFO - [2023-08-15T21:49:34.419+0300] {dagbag.py:541} INFO - Filling up the DagBag from /mnt/kali/DataHunt/venv/lib/python3.11/site-packages/airflow/example_dags/example_task_group_decorator.py
[2023-08-15T21:49:35.138+0300] {processor.py:836} INFO - DAG(s) dict_keys(['example_task_group_decorator']) retrieved from /mnt/kali/DataHunt/venv/lib/python3.11/site-packages/airflow/example_dags/example_task_group_decorator.py
[2023-08-15T21:49:35.266+0300] {logging_mixin.py:150} INFO - [2023-08-15T21:49:35.265+0300] {dag.py:2742} INFO - Sync 1 DAGs
[2023-08-15T21:49:35.401+0300] {logging_mixin.py:150} INFO - [2023-08-15T21:49:35.401+0300] {dag.py:3504} INFO - Setting next_dagrun for example_task_group_decorator to 2023-08-14T18:49:35.400834+00:00, run_after=2023-08-15T18:49:35.400834+00:00
[2023-08-15T21:49:35.597+0300] {processor.py:179} INFO - Processing /mnt/kali/DataHunt/venv/lib/python3.11/site-packages/airflow/example_dags/example_task_group_decorator.py took 1.227 seconds
[2023-08-15T21:50:06.271+0300] {processor.py:157} INFO - Started process (PID=236002) to work on /mnt/kali/DataHunt/venv/lib/python3.11/site-packages/airflow/example_dags/example_task_group_decorator.py
[2023-08-15T21:50:06.279+0300] {processor.py:826} INFO - Processing file /mnt/kali/DataHunt/venv/lib/python3.11/site-packages/airflow/example_dags/example_task_group_decorator.py for tasks to queue
[2023-08-15T21:50:06.282+0300] {logging_mixin.py:150} INFO - [2023-08-15T21:50:06.280+0300] {dagbag.py:541} INFO - Filling up the DagBag from /mnt/kali/DataHunt/venv/lib/python3.11/site-packages/airflow/example_dags/example_task_group_decorator.py
[2023-08-15T21:50:06.371+0300] {processor.py:836} INFO - DAG(s) dict_keys(['example_task_group_decorator']) retrieved from /mnt/kali/DataHunt/venv/lib/python3.11/site-packages/airflow/example_dags/example_task_group_decorator.py
[2023-08-15T21:50:06.509+0300] {logging_mixin.py:150} INFO - [2023-08-15T21:50:06.508+0300] {dag.py:2742} INFO - Sync 1 DAGs
[2023-08-15T21:50:06.584+0300] {logging_mixin.py:150} INFO - [2023-08-15T21:50:06.583+0300] {dag.py:3504} INFO - Setting next_dagrun for example_task_group_decorator to 2023-08-14T18:50:06.582794+00:00, run_after=2023-08-15T18:50:06.582794+00:00
[2023-08-15T21:50:06.686+0300] {processor.py:179} INFO - Processing /mnt/kali/DataHunt/venv/lib/python3.11/site-packages/airflow/example_dags/example_task_group_decorator.py took 0.433 seconds
[2023-08-15T21:50:44.095+0300] {processor.py:157} INFO - Started process (PID=236459) to work on /mnt/kali/DataHunt/venv/lib/python3.11/site-packages/airflow/example_dags/example_task_group_decorator.py
[2023-08-15T21:50:44.102+0300] {processor.py:826} INFO - Processing file /mnt/kali/DataHunt/venv/lib/python3.11/site-packages/airflow/example_dags/example_task_group_decorator.py for tasks to queue
[2023-08-15T21:50:44.104+0300] {logging_mixin.py:150} INFO - [2023-08-15T21:50:44.103+0300] {dagbag.py:541} INFO - Filling up the DagBag from /mnt/kali/DataHunt/venv/lib/python3.11/site-packages/airflow/example_dags/example_task_group_decorator.py
[2023-08-15T21:50:44.201+0300] {processor.py:836} INFO - DAG(s) dict_keys(['example_task_group_decorator']) retrieved from /mnt/kali/DataHunt/venv/lib/python3.11/site-packages/airflow/example_dags/example_task_group_decorator.py
[2023-08-15T21:50:44.514+0300] {logging_mixin.py:150} INFO - [2023-08-15T21:50:44.514+0300] {dag.py:2742} INFO - Sync 1 DAGs
[2023-08-15T21:50:44.749+0300] {logging_mixin.py:150} INFO - [2023-08-15T21:50:44.748+0300] {dag.py:3504} INFO - Setting next_dagrun for example_task_group_decorator to 2023-08-14T18:50:44.747792+00:00, run_after=2023-08-15T18:50:44.747792+00:00
[2023-08-15T21:50:45.136+0300] {processor.py:179} INFO - Processing /mnt/kali/DataHunt/venv/lib/python3.11/site-packages/airflow/example_dags/example_task_group_decorator.py took 1.062 seconds
[2023-08-15T21:51:15.683+0300] {processor.py:157} INFO - Started process (PID=236879) to work on /mnt/kali/DataHunt/venv/lib/python3.11/site-packages/airflow/example_dags/example_task_group_decorator.py
[2023-08-15T21:51:15.689+0300] {processor.py:826} INFO - Processing file /mnt/kali/DataHunt/venv/lib/python3.11/site-packages/airflow/example_dags/example_task_group_decorator.py for tasks to queue
[2023-08-15T21:51:15.703+0300] {logging_mixin.py:150} INFO - [2023-08-15T21:51:15.701+0300] {dagbag.py:541} INFO - Filling up the DagBag from /mnt/kali/DataHunt/venv/lib/python3.11/site-packages/airflow/example_dags/example_task_group_decorator.py
[2023-08-15T21:51:16.080+0300] {processor.py:836} INFO - DAG(s) dict_keys(['example_task_group_decorator']) retrieved from /mnt/kali/DataHunt/venv/lib/python3.11/site-packages/airflow/example_dags/example_task_group_decorator.py
[2023-08-15T21:51:16.835+0300] {logging_mixin.py:150} INFO - [2023-08-15T21:51:16.835+0300] {dag.py:2742} INFO - Sync 1 DAGs
[2023-08-15T21:51:17.120+0300] {logging_mixin.py:150} INFO - [2023-08-15T21:51:17.120+0300] {dag.py:3504} INFO - Setting next_dagrun for example_task_group_decorator to 2023-08-14T18:51:17.119464+00:00, run_after=2023-08-15T18:51:17.119464+00:00
[2023-08-15T21:51:17.380+0300] {processor.py:179} INFO - Processing /mnt/kali/DataHunt/venv/lib/python3.11/site-packages/airflow/example_dags/example_task_group_decorator.py took 1.723 seconds
[2023-08-15T21:51:47.783+0300] {processor.py:157} INFO - Started process (PID=237449) to work on /mnt/kali/DataHunt/venv/lib/python3.11/site-packages/airflow/example_dags/example_task_group_decorator.py
[2023-08-15T21:51:47.786+0300] {processor.py:826} INFO - Processing file /mnt/kali/DataHunt/venv/lib/python3.11/site-packages/airflow/example_dags/example_task_group_decorator.py for tasks to queue
[2023-08-15T21:51:47.789+0300] {logging_mixin.py:150} INFO - [2023-08-15T21:51:47.788+0300] {dagbag.py:541} INFO - Filling up the DagBag from /mnt/kali/DataHunt/venv/lib/python3.11/site-packages/airflow/example_dags/example_task_group_decorator.py
[2023-08-15T21:51:47.853+0300] {processor.py:836} INFO - DAG(s) dict_keys(['example_task_group_decorator']) retrieved from /mnt/kali/DataHunt/venv/lib/python3.11/site-packages/airflow/example_dags/example_task_group_decorator.py
[2023-08-15T21:51:48.018+0300] {logging_mixin.py:150} INFO - [2023-08-15T21:51:48.017+0300] {dag.py:2742} INFO - Sync 1 DAGs
[2023-08-15T21:51:48.115+0300] {logging_mixin.py:150} INFO - [2023-08-15T21:51:48.114+0300] {dag.py:3504} INFO - Setting next_dagrun for example_task_group_decorator to 2023-08-14T18:51:48.113995+00:00, run_after=2023-08-15T18:51:48.113995+00:00
[2023-08-15T21:51:48.181+0300] {processor.py:179} INFO - Processing /mnt/kali/DataHunt/venv/lib/python3.11/site-packages/airflow/example_dags/example_task_group_decorator.py took 0.411 seconds
[2023-08-15T21:52:18.641+0300] {processor.py:157} INFO - Started process (PID=238002) to work on /mnt/kali/DataHunt/venv/lib/python3.11/site-packages/airflow/example_dags/example_task_group_decorator.py
[2023-08-15T21:52:18.644+0300] {processor.py:826} INFO - Processing file /mnt/kali/DataHunt/venv/lib/python3.11/site-packages/airflow/example_dags/example_task_group_decorator.py for tasks to queue
[2023-08-15T21:52:18.647+0300] {logging_mixin.py:150} INFO - [2023-08-15T21:52:18.646+0300] {dagbag.py:541} INFO - Filling up the DagBag from /mnt/kali/DataHunt/venv/lib/python3.11/site-packages/airflow/example_dags/example_task_group_decorator.py
[2023-08-15T21:52:18.713+0300] {processor.py:836} INFO - DAG(s) dict_keys(['example_task_group_decorator']) retrieved from /mnt/kali/DataHunt/venv/lib/python3.11/site-packages/airflow/example_dags/example_task_group_decorator.py
[2023-08-15T21:52:18.845+0300] {logging_mixin.py:150} INFO - [2023-08-15T21:52:18.845+0300] {dag.py:2742} INFO - Sync 1 DAGs
[2023-08-15T21:52:18.927+0300] {logging_mixin.py:150} INFO - [2023-08-15T21:52:18.927+0300] {dag.py:3504} INFO - Setting next_dagrun for example_task_group_decorator to 2023-08-14T18:52:18.926592+00:00, run_after=2023-08-15T18:52:18.926592+00:00
[2023-08-15T21:52:18.998+0300] {processor.py:179} INFO - Processing /mnt/kali/DataHunt/venv/lib/python3.11/site-packages/airflow/example_dags/example_task_group_decorator.py took 0.370 seconds
[2023-08-15T21:52:49.419+0300] {processor.py:157} INFO - Started process (PID=238388) to work on /mnt/kali/DataHunt/venv/lib/python3.11/site-packages/airflow/example_dags/example_task_group_decorator.py
[2023-08-15T21:52:49.422+0300] {processor.py:826} INFO - Processing file /mnt/kali/DataHunt/venv/lib/python3.11/site-packages/airflow/example_dags/example_task_group_decorator.py for tasks to queue
[2023-08-15T21:52:49.424+0300] {logging_mixin.py:150} INFO - [2023-08-15T21:52:49.423+0300] {dagbag.py:541} INFO - Filling up the DagBag from /mnt/kali/DataHunt/venv/lib/python3.11/site-packages/airflow/example_dags/example_task_group_decorator.py
[2023-08-15T21:52:49.492+0300] {processor.py:836} INFO - DAG(s) dict_keys(['example_task_group_decorator']) retrieved from /mnt/kali/DataHunt/venv/lib/python3.11/site-packages/airflow/example_dags/example_task_group_decorator.py
[2023-08-15T21:52:49.634+0300] {logging_mixin.py:150} INFO - [2023-08-15T21:52:49.633+0300] {dag.py:2742} INFO - Sync 1 DAGs
[2023-08-15T21:52:49.730+0300] {logging_mixin.py:150} INFO - [2023-08-15T21:52:49.730+0300] {dag.py:3504} INFO - Setting next_dagrun for example_task_group_decorator to 2023-08-14T18:52:49.729482+00:00, run_after=2023-08-15T18:52:49.729482+00:00
[2023-08-15T21:52:49.820+0300] {processor.py:179} INFO - Processing /mnt/kali/DataHunt/venv/lib/python3.11/site-packages/airflow/example_dags/example_task_group_decorator.py took 0.412 seconds
[2023-08-15T21:53:20.218+0300] {processor.py:157} INFO - Started process (PID=238774) to work on /mnt/kali/DataHunt/venv/lib/python3.11/site-packages/airflow/example_dags/example_task_group_decorator.py
[2023-08-15T21:53:20.235+0300] {processor.py:826} INFO - Processing file /mnt/kali/DataHunt/venv/lib/python3.11/site-packages/airflow/example_dags/example_task_group_decorator.py for tasks to queue
[2023-08-15T21:53:20.237+0300] {logging_mixin.py:150} INFO - [2023-08-15T21:53:20.236+0300] {dagbag.py:541} INFO - Filling up the DagBag from /mnt/kali/DataHunt/venv/lib/python3.11/site-packages/airflow/example_dags/example_task_group_decorator.py
[2023-08-15T21:53:20.298+0300] {processor.py:836} INFO - DAG(s) dict_keys(['example_task_group_decorator']) retrieved from /mnt/kali/DataHunt/venv/lib/python3.11/site-packages/airflow/example_dags/example_task_group_decorator.py
[2023-08-15T21:53:20.429+0300] {logging_mixin.py:150} INFO - [2023-08-15T21:53:20.428+0300] {dag.py:2742} INFO - Sync 1 DAGs
[2023-08-15T21:53:20.509+0300] {logging_mixin.py:150} INFO - [2023-08-15T21:53:20.509+0300] {dag.py:3504} INFO - Setting next_dagrun for example_task_group_decorator to 2023-08-14T18:53:20.508376+00:00, run_after=2023-08-15T18:53:20.508376+00:00
[2023-08-15T21:53:20.578+0300] {processor.py:179} INFO - Processing /mnt/kali/DataHunt/venv/lib/python3.11/site-packages/airflow/example_dags/example_task_group_decorator.py took 0.371 seconds
[2023-08-15T21:53:51.338+0300] {processor.py:157} INFO - Started process (PID=239350) to work on /mnt/kali/DataHunt/venv/lib/python3.11/site-packages/airflow/example_dags/example_task_group_decorator.py
[2023-08-15T21:53:51.346+0300] {processor.py:826} INFO - Processing file /mnt/kali/DataHunt/venv/lib/python3.11/site-packages/airflow/example_dags/example_task_group_decorator.py for tasks to queue
[2023-08-15T21:53:51.349+0300] {logging_mixin.py:150} INFO - [2023-08-15T21:53:51.348+0300] {dagbag.py:541} INFO - Filling up the DagBag from /mnt/kali/DataHunt/venv/lib/python3.11/site-packages/airflow/example_dags/example_task_group_decorator.py
[2023-08-15T21:53:51.421+0300] {processor.py:836} INFO - DAG(s) dict_keys(['example_task_group_decorator']) retrieved from /mnt/kali/DataHunt/venv/lib/python3.11/site-packages/airflow/example_dags/example_task_group_decorator.py
[2023-08-15T21:53:51.639+0300] {logging_mixin.py:150} INFO - [2023-08-15T21:53:51.638+0300] {dag.py:2742} INFO - Sync 1 DAGs
[2023-08-15T21:53:51.760+0300] {logging_mixin.py:150} INFO - [2023-08-15T21:53:51.759+0300] {dag.py:3504} INFO - Setting next_dagrun for example_task_group_decorator to 2023-08-14T18:53:51.758866+00:00, run_after=2023-08-15T18:53:51.758866+00:00
[2023-08-15T21:53:51.838+0300] {processor.py:179} INFO - Processing /mnt/kali/DataHunt/venv/lib/python3.11/site-packages/airflow/example_dags/example_task_group_decorator.py took 0.510 seconds
[2023-08-15T21:54:22.336+0300] {processor.py:157} INFO - Started process (PID=239956) to work on /mnt/kali/DataHunt/venv/lib/python3.11/site-packages/airflow/example_dags/example_task_group_decorator.py
[2023-08-15T21:54:22.368+0300] {processor.py:826} INFO - Processing file /mnt/kali/DataHunt/venv/lib/python3.11/site-packages/airflow/example_dags/example_task_group_decorator.py for tasks to queue
[2023-08-15T21:54:22.370+0300] {logging_mixin.py:150} INFO - [2023-08-15T21:54:22.369+0300] {dagbag.py:541} INFO - Filling up the DagBag from /mnt/kali/DataHunt/venv/lib/python3.11/site-packages/airflow/example_dags/example_task_group_decorator.py
[2023-08-15T21:54:22.438+0300] {processor.py:836} INFO - DAG(s) dict_keys(['example_task_group_decorator']) retrieved from /mnt/kali/DataHunt/venv/lib/python3.11/site-packages/airflow/example_dags/example_task_group_decorator.py
[2023-08-15T21:54:22.582+0300] {logging_mixin.py:150} INFO - [2023-08-15T21:54:22.581+0300] {dag.py:2742} INFO - Sync 1 DAGs
[2023-08-15T21:54:22.657+0300] {logging_mixin.py:150} INFO - [2023-08-15T21:54:22.656+0300] {dag.py:3504} INFO - Setting next_dagrun for example_task_group_decorator to 2023-08-14T18:54:22.656226+00:00, run_after=2023-08-15T18:54:22.656226+00:00
[2023-08-15T21:54:22.723+0300] {processor.py:179} INFO - Processing /mnt/kali/DataHunt/venv/lib/python3.11/site-packages/airflow/example_dags/example_task_group_decorator.py took 0.401 seconds
[2023-08-15T21:54:53.339+0300] {processor.py:157} INFO - Started process (PID=240335) to work on /mnt/kali/DataHunt/venv/lib/python3.11/site-packages/airflow/example_dags/example_task_group_decorator.py
[2023-08-15T21:54:53.347+0300] {processor.py:826} INFO - Processing file /mnt/kali/DataHunt/venv/lib/python3.11/site-packages/airflow/example_dags/example_task_group_decorator.py for tasks to queue
[2023-08-15T21:54:53.350+0300] {logging_mixin.py:150} INFO - [2023-08-15T21:54:53.349+0300] {dagbag.py:541} INFO - Filling up the DagBag from /mnt/kali/DataHunt/venv/lib/python3.11/site-packages/airflow/example_dags/example_task_group_decorator.py
[2023-08-15T21:54:53.459+0300] {processor.py:836} INFO - DAG(s) dict_keys(['example_task_group_decorator']) retrieved from /mnt/kali/DataHunt/venv/lib/python3.11/site-packages/airflow/example_dags/example_task_group_decorator.py
[2023-08-15T21:54:53.618+0300] {logging_mixin.py:150} INFO - [2023-08-15T21:54:53.618+0300] {dag.py:2742} INFO - Sync 1 DAGs
[2023-08-15T21:54:53.744+0300] {logging_mixin.py:150} INFO - [2023-08-15T21:54:53.744+0300] {dag.py:3504} INFO - Setting next_dagrun for example_task_group_decorator to 2023-08-14T18:54:53.743546+00:00, run_after=2023-08-15T18:54:53.743546+00:00
[2023-08-15T21:54:53.813+0300] {processor.py:179} INFO - Processing /mnt/kali/DataHunt/venv/lib/python3.11/site-packages/airflow/example_dags/example_task_group_decorator.py took 0.501 seconds
[2023-08-15T21:55:24.409+0300] {processor.py:157} INFO - Started process (PID=240765) to work on /mnt/kali/DataHunt/venv/lib/python3.11/site-packages/airflow/example_dags/example_task_group_decorator.py
[2023-08-15T21:55:24.458+0300] {processor.py:826} INFO - Processing file /mnt/kali/DataHunt/venv/lib/python3.11/site-packages/airflow/example_dags/example_task_group_decorator.py for tasks to queue
[2023-08-15T21:55:24.461+0300] {logging_mixin.py:150} INFO - [2023-08-15T21:55:24.460+0300] {dagbag.py:541} INFO - Filling up the DagBag from /mnt/kali/DataHunt/venv/lib/python3.11/site-packages/airflow/example_dags/example_task_group_decorator.py
[2023-08-15T21:55:24.899+0300] {processor.py:836} INFO - DAG(s) dict_keys(['example_task_group_decorator']) retrieved from /mnt/kali/DataHunt/venv/lib/python3.11/site-packages/airflow/example_dags/example_task_group_decorator.py
[2023-08-15T21:55:25.291+0300] {logging_mixin.py:150} INFO - [2023-08-15T21:55:25.291+0300] {dag.py:2742} INFO - Sync 1 DAGs
[2023-08-15T21:55:25.511+0300] {logging_mixin.py:150} INFO - [2023-08-15T21:55:25.510+0300] {dag.py:3504} INFO - Setting next_dagrun for example_task_group_decorator to 2023-08-14T18:55:25.509806+00:00, run_after=2023-08-15T18:55:25.509806+00:00
[2023-08-15T21:55:25.713+0300] {processor.py:179} INFO - Processing /mnt/kali/DataHunt/venv/lib/python3.11/site-packages/airflow/example_dags/example_task_group_decorator.py took 1.378 seconds
[2023-08-15T21:55:56.167+0300] {processor.py:157} INFO - Started process (PID=241137) to work on /mnt/kali/DataHunt/venv/lib/python3.11/site-packages/airflow/example_dags/example_task_group_decorator.py
[2023-08-15T21:55:56.182+0300] {processor.py:826} INFO - Processing file /mnt/kali/DataHunt/venv/lib/python3.11/site-packages/airflow/example_dags/example_task_group_decorator.py for tasks to queue
[2023-08-15T21:55:56.186+0300] {logging_mixin.py:150} INFO - [2023-08-15T21:55:56.185+0300] {dagbag.py:541} INFO - Filling up the DagBag from /mnt/kali/DataHunt/venv/lib/python3.11/site-packages/airflow/example_dags/example_task_group_decorator.py
[2023-08-15T21:55:56.288+0300] {processor.py:836} INFO - DAG(s) dict_keys(['example_task_group_decorator']) retrieved from /mnt/kali/DataHunt/venv/lib/python3.11/site-packages/airflow/example_dags/example_task_group_decorator.py
[2023-08-15T21:55:56.488+0300] {logging_mixin.py:150} INFO - [2023-08-15T21:55:56.488+0300] {dag.py:2742} INFO - Sync 1 DAGs
[2023-08-15T21:55:56.698+0300] {logging_mixin.py:150} INFO - [2023-08-15T21:55:56.697+0300] {dag.py:3504} INFO - Setting next_dagrun for example_task_group_decorator to 2023-08-14T18:55:56.696179+00:00, run_after=2023-08-15T18:55:56.696179+00:00
[2023-08-15T21:55:57.022+0300] {processor.py:179} INFO - Processing /mnt/kali/DataHunt/venv/lib/python3.11/site-packages/airflow/example_dags/example_task_group_decorator.py took 0.870 seconds
[2023-08-15T21:56:27.356+0300] {processor.py:157} INFO - Started process (PID=241705) to work on /mnt/kali/DataHunt/venv/lib/python3.11/site-packages/airflow/example_dags/example_task_group_decorator.py
[2023-08-15T21:56:27.371+0300] {processor.py:826} INFO - Processing file /mnt/kali/DataHunt/venv/lib/python3.11/site-packages/airflow/example_dags/example_task_group_decorator.py for tasks to queue
[2023-08-15T21:56:27.373+0300] {logging_mixin.py:150} INFO - [2023-08-15T21:56:27.372+0300] {dagbag.py:541} INFO - Filling up the DagBag from /mnt/kali/DataHunt/venv/lib/python3.11/site-packages/airflow/example_dags/example_task_group_decorator.py
[2023-08-15T21:56:27.422+0300] {processor.py:836} INFO - DAG(s) dict_keys(['example_task_group_decorator']) retrieved from /mnt/kali/DataHunt/venv/lib/python3.11/site-packages/airflow/example_dags/example_task_group_decorator.py
[2023-08-15T21:56:27.615+0300] {logging_mixin.py:150} INFO - [2023-08-15T21:56:27.614+0300] {dag.py:2742} INFO - Sync 1 DAGs
[2023-08-15T21:56:27.708+0300] {logging_mixin.py:150} INFO - [2023-08-15T21:56:27.707+0300] {dag.py:3504} INFO - Setting next_dagrun for example_task_group_decorator to 2023-08-14T18:56:27.706692+00:00, run_after=2023-08-15T18:56:27.706692+00:00
[2023-08-15T21:56:27.793+0300] {processor.py:179} INFO - Processing /mnt/kali/DataHunt/venv/lib/python3.11/site-packages/airflow/example_dags/example_task_group_decorator.py took 0.447 seconds
[2023-08-15T21:56:58.403+0300] {processor.py:157} INFO - Started process (PID=242319) to work on /mnt/kali/DataHunt/venv/lib/python3.11/site-packages/airflow/example_dags/example_task_group_decorator.py
[2023-08-15T21:56:58.426+0300] {processor.py:826} INFO - Processing file /mnt/kali/DataHunt/venv/lib/python3.11/site-packages/airflow/example_dags/example_task_group_decorator.py for tasks to queue
[2023-08-15T21:56:58.429+0300] {logging_mixin.py:150} INFO - [2023-08-15T21:56:58.428+0300] {dagbag.py:541} INFO - Filling up the DagBag from /mnt/kali/DataHunt/venv/lib/python3.11/site-packages/airflow/example_dags/example_task_group_decorator.py
[2023-08-15T21:56:58.532+0300] {processor.py:836} INFO - DAG(s) dict_keys(['example_task_group_decorator']) retrieved from /mnt/kali/DataHunt/venv/lib/python3.11/site-packages/airflow/example_dags/example_task_group_decorator.py
[2023-08-15T21:56:58.697+0300] {logging_mixin.py:150} INFO - [2023-08-15T21:56:58.697+0300] {dag.py:2742} INFO - Sync 1 DAGs
[2023-08-15T21:56:58.798+0300] {logging_mixin.py:150} INFO - [2023-08-15T21:56:58.797+0300] {dag.py:3504} INFO - Setting next_dagrun for example_task_group_decorator to 2023-08-14T18:56:58.796877+00:00, run_after=2023-08-15T18:56:58.796877+00:00
[2023-08-15T21:56:58.936+0300] {processor.py:179} INFO - Processing /mnt/kali/DataHunt/venv/lib/python3.11/site-packages/airflow/example_dags/example_task_group_decorator.py took 0.547 seconds
[2023-08-15T21:57:29.414+0300] {processor.py:157} INFO - Started process (PID=242808) to work on /mnt/kali/DataHunt/venv/lib/python3.11/site-packages/airflow/example_dags/example_task_group_decorator.py
[2023-08-15T21:57:29.421+0300] {processor.py:826} INFO - Processing file /mnt/kali/DataHunt/venv/lib/python3.11/site-packages/airflow/example_dags/example_task_group_decorator.py for tasks to queue
[2023-08-15T21:57:29.424+0300] {logging_mixin.py:150} INFO - [2023-08-15T21:57:29.423+0300] {dagbag.py:541} INFO - Filling up the DagBag from /mnt/kali/DataHunt/venv/lib/python3.11/site-packages/airflow/example_dags/example_task_group_decorator.py
[2023-08-15T21:57:29.513+0300] {processor.py:836} INFO - DAG(s) dict_keys(['example_task_group_decorator']) retrieved from /mnt/kali/DataHunt/venv/lib/python3.11/site-packages/airflow/example_dags/example_task_group_decorator.py
[2023-08-15T21:57:29.704+0300] {logging_mixin.py:150} INFO - [2023-08-15T21:57:29.703+0300] {dag.py:2742} INFO - Sync 1 DAGs
[2023-08-15T21:57:29.869+0300] {logging_mixin.py:150} INFO - [2023-08-15T21:57:29.868+0300] {dag.py:3504} INFO - Setting next_dagrun for example_task_group_decorator to 2023-08-14T18:57:29.867771+00:00, run_after=2023-08-15T18:57:29.867771+00:00
[2023-08-15T21:57:29.949+0300] {processor.py:179} INFO - Processing /mnt/kali/DataHunt/venv/lib/python3.11/site-packages/airflow/example_dags/example_task_group_decorator.py took 0.552 seconds
[2023-08-15T21:58:00.360+0300] {processor.py:157} INFO - Started process (PID=243261) to work on /mnt/kali/DataHunt/venv/lib/python3.11/site-packages/airflow/example_dags/example_task_group_decorator.py
[2023-08-15T21:58:00.362+0300] {processor.py:826} INFO - Processing file /mnt/kali/DataHunt/venv/lib/python3.11/site-packages/airflow/example_dags/example_task_group_decorator.py for tasks to queue
[2023-08-15T21:58:00.365+0300] {logging_mixin.py:150} INFO - [2023-08-15T21:58:00.364+0300] {dagbag.py:541} INFO - Filling up the DagBag from /mnt/kali/DataHunt/venv/lib/python3.11/site-packages/airflow/example_dags/example_task_group_decorator.py
[2023-08-15T21:58:00.429+0300] {processor.py:836} INFO - DAG(s) dict_keys(['example_task_group_decorator']) retrieved from /mnt/kali/DataHunt/venv/lib/python3.11/site-packages/airflow/example_dags/example_task_group_decorator.py
[2023-08-15T21:58:00.531+0300] {logging_mixin.py:150} INFO - [2023-08-15T21:58:00.531+0300] {dag.py:2742} INFO - Sync 1 DAGs
[2023-08-15T21:58:00.611+0300] {logging_mixin.py:150} INFO - [2023-08-15T21:58:00.610+0300] {dag.py:3504} INFO - Setting next_dagrun for example_task_group_decorator to 2023-08-14T18:58:00.609531+00:00, run_after=2023-08-15T18:58:00.609531+00:00
[2023-08-15T21:58:00.788+0300] {processor.py:179} INFO - Processing /mnt/kali/DataHunt/venv/lib/python3.11/site-packages/airflow/example_dags/example_task_group_decorator.py took 0.439 seconds
