[2023-08-15T21:26:01.572+0300] {processor.py:157} INFO - Started process (PID=214799) to work on /mnt/kali/DataHunt/venv/lib/python3.11/site-packages/airflow/example_dags/example_dynamic_task_mapping_with_no_taskflow_operators.py
[2023-08-15T21:26:01.576+0300] {processor.py:826} INFO - Processing file /mnt/kali/DataHunt/venv/lib/python3.11/site-packages/airflow/example_dags/example_dynamic_task_mapping_with_no_taskflow_operators.py for tasks to queue
[2023-08-15T21:26:01.580+0300] {logging_mixin.py:150} INFO - [2023-08-15T21:26:01.579+0300] {dagbag.py:541} INFO - Filling up the DagBag from /mnt/kali/DataHunt/venv/lib/python3.11/site-packages/airflow/example_dags/example_dynamic_task_mapping_with_no_taskflow_operators.py
[2023-08-15T21:26:01.613+0300] {processor.py:836} INFO - DAG(s) dict_keys(['example_dynamic_task_mapping_with_no_taskflow_operators']) retrieved from /mnt/kali/DataHunt/venv/lib/python3.11/site-packages/airflow/example_dags/example_dynamic_task_mapping_with_no_taskflow_operators.py
[2023-08-15T21:26:02.346+0300] {logging_mixin.py:150} INFO - [2023-08-15T21:26:02.345+0300] {manager.py:504} INFO - Created Permission View: can edit on DAG:example_dynamic_task_mapping_with_no_taskflow_operators
[2023-08-15T21:26:02.512+0300] {logging_mixin.py:150} INFO - [2023-08-15T21:26:02.511+0300] {manager.py:504} INFO - Created Permission View: can delete on DAG:example_dynamic_task_mapping_with_no_taskflow_operators
[2023-08-15T21:26:02.593+0300] {logging_mixin.py:150} INFO - [2023-08-15T21:26:02.592+0300] {manager.py:504} INFO - Created Permission View: can read on DAG:example_dynamic_task_mapping_with_no_taskflow_operators
[2023-08-15T21:26:02.648+0300] {logging_mixin.py:150} INFO - [2023-08-15T21:26:02.647+0300] {dag.py:2742} INFO - Sync 1 DAGs
[2023-08-15T21:26:02.698+0300] {logging_mixin.py:150} INFO - [2023-08-15T21:26:02.697+0300] {dag.py:2763} INFO - Creating ORM DAG for example_dynamic_task_mapping_with_no_taskflow_operators
[2023-08-15T21:26:02.743+0300] {logging_mixin.py:150} INFO - [2023-08-15T21:26:02.742+0300] {dag.py:3504} INFO - Setting next_dagrun for example_dynamic_task_mapping_with_no_taskflow_operators to 2023-08-14T18:26:02.741808+00:00, run_after=2023-08-15T18:26:02.741808+00:00
[2023-08-15T21:26:02.900+0300] {processor.py:179} INFO - Processing /mnt/kali/DataHunt/venv/lib/python3.11/site-packages/airflow/example_dags/example_dynamic_task_mapping_with_no_taskflow_operators.py took 1.346 seconds
[2023-08-15T21:28:24.936+0300] {processor.py:157} INFO - Started process (PID=216598) to work on /mnt/kali/DataHunt/venv/lib/python3.11/site-packages/airflow/example_dags/example_dynamic_task_mapping_with_no_taskflow_operators.py
[2023-08-15T21:28:24.946+0300] {processor.py:826} INFO - Processing file /mnt/kali/DataHunt/venv/lib/python3.11/site-packages/airflow/example_dags/example_dynamic_task_mapping_with_no_taskflow_operators.py for tasks to queue
[2023-08-15T21:28:24.949+0300] {logging_mixin.py:150} INFO - [2023-08-15T21:28:24.948+0300] {dagbag.py:541} INFO - Filling up the DagBag from /mnt/kali/DataHunt/venv/lib/python3.11/site-packages/airflow/example_dags/example_dynamic_task_mapping_with_no_taskflow_operators.py
[2023-08-15T21:28:25.009+0300] {processor.py:836} INFO - DAG(s) dict_keys(['example_dynamic_task_mapping_with_no_taskflow_operators']) retrieved from /mnt/kali/DataHunt/venv/lib/python3.11/site-packages/airflow/example_dags/example_dynamic_task_mapping_with_no_taskflow_operators.py
[2023-08-15T21:28:25.184+0300] {logging_mixin.py:150} INFO - [2023-08-15T21:28:25.183+0300] {dag.py:2742} INFO - Sync 1 DAGs
[2023-08-15T21:28:25.441+0300] {logging_mixin.py:150} INFO - [2023-08-15T21:28:25.440+0300] {dag.py:3504} INFO - Setting next_dagrun for example_dynamic_task_mapping_with_no_taskflow_operators to 2023-08-14T18:28:25.438388+00:00, run_after=2023-08-15T18:28:25.438388+00:00
[2023-08-15T21:28:25.766+0300] {processor.py:179} INFO - Processing /mnt/kali/DataHunt/venv/lib/python3.11/site-packages/airflow/example_dags/example_dynamic_task_mapping_with_no_taskflow_operators.py took 0.872 seconds
[2023-08-15T21:47:38.090+0300] {processor.py:157} INFO - Started process (PID=233776) to work on /mnt/kali/DataHunt/venv/lib/python3.11/site-packages/airflow/example_dags/example_dynamic_task_mapping_with_no_taskflow_operators.py
[2023-08-15T21:47:38.118+0300] {processor.py:826} INFO - Processing file /mnt/kali/DataHunt/venv/lib/python3.11/site-packages/airflow/example_dags/example_dynamic_task_mapping_with_no_taskflow_operators.py for tasks to queue
[2023-08-15T21:47:38.120+0300] {logging_mixin.py:150} INFO - [2023-08-15T21:47:38.119+0300] {dagbag.py:541} INFO - Filling up the DagBag from /mnt/kali/DataHunt/venv/lib/python3.11/site-packages/airflow/example_dags/example_dynamic_task_mapping_with_no_taskflow_operators.py
[2023-08-15T21:47:38.145+0300] {processor.py:836} INFO - DAG(s) dict_keys(['example_dynamic_task_mapping_with_no_taskflow_operators']) retrieved from /mnt/kali/DataHunt/venv/lib/python3.11/site-packages/airflow/example_dags/example_dynamic_task_mapping_with_no_taskflow_operators.py
[2023-08-15T21:47:38.720+0300] {logging_mixin.py:150} INFO - [2023-08-15T21:47:38.719+0300] {manager.py:504} INFO - Created Permission View: can read on DAG:example_dynamic_task_mapping_with_no_taskflow_operators
[2023-08-15T21:47:38.815+0300] {logging_mixin.py:150} INFO - [2023-08-15T21:47:38.814+0300] {manager.py:504} INFO - Created Permission View: can delete on DAG:example_dynamic_task_mapping_with_no_taskflow_operators
[2023-08-15T21:47:38.908+0300] {logging_mixin.py:150} INFO - [2023-08-15T21:47:38.908+0300] {manager.py:504} INFO - Created Permission View: can edit on DAG:example_dynamic_task_mapping_with_no_taskflow_operators
[2023-08-15T21:47:39.091+0300] {logging_mixin.py:150} INFO - [2023-08-15T21:47:39.090+0300] {dag.py:2742} INFO - Sync 1 DAGs
[2023-08-15T21:47:39.175+0300] {logging_mixin.py:150} INFO - [2023-08-15T21:47:39.174+0300] {dag.py:2763} INFO - Creating ORM DAG for example_dynamic_task_mapping_with_no_taskflow_operators
[2023-08-15T21:47:39.213+0300] {logging_mixin.py:150} INFO - [2023-08-15T21:47:39.212+0300] {dag.py:3504} INFO - Setting next_dagrun for example_dynamic_task_mapping_with_no_taskflow_operators to 2023-08-14T18:47:39.211769+00:00, run_after=2023-08-15T18:47:39.211769+00:00
[2023-08-15T21:47:39.375+0300] {processor.py:179} INFO - Processing /mnt/kali/DataHunt/venv/lib/python3.11/site-packages/airflow/example_dags/example_dynamic_task_mapping_with_no_taskflow_operators.py took 1.297 seconds
[2023-08-15T21:48:09.586+0300] {processor.py:157} INFO - Started process (PID=234171) to work on /mnt/kali/DataHunt/venv/lib/python3.11/site-packages/airflow/example_dags/example_dynamic_task_mapping_with_no_taskflow_operators.py
[2023-08-15T21:48:09.588+0300] {processor.py:826} INFO - Processing file /mnt/kali/DataHunt/venv/lib/python3.11/site-packages/airflow/example_dags/example_dynamic_task_mapping_with_no_taskflow_operators.py for tasks to queue
[2023-08-15T21:48:09.590+0300] {logging_mixin.py:150} INFO - [2023-08-15T21:48:09.589+0300] {dagbag.py:541} INFO - Filling up the DagBag from /mnt/kali/DataHunt/venv/lib/python3.11/site-packages/airflow/example_dags/example_dynamic_task_mapping_with_no_taskflow_operators.py
[2023-08-15T21:48:09.619+0300] {processor.py:836} INFO - DAG(s) dict_keys(['example_dynamic_task_mapping_with_no_taskflow_operators']) retrieved from /mnt/kali/DataHunt/venv/lib/python3.11/site-packages/airflow/example_dags/example_dynamic_task_mapping_with_no_taskflow_operators.py
[2023-08-15T21:48:09.696+0300] {logging_mixin.py:150} INFO - [2023-08-15T21:48:09.696+0300] {dag.py:2742} INFO - Sync 1 DAGs
[2023-08-15T21:48:09.753+0300] {logging_mixin.py:150} INFO - [2023-08-15T21:48:09.753+0300] {dag.py:3504} INFO - Setting next_dagrun for example_dynamic_task_mapping_with_no_taskflow_operators to 2023-08-14T18:48:09.752733+00:00, run_after=2023-08-15T18:48:09.752733+00:00
[2023-08-15T21:48:09.814+0300] {processor.py:179} INFO - Processing /mnt/kali/DataHunt/venv/lib/python3.11/site-packages/airflow/example_dags/example_dynamic_task_mapping_with_no_taskflow_operators.py took 0.239 seconds
[2023-08-15T21:48:40.027+0300] {processor.py:157} INFO - Started process (PID=234801) to work on /mnt/kali/DataHunt/venv/lib/python3.11/site-packages/airflow/example_dags/example_dynamic_task_mapping_with_no_taskflow_operators.py
[2023-08-15T21:48:40.040+0300] {processor.py:826} INFO - Processing file /mnt/kali/DataHunt/venv/lib/python3.11/site-packages/airflow/example_dags/example_dynamic_task_mapping_with_no_taskflow_operators.py for tasks to queue
[2023-08-15T21:48:40.043+0300] {logging_mixin.py:150} INFO - [2023-08-15T21:48:40.042+0300] {dagbag.py:541} INFO - Filling up the DagBag from /mnt/kali/DataHunt/venv/lib/python3.11/site-packages/airflow/example_dags/example_dynamic_task_mapping_with_no_taskflow_operators.py
[2023-08-15T21:48:40.064+0300] {processor.py:836} INFO - DAG(s) dict_keys(['example_dynamic_task_mapping_with_no_taskflow_operators']) retrieved from /mnt/kali/DataHunt/venv/lib/python3.11/site-packages/airflow/example_dags/example_dynamic_task_mapping_with_no_taskflow_operators.py
[2023-08-15T21:48:40.165+0300] {logging_mixin.py:150} INFO - [2023-08-15T21:48:40.165+0300] {dag.py:2742} INFO - Sync 1 DAGs
[2023-08-15T21:48:40.247+0300] {logging_mixin.py:150} INFO - [2023-08-15T21:48:40.247+0300] {dag.py:3504} INFO - Setting next_dagrun for example_dynamic_task_mapping_with_no_taskflow_operators to 2023-08-14T18:48:40.246618+00:00, run_after=2023-08-15T18:48:40.246618+00:00
[2023-08-15T21:48:40.315+0300] {processor.py:179} INFO - Processing /mnt/kali/DataHunt/venv/lib/python3.11/site-packages/airflow/example_dags/example_dynamic_task_mapping_with_no_taskflow_operators.py took 0.301 seconds
[2023-08-15T21:49:20.236+0300] {processor.py:157} INFO - Started process (PID=235377) to work on /mnt/kali/DataHunt/venv/lib/python3.11/site-packages/airflow/example_dags/example_dynamic_task_mapping_with_no_taskflow_operators.py
[2023-08-15T21:49:20.310+0300] {processor.py:826} INFO - Processing file /mnt/kali/DataHunt/venv/lib/python3.11/site-packages/airflow/example_dags/example_dynamic_task_mapping_with_no_taskflow_operators.py for tasks to queue
[2023-08-15T21:49:20.313+0300] {logging_mixin.py:150} INFO - [2023-08-15T21:49:20.312+0300] {dagbag.py:541} INFO - Filling up the DagBag from /mnt/kali/DataHunt/venv/lib/python3.11/site-packages/airflow/example_dags/example_dynamic_task_mapping_with_no_taskflow_operators.py
[2023-08-15T21:49:20.338+0300] {processor.py:836} INFO - DAG(s) dict_keys(['example_dynamic_task_mapping_with_no_taskflow_operators']) retrieved from /mnt/kali/DataHunt/venv/lib/python3.11/site-packages/airflow/example_dags/example_dynamic_task_mapping_with_no_taskflow_operators.py
[2023-08-15T21:49:20.429+0300] {logging_mixin.py:150} INFO - [2023-08-15T21:49:20.429+0300] {dag.py:2742} INFO - Sync 1 DAGs
[2023-08-15T21:49:21.106+0300] {logging_mixin.py:150} INFO - [2023-08-15T21:49:21.105+0300] {dag.py:3504} INFO - Setting next_dagrun for example_dynamic_task_mapping_with_no_taskflow_operators to 2023-08-14T18:49:21.105006+00:00, run_after=2023-08-15T18:49:21.105006+00:00
[2023-08-15T21:49:21.236+0300] {processor.py:179} INFO - Processing /mnt/kali/DataHunt/venv/lib/python3.11/site-packages/airflow/example_dags/example_dynamic_task_mapping_with_no_taskflow_operators.py took 1.015 seconds
[2023-08-15T21:49:53.470+0300] {processor.py:157} INFO - Started process (PID=235868) to work on /mnt/kali/DataHunt/venv/lib/python3.11/site-packages/airflow/example_dags/example_dynamic_task_mapping_with_no_taskflow_operators.py
[2023-08-15T21:49:53.472+0300] {processor.py:826} INFO - Processing file /mnt/kali/DataHunt/venv/lib/python3.11/site-packages/airflow/example_dags/example_dynamic_task_mapping_with_no_taskflow_operators.py for tasks to queue
[2023-08-15T21:49:53.474+0300] {logging_mixin.py:150} INFO - [2023-08-15T21:49:53.473+0300] {dagbag.py:541} INFO - Filling up the DagBag from /mnt/kali/DataHunt/venv/lib/python3.11/site-packages/airflow/example_dags/example_dynamic_task_mapping_with_no_taskflow_operators.py
[2023-08-15T21:49:53.499+0300] {processor.py:836} INFO - DAG(s) dict_keys(['example_dynamic_task_mapping_with_no_taskflow_operators']) retrieved from /mnt/kali/DataHunt/venv/lib/python3.11/site-packages/airflow/example_dags/example_dynamic_task_mapping_with_no_taskflow_operators.py
[2023-08-15T21:49:53.613+0300] {logging_mixin.py:150} INFO - [2023-08-15T21:49:53.612+0300] {dag.py:2742} INFO - Sync 1 DAGs
[2023-08-15T21:49:53.747+0300] {logging_mixin.py:150} INFO - [2023-08-15T21:49:53.747+0300] {dag.py:3504} INFO - Setting next_dagrun for example_dynamic_task_mapping_with_no_taskflow_operators to 2023-08-14T18:49:53.746293+00:00, run_after=2023-08-15T18:49:53.746293+00:00
[2023-08-15T21:49:54.062+0300] {processor.py:179} INFO - Processing /mnt/kali/DataHunt/venv/lib/python3.11/site-packages/airflow/example_dags/example_dynamic_task_mapping_with_no_taskflow_operators.py took 0.604 seconds
[2023-08-15T21:50:24.982+0300] {processor.py:157} INFO - Started process (PID=236202) to work on /mnt/kali/DataHunt/venv/lib/python3.11/site-packages/airflow/example_dags/example_dynamic_task_mapping_with_no_taskflow_operators.py
[2023-08-15T21:50:24.991+0300] {processor.py:826} INFO - Processing file /mnt/kali/DataHunt/venv/lib/python3.11/site-packages/airflow/example_dags/example_dynamic_task_mapping_with_no_taskflow_operators.py for tasks to queue
[2023-08-15T21:50:24.999+0300] {logging_mixin.py:150} INFO - [2023-08-15T21:50:24.993+0300] {dagbag.py:541} INFO - Filling up the DagBag from /mnt/kali/DataHunt/venv/lib/python3.11/site-packages/airflow/example_dags/example_dynamic_task_mapping_with_no_taskflow_operators.py
[2023-08-15T21:50:25.065+0300] {processor.py:836} INFO - DAG(s) dict_keys(['example_dynamic_task_mapping_with_no_taskflow_operators']) retrieved from /mnt/kali/DataHunt/venv/lib/python3.11/site-packages/airflow/example_dags/example_dynamic_task_mapping_with_no_taskflow_operators.py
[2023-08-15T21:50:25.346+0300] {logging_mixin.py:150} INFO - [2023-08-15T21:50:25.345+0300] {dag.py:2742} INFO - Sync 1 DAGs
[2023-08-15T21:50:25.582+0300] {logging_mixin.py:150} INFO - [2023-08-15T21:50:25.581+0300] {dag.py:3504} INFO - Setting next_dagrun for example_dynamic_task_mapping_with_no_taskflow_operators to 2023-08-14T18:50:25.581125+00:00, run_after=2023-08-15T18:50:25.581125+00:00
[2023-08-15T21:50:25.879+0300] {processor.py:179} INFO - Processing /mnt/kali/DataHunt/venv/lib/python3.11/site-packages/airflow/example_dags/example_dynamic_task_mapping_with_no_taskflow_operators.py took 0.931 seconds
[2023-08-15T21:50:56.227+0300] {processor.py:157} INFO - Started process (PID=236652) to work on /mnt/kali/DataHunt/venv/lib/python3.11/site-packages/airflow/example_dags/example_dynamic_task_mapping_with_no_taskflow_operators.py
[2023-08-15T21:50:56.229+0300] {processor.py:826} INFO - Processing file /mnt/kali/DataHunt/venv/lib/python3.11/site-packages/airflow/example_dags/example_dynamic_task_mapping_with_no_taskflow_operators.py for tasks to queue
[2023-08-15T21:50:56.231+0300] {logging_mixin.py:150} INFO - [2023-08-15T21:50:56.230+0300] {dagbag.py:541} INFO - Filling up the DagBag from /mnt/kali/DataHunt/venv/lib/python3.11/site-packages/airflow/example_dags/example_dynamic_task_mapping_with_no_taskflow_operators.py
[2023-08-15T21:50:56.254+0300] {processor.py:836} INFO - DAG(s) dict_keys(['example_dynamic_task_mapping_with_no_taskflow_operators']) retrieved from /mnt/kali/DataHunt/venv/lib/python3.11/site-packages/airflow/example_dags/example_dynamic_task_mapping_with_no_taskflow_operators.py
[2023-08-15T21:50:56.352+0300] {logging_mixin.py:150} INFO - [2023-08-15T21:50:56.351+0300] {dag.py:2742} INFO - Sync 1 DAGs
[2023-08-15T21:50:56.451+0300] {logging_mixin.py:150} INFO - [2023-08-15T21:50:56.450+0300] {dag.py:3504} INFO - Setting next_dagrun for example_dynamic_task_mapping_with_no_taskflow_operators to 2023-08-14T18:50:56.449514+00:00, run_after=2023-08-15T18:50:56.449514+00:00
[2023-08-15T21:50:56.557+0300] {processor.py:179} INFO - Processing /mnt/kali/DataHunt/venv/lib/python3.11/site-packages/airflow/example_dags/example_dynamic_task_mapping_with_no_taskflow_operators.py took 0.340 seconds
[2023-08-15T21:51:26.709+0300] {processor.py:157} INFO - Started process (PID=237219) to work on /mnt/kali/DataHunt/venv/lib/python3.11/site-packages/airflow/example_dags/example_dynamic_task_mapping_with_no_taskflow_operators.py
[2023-08-15T21:51:26.711+0300] {processor.py:826} INFO - Processing file /mnt/kali/DataHunt/venv/lib/python3.11/site-packages/airflow/example_dags/example_dynamic_task_mapping_with_no_taskflow_operators.py for tasks to queue
[2023-08-15T21:51:26.713+0300] {logging_mixin.py:150} INFO - [2023-08-15T21:51:26.712+0300] {dagbag.py:541} INFO - Filling up the DagBag from /mnt/kali/DataHunt/venv/lib/python3.11/site-packages/airflow/example_dags/example_dynamic_task_mapping_with_no_taskflow_operators.py
[2023-08-15T21:51:26.737+0300] {processor.py:836} INFO - DAG(s) dict_keys(['example_dynamic_task_mapping_with_no_taskflow_operators']) retrieved from /mnt/kali/DataHunt/venv/lib/python3.11/site-packages/airflow/example_dags/example_dynamic_task_mapping_with_no_taskflow_operators.py
[2023-08-15T21:51:26.832+0300] {logging_mixin.py:150} INFO - [2023-08-15T21:51:26.832+0300] {dag.py:2742} INFO - Sync 1 DAGs
[2023-08-15T21:51:26.885+0300] {logging_mixin.py:150} INFO - [2023-08-15T21:51:26.885+0300] {dag.py:3504} INFO - Setting next_dagrun for example_dynamic_task_mapping_with_no_taskflow_operators to 2023-08-14T18:51:26.884866+00:00, run_after=2023-08-15T18:51:26.884866+00:00
[2023-08-15T21:51:26.927+0300] {processor.py:179} INFO - Processing /mnt/kali/DataHunt/venv/lib/python3.11/site-packages/airflow/example_dags/example_dynamic_task_mapping_with_no_taskflow_operators.py took 0.228 seconds
[2023-08-15T21:51:57.391+0300] {processor.py:157} INFO - Started process (PID=237772) to work on /mnt/kali/DataHunt/venv/lib/python3.11/site-packages/airflow/example_dags/example_dynamic_task_mapping_with_no_taskflow_operators.py
[2023-08-15T21:51:57.393+0300] {processor.py:826} INFO - Processing file /mnt/kali/DataHunt/venv/lib/python3.11/site-packages/airflow/example_dags/example_dynamic_task_mapping_with_no_taskflow_operators.py for tasks to queue
[2023-08-15T21:51:57.395+0300] {logging_mixin.py:150} INFO - [2023-08-15T21:51:57.394+0300] {dagbag.py:541} INFO - Filling up the DagBag from /mnt/kali/DataHunt/venv/lib/python3.11/site-packages/airflow/example_dags/example_dynamic_task_mapping_with_no_taskflow_operators.py
[2023-08-15T21:51:57.416+0300] {processor.py:836} INFO - DAG(s) dict_keys(['example_dynamic_task_mapping_with_no_taskflow_operators']) retrieved from /mnt/kali/DataHunt/venv/lib/python3.11/site-packages/airflow/example_dags/example_dynamic_task_mapping_with_no_taskflow_operators.py
[2023-08-15T21:51:57.507+0300] {logging_mixin.py:150} INFO - [2023-08-15T21:51:57.506+0300] {dag.py:2742} INFO - Sync 1 DAGs
[2023-08-15T21:51:57.590+0300] {logging_mixin.py:150} INFO - [2023-08-15T21:51:57.589+0300] {dag.py:3504} INFO - Setting next_dagrun for example_dynamic_task_mapping_with_no_taskflow_operators to 2023-08-14T18:51:57.589003+00:00, run_after=2023-08-15T18:51:57.589003+00:00
[2023-08-15T21:51:57.665+0300] {processor.py:179} INFO - Processing /mnt/kali/DataHunt/venv/lib/python3.11/site-packages/airflow/example_dags/example_dynamic_task_mapping_with_no_taskflow_operators.py took 0.284 seconds
[2023-08-15T21:52:28.214+0300] {processor.py:157} INFO - Started process (PID=238151) to work on /mnt/kali/DataHunt/venv/lib/python3.11/site-packages/airflow/example_dags/example_dynamic_task_mapping_with_no_taskflow_operators.py
[2023-08-15T21:52:28.217+0300] {processor.py:826} INFO - Processing file /mnt/kali/DataHunt/venv/lib/python3.11/site-packages/airflow/example_dags/example_dynamic_task_mapping_with_no_taskflow_operators.py for tasks to queue
[2023-08-15T21:52:28.220+0300] {logging_mixin.py:150} INFO - [2023-08-15T21:52:28.218+0300] {dagbag.py:541} INFO - Filling up the DagBag from /mnt/kali/DataHunt/venv/lib/python3.11/site-packages/airflow/example_dags/example_dynamic_task_mapping_with_no_taskflow_operators.py
[2023-08-15T21:52:28.251+0300] {processor.py:836} INFO - DAG(s) dict_keys(['example_dynamic_task_mapping_with_no_taskflow_operators']) retrieved from /mnt/kali/DataHunt/venv/lib/python3.11/site-packages/airflow/example_dags/example_dynamic_task_mapping_with_no_taskflow_operators.py
[2023-08-15T21:52:28.340+0300] {logging_mixin.py:150} INFO - [2023-08-15T21:52:28.339+0300] {dag.py:2742} INFO - Sync 1 DAGs
[2023-08-15T21:52:28.404+0300] {logging_mixin.py:150} INFO - [2023-08-15T21:52:28.404+0300] {dag.py:3504} INFO - Setting next_dagrun for example_dynamic_task_mapping_with_no_taskflow_operators to 2023-08-14T18:52:28.403425+00:00, run_after=2023-08-15T18:52:28.403425+00:00
[2023-08-15T21:52:28.458+0300] {processor.py:179} INFO - Processing /mnt/kali/DataHunt/venv/lib/python3.11/site-packages/airflow/example_dags/example_dynamic_task_mapping_with_no_taskflow_operators.py took 0.257 seconds
[2023-08-15T21:52:58.979+0300] {processor.py:157} INFO - Started process (PID=238538) to work on /mnt/kali/DataHunt/venv/lib/python3.11/site-packages/airflow/example_dags/example_dynamic_task_mapping_with_no_taskflow_operators.py
[2023-08-15T21:52:58.981+0300] {processor.py:826} INFO - Processing file /mnt/kali/DataHunt/venv/lib/python3.11/site-packages/airflow/example_dags/example_dynamic_task_mapping_with_no_taskflow_operators.py for tasks to queue
[2023-08-15T21:52:58.984+0300] {logging_mixin.py:150} INFO - [2023-08-15T21:52:58.983+0300] {dagbag.py:541} INFO - Filling up the DagBag from /mnt/kali/DataHunt/venv/lib/python3.11/site-packages/airflow/example_dags/example_dynamic_task_mapping_with_no_taskflow_operators.py
[2023-08-15T21:52:59.006+0300] {processor.py:836} INFO - DAG(s) dict_keys(['example_dynamic_task_mapping_with_no_taskflow_operators']) retrieved from /mnt/kali/DataHunt/venv/lib/python3.11/site-packages/airflow/example_dags/example_dynamic_task_mapping_with_no_taskflow_operators.py
[2023-08-15T21:52:59.090+0300] {logging_mixin.py:150} INFO - [2023-08-15T21:52:59.089+0300] {dag.py:2742} INFO - Sync 1 DAGs
[2023-08-15T21:52:59.151+0300] {logging_mixin.py:150} INFO - [2023-08-15T21:52:59.151+0300] {dag.py:3504} INFO - Setting next_dagrun for example_dynamic_task_mapping_with_no_taskflow_operators to 2023-08-14T18:52:59.150264+00:00, run_after=2023-08-15T18:52:59.150264+00:00
[2023-08-15T21:52:59.207+0300] {processor.py:179} INFO - Processing /mnt/kali/DataHunt/venv/lib/python3.11/site-packages/airflow/example_dags/example_dynamic_task_mapping_with_no_taskflow_operators.py took 0.239 seconds
[2023-08-15T21:53:29.646+0300] {processor.py:157} INFO - Started process (PID=239104) to work on /mnt/kali/DataHunt/venv/lib/python3.11/site-packages/airflow/example_dags/example_dynamic_task_mapping_with_no_taskflow_operators.py
[2023-08-15T21:53:29.648+0300] {processor.py:826} INFO - Processing file /mnt/kali/DataHunt/venv/lib/python3.11/site-packages/airflow/example_dags/example_dynamic_task_mapping_with_no_taskflow_operators.py for tasks to queue
[2023-08-15T21:53:29.650+0300] {logging_mixin.py:150} INFO - [2023-08-15T21:53:29.649+0300] {dagbag.py:541} INFO - Filling up the DagBag from /mnt/kali/DataHunt/venv/lib/python3.11/site-packages/airflow/example_dags/example_dynamic_task_mapping_with_no_taskflow_operators.py
[2023-08-15T21:53:29.672+0300] {processor.py:836} INFO - DAG(s) dict_keys(['example_dynamic_task_mapping_with_no_taskflow_operators']) retrieved from /mnt/kali/DataHunt/venv/lib/python3.11/site-packages/airflow/example_dags/example_dynamic_task_mapping_with_no_taskflow_operators.py
[2023-08-15T21:53:29.770+0300] {logging_mixin.py:150} INFO - [2023-08-15T21:53:29.770+0300] {dag.py:2742} INFO - Sync 1 DAGs
[2023-08-15T21:53:29.829+0300] {logging_mixin.py:150} INFO - [2023-08-15T21:53:29.829+0300] {dag.py:3504} INFO - Setting next_dagrun for example_dynamic_task_mapping_with_no_taskflow_operators to 2023-08-14T18:53:29.828954+00:00, run_after=2023-08-15T18:53:29.828954+00:00
[2023-08-15T21:53:29.879+0300] {processor.py:179} INFO - Processing /mnt/kali/DataHunt/venv/lib/python3.11/site-packages/airflow/example_dags/example_dynamic_task_mapping_with_no_taskflow_operators.py took 0.244 seconds
[2023-08-15T21:54:03.999+0300] {processor.py:157} INFO - Started process (PID=239606) to work on /mnt/kali/DataHunt/venv/lib/python3.11/site-packages/airflow/example_dags/example_dynamic_task_mapping_with_no_taskflow_operators.py
[2023-08-15T21:54:04.022+0300] {processor.py:826} INFO - Processing file /mnt/kali/DataHunt/venv/lib/python3.11/site-packages/airflow/example_dags/example_dynamic_task_mapping_with_no_taskflow_operators.py for tasks to queue
[2023-08-15T21:54:04.026+0300] {logging_mixin.py:150} INFO - [2023-08-15T21:54:04.024+0300] {dagbag.py:541} INFO - Filling up the DagBag from /mnt/kali/DataHunt/venv/lib/python3.11/site-packages/airflow/example_dags/example_dynamic_task_mapping_with_no_taskflow_operators.py
[2023-08-15T21:54:04.124+0300] {processor.py:836} INFO - DAG(s) dict_keys(['example_dynamic_task_mapping_with_no_taskflow_operators']) retrieved from /mnt/kali/DataHunt/venv/lib/python3.11/site-packages/airflow/example_dags/example_dynamic_task_mapping_with_no_taskflow_operators.py
[2023-08-15T21:54:04.276+0300] {logging_mixin.py:150} INFO - [2023-08-15T21:54:04.275+0300] {dag.py:2742} INFO - Sync 1 DAGs
[2023-08-15T21:54:04.804+0300] {logging_mixin.py:150} INFO - [2023-08-15T21:54:04.803+0300] {dag.py:3504} INFO - Setting next_dagrun for example_dynamic_task_mapping_with_no_taskflow_operators to 2023-08-14T18:54:04.802733+00:00, run_after=2023-08-15T18:54:04.802733+00:00
[2023-08-15T21:54:05.125+0300] {processor.py:179} INFO - Processing /mnt/kali/DataHunt/venv/lib/python3.11/site-packages/airflow/example_dags/example_dynamic_task_mapping_with_no_taskflow_operators.py took 1.145 seconds
[2023-08-15T21:54:35.467+0300] {processor.py:157} INFO - Started process (PID=240107) to work on /mnt/kali/DataHunt/venv/lib/python3.11/site-packages/airflow/example_dags/example_dynamic_task_mapping_with_no_taskflow_operators.py
[2023-08-15T21:54:35.472+0300] {processor.py:826} INFO - Processing file /mnt/kali/DataHunt/venv/lib/python3.11/site-packages/airflow/example_dags/example_dynamic_task_mapping_with_no_taskflow_operators.py for tasks to queue
[2023-08-15T21:54:35.475+0300] {logging_mixin.py:150} INFO - [2023-08-15T21:54:35.475+0300] {dagbag.py:541} INFO - Filling up the DagBag from /mnt/kali/DataHunt/venv/lib/python3.11/site-packages/airflow/example_dags/example_dynamic_task_mapping_with_no_taskflow_operators.py
[2023-08-15T21:54:35.510+0300] {processor.py:836} INFO - DAG(s) dict_keys(['example_dynamic_task_mapping_with_no_taskflow_operators']) retrieved from /mnt/kali/DataHunt/venv/lib/python3.11/site-packages/airflow/example_dags/example_dynamic_task_mapping_with_no_taskflow_operators.py
[2023-08-15T21:54:35.628+0300] {logging_mixin.py:150} INFO - [2023-08-15T21:54:35.627+0300] {dag.py:2742} INFO - Sync 1 DAGs
[2023-08-15T21:54:35.715+0300] {logging_mixin.py:150} INFO - [2023-08-15T21:54:35.715+0300] {dag.py:3504} INFO - Setting next_dagrun for example_dynamic_task_mapping_with_no_taskflow_operators to 2023-08-14T18:54:35.714526+00:00, run_after=2023-08-15T18:54:35.714526+00:00
[2023-08-15T21:54:35.859+0300] {processor.py:179} INFO - Processing /mnt/kali/DataHunt/venv/lib/python3.11/site-packages/airflow/example_dags/example_dynamic_task_mapping_with_no_taskflow_operators.py took 0.420 seconds
[2023-08-15T21:55:06.019+0300] {processor.py:157} INFO - Started process (PID=240489) to work on /mnt/kali/DataHunt/venv/lib/python3.11/site-packages/airflow/example_dags/example_dynamic_task_mapping_with_no_taskflow_operators.py
[2023-08-15T21:55:06.034+0300] {processor.py:826} INFO - Processing file /mnt/kali/DataHunt/venv/lib/python3.11/site-packages/airflow/example_dags/example_dynamic_task_mapping_with_no_taskflow_operators.py for tasks to queue
[2023-08-15T21:55:06.038+0300] {logging_mixin.py:150} INFO - [2023-08-15T21:55:06.036+0300] {dagbag.py:541} INFO - Filling up the DagBag from /mnt/kali/DataHunt/venv/lib/python3.11/site-packages/airflow/example_dags/example_dynamic_task_mapping_with_no_taskflow_operators.py
[2023-08-15T21:55:06.092+0300] {processor.py:836} INFO - DAG(s) dict_keys(['example_dynamic_task_mapping_with_no_taskflow_operators']) retrieved from /mnt/kali/DataHunt/venv/lib/python3.11/site-packages/airflow/example_dags/example_dynamic_task_mapping_with_no_taskflow_operators.py
[2023-08-15T21:55:06.324+0300] {logging_mixin.py:150} INFO - [2023-08-15T21:55:06.324+0300] {dag.py:2742} INFO - Sync 1 DAGs
[2023-08-15T21:55:06.472+0300] {logging_mixin.py:150} INFO - [2023-08-15T21:55:06.472+0300] {dag.py:3504} INFO - Setting next_dagrun for example_dynamic_task_mapping_with_no_taskflow_operators to 2023-08-14T18:55:06.471665+00:00, run_after=2023-08-15T18:55:06.471665+00:00
[2023-08-15T21:55:06.596+0300] {processor.py:179} INFO - Processing /mnt/kali/DataHunt/venv/lib/python3.11/site-packages/airflow/example_dags/example_dynamic_task_mapping_with_no_taskflow_operators.py took 0.594 seconds
[2023-08-15T21:55:37.299+0300] {processor.py:157} INFO - Started process (PID=240919) to work on /mnt/kali/DataHunt/venv/lib/python3.11/site-packages/airflow/example_dags/example_dynamic_task_mapping_with_no_taskflow_operators.py
[2023-08-15T21:55:37.301+0300] {processor.py:826} INFO - Processing file /mnt/kali/DataHunt/venv/lib/python3.11/site-packages/airflow/example_dags/example_dynamic_task_mapping_with_no_taskflow_operators.py for tasks to queue
[2023-08-15T21:55:37.303+0300] {logging_mixin.py:150} INFO - [2023-08-15T21:55:37.302+0300] {dagbag.py:541} INFO - Filling up the DagBag from /mnt/kali/DataHunt/venv/lib/python3.11/site-packages/airflow/example_dags/example_dynamic_task_mapping_with_no_taskflow_operators.py
[2023-08-15T21:55:37.326+0300] {processor.py:836} INFO - DAG(s) dict_keys(['example_dynamic_task_mapping_with_no_taskflow_operators']) retrieved from /mnt/kali/DataHunt/venv/lib/python3.11/site-packages/airflow/example_dags/example_dynamic_task_mapping_with_no_taskflow_operators.py
[2023-08-15T21:55:37.435+0300] {logging_mixin.py:150} INFO - [2023-08-15T21:55:37.434+0300] {dag.py:2742} INFO - Sync 1 DAGs
[2023-08-15T21:55:37.555+0300] {logging_mixin.py:150} INFO - [2023-08-15T21:55:37.554+0300] {dag.py:3504} INFO - Setting next_dagrun for example_dynamic_task_mapping_with_no_taskflow_operators to 2023-08-14T18:55:37.554134+00:00, run_after=2023-08-15T18:55:37.554134+00:00
[2023-08-15T21:55:37.608+0300] {processor.py:179} INFO - Processing /mnt/kali/DataHunt/venv/lib/python3.11/site-packages/airflow/example_dags/example_dynamic_task_mapping_with_no_taskflow_operators.py took 0.319 seconds
[2023-08-15T21:56:08.190+0300] {processor.py:157} INFO - Started process (PID=241467) to work on /mnt/kali/DataHunt/venv/lib/python3.11/site-packages/airflow/example_dags/example_dynamic_task_mapping_with_no_taskflow_operators.py
[2023-08-15T21:56:08.200+0300] {processor.py:826} INFO - Processing file /mnt/kali/DataHunt/venv/lib/python3.11/site-packages/airflow/example_dags/example_dynamic_task_mapping_with_no_taskflow_operators.py for tasks to queue
[2023-08-15T21:56:08.222+0300] {logging_mixin.py:150} INFO - [2023-08-15T21:56:08.202+0300] {dagbag.py:541} INFO - Filling up the DagBag from /mnt/kali/DataHunt/venv/lib/python3.11/site-packages/airflow/example_dags/example_dynamic_task_mapping_with_no_taskflow_operators.py
[2023-08-15T21:56:08.264+0300] {processor.py:836} INFO - DAG(s) dict_keys(['example_dynamic_task_mapping_with_no_taskflow_operators']) retrieved from /mnt/kali/DataHunt/venv/lib/python3.11/site-packages/airflow/example_dags/example_dynamic_task_mapping_with_no_taskflow_operators.py
[2023-08-15T21:56:08.401+0300] {logging_mixin.py:150} INFO - [2023-08-15T21:56:08.401+0300] {dag.py:2742} INFO - Sync 1 DAGs
[2023-08-15T21:56:08.494+0300] {logging_mixin.py:150} INFO - [2023-08-15T21:56:08.494+0300] {dag.py:3504} INFO - Setting next_dagrun for example_dynamic_task_mapping_with_no_taskflow_operators to 2023-08-14T18:56:08.493135+00:00, run_after=2023-08-15T18:56:08.493135+00:00
[2023-08-15T21:56:08.590+0300] {processor.py:179} INFO - Processing /mnt/kali/DataHunt/venv/lib/python3.11/site-packages/airflow/example_dags/example_dynamic_task_mapping_with_no_taskflow_operators.py took 0.414 seconds
[2023-08-15T21:56:39.172+0300] {processor.py:157} INFO - Started process (PID=241979) to work on /mnt/kali/DataHunt/venv/lib/python3.11/site-packages/airflow/example_dags/example_dynamic_task_mapping_with_no_taskflow_operators.py
[2023-08-15T21:56:39.191+0300] {processor.py:826} INFO - Processing file /mnt/kali/DataHunt/venv/lib/python3.11/site-packages/airflow/example_dags/example_dynamic_task_mapping_with_no_taskflow_operators.py for tasks to queue
[2023-08-15T21:56:39.194+0300] {logging_mixin.py:150} INFO - [2023-08-15T21:56:39.193+0300] {dagbag.py:541} INFO - Filling up the DagBag from /mnt/kali/DataHunt/venv/lib/python3.11/site-packages/airflow/example_dags/example_dynamic_task_mapping_with_no_taskflow_operators.py
[2023-08-15T21:56:39.272+0300] {processor.py:836} INFO - DAG(s) dict_keys(['example_dynamic_task_mapping_with_no_taskflow_operators']) retrieved from /mnt/kali/DataHunt/venv/lib/python3.11/site-packages/airflow/example_dags/example_dynamic_task_mapping_with_no_taskflow_operators.py
[2023-08-15T21:56:39.469+0300] {logging_mixin.py:150} INFO - [2023-08-15T21:56:39.469+0300] {dag.py:2742} INFO - Sync 1 DAGs
[2023-08-15T21:56:39.676+0300] {logging_mixin.py:150} INFO - [2023-08-15T21:56:39.676+0300] {dag.py:3504} INFO - Setting next_dagrun for example_dynamic_task_mapping_with_no_taskflow_operators to 2023-08-14T18:56:39.675259+00:00, run_after=2023-08-15T18:56:39.675259+00:00
[2023-08-15T21:56:39.824+0300] {processor.py:179} INFO - Processing /mnt/kali/DataHunt/venv/lib/python3.11/site-packages/airflow/example_dags/example_dynamic_task_mapping_with_no_taskflow_operators.py took 0.707 seconds
[2023-08-15T21:57:10.355+0300] {processor.py:157} INFO - Started process (PID=242514) to work on /mnt/kali/DataHunt/venv/lib/python3.11/site-packages/airflow/example_dags/example_dynamic_task_mapping_with_no_taskflow_operators.py
[2023-08-15T21:57:10.367+0300] {processor.py:826} INFO - Processing file /mnt/kali/DataHunt/venv/lib/python3.11/site-packages/airflow/example_dags/example_dynamic_task_mapping_with_no_taskflow_operators.py for tasks to queue
[2023-08-15T21:57:10.370+0300] {logging_mixin.py:150} INFO - [2023-08-15T21:57:10.369+0300] {dagbag.py:541} INFO - Filling up the DagBag from /mnt/kali/DataHunt/venv/lib/python3.11/site-packages/airflow/example_dags/example_dynamic_task_mapping_with_no_taskflow_operators.py
[2023-08-15T21:57:10.404+0300] {processor.py:836} INFO - DAG(s) dict_keys(['example_dynamic_task_mapping_with_no_taskflow_operators']) retrieved from /mnt/kali/DataHunt/venv/lib/python3.11/site-packages/airflow/example_dags/example_dynamic_task_mapping_with_no_taskflow_operators.py
[2023-08-15T21:57:10.549+0300] {logging_mixin.py:150} INFO - [2023-08-15T21:57:10.549+0300] {dag.py:2742} INFO - Sync 1 DAGs
[2023-08-15T21:57:10.648+0300] {logging_mixin.py:150} INFO - [2023-08-15T21:57:10.647+0300] {dag.py:3504} INFO - Setting next_dagrun for example_dynamic_task_mapping_with_no_taskflow_operators to 2023-08-14T18:57:10.646759+00:00, run_after=2023-08-15T18:57:10.646759+00:00
[2023-08-15T21:57:10.721+0300] {processor.py:179} INFO - Processing /mnt/kali/DataHunt/venv/lib/python3.11/site-packages/airflow/example_dags/example_dynamic_task_mapping_with_no_taskflow_operators.py took 0.382 seconds
[2023-08-15T21:57:41.401+0300] {processor.py:157} INFO - Started process (PID=242986) to work on /mnt/kali/DataHunt/venv/lib/python3.11/site-packages/airflow/example_dags/example_dynamic_task_mapping_with_no_taskflow_operators.py
[2023-08-15T21:57:41.413+0300] {processor.py:826} INFO - Processing file /mnt/kali/DataHunt/venv/lib/python3.11/site-packages/airflow/example_dags/example_dynamic_task_mapping_with_no_taskflow_operators.py for tasks to queue
[2023-08-15T21:57:41.416+0300] {logging_mixin.py:150} INFO - [2023-08-15T21:57:41.415+0300] {dagbag.py:541} INFO - Filling up the DagBag from /mnt/kali/DataHunt/venv/lib/python3.11/site-packages/airflow/example_dags/example_dynamic_task_mapping_with_no_taskflow_operators.py
[2023-08-15T21:57:41.445+0300] {processor.py:836} INFO - DAG(s) dict_keys(['example_dynamic_task_mapping_with_no_taskflow_operators']) retrieved from /mnt/kali/DataHunt/venv/lib/python3.11/site-packages/airflow/example_dags/example_dynamic_task_mapping_with_no_taskflow_operators.py
[2023-08-15T21:57:41.547+0300] {logging_mixin.py:150} INFO - [2023-08-15T21:57:41.547+0300] {dag.py:2742} INFO - Sync 1 DAGs
[2023-08-15T21:57:41.628+0300] {logging_mixin.py:150} INFO - [2023-08-15T21:57:41.628+0300] {dag.py:3504} INFO - Setting next_dagrun for example_dynamic_task_mapping_with_no_taskflow_operators to 2023-08-14T18:57:41.627326+00:00, run_after=2023-08-15T18:57:41.627326+00:00
[2023-08-15T21:57:41.703+0300] {processor.py:179} INFO - Processing /mnt/kali/DataHunt/venv/lib/python3.11/site-packages/airflow/example_dags/example_dynamic_task_mapping_with_no_taskflow_operators.py took 0.313 seconds
