[2023-08-15T21:26:07.656+0300] {processor.py:157} INFO - Started process (PID=214904) to work on /mnt/kali/DataHunt/venv/lib/python3.11/site-packages/airflow/example_dags/example_external_task_marker_dag.py
[2023-08-15T21:26:07.664+0300] {processor.py:826} INFO - Processing file /mnt/kali/DataHunt/venv/lib/python3.11/site-packages/airflow/example_dags/example_external_task_marker_dag.py for tasks to queue
[2023-08-15T21:26:07.667+0300] {logging_mixin.py:150} INFO - [2023-08-15T21:26:07.666+0300] {dagbag.py:541} INFO - Filling up the DagBag from /mnt/kali/DataHunt/venv/lib/python3.11/site-packages/airflow/example_dags/example_external_task_marker_dag.py
[2023-08-15T21:26:07.710+0300] {processor.py:836} INFO - DAG(s) dict_keys(['example_external_task_marker_child', 'example_external_task_marker_parent']) retrieved from /mnt/kali/DataHunt/venv/lib/python3.11/site-packages/airflow/example_dags/example_external_task_marker_dag.py
[2023-08-15T21:26:08.480+0300] {logging_mixin.py:150} INFO - [2023-08-15T21:26:08.479+0300] {manager.py:504} INFO - Created Permission View: can edit on DAG:example_external_task_marker_child
[2023-08-15T21:26:08.745+0300] {logging_mixin.py:150} INFO - [2023-08-15T21:26:08.745+0300] {manager.py:504} INFO - Created Permission View: can delete on DAG:example_external_task_marker_child
[2023-08-15T21:26:08.857+0300] {logging_mixin.py:150} INFO - [2023-08-15T21:26:08.856+0300] {manager.py:504} INFO - Created Permission View: can read on DAG:example_external_task_marker_child
[2023-08-15T21:26:09.479+0300] {logging_mixin.py:150} INFO - [2023-08-15T21:26:09.478+0300] {manager.py:504} INFO - Created Permission View: can edit on DAG:example_external_task_marker_parent
[2023-08-15T21:26:09.557+0300] {logging_mixin.py:150} INFO - [2023-08-15T21:26:09.556+0300] {manager.py:504} INFO - Created Permission View: can delete on DAG:example_external_task_marker_parent
[2023-08-15T21:26:09.690+0300] {logging_mixin.py:150} INFO - [2023-08-15T21:26:09.689+0300] {manager.py:504} INFO - Created Permission View: can read on DAG:example_external_task_marker_parent
[2023-08-15T21:26:09.712+0300] {logging_mixin.py:150} INFO - [2023-08-15T21:26:09.711+0300] {dag.py:2742} INFO - Sync 2 DAGs
[2023-08-15T21:26:09.757+0300] {logging_mixin.py:150} INFO - [2023-08-15T21:26:09.756+0300] {dag.py:2763} INFO - Creating ORM DAG for example_external_task_marker_child
[2023-08-15T21:26:09.793+0300] {logging_mixin.py:150} INFO - [2023-08-15T21:26:09.791+0300] {dag.py:2763} INFO - Creating ORM DAG for example_external_task_marker_parent
[2023-08-15T21:26:09.948+0300] {logging_mixin.py:150} INFO - [2023-08-15T21:26:09.947+0300] {dag.py:3504} INFO - Setting next_dagrun for example_external_task_marker_child to None, run_after=None
[2023-08-15T21:26:09.966+0300] {logging_mixin.py:150} INFO - [2023-08-15T21:26:09.950+0300] {dag.py:3504} INFO - Setting next_dagrun for example_external_task_marker_parent to None, run_after=None
[2023-08-15T21:26:10.291+0300] {processor.py:179} INFO - Processing /mnt/kali/DataHunt/venv/lib/python3.11/site-packages/airflow/example_dags/example_external_task_marker_dag.py took 2.650 seconds
[2023-08-15T21:28:32.918+0300] {processor.py:157} INFO - Started process (PID=216652) to work on /mnt/kali/DataHunt/venv/lib/python3.11/site-packages/airflow/example_dags/example_external_task_marker_dag.py
[2023-08-15T21:28:32.936+0300] {processor.py:826} INFO - Processing file /mnt/kali/DataHunt/venv/lib/python3.11/site-packages/airflow/example_dags/example_external_task_marker_dag.py for tasks to queue
[2023-08-15T21:28:32.948+0300] {logging_mixin.py:150} INFO - [2023-08-15T21:28:32.941+0300] {dagbag.py:541} INFO - Filling up the DagBag from /mnt/kali/DataHunt/venv/lib/python3.11/site-packages/airflow/example_dags/example_external_task_marker_dag.py
[2023-08-15T21:28:33.062+0300] {processor.py:836} INFO - DAG(s) dict_keys(['example_external_task_marker_child', 'example_external_task_marker_parent']) retrieved from /mnt/kali/DataHunt/venv/lib/python3.11/site-packages/airflow/example_dags/example_external_task_marker_dag.py
[2023-08-15T21:28:33.496+0300] {logging_mixin.py:150} INFO - [2023-08-15T21:28:33.495+0300] {dag.py:2742} INFO - Sync 2 DAGs
[2023-08-15T21:28:34.771+0300] {logging_mixin.py:150} INFO - [2023-08-15T21:28:34.770+0300] {dag.py:3504} INFO - Setting next_dagrun for example_external_task_marker_child to None, run_after=None
[2023-08-15T21:28:34.908+0300] {logging_mixin.py:150} INFO - [2023-08-15T21:28:34.907+0300] {dag.py:3504} INFO - Setting next_dagrun for example_external_task_marker_parent to None, run_after=None
[2023-08-15T21:28:35.729+0300] {processor.py:179} INFO - Processing /mnt/kali/DataHunt/venv/lib/python3.11/site-packages/airflow/example_dags/example_external_task_marker_dag.py took 2.823 seconds
[2023-08-15T21:47:39.585+0300] {processor.py:157} INFO - Started process (PID=233807) to work on /mnt/kali/DataHunt/venv/lib/python3.11/site-packages/airflow/example_dags/example_external_task_marker_dag.py
[2023-08-15T21:47:39.683+0300] {processor.py:826} INFO - Processing file /mnt/kali/DataHunt/venv/lib/python3.11/site-packages/airflow/example_dags/example_external_task_marker_dag.py for tasks to queue
[2023-08-15T21:47:39.685+0300] {logging_mixin.py:150} INFO - [2023-08-15T21:47:39.684+0300] {dagbag.py:541} INFO - Filling up the DagBag from /mnt/kali/DataHunt/venv/lib/python3.11/site-packages/airflow/example_dags/example_external_task_marker_dag.py
[2023-08-15T21:47:39.768+0300] {processor.py:836} INFO - DAG(s) dict_keys(['example_external_task_marker_child', 'example_external_task_marker_parent']) retrieved from /mnt/kali/DataHunt/venv/lib/python3.11/site-packages/airflow/example_dags/example_external_task_marker_dag.py
[2023-08-15T21:47:40.517+0300] {logging_mixin.py:150} INFO - [2023-08-15T21:47:40.516+0300] {manager.py:504} INFO - Created Permission View: can read on DAG:example_external_task_marker_child
[2023-08-15T21:47:40.635+0300] {logging_mixin.py:150} INFO - [2023-08-15T21:47:40.635+0300] {manager.py:504} INFO - Created Permission View: can delete on DAG:example_external_task_marker_child
[2023-08-15T21:47:40.683+0300] {logging_mixin.py:150} INFO - [2023-08-15T21:47:40.683+0300] {manager.py:504} INFO - Created Permission View: can edit on DAG:example_external_task_marker_child
[2023-08-15T21:47:40.891+0300] {logging_mixin.py:150} INFO - [2023-08-15T21:47:40.891+0300] {manager.py:504} INFO - Created Permission View: can read on DAG:example_external_task_marker_parent
[2023-08-15T21:47:40.995+0300] {logging_mixin.py:150} INFO - [2023-08-15T21:47:40.995+0300] {manager.py:504} INFO - Created Permission View: can delete on DAG:example_external_task_marker_parent
[2023-08-15T21:47:41.039+0300] {logging_mixin.py:150} INFO - [2023-08-15T21:47:41.039+0300] {manager.py:504} INFO - Created Permission View: can edit on DAG:example_external_task_marker_parent
[2023-08-15T21:47:41.091+0300] {logging_mixin.py:150} INFO - [2023-08-15T21:47:41.091+0300] {dag.py:2742} INFO - Sync 2 DAGs
[2023-08-15T21:47:41.129+0300] {logging_mixin.py:150} INFO - [2023-08-15T21:47:41.128+0300] {dag.py:2763} INFO - Creating ORM DAG for example_external_task_marker_parent
[2023-08-15T21:47:41.131+0300] {logging_mixin.py:150} INFO - [2023-08-15T21:47:41.130+0300] {dag.py:2763} INFO - Creating ORM DAG for example_external_task_marker_child
[2023-08-15T21:47:41.163+0300] {logging_mixin.py:150} INFO - [2023-08-15T21:47:41.163+0300] {dag.py:3504} INFO - Setting next_dagrun for example_external_task_marker_child to None, run_after=None
[2023-08-15T21:47:41.165+0300] {logging_mixin.py:150} INFO - [2023-08-15T21:47:41.165+0300] {dag.py:3504} INFO - Setting next_dagrun for example_external_task_marker_parent to None, run_after=None
[2023-08-15T21:47:41.262+0300] {processor.py:179} INFO - Processing /mnt/kali/DataHunt/venv/lib/python3.11/site-packages/airflow/example_dags/example_external_task_marker_dag.py took 1.688 seconds
[2023-08-15T21:48:11.764+0300] {processor.py:157} INFO - Started process (PID=234219) to work on /mnt/kali/DataHunt/venv/lib/python3.11/site-packages/airflow/example_dags/example_external_task_marker_dag.py
[2023-08-15T21:48:11.773+0300] {processor.py:826} INFO - Processing file /mnt/kali/DataHunt/venv/lib/python3.11/site-packages/airflow/example_dags/example_external_task_marker_dag.py for tasks to queue
[2023-08-15T21:48:11.775+0300] {logging_mixin.py:150} INFO - [2023-08-15T21:48:11.774+0300] {dagbag.py:541} INFO - Filling up the DagBag from /mnt/kali/DataHunt/venv/lib/python3.11/site-packages/airflow/example_dags/example_external_task_marker_dag.py
[2023-08-15T21:48:11.820+0300] {processor.py:836} INFO - DAG(s) dict_keys(['example_external_task_marker_child', 'example_external_task_marker_parent']) retrieved from /mnt/kali/DataHunt/venv/lib/python3.11/site-packages/airflow/example_dags/example_external_task_marker_dag.py
[2023-08-15T21:48:12.191+0300] {logging_mixin.py:150} INFO - [2023-08-15T21:48:12.190+0300] {dag.py:2742} INFO - Sync 2 DAGs
[2023-08-15T21:48:12.358+0300] {logging_mixin.py:150} INFO - [2023-08-15T21:48:12.357+0300] {dag.py:3504} INFO - Setting next_dagrun for example_external_task_marker_child to None, run_after=None
[2023-08-15T21:48:12.379+0300] {logging_mixin.py:150} INFO - [2023-08-15T21:48:12.379+0300] {dag.py:3504} INFO - Setting next_dagrun for example_external_task_marker_parent to None, run_after=None
[2023-08-15T21:48:12.536+0300] {processor.py:179} INFO - Processing /mnt/kali/DataHunt/venv/lib/python3.11/site-packages/airflow/example_dags/example_external_task_marker_dag.py took 0.801 seconds
[2023-08-15T21:48:43.228+0300] {processor.py:157} INFO - Started process (PID=234830) to work on /mnt/kali/DataHunt/venv/lib/python3.11/site-packages/airflow/example_dags/example_external_task_marker_dag.py
[2023-08-15T21:48:43.259+0300] {processor.py:826} INFO - Processing file /mnt/kali/DataHunt/venv/lib/python3.11/site-packages/airflow/example_dags/example_external_task_marker_dag.py for tasks to queue
[2023-08-15T21:48:43.265+0300] {logging_mixin.py:150} INFO - [2023-08-15T21:48:43.264+0300] {dagbag.py:541} INFO - Filling up the DagBag from /mnt/kali/DataHunt/venv/lib/python3.11/site-packages/airflow/example_dags/example_external_task_marker_dag.py
[2023-08-15T21:48:43.385+0300] {processor.py:836} INFO - DAG(s) dict_keys(['example_external_task_marker_parent', 'example_external_task_marker_child']) retrieved from /mnt/kali/DataHunt/venv/lib/python3.11/site-packages/airflow/example_dags/example_external_task_marker_dag.py
[2023-08-15T21:48:43.740+0300] {logging_mixin.py:150} INFO - [2023-08-15T21:48:43.740+0300] {dag.py:2742} INFO - Sync 2 DAGs
[2023-08-15T21:48:43.885+0300] {logging_mixin.py:150} INFO - [2023-08-15T21:48:43.884+0300] {dag.py:3504} INFO - Setting next_dagrun for example_external_task_marker_child to None, run_after=None
[2023-08-15T21:48:43.901+0300] {logging_mixin.py:150} INFO - [2023-08-15T21:48:43.900+0300] {dag.py:3504} INFO - Setting next_dagrun for example_external_task_marker_parent to None, run_after=None
[2023-08-15T21:48:44.063+0300] {processor.py:179} INFO - Processing /mnt/kali/DataHunt/venv/lib/python3.11/site-packages/airflow/example_dags/example_external_task_marker_dag.py took 0.873 seconds
[2023-08-15T21:49:22.680+0300] {processor.py:157} INFO - Started process (PID=235498) to work on /mnt/kali/DataHunt/venv/lib/python3.11/site-packages/airflow/example_dags/example_external_task_marker_dag.py
[2023-08-15T21:49:22.708+0300] {processor.py:826} INFO - Processing file /mnt/kali/DataHunt/venv/lib/python3.11/site-packages/airflow/example_dags/example_external_task_marker_dag.py for tasks to queue
[2023-08-15T21:49:22.713+0300] {logging_mixin.py:150} INFO - [2023-08-15T21:49:22.711+0300] {dagbag.py:541} INFO - Filling up the DagBag from /mnt/kali/DataHunt/venv/lib/python3.11/site-packages/airflow/example_dags/example_external_task_marker_dag.py
[2023-08-15T21:49:22.739+0300] {processor.py:836} INFO - DAG(s) dict_keys(['example_external_task_marker_parent', 'example_external_task_marker_child']) retrieved from /mnt/kali/DataHunt/venv/lib/python3.11/site-packages/airflow/example_dags/example_external_task_marker_dag.py
[2023-08-15T21:49:23.313+0300] {logging_mixin.py:150} INFO - [2023-08-15T21:49:23.312+0300] {dag.py:2742} INFO - Sync 2 DAGs
[2023-08-15T21:49:23.398+0300] {logging_mixin.py:150} INFO - [2023-08-15T21:49:23.397+0300] {dag.py:3504} INFO - Setting next_dagrun for example_external_task_marker_child to None, run_after=None
[2023-08-15T21:49:23.410+0300] {logging_mixin.py:150} INFO - [2023-08-15T21:49:23.409+0300] {dag.py:3504} INFO - Setting next_dagrun for example_external_task_marker_parent to None, run_after=None
[2023-08-15T21:49:23.471+0300] {processor.py:179} INFO - Processing /mnt/kali/DataHunt/venv/lib/python3.11/site-packages/airflow/example_dags/example_external_task_marker_dag.py took 0.804 seconds
[2023-08-15T21:49:55.107+0300] {processor.py:157} INFO - Started process (PID=235876) to work on /mnt/kali/DataHunt/venv/lib/python3.11/site-packages/airflow/example_dags/example_external_task_marker_dag.py
[2023-08-15T21:49:55.135+0300] {processor.py:826} INFO - Processing file /mnt/kali/DataHunt/venv/lib/python3.11/site-packages/airflow/example_dags/example_external_task_marker_dag.py for tasks to queue
[2023-08-15T21:49:55.138+0300] {logging_mixin.py:150} INFO - [2023-08-15T21:49:55.137+0300] {dagbag.py:541} INFO - Filling up the DagBag from /mnt/kali/DataHunt/venv/lib/python3.11/site-packages/airflow/example_dags/example_external_task_marker_dag.py
[2023-08-15T21:49:55.168+0300] {processor.py:836} INFO - DAG(s) dict_keys(['example_external_task_marker_parent', 'example_external_task_marker_child']) retrieved from /mnt/kali/DataHunt/venv/lib/python3.11/site-packages/airflow/example_dags/example_external_task_marker_dag.py
[2023-08-15T21:49:55.358+0300] {logging_mixin.py:150} INFO - [2023-08-15T21:49:55.358+0300] {dag.py:2742} INFO - Sync 2 DAGs
[2023-08-15T21:49:55.478+0300] {logging_mixin.py:150} INFO - [2023-08-15T21:49:55.477+0300] {dag.py:3504} INFO - Setting next_dagrun for example_external_task_marker_child to None, run_after=None
[2023-08-15T21:49:55.491+0300] {logging_mixin.py:150} INFO - [2023-08-15T21:49:55.490+0300] {dag.py:3504} INFO - Setting next_dagrun for example_external_task_marker_parent to None, run_after=None
[2023-08-15T21:49:55.728+0300] {processor.py:179} INFO - Processing /mnt/kali/DataHunt/venv/lib/python3.11/site-packages/airflow/example_dags/example_external_task_marker_dag.py took 0.646 seconds
[2023-08-15T21:50:26.776+0300] {processor.py:157} INFO - Started process (PID=236250) to work on /mnt/kali/DataHunt/venv/lib/python3.11/site-packages/airflow/example_dags/example_external_task_marker_dag.py
[2023-08-15T21:50:26.782+0300] {processor.py:826} INFO - Processing file /mnt/kali/DataHunt/venv/lib/python3.11/site-packages/airflow/example_dags/example_external_task_marker_dag.py for tasks to queue
[2023-08-15T21:50:26.786+0300] {logging_mixin.py:150} INFO - [2023-08-15T21:50:26.783+0300] {dagbag.py:541} INFO - Filling up the DagBag from /mnt/kali/DataHunt/venv/lib/python3.11/site-packages/airflow/example_dags/example_external_task_marker_dag.py
[2023-08-15T21:50:26.821+0300] {processor.py:836} INFO - DAG(s) dict_keys(['example_external_task_marker_child', 'example_external_task_marker_parent']) retrieved from /mnt/kali/DataHunt/venv/lib/python3.11/site-packages/airflow/example_dags/example_external_task_marker_dag.py
[2023-08-15T21:50:27.089+0300] {logging_mixin.py:150} INFO - [2023-08-15T21:50:27.089+0300] {dag.py:2742} INFO - Sync 2 DAGs
[2023-08-15T21:50:27.269+0300] {logging_mixin.py:150} INFO - [2023-08-15T21:50:27.269+0300] {dag.py:3504} INFO - Setting next_dagrun for example_external_task_marker_child to None, run_after=None
[2023-08-15T21:50:27.287+0300] {logging_mixin.py:150} INFO - [2023-08-15T21:50:27.286+0300] {dag.py:3504} INFO - Setting next_dagrun for example_external_task_marker_parent to None, run_after=None
[2023-08-15T21:50:27.407+0300] {processor.py:179} INFO - Processing /mnt/kali/DataHunt/venv/lib/python3.11/site-packages/airflow/example_dags/example_external_task_marker_dag.py took 0.672 seconds
[2023-08-15T21:50:57.710+0300] {processor.py:157} INFO - Started process (PID=236674) to work on /mnt/kali/DataHunt/venv/lib/python3.11/site-packages/airflow/example_dags/example_external_task_marker_dag.py
[2023-08-15T21:50:57.713+0300] {processor.py:826} INFO - Processing file /mnt/kali/DataHunt/venv/lib/python3.11/site-packages/airflow/example_dags/example_external_task_marker_dag.py for tasks to queue
[2023-08-15T21:50:57.716+0300] {logging_mixin.py:150} INFO - [2023-08-15T21:50:57.715+0300] {dagbag.py:541} INFO - Filling up the DagBag from /mnt/kali/DataHunt/venv/lib/python3.11/site-packages/airflow/example_dags/example_external_task_marker_dag.py
[2023-08-15T21:50:57.746+0300] {processor.py:836} INFO - DAG(s) dict_keys(['example_external_task_marker_parent', 'example_external_task_marker_child']) retrieved from /mnt/kali/DataHunt/venv/lib/python3.11/site-packages/airflow/example_dags/example_external_task_marker_dag.py
[2023-08-15T21:50:58.029+0300] {logging_mixin.py:150} INFO - [2023-08-15T21:50:58.028+0300] {dag.py:2742} INFO - Sync 2 DAGs
[2023-08-15T21:50:58.203+0300] {logging_mixin.py:150} INFO - [2023-08-15T21:50:58.202+0300] {dag.py:3504} INFO - Setting next_dagrun for example_external_task_marker_child to None, run_after=None
[2023-08-15T21:50:58.217+0300] {logging_mixin.py:150} INFO - [2023-08-15T21:50:58.217+0300] {dag.py:3504} INFO - Setting next_dagrun for example_external_task_marker_parent to None, run_after=None
[2023-08-15T21:50:58.285+0300] {processor.py:179} INFO - Processing /mnt/kali/DataHunt/venv/lib/python3.11/site-packages/airflow/example_dags/example_external_task_marker_dag.py took 0.590 seconds
[2023-08-15T21:51:29.016+0300] {processor.py:157} INFO - Started process (PID=237243) to work on /mnt/kali/DataHunt/venv/lib/python3.11/site-packages/airflow/example_dags/example_external_task_marker_dag.py
[2023-08-15T21:51:29.029+0300] {processor.py:826} INFO - Processing file /mnt/kali/DataHunt/venv/lib/python3.11/site-packages/airflow/example_dags/example_external_task_marker_dag.py for tasks to queue
[2023-08-15T21:51:29.031+0300] {logging_mixin.py:150} INFO - [2023-08-15T21:51:29.030+0300] {dagbag.py:541} INFO - Filling up the DagBag from /mnt/kali/DataHunt/venv/lib/python3.11/site-packages/airflow/example_dags/example_external_task_marker_dag.py
[2023-08-15T21:51:29.054+0300] {processor.py:836} INFO - DAG(s) dict_keys(['example_external_task_marker_child', 'example_external_task_marker_parent']) retrieved from /mnt/kali/DataHunt/venv/lib/python3.11/site-packages/airflow/example_dags/example_external_task_marker_dag.py
[2023-08-15T21:51:29.179+0300] {logging_mixin.py:150} INFO - [2023-08-15T21:51:29.178+0300] {dag.py:2742} INFO - Sync 2 DAGs
[2023-08-15T21:51:29.244+0300] {logging_mixin.py:150} INFO - [2023-08-15T21:51:29.243+0300] {dag.py:3504} INFO - Setting next_dagrun for example_external_task_marker_child to None, run_after=None
[2023-08-15T21:51:29.255+0300] {logging_mixin.py:150} INFO - [2023-08-15T21:51:29.255+0300] {dag.py:3504} INFO - Setting next_dagrun for example_external_task_marker_parent to None, run_after=None
[2023-08-15T21:51:29.306+0300] {processor.py:179} INFO - Processing /mnt/kali/DataHunt/venv/lib/python3.11/site-packages/airflow/example_dags/example_external_task_marker_dag.py took 0.302 seconds
[2023-08-15T21:51:59.760+0300] {processor.py:157} INFO - Started process (PID=237785) to work on /mnt/kali/DataHunt/venv/lib/python3.11/site-packages/airflow/example_dags/example_external_task_marker_dag.py
[2023-08-15T21:51:59.774+0300] {processor.py:826} INFO - Processing file /mnt/kali/DataHunt/venv/lib/python3.11/site-packages/airflow/example_dags/example_external_task_marker_dag.py for tasks to queue
[2023-08-15T21:51:59.776+0300] {logging_mixin.py:150} INFO - [2023-08-15T21:51:59.775+0300] {dagbag.py:541} INFO - Filling up the DagBag from /mnt/kali/DataHunt/venv/lib/python3.11/site-packages/airflow/example_dags/example_external_task_marker_dag.py
[2023-08-15T21:51:59.799+0300] {processor.py:836} INFO - DAG(s) dict_keys(['example_external_task_marker_parent', 'example_external_task_marker_child']) retrieved from /mnt/kali/DataHunt/venv/lib/python3.11/site-packages/airflow/example_dags/example_external_task_marker_dag.py
[2023-08-15T21:51:59.943+0300] {logging_mixin.py:150} INFO - [2023-08-15T21:51:59.942+0300] {dag.py:2742} INFO - Sync 2 DAGs
[2023-08-15T21:52:00.021+0300] {logging_mixin.py:150} INFO - [2023-08-15T21:52:00.020+0300] {dag.py:3504} INFO - Setting next_dagrun for example_external_task_marker_child to None, run_after=None
[2023-08-15T21:52:00.032+0300] {logging_mixin.py:150} INFO - [2023-08-15T21:52:00.032+0300] {dag.py:3504} INFO - Setting next_dagrun for example_external_task_marker_parent to None, run_after=None
[2023-08-15T21:52:00.133+0300] {processor.py:179} INFO - Processing /mnt/kali/DataHunt/venv/lib/python3.11/site-packages/airflow/example_dags/example_external_task_marker_dag.py took 0.384 seconds
[2023-08-15T21:52:30.362+0300] {processor.py:157} INFO - Started process (PID=238178) to work on /mnt/kali/DataHunt/venv/lib/python3.11/site-packages/airflow/example_dags/example_external_task_marker_dag.py
[2023-08-15T21:52:30.364+0300] {processor.py:826} INFO - Processing file /mnt/kali/DataHunt/venv/lib/python3.11/site-packages/airflow/example_dags/example_external_task_marker_dag.py for tasks to queue
[2023-08-15T21:52:30.367+0300] {logging_mixin.py:150} INFO - [2023-08-15T21:52:30.366+0300] {dagbag.py:541} INFO - Filling up the DagBag from /mnt/kali/DataHunt/venv/lib/python3.11/site-packages/airflow/example_dags/example_external_task_marker_dag.py
[2023-08-15T21:52:30.405+0300] {processor.py:836} INFO - DAG(s) dict_keys(['example_external_task_marker_parent', 'example_external_task_marker_child']) retrieved from /mnt/kali/DataHunt/venv/lib/python3.11/site-packages/airflow/example_dags/example_external_task_marker_dag.py
[2023-08-15T21:52:30.557+0300] {logging_mixin.py:150} INFO - [2023-08-15T21:52:30.557+0300] {dag.py:2742} INFO - Sync 2 DAGs
[2023-08-15T21:52:30.642+0300] {logging_mixin.py:150} INFO - [2023-08-15T21:52:30.642+0300] {dag.py:3504} INFO - Setting next_dagrun for example_external_task_marker_child to None, run_after=None
[2023-08-15T21:52:30.660+0300] {logging_mixin.py:150} INFO - [2023-08-15T21:52:30.660+0300] {dag.py:3504} INFO - Setting next_dagrun for example_external_task_marker_parent to None, run_after=None
[2023-08-15T21:52:30.745+0300] {processor.py:179} INFO - Processing /mnt/kali/DataHunt/venv/lib/python3.11/site-packages/airflow/example_dags/example_external_task_marker_dag.py took 0.413 seconds
[2023-08-15T21:53:01.020+0300] {processor.py:157} INFO - Started process (PID=238546) to work on /mnt/kali/DataHunt/venv/lib/python3.11/site-packages/airflow/example_dags/example_external_task_marker_dag.py
[2023-08-15T21:53:01.033+0300] {processor.py:826} INFO - Processing file /mnt/kali/DataHunt/venv/lib/python3.11/site-packages/airflow/example_dags/example_external_task_marker_dag.py for tasks to queue
[2023-08-15T21:53:01.036+0300] {logging_mixin.py:150} INFO - [2023-08-15T21:53:01.035+0300] {dagbag.py:541} INFO - Filling up the DagBag from /mnt/kali/DataHunt/venv/lib/python3.11/site-packages/airflow/example_dags/example_external_task_marker_dag.py
[2023-08-15T21:53:01.061+0300] {processor.py:836} INFO - DAG(s) dict_keys(['example_external_task_marker_parent', 'example_external_task_marker_child']) retrieved from /mnt/kali/DataHunt/venv/lib/python3.11/site-packages/airflow/example_dags/example_external_task_marker_dag.py
[2023-08-15T21:53:01.196+0300] {logging_mixin.py:150} INFO - [2023-08-15T21:53:01.195+0300] {dag.py:2742} INFO - Sync 2 DAGs
[2023-08-15T21:53:01.273+0300] {logging_mixin.py:150} INFO - [2023-08-15T21:53:01.273+0300] {dag.py:3504} INFO - Setting next_dagrun for example_external_task_marker_child to None, run_after=None
[2023-08-15T21:53:01.285+0300] {logging_mixin.py:150} INFO - [2023-08-15T21:53:01.284+0300] {dag.py:3504} INFO - Setting next_dagrun for example_external_task_marker_parent to None, run_after=None
[2023-08-15T21:53:01.354+0300] {processor.py:179} INFO - Processing /mnt/kali/DataHunt/venv/lib/python3.11/site-packages/airflow/example_dags/example_external_task_marker_dag.py took 0.347 seconds
[2023-08-15T21:53:31.687+0300] {processor.py:157} INFO - Started process (PID=239110) to work on /mnt/kali/DataHunt/venv/lib/python3.11/site-packages/airflow/example_dags/example_external_task_marker_dag.py
[2023-08-15T21:53:31.767+0300] {processor.py:826} INFO - Processing file /mnt/kali/DataHunt/venv/lib/python3.11/site-packages/airflow/example_dags/example_external_task_marker_dag.py for tasks to queue
[2023-08-15T21:53:31.770+0300] {logging_mixin.py:150} INFO - [2023-08-15T21:53:31.769+0300] {dagbag.py:541} INFO - Filling up the DagBag from /mnt/kali/DataHunt/venv/lib/python3.11/site-packages/airflow/example_dags/example_external_task_marker_dag.py
[2023-08-15T21:53:31.813+0300] {processor.py:836} INFO - DAG(s) dict_keys(['example_external_task_marker_child', 'example_external_task_marker_parent']) retrieved from /mnt/kali/DataHunt/venv/lib/python3.11/site-packages/airflow/example_dags/example_external_task_marker_dag.py
[2023-08-15T21:53:32.072+0300] {logging_mixin.py:150} INFO - [2023-08-15T21:53:32.072+0300] {dag.py:2742} INFO - Sync 2 DAGs
[2023-08-15T21:53:32.174+0300] {logging_mixin.py:150} INFO - [2023-08-15T21:53:32.173+0300] {dag.py:3504} INFO - Setting next_dagrun for example_external_task_marker_child to None, run_after=None
[2023-08-15T21:53:32.188+0300] {logging_mixin.py:150} INFO - [2023-08-15T21:53:32.187+0300] {dag.py:3504} INFO - Setting next_dagrun for example_external_task_marker_parent to None, run_after=None
[2023-08-15T21:53:32.261+0300] {processor.py:179} INFO - Processing /mnt/kali/DataHunt/venv/lib/python3.11/site-packages/airflow/example_dags/example_external_task_marker_dag.py took 0.589 seconds
[2023-08-15T21:54:04.693+0300] {processor.py:157} INFO - Started process (PID=239645) to work on /mnt/kali/DataHunt/venv/lib/python3.11/site-packages/airflow/example_dags/example_external_task_marker_dag.py
[2023-08-15T21:54:04.727+0300] {processor.py:826} INFO - Processing file /mnt/kali/DataHunt/venv/lib/python3.11/site-packages/airflow/example_dags/example_external_task_marker_dag.py for tasks to queue
[2023-08-15T21:54:04.734+0300] {logging_mixin.py:150} INFO - [2023-08-15T21:54:04.729+0300] {dagbag.py:541} INFO - Filling up the DagBag from /mnt/kali/DataHunt/venv/lib/python3.11/site-packages/airflow/example_dags/example_external_task_marker_dag.py
[2023-08-15T21:54:04.763+0300] {processor.py:836} INFO - DAG(s) dict_keys(['example_external_task_marker_child', 'example_external_task_marker_parent']) retrieved from /mnt/kali/DataHunt/venv/lib/python3.11/site-packages/airflow/example_dags/example_external_task_marker_dag.py
[2023-08-15T21:54:05.261+0300] {logging_mixin.py:150} INFO - [2023-08-15T21:54:05.260+0300] {dag.py:2742} INFO - Sync 2 DAGs
[2023-08-15T21:54:05.401+0300] {logging_mixin.py:150} INFO - [2023-08-15T21:54:05.401+0300] {dag.py:3504} INFO - Setting next_dagrun for example_external_task_marker_child to None, run_after=None
[2023-08-15T21:54:05.513+0300] {logging_mixin.py:150} INFO - [2023-08-15T21:54:05.508+0300] {dag.py:3504} INFO - Setting next_dagrun for example_external_task_marker_parent to None, run_after=None
[2023-08-15T21:54:05.776+0300] {processor.py:179} INFO - Processing /mnt/kali/DataHunt/venv/lib/python3.11/site-packages/airflow/example_dags/example_external_task_marker_dag.py took 1.116 seconds
[2023-08-15T21:54:36.078+0300] {processor.py:157} INFO - Started process (PID=240109) to work on /mnt/kali/DataHunt/venv/lib/python3.11/site-packages/airflow/example_dags/example_external_task_marker_dag.py
[2023-08-15T21:54:36.080+0300] {processor.py:826} INFO - Processing file /mnt/kali/DataHunt/venv/lib/python3.11/site-packages/airflow/example_dags/example_external_task_marker_dag.py for tasks to queue
[2023-08-15T21:54:36.087+0300] {logging_mixin.py:150} INFO - [2023-08-15T21:54:36.081+0300] {dagbag.py:541} INFO - Filling up the DagBag from /mnt/kali/DataHunt/venv/lib/python3.11/site-packages/airflow/example_dags/example_external_task_marker_dag.py
[2023-08-15T21:54:36.142+0300] {processor.py:836} INFO - DAG(s) dict_keys(['example_external_task_marker_child', 'example_external_task_marker_parent']) retrieved from /mnt/kali/DataHunt/venv/lib/python3.11/site-packages/airflow/example_dags/example_external_task_marker_dag.py
[2023-08-15T21:54:36.580+0300] {logging_mixin.py:150} INFO - [2023-08-15T21:54:36.580+0300] {dag.py:2742} INFO - Sync 2 DAGs
[2023-08-15T21:54:36.853+0300] {logging_mixin.py:150} INFO - [2023-08-15T21:54:36.853+0300] {dag.py:3504} INFO - Setting next_dagrun for example_external_task_marker_child to None, run_after=None
[2023-08-15T21:54:36.884+0300] {logging_mixin.py:150} INFO - [2023-08-15T21:54:36.883+0300] {dag.py:3504} INFO - Setting next_dagrun for example_external_task_marker_parent to None, run_after=None
[2023-08-15T21:54:37.150+0300] {processor.py:179} INFO - Processing /mnt/kali/DataHunt/venv/lib/python3.11/site-packages/airflow/example_dags/example_external_task_marker_dag.py took 1.096 seconds
[2023-08-15T21:55:07.803+0300] {processor.py:157} INFO - Started process (PID=240505) to work on /mnt/kali/DataHunt/venv/lib/python3.11/site-packages/airflow/example_dags/example_external_task_marker_dag.py
[2023-08-15T21:55:07.823+0300] {processor.py:826} INFO - Processing file /mnt/kali/DataHunt/venv/lib/python3.11/site-packages/airflow/example_dags/example_external_task_marker_dag.py for tasks to queue
[2023-08-15T21:55:07.843+0300] {logging_mixin.py:150} INFO - [2023-08-15T21:55:07.842+0300] {dagbag.py:541} INFO - Filling up the DagBag from /mnt/kali/DataHunt/venv/lib/python3.11/site-packages/airflow/example_dags/example_external_task_marker_dag.py
[2023-08-15T21:55:07.964+0300] {processor.py:836} INFO - DAG(s) dict_keys(['example_external_task_marker_parent', 'example_external_task_marker_child']) retrieved from /mnt/kali/DataHunt/venv/lib/python3.11/site-packages/airflow/example_dags/example_external_task_marker_dag.py
[2023-08-15T21:55:08.435+0300] {logging_mixin.py:150} INFO - [2023-08-15T21:55:08.435+0300] {dag.py:2742} INFO - Sync 2 DAGs
[2023-08-15T21:55:08.728+0300] {logging_mixin.py:150} INFO - [2023-08-15T21:55:08.728+0300] {dag.py:3504} INFO - Setting next_dagrun for example_external_task_marker_child to None, run_after=None
[2023-08-15T21:55:08.758+0300] {logging_mixin.py:150} INFO - [2023-08-15T21:55:08.757+0300] {dag.py:3504} INFO - Setting next_dagrun for example_external_task_marker_parent to None, run_after=None
[2023-08-15T21:55:08.899+0300] {processor.py:179} INFO - Processing /mnt/kali/DataHunt/venv/lib/python3.11/site-packages/airflow/example_dags/example_external_task_marker_dag.py took 1.167 seconds
[2023-08-15T21:55:39.076+0300] {processor.py:157} INFO - Started process (PID=240944) to work on /mnt/kali/DataHunt/venv/lib/python3.11/site-packages/airflow/example_dags/example_external_task_marker_dag.py
[2023-08-15T21:55:39.084+0300] {processor.py:826} INFO - Processing file /mnt/kali/DataHunt/venv/lib/python3.11/site-packages/airflow/example_dags/example_external_task_marker_dag.py for tasks to queue
[2023-08-15T21:55:39.087+0300] {logging_mixin.py:150} INFO - [2023-08-15T21:55:39.086+0300] {dagbag.py:541} INFO - Filling up the DagBag from /mnt/kali/DataHunt/venv/lib/python3.11/site-packages/airflow/example_dags/example_external_task_marker_dag.py
[2023-08-15T21:55:39.107+0300] {processor.py:836} INFO - DAG(s) dict_keys(['example_external_task_marker_parent', 'example_external_task_marker_child']) retrieved from /mnt/kali/DataHunt/venv/lib/python3.11/site-packages/airflow/example_dags/example_external_task_marker_dag.py
[2023-08-15T21:55:39.228+0300] {logging_mixin.py:150} INFO - [2023-08-15T21:55:39.227+0300] {dag.py:2742} INFO - Sync 2 DAGs
[2023-08-15T21:55:39.311+0300] {logging_mixin.py:150} INFO - [2023-08-15T21:55:39.310+0300] {dag.py:3504} INFO - Setting next_dagrun for example_external_task_marker_child to None, run_after=None
[2023-08-15T21:55:39.324+0300] {logging_mixin.py:150} INFO - [2023-08-15T21:55:39.324+0300] {dag.py:3504} INFO - Setting next_dagrun for example_external_task_marker_parent to None, run_after=None
[2023-08-15T21:55:39.394+0300] {processor.py:179} INFO - Processing /mnt/kali/DataHunt/venv/lib/python3.11/site-packages/airflow/example_dags/example_external_task_marker_dag.py took 0.328 seconds
[2023-08-15T21:56:09.548+0300] {processor.py:157} INFO - Started process (PID=241507) to work on /mnt/kali/DataHunt/venv/lib/python3.11/site-packages/airflow/example_dags/example_external_task_marker_dag.py
[2023-08-15T21:56:09.551+0300] {processor.py:826} INFO - Processing file /mnt/kali/DataHunt/venv/lib/python3.11/site-packages/airflow/example_dags/example_external_task_marker_dag.py for tasks to queue
[2023-08-15T21:56:09.554+0300] {logging_mixin.py:150} INFO - [2023-08-15T21:56:09.553+0300] {dagbag.py:541} INFO - Filling up the DagBag from /mnt/kali/DataHunt/venv/lib/python3.11/site-packages/airflow/example_dags/example_external_task_marker_dag.py
[2023-08-15T21:56:09.578+0300] {processor.py:836} INFO - DAG(s) dict_keys(['example_external_task_marker_child', 'example_external_task_marker_parent']) retrieved from /mnt/kali/DataHunt/venv/lib/python3.11/site-packages/airflow/example_dags/example_external_task_marker_dag.py
[2023-08-15T21:56:09.703+0300] {logging_mixin.py:150} INFO - [2023-08-15T21:56:09.703+0300] {dag.py:2742} INFO - Sync 2 DAGs
[2023-08-15T21:56:09.769+0300] {logging_mixin.py:150} INFO - [2023-08-15T21:56:09.769+0300] {dag.py:3504} INFO - Setting next_dagrun for example_external_task_marker_child to None, run_after=None
[2023-08-15T21:56:09.779+0300] {logging_mixin.py:150} INFO - [2023-08-15T21:56:09.779+0300] {dag.py:3504} INFO - Setting next_dagrun for example_external_task_marker_parent to None, run_after=None
[2023-08-15T21:56:09.898+0300] {processor.py:179} INFO - Processing /mnt/kali/DataHunt/venv/lib/python3.11/site-packages/airflow/example_dags/example_external_task_marker_dag.py took 0.365 seconds
[2023-08-15T21:56:41.215+0300] {processor.py:157} INFO - Started process (PID=242101) to work on /mnt/kali/DataHunt/venv/lib/python3.11/site-packages/airflow/example_dags/example_external_task_marker_dag.py
[2023-08-15T21:56:41.253+0300] {processor.py:826} INFO - Processing file /mnt/kali/DataHunt/venv/lib/python3.11/site-packages/airflow/example_dags/example_external_task_marker_dag.py for tasks to queue
[2023-08-15T21:56:41.256+0300] {logging_mixin.py:150} INFO - [2023-08-15T21:56:41.255+0300] {dagbag.py:541} INFO - Filling up the DagBag from /mnt/kali/DataHunt/venv/lib/python3.11/site-packages/airflow/example_dags/example_external_task_marker_dag.py
[2023-08-15T21:56:41.293+0300] {processor.py:836} INFO - DAG(s) dict_keys(['example_external_task_marker_parent', 'example_external_task_marker_child']) retrieved from /mnt/kali/DataHunt/venv/lib/python3.11/site-packages/airflow/example_dags/example_external_task_marker_dag.py
[2023-08-15T21:56:41.509+0300] {logging_mixin.py:150} INFO - [2023-08-15T21:56:41.508+0300] {dag.py:2742} INFO - Sync 2 DAGs
[2023-08-15T21:56:41.791+0300] {logging_mixin.py:150} INFO - [2023-08-15T21:56:41.790+0300] {dag.py:3504} INFO - Setting next_dagrun for example_external_task_marker_child to None, run_after=None
[2023-08-15T21:56:41.812+0300] {logging_mixin.py:150} INFO - [2023-08-15T21:56:41.812+0300] {dag.py:3504} INFO - Setting next_dagrun for example_external_task_marker_parent to None, run_after=None
[2023-08-15T21:56:41.969+0300] {processor.py:179} INFO - Processing /mnt/kali/DataHunt/venv/lib/python3.11/site-packages/airflow/example_dags/example_external_task_marker_dag.py took 0.810 seconds
[2023-08-15T21:57:13.110+0300] {processor.py:157} INFO - Started process (PID=242604) to work on /mnt/kali/DataHunt/venv/lib/python3.11/site-packages/airflow/example_dags/example_external_task_marker_dag.py
[2023-08-15T21:57:13.113+0300] {processor.py:826} INFO - Processing file /mnt/kali/DataHunt/venv/lib/python3.11/site-packages/airflow/example_dags/example_external_task_marker_dag.py for tasks to queue
[2023-08-15T21:57:13.116+0300] {logging_mixin.py:150} INFO - [2023-08-15T21:57:13.115+0300] {dagbag.py:541} INFO - Filling up the DagBag from /mnt/kali/DataHunt/venv/lib/python3.11/site-packages/airflow/example_dags/example_external_task_marker_dag.py
[2023-08-15T21:57:13.169+0300] {processor.py:836} INFO - DAG(s) dict_keys(['example_external_task_marker_child', 'example_external_task_marker_parent']) retrieved from /mnt/kali/DataHunt/venv/lib/python3.11/site-packages/airflow/example_dags/example_external_task_marker_dag.py
[2023-08-15T21:57:13.337+0300] {logging_mixin.py:150} INFO - [2023-08-15T21:57:13.336+0300] {dag.py:2742} INFO - Sync 2 DAGs
[2023-08-15T21:57:13.457+0300] {logging_mixin.py:150} INFO - [2023-08-15T21:57:13.457+0300] {dag.py:3504} INFO - Setting next_dagrun for example_external_task_marker_child to None, run_after=None
[2023-08-15T21:57:13.472+0300] {logging_mixin.py:150} INFO - [2023-08-15T21:57:13.472+0300] {dag.py:3504} INFO - Setting next_dagrun for example_external_task_marker_parent to None, run_after=None
[2023-08-15T21:57:13.625+0300] {processor.py:179} INFO - Processing /mnt/kali/DataHunt/venv/lib/python3.11/site-packages/airflow/example_dags/example_external_task_marker_dag.py took 0.545 seconds
[2023-08-15T21:57:43.809+0300] {processor.py:157} INFO - Started process (PID=243014) to work on /mnt/kali/DataHunt/venv/lib/python3.11/site-packages/airflow/example_dags/example_external_task_marker_dag.py
[2023-08-15T21:57:43.811+0300] {processor.py:826} INFO - Processing file /mnt/kali/DataHunt/venv/lib/python3.11/site-packages/airflow/example_dags/example_external_task_marker_dag.py for tasks to queue
[2023-08-15T21:57:43.813+0300] {logging_mixin.py:150} INFO - [2023-08-15T21:57:43.813+0300] {dagbag.py:541} INFO - Filling up the DagBag from /mnt/kali/DataHunt/venv/lib/python3.11/site-packages/airflow/example_dags/example_external_task_marker_dag.py
[2023-08-15T21:57:43.835+0300] {processor.py:836} INFO - DAG(s) dict_keys(['example_external_task_marker_child', 'example_external_task_marker_parent']) retrieved from /mnt/kali/DataHunt/venv/lib/python3.11/site-packages/airflow/example_dags/example_external_task_marker_dag.py
[2023-08-15T21:57:43.973+0300] {logging_mixin.py:150} INFO - [2023-08-15T21:57:43.972+0300] {dag.py:2742} INFO - Sync 2 DAGs
[2023-08-15T21:57:44.119+0300] {logging_mixin.py:150} INFO - [2023-08-15T21:57:44.118+0300] {dag.py:3504} INFO - Setting next_dagrun for example_external_task_marker_child to None, run_after=None
[2023-08-15T21:57:44.143+0300] {logging_mixin.py:150} INFO - [2023-08-15T21:57:44.143+0300] {dag.py:3504} INFO - Setting next_dagrun for example_external_task_marker_parent to None, run_after=None
[2023-08-15T21:57:44.368+0300] {processor.py:179} INFO - Processing /mnt/kali/DataHunt/venv/lib/python3.11/site-packages/airflow/example_dags/example_external_task_marker_dag.py took 0.573 seconds
