[2023-08-15T21:25:25.855+0300] {processor.py:157} INFO - Started process (PID=214478) to work on /mnt/kali/DataHunt/venv/lib/python3.11/site-packages/airflow/example_dags/example_short_circuit_operator.py
[2023-08-15T21:25:25.858+0300] {processor.py:826} INFO - Processing file /mnt/kali/DataHunt/venv/lib/python3.11/site-packages/airflow/example_dags/example_short_circuit_operator.py for tasks to queue
[2023-08-15T21:25:25.868+0300] {logging_mixin.py:150} INFO - [2023-08-15T21:25:25.866+0300] {dagbag.py:541} INFO - Filling up the DagBag from /mnt/kali/DataHunt/venv/lib/python3.11/site-packages/airflow/example_dags/example_short_circuit_operator.py
[2023-08-15T21:25:25.954+0300] {processor.py:836} INFO - DAG(s) dict_keys(['example_short_circuit_operator']) retrieved from /mnt/kali/DataHunt/venv/lib/python3.11/site-packages/airflow/example_dags/example_short_circuit_operator.py
[2023-08-15T21:25:27.034+0300] {logging_mixin.py:150} INFO - [2023-08-15T21:25:27.033+0300] {manager.py:504} INFO - Created Permission View: can edit on DAG:example_short_circuit_operator
[2023-08-15T21:25:27.283+0300] {logging_mixin.py:150} INFO - [2023-08-15T21:25:27.281+0300] {manager.py:504} INFO - Created Permission View: can delete on DAG:example_short_circuit_operator
[2023-08-15T21:25:27.493+0300] {logging_mixin.py:150} INFO - [2023-08-15T21:25:27.492+0300] {manager.py:504} INFO - Created Permission View: can read on DAG:example_short_circuit_operator
[2023-08-15T21:25:27.681+0300] {logging_mixin.py:150} INFO - [2023-08-15T21:25:27.678+0300] {dag.py:2742} INFO - Sync 1 DAGs
[2023-08-15T21:25:28.156+0300] {logging_mixin.py:150} INFO - [2023-08-15T21:25:28.156+0300] {dag.py:2763} INFO - Creating ORM DAG for example_short_circuit_operator
[2023-08-15T21:25:28.254+0300] {logging_mixin.py:150} INFO - [2023-08-15T21:25:28.253+0300] {dag.py:3504} INFO - Setting next_dagrun for example_short_circuit_operator to 2023-08-14T18:25:28.252443+00:00, run_after=2023-08-15T18:25:28.252443+00:00
[2023-08-15T21:25:28.632+0300] {processor.py:179} INFO - Processing /mnt/kali/DataHunt/venv/lib/python3.11/site-packages/airflow/example_dags/example_short_circuit_operator.py took 2.817 seconds
[2023-08-15T21:27:48.612+0300] {processor.py:157} INFO - Started process (PID=216201) to work on /mnt/kali/DataHunt/venv/lib/python3.11/site-packages/airflow/example_dags/example_short_circuit_operator.py
[2023-08-15T21:27:48.628+0300] {processor.py:826} INFO - Processing file /mnt/kali/DataHunt/venv/lib/python3.11/site-packages/airflow/example_dags/example_short_circuit_operator.py for tasks to queue
[2023-08-15T21:27:48.630+0300] {logging_mixin.py:150} INFO - [2023-08-15T21:27:48.629+0300] {dagbag.py:541} INFO - Filling up the DagBag from /mnt/kali/DataHunt/venv/lib/python3.11/site-packages/airflow/example_dags/example_short_circuit_operator.py
[2023-08-15T21:27:48.695+0300] {processor.py:836} INFO - DAG(s) dict_keys(['example_short_circuit_operator']) retrieved from /mnt/kali/DataHunt/venv/lib/python3.11/site-packages/airflow/example_dags/example_short_circuit_operator.py
[2023-08-15T21:27:48.805+0300] {logging_mixin.py:150} INFO - [2023-08-15T21:27:48.805+0300] {dag.py:2742} INFO - Sync 1 DAGs
[2023-08-15T21:27:48.864+0300] {logging_mixin.py:150} INFO - [2023-08-15T21:27:48.864+0300] {dag.py:3504} INFO - Setting next_dagrun for example_short_circuit_operator to 2023-08-14T18:27:48.863305+00:00, run_after=2023-08-15T18:27:48.863305+00:00
[2023-08-15T21:27:49.096+0300] {processor.py:179} INFO - Processing /mnt/kali/DataHunt/venv/lib/python3.11/site-packages/airflow/example_dags/example_short_circuit_operator.py took 0.523 seconds
[2023-08-15T21:29:25.271+0300] {processor.py:157} INFO - Started process (PID=217347) to work on /mnt/kali/DataHunt/venv/lib/python3.11/site-packages/airflow/example_dags/example_short_circuit_operator.py
[2023-08-15T21:29:25.295+0300] {processor.py:826} INFO - Processing file /mnt/kali/DataHunt/venv/lib/python3.11/site-packages/airflow/example_dags/example_short_circuit_operator.py for tasks to queue
[2023-08-15T21:29:25.299+0300] {logging_mixin.py:150} INFO - [2023-08-15T21:29:25.297+0300] {dagbag.py:541} INFO - Filling up the DagBag from /mnt/kali/DataHunt/venv/lib/python3.11/site-packages/airflow/example_dags/example_short_circuit_operator.py
[2023-08-15T21:29:25.465+0300] {processor.py:836} INFO - DAG(s) dict_keys(['example_short_circuit_operator']) retrieved from /mnt/kali/DataHunt/venv/lib/python3.11/site-packages/airflow/example_dags/example_short_circuit_operator.py
[2023-08-15T21:29:25.559+0300] {logging_mixin.py:150} INFO - [2023-08-15T21:29:25.558+0300] {dag.py:2742} INFO - Sync 1 DAGs
[2023-08-15T21:29:25.819+0300] {logging_mixin.py:150} INFO - [2023-08-15T21:29:25.818+0300] {dag.py:3504} INFO - Setting next_dagrun for example_short_circuit_operator to 2023-08-14T18:29:25.817995+00:00, run_after=2023-08-15T18:29:25.817995+00:00
[2023-08-15T21:29:26.229+0300] {processor.py:179} INFO - Processing /mnt/kali/DataHunt/venv/lib/python3.11/site-packages/airflow/example_dags/example_short_circuit_operator.py took 0.973 seconds
[2023-08-15T21:47:32.713+0300] {processor.py:157} INFO - Started process (PID=233733) to work on /mnt/kali/DataHunt/venv/lib/python3.11/site-packages/airflow/example_dags/example_short_circuit_operator.py
[2023-08-15T21:47:32.759+0300] {processor.py:826} INFO - Processing file /mnt/kali/DataHunt/venv/lib/python3.11/site-packages/airflow/example_dags/example_short_circuit_operator.py for tasks to queue
[2023-08-15T21:47:32.761+0300] {logging_mixin.py:150} INFO - [2023-08-15T21:47:32.760+0300] {dagbag.py:541} INFO - Filling up the DagBag from /mnt/kali/DataHunt/venv/lib/python3.11/site-packages/airflow/example_dags/example_short_circuit_operator.py
[2023-08-15T21:47:32.786+0300] {processor.py:836} INFO - DAG(s) dict_keys(['example_short_circuit_operator']) retrieved from /mnt/kali/DataHunt/venv/lib/python3.11/site-packages/airflow/example_dags/example_short_circuit_operator.py
[2023-08-15T21:47:33.282+0300] {logging_mixin.py:150} INFO - [2023-08-15T21:47:33.282+0300] {manager.py:504} INFO - Created Permission View: can read on DAG:example_short_circuit_operator
[2023-08-15T21:47:33.349+0300] {logging_mixin.py:150} INFO - [2023-08-15T21:47:33.348+0300] {manager.py:504} INFO - Created Permission View: can delete on DAG:example_short_circuit_operator
[2023-08-15T21:47:33.404+0300] {logging_mixin.py:150} INFO - [2023-08-15T21:47:33.404+0300] {manager.py:504} INFO - Created Permission View: can edit on DAG:example_short_circuit_operator
[2023-08-15T21:47:33.485+0300] {logging_mixin.py:150} INFO - [2023-08-15T21:47:33.485+0300] {dag.py:2742} INFO - Sync 1 DAGs
[2023-08-15T21:47:33.525+0300] {logging_mixin.py:150} INFO - [2023-08-15T21:47:33.525+0300] {dag.py:2763} INFO - Creating ORM DAG for example_short_circuit_operator
[2023-08-15T21:47:33.566+0300] {logging_mixin.py:150} INFO - [2023-08-15T21:47:33.566+0300] {dag.py:3504} INFO - Setting next_dagrun for example_short_circuit_operator to 2023-08-14T18:47:33.565293+00:00, run_after=2023-08-15T18:47:33.565293+00:00
[2023-08-15T21:47:33.648+0300] {processor.py:179} INFO - Processing /mnt/kali/DataHunt/venv/lib/python3.11/site-packages/airflow/example_dags/example_short_circuit_operator.py took 0.946 seconds
[2023-08-15T21:48:04.477+0300] {processor.py:157} INFO - Started process (PID=234121) to work on /mnt/kali/DataHunt/venv/lib/python3.11/site-packages/airflow/example_dags/example_short_circuit_operator.py
[2023-08-15T21:48:04.481+0300] {processor.py:826} INFO - Processing file /mnt/kali/DataHunt/venv/lib/python3.11/site-packages/airflow/example_dags/example_short_circuit_operator.py for tasks to queue
[2023-08-15T21:48:04.487+0300] {logging_mixin.py:150} INFO - [2023-08-15T21:48:04.486+0300] {dagbag.py:541} INFO - Filling up the DagBag from /mnt/kali/DataHunt/venv/lib/python3.11/site-packages/airflow/example_dags/example_short_circuit_operator.py
[2023-08-15T21:48:04.526+0300] {processor.py:836} INFO - DAG(s) dict_keys(['example_short_circuit_operator']) retrieved from /mnt/kali/DataHunt/venv/lib/python3.11/site-packages/airflow/example_dags/example_short_circuit_operator.py
[2023-08-15T21:48:04.654+0300] {logging_mixin.py:150} INFO - [2023-08-15T21:48:04.654+0300] {dag.py:2742} INFO - Sync 1 DAGs
[2023-08-15T21:48:04.719+0300] {logging_mixin.py:150} INFO - [2023-08-15T21:48:04.718+0300] {dag.py:3504} INFO - Setting next_dagrun for example_short_circuit_operator to 2023-08-14T18:48:04.717995+00:00, run_after=2023-08-15T18:48:04.717995+00:00
[2023-08-15T21:48:04.795+0300] {processor.py:179} INFO - Processing /mnt/kali/DataHunt/venv/lib/python3.11/site-packages/airflow/example_dags/example_short_circuit_operator.py took 0.347 seconds
[2023-08-15T21:48:35.075+0300] {processor.py:157} INFO - Started process (PID=234694) to work on /mnt/kali/DataHunt/venv/lib/python3.11/site-packages/airflow/example_dags/example_short_circuit_operator.py
[2023-08-15T21:48:35.090+0300] {processor.py:826} INFO - Processing file /mnt/kali/DataHunt/venv/lib/python3.11/site-packages/airflow/example_dags/example_short_circuit_operator.py for tasks to queue
[2023-08-15T21:48:35.093+0300] {logging_mixin.py:150} INFO - [2023-08-15T21:48:35.092+0300] {dagbag.py:541} INFO - Filling up the DagBag from /mnt/kali/DataHunt/venv/lib/python3.11/site-packages/airflow/example_dags/example_short_circuit_operator.py
[2023-08-15T21:48:35.161+0300] {processor.py:836} INFO - DAG(s) dict_keys(['example_short_circuit_operator']) retrieved from /mnt/kali/DataHunt/venv/lib/python3.11/site-packages/airflow/example_dags/example_short_circuit_operator.py
[2023-08-15T21:48:35.325+0300] {logging_mixin.py:150} INFO - [2023-08-15T21:48:35.324+0300] {dag.py:2742} INFO - Sync 1 DAGs
[2023-08-15T21:48:35.438+0300] {logging_mixin.py:150} INFO - [2023-08-15T21:48:35.437+0300] {dag.py:3504} INFO - Setting next_dagrun for example_short_circuit_operator to 2023-08-14T18:48:35.436837+00:00, run_after=2023-08-15T18:48:35.436837+00:00
[2023-08-15T21:48:35.520+0300] {processor.py:179} INFO - Processing /mnt/kali/DataHunt/venv/lib/python3.11/site-packages/airflow/example_dags/example_short_circuit_operator.py took 0.460 seconds
[2023-08-15T21:49:09.242+0300] {processor.py:157} INFO - Started process (PID=235145) to work on /mnt/kali/DataHunt/venv/lib/python3.11/site-packages/airflow/example_dags/example_short_circuit_operator.py
[2023-08-15T21:49:09.255+0300] {processor.py:826} INFO - Processing file /mnt/kali/DataHunt/venv/lib/python3.11/site-packages/airflow/example_dags/example_short_circuit_operator.py for tasks to queue
[2023-08-15T21:49:09.258+0300] {logging_mixin.py:150} INFO - [2023-08-15T21:49:09.257+0300] {dagbag.py:541} INFO - Filling up the DagBag from /mnt/kali/DataHunt/venv/lib/python3.11/site-packages/airflow/example_dags/example_short_circuit_operator.py
[2023-08-15T21:49:09.338+0300] {processor.py:836} INFO - DAG(s) dict_keys(['example_short_circuit_operator']) retrieved from /mnt/kali/DataHunt/venv/lib/python3.11/site-packages/airflow/example_dags/example_short_circuit_operator.py
[2023-08-15T21:49:09.756+0300] {logging_mixin.py:150} INFO - [2023-08-15T21:49:09.755+0300] {dag.py:2742} INFO - Sync 1 DAGs
[2023-08-15T21:49:10.201+0300] {logging_mixin.py:150} INFO - [2023-08-15T21:49:10.201+0300] {dag.py:3504} INFO - Setting next_dagrun for example_short_circuit_operator to 2023-08-14T18:49:10.198936+00:00, run_after=2023-08-15T18:49:10.198936+00:00
[2023-08-15T21:49:11.030+0300] {processor.py:179} INFO - Processing /mnt/kali/DataHunt/venv/lib/python3.11/site-packages/airflow/example_dags/example_short_circuit_operator.py took 1.841 seconds
[2023-08-15T21:49:41.696+0300] {processor.py:157} INFO - Started process (PID=235708) to work on /mnt/kali/DataHunt/venv/lib/python3.11/site-packages/airflow/example_dags/example_short_circuit_operator.py
[2023-08-15T21:49:41.713+0300] {processor.py:826} INFO - Processing file /mnt/kali/DataHunt/venv/lib/python3.11/site-packages/airflow/example_dags/example_short_circuit_operator.py for tasks to queue
[2023-08-15T21:49:41.715+0300] {logging_mixin.py:150} INFO - [2023-08-15T21:49:41.714+0300] {dagbag.py:541} INFO - Filling up the DagBag from /mnt/kali/DataHunt/venv/lib/python3.11/site-packages/airflow/example_dags/example_short_circuit_operator.py
[2023-08-15T21:49:41.760+0300] {processor.py:836} INFO - DAG(s) dict_keys(['example_short_circuit_operator']) retrieved from /mnt/kali/DataHunt/venv/lib/python3.11/site-packages/airflow/example_dags/example_short_circuit_operator.py
[2023-08-15T21:49:42.036+0300] {logging_mixin.py:150} INFO - [2023-08-15T21:49:42.035+0300] {dag.py:2742} INFO - Sync 1 DAGs
[2023-08-15T21:49:42.164+0300] {logging_mixin.py:150} INFO - [2023-08-15T21:49:42.163+0300] {dag.py:3504} INFO - Setting next_dagrun for example_short_circuit_operator to 2023-08-14T18:49:42.162723+00:00, run_after=2023-08-15T18:49:42.162723+00:00
[2023-08-15T21:49:42.253+0300] {processor.py:179} INFO - Processing /mnt/kali/DataHunt/venv/lib/python3.11/site-packages/airflow/example_dags/example_short_circuit_operator.py took 0.578 seconds
[2023-08-15T21:50:12.482+0300] {processor.py:157} INFO - Started process (PID=236047) to work on /mnt/kali/DataHunt/venv/lib/python3.11/site-packages/airflow/example_dags/example_short_circuit_operator.py
[2023-08-15T21:50:12.502+0300] {processor.py:826} INFO - Processing file /mnt/kali/DataHunt/venv/lib/python3.11/site-packages/airflow/example_dags/example_short_circuit_operator.py for tasks to queue
[2023-08-15T21:50:12.505+0300] {logging_mixin.py:150} INFO - [2023-08-15T21:50:12.504+0300] {dagbag.py:541} INFO - Filling up the DagBag from /mnt/kali/DataHunt/venv/lib/python3.11/site-packages/airflow/example_dags/example_short_circuit_operator.py
[2023-08-15T21:50:12.544+0300] {processor.py:836} INFO - DAG(s) dict_keys(['example_short_circuit_operator']) retrieved from /mnt/kali/DataHunt/venv/lib/python3.11/site-packages/airflow/example_dags/example_short_circuit_operator.py
[2023-08-15T21:50:12.668+0300] {logging_mixin.py:150} INFO - [2023-08-15T21:50:12.668+0300] {dag.py:2742} INFO - Sync 1 DAGs
[2023-08-15T21:50:12.741+0300] {logging_mixin.py:150} INFO - [2023-08-15T21:50:12.740+0300] {dag.py:3504} INFO - Setting next_dagrun for example_short_circuit_operator to 2023-08-14T18:50:12.739811+00:00, run_after=2023-08-15T18:50:12.739811+00:00
[2023-08-15T21:50:12.849+0300] {processor.py:179} INFO - Processing /mnt/kali/DataHunt/venv/lib/python3.11/site-packages/airflow/example_dags/example_short_circuit_operator.py took 0.379 seconds
[2023-08-15T21:50:49.012+0300] {processor.py:157} INFO - Started process (PID=236559) to work on /mnt/kali/DataHunt/venv/lib/python3.11/site-packages/airflow/example_dags/example_short_circuit_operator.py
[2023-08-15T21:50:49.083+0300] {processor.py:826} INFO - Processing file /mnt/kali/DataHunt/venv/lib/python3.11/site-packages/airflow/example_dags/example_short_circuit_operator.py for tasks to queue
[2023-08-15T21:50:49.085+0300] {logging_mixin.py:150} INFO - [2023-08-15T21:50:49.084+0300] {dagbag.py:541} INFO - Filling up the DagBag from /mnt/kali/DataHunt/venv/lib/python3.11/site-packages/airflow/example_dags/example_short_circuit_operator.py
[2023-08-15T21:50:49.208+0300] {processor.py:836} INFO - DAG(s) dict_keys(['example_short_circuit_operator']) retrieved from /mnt/kali/DataHunt/venv/lib/python3.11/site-packages/airflow/example_dags/example_short_circuit_operator.py
[2023-08-15T21:50:49.715+0300] {logging_mixin.py:150} INFO - [2023-08-15T21:50:49.713+0300] {dag.py:2742} INFO - Sync 1 DAGs
[2023-08-15T21:50:50.116+0300] {logging_mixin.py:150} INFO - [2023-08-15T21:50:50.115+0300] {dag.py:3504} INFO - Setting next_dagrun for example_short_circuit_operator to 2023-08-14T18:50:50.114604+00:00, run_after=2023-08-15T18:50:50.114604+00:00
[2023-08-15T21:50:50.205+0300] {processor.py:179} INFO - Processing /mnt/kali/DataHunt/venv/lib/python3.11/site-packages/airflow/example_dags/example_short_circuit_operator.py took 1.229 seconds
[2023-08-15T21:51:20.602+0300] {processor.py:157} INFO - Started process (PID=236962) to work on /mnt/kali/DataHunt/venv/lib/python3.11/site-packages/airflow/example_dags/example_short_circuit_operator.py
[2023-08-15T21:51:20.605+0300] {processor.py:826} INFO - Processing file /mnt/kali/DataHunt/venv/lib/python3.11/site-packages/airflow/example_dags/example_short_circuit_operator.py for tasks to queue
[2023-08-15T21:51:20.608+0300] {logging_mixin.py:150} INFO - [2023-08-15T21:51:20.607+0300] {dagbag.py:541} INFO - Filling up the DagBag from /mnt/kali/DataHunt/venv/lib/python3.11/site-packages/airflow/example_dags/example_short_circuit_operator.py
[2023-08-15T21:51:20.642+0300] {processor.py:836} INFO - DAG(s) dict_keys(['example_short_circuit_operator']) retrieved from /mnt/kali/DataHunt/venv/lib/python3.11/site-packages/airflow/example_dags/example_short_circuit_operator.py
[2023-08-15T21:51:20.743+0300] {logging_mixin.py:150} INFO - [2023-08-15T21:51:20.743+0300] {dag.py:2742} INFO - Sync 1 DAGs
[2023-08-15T21:51:20.798+0300] {logging_mixin.py:150} INFO - [2023-08-15T21:51:20.798+0300] {dag.py:3504} INFO - Setting next_dagrun for example_short_circuit_operator to 2023-08-14T18:51:20.797932+00:00, run_after=2023-08-15T18:51:20.797932+00:00
[2023-08-15T21:51:20.849+0300] {processor.py:179} INFO - Processing /mnt/kali/DataHunt/venv/lib/python3.11/site-packages/airflow/example_dags/example_short_circuit_operator.py took 0.258 seconds
[2023-08-15T21:51:51.043+0300] {processor.py:157} INFO - Started process (PID=237621) to work on /mnt/kali/DataHunt/venv/lib/python3.11/site-packages/airflow/example_dags/example_short_circuit_operator.py
[2023-08-15T21:51:51.045+0300] {processor.py:826} INFO - Processing file /mnt/kali/DataHunt/venv/lib/python3.11/site-packages/airflow/example_dags/example_short_circuit_operator.py for tasks to queue
[2023-08-15T21:51:51.047+0300] {logging_mixin.py:150} INFO - [2023-08-15T21:51:51.046+0300] {dagbag.py:541} INFO - Filling up the DagBag from /mnt/kali/DataHunt/venv/lib/python3.11/site-packages/airflow/example_dags/example_short_circuit_operator.py
[2023-08-15T21:51:51.076+0300] {processor.py:836} INFO - DAG(s) dict_keys(['example_short_circuit_operator']) retrieved from /mnt/kali/DataHunt/venv/lib/python3.11/site-packages/airflow/example_dags/example_short_circuit_operator.py
[2023-08-15T21:51:51.205+0300] {logging_mixin.py:150} INFO - [2023-08-15T21:51:51.204+0300] {dag.py:2742} INFO - Sync 1 DAGs
[2023-08-15T21:51:51.313+0300] {logging_mixin.py:150} INFO - [2023-08-15T21:51:51.312+0300] {dag.py:3504} INFO - Setting next_dagrun for example_short_circuit_operator to 2023-08-14T18:51:51.312014+00:00, run_after=2023-08-15T18:51:51.312014+00:00
[2023-08-15T21:51:51.386+0300] {processor.py:179} INFO - Processing /mnt/kali/DataHunt/venv/lib/python3.11/site-packages/airflow/example_dags/example_short_circuit_operator.py took 0.353 seconds
[2023-08-15T21:52:21.661+0300] {processor.py:157} INFO - Started process (PID=238041) to work on /mnt/kali/DataHunt/venv/lib/python3.11/site-packages/airflow/example_dags/example_short_circuit_operator.py
[2023-08-15T21:52:21.663+0300] {processor.py:826} INFO - Processing file /mnt/kali/DataHunt/venv/lib/python3.11/site-packages/airflow/example_dags/example_short_circuit_operator.py for tasks to queue
[2023-08-15T21:52:21.665+0300] {logging_mixin.py:150} INFO - [2023-08-15T21:52:21.664+0300] {dagbag.py:541} INFO - Filling up the DagBag from /mnt/kali/DataHunt/venv/lib/python3.11/site-packages/airflow/example_dags/example_short_circuit_operator.py
[2023-08-15T21:52:21.687+0300] {processor.py:836} INFO - DAG(s) dict_keys(['example_short_circuit_operator']) retrieved from /mnt/kali/DataHunt/venv/lib/python3.11/site-packages/airflow/example_dags/example_short_circuit_operator.py
[2023-08-15T21:52:21.757+0300] {logging_mixin.py:150} INFO - [2023-08-15T21:52:21.756+0300] {dag.py:2742} INFO - Sync 1 DAGs
[2023-08-15T21:52:21.802+0300] {logging_mixin.py:150} INFO - [2023-08-15T21:52:21.802+0300] {dag.py:3504} INFO - Setting next_dagrun for example_short_circuit_operator to 2023-08-14T18:52:21.802007+00:00, run_after=2023-08-15T18:52:21.802007+00:00
[2023-08-15T21:52:21.845+0300] {processor.py:179} INFO - Processing /mnt/kali/DataHunt/venv/lib/python3.11/site-packages/airflow/example_dags/example_short_circuit_operator.py took 0.192 seconds
[2023-08-15T21:52:51.925+0300] {processor.py:157} INFO - Started process (PID=238409) to work on /mnt/kali/DataHunt/venv/lib/python3.11/site-packages/airflow/example_dags/example_short_circuit_operator.py
[2023-08-15T21:52:51.927+0300] {processor.py:826} INFO - Processing file /mnt/kali/DataHunt/venv/lib/python3.11/site-packages/airflow/example_dags/example_short_circuit_operator.py for tasks to queue
[2023-08-15T21:52:51.928+0300] {logging_mixin.py:150} INFO - [2023-08-15T21:52:51.927+0300] {dagbag.py:541} INFO - Filling up the DagBag from /mnt/kali/DataHunt/venv/lib/python3.11/site-packages/airflow/example_dags/example_short_circuit_operator.py
[2023-08-15T21:52:51.947+0300] {processor.py:836} INFO - DAG(s) dict_keys(['example_short_circuit_operator']) retrieved from /mnt/kali/DataHunt/venv/lib/python3.11/site-packages/airflow/example_dags/example_short_circuit_operator.py
[2023-08-15T21:52:52.027+0300] {logging_mixin.py:150} INFO - [2023-08-15T21:52:52.026+0300] {dag.py:2742} INFO - Sync 1 DAGs
[2023-08-15T21:52:52.077+0300] {logging_mixin.py:150} INFO - [2023-08-15T21:52:52.076+0300] {dag.py:3504} INFO - Setting next_dagrun for example_short_circuit_operator to 2023-08-14T18:52:52.076540+00:00, run_after=2023-08-15T18:52:52.076540+00:00
[2023-08-15T21:52:52.121+0300] {processor.py:179} INFO - Processing /mnt/kali/DataHunt/venv/lib/python3.11/site-packages/airflow/example_dags/example_short_circuit_operator.py took 0.205 seconds
[2023-08-15T21:53:24.051+0300] {processor.py:157} INFO - Started process (PID=238948) to work on /mnt/kali/DataHunt/venv/lib/python3.11/site-packages/airflow/example_dags/example_short_circuit_operator.py
[2023-08-15T21:53:24.068+0300] {processor.py:826} INFO - Processing file /mnt/kali/DataHunt/venv/lib/python3.11/site-packages/airflow/example_dags/example_short_circuit_operator.py for tasks to queue
[2023-08-15T21:53:24.071+0300] {logging_mixin.py:150} INFO - [2023-08-15T21:53:24.070+0300] {dagbag.py:541} INFO - Filling up the DagBag from /mnt/kali/DataHunt/venv/lib/python3.11/site-packages/airflow/example_dags/example_short_circuit_operator.py
[2023-08-15T21:53:24.101+0300] {processor.py:836} INFO - DAG(s) dict_keys(['example_short_circuit_operator']) retrieved from /mnt/kali/DataHunt/venv/lib/python3.11/site-packages/airflow/example_dags/example_short_circuit_operator.py
[2023-08-15T21:53:24.218+0300] {logging_mixin.py:150} INFO - [2023-08-15T21:53:24.218+0300] {dag.py:2742} INFO - Sync 1 DAGs
[2023-08-15T21:53:24.281+0300] {logging_mixin.py:150} INFO - [2023-08-15T21:53:24.280+0300] {dag.py:3504} INFO - Setting next_dagrun for example_short_circuit_operator to 2023-08-14T18:53:24.280130+00:00, run_after=2023-08-15T18:53:24.280130+00:00
[2023-08-15T21:53:24.378+0300] {processor.py:179} INFO - Processing /mnt/kali/DataHunt/venv/lib/python3.11/site-packages/airflow/example_dags/example_short_circuit_operator.py took 0.345 seconds
[2023-08-15T21:53:56.585+0300] {processor.py:157} INFO - Started process (PID=239438) to work on /mnt/kali/DataHunt/venv/lib/python3.11/site-packages/airflow/example_dags/example_short_circuit_operator.py
[2023-08-15T21:53:56.595+0300] {processor.py:826} INFO - Processing file /mnt/kali/DataHunt/venv/lib/python3.11/site-packages/airflow/example_dags/example_short_circuit_operator.py for tasks to queue
[2023-08-15T21:53:56.597+0300] {logging_mixin.py:150} INFO - [2023-08-15T21:53:56.596+0300] {dagbag.py:541} INFO - Filling up the DagBag from /mnt/kali/DataHunt/venv/lib/python3.11/site-packages/airflow/example_dags/example_short_circuit_operator.py
[2023-08-15T21:53:56.654+0300] {processor.py:836} INFO - DAG(s) dict_keys(['example_short_circuit_operator']) retrieved from /mnt/kali/DataHunt/venv/lib/python3.11/site-packages/airflow/example_dags/example_short_circuit_operator.py
[2023-08-15T21:53:56.966+0300] {logging_mixin.py:150} INFO - [2023-08-15T21:53:56.965+0300] {dag.py:2742} INFO - Sync 1 DAGs
[2023-08-15T21:53:57.142+0300] {logging_mixin.py:150} INFO - [2023-08-15T21:53:57.141+0300] {dag.py:3504} INFO - Setting next_dagrun for example_short_circuit_operator to 2023-08-14T18:53:57.140860+00:00, run_after=2023-08-15T18:53:57.140860+00:00
[2023-08-15T21:53:57.356+0300] {processor.py:179} INFO - Processing /mnt/kali/DataHunt/venv/lib/python3.11/site-packages/airflow/example_dags/example_short_circuit_operator.py took 0.791 seconds
[2023-08-15T21:54:27.833+0300] {processor.py:157} INFO - Started process (PID=239999) to work on /mnt/kali/DataHunt/venv/lib/python3.11/site-packages/airflow/example_dags/example_short_circuit_operator.py
[2023-08-15T21:54:27.840+0300] {processor.py:826} INFO - Processing file /mnt/kali/DataHunt/venv/lib/python3.11/site-packages/airflow/example_dags/example_short_circuit_operator.py for tasks to queue
[2023-08-15T21:54:27.843+0300] {logging_mixin.py:150} INFO - [2023-08-15T21:54:27.841+0300] {dagbag.py:541} INFO - Filling up the DagBag from /mnt/kali/DataHunt/venv/lib/python3.11/site-packages/airflow/example_dags/example_short_circuit_operator.py
[2023-08-15T21:54:27.891+0300] {processor.py:836} INFO - DAG(s) dict_keys(['example_short_circuit_operator']) retrieved from /mnt/kali/DataHunt/venv/lib/python3.11/site-packages/airflow/example_dags/example_short_circuit_operator.py
[2023-08-15T21:54:28.125+0300] {logging_mixin.py:150} INFO - [2023-08-15T21:54:28.124+0300] {dag.py:2742} INFO - Sync 1 DAGs
[2023-08-15T21:54:28.241+0300] {logging_mixin.py:150} INFO - [2023-08-15T21:54:28.240+0300] {dag.py:3504} INFO - Setting next_dagrun for example_short_circuit_operator to 2023-08-14T18:54:28.238998+00:00, run_after=2023-08-15T18:54:28.238998+00:00
[2023-08-15T21:54:28.409+0300] {processor.py:179} INFO - Processing /mnt/kali/DataHunt/venv/lib/python3.11/site-packages/airflow/example_dags/example_short_circuit_operator.py took 0.598 seconds
[2023-08-15T21:54:59.495+0300] {processor.py:157} INFO - Started process (PID=240368) to work on /mnt/kali/DataHunt/venv/lib/python3.11/site-packages/airflow/example_dags/example_short_circuit_operator.py
[2023-08-15T21:54:59.511+0300] {processor.py:826} INFO - Processing file /mnt/kali/DataHunt/venv/lib/python3.11/site-packages/airflow/example_dags/example_short_circuit_operator.py for tasks to queue
[2023-08-15T21:54:59.514+0300] {logging_mixin.py:150} INFO - [2023-08-15T21:54:59.513+0300] {dagbag.py:541} INFO - Filling up the DagBag from /mnt/kali/DataHunt/venv/lib/python3.11/site-packages/airflow/example_dags/example_short_circuit_operator.py
[2023-08-15T21:54:59.588+0300] {processor.py:836} INFO - DAG(s) dict_keys(['example_short_circuit_operator']) retrieved from /mnt/kali/DataHunt/venv/lib/python3.11/site-packages/airflow/example_dags/example_short_circuit_operator.py
[2023-08-15T21:54:59.762+0300] {logging_mixin.py:150} INFO - [2023-08-15T21:54:59.761+0300] {dag.py:2742} INFO - Sync 1 DAGs
[2023-08-15T21:54:59.895+0300] {logging_mixin.py:150} INFO - [2023-08-15T21:54:59.894+0300] {dag.py:3504} INFO - Setting next_dagrun for example_short_circuit_operator to 2023-08-14T18:54:59.893596+00:00, run_after=2023-08-15T18:54:59.893596+00:00
[2023-08-15T21:55:00.094+0300] {processor.py:179} INFO - Processing /mnt/kali/DataHunt/venv/lib/python3.11/site-packages/airflow/example_dags/example_short_circuit_operator.py took 0.616 seconds
[2023-08-15T21:55:30.774+0300] {processor.py:157} INFO - Started process (PID=240809) to work on /mnt/kali/DataHunt/venv/lib/python3.11/site-packages/airflow/example_dags/example_short_circuit_operator.py
[2023-08-15T21:55:30.786+0300] {processor.py:826} INFO - Processing file /mnt/kali/DataHunt/venv/lib/python3.11/site-packages/airflow/example_dags/example_short_circuit_operator.py for tasks to queue
[2023-08-15T21:55:30.789+0300] {logging_mixin.py:150} INFO - [2023-08-15T21:55:30.788+0300] {dagbag.py:541} INFO - Filling up the DagBag from /mnt/kali/DataHunt/venv/lib/python3.11/site-packages/airflow/example_dags/example_short_circuit_operator.py
[2023-08-15T21:55:30.833+0300] {processor.py:836} INFO - DAG(s) dict_keys(['example_short_circuit_operator']) retrieved from /mnt/kali/DataHunt/venv/lib/python3.11/site-packages/airflow/example_dags/example_short_circuit_operator.py
[2023-08-15T21:55:31.195+0300] {logging_mixin.py:150} INFO - [2023-08-15T21:55:31.193+0300] {dag.py:2742} INFO - Sync 1 DAGs
[2023-08-15T21:55:31.705+0300] {logging_mixin.py:150} INFO - [2023-08-15T21:55:31.704+0300] {dag.py:3504} INFO - Setting next_dagrun for example_short_circuit_operator to 2023-08-14T18:55:31.703946+00:00, run_after=2023-08-15T18:55:31.703946+00:00
[2023-08-15T21:55:32.023+0300] {processor.py:179} INFO - Processing /mnt/kali/DataHunt/venv/lib/python3.11/site-packages/airflow/example_dags/example_short_circuit_operator.py took 1.284 seconds
[2023-08-15T21:56:02.799+0300] {processor.py:157} INFO - Started process (PID=241245) to work on /mnt/kali/DataHunt/venv/lib/python3.11/site-packages/airflow/example_dags/example_short_circuit_operator.py
[2023-08-15T21:56:02.939+0300] {processor.py:826} INFO - Processing file /mnt/kali/DataHunt/venv/lib/python3.11/site-packages/airflow/example_dags/example_short_circuit_operator.py for tasks to queue
[2023-08-15T21:56:02.943+0300] {logging_mixin.py:150} INFO - [2023-08-15T21:56:02.941+0300] {dagbag.py:541} INFO - Filling up the DagBag from /mnt/kali/DataHunt/venv/lib/python3.11/site-packages/airflow/example_dags/example_short_circuit_operator.py
[2023-08-15T21:56:03.050+0300] {processor.py:836} INFO - DAG(s) dict_keys(['example_short_circuit_operator']) retrieved from /mnt/kali/DataHunt/venv/lib/python3.11/site-packages/airflow/example_dags/example_short_circuit_operator.py
[2023-08-15T21:56:03.818+0300] {logging_mixin.py:150} INFO - [2023-08-15T21:56:03.817+0300] {dag.py:2742} INFO - Sync 1 DAGs
[2023-08-15T21:56:04.158+0300] {logging_mixin.py:150} INFO - [2023-08-15T21:56:04.157+0300] {dag.py:3504} INFO - Setting next_dagrun for example_short_circuit_operator to 2023-08-14T18:56:04.156440+00:00, run_after=2023-08-15T18:56:04.156440+00:00
[2023-08-15T21:56:04.356+0300] {processor.py:179} INFO - Processing /mnt/kali/DataHunt/venv/lib/python3.11/site-packages/airflow/example_dags/example_short_circuit_operator.py took 1.573 seconds
[2023-08-15T21:56:34.580+0300] {processor.py:157} INFO - Started process (PID=241823) to work on /mnt/kali/DataHunt/venv/lib/python3.11/site-packages/airflow/example_dags/example_short_circuit_operator.py
[2023-08-15T21:56:34.598+0300] {processor.py:826} INFO - Processing file /mnt/kali/DataHunt/venv/lib/python3.11/site-packages/airflow/example_dags/example_short_circuit_operator.py for tasks to queue
[2023-08-15T21:56:34.601+0300] {logging_mixin.py:150} INFO - [2023-08-15T21:56:34.599+0300] {dagbag.py:541} INFO - Filling up the DagBag from /mnt/kali/DataHunt/venv/lib/python3.11/site-packages/airflow/example_dags/example_short_circuit_operator.py
[2023-08-15T21:56:34.666+0300] {processor.py:836} INFO - DAG(s) dict_keys(['example_short_circuit_operator']) retrieved from /mnt/kali/DataHunt/venv/lib/python3.11/site-packages/airflow/example_dags/example_short_circuit_operator.py
[2023-08-15T21:56:34.956+0300] {logging_mixin.py:150} INFO - [2023-08-15T21:56:34.955+0300] {dag.py:2742} INFO - Sync 1 DAGs
[2023-08-15T21:56:35.345+0300] {logging_mixin.py:150} INFO - [2023-08-15T21:56:35.344+0300] {dag.py:3504} INFO - Setting next_dagrun for example_short_circuit_operator to 2023-08-14T18:56:35.344121+00:00, run_after=2023-08-15T18:56:35.344121+00:00
[2023-08-15T21:56:35.493+0300] {processor.py:179} INFO - Processing /mnt/kali/DataHunt/venv/lib/python3.11/site-packages/airflow/example_dags/example_short_circuit_operator.py took 0.927 seconds
[2023-08-15T21:57:05.987+0300] {processor.py:157} INFO - Started process (PID=242425) to work on /mnt/kali/DataHunt/venv/lib/python3.11/site-packages/airflow/example_dags/example_short_circuit_operator.py
[2023-08-15T21:57:06.007+0300] {processor.py:826} INFO - Processing file /mnt/kali/DataHunt/venv/lib/python3.11/site-packages/airflow/example_dags/example_short_circuit_operator.py for tasks to queue
[2023-08-15T21:57:06.009+0300] {logging_mixin.py:150} INFO - [2023-08-15T21:57:06.008+0300] {dagbag.py:541} INFO - Filling up the DagBag from /mnt/kali/DataHunt/venv/lib/python3.11/site-packages/airflow/example_dags/example_short_circuit_operator.py
[2023-08-15T21:57:06.038+0300] {processor.py:836} INFO - DAG(s) dict_keys(['example_short_circuit_operator']) retrieved from /mnt/kali/DataHunt/venv/lib/python3.11/site-packages/airflow/example_dags/example_short_circuit_operator.py
[2023-08-15T21:57:06.179+0300] {logging_mixin.py:150} INFO - [2023-08-15T21:57:06.178+0300] {dag.py:2742} INFO - Sync 1 DAGs
[2023-08-15T21:57:06.278+0300] {logging_mixin.py:150} INFO - [2023-08-15T21:57:06.277+0300] {dag.py:3504} INFO - Setting next_dagrun for example_short_circuit_operator to 2023-08-14T18:57:06.276949+00:00, run_after=2023-08-15T18:57:06.276949+00:00
[2023-08-15T21:57:06.348+0300] {processor.py:179} INFO - Processing /mnt/kali/DataHunt/venv/lib/python3.11/site-packages/airflow/example_dags/example_short_circuit_operator.py took 0.378 seconds
[2023-08-15T21:57:36.539+0300] {processor.py:157} INFO - Started process (PID=242910) to work on /mnt/kali/DataHunt/venv/lib/python3.11/site-packages/airflow/example_dags/example_short_circuit_operator.py
[2023-08-15T21:57:36.556+0300] {processor.py:826} INFO - Processing file /mnt/kali/DataHunt/venv/lib/python3.11/site-packages/airflow/example_dags/example_short_circuit_operator.py for tasks to queue
[2023-08-15T21:57:36.559+0300] {logging_mixin.py:150} INFO - [2023-08-15T21:57:36.558+0300] {dagbag.py:541} INFO - Filling up the DagBag from /mnt/kali/DataHunt/venv/lib/python3.11/site-packages/airflow/example_dags/example_short_circuit_operator.py
[2023-08-15T21:57:36.623+0300] {processor.py:836} INFO - DAG(s) dict_keys(['example_short_circuit_operator']) retrieved from /mnt/kali/DataHunt/venv/lib/python3.11/site-packages/airflow/example_dags/example_short_circuit_operator.py
[2023-08-15T21:57:36.767+0300] {logging_mixin.py:150} INFO - [2023-08-15T21:57:36.766+0300] {dag.py:2742} INFO - Sync 1 DAGs
[2023-08-15T21:57:36.852+0300] {logging_mixin.py:150} INFO - [2023-08-15T21:57:36.852+0300] {dag.py:3504} INFO - Setting next_dagrun for example_short_circuit_operator to 2023-08-14T18:57:36.851455+00:00, run_after=2023-08-15T18:57:36.851455+00:00
[2023-08-15T21:57:36.927+0300] {processor.py:179} INFO - Processing /mnt/kali/DataHunt/venv/lib/python3.11/site-packages/airflow/example_dags/example_short_circuit_operator.py took 0.414 seconds
