[2023-08-15T21:26:24.127+0300] {processor.py:157} INFO - Started process (PID=215035) to work on /mnt/kali/DataHunt/venv/lib/python3.11/site-packages/airflow/example_dags/example_branch_operator.py
[2023-08-15T21:26:24.130+0300] {processor.py:826} INFO - Processing file /mnt/kali/DataHunt/venv/lib/python3.11/site-packages/airflow/example_dags/example_branch_operator.py for tasks to queue
[2023-08-15T21:26:24.134+0300] {logging_mixin.py:150} INFO - [2023-08-15T21:26:24.132+0300] {dagbag.py:541} INFO - Filling up the DagBag from /mnt/kali/DataHunt/venv/lib/python3.11/site-packages/airflow/example_dags/example_branch_operator.py
[2023-08-15T21:26:24.184+0300] {processor.py:836} INFO - DAG(s) dict_keys(['example_branch_operator']) retrieved from /mnt/kali/DataHunt/venv/lib/python3.11/site-packages/airflow/example_dags/example_branch_operator.py
[2023-08-15T21:26:25.146+0300] {logging_mixin.py:150} INFO - [2023-08-15T21:26:25.145+0300] {manager.py:504} INFO - Created Permission View: can edit on DAG:example_branch_operator
[2023-08-15T21:26:25.324+0300] {logging_mixin.py:150} INFO - [2023-08-15T21:26:25.323+0300] {manager.py:504} INFO - Created Permission View: can delete on DAG:example_branch_operator
[2023-08-15T21:26:25.490+0300] {logging_mixin.py:150} INFO - [2023-08-15T21:26:25.490+0300] {manager.py:504} INFO - Created Permission View: can read on DAG:example_branch_operator
[2023-08-15T21:26:25.611+0300] {logging_mixin.py:150} INFO - [2023-08-15T21:26:25.611+0300] {dag.py:2742} INFO - Sync 1 DAGs
[2023-08-15T21:26:25.652+0300] {logging_mixin.py:150} INFO - [2023-08-15T21:26:25.652+0300] {dag.py:2763} INFO - Creating ORM DAG for example_branch_operator
[2023-08-15T21:26:25.700+0300] {logging_mixin.py:150} INFO - [2023-08-15T21:26:25.700+0300] {dag.py:3504} INFO - Setting next_dagrun for example_branch_operator to 2023-08-14T00:00:00+00:00, run_after=2023-08-15T00:00:00+00:00
[2023-08-15T21:26:25.914+0300] {processor.py:179} INFO - Processing /mnt/kali/DataHunt/venv/lib/python3.11/site-packages/airflow/example_dags/example_branch_operator.py took 1.805 seconds
[2023-08-15T21:29:42.695+0300] {processor.py:157} INFO - Started process (PID=217500) to work on /mnt/kali/DataHunt/venv/lib/python3.11/site-packages/airflow/example_dags/example_branch_operator.py
[2023-08-15T21:29:42.803+0300] {processor.py:826} INFO - Processing file /mnt/kali/DataHunt/venv/lib/python3.11/site-packages/airflow/example_dags/example_branch_operator.py for tasks to queue
[2023-08-15T21:29:42.807+0300] {logging_mixin.py:150} INFO - [2023-08-15T21:29:42.805+0300] {dagbag.py:541} INFO - Filling up the DagBag from /mnt/kali/DataHunt/venv/lib/python3.11/site-packages/airflow/example_dags/example_branch_operator.py
[2023-08-15T21:29:42.907+0300] {processor.py:836} INFO - DAG(s) dict_keys(['example_branch_operator']) retrieved from /mnt/kali/DataHunt/venv/lib/python3.11/site-packages/airflow/example_dags/example_branch_operator.py
[2023-08-15T21:29:43.145+0300] {logging_mixin.py:150} INFO - [2023-08-15T21:29:43.142+0300] {dag.py:2742} INFO - Sync 1 DAGs
[2023-08-15T21:29:43.495+0300] {logging_mixin.py:150} INFO - [2023-08-15T21:29:43.494+0300] {dag.py:3504} INFO - Setting next_dagrun for example_branch_operator to 2023-08-14T00:00:00+00:00, run_after=2023-08-15T00:00:00+00:00
[2023-08-15T21:29:43.946+0300] {processor.py:179} INFO - Processing /mnt/kali/DataHunt/venv/lib/python3.11/site-packages/airflow/example_dags/example_branch_operator.py took 1.267 seconds
[2023-08-15T21:47:43.175+0300] {processor.py:157} INFO - Started process (PID=233849) to work on /mnt/kali/DataHunt/venv/lib/python3.11/site-packages/airflow/example_dags/example_branch_operator.py
[2023-08-15T21:47:43.182+0300] {processor.py:826} INFO - Processing file /mnt/kali/DataHunt/venv/lib/python3.11/site-packages/airflow/example_dags/example_branch_operator.py for tasks to queue
[2023-08-15T21:47:43.185+0300] {logging_mixin.py:150} INFO - [2023-08-15T21:47:43.184+0300] {dagbag.py:541} INFO - Filling up the DagBag from /mnt/kali/DataHunt/venv/lib/python3.11/site-packages/airflow/example_dags/example_branch_operator.py
[2023-08-15T21:47:43.219+0300] {processor.py:836} INFO - DAG(s) dict_keys(['example_branch_operator']) retrieved from /mnt/kali/DataHunt/venv/lib/python3.11/site-packages/airflow/example_dags/example_branch_operator.py
[2023-08-15T21:47:43.640+0300] {logging_mixin.py:150} INFO - [2023-08-15T21:47:43.640+0300] {manager.py:504} INFO - Created Permission View: can read on DAG:example_branch_operator
[2023-08-15T21:47:43.707+0300] {logging_mixin.py:150} INFO - [2023-08-15T21:47:43.706+0300] {manager.py:504} INFO - Created Permission View: can delete on DAG:example_branch_operator
[2023-08-15T21:47:43.748+0300] {logging_mixin.py:150} INFO - [2023-08-15T21:47:43.747+0300] {manager.py:504} INFO - Created Permission View: can edit on DAG:example_branch_operator
[2023-08-15T21:47:43.791+0300] {logging_mixin.py:150} INFO - [2023-08-15T21:47:43.790+0300] {dag.py:2742} INFO - Sync 1 DAGs
[2023-08-15T21:47:43.820+0300] {logging_mixin.py:150} INFO - [2023-08-15T21:47:43.820+0300] {dag.py:2763} INFO - Creating ORM DAG for example_branch_operator
[2023-08-15T21:47:43.849+0300] {logging_mixin.py:150} INFO - [2023-08-15T21:47:43.849+0300] {dag.py:3504} INFO - Setting next_dagrun for example_branch_operator to 2023-08-14T00:00:00+00:00, run_after=2023-08-15T00:00:00+00:00
[2023-08-15T21:47:43.948+0300] {processor.py:179} INFO - Processing /mnt/kali/DataHunt/venv/lib/python3.11/site-packages/airflow/example_dags/example_branch_operator.py took 0.785 seconds
[2023-08-15T21:48:14.180+0300] {processor.py:157} INFO - Started process (PID=234247) to work on /mnt/kali/DataHunt/venv/lib/python3.11/site-packages/airflow/example_dags/example_branch_operator.py
[2023-08-15T21:48:14.183+0300] {processor.py:826} INFO - Processing file /mnt/kali/DataHunt/venv/lib/python3.11/site-packages/airflow/example_dags/example_branch_operator.py for tasks to queue
[2023-08-15T21:48:14.186+0300] {logging_mixin.py:150} INFO - [2023-08-15T21:48:14.185+0300] {dagbag.py:541} INFO - Filling up the DagBag from /mnt/kali/DataHunt/venv/lib/python3.11/site-packages/airflow/example_dags/example_branch_operator.py
[2023-08-15T21:48:14.226+0300] {processor.py:836} INFO - DAG(s) dict_keys(['example_branch_operator']) retrieved from /mnt/kali/DataHunt/venv/lib/python3.11/site-packages/airflow/example_dags/example_branch_operator.py
[2023-08-15T21:48:14.372+0300] {logging_mixin.py:150} INFO - [2023-08-15T21:48:14.371+0300] {dag.py:2742} INFO - Sync 1 DAGs
[2023-08-15T21:48:14.498+0300] {logging_mixin.py:150} INFO - [2023-08-15T21:48:14.498+0300] {dag.py:3504} INFO - Setting next_dagrun for example_branch_operator to 2023-08-14T00:00:00+00:00, run_after=2023-08-15T00:00:00+00:00
[2023-08-15T21:48:14.621+0300] {processor.py:179} INFO - Processing /mnt/kali/DataHunt/venv/lib/python3.11/site-packages/airflow/example_dags/example_branch_operator.py took 0.457 seconds
[2023-08-15T21:48:45.619+0300] {processor.py:157} INFO - Started process (PID=234874) to work on /mnt/kali/DataHunt/venv/lib/python3.11/site-packages/airflow/example_dags/example_branch_operator.py
[2023-08-15T21:48:45.631+0300] {processor.py:826} INFO - Processing file /mnt/kali/DataHunt/venv/lib/python3.11/site-packages/airflow/example_dags/example_branch_operator.py for tasks to queue
[2023-08-15T21:48:45.652+0300] {logging_mixin.py:150} INFO - [2023-08-15T21:48:45.651+0300] {dagbag.py:541} INFO - Filling up the DagBag from /mnt/kali/DataHunt/venv/lib/python3.11/site-packages/airflow/example_dags/example_branch_operator.py
[2023-08-15T21:48:45.704+0300] {processor.py:836} INFO - DAG(s) dict_keys(['example_branch_operator']) retrieved from /mnt/kali/DataHunt/venv/lib/python3.11/site-packages/airflow/example_dags/example_branch_operator.py
[2023-08-15T21:48:45.912+0300] {logging_mixin.py:150} INFO - [2023-08-15T21:48:45.911+0300] {dag.py:2742} INFO - Sync 1 DAGs
[2023-08-15T21:48:45.995+0300] {logging_mixin.py:150} INFO - [2023-08-15T21:48:45.995+0300] {dag.py:3504} INFO - Setting next_dagrun for example_branch_operator to 2023-08-14T00:00:00+00:00, run_after=2023-08-15T00:00:00+00:00
[2023-08-15T21:48:46.065+0300] {processor.py:179} INFO - Processing /mnt/kali/DataHunt/venv/lib/python3.11/site-packages/airflow/example_dags/example_branch_operator.py took 0.458 seconds
[2023-08-15T21:49:25.300+0300] {processor.py:157} INFO - Started process (PID=235515) to work on /mnt/kali/DataHunt/venv/lib/python3.11/site-packages/airflow/example_dags/example_branch_operator.py
[2023-08-15T21:49:25.327+0300] {processor.py:826} INFO - Processing file /mnt/kali/DataHunt/venv/lib/python3.11/site-packages/airflow/example_dags/example_branch_operator.py for tasks to queue
[2023-08-15T21:49:25.329+0300] {logging_mixin.py:150} INFO - [2023-08-15T21:49:25.328+0300] {dagbag.py:541} INFO - Filling up the DagBag from /mnt/kali/DataHunt/venv/lib/python3.11/site-packages/airflow/example_dags/example_branch_operator.py
[2023-08-15T21:49:25.362+0300] {processor.py:836} INFO - DAG(s) dict_keys(['example_branch_operator']) retrieved from /mnt/kali/DataHunt/venv/lib/python3.11/site-packages/airflow/example_dags/example_branch_operator.py
[2023-08-15T21:49:25.941+0300] {logging_mixin.py:150} INFO - [2023-08-15T21:49:25.940+0300] {dag.py:2742} INFO - Sync 1 DAGs
[2023-08-15T21:49:26.097+0300] {logging_mixin.py:150} INFO - [2023-08-15T21:49:26.097+0300] {dag.py:3504} INFO - Setting next_dagrun for example_branch_operator to 2023-08-14T00:00:00+00:00, run_after=2023-08-15T00:00:00+00:00
[2023-08-15T21:49:26.606+0300] {processor.py:179} INFO - Processing /mnt/kali/DataHunt/venv/lib/python3.11/site-packages/airflow/example_dags/example_branch_operator.py took 1.324 seconds
[2023-08-15T21:49:57.300+0300] {processor.py:157} INFO - Started process (PID=235890) to work on /mnt/kali/DataHunt/venv/lib/python3.11/site-packages/airflow/example_dags/example_branch_operator.py
[2023-08-15T21:49:57.303+0300] {processor.py:826} INFO - Processing file /mnt/kali/DataHunt/venv/lib/python3.11/site-packages/airflow/example_dags/example_branch_operator.py for tasks to queue
[2023-08-15T21:49:57.306+0300] {logging_mixin.py:150} INFO - [2023-08-15T21:49:57.305+0300] {dagbag.py:541} INFO - Filling up the DagBag from /mnt/kali/DataHunt/venv/lib/python3.11/site-packages/airflow/example_dags/example_branch_operator.py
[2023-08-15T21:49:57.343+0300] {processor.py:836} INFO - DAG(s) dict_keys(['example_branch_operator']) retrieved from /mnt/kali/DataHunt/venv/lib/python3.11/site-packages/airflow/example_dags/example_branch_operator.py
[2023-08-15T21:49:57.460+0300] {logging_mixin.py:150} INFO - [2023-08-15T21:49:57.460+0300] {dag.py:2742} INFO - Sync 1 DAGs
[2023-08-15T21:49:57.515+0300] {logging_mixin.py:150} INFO - [2023-08-15T21:49:57.515+0300] {dag.py:3504} INFO - Setting next_dagrun for example_branch_operator to 2023-08-14T00:00:00+00:00, run_after=2023-08-15T00:00:00+00:00
[2023-08-15T21:49:57.568+0300] {processor.py:179} INFO - Processing /mnt/kali/DataHunt/venv/lib/python3.11/site-packages/airflow/example_dags/example_branch_operator.py took 0.281 seconds
[2023-08-15T21:50:32.012+0300] {processor.py:157} INFO - Started process (PID=236304) to work on /mnt/kali/DataHunt/venv/lib/python3.11/site-packages/airflow/example_dags/example_branch_operator.py
[2023-08-15T21:50:32.017+0300] {processor.py:826} INFO - Processing file /mnt/kali/DataHunt/venv/lib/python3.11/site-packages/airflow/example_dags/example_branch_operator.py for tasks to queue
[2023-08-15T21:50:32.021+0300] {logging_mixin.py:150} INFO - [2023-08-15T21:50:32.019+0300] {dagbag.py:541} INFO - Filling up the DagBag from /mnt/kali/DataHunt/venv/lib/python3.11/site-packages/airflow/example_dags/example_branch_operator.py
[2023-08-15T21:50:32.184+0300] {processor.py:836} INFO - DAG(s) dict_keys(['example_branch_operator']) retrieved from /mnt/kali/DataHunt/venv/lib/python3.11/site-packages/airflow/example_dags/example_branch_operator.py
[2023-08-15T21:50:32.556+0300] {logging_mixin.py:150} INFO - [2023-08-15T21:50:32.555+0300] {dag.py:2742} INFO - Sync 1 DAGs
[2023-08-15T21:50:33.096+0300] {logging_mixin.py:150} INFO - [2023-08-15T21:50:33.095+0300] {dag.py:3504} INFO - Setting next_dagrun for example_branch_operator to 2023-08-14T00:00:00+00:00, run_after=2023-08-15T00:00:00+00:00
[2023-08-15T21:50:33.448+0300] {processor.py:179} INFO - Processing /mnt/kali/DataHunt/venv/lib/python3.11/site-packages/airflow/example_dags/example_branch_operator.py took 1.569 seconds
[2023-08-15T21:51:03.839+0300] {processor.py:157} INFO - Started process (PID=236740) to work on /mnt/kali/DataHunt/venv/lib/python3.11/site-packages/airflow/example_dags/example_branch_operator.py
[2023-08-15T21:51:03.845+0300] {processor.py:826} INFO - Processing file /mnt/kali/DataHunt/venv/lib/python3.11/site-packages/airflow/example_dags/example_branch_operator.py for tasks to queue
[2023-08-15T21:51:03.849+0300] {logging_mixin.py:150} INFO - [2023-08-15T21:51:03.847+0300] {dagbag.py:541} INFO - Filling up the DagBag from /mnt/kali/DataHunt/venv/lib/python3.11/site-packages/airflow/example_dags/example_branch_operator.py
[2023-08-15T21:51:03.914+0300] {processor.py:836} INFO - DAG(s) dict_keys(['example_branch_operator']) retrieved from /mnt/kali/DataHunt/venv/lib/python3.11/site-packages/airflow/example_dags/example_branch_operator.py
[2023-08-15T21:51:04.085+0300] {logging_mixin.py:150} INFO - [2023-08-15T21:51:04.084+0300] {dag.py:2742} INFO - Sync 1 DAGs
[2023-08-15T21:51:04.219+0300] {logging_mixin.py:150} INFO - [2023-08-15T21:51:04.219+0300] {dag.py:3504} INFO - Setting next_dagrun for example_branch_operator to 2023-08-14T00:00:00+00:00, run_after=2023-08-15T00:00:00+00:00
[2023-08-15T21:51:04.325+0300] {processor.py:179} INFO - Processing /mnt/kali/DataHunt/venv/lib/python3.11/site-packages/airflow/example_dags/example_branch_operator.py took 0.518 seconds
[2023-08-15T21:51:34.824+0300] {processor.py:157} INFO - Started process (PID=237318) to work on /mnt/kali/DataHunt/venv/lib/python3.11/site-packages/airflow/example_dags/example_branch_operator.py
[2023-08-15T21:51:34.826+0300] {processor.py:826} INFO - Processing file /mnt/kali/DataHunt/venv/lib/python3.11/site-packages/airflow/example_dags/example_branch_operator.py for tasks to queue
[2023-08-15T21:51:34.829+0300] {logging_mixin.py:150} INFO - [2023-08-15T21:51:34.828+0300] {dagbag.py:541} INFO - Filling up the DagBag from /mnt/kali/DataHunt/venv/lib/python3.11/site-packages/airflow/example_dags/example_branch_operator.py
[2023-08-15T21:51:34.867+0300] {processor.py:836} INFO - DAG(s) dict_keys(['example_branch_operator']) retrieved from /mnt/kali/DataHunt/venv/lib/python3.11/site-packages/airflow/example_dags/example_branch_operator.py
[2023-08-15T21:51:34.975+0300] {logging_mixin.py:150} INFO - [2023-08-15T21:51:34.974+0300] {dag.py:2742} INFO - Sync 1 DAGs
[2023-08-15T21:51:35.069+0300] {logging_mixin.py:150} INFO - [2023-08-15T21:51:35.069+0300] {dag.py:3504} INFO - Setting next_dagrun for example_branch_operator to 2023-08-14T00:00:00+00:00, run_after=2023-08-15T00:00:00+00:00
[2023-08-15T21:51:35.138+0300] {processor.py:179} INFO - Processing /mnt/kali/DataHunt/venv/lib/python3.11/site-packages/airflow/example_dags/example_branch_operator.py took 0.327 seconds
[2023-08-15T21:52:05.758+0300] {processor.py:157} INFO - Started process (PID=237877) to work on /mnt/kali/DataHunt/venv/lib/python3.11/site-packages/airflow/example_dags/example_branch_operator.py
[2023-08-15T21:52:05.780+0300] {processor.py:826} INFO - Processing file /mnt/kali/DataHunt/venv/lib/python3.11/site-packages/airflow/example_dags/example_branch_operator.py for tasks to queue
[2023-08-15T21:52:05.783+0300] {logging_mixin.py:150} INFO - [2023-08-15T21:52:05.782+0300] {dagbag.py:541} INFO - Filling up the DagBag from /mnt/kali/DataHunt/venv/lib/python3.11/site-packages/airflow/example_dags/example_branch_operator.py
[2023-08-15T21:52:05.824+0300] {processor.py:836} INFO - DAG(s) dict_keys(['example_branch_operator']) retrieved from /mnt/kali/DataHunt/venv/lib/python3.11/site-packages/airflow/example_dags/example_branch_operator.py
[2023-08-15T21:52:05.947+0300] {logging_mixin.py:150} INFO - [2023-08-15T21:52:05.947+0300] {dag.py:2742} INFO - Sync 1 DAGs
[2023-08-15T21:52:06.033+0300] {logging_mixin.py:150} INFO - [2023-08-15T21:52:06.032+0300] {dag.py:3504} INFO - Setting next_dagrun for example_branch_operator to 2023-08-14T00:00:00+00:00, run_after=2023-08-15T00:00:00+00:00
[2023-08-15T21:52:06.096+0300] {processor.py:179} INFO - Processing /mnt/kali/DataHunt/venv/lib/python3.11/site-packages/airflow/example_dags/example_branch_operator.py took 0.351 seconds
[2023-08-15T21:52:36.352+0300] {processor.py:157} INFO - Started process (PID=238266) to work on /mnt/kali/DataHunt/venv/lib/python3.11/site-packages/airflow/example_dags/example_branch_operator.py
[2023-08-15T21:52:36.355+0300] {processor.py:826} INFO - Processing file /mnt/kali/DataHunt/venv/lib/python3.11/site-packages/airflow/example_dags/example_branch_operator.py for tasks to queue
[2023-08-15T21:52:36.357+0300] {logging_mixin.py:150} INFO - [2023-08-15T21:52:36.356+0300] {dagbag.py:541} INFO - Filling up the DagBag from /mnt/kali/DataHunt/venv/lib/python3.11/site-packages/airflow/example_dags/example_branch_operator.py
[2023-08-15T21:52:36.395+0300] {processor.py:836} INFO - DAG(s) dict_keys(['example_branch_operator']) retrieved from /mnt/kali/DataHunt/venv/lib/python3.11/site-packages/airflow/example_dags/example_branch_operator.py
[2023-08-15T21:52:36.518+0300] {logging_mixin.py:150} INFO - [2023-08-15T21:52:36.518+0300] {dag.py:2742} INFO - Sync 1 DAGs
[2023-08-15T21:52:36.606+0300] {logging_mixin.py:150} INFO - [2023-08-15T21:52:36.605+0300] {dag.py:3504} INFO - Setting next_dagrun for example_branch_operator to 2023-08-14T00:00:00+00:00, run_after=2023-08-15T00:00:00+00:00
[2023-08-15T21:52:36.689+0300] {processor.py:179} INFO - Processing /mnt/kali/DataHunt/venv/lib/python3.11/site-packages/airflow/example_dags/example_branch_operator.py took 0.350 seconds
[2023-08-15T21:53:06.908+0300] {processor.py:157} INFO - Started process (PID=238647) to work on /mnt/kali/DataHunt/venv/lib/python3.11/site-packages/airflow/example_dags/example_branch_operator.py
[2023-08-15T21:53:06.916+0300] {processor.py:826} INFO - Processing file /mnt/kali/DataHunt/venv/lib/python3.11/site-packages/airflow/example_dags/example_branch_operator.py for tasks to queue
[2023-08-15T21:53:06.919+0300] {logging_mixin.py:150} INFO - [2023-08-15T21:53:06.918+0300] {dagbag.py:541} INFO - Filling up the DagBag from /mnt/kali/DataHunt/venv/lib/python3.11/site-packages/airflow/example_dags/example_branch_operator.py
[2023-08-15T21:53:06.955+0300] {processor.py:836} INFO - DAG(s) dict_keys(['example_branch_operator']) retrieved from /mnt/kali/DataHunt/venv/lib/python3.11/site-packages/airflow/example_dags/example_branch_operator.py
[2023-08-15T21:53:07.076+0300] {logging_mixin.py:150} INFO - [2023-08-15T21:53:07.075+0300] {dag.py:2742} INFO - Sync 1 DAGs
[2023-08-15T21:53:07.162+0300] {logging_mixin.py:150} INFO - [2023-08-15T21:53:07.162+0300] {dag.py:3504} INFO - Setting next_dagrun for example_branch_operator to 2023-08-14T00:00:00+00:00, run_after=2023-08-15T00:00:00+00:00
[2023-08-15T21:53:07.262+0300] {processor.py:179} INFO - Processing /mnt/kali/DataHunt/venv/lib/python3.11/site-packages/airflow/example_dags/example_branch_operator.py took 0.378 seconds
[2023-08-15T21:53:37.759+0300] {processor.py:157} INFO - Started process (PID=239204) to work on /mnt/kali/DataHunt/venv/lib/python3.11/site-packages/airflow/example_dags/example_branch_operator.py
[2023-08-15T21:53:37.797+0300] {processor.py:826} INFO - Processing file /mnt/kali/DataHunt/venv/lib/python3.11/site-packages/airflow/example_dags/example_branch_operator.py for tasks to queue
[2023-08-15T21:53:37.799+0300] {logging_mixin.py:150} INFO - [2023-08-15T21:53:37.798+0300] {dagbag.py:541} INFO - Filling up the DagBag from /mnt/kali/DataHunt/venv/lib/python3.11/site-packages/airflow/example_dags/example_branch_operator.py
[2023-08-15T21:53:37.844+0300] {processor.py:836} INFO - DAG(s) dict_keys(['example_branch_operator']) retrieved from /mnt/kali/DataHunt/venv/lib/python3.11/site-packages/airflow/example_dags/example_branch_operator.py
[2023-08-15T21:53:38.105+0300] {logging_mixin.py:150} INFO - [2023-08-15T21:53:38.105+0300] {dag.py:2742} INFO - Sync 1 DAGs
[2023-08-15T21:53:38.250+0300] {logging_mixin.py:150} INFO - [2023-08-15T21:53:38.249+0300] {dag.py:3504} INFO - Setting next_dagrun for example_branch_operator to 2023-08-14T00:00:00+00:00, run_after=2023-08-15T00:00:00+00:00
[2023-08-15T21:53:38.401+0300] {processor.py:179} INFO - Processing /mnt/kali/DataHunt/venv/lib/python3.11/site-packages/airflow/example_dags/example_branch_operator.py took 0.668 seconds
[2023-08-15T21:54:09.211+0300] {processor.py:157} INFO - Started process (PID=239816) to work on /mnt/kali/DataHunt/venv/lib/python3.11/site-packages/airflow/example_dags/example_branch_operator.py
[2023-08-15T21:54:09.213+0300] {processor.py:826} INFO - Processing file /mnt/kali/DataHunt/venv/lib/python3.11/site-packages/airflow/example_dags/example_branch_operator.py for tasks to queue
[2023-08-15T21:54:09.214+0300] {logging_mixin.py:150} INFO - [2023-08-15T21:54:09.214+0300] {dagbag.py:541} INFO - Filling up the DagBag from /mnt/kali/DataHunt/venv/lib/python3.11/site-packages/airflow/example_dags/example_branch_operator.py
[2023-08-15T21:54:09.242+0300] {processor.py:836} INFO - DAG(s) dict_keys(['example_branch_operator']) retrieved from /mnt/kali/DataHunt/venv/lib/python3.11/site-packages/airflow/example_dags/example_branch_operator.py
[2023-08-15T21:54:09.336+0300] {logging_mixin.py:150} INFO - [2023-08-15T21:54:09.335+0300] {dag.py:2742} INFO - Sync 1 DAGs
[2023-08-15T21:54:09.421+0300] {logging_mixin.py:150} INFO - [2023-08-15T21:54:09.420+0300] {dag.py:3504} INFO - Setting next_dagrun for example_branch_operator to 2023-08-14T00:00:00+00:00, run_after=2023-08-15T00:00:00+00:00
[2023-08-15T21:54:09.510+0300] {processor.py:179} INFO - Processing /mnt/kali/DataHunt/venv/lib/python3.11/site-packages/airflow/example_dags/example_branch_operator.py took 0.311 seconds
[2023-08-15T21:54:40.654+0300] {processor.py:157} INFO - Started process (PID=240197) to work on /mnt/kali/DataHunt/venv/lib/python3.11/site-packages/airflow/example_dags/example_branch_operator.py
[2023-08-15T21:54:40.657+0300] {processor.py:826} INFO - Processing file /mnt/kali/DataHunt/venv/lib/python3.11/site-packages/airflow/example_dags/example_branch_operator.py for tasks to queue
[2023-08-15T21:54:40.660+0300] {logging_mixin.py:150} INFO - [2023-08-15T21:54:40.659+0300] {dagbag.py:541} INFO - Filling up the DagBag from /mnt/kali/DataHunt/venv/lib/python3.11/site-packages/airflow/example_dags/example_branch_operator.py
[2023-08-15T21:54:40.699+0300] {processor.py:836} INFO - DAG(s) dict_keys(['example_branch_operator']) retrieved from /mnt/kali/DataHunt/venv/lib/python3.11/site-packages/airflow/example_dags/example_branch_operator.py
[2023-08-15T21:54:40.838+0300] {logging_mixin.py:150} INFO - [2023-08-15T21:54:40.838+0300] {dag.py:2742} INFO - Sync 1 DAGs
[2023-08-15T21:54:40.936+0300] {logging_mixin.py:150} INFO - [2023-08-15T21:54:40.935+0300] {dag.py:3504} INFO - Setting next_dagrun for example_branch_operator to 2023-08-14T00:00:00+00:00, run_after=2023-08-15T00:00:00+00:00
[2023-08-15T21:54:41.126+0300] {processor.py:179} INFO - Processing /mnt/kali/DataHunt/venv/lib/python3.11/site-packages/airflow/example_dags/example_branch_operator.py took 0.485 seconds
[2023-08-15T21:55:11.519+0300] {processor.py:157} INFO - Started process (PID=240581) to work on /mnt/kali/DataHunt/venv/lib/python3.11/site-packages/airflow/example_dags/example_branch_operator.py
[2023-08-15T21:55:11.525+0300] {processor.py:826} INFO - Processing file /mnt/kali/DataHunt/venv/lib/python3.11/site-packages/airflow/example_dags/example_branch_operator.py for tasks to queue
[2023-08-15T21:55:11.528+0300] {logging_mixin.py:150} INFO - [2023-08-15T21:55:11.527+0300] {dagbag.py:541} INFO - Filling up the DagBag from /mnt/kali/DataHunt/venv/lib/python3.11/site-packages/airflow/example_dags/example_branch_operator.py
[2023-08-15T21:55:11.589+0300] {processor.py:836} INFO - DAG(s) dict_keys(['example_branch_operator']) retrieved from /mnt/kali/DataHunt/venv/lib/python3.11/site-packages/airflow/example_dags/example_branch_operator.py
[2023-08-15T21:55:11.745+0300] {logging_mixin.py:150} INFO - [2023-08-15T21:55:11.745+0300] {dag.py:2742} INFO - Sync 1 DAGs
[2023-08-15T21:55:11.935+0300] {logging_mixin.py:150} INFO - [2023-08-15T21:55:11.934+0300] {dag.py:3504} INFO - Setting next_dagrun for example_branch_operator to 2023-08-14T00:00:00+00:00, run_after=2023-08-15T00:00:00+00:00
[2023-08-15T21:55:12.069+0300] {processor.py:179} INFO - Processing /mnt/kali/DataHunt/venv/lib/python3.11/site-packages/airflow/example_dags/example_branch_operator.py took 0.574 seconds
[2023-08-15T21:55:42.298+0300] {processor.py:157} INFO - Started process (PID=240975) to work on /mnt/kali/DataHunt/venv/lib/python3.11/site-packages/airflow/example_dags/example_branch_operator.py
[2023-08-15T21:55:42.300+0300] {processor.py:826} INFO - Processing file /mnt/kali/DataHunt/venv/lib/python3.11/site-packages/airflow/example_dags/example_branch_operator.py for tasks to queue
[2023-08-15T21:55:42.303+0300] {logging_mixin.py:150} INFO - [2023-08-15T21:55:42.302+0300] {dagbag.py:541} INFO - Filling up the DagBag from /mnt/kali/DataHunt/venv/lib/python3.11/site-packages/airflow/example_dags/example_branch_operator.py
[2023-08-15T21:55:42.345+0300] {processor.py:836} INFO - DAG(s) dict_keys(['example_branch_operator']) retrieved from /mnt/kali/DataHunt/venv/lib/python3.11/site-packages/airflow/example_dags/example_branch_operator.py
[2023-08-15T21:55:42.498+0300] {logging_mixin.py:150} INFO - [2023-08-15T21:55:42.498+0300] {dag.py:2742} INFO - Sync 1 DAGs
[2023-08-15T21:55:42.609+0300] {logging_mixin.py:150} INFO - [2023-08-15T21:55:42.608+0300] {dag.py:3504} INFO - Setting next_dagrun for example_branch_operator to 2023-08-14T00:00:00+00:00, run_after=2023-08-15T00:00:00+00:00
[2023-08-15T21:55:42.688+0300] {processor.py:179} INFO - Processing /mnt/kali/DataHunt/venv/lib/python3.11/site-packages/airflow/example_dags/example_branch_operator.py took 0.405 seconds
[2023-08-15T21:56:13.442+0300] {processor.py:157} INFO - Started process (PID=241525) to work on /mnt/kali/DataHunt/venv/lib/python3.11/site-packages/airflow/example_dags/example_branch_operator.py
[2023-08-15T21:56:13.446+0300] {processor.py:826} INFO - Processing file /mnt/kali/DataHunt/venv/lib/python3.11/site-packages/airflow/example_dags/example_branch_operator.py for tasks to queue
[2023-08-15T21:56:13.450+0300] {logging_mixin.py:150} INFO - [2023-08-15T21:56:13.448+0300] {dagbag.py:541} INFO - Filling up the DagBag from /mnt/kali/DataHunt/venv/lib/python3.11/site-packages/airflow/example_dags/example_branch_operator.py
[2023-08-15T21:56:13.499+0300] {processor.py:836} INFO - DAG(s) dict_keys(['example_branch_operator']) retrieved from /mnt/kali/DataHunt/venv/lib/python3.11/site-packages/airflow/example_dags/example_branch_operator.py
[2023-08-15T21:56:13.602+0300] {logging_mixin.py:150} INFO - [2023-08-15T21:56:13.602+0300] {dag.py:2742} INFO - Sync 1 DAGs
[2023-08-15T21:56:13.652+0300] {logging_mixin.py:150} INFO - [2023-08-15T21:56:13.652+0300] {dag.py:3504} INFO - Setting next_dagrun for example_branch_operator to 2023-08-14T00:00:00+00:00, run_after=2023-08-15T00:00:00+00:00
[2023-08-15T21:56:13.756+0300] {processor.py:179} INFO - Processing /mnt/kali/DataHunt/venv/lib/python3.11/site-packages/airflow/example_dags/example_branch_operator.py took 0.336 seconds
[2023-08-15T21:56:44.680+0300] {processor.py:157} INFO - Started process (PID=242165) to work on /mnt/kali/DataHunt/venv/lib/python3.11/site-packages/airflow/example_dags/example_branch_operator.py
[2023-08-15T21:56:44.701+0300] {processor.py:826} INFO - Processing file /mnt/kali/DataHunt/venv/lib/python3.11/site-packages/airflow/example_dags/example_branch_operator.py for tasks to queue
[2023-08-15T21:56:44.704+0300] {logging_mixin.py:150} INFO - [2023-08-15T21:56:44.703+0300] {dagbag.py:541} INFO - Filling up the DagBag from /mnt/kali/DataHunt/venv/lib/python3.11/site-packages/airflow/example_dags/example_branch_operator.py
[2023-08-15T21:56:44.745+0300] {processor.py:836} INFO - DAG(s) dict_keys(['example_branch_operator']) retrieved from /mnt/kali/DataHunt/venv/lib/python3.11/site-packages/airflow/example_dags/example_branch_operator.py
[2023-08-15T21:56:44.881+0300] {logging_mixin.py:150} INFO - [2023-08-15T21:56:44.881+0300] {dag.py:2742} INFO - Sync 1 DAGs
[2023-08-15T21:56:44.979+0300] {logging_mixin.py:150} INFO - [2023-08-15T21:56:44.979+0300] {dag.py:3504} INFO - Setting next_dagrun for example_branch_operator to 2023-08-14T00:00:00+00:00, run_after=2023-08-15T00:00:00+00:00
[2023-08-15T21:56:45.076+0300] {processor.py:179} INFO - Processing /mnt/kali/DataHunt/venv/lib/python3.11/site-packages/airflow/example_dags/example_branch_operator.py took 0.410 seconds
[2023-08-15T21:57:16.587+0300] {processor.py:157} INFO - Started process (PID=242632) to work on /mnt/kali/DataHunt/venv/lib/python3.11/site-packages/airflow/example_dags/example_branch_operator.py
[2023-08-15T21:57:16.601+0300] {processor.py:826} INFO - Processing file /mnt/kali/DataHunt/venv/lib/python3.11/site-packages/airflow/example_dags/example_branch_operator.py for tasks to queue
[2023-08-15T21:57:16.604+0300] {logging_mixin.py:150} INFO - [2023-08-15T21:57:16.603+0300] {dagbag.py:541} INFO - Filling up the DagBag from /mnt/kali/DataHunt/venv/lib/python3.11/site-packages/airflow/example_dags/example_branch_operator.py
[2023-08-15T21:57:16.652+0300] {processor.py:836} INFO - DAG(s) dict_keys(['example_branch_operator']) retrieved from /mnt/kali/DataHunt/venv/lib/python3.11/site-packages/airflow/example_dags/example_branch_operator.py
[2023-08-15T21:57:16.812+0300] {logging_mixin.py:150} INFO - [2023-08-15T21:57:16.812+0300] {dag.py:2742} INFO - Sync 1 DAGs
[2023-08-15T21:57:16.905+0300] {logging_mixin.py:150} INFO - [2023-08-15T21:57:16.904+0300] {dag.py:3504} INFO - Setting next_dagrun for example_branch_operator to 2023-08-14T00:00:00+00:00, run_after=2023-08-15T00:00:00+00:00
[2023-08-15T21:57:17.010+0300] {processor.py:179} INFO - Processing /mnt/kali/DataHunt/venv/lib/python3.11/site-packages/airflow/example_dags/example_branch_operator.py took 0.438 seconds
[2023-08-15T21:57:48.186+0300] {processor.py:157} INFO - Started process (PID=243089) to work on /mnt/kali/DataHunt/venv/lib/python3.11/site-packages/airflow/example_dags/example_branch_operator.py
[2023-08-15T21:57:48.198+0300] {processor.py:826} INFO - Processing file /mnt/kali/DataHunt/venv/lib/python3.11/site-packages/airflow/example_dags/example_branch_operator.py for tasks to queue
[2023-08-15T21:57:48.201+0300] {logging_mixin.py:150} INFO - [2023-08-15T21:57:48.200+0300] {dagbag.py:541} INFO - Filling up the DagBag from /mnt/kali/DataHunt/venv/lib/python3.11/site-packages/airflow/example_dags/example_branch_operator.py
[2023-08-15T21:57:48.271+0300] {processor.py:836} INFO - DAG(s) dict_keys(['example_branch_operator']) retrieved from /mnt/kali/DataHunt/venv/lib/python3.11/site-packages/airflow/example_dags/example_branch_operator.py
[2023-08-15T21:57:48.496+0300] {logging_mixin.py:150} INFO - [2023-08-15T21:57:48.496+0300] {dag.py:2742} INFO - Sync 1 DAGs
[2023-08-15T21:57:48.601+0300] {logging_mixin.py:150} INFO - [2023-08-15T21:57:48.601+0300] {dag.py:3504} INFO - Setting next_dagrun for example_branch_operator to 2023-08-14T00:00:00+00:00, run_after=2023-08-15T00:00:00+00:00
[2023-08-15T21:57:48.712+0300] {processor.py:179} INFO - Processing /mnt/kali/DataHunt/venv/lib/python3.11/site-packages/airflow/example_dags/example_branch_operator.py took 0.540 seconds
