[2023-08-15T21:26:42.511+0300] {processor.py:157} INFO - Started process (PID=215396) to work on /mnt/kali/DataHunt/venv/lib/python3.11/site-packages/airflow/example_dags/example_branch_operator_decorator.py
[2023-08-15T21:26:42.514+0300] {processor.py:826} INFO - Processing file /mnt/kali/DataHunt/venv/lib/python3.11/site-packages/airflow/example_dags/example_branch_operator_decorator.py for tasks to queue
[2023-08-15T21:26:42.518+0300] {logging_mixin.py:150} INFO - [2023-08-15T21:26:42.516+0300] {dagbag.py:541} INFO - Filling up the DagBag from /mnt/kali/DataHunt/venv/lib/python3.11/site-packages/airflow/example_dags/example_branch_operator_decorator.py
[2023-08-15T21:26:42.563+0300] {processor.py:836} INFO - DAG(s) dict_keys(['example_branch_python_operator_decorator']) retrieved from /mnt/kali/DataHunt/venv/lib/python3.11/site-packages/airflow/example_dags/example_branch_operator_decorator.py
[2023-08-15T21:26:43.179+0300] {logging_mixin.py:150} INFO - [2023-08-15T21:26:43.178+0300] {manager.py:504} INFO - Created Permission View: can edit on DAG:example_branch_python_operator_decorator
[2023-08-15T21:26:43.313+0300] {logging_mixin.py:150} INFO - [2023-08-15T21:26:43.312+0300] {manager.py:504} INFO - Created Permission View: can delete on DAG:example_branch_python_operator_decorator
[2023-08-15T21:26:43.412+0300] {logging_mixin.py:150} INFO - [2023-08-15T21:26:43.412+0300] {manager.py:504} INFO - Created Permission View: can read on DAG:example_branch_python_operator_decorator
[2023-08-15T21:26:43.505+0300] {logging_mixin.py:150} INFO - [2023-08-15T21:26:43.505+0300] {dag.py:2742} INFO - Sync 1 DAGs
[2023-08-15T21:26:43.543+0300] {logging_mixin.py:150} INFO - [2023-08-15T21:26:43.543+0300] {dag.py:2763} INFO - Creating ORM DAG for example_branch_python_operator_decorator
[2023-08-15T21:26:43.590+0300] {logging_mixin.py:150} INFO - [2023-08-15T21:26:43.590+0300] {dag.py:3504} INFO - Setting next_dagrun for example_branch_python_operator_decorator to 2023-08-14T00:00:00+00:00, run_after=2023-08-15T00:00:00+00:00
[2023-08-15T21:26:43.755+0300] {processor.py:179} INFO - Processing /mnt/kali/DataHunt/venv/lib/python3.11/site-packages/airflow/example_dags/example_branch_operator_decorator.py took 1.256 seconds
[2023-08-15T21:29:56.864+0300] {processor.py:157} INFO - Started process (PID=217686) to work on /mnt/kali/DataHunt/venv/lib/python3.11/site-packages/airflow/example_dags/example_branch_operator_decorator.py
[2023-08-15T21:29:56.868+0300] {processor.py:826} INFO - Processing file /mnt/kali/DataHunt/venv/lib/python3.11/site-packages/airflow/example_dags/example_branch_operator_decorator.py for tasks to queue
[2023-08-15T21:29:56.876+0300] {logging_mixin.py:150} INFO - [2023-08-15T21:29:56.875+0300] {dagbag.py:541} INFO - Filling up the DagBag from /mnt/kali/DataHunt/venv/lib/python3.11/site-packages/airflow/example_dags/example_branch_operator_decorator.py
[2023-08-15T21:29:57.011+0300] {processor.py:836} INFO - DAG(s) dict_keys(['example_branch_python_operator_decorator']) retrieved from /mnt/kali/DataHunt/venv/lib/python3.11/site-packages/airflow/example_dags/example_branch_operator_decorator.py
[2023-08-15T21:29:57.133+0300] {logging_mixin.py:150} INFO - [2023-08-15T21:29:57.133+0300] {dag.py:2742} INFO - Sync 1 DAGs
[2023-08-15T21:29:57.229+0300] {logging_mixin.py:150} INFO - [2023-08-15T21:29:57.228+0300] {dag.py:3504} INFO - Setting next_dagrun for example_branch_python_operator_decorator to 2023-08-14T00:00:00+00:00, run_after=2023-08-15T00:00:00+00:00
[2023-08-15T21:29:57.415+0300] {processor.py:179} INFO - Processing /mnt/kali/DataHunt/venv/lib/python3.11/site-packages/airflow/example_dags/example_branch_operator_decorator.py took 0.581 seconds
[2023-08-15T21:47:45.388+0300] {processor.py:157} INFO - Started process (PID=233862) to work on /mnt/kali/DataHunt/venv/lib/python3.11/site-packages/airflow/example_dags/example_branch_operator_decorator.py
[2023-08-15T21:47:45.399+0300] {processor.py:826} INFO - Processing file /mnt/kali/DataHunt/venv/lib/python3.11/site-packages/airflow/example_dags/example_branch_operator_decorator.py for tasks to queue
[2023-08-15T21:47:45.401+0300] {logging_mixin.py:150} INFO - [2023-08-15T21:47:45.400+0300] {dagbag.py:541} INFO - Filling up the DagBag from /mnt/kali/DataHunt/venv/lib/python3.11/site-packages/airflow/example_dags/example_branch_operator_decorator.py
[2023-08-15T21:47:45.521+0300] {processor.py:836} INFO - DAG(s) dict_keys(['example_branch_python_operator_decorator']) retrieved from /mnt/kali/DataHunt/venv/lib/python3.11/site-packages/airflow/example_dags/example_branch_operator_decorator.py
[2023-08-15T21:47:46.179+0300] {logging_mixin.py:150} INFO - [2023-08-15T21:47:46.178+0300] {manager.py:504} INFO - Created Permission View: can read on DAG:example_branch_python_operator_decorator
[2023-08-15T21:47:46.254+0300] {logging_mixin.py:150} INFO - [2023-08-15T21:47:46.254+0300] {manager.py:504} INFO - Created Permission View: can delete on DAG:example_branch_python_operator_decorator
[2023-08-15T21:47:46.287+0300] {logging_mixin.py:150} INFO - [2023-08-15T21:47:46.287+0300] {manager.py:504} INFO - Created Permission View: can edit on DAG:example_branch_python_operator_decorator
[2023-08-15T21:47:46.359+0300] {logging_mixin.py:150} INFO - [2023-08-15T21:47:46.358+0300] {dag.py:2742} INFO - Sync 1 DAGs
[2023-08-15T21:47:46.395+0300] {logging_mixin.py:150} INFO - [2023-08-15T21:47:46.395+0300] {dag.py:2763} INFO - Creating ORM DAG for example_branch_python_operator_decorator
[2023-08-15T21:47:46.438+0300] {logging_mixin.py:150} INFO - [2023-08-15T21:47:46.437+0300] {dag.py:3504} INFO - Setting next_dagrun for example_branch_python_operator_decorator to 2023-08-14T00:00:00+00:00, run_after=2023-08-15T00:00:00+00:00
[2023-08-15T21:47:46.512+0300] {processor.py:179} INFO - Processing /mnt/kali/DataHunt/venv/lib/python3.11/site-packages/airflow/example_dags/example_branch_operator_decorator.py took 1.144 seconds
[2023-08-15T21:48:17.024+0300] {processor.py:157} INFO - Started process (PID=234259) to work on /mnt/kali/DataHunt/venv/lib/python3.11/site-packages/airflow/example_dags/example_branch_operator_decorator.py
[2023-08-15T21:48:17.027+0300] {processor.py:826} INFO - Processing file /mnt/kali/DataHunt/venv/lib/python3.11/site-packages/airflow/example_dags/example_branch_operator_decorator.py for tasks to queue
[2023-08-15T21:48:17.030+0300] {logging_mixin.py:150} INFO - [2023-08-15T21:48:17.028+0300] {dagbag.py:541} INFO - Filling up the DagBag from /mnt/kali/DataHunt/venv/lib/python3.11/site-packages/airflow/example_dags/example_branch_operator_decorator.py
[2023-08-15T21:48:17.076+0300] {processor.py:836} INFO - DAG(s) dict_keys(['example_branch_python_operator_decorator']) retrieved from /mnt/kali/DataHunt/venv/lib/python3.11/site-packages/airflow/example_dags/example_branch_operator_decorator.py
[2023-08-15T21:48:17.206+0300] {logging_mixin.py:150} INFO - [2023-08-15T21:48:17.205+0300] {dag.py:2742} INFO - Sync 1 DAGs
[2023-08-15T21:48:17.300+0300] {logging_mixin.py:150} INFO - [2023-08-15T21:48:17.299+0300] {dag.py:3504} INFO - Setting next_dagrun for example_branch_python_operator_decorator to 2023-08-14T00:00:00+00:00, run_after=2023-08-15T00:00:00+00:00
[2023-08-15T21:48:17.432+0300] {processor.py:179} INFO - Processing /mnt/kali/DataHunt/venv/lib/python3.11/site-packages/airflow/example_dags/example_branch_operator_decorator.py took 0.424 seconds
[2023-08-15T21:48:47.605+0300] {processor.py:157} INFO - Started process (PID=234885) to work on /mnt/kali/DataHunt/venv/lib/python3.11/site-packages/airflow/example_dags/example_branch_operator_decorator.py
[2023-08-15T21:48:47.607+0300] {processor.py:826} INFO - Processing file /mnt/kali/DataHunt/venv/lib/python3.11/site-packages/airflow/example_dags/example_branch_operator_decorator.py for tasks to queue
[2023-08-15T21:48:47.609+0300] {logging_mixin.py:150} INFO - [2023-08-15T21:48:47.608+0300] {dagbag.py:541} INFO - Filling up the DagBag from /mnt/kali/DataHunt/venv/lib/python3.11/site-packages/airflow/example_dags/example_branch_operator_decorator.py
[2023-08-15T21:48:47.645+0300] {processor.py:836} INFO - DAG(s) dict_keys(['example_branch_python_operator_decorator']) retrieved from /mnt/kali/DataHunt/venv/lib/python3.11/site-packages/airflow/example_dags/example_branch_operator_decorator.py
[2023-08-15T21:48:47.727+0300] {logging_mixin.py:150} INFO - [2023-08-15T21:48:47.726+0300] {dag.py:2742} INFO - Sync 1 DAGs
[2023-08-15T21:48:47.804+0300] {logging_mixin.py:150} INFO - [2023-08-15T21:48:47.804+0300] {dag.py:3504} INFO - Setting next_dagrun for example_branch_python_operator_decorator to 2023-08-14T00:00:00+00:00, run_after=2023-08-15T00:00:00+00:00
[2023-08-15T21:48:47.883+0300] {processor.py:179} INFO - Processing /mnt/kali/DataHunt/venv/lib/python3.11/site-packages/airflow/example_dags/example_branch_operator_decorator.py took 0.287 seconds
[2023-08-15T21:49:27.432+0300] {processor.py:157} INFO - Started process (PID=235544) to work on /mnt/kali/DataHunt/venv/lib/python3.11/site-packages/airflow/example_dags/example_branch_operator_decorator.py
[2023-08-15T21:49:27.436+0300] {processor.py:826} INFO - Processing file /mnt/kali/DataHunt/venv/lib/python3.11/site-packages/airflow/example_dags/example_branch_operator_decorator.py for tasks to queue
[2023-08-15T21:49:27.448+0300] {logging_mixin.py:150} INFO - [2023-08-15T21:49:27.447+0300] {dagbag.py:541} INFO - Filling up the DagBag from /mnt/kali/DataHunt/venv/lib/python3.11/site-packages/airflow/example_dags/example_branch_operator_decorator.py
[2023-08-15T21:49:27.501+0300] {processor.py:836} INFO - DAG(s) dict_keys(['example_branch_python_operator_decorator']) retrieved from /mnt/kali/DataHunt/venv/lib/python3.11/site-packages/airflow/example_dags/example_branch_operator_decorator.py
[2023-08-15T21:49:28.035+0300] {logging_mixin.py:150} INFO - [2023-08-15T21:49:28.034+0300] {dag.py:2742} INFO - Sync 1 DAGs
[2023-08-15T21:49:28.177+0300] {logging_mixin.py:150} INFO - [2023-08-15T21:49:28.176+0300] {dag.py:3504} INFO - Setting next_dagrun for example_branch_python_operator_decorator to 2023-08-14T00:00:00+00:00, run_after=2023-08-15T00:00:00+00:00
[2023-08-15T21:49:28.255+0300] {processor.py:179} INFO - Processing /mnt/kali/DataHunt/venv/lib/python3.11/site-packages/airflow/example_dags/example_branch_operator_decorator.py took 0.840 seconds
[2023-08-15T21:49:59.311+0300] {processor.py:157} INFO - Started process (PID=235917) to work on /mnt/kali/DataHunt/venv/lib/python3.11/site-packages/airflow/example_dags/example_branch_operator_decorator.py
[2023-08-15T21:49:59.314+0300] {processor.py:826} INFO - Processing file /mnt/kali/DataHunt/venv/lib/python3.11/site-packages/airflow/example_dags/example_branch_operator_decorator.py for tasks to queue
[2023-08-15T21:49:59.322+0300] {logging_mixin.py:150} INFO - [2023-08-15T21:49:59.321+0300] {dagbag.py:541} INFO - Filling up the DagBag from /mnt/kali/DataHunt/venv/lib/python3.11/site-packages/airflow/example_dags/example_branch_operator_decorator.py
[2023-08-15T21:49:59.372+0300] {processor.py:836} INFO - DAG(s) dict_keys(['example_branch_python_operator_decorator']) retrieved from /mnt/kali/DataHunt/venv/lib/python3.11/site-packages/airflow/example_dags/example_branch_operator_decorator.py
[2023-08-15T21:49:59.527+0300] {logging_mixin.py:150} INFO - [2023-08-15T21:49:59.526+0300] {dag.py:2742} INFO - Sync 1 DAGs
[2023-08-15T21:49:59.644+0300] {logging_mixin.py:150} INFO - [2023-08-15T21:49:59.644+0300] {dag.py:3504} INFO - Setting next_dagrun for example_branch_python_operator_decorator to 2023-08-14T00:00:00+00:00, run_after=2023-08-15T00:00:00+00:00
[2023-08-15T21:49:59.724+0300] {processor.py:179} INFO - Processing /mnt/kali/DataHunt/venv/lib/python3.11/site-packages/airflow/example_dags/example_branch_operator_decorator.py took 0.429 seconds
[2023-08-15T21:50:42.019+0300] {processor.py:157} INFO - Started process (PID=236443) to work on /mnt/kali/DataHunt/venv/lib/python3.11/site-packages/airflow/example_dags/example_branch_operator_decorator.py
[2023-08-15T21:50:42.029+0300] {processor.py:826} INFO - Processing file /mnt/kali/DataHunt/venv/lib/python3.11/site-packages/airflow/example_dags/example_branch_operator_decorator.py for tasks to queue
[2023-08-15T21:50:42.032+0300] {logging_mixin.py:150} INFO - [2023-08-15T21:50:42.031+0300] {dagbag.py:541} INFO - Filling up the DagBag from /mnt/kali/DataHunt/venv/lib/python3.11/site-packages/airflow/example_dags/example_branch_operator_decorator.py
[2023-08-15T21:50:42.088+0300] {processor.py:836} INFO - DAG(s) dict_keys(['example_branch_python_operator_decorator']) retrieved from /mnt/kali/DataHunt/venv/lib/python3.11/site-packages/airflow/example_dags/example_branch_operator_decorator.py
[2023-08-15T21:50:42.479+0300] {logging_mixin.py:150} INFO - [2023-08-15T21:50:42.478+0300] {dag.py:2742} INFO - Sync 1 DAGs
[2023-08-15T21:50:42.598+0300] {logging_mixin.py:150} INFO - [2023-08-15T21:50:42.598+0300] {dag.py:3504} INFO - Setting next_dagrun for example_branch_python_operator_decorator to 2023-08-14T00:00:00+00:00, run_after=2023-08-15T00:00:00+00:00
[2023-08-15T21:50:42.792+0300] {processor.py:179} INFO - Processing /mnt/kali/DataHunt/venv/lib/python3.11/site-packages/airflow/example_dags/example_branch_operator_decorator.py took 0.790 seconds
[2023-08-15T21:51:13.079+0300] {processor.py:157} INFO - Started process (PID=236852) to work on /mnt/kali/DataHunt/venv/lib/python3.11/site-packages/airflow/example_dags/example_branch_operator_decorator.py
[2023-08-15T21:51:13.133+0300] {processor.py:826} INFO - Processing file /mnt/kali/DataHunt/venv/lib/python3.11/site-packages/airflow/example_dags/example_branch_operator_decorator.py for tasks to queue
[2023-08-15T21:51:13.136+0300] {logging_mixin.py:150} INFO - [2023-08-15T21:51:13.135+0300] {dagbag.py:541} INFO - Filling up the DagBag from /mnt/kali/DataHunt/venv/lib/python3.11/site-packages/airflow/example_dags/example_branch_operator_decorator.py
[2023-08-15T21:51:13.167+0300] {processor.py:836} INFO - DAG(s) dict_keys(['example_branch_python_operator_decorator']) retrieved from /mnt/kali/DataHunt/venv/lib/python3.11/site-packages/airflow/example_dags/example_branch_operator_decorator.py
[2023-08-15T21:51:13.469+0300] {logging_mixin.py:150} INFO - [2023-08-15T21:51:13.468+0300] {dag.py:2742} INFO - Sync 1 DAGs
[2023-08-15T21:51:13.559+0300] {logging_mixin.py:150} INFO - [2023-08-15T21:51:13.559+0300] {dag.py:3504} INFO - Setting next_dagrun for example_branch_python_operator_decorator to 2023-08-14T00:00:00+00:00, run_after=2023-08-15T00:00:00+00:00
[2023-08-15T21:51:13.650+0300] {processor.py:179} INFO - Processing /mnt/kali/DataHunt/venv/lib/python3.11/site-packages/airflow/example_dags/example_branch_operator_decorator.py took 0.582 seconds
[2023-08-15T21:51:43.991+0300] {processor.py:157} INFO - Started process (PID=237415) to work on /mnt/kali/DataHunt/venv/lib/python3.11/site-packages/airflow/example_dags/example_branch_operator_decorator.py
[2023-08-15T21:51:44.011+0300] {processor.py:826} INFO - Processing file /mnt/kali/DataHunt/venv/lib/python3.11/site-packages/airflow/example_dags/example_branch_operator_decorator.py for tasks to queue
[2023-08-15T21:51:44.013+0300] {logging_mixin.py:150} INFO - [2023-08-15T21:51:44.012+0300] {dagbag.py:541} INFO - Filling up the DagBag from /mnt/kali/DataHunt/venv/lib/python3.11/site-packages/airflow/example_dags/example_branch_operator_decorator.py
[2023-08-15T21:51:44.050+0300] {processor.py:836} INFO - DAG(s) dict_keys(['example_branch_python_operator_decorator']) retrieved from /mnt/kali/DataHunt/venv/lib/python3.11/site-packages/airflow/example_dags/example_branch_operator_decorator.py
[2023-08-15T21:51:44.135+0300] {logging_mixin.py:150} INFO - [2023-08-15T21:51:44.134+0300] {dag.py:2742} INFO - Sync 1 DAGs
[2023-08-15T21:51:44.198+0300] {logging_mixin.py:150} INFO - [2023-08-15T21:51:44.197+0300] {dag.py:3504} INFO - Setting next_dagrun for example_branch_python_operator_decorator to 2023-08-14T00:00:00+00:00, run_after=2023-08-15T00:00:00+00:00
[2023-08-15T21:51:44.266+0300] {processor.py:179} INFO - Processing /mnt/kali/DataHunt/venv/lib/python3.11/site-packages/airflow/example_dags/example_branch_operator_decorator.py took 0.284 seconds
[2023-08-15T21:52:14.939+0300] {processor.py:157} INFO - Started process (PID=237968) to work on /mnt/kali/DataHunt/venv/lib/python3.11/site-packages/airflow/example_dags/example_branch_operator_decorator.py
[2023-08-15T21:52:14.955+0300] {processor.py:826} INFO - Processing file /mnt/kali/DataHunt/venv/lib/python3.11/site-packages/airflow/example_dags/example_branch_operator_decorator.py for tasks to queue
[2023-08-15T21:52:14.957+0300] {logging_mixin.py:150} INFO - [2023-08-15T21:52:14.956+0300] {dagbag.py:541} INFO - Filling up the DagBag from /mnt/kali/DataHunt/venv/lib/python3.11/site-packages/airflow/example_dags/example_branch_operator_decorator.py
[2023-08-15T21:52:14.990+0300] {processor.py:836} INFO - DAG(s) dict_keys(['example_branch_python_operator_decorator']) retrieved from /mnt/kali/DataHunt/venv/lib/python3.11/site-packages/airflow/example_dags/example_branch_operator_decorator.py
[2023-08-15T21:52:15.075+0300] {logging_mixin.py:150} INFO - [2023-08-15T21:52:15.075+0300] {dag.py:2742} INFO - Sync 1 DAGs
[2023-08-15T21:52:15.142+0300] {logging_mixin.py:150} INFO - [2023-08-15T21:52:15.141+0300] {dag.py:3504} INFO - Setting next_dagrun for example_branch_python_operator_decorator to 2023-08-14T00:00:00+00:00, run_after=2023-08-15T00:00:00+00:00
[2023-08-15T21:52:15.191+0300] {processor.py:179} INFO - Processing /mnt/kali/DataHunt/venv/lib/python3.11/site-packages/airflow/example_dags/example_branch_operator_decorator.py took 0.261 seconds
[2023-08-15T21:52:45.691+0300] {processor.py:157} INFO - Started process (PID=238358) to work on /mnt/kali/DataHunt/venv/lib/python3.11/site-packages/airflow/example_dags/example_branch_operator_decorator.py
[2023-08-15T21:52:45.693+0300] {processor.py:826} INFO - Processing file /mnt/kali/DataHunt/venv/lib/python3.11/site-packages/airflow/example_dags/example_branch_operator_decorator.py for tasks to queue
[2023-08-15T21:52:45.695+0300] {logging_mixin.py:150} INFO - [2023-08-15T21:52:45.694+0300] {dagbag.py:541} INFO - Filling up the DagBag from /mnt/kali/DataHunt/venv/lib/python3.11/site-packages/airflow/example_dags/example_branch_operator_decorator.py
[2023-08-15T21:52:45.729+0300] {processor.py:836} INFO - DAG(s) dict_keys(['example_branch_python_operator_decorator']) retrieved from /mnt/kali/DataHunt/venv/lib/python3.11/site-packages/airflow/example_dags/example_branch_operator_decorator.py
[2023-08-15T21:52:45.834+0300] {logging_mixin.py:150} INFO - [2023-08-15T21:52:45.833+0300] {dag.py:2742} INFO - Sync 1 DAGs
[2023-08-15T21:52:45.933+0300] {logging_mixin.py:150} INFO - [2023-08-15T21:52:45.933+0300] {dag.py:3504} INFO - Setting next_dagrun for example_branch_python_operator_decorator to 2023-08-14T00:00:00+00:00, run_after=2023-08-15T00:00:00+00:00
[2023-08-15T21:52:45.995+0300] {processor.py:179} INFO - Processing /mnt/kali/DataHunt/venv/lib/python3.11/site-packages/airflow/example_dags/example_branch_operator_decorator.py took 0.317 seconds
[2023-08-15T21:53:16.391+0300] {processor.py:157} INFO - Started process (PID=238739) to work on /mnt/kali/DataHunt/venv/lib/python3.11/site-packages/airflow/example_dags/example_branch_operator_decorator.py
[2023-08-15T21:53:16.393+0300] {processor.py:826} INFO - Processing file /mnt/kali/DataHunt/venv/lib/python3.11/site-packages/airflow/example_dags/example_branch_operator_decorator.py for tasks to queue
[2023-08-15T21:53:16.396+0300] {logging_mixin.py:150} INFO - [2023-08-15T21:53:16.395+0300] {dagbag.py:541} INFO - Filling up the DagBag from /mnt/kali/DataHunt/venv/lib/python3.11/site-packages/airflow/example_dags/example_branch_operator_decorator.py
[2023-08-15T21:53:16.427+0300] {processor.py:836} INFO - DAG(s) dict_keys(['example_branch_python_operator_decorator']) retrieved from /mnt/kali/DataHunt/venv/lib/python3.11/site-packages/airflow/example_dags/example_branch_operator_decorator.py
[2023-08-15T21:53:16.540+0300] {logging_mixin.py:150} INFO - [2023-08-15T21:53:16.540+0300] {dag.py:2742} INFO - Sync 1 DAGs
[2023-08-15T21:53:16.633+0300] {logging_mixin.py:150} INFO - [2023-08-15T21:53:16.632+0300] {dag.py:3504} INFO - Setting next_dagrun for example_branch_python_operator_decorator to 2023-08-14T00:00:00+00:00, run_after=2023-08-15T00:00:00+00:00
[2023-08-15T21:53:16.692+0300] {processor.py:179} INFO - Processing /mnt/kali/DataHunt/venv/lib/python3.11/site-packages/airflow/example_dags/example_branch_operator_decorator.py took 0.314 seconds
[2023-08-15T21:53:47.299+0300] {processor.py:157} INFO - Started process (PID=239315) to work on /mnt/kali/DataHunt/venv/lib/python3.11/site-packages/airflow/example_dags/example_branch_operator_decorator.py
[2023-08-15T21:53:47.338+0300] {processor.py:826} INFO - Processing file /mnt/kali/DataHunt/venv/lib/python3.11/site-packages/airflow/example_dags/example_branch_operator_decorator.py for tasks to queue
[2023-08-15T21:53:47.343+0300] {logging_mixin.py:150} INFO - [2023-08-15T21:53:47.342+0300] {dagbag.py:541} INFO - Filling up the DagBag from /mnt/kali/DataHunt/venv/lib/python3.11/site-packages/airflow/example_dags/example_branch_operator_decorator.py
[2023-08-15T21:53:47.403+0300] {processor.py:836} INFO - DAG(s) dict_keys(['example_branch_python_operator_decorator']) retrieved from /mnt/kali/DataHunt/venv/lib/python3.11/site-packages/airflow/example_dags/example_branch_operator_decorator.py
[2023-08-15T21:53:47.603+0300] {logging_mixin.py:150} INFO - [2023-08-15T21:53:47.602+0300] {dag.py:2742} INFO - Sync 1 DAGs
[2023-08-15T21:53:47.823+0300] {logging_mixin.py:150} INFO - [2023-08-15T21:53:47.823+0300] {dag.py:3504} INFO - Setting next_dagrun for example_branch_python_operator_decorator to 2023-08-14T00:00:00+00:00, run_after=2023-08-15T00:00:00+00:00
[2023-08-15T21:53:47.916+0300] {processor.py:179} INFO - Processing /mnt/kali/DataHunt/venv/lib/python3.11/site-packages/airflow/example_dags/example_branch_operator_decorator.py took 0.653 seconds
[2023-08-15T21:54:18.557+0300] {processor.py:157} INFO - Started process (PID=239887) to work on /mnt/kali/DataHunt/venv/lib/python3.11/site-packages/airflow/example_dags/example_branch_operator_decorator.py
[2023-08-15T21:54:18.562+0300] {processor.py:826} INFO - Processing file /mnt/kali/DataHunt/venv/lib/python3.11/site-packages/airflow/example_dags/example_branch_operator_decorator.py for tasks to queue
[2023-08-15T21:54:18.565+0300] {logging_mixin.py:150} INFO - [2023-08-15T21:54:18.564+0300] {dagbag.py:541} INFO - Filling up the DagBag from /mnt/kali/DataHunt/venv/lib/python3.11/site-packages/airflow/example_dags/example_branch_operator_decorator.py
[2023-08-15T21:54:18.620+0300] {processor.py:836} INFO - DAG(s) dict_keys(['example_branch_python_operator_decorator']) retrieved from /mnt/kali/DataHunt/venv/lib/python3.11/site-packages/airflow/example_dags/example_branch_operator_decorator.py
[2023-08-15T21:54:18.801+0300] {logging_mixin.py:150} INFO - [2023-08-15T21:54:18.800+0300] {dag.py:2742} INFO - Sync 1 DAGs
[2023-08-15T21:54:18.918+0300] {logging_mixin.py:150} INFO - [2023-08-15T21:54:18.918+0300] {dag.py:3504} INFO - Setting next_dagrun for example_branch_python_operator_decorator to 2023-08-14T00:00:00+00:00, run_after=2023-08-15T00:00:00+00:00
[2023-08-15T21:54:19.124+0300] {processor.py:179} INFO - Processing /mnt/kali/DataHunt/venv/lib/python3.11/site-packages/airflow/example_dags/example_branch_operator_decorator.py took 0.591 seconds
[2023-08-15T21:54:49.570+0300] {processor.py:157} INFO - Started process (PID=240268) to work on /mnt/kali/DataHunt/venv/lib/python3.11/site-packages/airflow/example_dags/example_branch_operator_decorator.py
[2023-08-15T21:54:49.581+0300] {processor.py:826} INFO - Processing file /mnt/kali/DataHunt/venv/lib/python3.11/site-packages/airflow/example_dags/example_branch_operator_decorator.py for tasks to queue
[2023-08-15T21:54:49.585+0300] {logging_mixin.py:150} INFO - [2023-08-15T21:54:49.584+0300] {dagbag.py:541} INFO - Filling up the DagBag from /mnt/kali/DataHunt/venv/lib/python3.11/site-packages/airflow/example_dags/example_branch_operator_decorator.py
[2023-08-15T21:54:49.645+0300] {processor.py:836} INFO - DAG(s) dict_keys(['example_branch_python_operator_decorator']) retrieved from /mnt/kali/DataHunt/venv/lib/python3.11/site-packages/airflow/example_dags/example_branch_operator_decorator.py
[2023-08-15T21:54:49.971+0300] {logging_mixin.py:150} INFO - [2023-08-15T21:54:49.970+0300] {dag.py:2742} INFO - Sync 1 DAGs
[2023-08-15T21:54:50.121+0300] {logging_mixin.py:150} INFO - [2023-08-15T21:54:50.121+0300] {dag.py:3504} INFO - Setting next_dagrun for example_branch_python_operator_decorator to 2023-08-14T00:00:00+00:00, run_after=2023-08-15T00:00:00+00:00
[2023-08-15T21:54:50.222+0300] {processor.py:179} INFO - Processing /mnt/kali/DataHunt/venv/lib/python3.11/site-packages/airflow/example_dags/example_branch_operator_decorator.py took 0.668 seconds
[2023-08-15T21:55:20.555+0300] {processor.py:157} INFO - Started process (PID=240694) to work on /mnt/kali/DataHunt/venv/lib/python3.11/site-packages/airflow/example_dags/example_branch_operator_decorator.py
[2023-08-15T21:55:20.771+0300] {processor.py:826} INFO - Processing file /mnt/kali/DataHunt/venv/lib/python3.11/site-packages/airflow/example_dags/example_branch_operator_decorator.py for tasks to queue
[2023-08-15T21:55:20.778+0300] {logging_mixin.py:150} INFO - [2023-08-15T21:55:20.777+0300] {dagbag.py:541} INFO - Filling up the DagBag from /mnt/kali/DataHunt/venv/lib/python3.11/site-packages/airflow/example_dags/example_branch_operator_decorator.py
[2023-08-15T21:55:20.828+0300] {processor.py:836} INFO - DAG(s) dict_keys(['example_branch_python_operator_decorator']) retrieved from /mnt/kali/DataHunt/venv/lib/python3.11/site-packages/airflow/example_dags/example_branch_operator_decorator.py
[2023-08-15T21:55:20.953+0300] {logging_mixin.py:150} INFO - [2023-08-15T21:55:20.953+0300] {dag.py:2742} INFO - Sync 1 DAGs
[2023-08-15T21:55:21.025+0300] {logging_mixin.py:150} INFO - [2023-08-15T21:55:21.025+0300] {dag.py:3504} INFO - Setting next_dagrun for example_branch_python_operator_decorator to 2023-08-14T00:00:00+00:00, run_after=2023-08-15T00:00:00+00:00
[2023-08-15T21:55:21.185+0300] {processor.py:179} INFO - Processing /mnt/kali/DataHunt/venv/lib/python3.11/site-packages/airflow/example_dags/example_branch_operator_decorator.py took 0.641 seconds
[2023-08-15T21:55:51.305+0300] {processor.py:157} INFO - Started process (PID=241085) to work on /mnt/kali/DataHunt/venv/lib/python3.11/site-packages/airflow/example_dags/example_branch_operator_decorator.py
[2023-08-15T21:55:51.308+0300] {processor.py:826} INFO - Processing file /mnt/kali/DataHunt/venv/lib/python3.11/site-packages/airflow/example_dags/example_branch_operator_decorator.py for tasks to queue
[2023-08-15T21:55:51.310+0300] {logging_mixin.py:150} INFO - [2023-08-15T21:55:51.309+0300] {dagbag.py:541} INFO - Filling up the DagBag from /mnt/kali/DataHunt/venv/lib/python3.11/site-packages/airflow/example_dags/example_branch_operator_decorator.py
[2023-08-15T21:55:51.360+0300] {processor.py:836} INFO - DAG(s) dict_keys(['example_branch_python_operator_decorator']) retrieved from /mnt/kali/DataHunt/venv/lib/python3.11/site-packages/airflow/example_dags/example_branch_operator_decorator.py
[2023-08-15T21:55:51.610+0300] {logging_mixin.py:150} INFO - [2023-08-15T21:55:51.609+0300] {dag.py:2742} INFO - Sync 1 DAGs
[2023-08-15T21:55:51.834+0300] {logging_mixin.py:150} INFO - [2023-08-15T21:55:51.834+0300] {dag.py:3504} INFO - Setting next_dagrun for example_branch_python_operator_decorator to 2023-08-14T00:00:00+00:00, run_after=2023-08-15T00:00:00+00:00
[2023-08-15T21:55:52.534+0300] {processor.py:179} INFO - Processing /mnt/kali/DataHunt/venv/lib/python3.11/site-packages/airflow/example_dags/example_branch_operator_decorator.py took 1.250 seconds
[2023-08-15T21:56:23.315+0300] {processor.py:157} INFO - Started process (PID=241668) to work on /mnt/kali/DataHunt/venv/lib/python3.11/site-packages/airflow/example_dags/example_branch_operator_decorator.py
[2023-08-15T21:56:23.318+0300] {processor.py:826} INFO - Processing file /mnt/kali/DataHunt/venv/lib/python3.11/site-packages/airflow/example_dags/example_branch_operator_decorator.py for tasks to queue
[2023-08-15T21:56:23.321+0300] {logging_mixin.py:150} INFO - [2023-08-15T21:56:23.319+0300] {dagbag.py:541} INFO - Filling up the DagBag from /mnt/kali/DataHunt/venv/lib/python3.11/site-packages/airflow/example_dags/example_branch_operator_decorator.py
[2023-08-15T21:56:23.380+0300] {processor.py:836} INFO - DAG(s) dict_keys(['example_branch_python_operator_decorator']) retrieved from /mnt/kali/DataHunt/venv/lib/python3.11/site-packages/airflow/example_dags/example_branch_operator_decorator.py
[2023-08-15T21:56:23.570+0300] {logging_mixin.py:150} INFO - [2023-08-15T21:56:23.569+0300] {dag.py:2742} INFO - Sync 1 DAGs
[2023-08-15T21:56:23.712+0300] {logging_mixin.py:150} INFO - [2023-08-15T21:56:23.712+0300] {dag.py:3504} INFO - Setting next_dagrun for example_branch_python_operator_decorator to 2023-08-14T00:00:00+00:00, run_after=2023-08-15T00:00:00+00:00
[2023-08-15T21:56:23.819+0300] {processor.py:179} INFO - Processing /mnt/kali/DataHunt/venv/lib/python3.11/site-packages/airflow/example_dags/example_branch_operator_decorator.py took 0.519 seconds
[2023-08-15T21:56:54.386+0300] {processor.py:157} INFO - Started process (PID=242290) to work on /mnt/kali/DataHunt/venv/lib/python3.11/site-packages/airflow/example_dags/example_branch_operator_decorator.py
[2023-08-15T21:56:54.434+0300] {processor.py:826} INFO - Processing file /mnt/kali/DataHunt/venv/lib/python3.11/site-packages/airflow/example_dags/example_branch_operator_decorator.py for tasks to queue
[2023-08-15T21:56:54.437+0300] {logging_mixin.py:150} INFO - [2023-08-15T21:56:54.436+0300] {dagbag.py:541} INFO - Filling up the DagBag from /mnt/kali/DataHunt/venv/lib/python3.11/site-packages/airflow/example_dags/example_branch_operator_decorator.py
[2023-08-15T21:56:54.477+0300] {processor.py:836} INFO - DAG(s) dict_keys(['example_branch_python_operator_decorator']) retrieved from /mnt/kali/DataHunt/venv/lib/python3.11/site-packages/airflow/example_dags/example_branch_operator_decorator.py
[2023-08-15T21:56:54.616+0300] {logging_mixin.py:150} INFO - [2023-08-15T21:56:54.616+0300] {dag.py:2742} INFO - Sync 1 DAGs
[2023-08-15T21:56:54.723+0300] {logging_mixin.py:150} INFO - [2023-08-15T21:56:54.723+0300] {dag.py:3504} INFO - Setting next_dagrun for example_branch_python_operator_decorator to 2023-08-14T00:00:00+00:00, run_after=2023-08-15T00:00:00+00:00
[2023-08-15T21:56:54.798+0300] {processor.py:179} INFO - Processing /mnt/kali/DataHunt/venv/lib/python3.11/site-packages/airflow/example_dags/example_branch_operator_decorator.py took 0.426 seconds
[2023-08-15T21:57:25.495+0300] {processor.py:157} INFO - Started process (PID=242769) to work on /mnt/kali/DataHunt/venv/lib/python3.11/site-packages/airflow/example_dags/example_branch_operator_decorator.py
[2023-08-15T21:57:25.512+0300] {processor.py:826} INFO - Processing file /mnt/kali/DataHunt/venv/lib/python3.11/site-packages/airflow/example_dags/example_branch_operator_decorator.py for tasks to queue
[2023-08-15T21:57:25.516+0300] {logging_mixin.py:150} INFO - [2023-08-15T21:57:25.514+0300] {dagbag.py:541} INFO - Filling up the DagBag from /mnt/kali/DataHunt/venv/lib/python3.11/site-packages/airflow/example_dags/example_branch_operator_decorator.py
[2023-08-15T21:57:25.571+0300] {processor.py:836} INFO - DAG(s) dict_keys(['example_branch_python_operator_decorator']) retrieved from /mnt/kali/DataHunt/venv/lib/python3.11/site-packages/airflow/example_dags/example_branch_operator_decorator.py
[2023-08-15T21:57:25.724+0300] {logging_mixin.py:150} INFO - [2023-08-15T21:57:25.724+0300] {dag.py:2742} INFO - Sync 1 DAGs
[2023-08-15T21:57:25.812+0300] {logging_mixin.py:150} INFO - [2023-08-15T21:57:25.812+0300] {dag.py:3504} INFO - Setting next_dagrun for example_branch_python_operator_decorator to 2023-08-14T00:00:00+00:00, run_after=2023-08-15T00:00:00+00:00
[2023-08-15T21:57:25.884+0300] {processor.py:179} INFO - Processing /mnt/kali/DataHunt/venv/lib/python3.11/site-packages/airflow/example_dags/example_branch_operator_decorator.py took 0.422 seconds
[2023-08-15T21:57:56.416+0300] {processor.py:157} INFO - Started process (PID=243220) to work on /mnt/kali/DataHunt/venv/lib/python3.11/site-packages/airflow/example_dags/example_branch_operator_decorator.py
[2023-08-15T21:57:56.446+0300] {processor.py:826} INFO - Processing file /mnt/kali/DataHunt/venv/lib/python3.11/site-packages/airflow/example_dags/example_branch_operator_decorator.py for tasks to queue
[2023-08-15T21:57:56.449+0300] {logging_mixin.py:150} INFO - [2023-08-15T21:57:56.448+0300] {dagbag.py:541} INFO - Filling up the DagBag from /mnt/kali/DataHunt/venv/lib/python3.11/site-packages/airflow/example_dags/example_branch_operator_decorator.py
[2023-08-15T21:57:56.506+0300] {processor.py:836} INFO - DAG(s) dict_keys(['example_branch_python_operator_decorator']) retrieved from /mnt/kali/DataHunt/venv/lib/python3.11/site-packages/airflow/example_dags/example_branch_operator_decorator.py
[2023-08-15T21:57:56.691+0300] {logging_mixin.py:150} INFO - [2023-08-15T21:57:56.690+0300] {dag.py:2742} INFO - Sync 1 DAGs
[2023-08-15T21:57:56.833+0300] {logging_mixin.py:150} INFO - [2023-08-15T21:57:56.828+0300] {dag.py:3504} INFO - Setting next_dagrun for example_branch_python_operator_decorator to 2023-08-14T00:00:00+00:00, run_after=2023-08-15T00:00:00+00:00
[2023-08-15T21:57:56.921+0300] {processor.py:179} INFO - Processing /mnt/kali/DataHunt/venv/lib/python3.11/site-packages/airflow/example_dags/example_branch_operator_decorator.py took 0.520 seconds
