[2023-08-15T21:25:06.262+0300] {processor.py:157} INFO - Started process (PID=214256) to work on /mnt/kali/DataHunt/venv/lib/python3.11/site-packages/airflow/example_dags/example_params_trigger_ui.py
[2023-08-15T21:25:06.278+0300] {processor.py:826} INFO - Processing file /mnt/kali/DataHunt/venv/lib/python3.11/site-packages/airflow/example_dags/example_params_trigger_ui.py for tasks to queue
[2023-08-15T21:25:06.281+0300] {logging_mixin.py:150} INFO - [2023-08-15T21:25:06.280+0300] {dagbag.py:541} INFO - Filling up the DagBag from /mnt/kali/DataHunt/venv/lib/python3.11/site-packages/airflow/example_dags/example_params_trigger_ui.py
[2023-08-15T21:25:06.357+0300] {processor.py:836} INFO - DAG(s) dict_keys(['example_params_trigger_ui']) retrieved from /mnt/kali/DataHunt/venv/lib/python3.11/site-packages/airflow/example_dags/example_params_trigger_ui.py
[2023-08-15T21:25:14.111+0300] {logging_mixin.py:150} INFO - [2023-08-15T21:25:14.110+0300] {manager.py:504} INFO - Created Permission View: can edit on DAG:example_params_trigger_ui
[2023-08-15T21:25:17.780+0300] {logging_mixin.py:150} INFO - [2023-08-15T21:25:17.780+0300] {manager.py:504} INFO - Created Permission View: can delete on DAG:example_params_trigger_ui
[2023-08-15T21:25:18.125+0300] {logging_mixin.py:150} INFO - [2023-08-15T21:25:18.124+0300] {manager.py:504} INFO - Created Permission View: can read on DAG:example_params_trigger_ui
[2023-08-15T21:25:18.157+0300] {logging_mixin.py:150} INFO - [2023-08-15T21:25:18.157+0300] {dag.py:2742} INFO - Sync 1 DAGs
[2023-08-15T21:25:18.387+0300] {logging_mixin.py:150} INFO - [2023-08-15T21:25:18.384+0300] {dag.py:2763} INFO - Creating ORM DAG for example_params_trigger_ui
[2023-08-15T21:25:18.457+0300] {logging_mixin.py:150} INFO - [2023-08-15T21:25:18.456+0300] {dag.py:3504} INFO - Setting next_dagrun for example_params_trigger_ui to None, run_after=None
[2023-08-15T21:25:18.931+0300] {processor.py:179} INFO - Processing /mnt/kali/DataHunt/venv/lib/python3.11/site-packages/airflow/example_dags/example_params_trigger_ui.py took 12.691 seconds
[2023-08-15T21:27:38.929+0300] {processor.py:157} INFO - Started process (PID=215980) to work on /mnt/kali/DataHunt/venv/lib/python3.11/site-packages/airflow/example_dags/example_params_trigger_ui.py
[2023-08-15T21:27:38.985+0300] {processor.py:826} INFO - Processing file /mnt/kali/DataHunt/venv/lib/python3.11/site-packages/airflow/example_dags/example_params_trigger_ui.py for tasks to queue
[2023-08-15T21:27:38.995+0300] {logging_mixin.py:150} INFO - [2023-08-15T21:27:38.994+0300] {dagbag.py:541} INFO - Filling up the DagBag from /mnt/kali/DataHunt/venv/lib/python3.11/site-packages/airflow/example_dags/example_params_trigger_ui.py
[2023-08-15T21:27:39.162+0300] {processor.py:836} INFO - DAG(s) dict_keys(['example_params_trigger_ui']) retrieved from /mnt/kali/DataHunt/venv/lib/python3.11/site-packages/airflow/example_dags/example_params_trigger_ui.py
[2023-08-15T21:27:39.430+0300] {logging_mixin.py:150} INFO - [2023-08-15T21:27:39.429+0300] {dag.py:2742} INFO - Sync 1 DAGs
[2023-08-15T21:27:39.509+0300] {logging_mixin.py:150} INFO - [2023-08-15T21:27:39.509+0300] {dag.py:3504} INFO - Setting next_dagrun for example_params_trigger_ui to None, run_after=None
[2023-08-15T21:27:39.974+0300] {processor.py:179} INFO - Processing /mnt/kali/DataHunt/venv/lib/python3.11/site-packages/airflow/example_dags/example_params_trigger_ui.py took 1.101 seconds
[2023-08-15T21:29:19.283+0300] {processor.py:157} INFO - Started process (PID=217293) to work on /mnt/kali/DataHunt/venv/lib/python3.11/site-packages/airflow/example_dags/example_params_trigger_ui.py
[2023-08-15T21:29:19.297+0300] {processor.py:826} INFO - Processing file /mnt/kali/DataHunt/venv/lib/python3.11/site-packages/airflow/example_dags/example_params_trigger_ui.py for tasks to queue
[2023-08-15T21:29:19.300+0300] {logging_mixin.py:150} INFO - [2023-08-15T21:29:19.299+0300] {dagbag.py:541} INFO - Filling up the DagBag from /mnt/kali/DataHunt/venv/lib/python3.11/site-packages/airflow/example_dags/example_params_trigger_ui.py
[2023-08-15T21:29:19.457+0300] {processor.py:836} INFO - DAG(s) dict_keys(['example_params_trigger_ui']) retrieved from /mnt/kali/DataHunt/venv/lib/python3.11/site-packages/airflow/example_dags/example_params_trigger_ui.py
[2023-08-15T21:29:19.677+0300] {logging_mixin.py:150} INFO - [2023-08-15T21:29:19.675+0300] {dag.py:2742} INFO - Sync 1 DAGs
[2023-08-15T21:29:19.855+0300] {logging_mixin.py:150} INFO - [2023-08-15T21:29:19.854+0300] {dag.py:3504} INFO - Setting next_dagrun for example_params_trigger_ui to None, run_after=None
[2023-08-15T21:29:20.186+0300] {processor.py:179} INFO - Processing /mnt/kali/DataHunt/venv/lib/python3.11/site-packages/airflow/example_dags/example_params_trigger_ui.py took 0.922 seconds
[2023-08-15T21:47:30.599+0300] {processor.py:157} INFO - Started process (PID=233725) to work on /mnt/kali/DataHunt/venv/lib/python3.11/site-packages/airflow/example_dags/example_params_trigger_ui.py
[2023-08-15T21:47:30.659+0300] {processor.py:826} INFO - Processing file /mnt/kali/DataHunt/venv/lib/python3.11/site-packages/airflow/example_dags/example_params_trigger_ui.py for tasks to queue
[2023-08-15T21:47:30.663+0300] {logging_mixin.py:150} INFO - [2023-08-15T21:47:30.661+0300] {dagbag.py:541} INFO - Filling up the DagBag from /mnt/kali/DataHunt/venv/lib/python3.11/site-packages/airflow/example_dags/example_params_trigger_ui.py
[2023-08-15T21:47:30.758+0300] {processor.py:836} INFO - DAG(s) dict_keys(['example_params_trigger_ui']) retrieved from /mnt/kali/DataHunt/venv/lib/python3.11/site-packages/airflow/example_dags/example_params_trigger_ui.py
[2023-08-15T21:47:31.664+0300] {logging_mixin.py:150} INFO - [2023-08-15T21:47:31.663+0300] {manager.py:504} INFO - Created Permission View: can read on DAG:example_params_trigger_ui
[2023-08-15T21:47:31.831+0300] {logging_mixin.py:150} INFO - [2023-08-15T21:47:31.830+0300] {manager.py:504} INFO - Created Permission View: can delete on DAG:example_params_trigger_ui
[2023-08-15T21:47:31.898+0300] {logging_mixin.py:150} INFO - [2023-08-15T21:47:31.897+0300] {manager.py:504} INFO - Created Permission View: can edit on DAG:example_params_trigger_ui
[2023-08-15T21:47:31.944+0300] {logging_mixin.py:150} INFO - [2023-08-15T21:47:31.943+0300] {dag.py:2742} INFO - Sync 1 DAGs
[2023-08-15T21:47:31.974+0300] {logging_mixin.py:150} INFO - [2023-08-15T21:47:31.973+0300] {dag.py:2763} INFO - Creating ORM DAG for example_params_trigger_ui
[2023-08-15T21:47:32.023+0300] {logging_mixin.py:150} INFO - [2023-08-15T21:47:32.023+0300] {dag.py:3504} INFO - Setting next_dagrun for example_params_trigger_ui to None, run_after=None
[2023-08-15T21:47:32.091+0300] {processor.py:179} INFO - Processing /mnt/kali/DataHunt/venv/lib/python3.11/site-packages/airflow/example_dags/example_params_trigger_ui.py took 1.505 seconds
[2023-08-15T21:48:02.709+0300] {processor.py:157} INFO - Started process (PID=234111) to work on /mnt/kali/DataHunt/venv/lib/python3.11/site-packages/airflow/example_dags/example_params_trigger_ui.py
[2023-08-15T21:48:02.711+0300] {processor.py:826} INFO - Processing file /mnt/kali/DataHunt/venv/lib/python3.11/site-packages/airflow/example_dags/example_params_trigger_ui.py for tasks to queue
[2023-08-15T21:48:02.713+0300] {logging_mixin.py:150} INFO - [2023-08-15T21:48:02.713+0300] {dagbag.py:541} INFO - Filling up the DagBag from /mnt/kali/DataHunt/venv/lib/python3.11/site-packages/airflow/example_dags/example_params_trigger_ui.py
[2023-08-15T21:48:02.763+0300] {processor.py:836} INFO - DAG(s) dict_keys(['example_params_trigger_ui']) retrieved from /mnt/kali/DataHunt/venv/lib/python3.11/site-packages/airflow/example_dags/example_params_trigger_ui.py
[2023-08-15T21:48:02.915+0300] {logging_mixin.py:150} INFO - [2023-08-15T21:48:02.915+0300] {dag.py:2742} INFO - Sync 1 DAGs
[2023-08-15T21:48:02.985+0300] {logging_mixin.py:150} INFO - [2023-08-15T21:48:02.984+0300] {dag.py:3504} INFO - Setting next_dagrun for example_params_trigger_ui to None, run_after=None
[2023-08-15T21:48:03.044+0300] {processor.py:179} INFO - Processing /mnt/kali/DataHunt/venv/lib/python3.11/site-packages/airflow/example_dags/example_params_trigger_ui.py took 0.345 seconds
[2023-08-15T21:48:33.490+0300] {processor.py:157} INFO - Started process (PID=234590) to work on /mnt/kali/DataHunt/venv/lib/python3.11/site-packages/airflow/example_dags/example_params_trigger_ui.py
[2023-08-15T21:48:33.493+0300] {processor.py:826} INFO - Processing file /mnt/kali/DataHunt/venv/lib/python3.11/site-packages/airflow/example_dags/example_params_trigger_ui.py for tasks to queue
[2023-08-15T21:48:33.523+0300] {logging_mixin.py:150} INFO - [2023-08-15T21:48:33.522+0300] {dagbag.py:541} INFO - Filling up the DagBag from /mnt/kali/DataHunt/venv/lib/python3.11/site-packages/airflow/example_dags/example_params_trigger_ui.py
[2023-08-15T21:48:33.581+0300] {processor.py:836} INFO - DAG(s) dict_keys(['example_params_trigger_ui']) retrieved from /mnt/kali/DataHunt/venv/lib/python3.11/site-packages/airflow/example_dags/example_params_trigger_ui.py
[2023-08-15T21:48:33.761+0300] {logging_mixin.py:150} INFO - [2023-08-15T21:48:33.760+0300] {dag.py:2742} INFO - Sync 1 DAGs
[2023-08-15T21:48:33.817+0300] {logging_mixin.py:150} INFO - [2023-08-15T21:48:33.817+0300] {dag.py:3504} INFO - Setting next_dagrun for example_params_trigger_ui to None, run_after=None
[2023-08-15T21:48:34.098+0300] {processor.py:179} INFO - Processing /mnt/kali/DataHunt/venv/lib/python3.11/site-packages/airflow/example_dags/example_params_trigger_ui.py took 0.622 seconds
[2023-08-15T21:49:05.034+0300] {processor.py:157} INFO - Started process (PID=235078) to work on /mnt/kali/DataHunt/venv/lib/python3.11/site-packages/airflow/example_dags/example_params_trigger_ui.py
[2023-08-15T21:49:05.051+0300] {processor.py:826} INFO - Processing file /mnt/kali/DataHunt/venv/lib/python3.11/site-packages/airflow/example_dags/example_params_trigger_ui.py for tasks to queue
[2023-08-15T21:49:05.055+0300] {logging_mixin.py:150} INFO - [2023-08-15T21:49:05.053+0300] {dagbag.py:541} INFO - Filling up the DagBag from /mnt/kali/DataHunt/venv/lib/python3.11/site-packages/airflow/example_dags/example_params_trigger_ui.py
[2023-08-15T21:49:05.146+0300] {processor.py:836} INFO - DAG(s) dict_keys(['example_params_trigger_ui']) retrieved from /mnt/kali/DataHunt/venv/lib/python3.11/site-packages/airflow/example_dags/example_params_trigger_ui.py
[2023-08-15T21:49:05.583+0300] {logging_mixin.py:150} INFO - [2023-08-15T21:49:05.582+0300] {dag.py:2742} INFO - Sync 1 DAGs
[2023-08-15T21:49:06.603+0300] {logging_mixin.py:150} INFO - [2023-08-15T21:49:06.600+0300] {dag.py:3504} INFO - Setting next_dagrun for example_params_trigger_ui to None, run_after=None
[2023-08-15T21:49:07.017+0300] {processor.py:179} INFO - Processing /mnt/kali/DataHunt/venv/lib/python3.11/site-packages/airflow/example_dags/example_params_trigger_ui.py took 1.998 seconds
[2023-08-15T21:49:38.975+0300] {processor.py:157} INFO - Started process (PID=235664) to work on /mnt/kali/DataHunt/venv/lib/python3.11/site-packages/airflow/example_dags/example_params_trigger_ui.py
[2023-08-15T21:49:38.978+0300] {processor.py:826} INFO - Processing file /mnt/kali/DataHunt/venv/lib/python3.11/site-packages/airflow/example_dags/example_params_trigger_ui.py for tasks to queue
[2023-08-15T21:49:38.981+0300] {logging_mixin.py:150} INFO - [2023-08-15T21:49:38.980+0300] {dagbag.py:541} INFO - Filling up the DagBag from /mnt/kali/DataHunt/venv/lib/python3.11/site-packages/airflow/example_dags/example_params_trigger_ui.py
[2023-08-15T21:49:39.042+0300] {processor.py:836} INFO - DAG(s) dict_keys(['example_params_trigger_ui']) retrieved from /mnt/kali/DataHunt/venv/lib/python3.11/site-packages/airflow/example_dags/example_params_trigger_ui.py
[2023-08-15T21:49:39.279+0300] {logging_mixin.py:150} INFO - [2023-08-15T21:49:39.278+0300] {dag.py:2742} INFO - Sync 1 DAGs
[2023-08-15T21:49:39.361+0300] {logging_mixin.py:150} INFO - [2023-08-15T21:49:39.360+0300] {dag.py:3504} INFO - Setting next_dagrun for example_params_trigger_ui to None, run_after=None
[2023-08-15T21:49:39.487+0300] {processor.py:179} INFO - Processing /mnt/kali/DataHunt/venv/lib/python3.11/site-packages/airflow/example_dags/example_params_trigger_ui.py took 0.521 seconds
[2023-08-15T21:50:09.801+0300] {processor.py:157} INFO - Started process (PID=236032) to work on /mnt/kali/DataHunt/venv/lib/python3.11/site-packages/airflow/example_dags/example_params_trigger_ui.py
[2023-08-15T21:50:09.812+0300] {processor.py:826} INFO - Processing file /mnt/kali/DataHunt/venv/lib/python3.11/site-packages/airflow/example_dags/example_params_trigger_ui.py for tasks to queue
[2023-08-15T21:50:09.815+0300] {logging_mixin.py:150} INFO - [2023-08-15T21:50:09.814+0300] {dagbag.py:541} INFO - Filling up the DagBag from /mnt/kali/DataHunt/venv/lib/python3.11/site-packages/airflow/example_dags/example_params_trigger_ui.py
[2023-08-15T21:50:09.888+0300] {processor.py:836} INFO - DAG(s) dict_keys(['example_params_trigger_ui']) retrieved from /mnt/kali/DataHunt/venv/lib/python3.11/site-packages/airflow/example_dags/example_params_trigger_ui.py
[2023-08-15T21:50:10.148+0300] {logging_mixin.py:150} INFO - [2023-08-15T21:50:10.148+0300] {dag.py:2742} INFO - Sync 1 DAGs
[2023-08-15T21:50:10.365+0300] {logging_mixin.py:150} INFO - [2023-08-15T21:50:10.354+0300] {dag.py:3504} INFO - Setting next_dagrun for example_params_trigger_ui to None, run_after=None
[2023-08-15T21:50:10.486+0300] {processor.py:179} INFO - Processing /mnt/kali/DataHunt/venv/lib/python3.11/site-packages/airflow/example_dags/example_params_trigger_ui.py took 0.700 seconds
[2023-08-15T21:50:47.229+0300] {processor.py:157} INFO - Started process (PID=236507) to work on /mnt/kali/DataHunt/venv/lib/python3.11/site-packages/airflow/example_dags/example_params_trigger_ui.py
[2023-08-15T21:50:47.247+0300] {processor.py:826} INFO - Processing file /mnt/kali/DataHunt/venv/lib/python3.11/site-packages/airflow/example_dags/example_params_trigger_ui.py for tasks to queue
[2023-08-15T21:50:47.250+0300] {logging_mixin.py:150} INFO - [2023-08-15T21:50:47.248+0300] {dagbag.py:541} INFO - Filling up the DagBag from /mnt/kali/DataHunt/venv/lib/python3.11/site-packages/airflow/example_dags/example_params_trigger_ui.py
[2023-08-15T21:50:47.356+0300] {processor.py:836} INFO - DAG(s) dict_keys(['example_params_trigger_ui']) retrieved from /mnt/kali/DataHunt/venv/lib/python3.11/site-packages/airflow/example_dags/example_params_trigger_ui.py
[2023-08-15T21:50:47.688+0300] {logging_mixin.py:150} INFO - [2023-08-15T21:50:47.687+0300] {dag.py:2742} INFO - Sync 1 DAGs
[2023-08-15T21:50:47.812+0300] {logging_mixin.py:150} INFO - [2023-08-15T21:50:47.811+0300] {dag.py:3504} INFO - Setting next_dagrun for example_params_trigger_ui to None, run_after=None
[2023-08-15T21:50:48.048+0300] {processor.py:179} INFO - Processing /mnt/kali/DataHunt/venv/lib/python3.11/site-packages/airflow/example_dags/example_params_trigger_ui.py took 0.831 seconds
[2023-08-15T21:51:18.745+0300] {processor.py:157} INFO - Started process (PID=236915) to work on /mnt/kali/DataHunt/venv/lib/python3.11/site-packages/airflow/example_dags/example_params_trigger_ui.py
[2023-08-15T21:51:18.747+0300] {processor.py:826} INFO - Processing file /mnt/kali/DataHunt/venv/lib/python3.11/site-packages/airflow/example_dags/example_params_trigger_ui.py for tasks to queue
[2023-08-15T21:51:18.749+0300] {logging_mixin.py:150} INFO - [2023-08-15T21:51:18.748+0300] {dagbag.py:541} INFO - Filling up the DagBag from /mnt/kali/DataHunt/venv/lib/python3.11/site-packages/airflow/example_dags/example_params_trigger_ui.py
[2023-08-15T21:51:18.801+0300] {processor.py:836} INFO - DAG(s) dict_keys(['example_params_trigger_ui']) retrieved from /mnt/kali/DataHunt/venv/lib/python3.11/site-packages/airflow/example_dags/example_params_trigger_ui.py
[2023-08-15T21:51:18.987+0300] {logging_mixin.py:150} INFO - [2023-08-15T21:51:18.987+0300] {dag.py:2742} INFO - Sync 1 DAGs
[2023-08-15T21:51:19.067+0300] {logging_mixin.py:150} INFO - [2023-08-15T21:51:19.067+0300] {dag.py:3504} INFO - Setting next_dagrun for example_params_trigger_ui to None, run_after=None
[2023-08-15T21:51:19.134+0300] {processor.py:179} INFO - Processing /mnt/kali/DataHunt/venv/lib/python3.11/site-packages/airflow/example_dags/example_params_trigger_ui.py took 0.398 seconds
[2023-08-15T21:51:50.053+0300] {processor.py:157} INFO - Started process (PID=237522) to work on /mnt/kali/DataHunt/venv/lib/python3.11/site-packages/airflow/example_dags/example_params_trigger_ui.py
[2023-08-15T21:51:50.079+0300] {processor.py:826} INFO - Processing file /mnt/kali/DataHunt/venv/lib/python3.11/site-packages/airflow/example_dags/example_params_trigger_ui.py for tasks to queue
[2023-08-15T21:51:50.081+0300] {logging_mixin.py:150} INFO - [2023-08-15T21:51:50.080+0300] {dagbag.py:541} INFO - Filling up the DagBag from /mnt/kali/DataHunt/venv/lib/python3.11/site-packages/airflow/example_dags/example_params_trigger_ui.py
[2023-08-15T21:51:50.178+0300] {processor.py:836} INFO - DAG(s) dict_keys(['example_params_trigger_ui']) retrieved from /mnt/kali/DataHunt/venv/lib/python3.11/site-packages/airflow/example_dags/example_params_trigger_ui.py
[2023-08-15T21:51:50.471+0300] {logging_mixin.py:150} INFO - [2023-08-15T21:51:50.470+0300] {dag.py:2742} INFO - Sync 1 DAGs
[2023-08-15T21:51:50.545+0300] {logging_mixin.py:150} INFO - [2023-08-15T21:51:50.545+0300] {dag.py:3504} INFO - Setting next_dagrun for example_params_trigger_ui to None, run_after=None
[2023-08-15T21:51:50.633+0300] {processor.py:179} INFO - Processing /mnt/kali/DataHunt/venv/lib/python3.11/site-packages/airflow/example_dags/example_params_trigger_ui.py took 0.590 seconds
[2023-08-15T21:52:20.715+0300] {processor.py:157} INFO - Started process (PID=238016) to work on /mnt/kali/DataHunt/venv/lib/python3.11/site-packages/airflow/example_dags/example_params_trigger_ui.py
[2023-08-15T21:52:20.717+0300] {processor.py:826} INFO - Processing file /mnt/kali/DataHunt/venv/lib/python3.11/site-packages/airflow/example_dags/example_params_trigger_ui.py for tasks to queue
[2023-08-15T21:52:20.718+0300] {logging_mixin.py:150} INFO - [2023-08-15T21:52:20.718+0300] {dagbag.py:541} INFO - Filling up the DagBag from /mnt/kali/DataHunt/venv/lib/python3.11/site-packages/airflow/example_dags/example_params_trigger_ui.py
[2023-08-15T21:52:20.755+0300] {processor.py:836} INFO - DAG(s) dict_keys(['example_params_trigger_ui']) retrieved from /mnt/kali/DataHunt/venv/lib/python3.11/site-packages/airflow/example_dags/example_params_trigger_ui.py
[2023-08-15T21:52:20.855+0300] {logging_mixin.py:150} INFO - [2023-08-15T21:52:20.855+0300] {dag.py:2742} INFO - Sync 1 DAGs
[2023-08-15T21:52:20.893+0300] {logging_mixin.py:150} INFO - [2023-08-15T21:52:20.893+0300] {dag.py:3504} INFO - Setting next_dagrun for example_params_trigger_ui to None, run_after=None
[2023-08-15T21:52:21.048+0300] {processor.py:179} INFO - Processing /mnt/kali/DataHunt/venv/lib/python3.11/site-packages/airflow/example_dags/example_params_trigger_ui.py took 0.340 seconds
[2023-08-15T21:52:51.300+0300] {processor.py:157} INFO - Started process (PID=238403) to work on /mnt/kali/DataHunt/venv/lib/python3.11/site-packages/airflow/example_dags/example_params_trigger_ui.py
[2023-08-15T21:52:51.310+0300] {processor.py:826} INFO - Processing file /mnt/kali/DataHunt/venv/lib/python3.11/site-packages/airflow/example_dags/example_params_trigger_ui.py for tasks to queue
[2023-08-15T21:52:51.312+0300] {logging_mixin.py:150} INFO - [2023-08-15T21:52:51.312+0300] {dagbag.py:541} INFO - Filling up the DagBag from /mnt/kali/DataHunt/venv/lib/python3.11/site-packages/airflow/example_dags/example_params_trigger_ui.py
[2023-08-15T21:52:51.354+0300] {processor.py:836} INFO - DAG(s) dict_keys(['example_params_trigger_ui']) retrieved from /mnt/kali/DataHunt/venv/lib/python3.11/site-packages/airflow/example_dags/example_params_trigger_ui.py
[2023-08-15T21:52:51.477+0300] {logging_mixin.py:150} INFO - [2023-08-15T21:52:51.477+0300] {dag.py:2742} INFO - Sync 1 DAGs
[2023-08-15T21:52:51.517+0300] {logging_mixin.py:150} INFO - [2023-08-15T21:52:51.517+0300] {dag.py:3504} INFO - Setting next_dagrun for example_params_trigger_ui to None, run_after=None
[2023-08-15T21:52:51.566+0300] {processor.py:179} INFO - Processing /mnt/kali/DataHunt/venv/lib/python3.11/site-packages/airflow/example_dags/example_params_trigger_ui.py took 0.276 seconds
[2023-08-15T21:53:22.683+0300] {processor.py:157} INFO - Started process (PID=238845) to work on /mnt/kali/DataHunt/venv/lib/python3.11/site-packages/airflow/example_dags/example_params_trigger_ui.py
[2023-08-15T21:53:22.771+0300] {processor.py:826} INFO - Processing file /mnt/kali/DataHunt/venv/lib/python3.11/site-packages/airflow/example_dags/example_params_trigger_ui.py for tasks to queue
[2023-08-15T21:53:22.774+0300] {logging_mixin.py:150} INFO - [2023-08-15T21:53:22.773+0300] {dagbag.py:541} INFO - Filling up the DagBag from /mnt/kali/DataHunt/venv/lib/python3.11/site-packages/airflow/example_dags/example_params_trigger_ui.py
[2023-08-15T21:53:22.843+0300] {processor.py:836} INFO - DAG(s) dict_keys(['example_params_trigger_ui']) retrieved from /mnt/kali/DataHunt/venv/lib/python3.11/site-packages/airflow/example_dags/example_params_trigger_ui.py
[2023-08-15T21:53:23.144+0300] {logging_mixin.py:150} INFO - [2023-08-15T21:53:23.144+0300] {dag.py:2742} INFO - Sync 1 DAGs
[2023-08-15T21:53:23.281+0300] {logging_mixin.py:150} INFO - [2023-08-15T21:53:23.281+0300] {dag.py:3504} INFO - Setting next_dagrun for example_params_trigger_ui to None, run_after=None
[2023-08-15T21:53:23.401+0300] {processor.py:179} INFO - Processing /mnt/kali/DataHunt/venv/lib/python3.11/site-packages/airflow/example_dags/example_params_trigger_ui.py took 0.735 seconds
[2023-08-15T21:53:54.845+0300] {processor.py:157} INFO - Started process (PID=239387) to work on /mnt/kali/DataHunt/venv/lib/python3.11/site-packages/airflow/example_dags/example_params_trigger_ui.py
[2023-08-15T21:53:54.875+0300] {processor.py:826} INFO - Processing file /mnt/kali/DataHunt/venv/lib/python3.11/site-packages/airflow/example_dags/example_params_trigger_ui.py for tasks to queue
[2023-08-15T21:53:54.878+0300] {logging_mixin.py:150} INFO - [2023-08-15T21:53:54.877+0300] {dagbag.py:541} INFO - Filling up the DagBag from /mnt/kali/DataHunt/venv/lib/python3.11/site-packages/airflow/example_dags/example_params_trigger_ui.py
[2023-08-15T21:53:55.088+0300] {processor.py:836} INFO - DAG(s) dict_keys(['example_params_trigger_ui']) retrieved from /mnt/kali/DataHunt/venv/lib/python3.11/site-packages/airflow/example_dags/example_params_trigger_ui.py
[2023-08-15T21:53:55.816+0300] {logging_mixin.py:150} INFO - [2023-08-15T21:53:55.815+0300] {dag.py:2742} INFO - Sync 1 DAGs
[2023-08-15T21:53:55.940+0300] {logging_mixin.py:150} INFO - [2023-08-15T21:53:55.940+0300] {dag.py:3504} INFO - Setting next_dagrun for example_params_trigger_ui to None, run_after=None
[2023-08-15T21:53:56.207+0300] {processor.py:179} INFO - Processing /mnt/kali/DataHunt/venv/lib/python3.11/site-packages/airflow/example_dags/example_params_trigger_ui.py took 1.404 seconds
[2023-08-15T21:54:26.637+0300] {processor.py:157} INFO - Started process (PID=239976) to work on /mnt/kali/DataHunt/venv/lib/python3.11/site-packages/airflow/example_dags/example_params_trigger_ui.py
[2023-08-15T21:54:26.682+0300] {processor.py:826} INFO - Processing file /mnt/kali/DataHunt/venv/lib/python3.11/site-packages/airflow/example_dags/example_params_trigger_ui.py for tasks to queue
[2023-08-15T21:54:26.685+0300] {logging_mixin.py:150} INFO - [2023-08-15T21:54:26.684+0300] {dagbag.py:541} INFO - Filling up the DagBag from /mnt/kali/DataHunt/venv/lib/python3.11/site-packages/airflow/example_dags/example_params_trigger_ui.py
[2023-08-15T21:54:26.796+0300] {processor.py:836} INFO - DAG(s) dict_keys(['example_params_trigger_ui']) retrieved from /mnt/kali/DataHunt/venv/lib/python3.11/site-packages/airflow/example_dags/example_params_trigger_ui.py
[2023-08-15T21:54:27.055+0300] {logging_mixin.py:150} INFO - [2023-08-15T21:54:27.054+0300] {dag.py:2742} INFO - Sync 1 DAGs
[2023-08-15T21:54:27.150+0300] {logging_mixin.py:150} INFO - [2023-08-15T21:54:27.149+0300] {dag.py:3504} INFO - Setting next_dagrun for example_params_trigger_ui to None, run_after=None
[2023-08-15T21:54:27.286+0300] {processor.py:179} INFO - Processing /mnt/kali/DataHunt/venv/lib/python3.11/site-packages/airflow/example_dags/example_params_trigger_ui.py took 0.674 seconds
[2023-08-15T21:54:57.784+0300] {processor.py:157} INFO - Started process (PID=240356) to work on /mnt/kali/DataHunt/venv/lib/python3.11/site-packages/airflow/example_dags/example_params_trigger_ui.py
[2023-08-15T21:54:57.803+0300] {processor.py:826} INFO - Processing file /mnt/kali/DataHunt/venv/lib/python3.11/site-packages/airflow/example_dags/example_params_trigger_ui.py for tasks to queue
[2023-08-15T21:54:57.814+0300] {logging_mixin.py:150} INFO - [2023-08-15T21:54:57.805+0300] {dagbag.py:541} INFO - Filling up the DagBag from /mnt/kali/DataHunt/venv/lib/python3.11/site-packages/airflow/example_dags/example_params_trigger_ui.py
[2023-08-15T21:54:57.992+0300] {processor.py:836} INFO - DAG(s) dict_keys(['example_params_trigger_ui']) retrieved from /mnt/kali/DataHunt/venv/lib/python3.11/site-packages/airflow/example_dags/example_params_trigger_ui.py
[2023-08-15T21:54:58.403+0300] {logging_mixin.py:150} INFO - [2023-08-15T21:54:58.403+0300] {dag.py:2742} INFO - Sync 1 DAGs
[2023-08-15T21:54:58.545+0300] {logging_mixin.py:150} INFO - [2023-08-15T21:54:58.545+0300] {dag.py:3504} INFO - Setting next_dagrun for example_params_trigger_ui to None, run_after=None
[2023-08-15T21:54:58.658+0300] {processor.py:179} INFO - Processing /mnt/kali/DataHunt/venv/lib/python3.11/site-packages/airflow/example_dags/example_params_trigger_ui.py took 0.912 seconds
[2023-08-15T21:55:28.793+0300] {processor.py:157} INFO - Started process (PID=240800) to work on /mnt/kali/DataHunt/venv/lib/python3.11/site-packages/airflow/example_dags/example_params_trigger_ui.py
[2023-08-15T21:55:28.809+0300] {processor.py:826} INFO - Processing file /mnt/kali/DataHunt/venv/lib/python3.11/site-packages/airflow/example_dags/example_params_trigger_ui.py for tasks to queue
[2023-08-15T21:55:28.813+0300] {logging_mixin.py:150} INFO - [2023-08-15T21:55:28.811+0300] {dagbag.py:541} INFO - Filling up the DagBag from /mnt/kali/DataHunt/venv/lib/python3.11/site-packages/airflow/example_dags/example_params_trigger_ui.py
[2023-08-15T21:55:28.896+0300] {processor.py:836} INFO - DAG(s) dict_keys(['example_params_trigger_ui']) retrieved from /mnt/kali/DataHunt/venv/lib/python3.11/site-packages/airflow/example_dags/example_params_trigger_ui.py
[2023-08-15T21:55:29.170+0300] {logging_mixin.py:150} INFO - [2023-08-15T21:55:29.169+0300] {dag.py:2742} INFO - Sync 1 DAGs
[2023-08-15T21:55:29.285+0300] {logging_mixin.py:150} INFO - [2023-08-15T21:55:29.285+0300] {dag.py:3504} INFO - Setting next_dagrun for example_params_trigger_ui to None, run_after=None
[2023-08-15T21:55:29.369+0300] {processor.py:179} INFO - Processing /mnt/kali/DataHunt/venv/lib/python3.11/site-packages/airflow/example_dags/example_params_trigger_ui.py took 0.592 seconds
[2023-08-15T21:56:00.092+0300] {processor.py:157} INFO - Started process (PID=241184) to work on /mnt/kali/DataHunt/venv/lib/python3.11/site-packages/airflow/example_dags/example_params_trigger_ui.py
[2023-08-15T21:56:00.110+0300] {processor.py:826} INFO - Processing file /mnt/kali/DataHunt/venv/lib/python3.11/site-packages/airflow/example_dags/example_params_trigger_ui.py for tasks to queue
[2023-08-15T21:56:00.113+0300] {logging_mixin.py:150} INFO - [2023-08-15T21:56:00.111+0300] {dagbag.py:541} INFO - Filling up the DagBag from /mnt/kali/DataHunt/venv/lib/python3.11/site-packages/airflow/example_dags/example_params_trigger_ui.py
[2023-08-15T21:56:00.192+0300] {processor.py:836} INFO - DAG(s) dict_keys(['example_params_trigger_ui']) retrieved from /mnt/kali/DataHunt/venv/lib/python3.11/site-packages/airflow/example_dags/example_params_trigger_ui.py
[2023-08-15T21:56:00.502+0300] {logging_mixin.py:150} INFO - [2023-08-15T21:56:00.501+0300] {dag.py:2742} INFO - Sync 1 DAGs
[2023-08-15T21:56:00.617+0300] {logging_mixin.py:150} INFO - [2023-08-15T21:56:00.616+0300] {dag.py:3504} INFO - Setting next_dagrun for example_params_trigger_ui to None, run_after=None
[2023-08-15T21:56:00.702+0300] {processor.py:179} INFO - Processing /mnt/kali/DataHunt/venv/lib/python3.11/site-packages/airflow/example_dags/example_params_trigger_ui.py took 0.622 seconds
[2023-08-15T21:56:31.668+0300] {processor.py:157} INFO - Started process (PID=241788) to work on /mnt/kali/DataHunt/venv/lib/python3.11/site-packages/airflow/example_dags/example_params_trigger_ui.py
[2023-08-15T21:56:31.687+0300] {processor.py:826} INFO - Processing file /mnt/kali/DataHunt/venv/lib/python3.11/site-packages/airflow/example_dags/example_params_trigger_ui.py for tasks to queue
[2023-08-15T21:56:31.690+0300] {logging_mixin.py:150} INFO - [2023-08-15T21:56:31.689+0300] {dagbag.py:541} INFO - Filling up the DagBag from /mnt/kali/DataHunt/venv/lib/python3.11/site-packages/airflow/example_dags/example_params_trigger_ui.py
[2023-08-15T21:56:31.884+0300] {processor.py:836} INFO - DAG(s) dict_keys(['example_params_trigger_ui']) retrieved from /mnt/kali/DataHunt/venv/lib/python3.11/site-packages/airflow/example_dags/example_params_trigger_ui.py
[2023-08-15T21:56:32.204+0300] {logging_mixin.py:150} INFO - [2023-08-15T21:56:32.204+0300] {dag.py:2742} INFO - Sync 1 DAGs
[2023-08-15T21:56:32.329+0300] {logging_mixin.py:150} INFO - [2023-08-15T21:56:32.329+0300] {dag.py:3504} INFO - Setting next_dagrun for example_params_trigger_ui to None, run_after=None
[2023-08-15T21:56:32.434+0300] {processor.py:179} INFO - Processing /mnt/kali/DataHunt/venv/lib/python3.11/site-packages/airflow/example_dags/example_params_trigger_ui.py took 0.818 seconds
[2023-08-15T21:57:02.657+0300] {processor.py:157} INFO - Started process (PID=242402) to work on /mnt/kali/DataHunt/venv/lib/python3.11/site-packages/airflow/example_dags/example_params_trigger_ui.py
[2023-08-15T21:57:02.685+0300] {processor.py:826} INFO - Processing file /mnt/kali/DataHunt/venv/lib/python3.11/site-packages/airflow/example_dags/example_params_trigger_ui.py for tasks to queue
[2023-08-15T21:57:02.689+0300] {logging_mixin.py:150} INFO - [2023-08-15T21:57:02.688+0300] {dagbag.py:541} INFO - Filling up the DagBag from /mnt/kali/DataHunt/venv/lib/python3.11/site-packages/airflow/example_dags/example_params_trigger_ui.py
[2023-08-15T21:57:02.794+0300] {processor.py:836} INFO - DAG(s) dict_keys(['example_params_trigger_ui']) retrieved from /mnt/kali/DataHunt/venv/lib/python3.11/site-packages/airflow/example_dags/example_params_trigger_ui.py
[2023-08-15T21:57:03.099+0300] {logging_mixin.py:150} INFO - [2023-08-15T21:57:03.099+0300] {dag.py:2742} INFO - Sync 1 DAGs
[2023-08-15T21:57:03.208+0300] {logging_mixin.py:150} INFO - [2023-08-15T21:57:03.207+0300] {dag.py:3504} INFO - Setting next_dagrun for example_params_trigger_ui to None, run_after=None
[2023-08-15T21:57:03.297+0300] {processor.py:179} INFO - Processing /mnt/kali/DataHunt/venv/lib/python3.11/site-packages/airflow/example_dags/example_params_trigger_ui.py took 0.657 seconds
[2023-08-15T21:57:33.478+0300] {processor.py:157} INFO - Started process (PID=242855) to work on /mnt/kali/DataHunt/venv/lib/python3.11/site-packages/airflow/example_dags/example_params_trigger_ui.py
[2023-08-15T21:57:33.485+0300] {processor.py:826} INFO - Processing file /mnt/kali/DataHunt/venv/lib/python3.11/site-packages/airflow/example_dags/example_params_trigger_ui.py for tasks to queue
[2023-08-15T21:57:33.487+0300] {logging_mixin.py:150} INFO - [2023-08-15T21:57:33.487+0300] {dagbag.py:541} INFO - Filling up the DagBag from /mnt/kali/DataHunt/venv/lib/python3.11/site-packages/airflow/example_dags/example_params_trigger_ui.py
[2023-08-15T21:57:33.567+0300] {processor.py:836} INFO - DAG(s) dict_keys(['example_params_trigger_ui']) retrieved from /mnt/kali/DataHunt/venv/lib/python3.11/site-packages/airflow/example_dags/example_params_trigger_ui.py
[2023-08-15T21:57:33.778+0300] {logging_mixin.py:150} INFO - [2023-08-15T21:57:33.777+0300] {dag.py:2742} INFO - Sync 1 DAGs
[2023-08-15T21:57:33.868+0300] {logging_mixin.py:150} INFO - [2023-08-15T21:57:33.867+0300] {dag.py:3504} INFO - Setting next_dagrun for example_params_trigger_ui to None, run_after=None
[2023-08-15T21:57:34.000+0300] {processor.py:179} INFO - Processing /mnt/kali/DataHunt/venv/lib/python3.11/site-packages/airflow/example_dags/example_params_trigger_ui.py took 0.533 seconds
