[2023-08-15T21:24:51.799+0300] {processor.py:157} INFO - Started process (PID=214057) to work on /mnt/kali/DataHunt/venv/lib/python3.11/site-packages/airflow/example_dags/example_trigger_controller_dag.py
[2023-08-15T21:24:51.801+0300] {processor.py:826} INFO - Processing file /mnt/kali/DataHunt/venv/lib/python3.11/site-packages/airflow/example_dags/example_trigger_controller_dag.py for tasks to queue
[2023-08-15T21:24:51.805+0300] {logging_mixin.py:150} INFO - [2023-08-15T21:24:51.803+0300] {dagbag.py:541} INFO - Filling up the DagBag from /mnt/kali/DataHunt/venv/lib/python3.11/site-packages/airflow/example_dags/example_trigger_controller_dag.py
[2023-08-15T21:24:51.839+0300] {processor.py:836} INFO - DAG(s) dict_keys(['example_trigger_controller_dag']) retrieved from /mnt/kali/DataHunt/venv/lib/python3.11/site-packages/airflow/example_dags/example_trigger_controller_dag.py
[2023-08-15T21:24:52.912+0300] {logging_mixin.py:150} INFO - [2023-08-15T21:24:52.911+0300] {manager.py:504} INFO - Created Permission View: can edit on DAG:example_trigger_controller_dag
[2023-08-15T21:24:53.045+0300] {logging_mixin.py:150} INFO - [2023-08-15T21:24:53.044+0300] {manager.py:504} INFO - Created Permission View: can delete on DAG:example_trigger_controller_dag
[2023-08-15T21:24:53.156+0300] {logging_mixin.py:150} INFO - [2023-08-15T21:24:53.155+0300] {manager.py:504} INFO - Created Permission View: can read on DAG:example_trigger_controller_dag
[2023-08-15T21:24:53.240+0300] {logging_mixin.py:150} INFO - [2023-08-15T21:24:53.240+0300] {dag.py:2742} INFO - Sync 1 DAGs
[2023-08-15T21:24:53.322+0300] {logging_mixin.py:150} INFO - [2023-08-15T21:24:53.318+0300] {dag.py:2763} INFO - Creating ORM DAG for example_trigger_controller_dag
[2023-08-15T21:24:53.414+0300] {logging_mixin.py:150} INFO - [2023-08-15T21:24:53.413+0300] {dag.py:3504} INFO - Setting next_dagrun for example_trigger_controller_dag to 2021-01-01T00:00:00+00:00, run_after=2021-01-01T00:00:00+00:00
[2023-08-15T21:24:53.631+0300] {processor.py:179} INFO - Processing /mnt/kali/DataHunt/venv/lib/python3.11/site-packages/airflow/example_dags/example_trigger_controller_dag.py took 1.852 seconds
[2023-08-15T21:27:29.680+0300] {processor.py:157} INFO - Started process (PID=215826) to work on /mnt/kali/DataHunt/venv/lib/python3.11/site-packages/airflow/example_dags/example_trigger_controller_dag.py
[2023-08-15T21:27:29.720+0300] {processor.py:826} INFO - Processing file /mnt/kali/DataHunt/venv/lib/python3.11/site-packages/airflow/example_dags/example_trigger_controller_dag.py for tasks to queue
[2023-08-15T21:27:29.731+0300] {logging_mixin.py:150} INFO - [2023-08-15T21:27:29.721+0300] {dagbag.py:541} INFO - Filling up the DagBag from /mnt/kali/DataHunt/venv/lib/python3.11/site-packages/airflow/example_dags/example_trigger_controller_dag.py
[2023-08-15T21:27:29.777+0300] {processor.py:836} INFO - DAG(s) dict_keys(['example_trigger_controller_dag']) retrieved from /mnt/kali/DataHunt/venv/lib/python3.11/site-packages/airflow/example_dags/example_trigger_controller_dag.py
[2023-08-15T21:27:30.337+0300] {logging_mixin.py:150} INFO - [2023-08-15T21:27:30.337+0300] {dag.py:2742} INFO - Sync 1 DAGs
[2023-08-15T21:27:30.695+0300] {logging_mixin.py:150} INFO - [2023-08-15T21:27:30.695+0300] {dag.py:3504} INFO - Setting next_dagrun for example_trigger_controller_dag to 2021-01-01T00:00:00+00:00, run_after=2021-01-01T00:00:00+00:00
[2023-08-15T21:27:31.061+0300] {processor.py:179} INFO - Processing /mnt/kali/DataHunt/venv/lib/python3.11/site-packages/airflow/example_dags/example_trigger_controller_dag.py took 1.407 seconds
[2023-08-15T21:29:11.850+0300] {processor.py:157} INFO - Started process (PID=217009) to work on /mnt/kali/DataHunt/venv/lib/python3.11/site-packages/airflow/example_dags/example_trigger_controller_dag.py
[2023-08-15T21:29:11.908+0300] {processor.py:826} INFO - Processing file /mnt/kali/DataHunt/venv/lib/python3.11/site-packages/airflow/example_dags/example_trigger_controller_dag.py for tasks to queue
[2023-08-15T21:29:11.912+0300] {logging_mixin.py:150} INFO - [2023-08-15T21:29:11.910+0300] {dagbag.py:541} INFO - Filling up the DagBag from /mnt/kali/DataHunt/venv/lib/python3.11/site-packages/airflow/example_dags/example_trigger_controller_dag.py
[2023-08-15T21:29:11.949+0300] {processor.py:836} INFO - DAG(s) dict_keys(['example_trigger_controller_dag']) retrieved from /mnt/kali/DataHunt/venv/lib/python3.11/site-packages/airflow/example_dags/example_trigger_controller_dag.py
[2023-08-15T21:29:12.225+0300] {logging_mixin.py:150} INFO - [2023-08-15T21:29:12.224+0300] {dag.py:2742} INFO - Sync 1 DAGs
[2023-08-15T21:29:12.623+0300] {logging_mixin.py:150} INFO - [2023-08-15T21:29:12.623+0300] {dag.py:3504} INFO - Setting next_dagrun for example_trigger_controller_dag to 2021-01-01T00:00:00+00:00, run_after=2021-01-01T00:00:00+00:00
[2023-08-15T21:29:13.155+0300] {processor.py:179} INFO - Processing /mnt/kali/DataHunt/venv/lib/python3.11/site-packages/airflow/example_dags/example_trigger_controller_dag.py took 1.329 seconds
[2023-08-15T21:47:27.940+0300] {processor.py:157} INFO - Started process (PID=233668) to work on /mnt/kali/DataHunt/venv/lib/python3.11/site-packages/airflow/example_dags/example_trigger_controller_dag.py
[2023-08-15T21:47:28.002+0300] {processor.py:826} INFO - Processing file /mnt/kali/DataHunt/venv/lib/python3.11/site-packages/airflow/example_dags/example_trigger_controller_dag.py for tasks to queue
[2023-08-15T21:47:28.005+0300] {logging_mixin.py:150} INFO - [2023-08-15T21:47:28.003+0300] {dagbag.py:541} INFO - Filling up the DagBag from /mnt/kali/DataHunt/venv/lib/python3.11/site-packages/airflow/example_dags/example_trigger_controller_dag.py
[2023-08-15T21:47:28.048+0300] {processor.py:836} INFO - DAG(s) dict_keys(['example_trigger_controller_dag']) retrieved from /mnt/kali/DataHunt/venv/lib/python3.11/site-packages/airflow/example_dags/example_trigger_controller_dag.py
[2023-08-15T21:47:29.126+0300] {logging_mixin.py:150} INFO - [2023-08-15T21:47:29.125+0300] {manager.py:504} INFO - Created Permission View: can read on DAG:example_trigger_controller_dag
[2023-08-15T21:47:29.332+0300] {logging_mixin.py:150} INFO - [2023-08-15T21:47:29.331+0300] {manager.py:504} INFO - Created Permission View: can delete on DAG:example_trigger_controller_dag
[2023-08-15T21:47:29.470+0300] {logging_mixin.py:150} INFO - [2023-08-15T21:47:29.469+0300] {manager.py:504} INFO - Created Permission View: can edit on DAG:example_trigger_controller_dag
[2023-08-15T21:47:29.511+0300] {logging_mixin.py:150} INFO - [2023-08-15T21:47:29.510+0300] {dag.py:2742} INFO - Sync 1 DAGs
[2023-08-15T21:47:29.552+0300] {logging_mixin.py:150} INFO - [2023-08-15T21:47:29.551+0300] {dag.py:2763} INFO - Creating ORM DAG for example_trigger_controller_dag
[2023-08-15T21:47:29.590+0300] {logging_mixin.py:150} INFO - [2023-08-15T21:47:29.589+0300] {dag.py:3504} INFO - Setting next_dagrun for example_trigger_controller_dag to 2021-01-01T00:00:00+00:00, run_after=2021-01-01T00:00:00+00:00
[2023-08-15T21:47:29.730+0300] {processor.py:179} INFO - Processing /mnt/kali/DataHunt/venv/lib/python3.11/site-packages/airflow/example_dags/example_trigger_controller_dag.py took 1.815 seconds
[2023-08-15T21:47:59.842+0300] {processor.py:157} INFO - Started process (PID=234045) to work on /mnt/kali/DataHunt/venv/lib/python3.11/site-packages/airflow/example_dags/example_trigger_controller_dag.py
[2023-08-15T21:47:59.857+0300] {processor.py:826} INFO - Processing file /mnt/kali/DataHunt/venv/lib/python3.11/site-packages/airflow/example_dags/example_trigger_controller_dag.py for tasks to queue
[2023-08-15T21:47:59.859+0300] {logging_mixin.py:150} INFO - [2023-08-15T21:47:59.858+0300] {dagbag.py:541} INFO - Filling up the DagBag from /mnt/kali/DataHunt/venv/lib/python3.11/site-packages/airflow/example_dags/example_trigger_controller_dag.py
[2023-08-15T21:47:59.874+0300] {processor.py:836} INFO - DAG(s) dict_keys(['example_trigger_controller_dag']) retrieved from /mnt/kali/DataHunt/venv/lib/python3.11/site-packages/airflow/example_dags/example_trigger_controller_dag.py
[2023-08-15T21:48:00.013+0300] {logging_mixin.py:150} INFO - [2023-08-15T21:48:00.012+0300] {dag.py:2742} INFO - Sync 1 DAGs
[2023-08-15T21:48:00.101+0300] {logging_mixin.py:150} INFO - [2023-08-15T21:48:00.101+0300] {dag.py:3504} INFO - Setting next_dagrun for example_trigger_controller_dag to 2021-01-01T00:00:00+00:00, run_after=2021-01-01T00:00:00+00:00
[2023-08-15T21:48:00.176+0300] {processor.py:179} INFO - Processing /mnt/kali/DataHunt/venv/lib/python3.11/site-packages/airflow/example_dags/example_trigger_controller_dag.py took 0.346 seconds
[2023-08-15T21:48:30.377+0300] {processor.py:157} INFO - Started process (PID=234461) to work on /mnt/kali/DataHunt/venv/lib/python3.11/site-packages/airflow/example_dags/example_trigger_controller_dag.py
[2023-08-15T21:48:30.391+0300] {processor.py:826} INFO - Processing file /mnt/kali/DataHunt/venv/lib/python3.11/site-packages/airflow/example_dags/example_trigger_controller_dag.py for tasks to queue
[2023-08-15T21:48:30.394+0300] {logging_mixin.py:150} INFO - [2023-08-15T21:48:30.393+0300] {dagbag.py:541} INFO - Filling up the DagBag from /mnt/kali/DataHunt/venv/lib/python3.11/site-packages/airflow/example_dags/example_trigger_controller_dag.py
[2023-08-15T21:48:30.444+0300] {processor.py:836} INFO - DAG(s) dict_keys(['example_trigger_controller_dag']) retrieved from /mnt/kali/DataHunt/venv/lib/python3.11/site-packages/airflow/example_dags/example_trigger_controller_dag.py
[2023-08-15T21:48:30.644+0300] {logging_mixin.py:150} INFO - [2023-08-15T21:48:30.644+0300] {dag.py:2742} INFO - Sync 1 DAGs
[2023-08-15T21:48:30.755+0300] {logging_mixin.py:150} INFO - [2023-08-15T21:48:30.755+0300] {dag.py:3504} INFO - Setting next_dagrun for example_trigger_controller_dag to 2021-01-01T00:00:00+00:00, run_after=2021-01-01T00:00:00+00:00
[2023-08-15T21:48:30.864+0300] {processor.py:179} INFO - Processing /mnt/kali/DataHunt/venv/lib/python3.11/site-packages/airflow/example_dags/example_trigger_controller_dag.py took 0.501 seconds
[2023-08-15T21:49:01.395+0300] {processor.py:157} INFO - Started process (PID=235053) to work on /mnt/kali/DataHunt/venv/lib/python3.11/site-packages/airflow/example_dags/example_trigger_controller_dag.py
[2023-08-15T21:49:01.413+0300] {processor.py:826} INFO - Processing file /mnt/kali/DataHunt/venv/lib/python3.11/site-packages/airflow/example_dags/example_trigger_controller_dag.py for tasks to queue
[2023-08-15T21:49:01.418+0300] {logging_mixin.py:150} INFO - [2023-08-15T21:49:01.415+0300] {dagbag.py:541} INFO - Filling up the DagBag from /mnt/kali/DataHunt/venv/lib/python3.11/site-packages/airflow/example_dags/example_trigger_controller_dag.py
[2023-08-15T21:49:01.475+0300] {processor.py:836} INFO - DAG(s) dict_keys(['example_trigger_controller_dag']) retrieved from /mnt/kali/DataHunt/venv/lib/python3.11/site-packages/airflow/example_dags/example_trigger_controller_dag.py
[2023-08-15T21:49:01.820+0300] {logging_mixin.py:150} INFO - [2023-08-15T21:49:01.817+0300] {dag.py:2742} INFO - Sync 1 DAGs
[2023-08-15T21:49:02.074+0300] {logging_mixin.py:150} INFO - [2023-08-15T21:49:02.073+0300] {dag.py:3504} INFO - Setting next_dagrun for example_trigger_controller_dag to 2021-01-01T00:00:00+00:00, run_after=2021-01-01T00:00:00+00:00
[2023-08-15T21:49:02.250+0300] {processor.py:179} INFO - Processing /mnt/kali/DataHunt/venv/lib/python3.11/site-packages/airflow/example_dags/example_trigger_controller_dag.py took 0.914 seconds
[2023-08-15T21:49:35.842+0300] {processor.py:157} INFO - Started process (PID=235640) to work on /mnt/kali/DataHunt/venv/lib/python3.11/site-packages/airflow/example_dags/example_trigger_controller_dag.py
[2023-08-15T21:49:35.857+0300] {processor.py:826} INFO - Processing file /mnt/kali/DataHunt/venv/lib/python3.11/site-packages/airflow/example_dags/example_trigger_controller_dag.py for tasks to queue
[2023-08-15T21:49:35.860+0300] {logging_mixin.py:150} INFO - [2023-08-15T21:49:35.859+0300] {dagbag.py:541} INFO - Filling up the DagBag from /mnt/kali/DataHunt/venv/lib/python3.11/site-packages/airflow/example_dags/example_trigger_controller_dag.py
[2023-08-15T21:49:35.879+0300] {processor.py:836} INFO - DAG(s) dict_keys(['example_trigger_controller_dag']) retrieved from /mnt/kali/DataHunt/venv/lib/python3.11/site-packages/airflow/example_dags/example_trigger_controller_dag.py
[2023-08-15T21:49:37.874+0300] {logging_mixin.py:150} INFO - [2023-08-15T21:49:37.874+0300] {dag.py:2742} INFO - Sync 1 DAGs
[2023-08-15T21:49:38.057+0300] {logging_mixin.py:150} INFO - [2023-08-15T21:49:38.057+0300] {dag.py:3504} INFO - Setting next_dagrun for example_trigger_controller_dag to 2021-01-01T00:00:00+00:00, run_after=2021-01-01T00:00:00+00:00
[2023-08-15T21:49:38.225+0300] {processor.py:179} INFO - Processing /mnt/kali/DataHunt/venv/lib/python3.11/site-packages/airflow/example_dags/example_trigger_controller_dag.py took 2.413 seconds
[2023-08-15T21:50:08.791+0300] {processor.py:157} INFO - Started process (PID=236010) to work on /mnt/kali/DataHunt/venv/lib/python3.11/site-packages/airflow/example_dags/example_trigger_controller_dag.py
[2023-08-15T21:50:08.819+0300] {processor.py:826} INFO - Processing file /mnt/kali/DataHunt/venv/lib/python3.11/site-packages/airflow/example_dags/example_trigger_controller_dag.py for tasks to queue
[2023-08-15T21:50:08.821+0300] {logging_mixin.py:150} INFO - [2023-08-15T21:50:08.820+0300] {dagbag.py:541} INFO - Filling up the DagBag from /mnt/kali/DataHunt/venv/lib/python3.11/site-packages/airflow/example_dags/example_trigger_controller_dag.py
[2023-08-15T21:50:08.847+0300] {processor.py:836} INFO - DAG(s) dict_keys(['example_trigger_controller_dag']) retrieved from /mnt/kali/DataHunt/venv/lib/python3.11/site-packages/airflow/example_dags/example_trigger_controller_dag.py
[2023-08-15T21:50:08.988+0300] {logging_mixin.py:150} INFO - [2023-08-15T21:50:08.988+0300] {dag.py:2742} INFO - Sync 1 DAGs
[2023-08-15T21:50:09.080+0300] {logging_mixin.py:150} INFO - [2023-08-15T21:50:09.079+0300] {dag.py:3504} INFO - Setting next_dagrun for example_trigger_controller_dag to 2021-01-01T00:00:00+00:00, run_after=2021-01-01T00:00:00+00:00
[2023-08-15T21:50:09.189+0300] {processor.py:179} INFO - Processing /mnt/kali/DataHunt/venv/lib/python3.11/site-packages/airflow/example_dags/example_trigger_controller_dag.py took 0.411 seconds
[2023-08-15T21:50:45.266+0300] {processor.py:157} INFO - Started process (PID=236479) to work on /mnt/kali/DataHunt/venv/lib/python3.11/site-packages/airflow/example_dags/example_trigger_controller_dag.py
[2023-08-15T21:50:45.340+0300] {processor.py:826} INFO - Processing file /mnt/kali/DataHunt/venv/lib/python3.11/site-packages/airflow/example_dags/example_trigger_controller_dag.py for tasks to queue
[2023-08-15T21:50:45.343+0300] {logging_mixin.py:150} INFO - [2023-08-15T21:50:45.342+0300] {dagbag.py:541} INFO - Filling up the DagBag from /mnt/kali/DataHunt/venv/lib/python3.11/site-packages/airflow/example_dags/example_trigger_controller_dag.py
[2023-08-15T21:50:45.360+0300] {processor.py:836} INFO - DAG(s) dict_keys(['example_trigger_controller_dag']) retrieved from /mnt/kali/DataHunt/venv/lib/python3.11/site-packages/airflow/example_dags/example_trigger_controller_dag.py
[2023-08-15T21:50:45.525+0300] {logging_mixin.py:150} INFO - [2023-08-15T21:50:45.511+0300] {dag.py:2742} INFO - Sync 1 DAGs
[2023-08-15T21:50:45.680+0300] {logging_mixin.py:150} INFO - [2023-08-15T21:50:45.680+0300] {dag.py:3504} INFO - Setting next_dagrun for example_trigger_controller_dag to 2021-01-01T00:00:00+00:00, run_after=2021-01-01T00:00:00+00:00
[2023-08-15T21:50:46.114+0300] {processor.py:179} INFO - Processing /mnt/kali/DataHunt/venv/lib/python3.11/site-packages/airflow/example_dags/example_trigger_controller_dag.py took 0.861 seconds
[2023-08-15T21:51:17.444+0300] {processor.py:157} INFO - Started process (PID=236886) to work on /mnt/kali/DataHunt/venv/lib/python3.11/site-packages/airflow/example_dags/example_trigger_controller_dag.py
[2023-08-15T21:51:17.547+0300] {processor.py:826} INFO - Processing file /mnt/kali/DataHunt/venv/lib/python3.11/site-packages/airflow/example_dags/example_trigger_controller_dag.py for tasks to queue
[2023-08-15T21:51:17.549+0300] {logging_mixin.py:150} INFO - [2023-08-15T21:51:17.548+0300] {dagbag.py:541} INFO - Filling up the DagBag from /mnt/kali/DataHunt/venv/lib/python3.11/site-packages/airflow/example_dags/example_trigger_controller_dag.py
[2023-08-15T21:51:17.566+0300] {processor.py:836} INFO - DAG(s) dict_keys(['example_trigger_controller_dag']) retrieved from /mnt/kali/DataHunt/venv/lib/python3.11/site-packages/airflow/example_dags/example_trigger_controller_dag.py
[2023-08-15T21:51:17.793+0300] {logging_mixin.py:150} INFO - [2023-08-15T21:51:17.793+0300] {dag.py:2742} INFO - Sync 1 DAGs
[2023-08-15T21:51:18.234+0300] {logging_mixin.py:150} INFO - [2023-08-15T21:51:18.233+0300] {dag.py:3504} INFO - Setting next_dagrun for example_trigger_controller_dag to 2021-01-01T00:00:00+00:00, run_after=2021-01-01T00:00:00+00:00
[2023-08-15T21:51:18.637+0300] {processor.py:179} INFO - Processing /mnt/kali/DataHunt/venv/lib/python3.11/site-packages/airflow/example_dags/example_trigger_controller_dag.py took 1.205 seconds
[2023-08-15T21:51:49.162+0300] {processor.py:157} INFO - Started process (PID=237498) to work on /mnt/kali/DataHunt/venv/lib/python3.11/site-packages/airflow/example_dags/example_trigger_controller_dag.py
[2023-08-15T21:51:49.268+0300] {processor.py:826} INFO - Processing file /mnt/kali/DataHunt/venv/lib/python3.11/site-packages/airflow/example_dags/example_trigger_controller_dag.py for tasks to queue
[2023-08-15T21:51:49.269+0300] {logging_mixin.py:150} INFO - [2023-08-15T21:51:49.269+0300] {dagbag.py:541} INFO - Filling up the DagBag from /mnt/kali/DataHunt/venv/lib/python3.11/site-packages/airflow/example_dags/example_trigger_controller_dag.py
[2023-08-15T21:51:49.282+0300] {processor.py:836} INFO - DAG(s) dict_keys(['example_trigger_controller_dag']) retrieved from /mnt/kali/DataHunt/venv/lib/python3.11/site-packages/airflow/example_dags/example_trigger_controller_dag.py
[2023-08-15T21:51:49.388+0300] {logging_mixin.py:150} INFO - [2023-08-15T21:51:49.388+0300] {dag.py:2742} INFO - Sync 1 DAGs
[2023-08-15T21:51:49.449+0300] {logging_mixin.py:150} INFO - [2023-08-15T21:51:49.449+0300] {dag.py:3504} INFO - Setting next_dagrun for example_trigger_controller_dag to 2021-01-01T00:00:00+00:00, run_after=2021-01-01T00:00:00+00:00
[2023-08-15T21:51:49.586+0300] {processor.py:179} INFO - Processing /mnt/kali/DataHunt/venv/lib/python3.11/site-packages/airflow/example_dags/example_trigger_controller_dag.py took 0.435 seconds
[2023-08-15T21:52:20.025+0300] {processor.py:157} INFO - Started process (PID=238009) to work on /mnt/kali/DataHunt/venv/lib/python3.11/site-packages/airflow/example_dags/example_trigger_controller_dag.py
[2023-08-15T21:52:20.027+0300] {processor.py:826} INFO - Processing file /mnt/kali/DataHunt/venv/lib/python3.11/site-packages/airflow/example_dags/example_trigger_controller_dag.py for tasks to queue
[2023-08-15T21:52:20.029+0300] {logging_mixin.py:150} INFO - [2023-08-15T21:52:20.028+0300] {dagbag.py:541} INFO - Filling up the DagBag from /mnt/kali/DataHunt/venv/lib/python3.11/site-packages/airflow/example_dags/example_trigger_controller_dag.py
[2023-08-15T21:52:20.044+0300] {processor.py:836} INFO - DAG(s) dict_keys(['example_trigger_controller_dag']) retrieved from /mnt/kali/DataHunt/venv/lib/python3.11/site-packages/airflow/example_dags/example_trigger_controller_dag.py
[2023-08-15T21:52:20.150+0300] {logging_mixin.py:150} INFO - [2023-08-15T21:52:20.149+0300] {dag.py:2742} INFO - Sync 1 DAGs
[2023-08-15T21:52:20.231+0300] {logging_mixin.py:150} INFO - [2023-08-15T21:52:20.230+0300] {dag.py:3504} INFO - Setting next_dagrun for example_trigger_controller_dag to 2021-01-01T00:00:00+00:00, run_after=2021-01-01T00:00:00+00:00
[2023-08-15T21:52:20.292+0300] {processor.py:179} INFO - Processing /mnt/kali/DataHunt/venv/lib/python3.11/site-packages/airflow/example_dags/example_trigger_controller_dag.py took 0.278 seconds
[2023-08-15T21:52:50.875+0300] {processor.py:157} INFO - Started process (PID=238396) to work on /mnt/kali/DataHunt/venv/lib/python3.11/site-packages/airflow/example_dags/example_trigger_controller_dag.py
[2023-08-15T21:52:50.878+0300] {processor.py:826} INFO - Processing file /mnt/kali/DataHunt/venv/lib/python3.11/site-packages/airflow/example_dags/example_trigger_controller_dag.py for tasks to queue
[2023-08-15T21:52:50.881+0300] {logging_mixin.py:150} INFO - [2023-08-15T21:52:50.880+0300] {dagbag.py:541} INFO - Filling up the DagBag from /mnt/kali/DataHunt/venv/lib/python3.11/site-packages/airflow/example_dags/example_trigger_controller_dag.py
[2023-08-15T21:52:50.899+0300] {processor.py:836} INFO - DAG(s) dict_keys(['example_trigger_controller_dag']) retrieved from /mnt/kali/DataHunt/venv/lib/python3.11/site-packages/airflow/example_dags/example_trigger_controller_dag.py
[2023-08-15T21:52:50.997+0300] {logging_mixin.py:150} INFO - [2023-08-15T21:52:50.997+0300] {dag.py:2742} INFO - Sync 1 DAGs
[2023-08-15T21:52:51.058+0300] {logging_mixin.py:150} INFO - [2023-08-15T21:52:51.057+0300] {dag.py:3504} INFO - Setting next_dagrun for example_trigger_controller_dag to 2021-01-01T00:00:00+00:00, run_after=2021-01-01T00:00:00+00:00
[2023-08-15T21:52:51.100+0300] {processor.py:179} INFO - Processing /mnt/kali/DataHunt/venv/lib/python3.11/site-packages/airflow/example_dags/example_trigger_controller_dag.py took 0.240 seconds
[2023-08-15T21:53:21.679+0300] {processor.py:157} INFO - Started process (PID=238822) to work on /mnt/kali/DataHunt/venv/lib/python3.11/site-packages/airflow/example_dags/example_trigger_controller_dag.py
[2023-08-15T21:53:21.791+0300] {processor.py:826} INFO - Processing file /mnt/kali/DataHunt/venv/lib/python3.11/site-packages/airflow/example_dags/example_trigger_controller_dag.py for tasks to queue
[2023-08-15T21:53:21.794+0300] {logging_mixin.py:150} INFO - [2023-08-15T21:53:21.793+0300] {dagbag.py:541} INFO - Filling up the DagBag from /mnt/kali/DataHunt/venv/lib/python3.11/site-packages/airflow/example_dags/example_trigger_controller_dag.py
[2023-08-15T21:53:21.807+0300] {processor.py:836} INFO - DAG(s) dict_keys(['example_trigger_controller_dag']) retrieved from /mnt/kali/DataHunt/venv/lib/python3.11/site-packages/airflow/example_dags/example_trigger_controller_dag.py
[2023-08-15T21:53:21.899+0300] {logging_mixin.py:150} INFO - [2023-08-15T21:53:21.899+0300] {dag.py:2742} INFO - Sync 1 DAGs
[2023-08-15T21:53:21.960+0300] {logging_mixin.py:150} INFO - [2023-08-15T21:53:21.960+0300] {dag.py:3504} INFO - Setting next_dagrun for example_trigger_controller_dag to 2021-01-01T00:00:00+00:00, run_after=2021-01-01T00:00:00+00:00
[2023-08-15T21:53:22.306+0300] {processor.py:179} INFO - Processing /mnt/kali/DataHunt/venv/lib/python3.11/site-packages/airflow/example_dags/example_trigger_controller_dag.py took 0.640 seconds
[2023-08-15T21:53:53.051+0300] {processor.py:157} INFO - Started process (PID=239357) to work on /mnt/kali/DataHunt/venv/lib/python3.11/site-packages/airflow/example_dags/example_trigger_controller_dag.py
[2023-08-15T21:53:53.071+0300] {processor.py:826} INFO - Processing file /mnt/kali/DataHunt/venv/lib/python3.11/site-packages/airflow/example_dags/example_trigger_controller_dag.py for tasks to queue
[2023-08-15T21:53:53.083+0300] {logging_mixin.py:150} INFO - [2023-08-15T21:53:53.073+0300] {dagbag.py:541} INFO - Filling up the DagBag from /mnt/kali/DataHunt/venv/lib/python3.11/site-packages/airflow/example_dags/example_trigger_controller_dag.py
[2023-08-15T21:53:53.145+0300] {processor.py:836} INFO - DAG(s) dict_keys(['example_trigger_controller_dag']) retrieved from /mnt/kali/DataHunt/venv/lib/python3.11/site-packages/airflow/example_dags/example_trigger_controller_dag.py
[2023-08-15T21:53:53.471+0300] {logging_mixin.py:150} INFO - [2023-08-15T21:53:53.471+0300] {dag.py:2742} INFO - Sync 1 DAGs
[2023-08-15T21:53:53.624+0300] {logging_mixin.py:150} INFO - [2023-08-15T21:53:53.624+0300] {dag.py:3504} INFO - Setting next_dagrun for example_trigger_controller_dag to 2021-01-01T00:00:00+00:00, run_after=2021-01-01T00:00:00+00:00
[2023-08-15T21:53:54.021+0300] {processor.py:179} INFO - Processing /mnt/kali/DataHunt/venv/lib/python3.11/site-packages/airflow/example_dags/example_trigger_controller_dag.py took 1.005 seconds
[2023-08-15T21:54:24.821+0300] {processor.py:157} INFO - Started process (PID=239963) to work on /mnt/kali/DataHunt/venv/lib/python3.11/site-packages/airflow/example_dags/example_trigger_controller_dag.py
[2023-08-15T21:54:24.836+0300] {processor.py:826} INFO - Processing file /mnt/kali/DataHunt/venv/lib/python3.11/site-packages/airflow/example_dags/example_trigger_controller_dag.py for tasks to queue
[2023-08-15T21:54:24.839+0300] {logging_mixin.py:150} INFO - [2023-08-15T21:54:24.837+0300] {dagbag.py:541} INFO - Filling up the DagBag from /mnt/kali/DataHunt/venv/lib/python3.11/site-packages/airflow/example_dags/example_trigger_controller_dag.py
[2023-08-15T21:54:24.858+0300] {processor.py:836} INFO - DAG(s) dict_keys(['example_trigger_controller_dag']) retrieved from /mnt/kali/DataHunt/venv/lib/python3.11/site-packages/airflow/example_dags/example_trigger_controller_dag.py
[2023-08-15T21:54:25.003+0300] {logging_mixin.py:150} INFO - [2023-08-15T21:54:25.002+0300] {dag.py:2742} INFO - Sync 1 DAGs
[2023-08-15T21:54:25.091+0300] {logging_mixin.py:150} INFO - [2023-08-15T21:54:25.091+0300] {dag.py:3504} INFO - Setting next_dagrun for example_trigger_controller_dag to 2021-01-01T00:00:00+00:00, run_after=2021-01-01T00:00:00+00:00
[2023-08-15T21:54:25.175+0300] {processor.py:179} INFO - Processing /mnt/kali/DataHunt/venv/lib/python3.11/site-packages/airflow/example_dags/example_trigger_controller_dag.py took 0.377 seconds
[2023-08-15T21:54:55.899+0300] {processor.py:157} INFO - Started process (PID=240343) to work on /mnt/kali/DataHunt/venv/lib/python3.11/site-packages/airflow/example_dags/example_trigger_controller_dag.py
[2023-08-15T21:54:55.953+0300] {processor.py:826} INFO - Processing file /mnt/kali/DataHunt/venv/lib/python3.11/site-packages/airflow/example_dags/example_trigger_controller_dag.py for tasks to queue
[2023-08-15T21:54:55.955+0300] {logging_mixin.py:150} INFO - [2023-08-15T21:54:55.955+0300] {dagbag.py:541} INFO - Filling up the DagBag from /mnt/kali/DataHunt/venv/lib/python3.11/site-packages/airflow/example_dags/example_trigger_controller_dag.py
[2023-08-15T21:54:55.970+0300] {processor.py:836} INFO - DAG(s) dict_keys(['example_trigger_controller_dag']) retrieved from /mnt/kali/DataHunt/venv/lib/python3.11/site-packages/airflow/example_dags/example_trigger_controller_dag.py
[2023-08-15T21:54:56.103+0300] {logging_mixin.py:150} INFO - [2023-08-15T21:54:56.102+0300] {dag.py:2742} INFO - Sync 1 DAGs
[2023-08-15T21:54:56.180+0300] {logging_mixin.py:150} INFO - [2023-08-15T21:54:56.179+0300] {dag.py:3504} INFO - Setting next_dagrun for example_trigger_controller_dag to 2021-01-01T00:00:00+00:00, run_after=2021-01-01T00:00:00+00:00
[2023-08-15T21:54:56.317+0300] {processor.py:179} INFO - Processing /mnt/kali/DataHunt/venv/lib/python3.11/site-packages/airflow/example_dags/example_trigger_controller_dag.py took 0.432 seconds
[2023-08-15T21:55:26.889+0300] {processor.py:157} INFO - Started process (PID=240793) to work on /mnt/kali/DataHunt/venv/lib/python3.11/site-packages/airflow/example_dags/example_trigger_controller_dag.py
[2023-08-15T21:55:26.909+0300] {processor.py:826} INFO - Processing file /mnt/kali/DataHunt/venv/lib/python3.11/site-packages/airflow/example_dags/example_trigger_controller_dag.py for tasks to queue
[2023-08-15T21:55:26.912+0300] {logging_mixin.py:150} INFO - [2023-08-15T21:55:26.911+0300] {dagbag.py:541} INFO - Filling up the DagBag from /mnt/kali/DataHunt/venv/lib/python3.11/site-packages/airflow/example_dags/example_trigger_controller_dag.py
[2023-08-15T21:55:26.930+0300] {processor.py:836} INFO - DAG(s) dict_keys(['example_trigger_controller_dag']) retrieved from /mnt/kali/DataHunt/venv/lib/python3.11/site-packages/airflow/example_dags/example_trigger_controller_dag.py
[2023-08-15T21:55:27.056+0300] {logging_mixin.py:150} INFO - [2023-08-15T21:55:27.055+0300] {dag.py:2742} INFO - Sync 1 DAGs
[2023-08-15T21:55:27.145+0300] {logging_mixin.py:150} INFO - [2023-08-15T21:55:27.145+0300] {dag.py:3504} INFO - Setting next_dagrun for example_trigger_controller_dag to 2021-01-01T00:00:00+00:00, run_after=2021-01-01T00:00:00+00:00
[2023-08-15T21:55:27.243+0300] {processor.py:179} INFO - Processing /mnt/kali/DataHunt/venv/lib/python3.11/site-packages/airflow/example_dags/example_trigger_controller_dag.py took 0.368 seconds
[2023-08-15T21:55:57.511+0300] {processor.py:157} INFO - Started process (PID=241173) to work on /mnt/kali/DataHunt/venv/lib/python3.11/site-packages/airflow/example_dags/example_trigger_controller_dag.py
[2023-08-15T21:55:57.520+0300] {processor.py:826} INFO - Processing file /mnt/kali/DataHunt/venv/lib/python3.11/site-packages/airflow/example_dags/example_trigger_controller_dag.py for tasks to queue
[2023-08-15T21:55:57.524+0300] {logging_mixin.py:150} INFO - [2023-08-15T21:55:57.523+0300] {dagbag.py:541} INFO - Filling up the DagBag from /mnt/kali/DataHunt/venv/lib/python3.11/site-packages/airflow/example_dags/example_trigger_controller_dag.py
[2023-08-15T21:55:57.568+0300] {processor.py:836} INFO - DAG(s) dict_keys(['example_trigger_controller_dag']) retrieved from /mnt/kali/DataHunt/venv/lib/python3.11/site-packages/airflow/example_dags/example_trigger_controller_dag.py
[2023-08-15T21:55:57.746+0300] {logging_mixin.py:150} INFO - [2023-08-15T21:55:57.746+0300] {dag.py:2742} INFO - Sync 1 DAGs
[2023-08-15T21:55:57.944+0300] {logging_mixin.py:150} INFO - [2023-08-15T21:55:57.944+0300] {dag.py:3504} INFO - Setting next_dagrun for example_trigger_controller_dag to 2021-01-01T00:00:00+00:00, run_after=2021-01-01T00:00:00+00:00
[2023-08-15T21:55:58.041+0300] {processor.py:179} INFO - Processing /mnt/kali/DataHunt/venv/lib/python3.11/site-packages/airflow/example_dags/example_trigger_controller_dag.py took 0.566 seconds
[2023-08-15T21:56:28.318+0300] {processor.py:157} INFO - Started process (PID=241728) to work on /mnt/kali/DataHunt/venv/lib/python3.11/site-packages/airflow/example_dags/example_trigger_controller_dag.py
[2023-08-15T21:56:28.329+0300] {processor.py:826} INFO - Processing file /mnt/kali/DataHunt/venv/lib/python3.11/site-packages/airflow/example_dags/example_trigger_controller_dag.py for tasks to queue
[2023-08-15T21:56:28.334+0300] {logging_mixin.py:150} INFO - [2023-08-15T21:56:28.331+0300] {dagbag.py:541} INFO - Filling up the DagBag from /mnt/kali/DataHunt/venv/lib/python3.11/site-packages/airflow/example_dags/example_trigger_controller_dag.py
[2023-08-15T21:56:28.366+0300] {processor.py:836} INFO - DAG(s) dict_keys(['example_trigger_controller_dag']) retrieved from /mnt/kali/DataHunt/venv/lib/python3.11/site-packages/airflow/example_dags/example_trigger_controller_dag.py
[2023-08-15T21:56:28.514+0300] {logging_mixin.py:150} INFO - [2023-08-15T21:56:28.513+0300] {dag.py:2742} INFO - Sync 1 DAGs
[2023-08-15T21:56:28.620+0300] {logging_mixin.py:150} INFO - [2023-08-15T21:56:28.619+0300] {dag.py:3504} INFO - Setting next_dagrun for example_trigger_controller_dag to 2021-01-01T00:00:00+00:00, run_after=2021-01-01T00:00:00+00:00
[2023-08-15T21:56:28.698+0300] {processor.py:179} INFO - Processing /mnt/kali/DataHunt/venv/lib/python3.11/site-packages/airflow/example_dags/example_trigger_controller_dag.py took 0.399 seconds
[2023-08-15T21:56:59.034+0300] {processor.py:157} INFO - Started process (PID=242323) to work on /mnt/kali/DataHunt/venv/lib/python3.11/site-packages/airflow/example_dags/example_trigger_controller_dag.py
[2023-08-15T21:56:59.038+0300] {processor.py:826} INFO - Processing file /mnt/kali/DataHunt/venv/lib/python3.11/site-packages/airflow/example_dags/example_trigger_controller_dag.py for tasks to queue
[2023-08-15T21:56:59.041+0300] {logging_mixin.py:150} INFO - [2023-08-15T21:56:59.040+0300] {dagbag.py:541} INFO - Filling up the DagBag from /mnt/kali/DataHunt/venv/lib/python3.11/site-packages/airflow/example_dags/example_trigger_controller_dag.py
[2023-08-15T21:56:59.077+0300] {processor.py:836} INFO - DAG(s) dict_keys(['example_trigger_controller_dag']) retrieved from /mnt/kali/DataHunt/venv/lib/python3.11/site-packages/airflow/example_dags/example_trigger_controller_dag.py
[2023-08-15T21:56:59.292+0300] {logging_mixin.py:150} INFO - [2023-08-15T21:56:59.291+0300] {dag.py:2742} INFO - Sync 1 DAGs
[2023-08-15T21:56:59.410+0300] {logging_mixin.py:150} INFO - [2023-08-15T21:56:59.409+0300] {dag.py:3504} INFO - Setting next_dagrun for example_trigger_controller_dag to 2021-01-01T00:00:00+00:00, run_after=2021-01-01T00:00:00+00:00
[2023-08-15T21:56:59.522+0300] {processor.py:179} INFO - Processing /mnt/kali/DataHunt/venv/lib/python3.11/site-packages/airflow/example_dags/example_trigger_controller_dag.py took 0.505 seconds
[2023-08-15T21:57:29.994+0300] {processor.py:157} INFO - Started process (PID=242814) to work on /mnt/kali/DataHunt/venv/lib/python3.11/site-packages/airflow/example_dags/example_trigger_controller_dag.py
[2023-08-15T21:57:29.997+0300] {processor.py:826} INFO - Processing file /mnt/kali/DataHunt/venv/lib/python3.11/site-packages/airflow/example_dags/example_trigger_controller_dag.py for tasks to queue
[2023-08-15T21:57:30.001+0300] {logging_mixin.py:150} INFO - [2023-08-15T21:57:30.000+0300] {dagbag.py:541} INFO - Filling up the DagBag from /mnt/kali/DataHunt/venv/lib/python3.11/site-packages/airflow/example_dags/example_trigger_controller_dag.py
[2023-08-15T21:57:30.024+0300] {processor.py:836} INFO - DAG(s) dict_keys(['example_trigger_controller_dag']) retrieved from /mnt/kali/DataHunt/venv/lib/python3.11/site-packages/airflow/example_dags/example_trigger_controller_dag.py
[2023-08-15T21:57:30.168+0300] {logging_mixin.py:150} INFO - [2023-08-15T21:57:30.167+0300] {dag.py:2742} INFO - Sync 1 DAGs
[2023-08-15T21:57:30.268+0300] {logging_mixin.py:150} INFO - [2023-08-15T21:57:30.267+0300] {dag.py:3504} INFO - Setting next_dagrun for example_trigger_controller_dag to 2021-01-01T00:00:00+00:00, run_after=2021-01-01T00:00:00+00:00
[2023-08-15T21:57:30.546+0300] {processor.py:179} INFO - Processing /mnt/kali/DataHunt/venv/lib/python3.11/site-packages/airflow/example_dags/example_trigger_controller_dag.py took 0.569 seconds
[2023-08-15T21:58:00.847+0300] {processor.py:157} INFO - Started process (PID=243265) to work on /mnt/kali/DataHunt/venv/lib/python3.11/site-packages/airflow/example_dags/example_trigger_controller_dag.py
[2023-08-15T21:58:00.849+0300] {processor.py:826} INFO - Processing file /mnt/kali/DataHunt/venv/lib/python3.11/site-packages/airflow/example_dags/example_trigger_controller_dag.py for tasks to queue
[2023-08-15T21:58:00.851+0300] {logging_mixin.py:150} INFO - [2023-08-15T21:58:00.850+0300] {dagbag.py:541} INFO - Filling up the DagBag from /mnt/kali/DataHunt/venv/lib/python3.11/site-packages/airflow/example_dags/example_trigger_controller_dag.py
[2023-08-15T21:58:00.864+0300] {processor.py:836} INFO - DAG(s) dict_keys(['example_trigger_controller_dag']) retrieved from /mnt/kali/DataHunt/venv/lib/python3.11/site-packages/airflow/example_dags/example_trigger_controller_dag.py
[2023-08-15T21:58:00.955+0300] {logging_mixin.py:150} INFO - [2023-08-15T21:58:00.954+0300] {dag.py:2742} INFO - Sync 1 DAGs
[2023-08-15T21:58:01.018+0300] {logging_mixin.py:150} INFO - [2023-08-15T21:58:01.018+0300] {dag.py:3504} INFO - Setting next_dagrun for example_trigger_controller_dag to 2021-01-01T00:00:00+00:00, run_after=2021-01-01T00:00:00+00:00
[2023-08-15T21:58:01.086+0300] {processor.py:179} INFO - Processing /mnt/kali/DataHunt/venv/lib/python3.11/site-packages/airflow/example_dags/example_trigger_controller_dag.py took 0.251 seconds
