[2023-08-15T21:24:37.845+0300] {processor.py:157} INFO - Started process (PID=213699) to work on /mnt/kali/DataHunt/venv/lib/python3.11/site-packages/airflow/example_dags/example_time_delta_sensor_async.py
[2023-08-15T21:24:37.847+0300] {processor.py:826} INFO - Processing file /mnt/kali/DataHunt/venv/lib/python3.11/site-packages/airflow/example_dags/example_time_delta_sensor_async.py for tasks to queue
[2023-08-15T21:24:37.851+0300] {logging_mixin.py:150} INFO - [2023-08-15T21:24:37.849+0300] {dagbag.py:541} INFO - Filling up the DagBag from /mnt/kali/DataHunt/venv/lib/python3.11/site-packages/airflow/example_dags/example_time_delta_sensor_async.py
[2023-08-15T21:24:37.870+0300] {processor.py:836} INFO - DAG(s) dict_keys(['example_time_delta_sensor_async']) retrieved from /mnt/kali/DataHunt/venv/lib/python3.11/site-packages/airflow/example_dags/example_time_delta_sensor_async.py
[2023-08-15T21:24:38.489+0300] {logging_mixin.py:150} INFO - [2023-08-15T21:24:38.489+0300] {manager.py:504} INFO - Created Permission View: can edit on DAG:example_time_delta_sensor_async
[2023-08-15T21:24:38.645+0300] {logging_mixin.py:150} INFO - [2023-08-15T21:24:38.644+0300] {manager.py:504} INFO - Created Permission View: can delete on DAG:example_time_delta_sensor_async
[2023-08-15T21:24:39.151+0300] {logging_mixin.py:150} INFO - [2023-08-15T21:24:39.151+0300] {manager.py:504} INFO - Created Permission View: can read on DAG:example_time_delta_sensor_async
[2023-08-15T21:24:39.189+0300] {logging_mixin.py:150} INFO - [2023-08-15T21:24:39.188+0300] {dag.py:2742} INFO - Sync 1 DAGs
[2023-08-15T21:24:39.217+0300] {logging_mixin.py:150} INFO - [2023-08-15T21:24:39.217+0300] {dag.py:2763} INFO - Creating ORM DAG for example_time_delta_sensor_async
[2023-08-15T21:24:39.596+0300] {logging_mixin.py:150} INFO - [2023-08-15T21:24:39.596+0300] {dag.py:3504} INFO - Setting next_dagrun for example_time_delta_sensor_async to None, run_after=None
[2023-08-15T21:24:39.807+0300] {processor.py:179} INFO - Processing /mnt/kali/DataHunt/venv/lib/python3.11/site-packages/airflow/example_dags/example_time_delta_sensor_async.py took 1.975 seconds
[2023-08-15T21:27:19.475+0300] {processor.py:157} INFO - Started process (PID=215721) to work on /mnt/kali/DataHunt/venv/lib/python3.11/site-packages/airflow/example_dags/example_time_delta_sensor_async.py
[2023-08-15T21:27:19.511+0300] {processor.py:826} INFO - Processing file /mnt/kali/DataHunt/venv/lib/python3.11/site-packages/airflow/example_dags/example_time_delta_sensor_async.py for tasks to queue
[2023-08-15T21:27:19.517+0300] {logging_mixin.py:150} INFO - [2023-08-15T21:27:19.512+0300] {dagbag.py:541} INFO - Filling up the DagBag from /mnt/kali/DataHunt/venv/lib/python3.11/site-packages/airflow/example_dags/example_time_delta_sensor_async.py
[2023-08-15T21:27:19.537+0300] {processor.py:836} INFO - DAG(s) dict_keys(['example_time_delta_sensor_async']) retrieved from /mnt/kali/DataHunt/venv/lib/python3.11/site-packages/airflow/example_dags/example_time_delta_sensor_async.py
[2023-08-15T21:27:19.622+0300] {logging_mixin.py:150} INFO - [2023-08-15T21:27:19.622+0300] {dag.py:2742} INFO - Sync 1 DAGs
[2023-08-15T21:27:19.961+0300] {logging_mixin.py:150} INFO - [2023-08-15T21:27:19.960+0300] {dag.py:3504} INFO - Setting next_dagrun for example_time_delta_sensor_async to None, run_after=None
[2023-08-15T21:27:20.190+0300] {processor.py:179} INFO - Processing /mnt/kali/DataHunt/venv/lib/python3.11/site-packages/airflow/example_dags/example_time_delta_sensor_async.py took 0.753 seconds
[2023-08-15T21:29:05.857+0300] {processor.py:157} INFO - Started process (PID=216975) to work on /mnt/kali/DataHunt/venv/lib/python3.11/site-packages/airflow/example_dags/example_time_delta_sensor_async.py
[2023-08-15T21:29:05.865+0300] {processor.py:826} INFO - Processing file /mnt/kali/DataHunt/venv/lib/python3.11/site-packages/airflow/example_dags/example_time_delta_sensor_async.py for tasks to queue
[2023-08-15T21:29:05.868+0300] {logging_mixin.py:150} INFO - [2023-08-15T21:29:05.867+0300] {dagbag.py:541} INFO - Filling up the DagBag from /mnt/kali/DataHunt/venv/lib/python3.11/site-packages/airflow/example_dags/example_time_delta_sensor_async.py
[2023-08-15T21:29:05.890+0300] {processor.py:836} INFO - DAG(s) dict_keys(['example_time_delta_sensor_async']) retrieved from /mnt/kali/DataHunt/venv/lib/python3.11/site-packages/airflow/example_dags/example_time_delta_sensor_async.py
[2023-08-15T21:29:05.978+0300] {logging_mixin.py:150} INFO - [2023-08-15T21:29:05.977+0300] {dag.py:2742} INFO - Sync 1 DAGs
[2023-08-15T21:29:06.093+0300] {logging_mixin.py:150} INFO - [2023-08-15T21:29:06.093+0300] {dag.py:3504} INFO - Setting next_dagrun for example_time_delta_sensor_async to None, run_after=None
[2023-08-15T21:29:06.542+0300] {processor.py:179} INFO - Processing /mnt/kali/DataHunt/venv/lib/python3.11/site-packages/airflow/example_dags/example_time_delta_sensor_async.py took 0.699 seconds
[2023-08-15T21:47:25.190+0300] {processor.py:157} INFO - Started process (PID=233645) to work on /mnt/kali/DataHunt/venv/lib/python3.11/site-packages/airflow/example_dags/example_time_delta_sensor_async.py
[2023-08-15T21:47:25.268+0300] {processor.py:826} INFO - Processing file /mnt/kali/DataHunt/venv/lib/python3.11/site-packages/airflow/example_dags/example_time_delta_sensor_async.py for tasks to queue
[2023-08-15T21:47:25.270+0300] {logging_mixin.py:150} INFO - [2023-08-15T21:47:25.269+0300] {dagbag.py:541} INFO - Filling up the DagBag from /mnt/kali/DataHunt/venv/lib/python3.11/site-packages/airflow/example_dags/example_time_delta_sensor_async.py
[2023-08-15T21:47:25.285+0300] {processor.py:836} INFO - DAG(s) dict_keys(['example_time_delta_sensor_async']) retrieved from /mnt/kali/DataHunt/venv/lib/python3.11/site-packages/airflow/example_dags/example_time_delta_sensor_async.py
[2023-08-15T21:47:26.083+0300] {logging_mixin.py:150} INFO - [2023-08-15T21:47:26.083+0300] {manager.py:504} INFO - Created Permission View: can read on DAG:example_time_delta_sensor_async
[2023-08-15T21:47:26.259+0300] {logging_mixin.py:150} INFO - [2023-08-15T21:47:26.258+0300] {manager.py:504} INFO - Created Permission View: can delete on DAG:example_time_delta_sensor_async
[2023-08-15T21:47:26.492+0300] {logging_mixin.py:150} INFO - [2023-08-15T21:47:26.491+0300] {manager.py:504} INFO - Created Permission View: can edit on DAG:example_time_delta_sensor_async
[2023-08-15T21:47:26.547+0300] {logging_mixin.py:150} INFO - [2023-08-15T21:47:26.547+0300] {dag.py:2742} INFO - Sync 1 DAGs
[2023-08-15T21:47:26.586+0300] {logging_mixin.py:150} INFO - [2023-08-15T21:47:26.585+0300] {dag.py:2763} INFO - Creating ORM DAG for example_time_delta_sensor_async
[2023-08-15T21:47:26.651+0300] {logging_mixin.py:150} INFO - [2023-08-15T21:47:26.650+0300] {dag.py:3504} INFO - Setting next_dagrun for example_time_delta_sensor_async to None, run_after=None
[2023-08-15T21:47:26.971+0300] {processor.py:179} INFO - Processing /mnt/kali/DataHunt/venv/lib/python3.11/site-packages/airflow/example_dags/example_time_delta_sensor_async.py took 1.792 seconds
[2023-08-15T21:47:57.440+0300] {processor.py:157} INFO - Started process (PID=234017) to work on /mnt/kali/DataHunt/venv/lib/python3.11/site-packages/airflow/example_dags/example_time_delta_sensor_async.py
[2023-08-15T21:47:57.442+0300] {processor.py:826} INFO - Processing file /mnt/kali/DataHunt/venv/lib/python3.11/site-packages/airflow/example_dags/example_time_delta_sensor_async.py for tasks to queue
[2023-08-15T21:47:57.444+0300] {logging_mixin.py:150} INFO - [2023-08-15T21:47:57.443+0300] {dagbag.py:541} INFO - Filling up the DagBag from /mnt/kali/DataHunt/venv/lib/python3.11/site-packages/airflow/example_dags/example_time_delta_sensor_async.py
[2023-08-15T21:47:57.461+0300] {processor.py:836} INFO - DAG(s) dict_keys(['example_time_delta_sensor_async']) retrieved from /mnt/kali/DataHunt/venv/lib/python3.11/site-packages/airflow/example_dags/example_time_delta_sensor_async.py
[2023-08-15T21:47:57.540+0300] {logging_mixin.py:150} INFO - [2023-08-15T21:47:57.540+0300] {dag.py:2742} INFO - Sync 1 DAGs
[2023-08-15T21:47:57.592+0300] {logging_mixin.py:150} INFO - [2023-08-15T21:47:57.591+0300] {dag.py:3504} INFO - Setting next_dagrun for example_time_delta_sensor_async to None, run_after=None
[2023-08-15T21:47:57.656+0300] {processor.py:179} INFO - Processing /mnt/kali/DataHunt/venv/lib/python3.11/site-packages/airflow/example_dags/example_time_delta_sensor_async.py took 0.227 seconds
[2023-08-15T21:48:27.812+0300] {processor.py:157} INFO - Started process (PID=234426) to work on /mnt/kali/DataHunt/venv/lib/python3.11/site-packages/airflow/example_dags/example_time_delta_sensor_async.py
[2023-08-15T21:48:27.828+0300] {processor.py:826} INFO - Processing file /mnt/kali/DataHunt/venv/lib/python3.11/site-packages/airflow/example_dags/example_time_delta_sensor_async.py for tasks to queue
[2023-08-15T21:48:27.831+0300] {logging_mixin.py:150} INFO - [2023-08-15T21:48:27.830+0300] {dagbag.py:541} INFO - Filling up the DagBag from /mnt/kali/DataHunt/venv/lib/python3.11/site-packages/airflow/example_dags/example_time_delta_sensor_async.py
[2023-08-15T21:48:27.849+0300] {processor.py:836} INFO - DAG(s) dict_keys(['example_time_delta_sensor_async']) retrieved from /mnt/kali/DataHunt/venv/lib/python3.11/site-packages/airflow/example_dags/example_time_delta_sensor_async.py
[2023-08-15T21:48:27.992+0300] {logging_mixin.py:150} INFO - [2023-08-15T21:48:27.992+0300] {dag.py:2742} INFO - Sync 1 DAGs
[2023-08-15T21:48:28.080+0300] {logging_mixin.py:150} INFO - [2023-08-15T21:48:28.080+0300] {dag.py:3504} INFO - Setting next_dagrun for example_time_delta_sensor_async to None, run_after=None
[2023-08-15T21:48:28.157+0300] {processor.py:179} INFO - Processing /mnt/kali/DataHunt/venv/lib/python3.11/site-packages/airflow/example_dags/example_time_delta_sensor_async.py took 0.357 seconds
[2023-08-15T21:48:58.767+0300] {processor.py:157} INFO - Started process (PID=235029) to work on /mnt/kali/DataHunt/venv/lib/python3.11/site-packages/airflow/example_dags/example_time_delta_sensor_async.py
[2023-08-15T21:48:58.784+0300] {processor.py:826} INFO - Processing file /mnt/kali/DataHunt/venv/lib/python3.11/site-packages/airflow/example_dags/example_time_delta_sensor_async.py for tasks to queue
[2023-08-15T21:48:58.788+0300] {logging_mixin.py:150} INFO - [2023-08-15T21:48:58.786+0300] {dagbag.py:541} INFO - Filling up the DagBag from /mnt/kali/DataHunt/venv/lib/python3.11/site-packages/airflow/example_dags/example_time_delta_sensor_async.py
[2023-08-15T21:48:58.830+0300] {processor.py:836} INFO - DAG(s) dict_keys(['example_time_delta_sensor_async']) retrieved from /mnt/kali/DataHunt/venv/lib/python3.11/site-packages/airflow/example_dags/example_time_delta_sensor_async.py
[2023-08-15T21:48:59.012+0300] {logging_mixin.py:150} INFO - [2023-08-15T21:48:59.012+0300] {dag.py:2742} INFO - Sync 1 DAGs
[2023-08-15T21:48:59.318+0300] {logging_mixin.py:150} INFO - [2023-08-15T21:48:59.304+0300] {dag.py:3504} INFO - Setting next_dagrun for example_time_delta_sensor_async to None, run_after=None
[2023-08-15T21:48:59.471+0300] {processor.py:179} INFO - Processing /mnt/kali/DataHunt/venv/lib/python3.11/site-packages/airflow/example_dags/example_time_delta_sensor_async.py took 0.754 seconds
[2023-08-15T21:49:33.164+0300] {processor.py:157} INFO - Started process (PID=235626) to work on /mnt/kali/DataHunt/venv/lib/python3.11/site-packages/airflow/example_dags/example_time_delta_sensor_async.py
[2023-08-15T21:49:33.173+0300] {processor.py:826} INFO - Processing file /mnt/kali/DataHunt/venv/lib/python3.11/site-packages/airflow/example_dags/example_time_delta_sensor_async.py for tasks to queue
[2023-08-15T21:49:33.177+0300] {logging_mixin.py:150} INFO - [2023-08-15T21:49:33.175+0300] {dagbag.py:541} INFO - Filling up the DagBag from /mnt/kali/DataHunt/venv/lib/python3.11/site-packages/airflow/example_dags/example_time_delta_sensor_async.py
[2023-08-15T21:49:33.203+0300] {processor.py:836} INFO - DAG(s) dict_keys(['example_time_delta_sensor_async']) retrieved from /mnt/kali/DataHunt/venv/lib/python3.11/site-packages/airflow/example_dags/example_time_delta_sensor_async.py
[2023-08-15T21:49:34.003+0300] {logging_mixin.py:150} INFO - [2023-08-15T21:49:34.003+0300] {dag.py:2742} INFO - Sync 1 DAGs
[2023-08-15T21:49:34.120+0300] {logging_mixin.py:150} INFO - [2023-08-15T21:49:34.119+0300] {dag.py:3504} INFO - Setting next_dagrun for example_time_delta_sensor_async to None, run_after=None
[2023-08-15T21:49:34.238+0300] {processor.py:179} INFO - Processing /mnt/kali/DataHunt/venv/lib/python3.11/site-packages/airflow/example_dags/example_time_delta_sensor_async.py took 1.097 seconds
[2023-08-15T21:50:05.252+0300] {processor.py:157} INFO - Started process (PID=235999) to work on /mnt/kali/DataHunt/venv/lib/python3.11/site-packages/airflow/example_dags/example_time_delta_sensor_async.py
[2023-08-15T21:50:05.270+0300] {processor.py:826} INFO - Processing file /mnt/kali/DataHunt/venv/lib/python3.11/site-packages/airflow/example_dags/example_time_delta_sensor_async.py for tasks to queue
[2023-08-15T21:50:05.273+0300] {logging_mixin.py:150} INFO - [2023-08-15T21:50:05.271+0300] {dagbag.py:541} INFO - Filling up the DagBag from /mnt/kali/DataHunt/venv/lib/python3.11/site-packages/airflow/example_dags/example_time_delta_sensor_async.py
[2023-08-15T21:50:05.369+0300] {processor.py:836} INFO - DAG(s) dict_keys(['example_time_delta_sensor_async']) retrieved from /mnt/kali/DataHunt/venv/lib/python3.11/site-packages/airflow/example_dags/example_time_delta_sensor_async.py
[2023-08-15T21:50:05.667+0300] {logging_mixin.py:150} INFO - [2023-08-15T21:50:05.667+0300] {dag.py:2742} INFO - Sync 1 DAGs
[2023-08-15T21:50:06.148+0300] {logging_mixin.py:150} INFO - [2023-08-15T21:50:06.148+0300] {dag.py:3504} INFO - Setting next_dagrun for example_time_delta_sensor_async to None, run_after=None
[2023-08-15T21:50:06.303+0300] {processor.py:179} INFO - Processing /mnt/kali/DataHunt/venv/lib/python3.11/site-packages/airflow/example_dags/example_time_delta_sensor_async.py took 1.176 seconds
[2023-08-15T21:50:43.991+0300] {processor.py:157} INFO - Started process (PID=236457) to work on /mnt/kali/DataHunt/venv/lib/python3.11/site-packages/airflow/example_dags/example_time_delta_sensor_async.py
[2023-08-15T21:50:44.001+0300] {processor.py:826} INFO - Processing file /mnt/kali/DataHunt/venv/lib/python3.11/site-packages/airflow/example_dags/example_time_delta_sensor_async.py for tasks to queue
[2023-08-15T21:50:44.009+0300] {logging_mixin.py:150} INFO - [2023-08-15T21:50:44.008+0300] {dagbag.py:541} INFO - Filling up the DagBag from /mnt/kali/DataHunt/venv/lib/python3.11/site-packages/airflow/example_dags/example_time_delta_sensor_async.py
[2023-08-15T21:50:44.110+0300] {processor.py:836} INFO - DAG(s) dict_keys(['example_time_delta_sensor_async']) retrieved from /mnt/kali/DataHunt/venv/lib/python3.11/site-packages/airflow/example_dags/example_time_delta_sensor_async.py
[2023-08-15T21:50:44.469+0300] {logging_mixin.py:150} INFO - [2023-08-15T21:50:44.469+0300] {dag.py:2742} INFO - Sync 1 DAGs
[2023-08-15T21:50:44.668+0300] {logging_mixin.py:150} INFO - [2023-08-15T21:50:44.668+0300] {dag.py:3504} INFO - Setting next_dagrun for example_time_delta_sensor_async to None, run_after=None
[2023-08-15T21:50:45.075+0300] {processor.py:179} INFO - Processing /mnt/kali/DataHunt/venv/lib/python3.11/site-packages/airflow/example_dags/example_time_delta_sensor_async.py took 1.146 seconds
[2023-08-15T21:51:15.313+0300] {processor.py:157} INFO - Started process (PID=236876) to work on /mnt/kali/DataHunt/venv/lib/python3.11/site-packages/airflow/example_dags/example_time_delta_sensor_async.py
[2023-08-15T21:51:15.319+0300] {processor.py:826} INFO - Processing file /mnt/kali/DataHunt/venv/lib/python3.11/site-packages/airflow/example_dags/example_time_delta_sensor_async.py for tasks to queue
[2023-08-15T21:51:15.323+0300] {logging_mixin.py:150} INFO - [2023-08-15T21:51:15.321+0300] {dagbag.py:541} INFO - Filling up the DagBag from /mnt/kali/DataHunt/venv/lib/python3.11/site-packages/airflow/example_dags/example_time_delta_sensor_async.py
[2023-08-15T21:51:15.364+0300] {processor.py:836} INFO - DAG(s) dict_keys(['example_time_delta_sensor_async']) retrieved from /mnt/kali/DataHunt/venv/lib/python3.11/site-packages/airflow/example_dags/example_time_delta_sensor_async.py
[2023-08-15T21:51:15.566+0300] {logging_mixin.py:150} INFO - [2023-08-15T21:51:15.565+0300] {dag.py:2742} INFO - Sync 1 DAGs
[2023-08-15T21:51:15.756+0300] {logging_mixin.py:150} INFO - [2023-08-15T21:51:15.756+0300] {dag.py:3504} INFO - Setting next_dagrun for example_time_delta_sensor_async to None, run_after=None
[2023-08-15T21:51:16.131+0300] {processor.py:179} INFO - Processing /mnt/kali/DataHunt/venv/lib/python3.11/site-packages/airflow/example_dags/example_time_delta_sensor_async.py took 0.841 seconds
[2023-08-15T21:51:46.752+0300] {processor.py:157} INFO - Started process (PID=237445) to work on /mnt/kali/DataHunt/venv/lib/python3.11/site-packages/airflow/example_dags/example_time_delta_sensor_async.py
[2023-08-15T21:51:46.762+0300] {processor.py:826} INFO - Processing file /mnt/kali/DataHunt/venv/lib/python3.11/site-packages/airflow/example_dags/example_time_delta_sensor_async.py for tasks to queue
[2023-08-15T21:51:46.764+0300] {logging_mixin.py:150} INFO - [2023-08-15T21:51:46.763+0300] {dagbag.py:541} INFO - Filling up the DagBag from /mnt/kali/DataHunt/venv/lib/python3.11/site-packages/airflow/example_dags/example_time_delta_sensor_async.py
[2023-08-15T21:51:46.778+0300] {processor.py:836} INFO - DAG(s) dict_keys(['example_time_delta_sensor_async']) retrieved from /mnt/kali/DataHunt/venv/lib/python3.11/site-packages/airflow/example_dags/example_time_delta_sensor_async.py
[2023-08-15T21:51:46.893+0300] {logging_mixin.py:150} INFO - [2023-08-15T21:51:46.893+0300] {dag.py:2742} INFO - Sync 1 DAGs
[2023-08-15T21:51:46.981+0300] {logging_mixin.py:150} INFO - [2023-08-15T21:51:46.981+0300] {dag.py:3504} INFO - Setting next_dagrun for example_time_delta_sensor_async to None, run_after=None
[2023-08-15T21:51:47.055+0300] {processor.py:179} INFO - Processing /mnt/kali/DataHunt/venv/lib/python3.11/site-packages/airflow/example_dags/example_time_delta_sensor_async.py took 0.312 seconds
[2023-08-15T21:52:17.591+0300] {processor.py:157} INFO - Started process (PID=237997) to work on /mnt/kali/DataHunt/venv/lib/python3.11/site-packages/airflow/example_dags/example_time_delta_sensor_async.py
[2023-08-15T21:52:17.607+0300] {processor.py:826} INFO - Processing file /mnt/kali/DataHunt/venv/lib/python3.11/site-packages/airflow/example_dags/example_time_delta_sensor_async.py for tasks to queue
[2023-08-15T21:52:17.610+0300] {logging_mixin.py:150} INFO - [2023-08-15T21:52:17.609+0300] {dagbag.py:541} INFO - Filling up the DagBag from /mnt/kali/DataHunt/venv/lib/python3.11/site-packages/airflow/example_dags/example_time_delta_sensor_async.py
[2023-08-15T21:52:17.630+0300] {processor.py:836} INFO - DAG(s) dict_keys(['example_time_delta_sensor_async']) retrieved from /mnt/kali/DataHunt/venv/lib/python3.11/site-packages/airflow/example_dags/example_time_delta_sensor_async.py
[2023-08-15T21:52:17.766+0300] {logging_mixin.py:150} INFO - [2023-08-15T21:52:17.765+0300] {dag.py:2742} INFO - Sync 1 DAGs
[2023-08-15T21:52:17.859+0300] {logging_mixin.py:150} INFO - [2023-08-15T21:52:17.858+0300] {dag.py:3504} INFO - Setting next_dagrun for example_time_delta_sensor_async to None, run_after=None
[2023-08-15T21:52:17.932+0300] {processor.py:179} INFO - Processing /mnt/kali/DataHunt/venv/lib/python3.11/site-packages/airflow/example_dags/example_time_delta_sensor_async.py took 0.355 seconds
[2023-08-15T21:52:48.381+0300] {processor.py:157} INFO - Started process (PID=238384) to work on /mnt/kali/DataHunt/venv/lib/python3.11/site-packages/airflow/example_dags/example_time_delta_sensor_async.py
[2023-08-15T21:52:48.384+0300] {processor.py:826} INFO - Processing file /mnt/kali/DataHunt/venv/lib/python3.11/site-packages/airflow/example_dags/example_time_delta_sensor_async.py for tasks to queue
[2023-08-15T21:52:48.387+0300] {logging_mixin.py:150} INFO - [2023-08-15T21:52:48.385+0300] {dagbag.py:541} INFO - Filling up the DagBag from /mnt/kali/DataHunt/venv/lib/python3.11/site-packages/airflow/example_dags/example_time_delta_sensor_async.py
[2023-08-15T21:52:48.407+0300] {processor.py:836} INFO - DAG(s) dict_keys(['example_time_delta_sensor_async']) retrieved from /mnt/kali/DataHunt/venv/lib/python3.11/site-packages/airflow/example_dags/example_time_delta_sensor_async.py
[2023-08-15T21:52:48.533+0300] {logging_mixin.py:150} INFO - [2023-08-15T21:52:48.532+0300] {dag.py:2742} INFO - Sync 1 DAGs
[2023-08-15T21:52:48.619+0300] {logging_mixin.py:150} INFO - [2023-08-15T21:52:48.618+0300] {dag.py:3504} INFO - Setting next_dagrun for example_time_delta_sensor_async to None, run_after=None
[2023-08-15T21:52:48.681+0300] {processor.py:179} INFO - Processing /mnt/kali/DataHunt/venv/lib/python3.11/site-packages/airflow/example_dags/example_time_delta_sensor_async.py took 0.313 seconds
[2023-08-15T21:53:19.173+0300] {processor.py:157} INFO - Started process (PID=238768) to work on /mnt/kali/DataHunt/venv/lib/python3.11/site-packages/airflow/example_dags/example_time_delta_sensor_async.py
[2023-08-15T21:53:19.190+0300] {processor.py:826} INFO - Processing file /mnt/kali/DataHunt/venv/lib/python3.11/site-packages/airflow/example_dags/example_time_delta_sensor_async.py for tasks to queue
[2023-08-15T21:53:19.193+0300] {logging_mixin.py:150} INFO - [2023-08-15T21:53:19.192+0300] {dagbag.py:541} INFO - Filling up the DagBag from /mnt/kali/DataHunt/venv/lib/python3.11/site-packages/airflow/example_dags/example_time_delta_sensor_async.py
[2023-08-15T21:53:19.212+0300] {processor.py:836} INFO - DAG(s) dict_keys(['example_time_delta_sensor_async']) retrieved from /mnt/kali/DataHunt/venv/lib/python3.11/site-packages/airflow/example_dags/example_time_delta_sensor_async.py
[2023-08-15T21:53:19.330+0300] {logging_mixin.py:150} INFO - [2023-08-15T21:53:19.330+0300] {dag.py:2742} INFO - Sync 1 DAGs
[2023-08-15T21:53:19.408+0300] {logging_mixin.py:150} INFO - [2023-08-15T21:53:19.408+0300] {dag.py:3504} INFO - Setting next_dagrun for example_time_delta_sensor_async to None, run_after=None
[2023-08-15T21:53:19.477+0300] {processor.py:179} INFO - Processing /mnt/kali/DataHunt/venv/lib/python3.11/site-packages/airflow/example_dags/example_time_delta_sensor_async.py took 0.315 seconds
[2023-08-15T21:53:50.071+0300] {processor.py:157} INFO - Started process (PID=239346) to work on /mnt/kali/DataHunt/venv/lib/python3.11/site-packages/airflow/example_dags/example_time_delta_sensor_async.py
[2023-08-15T21:53:50.091+0300] {processor.py:826} INFO - Processing file /mnt/kali/DataHunt/venv/lib/python3.11/site-packages/airflow/example_dags/example_time_delta_sensor_async.py for tasks to queue
[2023-08-15T21:53:50.095+0300] {logging_mixin.py:150} INFO - [2023-08-15T21:53:50.093+0300] {dagbag.py:541} INFO - Filling up the DagBag from /mnt/kali/DataHunt/venv/lib/python3.11/site-packages/airflow/example_dags/example_time_delta_sensor_async.py
[2023-08-15T21:53:50.124+0300] {processor.py:836} INFO - DAG(s) dict_keys(['example_time_delta_sensor_async']) retrieved from /mnt/kali/DataHunt/venv/lib/python3.11/site-packages/airflow/example_dags/example_time_delta_sensor_async.py
[2023-08-15T21:53:50.296+0300] {logging_mixin.py:150} INFO - [2023-08-15T21:53:50.295+0300] {dag.py:2742} INFO - Sync 1 DAGs
[2023-08-15T21:53:50.389+0300] {logging_mixin.py:150} INFO - [2023-08-15T21:53:50.388+0300] {dag.py:3504} INFO - Setting next_dagrun for example_time_delta_sensor_async to None, run_after=None
[2023-08-15T21:53:50.475+0300] {processor.py:179} INFO - Processing /mnt/kali/DataHunt/venv/lib/python3.11/site-packages/airflow/example_dags/example_time_delta_sensor_async.py took 0.420 seconds
[2023-08-15T21:54:20.930+0300] {processor.py:157} INFO - Started process (PID=239951) to work on /mnt/kali/DataHunt/venv/lib/python3.11/site-packages/airflow/example_dags/example_time_delta_sensor_async.py
[2023-08-15T21:54:20.943+0300] {processor.py:826} INFO - Processing file /mnt/kali/DataHunt/venv/lib/python3.11/site-packages/airflow/example_dags/example_time_delta_sensor_async.py for tasks to queue
[2023-08-15T21:54:20.945+0300] {logging_mixin.py:150} INFO - [2023-08-15T21:54:20.944+0300] {dagbag.py:541} INFO - Filling up the DagBag from /mnt/kali/DataHunt/venv/lib/python3.11/site-packages/airflow/example_dags/example_time_delta_sensor_async.py
[2023-08-15T21:54:21.000+0300] {processor.py:836} INFO - DAG(s) dict_keys(['example_time_delta_sensor_async']) retrieved from /mnt/kali/DataHunt/venv/lib/python3.11/site-packages/airflow/example_dags/example_time_delta_sensor_async.py
[2023-08-15T21:54:21.172+0300] {logging_mixin.py:150} INFO - [2023-08-15T21:54:21.172+0300] {dag.py:2742} INFO - Sync 1 DAGs
[2023-08-15T21:54:21.314+0300] {logging_mixin.py:150} INFO - [2023-08-15T21:54:21.313+0300] {dag.py:3504} INFO - Setting next_dagrun for example_time_delta_sensor_async to None, run_after=None
[2023-08-15T21:54:21.435+0300] {processor.py:179} INFO - Processing /mnt/kali/DataHunt/venv/lib/python3.11/site-packages/airflow/example_dags/example_time_delta_sensor_async.py took 0.535 seconds
[2023-08-15T21:54:52.579+0300] {processor.py:157} INFO - Started process (PID=240333) to work on /mnt/kali/DataHunt/venv/lib/python3.11/site-packages/airflow/example_dags/example_time_delta_sensor_async.py
[2023-08-15T21:54:52.595+0300] {processor.py:826} INFO - Processing file /mnt/kali/DataHunt/venv/lib/python3.11/site-packages/airflow/example_dags/example_time_delta_sensor_async.py for tasks to queue
[2023-08-15T21:54:52.599+0300] {logging_mixin.py:150} INFO - [2023-08-15T21:54:52.596+0300] {dagbag.py:541} INFO - Filling up the DagBag from /mnt/kali/DataHunt/venv/lib/python3.11/site-packages/airflow/example_dags/example_time_delta_sensor_async.py
[2023-08-15T21:54:52.643+0300] {processor.py:836} INFO - DAG(s) dict_keys(['example_time_delta_sensor_async']) retrieved from /mnt/kali/DataHunt/venv/lib/python3.11/site-packages/airflow/example_dags/example_time_delta_sensor_async.py
[2023-08-15T21:54:52.854+0300] {logging_mixin.py:150} INFO - [2023-08-15T21:54:52.852+0300] {dag.py:2742} INFO - Sync 1 DAGs
[2023-08-15T21:54:52.991+0300] {logging_mixin.py:150} INFO - [2023-08-15T21:54:52.991+0300] {dag.py:3504} INFO - Setting next_dagrun for example_time_delta_sensor_async to None, run_after=None
[2023-08-15T21:54:53.153+0300] {processor.py:179} INFO - Processing /mnt/kali/DataHunt/venv/lib/python3.11/site-packages/airflow/example_dags/example_time_delta_sensor_async.py took 0.605 seconds
[2023-08-15T21:55:24.011+0300] {processor.py:157} INFO - Started process (PID=240743) to work on /mnt/kali/DataHunt/venv/lib/python3.11/site-packages/airflow/example_dags/example_time_delta_sensor_async.py
[2023-08-15T21:55:24.018+0300] {processor.py:826} INFO - Processing file /mnt/kali/DataHunt/venv/lib/python3.11/site-packages/airflow/example_dags/example_time_delta_sensor_async.py for tasks to queue
[2023-08-15T21:55:24.021+0300] {logging_mixin.py:150} INFO - [2023-08-15T21:55:24.020+0300] {dagbag.py:541} INFO - Filling up the DagBag from /mnt/kali/DataHunt/venv/lib/python3.11/site-packages/airflow/example_dags/example_time_delta_sensor_async.py
[2023-08-15T21:55:24.047+0300] {processor.py:836} INFO - DAG(s) dict_keys(['example_time_delta_sensor_async']) retrieved from /mnt/kali/DataHunt/venv/lib/python3.11/site-packages/airflow/example_dags/example_time_delta_sensor_async.py
[2023-08-15T21:55:24.720+0300] {logging_mixin.py:150} INFO - [2023-08-15T21:55:24.719+0300] {dag.py:2742} INFO - Sync 1 DAGs
[2023-08-15T21:55:25.092+0300] {logging_mixin.py:150} INFO - [2023-08-15T21:55:25.092+0300] {dag.py:3504} INFO - Setting next_dagrun for example_time_delta_sensor_async to None, run_after=None
[2023-08-15T21:55:25.319+0300] {processor.py:179} INFO - Processing /mnt/kali/DataHunt/venv/lib/python3.11/site-packages/airflow/example_dags/example_time_delta_sensor_async.py took 1.347 seconds
[2023-08-15T21:55:55.585+0300] {processor.py:157} INFO - Started process (PID=241119) to work on /mnt/kali/DataHunt/venv/lib/python3.11/site-packages/airflow/example_dags/example_time_delta_sensor_async.py
[2023-08-15T21:55:55.589+0300] {processor.py:826} INFO - Processing file /mnt/kali/DataHunt/venv/lib/python3.11/site-packages/airflow/example_dags/example_time_delta_sensor_async.py for tasks to queue
[2023-08-15T21:55:55.591+0300] {logging_mixin.py:150} INFO - [2023-08-15T21:55:55.590+0300] {dagbag.py:541} INFO - Filling up the DagBag from /mnt/kali/DataHunt/venv/lib/python3.11/site-packages/airflow/example_dags/example_time_delta_sensor_async.py
[2023-08-15T21:55:55.608+0300] {processor.py:836} INFO - DAG(s) dict_keys(['example_time_delta_sensor_async']) retrieved from /mnt/kali/DataHunt/venv/lib/python3.11/site-packages/airflow/example_dags/example_time_delta_sensor_async.py
[2023-08-15T21:55:55.761+0300] {logging_mixin.py:150} INFO - [2023-08-15T21:55:55.760+0300] {dag.py:2742} INFO - Sync 1 DAGs
[2023-08-15T21:55:55.904+0300] {logging_mixin.py:150} INFO - [2023-08-15T21:55:55.904+0300] {dag.py:3504} INFO - Setting next_dagrun for example_time_delta_sensor_async to None, run_after=None
[2023-08-15T21:55:56.075+0300] {processor.py:179} INFO - Processing /mnt/kali/DataHunt/venv/lib/python3.11/site-packages/airflow/example_dags/example_time_delta_sensor_async.py took 0.506 seconds
[2023-08-15T21:56:26.243+0300] {processor.py:157} INFO - Started process (PID=241702) to work on /mnt/kali/DataHunt/venv/lib/python3.11/site-packages/airflow/example_dags/example_time_delta_sensor_async.py
[2023-08-15T21:56:26.263+0300] {processor.py:826} INFO - Processing file /mnt/kali/DataHunt/venv/lib/python3.11/site-packages/airflow/example_dags/example_time_delta_sensor_async.py for tasks to queue
[2023-08-15T21:56:26.270+0300] {logging_mixin.py:150} INFO - [2023-08-15T21:56:26.268+0300] {dagbag.py:541} INFO - Filling up the DagBag from /mnt/kali/DataHunt/venv/lib/python3.11/site-packages/airflow/example_dags/example_time_delta_sensor_async.py
[2023-08-15T21:56:26.291+0300] {processor.py:836} INFO - DAG(s) dict_keys(['example_time_delta_sensor_async']) retrieved from /mnt/kali/DataHunt/venv/lib/python3.11/site-packages/airflow/example_dags/example_time_delta_sensor_async.py
[2023-08-15T21:56:26.385+0300] {logging_mixin.py:150} INFO - [2023-08-15T21:56:26.384+0300] {dag.py:2742} INFO - Sync 1 DAGs
[2023-08-15T21:56:26.472+0300] {logging_mixin.py:150} INFO - [2023-08-15T21:56:26.472+0300] {dag.py:3504} INFO - Setting next_dagrun for example_time_delta_sensor_async to None, run_after=None
[2023-08-15T21:56:26.532+0300] {processor.py:179} INFO - Processing /mnt/kali/DataHunt/venv/lib/python3.11/site-packages/airflow/example_dags/example_time_delta_sensor_async.py took 0.304 seconds
[2023-08-15T21:56:56.933+0300] {processor.py:157} INFO - Started process (PID=242312) to work on /mnt/kali/DataHunt/venv/lib/python3.11/site-packages/airflow/example_dags/example_time_delta_sensor_async.py
[2023-08-15T21:56:56.962+0300] {processor.py:826} INFO - Processing file /mnt/kali/DataHunt/venv/lib/python3.11/site-packages/airflow/example_dags/example_time_delta_sensor_async.py for tasks to queue
[2023-08-15T21:56:56.965+0300] {logging_mixin.py:150} INFO - [2023-08-15T21:56:56.964+0300] {dagbag.py:541} INFO - Filling up the DagBag from /mnt/kali/DataHunt/venv/lib/python3.11/site-packages/airflow/example_dags/example_time_delta_sensor_async.py
[2023-08-15T21:56:56.983+0300] {processor.py:836} INFO - DAG(s) dict_keys(['example_time_delta_sensor_async']) retrieved from /mnt/kali/DataHunt/venv/lib/python3.11/site-packages/airflow/example_dags/example_time_delta_sensor_async.py
[2023-08-15T21:56:57.097+0300] {logging_mixin.py:150} INFO - [2023-08-15T21:56:57.097+0300] {dag.py:2742} INFO - Sync 1 DAGs
[2023-08-15T21:56:57.208+0300] {logging_mixin.py:150} INFO - [2023-08-15T21:56:57.207+0300] {dag.py:3504} INFO - Setting next_dagrun for example_time_delta_sensor_async to None, run_after=None
[2023-08-15T21:56:57.285+0300] {processor.py:179} INFO - Processing /mnt/kali/DataHunt/venv/lib/python3.11/site-packages/airflow/example_dags/example_time_delta_sensor_async.py took 0.370 seconds
[2023-08-15T21:57:28.003+0300] {processor.py:157} INFO - Started process (PID=242803) to work on /mnt/kali/DataHunt/venv/lib/python3.11/site-packages/airflow/example_dags/example_time_delta_sensor_async.py
[2023-08-15T21:57:28.018+0300] {processor.py:826} INFO - Processing file /mnt/kali/DataHunt/venv/lib/python3.11/site-packages/airflow/example_dags/example_time_delta_sensor_async.py for tasks to queue
[2023-08-15T21:57:28.021+0300] {logging_mixin.py:150} INFO - [2023-08-15T21:57:28.020+0300] {dagbag.py:541} INFO - Filling up the DagBag from /mnt/kali/DataHunt/venv/lib/python3.11/site-packages/airflow/example_dags/example_time_delta_sensor_async.py
[2023-08-15T21:57:28.038+0300] {processor.py:836} INFO - DAG(s) dict_keys(['example_time_delta_sensor_async']) retrieved from /mnt/kali/DataHunt/venv/lib/python3.11/site-packages/airflow/example_dags/example_time_delta_sensor_async.py
[2023-08-15T21:57:28.161+0300] {logging_mixin.py:150} INFO - [2023-08-15T21:57:28.160+0300] {dag.py:2742} INFO - Sync 1 DAGs
[2023-08-15T21:57:28.248+0300] {logging_mixin.py:150} INFO - [2023-08-15T21:57:28.248+0300] {dag.py:3504} INFO - Setting next_dagrun for example_time_delta_sensor_async to None, run_after=None
[2023-08-15T21:57:28.331+0300] {processor.py:179} INFO - Processing /mnt/kali/DataHunt/venv/lib/python3.11/site-packages/airflow/example_dags/example_time_delta_sensor_async.py took 0.340 seconds
[2023-08-15T21:57:58.735+0300] {processor.py:157} INFO - Started process (PID=243237) to work on /mnt/kali/DataHunt/venv/lib/python3.11/site-packages/airflow/example_dags/example_time_delta_sensor_async.py
[2023-08-15T21:57:58.739+0300] {processor.py:826} INFO - Processing file /mnt/kali/DataHunt/venv/lib/python3.11/site-packages/airflow/example_dags/example_time_delta_sensor_async.py for tasks to queue
[2023-08-15T21:57:58.743+0300] {logging_mixin.py:150} INFO - [2023-08-15T21:57:58.742+0300] {dagbag.py:541} INFO - Filling up the DagBag from /mnt/kali/DataHunt/venv/lib/python3.11/site-packages/airflow/example_dags/example_time_delta_sensor_async.py
[2023-08-15T21:57:58.763+0300] {processor.py:836} INFO - DAG(s) dict_keys(['example_time_delta_sensor_async']) retrieved from /mnt/kali/DataHunt/venv/lib/python3.11/site-packages/airflow/example_dags/example_time_delta_sensor_async.py
[2023-08-15T21:57:59.015+0300] {logging_mixin.py:150} INFO - [2023-08-15T21:57:59.014+0300] {dag.py:2742} INFO - Sync 1 DAGs
[2023-08-15T21:57:59.162+0300] {logging_mixin.py:150} INFO - [2023-08-15T21:57:59.160+0300] {dag.py:3504} INFO - Setting next_dagrun for example_time_delta_sensor_async to None, run_after=None
[2023-08-15T21:57:59.259+0300] {processor.py:179} INFO - Processing /mnt/kali/DataHunt/venv/lib/python3.11/site-packages/airflow/example_dags/example_time_delta_sensor_async.py took 0.537 seconds
