[2023-08-15T21:24:54.982+0300] {processor.py:157} INFO - Started process (PID=214104) to work on /mnt/kali/DataHunt/venv/lib/python3.11/site-packages/airflow/example_dags/example_params_ui_tutorial.py
[2023-08-15T21:24:54.985+0300] {processor.py:826} INFO - Processing file /mnt/kali/DataHunt/venv/lib/python3.11/site-packages/airflow/example_dags/example_params_ui_tutorial.py for tasks to queue
[2023-08-15T21:24:54.989+0300] {logging_mixin.py:150} INFO - [2023-08-15T21:24:54.987+0300] {dagbag.py:541} INFO - Filling up the DagBag from /mnt/kali/DataHunt/venv/lib/python3.11/site-packages/airflow/example_dags/example_params_ui_tutorial.py
[2023-08-15T21:24:55.210+0300] {processor.py:836} INFO - DAG(s) dict_keys(['example_params_ui_tutorial']) retrieved from /mnt/kali/DataHunt/venv/lib/python3.11/site-packages/airflow/example_dags/example_params_ui_tutorial.py
[2023-08-15T21:24:56.903+0300] {logging_mixin.py:150} INFO - [2023-08-15T21:24:56.894+0300] {manager.py:504} INFO - Created Permission View: can edit on DAG:example_params_ui_tutorial
[2023-08-15T21:24:57.436+0300] {logging_mixin.py:150} INFO - [2023-08-15T21:24:57.436+0300] {manager.py:504} INFO - Created Permission View: can delete on DAG:example_params_ui_tutorial
[2023-08-15T21:24:57.623+0300] {logging_mixin.py:150} INFO - [2023-08-15T21:24:57.622+0300] {manager.py:504} INFO - Created Permission View: can read on DAG:example_params_ui_tutorial
[2023-08-15T21:24:57.817+0300] {logging_mixin.py:150} INFO - [2023-08-15T21:24:57.816+0300] {dag.py:2742} INFO - Sync 1 DAGs
[2023-08-15T21:24:57.978+0300] {logging_mixin.py:150} INFO - [2023-08-15T21:24:57.977+0300] {dag.py:2763} INFO - Creating ORM DAG for example_params_ui_tutorial
[2023-08-15T21:24:58.067+0300] {logging_mixin.py:150} INFO - [2023-08-15T21:24:58.066+0300] {dag.py:3504} INFO - Setting next_dagrun for example_params_ui_tutorial to None, run_after=None
[2023-08-15T21:24:58.544+0300] {processor.py:179} INFO - Processing /mnt/kali/DataHunt/venv/lib/python3.11/site-packages/airflow/example_dags/example_params_ui_tutorial.py took 3.584 seconds
[2023-08-15T21:27:32.516+0300] {processor.py:157} INFO - Started process (PID=215860) to work on /mnt/kali/DataHunt/venv/lib/python3.11/site-packages/airflow/example_dags/example_params_ui_tutorial.py
[2023-08-15T21:27:32.543+0300] {processor.py:826} INFO - Processing file /mnt/kali/DataHunt/venv/lib/python3.11/site-packages/airflow/example_dags/example_params_ui_tutorial.py for tasks to queue
[2023-08-15T21:27:32.546+0300] {logging_mixin.py:150} INFO - [2023-08-15T21:27:32.544+0300] {dagbag.py:541} INFO - Filling up the DagBag from /mnt/kali/DataHunt/venv/lib/python3.11/site-packages/airflow/example_dags/example_params_ui_tutorial.py
[2023-08-15T21:27:32.623+0300] {processor.py:836} INFO - DAG(s) dict_keys(['example_params_ui_tutorial']) retrieved from /mnt/kali/DataHunt/venv/lib/python3.11/site-packages/airflow/example_dags/example_params_ui_tutorial.py
[2023-08-15T21:27:33.066+0300] {logging_mixin.py:150} INFO - [2023-08-15T21:27:33.066+0300] {dag.py:2742} INFO - Sync 1 DAGs
[2023-08-15T21:27:33.429+0300] {logging_mixin.py:150} INFO - [2023-08-15T21:27:33.405+0300] {dag.py:3504} INFO - Setting next_dagrun for example_params_ui_tutorial to None, run_after=None
[2023-08-15T21:27:33.787+0300] {processor.py:179} INFO - Processing /mnt/kali/DataHunt/venv/lib/python3.11/site-packages/airflow/example_dags/example_params_ui_tutorial.py took 1.293 seconds
[2023-08-15T21:29:14.710+0300] {processor.py:157} INFO - Started process (PID=217118) to work on /mnt/kali/DataHunt/venv/lib/python3.11/site-packages/airflow/example_dags/example_params_ui_tutorial.py
[2023-08-15T21:29:14.721+0300] {processor.py:826} INFO - Processing file /mnt/kali/DataHunt/venv/lib/python3.11/site-packages/airflow/example_dags/example_params_ui_tutorial.py for tasks to queue
[2023-08-15T21:29:14.727+0300] {logging_mixin.py:150} INFO - [2023-08-15T21:29:14.726+0300] {dagbag.py:541} INFO - Filling up the DagBag from /mnt/kali/DataHunt/venv/lib/python3.11/site-packages/airflow/example_dags/example_params_ui_tutorial.py
[2023-08-15T21:29:14.960+0300] {processor.py:836} INFO - DAG(s) dict_keys(['example_params_ui_tutorial']) retrieved from /mnt/kali/DataHunt/venv/lib/python3.11/site-packages/airflow/example_dags/example_params_ui_tutorial.py
[2023-08-15T21:29:15.105+0300] {logging_mixin.py:150} INFO - [2023-08-15T21:29:15.105+0300] {dag.py:2742} INFO - Sync 1 DAGs
[2023-08-15T21:29:15.192+0300] {logging_mixin.py:150} INFO - [2023-08-15T21:29:15.191+0300] {dag.py:3504} INFO - Setting next_dagrun for example_params_ui_tutorial to None, run_after=None
[2023-08-15T21:29:15.647+0300] {processor.py:179} INFO - Processing /mnt/kali/DataHunt/venv/lib/python3.11/site-packages/airflow/example_dags/example_params_ui_tutorial.py took 0.977 seconds
[2023-08-15T21:47:29.310+0300] {processor.py:157} INFO - Started process (PID=233721) to work on /mnt/kali/DataHunt/venv/lib/python3.11/site-packages/airflow/example_dags/example_params_ui_tutorial.py
[2023-08-15T21:47:29.354+0300] {processor.py:826} INFO - Processing file /mnt/kali/DataHunt/venv/lib/python3.11/site-packages/airflow/example_dags/example_params_ui_tutorial.py for tasks to queue
[2023-08-15T21:47:29.357+0300] {logging_mixin.py:150} INFO - [2023-08-15T21:47:29.356+0300] {dagbag.py:541} INFO - Filling up the DagBag from /mnt/kali/DataHunt/venv/lib/python3.11/site-packages/airflow/example_dags/example_params_ui_tutorial.py
[2023-08-15T21:47:29.419+0300] {processor.py:836} INFO - DAG(s) dict_keys(['example_params_ui_tutorial']) retrieved from /mnt/kali/DataHunt/venv/lib/python3.11/site-packages/airflow/example_dags/example_params_ui_tutorial.py
[2023-08-15T21:47:30.066+0300] {logging_mixin.py:150} INFO - [2023-08-15T21:47:30.065+0300] {manager.py:504} INFO - Created Permission View: can read on DAG:example_params_ui_tutorial
[2023-08-15T21:47:30.148+0300] {logging_mixin.py:150} INFO - [2023-08-15T21:47:30.147+0300] {manager.py:504} INFO - Created Permission View: can delete on DAG:example_params_ui_tutorial
[2023-08-15T21:47:30.237+0300] {logging_mixin.py:150} INFO - [2023-08-15T21:47:30.236+0300] {manager.py:504} INFO - Created Permission View: can edit on DAG:example_params_ui_tutorial
[2023-08-15T21:47:30.300+0300] {logging_mixin.py:150} INFO - [2023-08-15T21:47:30.297+0300] {dag.py:2742} INFO - Sync 1 DAGs
[2023-08-15T21:47:30.342+0300] {logging_mixin.py:150} INFO - [2023-08-15T21:47:30.341+0300] {dag.py:2763} INFO - Creating ORM DAG for example_params_ui_tutorial
[2023-08-15T21:47:30.367+0300] {logging_mixin.py:150} INFO - [2023-08-15T21:47:30.367+0300] {dag.py:3504} INFO - Setting next_dagrun for example_params_ui_tutorial to None, run_after=None
[2023-08-15T21:47:30.512+0300] {processor.py:179} INFO - Processing /mnt/kali/DataHunt/venv/lib/python3.11/site-packages/airflow/example_dags/example_params_ui_tutorial.py took 1.212 seconds
[2023-08-15T21:48:01.234+0300] {processor.py:157} INFO - Started process (PID=234098) to work on /mnt/kali/DataHunt/venv/lib/python3.11/site-packages/airflow/example_dags/example_params_ui_tutorial.py
[2023-08-15T21:48:01.236+0300] {processor.py:826} INFO - Processing file /mnt/kali/DataHunt/venv/lib/python3.11/site-packages/airflow/example_dags/example_params_ui_tutorial.py for tasks to queue
[2023-08-15T21:48:01.239+0300] {logging_mixin.py:150} INFO - [2023-08-15T21:48:01.238+0300] {dagbag.py:541} INFO - Filling up the DagBag from /mnt/kali/DataHunt/venv/lib/python3.11/site-packages/airflow/example_dags/example_params_ui_tutorial.py
[2023-08-15T21:48:01.328+0300] {processor.py:836} INFO - DAG(s) dict_keys(['example_params_ui_tutorial']) retrieved from /mnt/kali/DataHunt/venv/lib/python3.11/site-packages/airflow/example_dags/example_params_ui_tutorial.py
[2023-08-15T21:48:01.479+0300] {logging_mixin.py:150} INFO - [2023-08-15T21:48:01.478+0300] {dag.py:2742} INFO - Sync 1 DAGs
[2023-08-15T21:48:01.539+0300] {logging_mixin.py:150} INFO - [2023-08-15T21:48:01.538+0300] {dag.py:3504} INFO - Setting next_dagrun for example_params_ui_tutorial to None, run_after=None
[2023-08-15T21:48:01.631+0300] {processor.py:179} INFO - Processing /mnt/kali/DataHunt/venv/lib/python3.11/site-packages/airflow/example_dags/example_params_ui_tutorial.py took 0.419 seconds
[2023-08-15T21:48:32.212+0300] {processor.py:157} INFO - Started process (PID=234551) to work on /mnt/kali/DataHunt/venv/lib/python3.11/site-packages/airflow/example_dags/example_params_ui_tutorial.py
[2023-08-15T21:48:32.251+0300] {processor.py:826} INFO - Processing file /mnt/kali/DataHunt/venv/lib/python3.11/site-packages/airflow/example_dags/example_params_ui_tutorial.py for tasks to queue
[2023-08-15T21:48:32.253+0300] {logging_mixin.py:150} INFO - [2023-08-15T21:48:32.252+0300] {dagbag.py:541} INFO - Filling up the DagBag from /mnt/kali/DataHunt/venv/lib/python3.11/site-packages/airflow/example_dags/example_params_ui_tutorial.py
[2023-08-15T21:48:32.364+0300] {processor.py:836} INFO - DAG(s) dict_keys(['example_params_ui_tutorial']) retrieved from /mnt/kali/DataHunt/venv/lib/python3.11/site-packages/airflow/example_dags/example_params_ui_tutorial.py
[2023-08-15T21:48:32.526+0300] {logging_mixin.py:150} INFO - [2023-08-15T21:48:32.525+0300] {dag.py:2742} INFO - Sync 1 DAGs
[2023-08-15T21:48:32.592+0300] {logging_mixin.py:150} INFO - [2023-08-15T21:48:32.591+0300] {dag.py:3504} INFO - Setting next_dagrun for example_params_ui_tutorial to None, run_after=None
[2023-08-15T21:48:33.405+0300] {processor.py:179} INFO - Processing /mnt/kali/DataHunt/venv/lib/python3.11/site-packages/airflow/example_dags/example_params_ui_tutorial.py took 1.204 seconds
[2023-08-15T21:49:03.805+0300] {processor.py:157} INFO - Started process (PID=235073) to work on /mnt/kali/DataHunt/venv/lib/python3.11/site-packages/airflow/example_dags/example_params_ui_tutorial.py
[2023-08-15T21:49:03.818+0300] {processor.py:826} INFO - Processing file /mnt/kali/DataHunt/venv/lib/python3.11/site-packages/airflow/example_dags/example_params_ui_tutorial.py for tasks to queue
[2023-08-15T21:49:03.821+0300] {logging_mixin.py:150} INFO - [2023-08-15T21:49:03.820+0300] {dagbag.py:541} INFO - Filling up the DagBag from /mnt/kali/DataHunt/venv/lib/python3.11/site-packages/airflow/example_dags/example_params_ui_tutorial.py
[2023-08-15T21:49:04.078+0300] {processor.py:836} INFO - DAG(s) dict_keys(['example_params_ui_tutorial']) retrieved from /mnt/kali/DataHunt/venv/lib/python3.11/site-packages/airflow/example_dags/example_params_ui_tutorial.py
[2023-08-15T21:49:04.297+0300] {logging_mixin.py:150} INFO - [2023-08-15T21:49:04.296+0300] {dag.py:2742} INFO - Sync 1 DAGs
[2023-08-15T21:49:04.394+0300] {logging_mixin.py:150} INFO - [2023-08-15T21:49:04.393+0300] {dag.py:3504} INFO - Setting next_dagrun for example_params_ui_tutorial to None, run_after=None
[2023-08-15T21:49:04.864+0300] {processor.py:179} INFO - Processing /mnt/kali/DataHunt/venv/lib/python3.11/site-packages/airflow/example_dags/example_params_ui_tutorial.py took 1.111 seconds
[2023-08-15T21:49:36.247+0300] {processor.py:157} INFO - Started process (PID=235643) to work on /mnt/kali/DataHunt/venv/lib/python3.11/site-packages/airflow/example_dags/example_params_ui_tutorial.py
[2023-08-15T21:49:36.331+0300] {processor.py:826} INFO - Processing file /mnt/kali/DataHunt/venv/lib/python3.11/site-packages/airflow/example_dags/example_params_ui_tutorial.py for tasks to queue
[2023-08-15T21:49:36.346+0300] {logging_mixin.py:150} INFO - [2023-08-15T21:49:36.333+0300] {dagbag.py:541} INFO - Filling up the DagBag from /mnt/kali/DataHunt/venv/lib/python3.11/site-packages/airflow/example_dags/example_params_ui_tutorial.py
[2023-08-15T21:49:37.765+0300] {processor.py:836} INFO - DAG(s) dict_keys(['example_params_ui_tutorial']) retrieved from /mnt/kali/DataHunt/venv/lib/python3.11/site-packages/airflow/example_dags/example_params_ui_tutorial.py
[2023-08-15T21:49:38.223+0300] {logging_mixin.py:150} INFO - [2023-08-15T21:49:38.222+0300] {dag.py:2742} INFO - Sync 1 DAGs
[2023-08-15T21:49:38.383+0300] {logging_mixin.py:150} INFO - [2023-08-15T21:49:38.382+0300] {dag.py:3504} INFO - Setting next_dagrun for example_params_ui_tutorial to None, run_after=None
[2023-08-15T21:49:38.537+0300] {processor.py:179} INFO - Processing /mnt/kali/DataHunt/venv/lib/python3.11/site-packages/airflow/example_dags/example_params_ui_tutorial.py took 2.360 seconds
[2023-08-15T21:50:08.839+0300] {processor.py:157} INFO - Started process (PID=236025) to work on /mnt/kali/DataHunt/venv/lib/python3.11/site-packages/airflow/example_dags/example_params_ui_tutorial.py
[2023-08-15T21:50:08.841+0300] {processor.py:826} INFO - Processing file /mnt/kali/DataHunt/venv/lib/python3.11/site-packages/airflow/example_dags/example_params_ui_tutorial.py for tasks to queue
[2023-08-15T21:50:08.844+0300] {logging_mixin.py:150} INFO - [2023-08-15T21:50:08.843+0300] {dagbag.py:541} INFO - Filling up the DagBag from /mnt/kali/DataHunt/venv/lib/python3.11/site-packages/airflow/example_dags/example_params_ui_tutorial.py
[2023-08-15T21:50:08.941+0300] {processor.py:836} INFO - DAG(s) dict_keys(['example_params_ui_tutorial']) retrieved from /mnt/kali/DataHunt/venv/lib/python3.11/site-packages/airflow/example_dags/example_params_ui_tutorial.py
[2023-08-15T21:50:09.124+0300] {logging_mixin.py:150} INFO - [2023-08-15T21:50:09.124+0300] {dag.py:2742} INFO - Sync 1 DAGs
[2023-08-15T21:50:09.197+0300] {logging_mixin.py:150} INFO - [2023-08-15T21:50:09.196+0300] {dag.py:3504} INFO - Setting next_dagrun for example_params_ui_tutorial to None, run_after=None
[2023-08-15T21:50:09.324+0300] {processor.py:179} INFO - Processing /mnt/kali/DataHunt/venv/lib/python3.11/site-packages/airflow/example_dags/example_params_ui_tutorial.py took 0.497 seconds
[2023-08-15T21:50:46.321+0300] {processor.py:157} INFO - Started process (PID=236484) to work on /mnt/kali/DataHunt/venv/lib/python3.11/site-packages/airflow/example_dags/example_params_ui_tutorial.py
[2023-08-15T21:50:46.335+0300] {processor.py:826} INFO - Processing file /mnt/kali/DataHunt/venv/lib/python3.11/site-packages/airflow/example_dags/example_params_ui_tutorial.py for tasks to queue
[2023-08-15T21:50:46.338+0300] {logging_mixin.py:150} INFO - [2023-08-15T21:50:46.337+0300] {dagbag.py:541} INFO - Filling up the DagBag from /mnt/kali/DataHunt/venv/lib/python3.11/site-packages/airflow/example_dags/example_params_ui_tutorial.py
[2023-08-15T21:50:46.435+0300] {processor.py:836} INFO - DAG(s) dict_keys(['example_params_ui_tutorial']) retrieved from /mnt/kali/DataHunt/venv/lib/python3.11/site-packages/airflow/example_dags/example_params_ui_tutorial.py
[2023-08-15T21:50:46.646+0300] {logging_mixin.py:150} INFO - [2023-08-15T21:50:46.645+0300] {dag.py:2742} INFO - Sync 1 DAGs
[2023-08-15T21:50:46.896+0300] {logging_mixin.py:150} INFO - [2023-08-15T21:50:46.895+0300] {dag.py:3504} INFO - Setting next_dagrun for example_params_ui_tutorial to None, run_after=None
[2023-08-15T21:50:47.160+0300] {processor.py:179} INFO - Processing /mnt/kali/DataHunt/venv/lib/python3.11/site-packages/airflow/example_dags/example_params_ui_tutorial.py took 0.863 seconds
[2023-08-15T21:51:17.477+0300] {processor.py:157} INFO - Started process (PID=236887) to work on /mnt/kali/DataHunt/venv/lib/python3.11/site-packages/airflow/example_dags/example_params_ui_tutorial.py
[2023-08-15T21:51:17.547+0300] {processor.py:826} INFO - Processing file /mnt/kali/DataHunt/venv/lib/python3.11/site-packages/airflow/example_dags/example_params_ui_tutorial.py for tasks to queue
[2023-08-15T21:51:17.549+0300] {logging_mixin.py:150} INFO - [2023-08-15T21:51:17.548+0300] {dagbag.py:541} INFO - Filling up the DagBag from /mnt/kali/DataHunt/venv/lib/python3.11/site-packages/airflow/example_dags/example_params_ui_tutorial.py
[2023-08-15T21:51:17.686+0300] {processor.py:836} INFO - DAG(s) dict_keys(['example_params_ui_tutorial']) retrieved from /mnt/kali/DataHunt/venv/lib/python3.11/site-packages/airflow/example_dags/example_params_ui_tutorial.py
[2023-08-15T21:51:18.160+0300] {logging_mixin.py:150} INFO - [2023-08-15T21:51:18.157+0300] {dag.py:2742} INFO - Sync 1 DAGs
[2023-08-15T21:51:18.379+0300] {logging_mixin.py:150} INFO - [2023-08-15T21:51:18.378+0300] {dag.py:3504} INFO - Setting next_dagrun for example_params_ui_tutorial to None, run_after=None
[2023-08-15T21:51:18.675+0300] {processor.py:179} INFO - Processing /mnt/kali/DataHunt/venv/lib/python3.11/site-packages/airflow/example_dags/example_params_ui_tutorial.py took 1.208 seconds
[2023-08-15T21:51:49.187+0300] {processor.py:157} INFO - Started process (PID=237499) to work on /mnt/kali/DataHunt/venv/lib/python3.11/site-packages/airflow/example_dags/example_params_ui_tutorial.py
[2023-08-15T21:51:49.518+0300] {processor.py:826} INFO - Processing file /mnt/kali/DataHunt/venv/lib/python3.11/site-packages/airflow/example_dags/example_params_ui_tutorial.py for tasks to queue
[2023-08-15T21:51:49.520+0300] {logging_mixin.py:150} INFO - [2023-08-15T21:51:49.519+0300] {dagbag.py:541} INFO - Filling up the DagBag from /mnt/kali/DataHunt/venv/lib/python3.11/site-packages/airflow/example_dags/example_params_ui_tutorial.py
[2023-08-15T21:51:49.594+0300] {processor.py:836} INFO - DAG(s) dict_keys(['example_params_ui_tutorial']) retrieved from /mnt/kali/DataHunt/venv/lib/python3.11/site-packages/airflow/example_dags/example_params_ui_tutorial.py
[2023-08-15T21:51:49.720+0300] {logging_mixin.py:150} INFO - [2023-08-15T21:51:49.720+0300] {dag.py:2742} INFO - Sync 1 DAGs
[2023-08-15T21:51:49.771+0300] {logging_mixin.py:150} INFO - [2023-08-15T21:51:49.770+0300] {dag.py:3504} INFO - Setting next_dagrun for example_params_ui_tutorial to None, run_after=None
[2023-08-15T21:51:49.984+0300] {processor.py:179} INFO - Processing /mnt/kali/DataHunt/venv/lib/python3.11/site-packages/airflow/example_dags/example_params_ui_tutorial.py took 0.809 seconds
[2023-08-15T21:52:20.113+0300] {processor.py:157} INFO - Started process (PID=238011) to work on /mnt/kali/DataHunt/venv/lib/python3.11/site-packages/airflow/example_dags/example_params_ui_tutorial.py
[2023-08-15T21:52:20.116+0300] {processor.py:826} INFO - Processing file /mnt/kali/DataHunt/venv/lib/python3.11/site-packages/airflow/example_dags/example_params_ui_tutorial.py for tasks to queue
[2023-08-15T21:52:20.119+0300] {logging_mixin.py:150} INFO - [2023-08-15T21:52:20.117+0300] {dagbag.py:541} INFO - Filling up the DagBag from /mnt/kali/DataHunt/venv/lib/python3.11/site-packages/airflow/example_dags/example_params_ui_tutorial.py
[2023-08-15T21:52:20.211+0300] {processor.py:836} INFO - DAG(s) dict_keys(['example_params_ui_tutorial']) retrieved from /mnt/kali/DataHunt/venv/lib/python3.11/site-packages/airflow/example_dags/example_params_ui_tutorial.py
[2023-08-15T21:52:20.342+0300] {logging_mixin.py:150} INFO - [2023-08-15T21:52:20.342+0300] {dag.py:2742} INFO - Sync 1 DAGs
[2023-08-15T21:52:20.386+0300] {logging_mixin.py:150} INFO - [2023-08-15T21:52:20.386+0300] {dag.py:3504} INFO - Setting next_dagrun for example_params_ui_tutorial to None, run_after=None
[2023-08-15T21:52:20.434+0300] {processor.py:179} INFO - Processing /mnt/kali/DataHunt/venv/lib/python3.11/site-packages/airflow/example_dags/example_params_ui_tutorial.py took 0.335 seconds
[2023-08-15T21:52:50.907+0300] {processor.py:157} INFO - Started process (PID=238397) to work on /mnt/kali/DataHunt/venv/lib/python3.11/site-packages/airflow/example_dags/example_params_ui_tutorial.py
[2023-08-15T21:52:50.909+0300] {processor.py:826} INFO - Processing file /mnt/kali/DataHunt/venv/lib/python3.11/site-packages/airflow/example_dags/example_params_ui_tutorial.py for tasks to queue
[2023-08-15T21:52:50.912+0300] {logging_mixin.py:150} INFO - [2023-08-15T21:52:50.911+0300] {dagbag.py:541} INFO - Filling up the DagBag from /mnt/kali/DataHunt/venv/lib/python3.11/site-packages/airflow/example_dags/example_params_ui_tutorial.py
[2023-08-15T21:52:50.994+0300] {processor.py:836} INFO - DAG(s) dict_keys(['example_params_ui_tutorial']) retrieved from /mnt/kali/DataHunt/venv/lib/python3.11/site-packages/airflow/example_dags/example_params_ui_tutorial.py
[2023-08-15T21:52:51.116+0300] {logging_mixin.py:150} INFO - [2023-08-15T21:52:51.116+0300] {dag.py:2742} INFO - Sync 1 DAGs
[2023-08-15T21:52:51.179+0300] {logging_mixin.py:150} INFO - [2023-08-15T21:52:51.179+0300] {dag.py:3504} INFO - Setting next_dagrun for example_params_ui_tutorial to None, run_after=None
[2023-08-15T21:52:51.236+0300] {processor.py:179} INFO - Processing /mnt/kali/DataHunt/venv/lib/python3.11/site-packages/airflow/example_dags/example_params_ui_tutorial.py took 0.345 seconds
[2023-08-15T21:53:21.709+0300] {processor.py:157} INFO - Started process (PID=238823) to work on /mnt/kali/DataHunt/venv/lib/python3.11/site-packages/airflow/example_dags/example_params_ui_tutorial.py
[2023-08-15T21:53:21.791+0300] {processor.py:826} INFO - Processing file /mnt/kali/DataHunt/venv/lib/python3.11/site-packages/airflow/example_dags/example_params_ui_tutorial.py for tasks to queue
[2023-08-15T21:53:21.793+0300] {logging_mixin.py:150} INFO - [2023-08-15T21:53:21.792+0300] {dagbag.py:541} INFO - Filling up the DagBag from /mnt/kali/DataHunt/venv/lib/python3.11/site-packages/airflow/example_dags/example_params_ui_tutorial.py
[2023-08-15T21:53:21.868+0300] {processor.py:836} INFO - DAG(s) dict_keys(['example_params_ui_tutorial']) retrieved from /mnt/kali/DataHunt/venv/lib/python3.11/site-packages/airflow/example_dags/example_params_ui_tutorial.py
[2023-08-15T21:53:21.998+0300] {logging_mixin.py:150} INFO - [2023-08-15T21:53:21.998+0300] {dag.py:2742} INFO - Sync 1 DAGs
[2023-08-15T21:53:22.054+0300] {logging_mixin.py:150} INFO - [2023-08-15T21:53:22.054+0300] {dag.py:3504} INFO - Setting next_dagrun for example_params_ui_tutorial to None, run_after=None
[2023-08-15T21:53:22.500+0300] {processor.py:179} INFO - Processing /mnt/kali/DataHunt/venv/lib/python3.11/site-packages/airflow/example_dags/example_params_ui_tutorial.py took 0.800 seconds
[2023-08-15T21:53:53.157+0300] {processor.py:157} INFO - Started process (PID=239366) to work on /mnt/kali/DataHunt/venv/lib/python3.11/site-packages/airflow/example_dags/example_params_ui_tutorial.py
[2023-08-15T21:53:53.160+0300] {processor.py:826} INFO - Processing file /mnt/kali/DataHunt/venv/lib/python3.11/site-packages/airflow/example_dags/example_params_ui_tutorial.py for tasks to queue
[2023-08-15T21:53:53.190+0300] {logging_mixin.py:150} INFO - [2023-08-15T21:53:53.162+0300] {dagbag.py:541} INFO - Filling up the DagBag from /mnt/kali/DataHunt/venv/lib/python3.11/site-packages/airflow/example_dags/example_params_ui_tutorial.py
[2023-08-15T21:53:53.453+0300] {processor.py:836} INFO - DAG(s) dict_keys(['example_params_ui_tutorial']) retrieved from /mnt/kali/DataHunt/venv/lib/python3.11/site-packages/airflow/example_dags/example_params_ui_tutorial.py
[2023-08-15T21:53:54.058+0300] {logging_mixin.py:150} INFO - [2023-08-15T21:53:54.057+0300] {dag.py:2742} INFO - Sync 1 DAGs
[2023-08-15T21:53:54.366+0300] {logging_mixin.py:150} INFO - [2023-08-15T21:53:54.365+0300] {dag.py:3504} INFO - Setting next_dagrun for example_params_ui_tutorial to None, run_after=None
[2023-08-15T21:53:54.589+0300] {processor.py:179} INFO - Processing /mnt/kali/DataHunt/venv/lib/python3.11/site-packages/airflow/example_dags/example_params_ui_tutorial.py took 1.491 seconds
[2023-08-15T21:54:24.851+0300] {processor.py:157} INFO - Started process (PID=239964) to work on /mnt/kali/DataHunt/venv/lib/python3.11/site-packages/airflow/example_dags/example_params_ui_tutorial.py
[2023-08-15T21:54:24.853+0300] {processor.py:826} INFO - Processing file /mnt/kali/DataHunt/venv/lib/python3.11/site-packages/airflow/example_dags/example_params_ui_tutorial.py for tasks to queue
[2023-08-15T21:54:24.857+0300] {logging_mixin.py:150} INFO - [2023-08-15T21:54:24.855+0300] {dagbag.py:541} INFO - Filling up the DagBag from /mnt/kali/DataHunt/venv/lib/python3.11/site-packages/airflow/example_dags/example_params_ui_tutorial.py
[2023-08-15T21:54:24.953+0300] {processor.py:836} INFO - DAG(s) dict_keys(['example_params_ui_tutorial']) retrieved from /mnt/kali/DataHunt/venv/lib/python3.11/site-packages/airflow/example_dags/example_params_ui_tutorial.py
[2023-08-15T21:54:25.164+0300] {logging_mixin.py:150} INFO - [2023-08-15T21:54:25.163+0300] {dag.py:2742} INFO - Sync 1 DAGs
[2023-08-15T21:54:25.331+0300] {logging_mixin.py:150} INFO - [2023-08-15T21:54:25.330+0300] {dag.py:3504} INFO - Setting next_dagrun for example_params_ui_tutorial to None, run_after=None
[2023-08-15T21:54:25.467+0300] {processor.py:179} INFO - Processing /mnt/kali/DataHunt/venv/lib/python3.11/site-packages/airflow/example_dags/example_params_ui_tutorial.py took 0.631 seconds
[2023-08-15T21:54:55.927+0300] {processor.py:157} INFO - Started process (PID=240344) to work on /mnt/kali/DataHunt/venv/lib/python3.11/site-packages/airflow/example_dags/example_params_ui_tutorial.py
[2023-08-15T21:54:55.954+0300] {processor.py:826} INFO - Processing file /mnt/kali/DataHunt/venv/lib/python3.11/site-packages/airflow/example_dags/example_params_ui_tutorial.py for tasks to queue
[2023-08-15T21:54:55.957+0300] {logging_mixin.py:150} INFO - [2023-08-15T21:54:55.956+0300] {dagbag.py:541} INFO - Filling up the DagBag from /mnt/kali/DataHunt/venv/lib/python3.11/site-packages/airflow/example_dags/example_params_ui_tutorial.py
[2023-08-15T21:54:56.059+0300] {processor.py:836} INFO - DAG(s) dict_keys(['example_params_ui_tutorial']) retrieved from /mnt/kali/DataHunt/venv/lib/python3.11/site-packages/airflow/example_dags/example_params_ui_tutorial.py
[2023-08-15T21:54:56.249+0300] {logging_mixin.py:150} INFO - [2023-08-15T21:54:56.248+0300] {dag.py:2742} INFO - Sync 1 DAGs
[2023-08-15T21:54:56.391+0300] {logging_mixin.py:150} INFO - [2023-08-15T21:54:56.391+0300] {dag.py:3504} INFO - Setting next_dagrun for example_params_ui_tutorial to None, run_after=None
[2023-08-15T21:54:56.551+0300] {processor.py:179} INFO - Processing /mnt/kali/DataHunt/venv/lib/python3.11/site-packages/airflow/example_dags/example_params_ui_tutorial.py took 0.637 seconds
[2023-08-15T21:55:26.915+0300] {processor.py:157} INFO - Started process (PID=240794) to work on /mnt/kali/DataHunt/venv/lib/python3.11/site-packages/airflow/example_dags/example_params_ui_tutorial.py
[2023-08-15T21:55:26.917+0300] {processor.py:826} INFO - Processing file /mnt/kali/DataHunt/venv/lib/python3.11/site-packages/airflow/example_dags/example_params_ui_tutorial.py for tasks to queue
[2023-08-15T21:55:26.920+0300] {logging_mixin.py:150} INFO - [2023-08-15T21:55:26.919+0300] {dagbag.py:541} INFO - Filling up the DagBag from /mnt/kali/DataHunt/venv/lib/python3.11/site-packages/airflow/example_dags/example_params_ui_tutorial.py
[2023-08-15T21:55:27.014+0300] {processor.py:836} INFO - DAG(s) dict_keys(['example_params_ui_tutorial']) retrieved from /mnt/kali/DataHunt/venv/lib/python3.11/site-packages/airflow/example_dags/example_params_ui_tutorial.py
[2023-08-15T21:55:27.214+0300] {logging_mixin.py:150} INFO - [2023-08-15T21:55:27.214+0300] {dag.py:2742} INFO - Sync 1 DAGs
[2023-08-15T21:55:27.311+0300] {logging_mixin.py:150} INFO - [2023-08-15T21:55:27.310+0300] {dag.py:3504} INFO - Setting next_dagrun for example_params_ui_tutorial to None, run_after=None
[2023-08-15T21:55:27.396+0300] {processor.py:179} INFO - Processing /mnt/kali/DataHunt/venv/lib/python3.11/site-packages/airflow/example_dags/example_params_ui_tutorial.py took 0.492 seconds
[2023-08-15T21:55:57.957+0300] {processor.py:157} INFO - Started process (PID=241176) to work on /mnt/kali/DataHunt/venv/lib/python3.11/site-packages/airflow/example_dags/example_params_ui_tutorial.py
[2023-08-15T21:55:57.970+0300] {processor.py:826} INFO - Processing file /mnt/kali/DataHunt/venv/lib/python3.11/site-packages/airflow/example_dags/example_params_ui_tutorial.py for tasks to queue
[2023-08-15T21:55:57.973+0300] {logging_mixin.py:150} INFO - [2023-08-15T21:55:57.972+0300] {dagbag.py:541} INFO - Filling up the DagBag from /mnt/kali/DataHunt/venv/lib/python3.11/site-packages/airflow/example_dags/example_params_ui_tutorial.py
[2023-08-15T21:55:58.329+0300] {processor.py:836} INFO - DAG(s) dict_keys(['example_params_ui_tutorial']) retrieved from /mnt/kali/DataHunt/venv/lib/python3.11/site-packages/airflow/example_dags/example_params_ui_tutorial.py
[2023-08-15T21:55:58.776+0300] {logging_mixin.py:150} INFO - [2023-08-15T21:55:58.774+0300] {dag.py:2742} INFO - Sync 1 DAGs
[2023-08-15T21:55:58.914+0300] {logging_mixin.py:150} INFO - [2023-08-15T21:55:58.913+0300] {dag.py:3504} INFO - Setting next_dagrun for example_params_ui_tutorial to None, run_after=None
[2023-08-15T21:55:59.131+0300] {processor.py:179} INFO - Processing /mnt/kali/DataHunt/venv/lib/python3.11/site-packages/airflow/example_dags/example_params_ui_tutorial.py took 1.191 seconds
[2023-08-15T21:56:29.388+0300] {processor.py:157} INFO - Started process (PID=241756) to work on /mnt/kali/DataHunt/venv/lib/python3.11/site-packages/airflow/example_dags/example_params_ui_tutorial.py
[2023-08-15T21:56:29.399+0300] {processor.py:826} INFO - Processing file /mnt/kali/DataHunt/venv/lib/python3.11/site-packages/airflow/example_dags/example_params_ui_tutorial.py for tasks to queue
[2023-08-15T21:56:29.409+0300] {logging_mixin.py:150} INFO - [2023-08-15T21:56:29.408+0300] {dagbag.py:541} INFO - Filling up the DagBag from /mnt/kali/DataHunt/venv/lib/python3.11/site-packages/airflow/example_dags/example_params_ui_tutorial.py
[2023-08-15T21:56:29.735+0300] {processor.py:836} INFO - DAG(s) dict_keys(['example_params_ui_tutorial']) retrieved from /mnt/kali/DataHunt/venv/lib/python3.11/site-packages/airflow/example_dags/example_params_ui_tutorial.py
[2023-08-15T21:56:30.048+0300] {logging_mixin.py:150} INFO - [2023-08-15T21:56:30.047+0300] {dag.py:2742} INFO - Sync 1 DAGs
[2023-08-15T21:56:30.179+0300] {logging_mixin.py:150} INFO - [2023-08-15T21:56:30.179+0300] {dag.py:3504} INFO - Setting next_dagrun for example_params_ui_tutorial to None, run_after=None
[2023-08-15T21:56:30.324+0300] {processor.py:179} INFO - Processing /mnt/kali/DataHunt/venv/lib/python3.11/site-packages/airflow/example_dags/example_params_ui_tutorial.py took 0.969 seconds
[2023-08-15T21:57:00.597+0300] {processor.py:157} INFO - Started process (PID=242353) to work on /mnt/kali/DataHunt/venv/lib/python3.11/site-packages/airflow/example_dags/example_params_ui_tutorial.py
[2023-08-15T21:57:00.607+0300] {processor.py:826} INFO - Processing file /mnt/kali/DataHunt/venv/lib/python3.11/site-packages/airflow/example_dags/example_params_ui_tutorial.py for tasks to queue
[2023-08-15T21:57:00.611+0300] {logging_mixin.py:150} INFO - [2023-08-15T21:57:00.609+0300] {dagbag.py:541} INFO - Filling up the DagBag from /mnt/kali/DataHunt/venv/lib/python3.11/site-packages/airflow/example_dags/example_params_ui_tutorial.py
[2023-08-15T21:57:00.739+0300] {processor.py:836} INFO - DAG(s) dict_keys(['example_params_ui_tutorial']) retrieved from /mnt/kali/DataHunt/venv/lib/python3.11/site-packages/airflow/example_dags/example_params_ui_tutorial.py
[2023-08-15T21:57:01.107+0300] {logging_mixin.py:150} INFO - [2023-08-15T21:57:01.106+0300] {dag.py:2742} INFO - Sync 1 DAGs
[2023-08-15T21:57:01.262+0300] {logging_mixin.py:150} INFO - [2023-08-15T21:57:01.261+0300] {dag.py:3504} INFO - Setting next_dagrun for example_params_ui_tutorial to None, run_after=None
[2023-08-15T21:57:01.427+0300] {processor.py:179} INFO - Processing /mnt/kali/DataHunt/venv/lib/python3.11/site-packages/airflow/example_dags/example_params_ui_tutorial.py took 0.848 seconds
[2023-08-15T21:57:31.718+0300] {processor.py:157} INFO - Started process (PID=242847) to work on /mnt/kali/DataHunt/venv/lib/python3.11/site-packages/airflow/example_dags/example_params_ui_tutorial.py
[2023-08-15T21:57:31.729+0300] {processor.py:826} INFO - Processing file /mnt/kali/DataHunt/venv/lib/python3.11/site-packages/airflow/example_dags/example_params_ui_tutorial.py for tasks to queue
[2023-08-15T21:57:31.733+0300] {logging_mixin.py:150} INFO - [2023-08-15T21:57:31.732+0300] {dagbag.py:541} INFO - Filling up the DagBag from /mnt/kali/DataHunt/venv/lib/python3.11/site-packages/airflow/example_dags/example_params_ui_tutorial.py
[2023-08-15T21:57:31.836+0300] {processor.py:836} INFO - DAG(s) dict_keys(['example_params_ui_tutorial']) retrieved from /mnt/kali/DataHunt/venv/lib/python3.11/site-packages/airflow/example_dags/example_params_ui_tutorial.py
[2023-08-15T21:57:32.171+0300] {logging_mixin.py:150} INFO - [2023-08-15T21:57:32.171+0300] {dag.py:2742} INFO - Sync 1 DAGs
[2023-08-15T21:57:32.284+0300] {logging_mixin.py:150} INFO - [2023-08-15T21:57:32.284+0300] {dag.py:3504} INFO - Setting next_dagrun for example_params_ui_tutorial to None, run_after=None
[2023-08-15T21:57:32.375+0300] {processor.py:179} INFO - Processing /mnt/kali/DataHunt/venv/lib/python3.11/site-packages/airflow/example_dags/example_params_ui_tutorial.py took 0.674 seconds
[2023-08-15T21:58:02.887+0300] {processor.py:157} INFO - Started process (PID=243288) to work on /mnt/kali/DataHunt/venv/lib/python3.11/site-packages/airflow/example_dags/example_params_ui_tutorial.py
[2023-08-15T21:58:02.905+0300] {processor.py:826} INFO - Processing file /mnt/kali/DataHunt/venv/lib/python3.11/site-packages/airflow/example_dags/example_params_ui_tutorial.py for tasks to queue
[2023-08-15T21:58:02.908+0300] {logging_mixin.py:150} INFO - [2023-08-15T21:58:02.907+0300] {dagbag.py:541} INFO - Filling up the DagBag from /mnt/kali/DataHunt/venv/lib/python3.11/site-packages/airflow/example_dags/example_params_ui_tutorial.py
[2023-08-15T21:58:03.020+0300] {processor.py:836} INFO - DAG(s) dict_keys(['example_params_ui_tutorial']) retrieved from /mnt/kali/DataHunt/venv/lib/python3.11/site-packages/airflow/example_dags/example_params_ui_tutorial.py
[2023-08-15T21:58:03.229+0300] {logging_mixin.py:150} INFO - [2023-08-15T21:58:03.229+0300] {dag.py:2742} INFO - Sync 1 DAGs
[2023-08-15T21:58:03.320+0300] {logging_mixin.py:150} INFO - [2023-08-15T21:58:03.319+0300] {dag.py:3504} INFO - Setting next_dagrun for example_params_ui_tutorial to None, run_after=None
[2023-08-15T21:58:03.400+0300] {processor.py:179} INFO - Processing /mnt/kali/DataHunt/venv/lib/python3.11/site-packages/airflow/example_dags/example_params_ui_tutorial.py took 0.528 seconds
