[2023-08-15T21:25:54.082+0300] {processor.py:157} INFO - Started process (PID=214711) to work on /mnt/kali/DataHunt/venv/lib/python3.11/site-packages/airflow/example_dags/example_kubernetes_executor.py
[2023-08-15T21:25:54.084+0300] {processor.py:826} INFO - Processing file /mnt/kali/DataHunt/venv/lib/python3.11/site-packages/airflow/example_dags/example_kubernetes_executor.py for tasks to queue
[2023-08-15T21:25:54.090+0300] {logging_mixin.py:150} INFO - [2023-08-15T21:25:54.089+0300] {dagbag.py:541} INFO - Filling up the DagBag from /mnt/kali/DataHunt/venv/lib/python3.11/site-packages/airflow/example_dags/example_kubernetes_executor.py
[2023-08-15T21:25:54.100+0300] {logging_mixin.py:150} INFO - [2023-08-15T21:25:54.100+0300] {example_kubernetes_executor.py:41} WARNING - The example_kubernetes_executor example DAG requires the kubernetes provider. Please install it with: pip install apache-airflow[cncf.kubernetes]
[2023-08-15T21:25:54.101+0300] {processor.py:838} WARNING - No viable dags retrieved from /mnt/kali/DataHunt/venv/lib/python3.11/site-packages/airflow/example_dags/example_kubernetes_executor.py
[2023-08-15T21:25:54.151+0300] {processor.py:179} INFO - Processing /mnt/kali/DataHunt/venv/lib/python3.11/site-packages/airflow/example_dags/example_kubernetes_executor.py took 0.098 seconds
[2023-08-15T21:28:14.466+0300] {processor.py:157} INFO - Started process (PID=216481) to work on /mnt/kali/DataHunt/venv/lib/python3.11/site-packages/airflow/example_dags/example_kubernetes_executor.py
[2023-08-15T21:28:14.484+0300] {processor.py:826} INFO - Processing file /mnt/kali/DataHunt/venv/lib/python3.11/site-packages/airflow/example_dags/example_kubernetes_executor.py for tasks to queue
[2023-08-15T21:28:14.487+0300] {logging_mixin.py:150} INFO - [2023-08-15T21:28:14.485+0300] {dagbag.py:541} INFO - Filling up the DagBag from /mnt/kali/DataHunt/venv/lib/python3.11/site-packages/airflow/example_dags/example_kubernetes_executor.py
[2023-08-15T21:28:14.528+0300] {logging_mixin.py:150} INFO - [2023-08-15T21:28:14.527+0300] {example_kubernetes_executor.py:41} WARNING - The example_kubernetes_executor example DAG requires the kubernetes provider. Please install it with: pip install apache-airflow[cncf.kubernetes]
[2023-08-15T21:28:14.529+0300] {processor.py:838} WARNING - No viable dags retrieved from /mnt/kali/DataHunt/venv/lib/python3.11/site-packages/airflow/example_dags/example_kubernetes_executor.py
[2023-08-15T21:28:14.759+0300] {processor.py:179} INFO - Processing /mnt/kali/DataHunt/venv/lib/python3.11/site-packages/airflow/example_dags/example_kubernetes_executor.py took 0.343 seconds
[2023-08-15T21:47:36.608+0300] {processor.py:157} INFO - Started process (PID=233755) to work on /mnt/kali/DataHunt/venv/lib/python3.11/site-packages/airflow/example_dags/example_kubernetes_executor.py
[2023-08-15T21:47:36.620+0300] {processor.py:826} INFO - Processing file /mnt/kali/DataHunt/venv/lib/python3.11/site-packages/airflow/example_dags/example_kubernetes_executor.py for tasks to queue
[2023-08-15T21:47:36.623+0300] {logging_mixin.py:150} INFO - [2023-08-15T21:47:36.621+0300] {dagbag.py:541} INFO - Filling up the DagBag from /mnt/kali/DataHunt/venv/lib/python3.11/site-packages/airflow/example_dags/example_kubernetes_executor.py
[2023-08-15T21:47:36.657+0300] {logging_mixin.py:150} INFO - [2023-08-15T21:47:36.656+0300] {example_kubernetes_executor.py:41} WARNING - The example_kubernetes_executor example DAG requires the kubernetes provider. Please install it with: pip install apache-airflow[cncf.kubernetes]
[2023-08-15T21:47:36.658+0300] {processor.py:838} WARNING - No viable dags retrieved from /mnt/kali/DataHunt/venv/lib/python3.11/site-packages/airflow/example_dags/example_kubernetes_executor.py
[2023-08-15T21:47:36.752+0300] {processor.py:179} INFO - Processing /mnt/kali/DataHunt/venv/lib/python3.11/site-packages/airflow/example_dags/example_kubernetes_executor.py took 0.155 seconds
[2023-08-15T21:48:07.013+0300] {processor.py:157} INFO - Started process (PID=234142) to work on /mnt/kali/DataHunt/venv/lib/python3.11/site-packages/airflow/example_dags/example_kubernetes_executor.py
[2023-08-15T21:48:07.015+0300] {processor.py:826} INFO - Processing file /mnt/kali/DataHunt/venv/lib/python3.11/site-packages/airflow/example_dags/example_kubernetes_executor.py for tasks to queue
[2023-08-15T21:48:07.017+0300] {logging_mixin.py:150} INFO - [2023-08-15T21:48:07.016+0300] {dagbag.py:541} INFO - Filling up the DagBag from /mnt/kali/DataHunt/venv/lib/python3.11/site-packages/airflow/example_dags/example_kubernetes_executor.py
[2023-08-15T21:48:07.027+0300] {logging_mixin.py:150} INFO - [2023-08-15T21:48:07.026+0300] {example_kubernetes_executor.py:41} WARNING - The example_kubernetes_executor example DAG requires the kubernetes provider. Please install it with: pip install apache-airflow[cncf.kubernetes]
[2023-08-15T21:48:07.028+0300] {processor.py:838} WARNING - No viable dags retrieved from /mnt/kali/DataHunt/venv/lib/python3.11/site-packages/airflow/example_dags/example_kubernetes_executor.py
[2023-08-15T21:48:07.107+0300] {processor.py:179} INFO - Processing /mnt/kali/DataHunt/venv/lib/python3.11/site-packages/airflow/example_dags/example_kubernetes_executor.py took 0.107 seconds
[2023-08-15T21:48:37.239+0300] {processor.py:157} INFO - Started process (PID=234768) to work on /mnt/kali/DataHunt/venv/lib/python3.11/site-packages/airflow/example_dags/example_kubernetes_executor.py
[2023-08-15T21:48:37.252+0300] {processor.py:826} INFO - Processing file /mnt/kali/DataHunt/venv/lib/python3.11/site-packages/airflow/example_dags/example_kubernetes_executor.py for tasks to queue
[2023-08-15T21:48:37.255+0300] {logging_mixin.py:150} INFO - [2023-08-15T21:48:37.254+0300] {dagbag.py:541} INFO - Filling up the DagBag from /mnt/kali/DataHunt/venv/lib/python3.11/site-packages/airflow/example_dags/example_kubernetes_executor.py
[2023-08-15T21:48:37.267+0300] {logging_mixin.py:150} INFO - [2023-08-15T21:48:37.266+0300] {example_kubernetes_executor.py:41} WARNING - The example_kubernetes_executor example DAG requires the kubernetes provider. Please install it with: pip install apache-airflow[cncf.kubernetes]
[2023-08-15T21:48:37.268+0300] {processor.py:838} WARNING - No viable dags retrieved from /mnt/kali/DataHunt/venv/lib/python3.11/site-packages/airflow/example_dags/example_kubernetes_executor.py
[2023-08-15T21:48:37.377+0300] {processor.py:179} INFO - Processing /mnt/kali/DataHunt/venv/lib/python3.11/site-packages/airflow/example_dags/example_kubernetes_executor.py took 0.153 seconds
[2023-08-15T21:49:17.884+0300] {processor.py:157} INFO - Started process (PID=235304) to work on /mnt/kali/DataHunt/venv/lib/python3.11/site-packages/airflow/example_dags/example_kubernetes_executor.py
[2023-08-15T21:49:18.075+0300] {processor.py:826} INFO - Processing file /mnt/kali/DataHunt/venv/lib/python3.11/site-packages/airflow/example_dags/example_kubernetes_executor.py for tasks to queue
[2023-08-15T21:49:18.080+0300] {logging_mixin.py:150} INFO - [2023-08-15T21:49:18.077+0300] {dagbag.py:541} INFO - Filling up the DagBag from /mnt/kali/DataHunt/venv/lib/python3.11/site-packages/airflow/example_dags/example_kubernetes_executor.py
[2023-08-15T21:49:18.103+0300] {logging_mixin.py:150} INFO - [2023-08-15T21:49:18.103+0300] {example_kubernetes_executor.py:41} WARNING - The example_kubernetes_executor example DAG requires the kubernetes provider. Please install it with: pip install apache-airflow[cncf.kubernetes]
[2023-08-15T21:49:18.108+0300] {processor.py:838} WARNING - No viable dags retrieved from /mnt/kali/DataHunt/venv/lib/python3.11/site-packages/airflow/example_dags/example_kubernetes_executor.py
[2023-08-15T21:49:18.262+0300] {processor.py:179} INFO - Processing /mnt/kali/DataHunt/venv/lib/python3.11/site-packages/airflow/example_dags/example_kubernetes_executor.py took 0.388 seconds
[2023-08-15T21:49:49.395+0300] {processor.py:157} INFO - Started process (PID=235783) to work on /mnt/kali/DataHunt/venv/lib/python3.11/site-packages/airflow/example_dags/example_kubernetes_executor.py
[2023-08-15T21:49:49.430+0300] {processor.py:826} INFO - Processing file /mnt/kali/DataHunt/venv/lib/python3.11/site-packages/airflow/example_dags/example_kubernetes_executor.py for tasks to queue
[2023-08-15T21:49:49.433+0300] {logging_mixin.py:150} INFO - [2023-08-15T21:49:49.432+0300] {dagbag.py:541} INFO - Filling up the DagBag from /mnt/kali/DataHunt/venv/lib/python3.11/site-packages/airflow/example_dags/example_kubernetes_executor.py
[2023-08-15T21:49:49.486+0300] {logging_mixin.py:150} INFO - [2023-08-15T21:49:49.485+0300] {example_kubernetes_executor.py:41} WARNING - The example_kubernetes_executor example DAG requires the kubernetes provider. Please install it with: pip install apache-airflow[cncf.kubernetes]
[2023-08-15T21:49:49.490+0300] {processor.py:838} WARNING - No viable dags retrieved from /mnt/kali/DataHunt/venv/lib/python3.11/site-packages/airflow/example_dags/example_kubernetes_executor.py
[2023-08-15T21:49:49.686+0300] {processor.py:179} INFO - Processing /mnt/kali/DataHunt/venv/lib/python3.11/site-packages/airflow/example_dags/example_kubernetes_executor.py took 0.353 seconds
[2023-08-15T21:50:20.118+0300] {processor.py:157} INFO - Started process (PID=236155) to work on /mnt/kali/DataHunt/venv/lib/python3.11/site-packages/airflow/example_dags/example_kubernetes_executor.py
[2023-08-15T21:50:20.136+0300] {processor.py:826} INFO - Processing file /mnt/kali/DataHunt/venv/lib/python3.11/site-packages/airflow/example_dags/example_kubernetes_executor.py for tasks to queue
[2023-08-15T21:50:20.139+0300] {logging_mixin.py:150} INFO - [2023-08-15T21:50:20.137+0300] {dagbag.py:541} INFO - Filling up the DagBag from /mnt/kali/DataHunt/venv/lib/python3.11/site-packages/airflow/example_dags/example_kubernetes_executor.py
[2023-08-15T21:50:20.154+0300] {logging_mixin.py:150} INFO - [2023-08-15T21:50:20.154+0300] {example_kubernetes_executor.py:41} WARNING - The example_kubernetes_executor example DAG requires the kubernetes provider. Please install it with: pip install apache-airflow[cncf.kubernetes]
[2023-08-15T21:50:20.155+0300] {processor.py:838} WARNING - No viable dags retrieved from /mnt/kali/DataHunt/venv/lib/python3.11/site-packages/airflow/example_dags/example_kubernetes_executor.py
[2023-08-15T21:50:20.306+0300] {processor.py:179} INFO - Processing /mnt/kali/DataHunt/venv/lib/python3.11/site-packages/airflow/example_dags/example_kubernetes_executor.py took 0.210 seconds
[2023-08-15T21:50:51.993+0300] {processor.py:157} INFO - Started process (PID=236602) to work on /mnt/kali/DataHunt/venv/lib/python3.11/site-packages/airflow/example_dags/example_kubernetes_executor.py
[2023-08-15T21:50:51.996+0300] {processor.py:826} INFO - Processing file /mnt/kali/DataHunt/venv/lib/python3.11/site-packages/airflow/example_dags/example_kubernetes_executor.py for tasks to queue
[2023-08-15T21:50:52.001+0300] {logging_mixin.py:150} INFO - [2023-08-15T21:50:51.997+0300] {dagbag.py:541} INFO - Filling up the DagBag from /mnt/kali/DataHunt/venv/lib/python3.11/site-packages/airflow/example_dags/example_kubernetes_executor.py
[2023-08-15T21:50:52.026+0300] {logging_mixin.py:150} INFO - [2023-08-15T21:50:52.022+0300] {example_kubernetes_executor.py:41} WARNING - The example_kubernetes_executor example DAG requires the kubernetes provider. Please install it with: pip install apache-airflow[cncf.kubernetes]
[2023-08-15T21:50:52.027+0300] {processor.py:838} WARNING - No viable dags retrieved from /mnt/kali/DataHunt/venv/lib/python3.11/site-packages/airflow/example_dags/example_kubernetes_executor.py
[2023-08-15T21:50:52.148+0300] {processor.py:179} INFO - Processing /mnt/kali/DataHunt/venv/lib/python3.11/site-packages/airflow/example_dags/example_kubernetes_executor.py took 0.169 seconds
[2023-08-15T21:51:22.622+0300] {processor.py:157} INFO - Started process (PID=236978) to work on /mnt/kali/DataHunt/venv/lib/python3.11/site-packages/airflow/example_dags/example_kubernetes_executor.py
[2023-08-15T21:51:22.625+0300] {processor.py:826} INFO - Processing file /mnt/kali/DataHunt/venv/lib/python3.11/site-packages/airflow/example_dags/example_kubernetes_executor.py for tasks to queue
[2023-08-15T21:51:22.628+0300] {logging_mixin.py:150} INFO - [2023-08-15T21:51:22.627+0300] {dagbag.py:541} INFO - Filling up the DagBag from /mnt/kali/DataHunt/venv/lib/python3.11/site-packages/airflow/example_dags/example_kubernetes_executor.py
[2023-08-15T21:51:22.640+0300] {logging_mixin.py:150} INFO - [2023-08-15T21:51:22.639+0300] {example_kubernetes_executor.py:41} WARNING - The example_kubernetes_executor example DAG requires the kubernetes provider. Please install it with: pip install apache-airflow[cncf.kubernetes]
[2023-08-15T21:51:22.641+0300] {processor.py:838} WARNING - No viable dags retrieved from /mnt/kali/DataHunt/venv/lib/python3.11/site-packages/airflow/example_dags/example_kubernetes_executor.py
[2023-08-15T21:51:22.738+0300] {processor.py:179} INFO - Processing /mnt/kali/DataHunt/venv/lib/python3.11/site-packages/airflow/example_dags/example_kubernetes_executor.py took 0.131 seconds
[2023-08-15T21:51:53.762+0300] {processor.py:157} INFO - Started process (PID=237723) to work on /mnt/kali/DataHunt/venv/lib/python3.11/site-packages/airflow/example_dags/example_kubernetes_executor.py
[2023-08-15T21:51:53.773+0300] {processor.py:826} INFO - Processing file /mnt/kali/DataHunt/venv/lib/python3.11/site-packages/airflow/example_dags/example_kubernetes_executor.py for tasks to queue
[2023-08-15T21:51:53.775+0300] {logging_mixin.py:150} INFO - [2023-08-15T21:51:53.774+0300] {dagbag.py:541} INFO - Filling up the DagBag from /mnt/kali/DataHunt/venv/lib/python3.11/site-packages/airflow/example_dags/example_kubernetes_executor.py
[2023-08-15T21:51:53.784+0300] {logging_mixin.py:150} INFO - [2023-08-15T21:51:53.784+0300] {example_kubernetes_executor.py:41} WARNING - The example_kubernetes_executor example DAG requires the kubernetes provider. Please install it with: pip install apache-airflow[cncf.kubernetes]
[2023-08-15T21:51:53.785+0300] {processor.py:838} WARNING - No viable dags retrieved from /mnt/kali/DataHunt/venv/lib/python3.11/site-packages/airflow/example_dags/example_kubernetes_executor.py
[2023-08-15T21:51:53.864+0300] {processor.py:179} INFO - Processing /mnt/kali/DataHunt/venv/lib/python3.11/site-packages/airflow/example_dags/example_kubernetes_executor.py took 0.114 seconds
[2023-08-15T21:52:24.500+0300] {processor.py:157} INFO - Started process (PID=238113) to work on /mnt/kali/DataHunt/venv/lib/python3.11/site-packages/airflow/example_dags/example_kubernetes_executor.py
[2023-08-15T21:52:24.503+0300] {processor.py:826} INFO - Processing file /mnt/kali/DataHunt/venv/lib/python3.11/site-packages/airflow/example_dags/example_kubernetes_executor.py for tasks to queue
[2023-08-15T21:52:24.506+0300] {logging_mixin.py:150} INFO - [2023-08-15T21:52:24.504+0300] {dagbag.py:541} INFO - Filling up the DagBag from /mnt/kali/DataHunt/venv/lib/python3.11/site-packages/airflow/example_dags/example_kubernetes_executor.py
[2023-08-15T21:52:24.518+0300] {logging_mixin.py:150} INFO - [2023-08-15T21:52:24.518+0300] {example_kubernetes_executor.py:41} WARNING - The example_kubernetes_executor example DAG requires the kubernetes provider. Please install it with: pip install apache-airflow[cncf.kubernetes]
[2023-08-15T21:52:24.519+0300] {processor.py:838} WARNING - No viable dags retrieved from /mnt/kali/DataHunt/venv/lib/python3.11/site-packages/airflow/example_dags/example_kubernetes_executor.py
[2023-08-15T21:52:24.591+0300] {processor.py:179} INFO - Processing /mnt/kali/DataHunt/venv/lib/python3.11/site-packages/airflow/example_dags/example_kubernetes_executor.py took 0.104 seconds
[2023-08-15T21:52:54.939+0300] {processor.py:157} INFO - Started process (PID=238503) to work on /mnt/kali/DataHunt/venv/lib/python3.11/site-packages/airflow/example_dags/example_kubernetes_executor.py
[2023-08-15T21:52:54.962+0300] {processor.py:826} INFO - Processing file /mnt/kali/DataHunt/venv/lib/python3.11/site-packages/airflow/example_dags/example_kubernetes_executor.py for tasks to queue
[2023-08-15T21:52:54.965+0300] {logging_mixin.py:150} INFO - [2023-08-15T21:52:54.964+0300] {dagbag.py:541} INFO - Filling up the DagBag from /mnt/kali/DataHunt/venv/lib/python3.11/site-packages/airflow/example_dags/example_kubernetes_executor.py
[2023-08-15T21:52:54.975+0300] {logging_mixin.py:150} INFO - [2023-08-15T21:52:54.975+0300] {example_kubernetes_executor.py:41} WARNING - The example_kubernetes_executor example DAG requires the kubernetes provider. Please install it with: pip install apache-airflow[cncf.kubernetes]
[2023-08-15T21:52:54.976+0300] {processor.py:838} WARNING - No viable dags retrieved from /mnt/kali/DataHunt/venv/lib/python3.11/site-packages/airflow/example_dags/example_kubernetes_executor.py
[2023-08-15T21:52:55.065+0300] {processor.py:179} INFO - Processing /mnt/kali/DataHunt/venv/lib/python3.11/site-packages/airflow/example_dags/example_kubernetes_executor.py took 0.139 seconds
[2023-08-15T21:53:26.652+0300] {processor.py:157} INFO - Started process (PID=239071) to work on /mnt/kali/DataHunt/venv/lib/python3.11/site-packages/airflow/example_dags/example_kubernetes_executor.py
[2023-08-15T21:53:26.657+0300] {processor.py:826} INFO - Processing file /mnt/kali/DataHunt/venv/lib/python3.11/site-packages/airflow/example_dags/example_kubernetes_executor.py for tasks to queue
[2023-08-15T21:53:26.659+0300] {logging_mixin.py:150} INFO - [2023-08-15T21:53:26.658+0300] {dagbag.py:541} INFO - Filling up the DagBag from /mnt/kali/DataHunt/venv/lib/python3.11/site-packages/airflow/example_dags/example_kubernetes_executor.py
[2023-08-15T21:53:26.669+0300] {logging_mixin.py:150} INFO - [2023-08-15T21:53:26.669+0300] {example_kubernetes_executor.py:41} WARNING - The example_kubernetes_executor example DAG requires the kubernetes provider. Please install it with: pip install apache-airflow[cncf.kubernetes]
[2023-08-15T21:53:26.670+0300] {processor.py:838} WARNING - No viable dags retrieved from /mnt/kali/DataHunt/venv/lib/python3.11/site-packages/airflow/example_dags/example_kubernetes_executor.py
[2023-08-15T21:53:26.757+0300] {processor.py:179} INFO - Processing /mnt/kali/DataHunt/venv/lib/python3.11/site-packages/airflow/example_dags/example_kubernetes_executor.py took 0.117 seconds
[2023-08-15T21:54:03.026+0300] {processor.py:157} INFO - Started process (PID=239599) to work on /mnt/kali/DataHunt/venv/lib/python3.11/site-packages/airflow/example_dags/example_kubernetes_executor.py
[2023-08-15T21:54:03.146+0300] {processor.py:826} INFO - Processing file /mnt/kali/DataHunt/venv/lib/python3.11/site-packages/airflow/example_dags/example_kubernetes_executor.py for tasks to queue
[2023-08-15T21:54:03.149+0300] {logging_mixin.py:150} INFO - [2023-08-15T21:54:03.148+0300] {dagbag.py:541} INFO - Filling up the DagBag from /mnt/kali/DataHunt/venv/lib/python3.11/site-packages/airflow/example_dags/example_kubernetes_executor.py
[2023-08-15T21:54:03.160+0300] {logging_mixin.py:150} INFO - [2023-08-15T21:54:03.159+0300] {example_kubernetes_executor.py:41} WARNING - The example_kubernetes_executor example DAG requires the kubernetes provider. Please install it with: pip install apache-airflow[cncf.kubernetes]
[2023-08-15T21:54:03.161+0300] {processor.py:838} WARNING - No viable dags retrieved from /mnt/kali/DataHunt/venv/lib/python3.11/site-packages/airflow/example_dags/example_kubernetes_executor.py
[2023-08-15T21:54:03.230+0300] {processor.py:179} INFO - Processing /mnt/kali/DataHunt/venv/lib/python3.11/site-packages/airflow/example_dags/example_kubernetes_executor.py took 0.217 seconds
[2023-08-15T21:54:33.611+0300] {processor.py:157} INFO - Started process (PID=240080) to work on /mnt/kali/DataHunt/venv/lib/python3.11/site-packages/airflow/example_dags/example_kubernetes_executor.py
[2023-08-15T21:54:33.613+0300] {processor.py:826} INFO - Processing file /mnt/kali/DataHunt/venv/lib/python3.11/site-packages/airflow/example_dags/example_kubernetes_executor.py for tasks to queue
[2023-08-15T21:54:33.615+0300] {logging_mixin.py:150} INFO - [2023-08-15T21:54:33.614+0300] {dagbag.py:541} INFO - Filling up the DagBag from /mnt/kali/DataHunt/venv/lib/python3.11/site-packages/airflow/example_dags/example_kubernetes_executor.py
[2023-08-15T21:54:33.624+0300] {logging_mixin.py:150} INFO - [2023-08-15T21:54:33.624+0300] {example_kubernetes_executor.py:41} WARNING - The example_kubernetes_executor example DAG requires the kubernetes provider. Please install it with: pip install apache-airflow[cncf.kubernetes]
[2023-08-15T21:54:33.625+0300] {processor.py:838} WARNING - No viable dags retrieved from /mnt/kali/DataHunt/venv/lib/python3.11/site-packages/airflow/example_dags/example_kubernetes_executor.py
[2023-08-15T21:54:33.708+0300] {processor.py:179} INFO - Processing /mnt/kali/DataHunt/venv/lib/python3.11/site-packages/airflow/example_dags/example_kubernetes_executor.py took 0.110 seconds
[2023-08-15T21:55:04.528+0300] {processor.py:157} INFO - Started process (PID=240480) to work on /mnt/kali/DataHunt/venv/lib/python3.11/site-packages/airflow/example_dags/example_kubernetes_executor.py
[2023-08-15T21:55:04.555+0300] {processor.py:826} INFO - Processing file /mnt/kali/DataHunt/venv/lib/python3.11/site-packages/airflow/example_dags/example_kubernetes_executor.py for tasks to queue
[2023-08-15T21:55:04.558+0300] {logging_mixin.py:150} INFO - [2023-08-15T21:55:04.557+0300] {dagbag.py:541} INFO - Filling up the DagBag from /mnt/kali/DataHunt/venv/lib/python3.11/site-packages/airflow/example_dags/example_kubernetes_executor.py
[2023-08-15T21:55:04.583+0300] {logging_mixin.py:150} INFO - [2023-08-15T21:55:04.583+0300] {example_kubernetes_executor.py:41} WARNING - The example_kubernetes_executor example DAG requires the kubernetes provider. Please install it with: pip install apache-airflow[cncf.kubernetes]
[2023-08-15T21:55:04.584+0300] {processor.py:838} WARNING - No viable dags retrieved from /mnt/kali/DataHunt/venv/lib/python3.11/site-packages/airflow/example_dags/example_kubernetes_executor.py
[2023-08-15T21:55:04.817+0300] {processor.py:179} INFO - Processing /mnt/kali/DataHunt/venv/lib/python3.11/site-packages/airflow/example_dags/example_kubernetes_executor.py took 0.309 seconds
[2023-08-15T21:55:36.745+0300] {processor.py:157} INFO - Started process (PID=240914) to work on /mnt/kali/DataHunt/venv/lib/python3.11/site-packages/airflow/example_dags/example_kubernetes_executor.py
[2023-08-15T21:55:36.755+0300] {processor.py:826} INFO - Processing file /mnt/kali/DataHunt/venv/lib/python3.11/site-packages/airflow/example_dags/example_kubernetes_executor.py for tasks to queue
[2023-08-15T21:55:36.758+0300] {logging_mixin.py:150} INFO - [2023-08-15T21:55:36.757+0300] {dagbag.py:541} INFO - Filling up the DagBag from /mnt/kali/DataHunt/venv/lib/python3.11/site-packages/airflow/example_dags/example_kubernetes_executor.py
[2023-08-15T21:55:36.787+0300] {logging_mixin.py:150} INFO - [2023-08-15T21:55:36.787+0300] {example_kubernetes_executor.py:41} WARNING - The example_kubernetes_executor example DAG requires the kubernetes provider. Please install it with: pip install apache-airflow[cncf.kubernetes]
[2023-08-15T21:55:36.788+0300] {processor.py:838} WARNING - No viable dags retrieved from /mnt/kali/DataHunt/venv/lib/python3.11/site-packages/airflow/example_dags/example_kubernetes_executor.py
[2023-08-15T21:55:36.893+0300] {processor.py:179} INFO - Processing /mnt/kali/DataHunt/venv/lib/python3.11/site-packages/airflow/example_dags/example_kubernetes_executor.py took 0.188 seconds
[2023-08-15T21:56:07.902+0300] {processor.py:157} INFO - Started process (PID=241461) to work on /mnt/kali/DataHunt/venv/lib/python3.11/site-packages/airflow/example_dags/example_kubernetes_executor.py
[2023-08-15T21:56:07.928+0300] {processor.py:826} INFO - Processing file /mnt/kali/DataHunt/venv/lib/python3.11/site-packages/airflow/example_dags/example_kubernetes_executor.py for tasks to queue
[2023-08-15T21:56:07.931+0300] {logging_mixin.py:150} INFO - [2023-08-15T21:56:07.930+0300] {dagbag.py:541} INFO - Filling up the DagBag from /mnt/kali/DataHunt/venv/lib/python3.11/site-packages/airflow/example_dags/example_kubernetes_executor.py
[2023-08-15T21:56:07.945+0300] {logging_mixin.py:150} INFO - [2023-08-15T21:56:07.945+0300] {example_kubernetes_executor.py:41} WARNING - The example_kubernetes_executor example DAG requires the kubernetes provider. Please install it with: pip install apache-airflow[cncf.kubernetes]
[2023-08-15T21:56:07.946+0300] {processor.py:838} WARNING - No viable dags retrieved from /mnt/kali/DataHunt/venv/lib/python3.11/site-packages/airflow/example_dags/example_kubernetes_executor.py
[2023-08-15T21:56:08.076+0300] {processor.py:179} INFO - Processing /mnt/kali/DataHunt/venv/lib/python3.11/site-packages/airflow/example_dags/example_kubernetes_executor.py took 0.199 seconds
[2023-08-15T21:56:38.593+0300] {processor.py:157} INFO - Started process (PID=241948) to work on /mnt/kali/DataHunt/venv/lib/python3.11/site-packages/airflow/example_dags/example_kubernetes_executor.py
[2023-08-15T21:56:38.607+0300] {processor.py:826} INFO - Processing file /mnt/kali/DataHunt/venv/lib/python3.11/site-packages/airflow/example_dags/example_kubernetes_executor.py for tasks to queue
[2023-08-15T21:56:38.609+0300] {logging_mixin.py:150} INFO - [2023-08-15T21:56:38.608+0300] {dagbag.py:541} INFO - Filling up the DagBag from /mnt/kali/DataHunt/venv/lib/python3.11/site-packages/airflow/example_dags/example_kubernetes_executor.py
[2023-08-15T21:56:38.620+0300] {logging_mixin.py:150} INFO - [2023-08-15T21:56:38.620+0300] {example_kubernetes_executor.py:41} WARNING - The example_kubernetes_executor example DAG requires the kubernetes provider. Please install it with: pip install apache-airflow[cncf.kubernetes]
[2023-08-15T21:56:38.621+0300] {processor.py:838} WARNING - No viable dags retrieved from /mnt/kali/DataHunt/venv/lib/python3.11/site-packages/airflow/example_dags/example_kubernetes_executor.py
[2023-08-15T21:56:38.733+0300] {processor.py:179} INFO - Processing /mnt/kali/DataHunt/venv/lib/python3.11/site-packages/airflow/example_dags/example_kubernetes_executor.py took 0.152 seconds
[2023-08-15T21:57:08.869+0300] {processor.py:157} INFO - Started process (PID=242483) to work on /mnt/kali/DataHunt/venv/lib/python3.11/site-packages/airflow/example_dags/example_kubernetes_executor.py
[2023-08-15T21:57:08.871+0300] {processor.py:826} INFO - Processing file /mnt/kali/DataHunt/venv/lib/python3.11/site-packages/airflow/example_dags/example_kubernetes_executor.py for tasks to queue
[2023-08-15T21:57:08.874+0300] {logging_mixin.py:150} INFO - [2023-08-15T21:57:08.873+0300] {dagbag.py:541} INFO - Filling up the DagBag from /mnt/kali/DataHunt/venv/lib/python3.11/site-packages/airflow/example_dags/example_kubernetes_executor.py
[2023-08-15T21:57:08.887+0300] {logging_mixin.py:150} INFO - [2023-08-15T21:57:08.886+0300] {example_kubernetes_executor.py:41} WARNING - The example_kubernetes_executor example DAG requires the kubernetes provider. Please install it with: pip install apache-airflow[cncf.kubernetes]
[2023-08-15T21:57:08.888+0300] {processor.py:838} WARNING - No viable dags retrieved from /mnt/kali/DataHunt/venv/lib/python3.11/site-packages/airflow/example_dags/example_kubernetes_executor.py
[2023-08-15T21:57:08.973+0300] {processor.py:179} INFO - Processing /mnt/kali/DataHunt/venv/lib/python3.11/site-packages/airflow/example_dags/example_kubernetes_executor.py took 0.116 seconds
[2023-08-15T21:57:39.557+0300] {processor.py:157} INFO - Started process (PID=242955) to work on /mnt/kali/DataHunt/venv/lib/python3.11/site-packages/airflow/example_dags/example_kubernetes_executor.py
[2023-08-15T21:57:39.609+0300] {processor.py:826} INFO - Processing file /mnt/kali/DataHunt/venv/lib/python3.11/site-packages/airflow/example_dags/example_kubernetes_executor.py for tasks to queue
[2023-08-15T21:57:39.611+0300] {logging_mixin.py:150} INFO - [2023-08-15T21:57:39.610+0300] {dagbag.py:541} INFO - Filling up the DagBag from /mnt/kali/DataHunt/venv/lib/python3.11/site-packages/airflow/example_dags/example_kubernetes_executor.py
[2023-08-15T21:57:39.621+0300] {logging_mixin.py:150} INFO - [2023-08-15T21:57:39.620+0300] {example_kubernetes_executor.py:41} WARNING - The example_kubernetes_executor example DAG requires the kubernetes provider. Please install it with: pip install apache-airflow[cncf.kubernetes]
[2023-08-15T21:57:39.622+0300] {processor.py:838} WARNING - No viable dags retrieved from /mnt/kali/DataHunt/venv/lib/python3.11/site-packages/airflow/example_dags/example_kubernetes_executor.py
[2023-08-15T21:57:39.712+0300] {processor.py:179} INFO - Processing /mnt/kali/DataHunt/venv/lib/python3.11/site-packages/airflow/example_dags/example_kubernetes_executor.py took 0.168 seconds
