[2023-08-15T21:24:06.751+0300] {processor.py:157} INFO - Started process (PID=213405) to work on /mnt/kali/DataHunt/venv/lib/python3.11/site-packages/airflow/example_dags/example_trigger_target_dag.py
[2023-08-15T21:24:06.779+0300] {processor.py:826} INFO - Processing file /mnt/kali/DataHunt/venv/lib/python3.11/site-packages/airflow/example_dags/example_trigger_target_dag.py for tasks to queue
[2023-08-15T21:24:06.802+0300] {logging_mixin.py:150} INFO - [2023-08-15T21:24:06.787+0300] {dagbag.py:541} INFO - Filling up the DagBag from /mnt/kali/DataHunt/venv/lib/python3.11/site-packages/airflow/example_dags/example_trigger_target_dag.py
[2023-08-15T21:24:06.861+0300] {processor.py:836} INFO - DAG(s) dict_keys(['example_trigger_target_dag']) retrieved from /mnt/kali/DataHunt/venv/lib/python3.11/site-packages/airflow/example_dags/example_trigger_target_dag.py
[2023-08-15T21:24:09.546+0300] {logging_mixin.py:150} INFO - [2023-08-15T21:24:09.545+0300] {manager.py:504} INFO - Created Permission View: can edit on DAG:example_trigger_target_dag
[2023-08-15T21:24:09.801+0300] {logging_mixin.py:150} INFO - [2023-08-15T21:24:09.800+0300] {manager.py:504} INFO - Created Permission View: can delete on DAG:example_trigger_target_dag
[2023-08-15T21:24:10.077+0300] {logging_mixin.py:150} INFO - [2023-08-15T21:24:10.076+0300] {manager.py:504} INFO - Created Permission View: can read on DAG:example_trigger_target_dag
[2023-08-15T21:24:10.364+0300] {logging_mixin.py:150} INFO - [2023-08-15T21:24:10.364+0300] {dag.py:2742} INFO - Sync 1 DAGs
[2023-08-15T21:24:11.274+0300] {logging_mixin.py:150} INFO - [2023-08-15T21:24:11.274+0300] {dag.py:2763} INFO - Creating ORM DAG for example_trigger_target_dag
[2023-08-15T21:24:11.455+0300] {logging_mixin.py:150} INFO - [2023-08-15T21:24:11.454+0300] {dag.py:3504} INFO - Setting next_dagrun for example_trigger_target_dag to None, run_after=None
[2023-08-15T21:24:11.846+0300] {processor.py:179} INFO - Processing /mnt/kali/DataHunt/venv/lib/python3.11/site-packages/airflow/example_dags/example_trigger_target_dag.py took 5.121 seconds
[2023-08-15T21:27:04.920+0300] {processor.py:157} INFO - Started process (PID=215624) to work on /mnt/kali/DataHunt/venv/lib/python3.11/site-packages/airflow/example_dags/example_trigger_target_dag.py
[2023-08-15T21:27:04.951+0300] {processor.py:826} INFO - Processing file /mnt/kali/DataHunt/venv/lib/python3.11/site-packages/airflow/example_dags/example_trigger_target_dag.py for tasks to queue
[2023-08-15T21:27:04.953+0300] {logging_mixin.py:150} INFO - [2023-08-15T21:27:04.952+0300] {dagbag.py:541} INFO - Filling up the DagBag from /mnt/kali/DataHunt/venv/lib/python3.11/site-packages/airflow/example_dags/example_trigger_target_dag.py
[2023-08-15T21:27:05.018+0300] {processor.py:836} INFO - DAG(s) dict_keys(['example_trigger_target_dag']) retrieved from /mnt/kali/DataHunt/venv/lib/python3.11/site-packages/airflow/example_dags/example_trigger_target_dag.py
[2023-08-15T21:27:05.483+0300] {logging_mixin.py:150} INFO - [2023-08-15T21:27:05.482+0300] {dag.py:2742} INFO - Sync 1 DAGs
[2023-08-15T21:27:06.107+0300] {logging_mixin.py:150} INFO - [2023-08-15T21:27:06.057+0300] {dag.py:3504} INFO - Setting next_dagrun for example_trigger_target_dag to None, run_after=None
[2023-08-15T21:27:06.593+0300] {processor.py:179} INFO - Processing /mnt/kali/DataHunt/venv/lib/python3.11/site-packages/airflow/example_dags/example_trigger_target_dag.py took 1.708 seconds
[2023-08-15T21:28:54.446+0300] {processor.py:157} INFO - Started process (PID=216872) to work on /mnt/kali/DataHunt/venv/lib/python3.11/site-packages/airflow/example_dags/example_trigger_target_dag.py
[2023-08-15T21:28:54.604+0300] {processor.py:826} INFO - Processing file /mnt/kali/DataHunt/venv/lib/python3.11/site-packages/airflow/example_dags/example_trigger_target_dag.py for tasks to queue
[2023-08-15T21:28:54.616+0300] {logging_mixin.py:150} INFO - [2023-08-15T21:28:54.614+0300] {dagbag.py:541} INFO - Filling up the DagBag from /mnt/kali/DataHunt/venv/lib/python3.11/site-packages/airflow/example_dags/example_trigger_target_dag.py
[2023-08-15T21:28:54.712+0300] {processor.py:836} INFO - DAG(s) dict_keys(['example_trigger_target_dag']) retrieved from /mnt/kali/DataHunt/venv/lib/python3.11/site-packages/airflow/example_dags/example_trigger_target_dag.py
[2023-08-15T21:28:55.778+0300] {logging_mixin.py:150} INFO - [2023-08-15T21:28:55.778+0300] {dag.py:2742} INFO - Sync 1 DAGs
[2023-08-15T21:28:56.212+0300] {logging_mixin.py:150} INFO - [2023-08-15T21:28:56.207+0300] {dag.py:3504} INFO - Setting next_dagrun for example_trigger_target_dag to None, run_after=None
[2023-08-15T21:28:57.847+0300] {processor.py:179} INFO - Processing /mnt/kali/DataHunt/venv/lib/python3.11/site-packages/airflow/example_dags/example_trigger_target_dag.py took 3.435 seconds
[2023-08-15T21:47:19.187+0300] {processor.py:157} INFO - Started process (PID=233634) to work on /mnt/kali/DataHunt/venv/lib/python3.11/site-packages/airflow/example_dags/example_trigger_target_dag.py
[2023-08-15T21:47:19.212+0300] {processor.py:826} INFO - Processing file /mnt/kali/DataHunt/venv/lib/python3.11/site-packages/airflow/example_dags/example_trigger_target_dag.py for tasks to queue
[2023-08-15T21:47:19.216+0300] {logging_mixin.py:150} INFO - [2023-08-15T21:47:19.215+0300] {dagbag.py:541} INFO - Filling up the DagBag from /mnt/kali/DataHunt/venv/lib/python3.11/site-packages/airflow/example_dags/example_trigger_target_dag.py
[2023-08-15T21:47:19.310+0300] {processor.py:836} INFO - DAG(s) dict_keys(['example_trigger_target_dag']) retrieved from /mnt/kali/DataHunt/venv/lib/python3.11/site-packages/airflow/example_dags/example_trigger_target_dag.py
[2023-08-15T21:47:21.486+0300] {logging_mixin.py:150} INFO - [2023-08-15T21:47:21.486+0300] {manager.py:504} INFO - Created Permission View: can read on DAG:example_trigger_target_dag
[2023-08-15T21:47:21.876+0300] {logging_mixin.py:150} INFO - [2023-08-15T21:47:21.875+0300] {manager.py:504} INFO - Created Permission View: can delete on DAG:example_trigger_target_dag
[2023-08-15T21:47:22.291+0300] {logging_mixin.py:150} INFO - [2023-08-15T21:47:22.291+0300] {manager.py:504} INFO - Created Permission View: can edit on DAG:example_trigger_target_dag
[2023-08-15T21:47:22.347+0300] {logging_mixin.py:150} INFO - [2023-08-15T21:47:22.346+0300] {dag.py:2742} INFO - Sync 1 DAGs
[2023-08-15T21:47:22.392+0300] {logging_mixin.py:150} INFO - [2023-08-15T21:47:22.391+0300] {dag.py:2763} INFO - Creating ORM DAG for example_trigger_target_dag
[2023-08-15T21:47:22.443+0300] {logging_mixin.py:150} INFO - [2023-08-15T21:47:22.442+0300] {dag.py:3504} INFO - Setting next_dagrun for example_trigger_target_dag to None, run_after=None
[2023-08-15T21:47:23.181+0300] {processor.py:179} INFO - Processing /mnt/kali/DataHunt/venv/lib/python3.11/site-packages/airflow/example_dags/example_trigger_target_dag.py took 4.098 seconds
[2023-08-15T21:47:53.371+0300] {processor.py:157} INFO - Started process (PID=233980) to work on /mnt/kali/DataHunt/venv/lib/python3.11/site-packages/airflow/example_dags/example_trigger_target_dag.py
[2023-08-15T21:47:53.422+0300] {processor.py:826} INFO - Processing file /mnt/kali/DataHunt/venv/lib/python3.11/site-packages/airflow/example_dags/example_trigger_target_dag.py for tasks to queue
[2023-08-15T21:47:53.424+0300] {logging_mixin.py:150} INFO - [2023-08-15T21:47:53.423+0300] {dagbag.py:541} INFO - Filling up the DagBag from /mnt/kali/DataHunt/venv/lib/python3.11/site-packages/airflow/example_dags/example_trigger_target_dag.py
[2023-08-15T21:47:53.486+0300] {processor.py:836} INFO - DAG(s) dict_keys(['example_trigger_target_dag']) retrieved from /mnt/kali/DataHunt/venv/lib/python3.11/site-packages/airflow/example_dags/example_trigger_target_dag.py
[2023-08-15T21:47:53.752+0300] {logging_mixin.py:150} INFO - [2023-08-15T21:47:53.751+0300] {dag.py:2742} INFO - Sync 1 DAGs
[2023-08-15T21:47:53.863+0300] {logging_mixin.py:150} INFO - [2023-08-15T21:47:53.862+0300] {dag.py:3504} INFO - Setting next_dagrun for example_trigger_target_dag to None, run_after=None
[2023-08-15T21:47:53.983+0300] {processor.py:179} INFO - Processing /mnt/kali/DataHunt/venv/lib/python3.11/site-packages/airflow/example_dags/example_trigger_target_dag.py took 0.639 seconds
[2023-08-15T21:48:24.151+0300] {processor.py:157} INFO - Started process (PID=234393) to work on /mnt/kali/DataHunt/venv/lib/python3.11/site-packages/airflow/example_dags/example_trigger_target_dag.py
[2023-08-15T21:48:24.153+0300] {processor.py:826} INFO - Processing file /mnt/kali/DataHunt/venv/lib/python3.11/site-packages/airflow/example_dags/example_trigger_target_dag.py for tasks to queue
[2023-08-15T21:48:24.155+0300] {logging_mixin.py:150} INFO - [2023-08-15T21:48:24.154+0300] {dagbag.py:541} INFO - Filling up the DagBag from /mnt/kali/DataHunt/venv/lib/python3.11/site-packages/airflow/example_dags/example_trigger_target_dag.py
[2023-08-15T21:48:24.171+0300] {processor.py:836} INFO - DAG(s) dict_keys(['example_trigger_target_dag']) retrieved from /mnt/kali/DataHunt/venv/lib/python3.11/site-packages/airflow/example_dags/example_trigger_target_dag.py
[2023-08-15T21:48:24.248+0300] {logging_mixin.py:150} INFO - [2023-08-15T21:48:24.248+0300] {dag.py:2742} INFO - Sync 1 DAGs
[2023-08-15T21:48:24.303+0300] {logging_mixin.py:150} INFO - [2023-08-15T21:48:24.302+0300] {dag.py:3504} INFO - Setting next_dagrun for example_trigger_target_dag to None, run_after=None
[2023-08-15T21:48:24.369+0300] {processor.py:179} INFO - Processing /mnt/kali/DataHunt/venv/lib/python3.11/site-packages/airflow/example_dags/example_trigger_target_dag.py took 0.227 seconds
[2023-08-15T21:48:54.611+0300] {processor.py:157} INFO - Started process (PID=234973) to work on /mnt/kali/DataHunt/venv/lib/python3.11/site-packages/airflow/example_dags/example_trigger_target_dag.py
[2023-08-15T21:48:54.643+0300] {processor.py:826} INFO - Processing file /mnt/kali/DataHunt/venv/lib/python3.11/site-packages/airflow/example_dags/example_trigger_target_dag.py for tasks to queue
[2023-08-15T21:48:54.645+0300] {logging_mixin.py:150} INFO - [2023-08-15T21:48:54.644+0300] {dagbag.py:541} INFO - Filling up the DagBag from /mnt/kali/DataHunt/venv/lib/python3.11/site-packages/airflow/example_dags/example_trigger_target_dag.py
[2023-08-15T21:48:54.699+0300] {processor.py:836} INFO - DAG(s) dict_keys(['example_trigger_target_dag']) retrieved from /mnt/kali/DataHunt/venv/lib/python3.11/site-packages/airflow/example_dags/example_trigger_target_dag.py
[2023-08-15T21:48:54.848+0300] {logging_mixin.py:150} INFO - [2023-08-15T21:48:54.848+0300] {dag.py:2742} INFO - Sync 1 DAGs
[2023-08-15T21:48:54.967+0300] {logging_mixin.py:150} INFO - [2023-08-15T21:48:54.967+0300] {dag.py:3504} INFO - Setting next_dagrun for example_trigger_target_dag to None, run_after=None
[2023-08-15T21:48:55.073+0300] {processor.py:179} INFO - Processing /mnt/kali/DataHunt/venv/lib/python3.11/site-packages/airflow/example_dags/example_trigger_target_dag.py took 0.526 seconds
[2023-08-15T21:49:31.229+0300] {processor.py:157} INFO - Started process (PID=235598) to work on /mnt/kali/DataHunt/venv/lib/python3.11/site-packages/airflow/example_dags/example_trigger_target_dag.py
[2023-08-15T21:49:31.243+0300] {processor.py:826} INFO - Processing file /mnt/kali/DataHunt/venv/lib/python3.11/site-packages/airflow/example_dags/example_trigger_target_dag.py for tasks to queue
[2023-08-15T21:49:31.244+0300] {logging_mixin.py:150} INFO - [2023-08-15T21:49:31.244+0300] {dagbag.py:541} INFO - Filling up the DagBag from /mnt/kali/DataHunt/venv/lib/python3.11/site-packages/airflow/example_dags/example_trigger_target_dag.py
[2023-08-15T21:49:31.260+0300] {processor.py:836} INFO - DAG(s) dict_keys(['example_trigger_target_dag']) retrieved from /mnt/kali/DataHunt/venv/lib/python3.11/site-packages/airflow/example_dags/example_trigger_target_dag.py
[2023-08-15T21:49:31.837+0300] {logging_mixin.py:150} INFO - [2023-08-15T21:49:31.837+0300] {dag.py:2742} INFO - Sync 1 DAGs
[2023-08-15T21:49:31.916+0300] {logging_mixin.py:150} INFO - [2023-08-15T21:49:31.915+0300] {dag.py:3504} INFO - Setting next_dagrun for example_trigger_target_dag to None, run_after=None
[2023-08-15T21:49:32.036+0300] {processor.py:179} INFO - Processing /mnt/kali/DataHunt/venv/lib/python3.11/site-packages/airflow/example_dags/example_trigger_target_dag.py took 0.817 seconds
[2023-08-15T21:50:02.475+0300] {processor.py:157} INFO - Started process (PID=235936) to work on /mnt/kali/DataHunt/venv/lib/python3.11/site-packages/airflow/example_dags/example_trigger_target_dag.py
[2023-08-15T21:50:02.486+0300] {processor.py:826} INFO - Processing file /mnt/kali/DataHunt/venv/lib/python3.11/site-packages/airflow/example_dags/example_trigger_target_dag.py for tasks to queue
[2023-08-15T21:50:02.513+0300] {logging_mixin.py:150} INFO - [2023-08-15T21:50:02.493+0300] {dagbag.py:541} INFO - Filling up the DagBag from /mnt/kali/DataHunt/venv/lib/python3.11/site-packages/airflow/example_dags/example_trigger_target_dag.py
[2023-08-15T21:50:02.654+0300] {processor.py:836} INFO - DAG(s) dict_keys(['example_trigger_target_dag']) retrieved from /mnt/kali/DataHunt/venv/lib/python3.11/site-packages/airflow/example_dags/example_trigger_target_dag.py
[2023-08-15T21:50:02.956+0300] {logging_mixin.py:150} INFO - [2023-08-15T21:50:02.956+0300] {dag.py:2742} INFO - Sync 1 DAGs
[2023-08-15T21:50:03.057+0300] {logging_mixin.py:150} INFO - [2023-08-15T21:50:03.057+0300] {dag.py:3504} INFO - Setting next_dagrun for example_trigger_target_dag to None, run_after=None
[2023-08-15T21:50:03.179+0300] {processor.py:179} INFO - Processing /mnt/kali/DataHunt/venv/lib/python3.11/site-packages/airflow/example_dags/example_trigger_target_dag.py took 0.751 seconds
[2023-08-15T21:50:40.287+0300] {processor.py:157} INFO - Started process (PID=236400) to work on /mnt/kali/DataHunt/venv/lib/python3.11/site-packages/airflow/example_dags/example_trigger_target_dag.py
[2023-08-15T21:50:40.301+0300] {processor.py:826} INFO - Processing file /mnt/kali/DataHunt/venv/lib/python3.11/site-packages/airflow/example_dags/example_trigger_target_dag.py for tasks to queue
[2023-08-15T21:50:40.306+0300] {logging_mixin.py:150} INFO - [2023-08-15T21:50:40.303+0300] {dagbag.py:541} INFO - Filling up the DagBag from /mnt/kali/DataHunt/venv/lib/python3.11/site-packages/airflow/example_dags/example_trigger_target_dag.py
[2023-08-15T21:50:40.361+0300] {processor.py:836} INFO - DAG(s) dict_keys(['example_trigger_target_dag']) retrieved from /mnt/kali/DataHunt/venv/lib/python3.11/site-packages/airflow/example_dags/example_trigger_target_dag.py
[2023-08-15T21:50:40.816+0300] {logging_mixin.py:150} INFO - [2023-08-15T21:50:40.815+0300] {dag.py:2742} INFO - Sync 1 DAGs
[2023-08-15T21:50:40.940+0300] {logging_mixin.py:150} INFO - [2023-08-15T21:50:40.939+0300] {dag.py:3504} INFO - Setting next_dagrun for example_trigger_target_dag to None, run_after=None
[2023-08-15T21:50:41.211+0300] {processor.py:179} INFO - Processing /mnt/kali/DataHunt/venv/lib/python3.11/site-packages/airflow/example_dags/example_trigger_target_dag.py took 1.059 seconds
[2023-08-15T21:51:12.005+0300] {processor.py:157} INFO - Started process (PID=236844) to work on /mnt/kali/DataHunt/venv/lib/python3.11/site-packages/airflow/example_dags/example_trigger_target_dag.py
[2023-08-15T21:51:12.079+0300] {processor.py:826} INFO - Processing file /mnt/kali/DataHunt/venv/lib/python3.11/site-packages/airflow/example_dags/example_trigger_target_dag.py for tasks to queue
[2023-08-15T21:51:12.081+0300] {logging_mixin.py:150} INFO - [2023-08-15T21:51:12.080+0300] {dagbag.py:541} INFO - Filling up the DagBag from /mnt/kali/DataHunt/venv/lib/python3.11/site-packages/airflow/example_dags/example_trigger_target_dag.py
[2023-08-15T21:51:12.101+0300] {processor.py:836} INFO - DAG(s) dict_keys(['example_trigger_target_dag']) retrieved from /mnt/kali/DataHunt/venv/lib/python3.11/site-packages/airflow/example_dags/example_trigger_target_dag.py
[2023-08-15T21:51:12.201+0300] {logging_mixin.py:150} INFO - [2023-08-15T21:51:12.201+0300] {dag.py:2742} INFO - Sync 1 DAGs
[2023-08-15T21:51:12.292+0300] {logging_mixin.py:150} INFO - [2023-08-15T21:51:12.292+0300] {dag.py:3504} INFO - Setting next_dagrun for example_trigger_target_dag to None, run_after=None
[2023-08-15T21:51:12.384+0300] {processor.py:179} INFO - Processing /mnt/kali/DataHunt/venv/lib/python3.11/site-packages/airflow/example_dags/example_trigger_target_dag.py took 0.392 seconds
[2023-08-15T21:51:42.678+0300] {processor.py:157} INFO - Started process (PID=237407) to work on /mnt/kali/DataHunt/venv/lib/python3.11/site-packages/airflow/example_dags/example_trigger_target_dag.py
[2023-08-15T21:51:42.691+0300] {processor.py:826} INFO - Processing file /mnt/kali/DataHunt/venv/lib/python3.11/site-packages/airflow/example_dags/example_trigger_target_dag.py for tasks to queue
[2023-08-15T21:51:42.693+0300] {logging_mixin.py:150} INFO - [2023-08-15T21:51:42.692+0300] {dagbag.py:541} INFO - Filling up the DagBag from /mnt/kali/DataHunt/venv/lib/python3.11/site-packages/airflow/example_dags/example_trigger_target_dag.py
[2023-08-15T21:51:42.713+0300] {processor.py:836} INFO - DAG(s) dict_keys(['example_trigger_target_dag']) retrieved from /mnt/kali/DataHunt/venv/lib/python3.11/site-packages/airflow/example_dags/example_trigger_target_dag.py
[2023-08-15T21:51:42.795+0300] {logging_mixin.py:150} INFO - [2023-08-15T21:51:42.794+0300] {dag.py:2742} INFO - Sync 1 DAGs
[2023-08-15T21:51:42.848+0300] {logging_mixin.py:150} INFO - [2023-08-15T21:51:42.848+0300] {dag.py:3504} INFO - Setting next_dagrun for example_trigger_target_dag to None, run_after=None
[2023-08-15T21:51:42.909+0300] {processor.py:179} INFO - Processing /mnt/kali/DataHunt/venv/lib/python3.11/site-packages/airflow/example_dags/example_trigger_target_dag.py took 0.243 seconds
[2023-08-15T21:52:13.489+0300] {processor.py:157} INFO - Started process (PID=237961) to work on /mnt/kali/DataHunt/venv/lib/python3.11/site-packages/airflow/example_dags/example_trigger_target_dag.py
[2023-08-15T21:52:13.514+0300] {processor.py:826} INFO - Processing file /mnt/kali/DataHunt/venv/lib/python3.11/site-packages/airflow/example_dags/example_trigger_target_dag.py for tasks to queue
[2023-08-15T21:52:13.517+0300] {logging_mixin.py:150} INFO - [2023-08-15T21:52:13.515+0300] {dagbag.py:541} INFO - Filling up the DagBag from /mnt/kali/DataHunt/venv/lib/python3.11/site-packages/airflow/example_dags/example_trigger_target_dag.py
[2023-08-15T21:52:13.539+0300] {processor.py:836} INFO - DAG(s) dict_keys(['example_trigger_target_dag']) retrieved from /mnt/kali/DataHunt/venv/lib/python3.11/site-packages/airflow/example_dags/example_trigger_target_dag.py
[2023-08-15T21:52:13.677+0300] {logging_mixin.py:150} INFO - [2023-08-15T21:52:13.676+0300] {dag.py:2742} INFO - Sync 1 DAGs
[2023-08-15T21:52:13.759+0300] {logging_mixin.py:150} INFO - [2023-08-15T21:52:13.758+0300] {dag.py:3504} INFO - Setting next_dagrun for example_trigger_target_dag to None, run_after=None
[2023-08-15T21:52:13.828+0300] {processor.py:179} INFO - Processing /mnt/kali/DataHunt/venv/lib/python3.11/site-packages/airflow/example_dags/example_trigger_target_dag.py took 0.352 seconds
[2023-08-15T21:52:44.250+0300] {processor.py:157} INFO - Started process (PID=238350) to work on /mnt/kali/DataHunt/venv/lib/python3.11/site-packages/airflow/example_dags/example_trigger_target_dag.py
[2023-08-15T21:52:44.252+0300] {processor.py:826} INFO - Processing file /mnt/kali/DataHunt/venv/lib/python3.11/site-packages/airflow/example_dags/example_trigger_target_dag.py for tasks to queue
[2023-08-15T21:52:44.254+0300] {logging_mixin.py:150} INFO - [2023-08-15T21:52:44.253+0300] {dagbag.py:541} INFO - Filling up the DagBag from /mnt/kali/DataHunt/venv/lib/python3.11/site-packages/airflow/example_dags/example_trigger_target_dag.py
[2023-08-15T21:52:44.276+0300] {processor.py:836} INFO - DAG(s) dict_keys(['example_trigger_target_dag']) retrieved from /mnt/kali/DataHunt/venv/lib/python3.11/site-packages/airflow/example_dags/example_trigger_target_dag.py
[2023-08-15T21:52:44.408+0300] {logging_mixin.py:150} INFO - [2023-08-15T21:52:44.407+0300] {dag.py:2742} INFO - Sync 1 DAGs
[2023-08-15T21:52:44.526+0300] {logging_mixin.py:150} INFO - [2023-08-15T21:52:44.526+0300] {dag.py:3504} INFO - Setting next_dagrun for example_trigger_target_dag to None, run_after=None
[2023-08-15T21:52:44.594+0300] {processor.py:179} INFO - Processing /mnt/kali/DataHunt/venv/lib/python3.11/site-packages/airflow/example_dags/example_trigger_target_dag.py took 0.357 seconds
[2023-08-15T21:53:15.066+0300] {processor.py:157} INFO - Started process (PID=238732) to work on /mnt/kali/DataHunt/venv/lib/python3.11/site-packages/airflow/example_dags/example_trigger_target_dag.py
[2023-08-15T21:53:15.069+0300] {processor.py:826} INFO - Processing file /mnt/kali/DataHunt/venv/lib/python3.11/site-packages/airflow/example_dags/example_trigger_target_dag.py for tasks to queue
[2023-08-15T21:53:15.072+0300] {logging_mixin.py:150} INFO - [2023-08-15T21:53:15.071+0300] {dagbag.py:541} INFO - Filling up the DagBag from /mnt/kali/DataHunt/venv/lib/python3.11/site-packages/airflow/example_dags/example_trigger_target_dag.py
[2023-08-15T21:53:15.098+0300] {processor.py:836} INFO - DAG(s) dict_keys(['example_trigger_target_dag']) retrieved from /mnt/kali/DataHunt/venv/lib/python3.11/site-packages/airflow/example_dags/example_trigger_target_dag.py
[2023-08-15T21:53:15.200+0300] {logging_mixin.py:150} INFO - [2023-08-15T21:53:15.200+0300] {dag.py:2742} INFO - Sync 1 DAGs
[2023-08-15T21:53:15.251+0300] {logging_mixin.py:150} INFO - [2023-08-15T21:53:15.250+0300] {dag.py:3504} INFO - Setting next_dagrun for example_trigger_target_dag to None, run_after=None
[2023-08-15T21:53:15.301+0300] {processor.py:179} INFO - Processing /mnt/kali/DataHunt/venv/lib/python3.11/site-packages/airflow/example_dags/example_trigger_target_dag.py took 0.250 seconds
[2023-08-15T21:53:45.512+0300] {processor.py:157} INFO - Started process (PID=239260) to work on /mnt/kali/DataHunt/venv/lib/python3.11/site-packages/airflow/example_dags/example_trigger_target_dag.py
[2023-08-15T21:53:45.604+0300] {processor.py:826} INFO - Processing file /mnt/kali/DataHunt/venv/lib/python3.11/site-packages/airflow/example_dags/example_trigger_target_dag.py for tasks to queue
[2023-08-15T21:53:45.607+0300] {logging_mixin.py:150} INFO - [2023-08-15T21:53:45.606+0300] {dagbag.py:541} INFO - Filling up the DagBag from /mnt/kali/DataHunt/venv/lib/python3.11/site-packages/airflow/example_dags/example_trigger_target_dag.py
[2023-08-15T21:53:45.642+0300] {processor.py:836} INFO - DAG(s) dict_keys(['example_trigger_target_dag']) retrieved from /mnt/kali/DataHunt/venv/lib/python3.11/site-packages/airflow/example_dags/example_trigger_target_dag.py
[2023-08-15T21:53:45.811+0300] {logging_mixin.py:150} INFO - [2023-08-15T21:53:45.810+0300] {dag.py:2742} INFO - Sync 1 DAGs
[2023-08-15T21:53:45.907+0300] {logging_mixin.py:150} INFO - [2023-08-15T21:53:45.906+0300] {dag.py:3504} INFO - Setting next_dagrun for example_trigger_target_dag to None, run_after=None
[2023-08-15T21:53:46.034+0300] {processor.py:179} INFO - Processing /mnt/kali/DataHunt/venv/lib/python3.11/site-packages/airflow/example_dags/example_trigger_target_dag.py took 0.537 seconds
[2023-08-15T21:54:16.175+0300] {processor.py:157} INFO - Started process (PID=239865) to work on /mnt/kali/DataHunt/venv/lib/python3.11/site-packages/airflow/example_dags/example_trigger_target_dag.py
[2023-08-15T21:54:16.176+0300] {processor.py:826} INFO - Processing file /mnt/kali/DataHunt/venv/lib/python3.11/site-packages/airflow/example_dags/example_trigger_target_dag.py for tasks to queue
[2023-08-15T21:54:16.178+0300] {logging_mixin.py:150} INFO - [2023-08-15T21:54:16.178+0300] {dagbag.py:541} INFO - Filling up the DagBag from /mnt/kali/DataHunt/venv/lib/python3.11/site-packages/airflow/example_dags/example_trigger_target_dag.py
[2023-08-15T21:54:16.193+0300] {processor.py:836} INFO - DAG(s) dict_keys(['example_trigger_target_dag']) retrieved from /mnt/kali/DataHunt/venv/lib/python3.11/site-packages/airflow/example_dags/example_trigger_target_dag.py
[2023-08-15T21:54:16.277+0300] {logging_mixin.py:150} INFO - [2023-08-15T21:54:16.276+0300] {dag.py:2742} INFO - Sync 1 DAGs
[2023-08-15T21:54:16.346+0300] {logging_mixin.py:150} INFO - [2023-08-15T21:54:16.346+0300] {dag.py:3504} INFO - Setting next_dagrun for example_trigger_target_dag to None, run_after=None
[2023-08-15T21:54:16.411+0300] {processor.py:179} INFO - Processing /mnt/kali/DataHunt/venv/lib/python3.11/site-packages/airflow/example_dags/example_trigger_target_dag.py took 0.244 seconds
[2023-08-15T21:54:46.961+0300] {processor.py:157} INFO - Started process (PID=240240) to work on /mnt/kali/DataHunt/venv/lib/python3.11/site-packages/airflow/example_dags/example_trigger_target_dag.py
[2023-08-15T21:54:46.963+0300] {processor.py:826} INFO - Processing file /mnt/kali/DataHunt/venv/lib/python3.11/site-packages/airflow/example_dags/example_trigger_target_dag.py for tasks to queue
[2023-08-15T21:54:46.967+0300] {logging_mixin.py:150} INFO - [2023-08-15T21:54:46.966+0300] {dagbag.py:541} INFO - Filling up the DagBag from /mnt/kali/DataHunt/venv/lib/python3.11/site-packages/airflow/example_dags/example_trigger_target_dag.py
[2023-08-15T21:54:46.995+0300] {processor.py:836} INFO - DAG(s) dict_keys(['example_trigger_target_dag']) retrieved from /mnt/kali/DataHunt/venv/lib/python3.11/site-packages/airflow/example_dags/example_trigger_target_dag.py
[2023-08-15T21:54:47.152+0300] {logging_mixin.py:150} INFO - [2023-08-15T21:54:47.151+0300] {dag.py:2742} INFO - Sync 1 DAGs
[2023-08-15T21:54:47.265+0300] {logging_mixin.py:150} INFO - [2023-08-15T21:54:47.265+0300] {dag.py:3504} INFO - Setting next_dagrun for example_trigger_target_dag to None, run_after=None
[2023-08-15T21:54:47.352+0300] {processor.py:179} INFO - Processing /mnt/kali/DataHunt/venv/lib/python3.11/site-packages/airflow/example_dags/example_trigger_target_dag.py took 0.408 seconds
[2023-08-15T21:55:17.852+0300] {processor.py:157} INFO - Started process (PID=240684) to work on /mnt/kali/DataHunt/venv/lib/python3.11/site-packages/airflow/example_dags/example_trigger_target_dag.py
[2023-08-15T21:55:17.864+0300] {processor.py:826} INFO - Processing file /mnt/kali/DataHunt/venv/lib/python3.11/site-packages/airflow/example_dags/example_trigger_target_dag.py for tasks to queue
[2023-08-15T21:55:17.867+0300] {logging_mixin.py:150} INFO - [2023-08-15T21:55:17.866+0300] {dagbag.py:541} INFO - Filling up the DagBag from /mnt/kali/DataHunt/venv/lib/python3.11/site-packages/airflow/example_dags/example_trigger_target_dag.py
[2023-08-15T21:55:17.893+0300] {processor.py:836} INFO - DAG(s) dict_keys(['example_trigger_target_dag']) retrieved from /mnt/kali/DataHunt/venv/lib/python3.11/site-packages/airflow/example_dags/example_trigger_target_dag.py
[2023-08-15T21:55:18.028+0300] {logging_mixin.py:150} INFO - [2023-08-15T21:55:18.027+0300] {dag.py:2742} INFO - Sync 1 DAGs
[2023-08-15T21:55:18.197+0300] {logging_mixin.py:150} INFO - [2023-08-15T21:55:18.195+0300] {dag.py:3504} INFO - Setting next_dagrun for example_trigger_target_dag to None, run_after=None
[2023-08-15T21:55:18.419+0300] {processor.py:179} INFO - Processing /mnt/kali/DataHunt/venv/lib/python3.11/site-packages/airflow/example_dags/example_trigger_target_dag.py took 0.581 seconds
[2023-08-15T21:55:49.131+0300] {processor.py:157} INFO - Started process (PID=241076) to work on /mnt/kali/DataHunt/venv/lib/python3.11/site-packages/airflow/example_dags/example_trigger_target_dag.py
[2023-08-15T21:55:49.139+0300] {processor.py:826} INFO - Processing file /mnt/kali/DataHunt/venv/lib/python3.11/site-packages/airflow/example_dags/example_trigger_target_dag.py for tasks to queue
[2023-08-15T21:55:49.142+0300] {logging_mixin.py:150} INFO - [2023-08-15T21:55:49.141+0300] {dagbag.py:541} INFO - Filling up the DagBag from /mnt/kali/DataHunt/venv/lib/python3.11/site-packages/airflow/example_dags/example_trigger_target_dag.py
[2023-08-15T21:55:49.207+0300] {processor.py:836} INFO - DAG(s) dict_keys(['example_trigger_target_dag']) retrieved from /mnt/kali/DataHunt/venv/lib/python3.11/site-packages/airflow/example_dags/example_trigger_target_dag.py
[2023-08-15T21:55:49.551+0300] {logging_mixin.py:150} INFO - [2023-08-15T21:55:49.550+0300] {dag.py:2742} INFO - Sync 1 DAGs
[2023-08-15T21:55:49.776+0300] {logging_mixin.py:150} INFO - [2023-08-15T21:55:49.776+0300] {dag.py:3504} INFO - Setting next_dagrun for example_trigger_target_dag to None, run_after=None
[2023-08-15T21:55:49.986+0300] {processor.py:179} INFO - Processing /mnt/kali/DataHunt/venv/lib/python3.11/site-packages/airflow/example_dags/example_trigger_target_dag.py took 0.920 seconds
[2023-08-15T21:56:20.685+0300] {processor.py:157} INFO - Started process (PID=241647) to work on /mnt/kali/DataHunt/venv/lib/python3.11/site-packages/airflow/example_dags/example_trigger_target_dag.py
[2023-08-15T21:56:20.705+0300] {processor.py:826} INFO - Processing file /mnt/kali/DataHunt/venv/lib/python3.11/site-packages/airflow/example_dags/example_trigger_target_dag.py for tasks to queue
[2023-08-15T21:56:20.707+0300] {logging_mixin.py:150} INFO - [2023-08-15T21:56:20.706+0300] {dagbag.py:541} INFO - Filling up the DagBag from /mnt/kali/DataHunt/venv/lib/python3.11/site-packages/airflow/example_dags/example_trigger_target_dag.py
[2023-08-15T21:56:20.733+0300] {processor.py:836} INFO - DAG(s) dict_keys(['example_trigger_target_dag']) retrieved from /mnt/kali/DataHunt/venv/lib/python3.11/site-packages/airflow/example_dags/example_trigger_target_dag.py
[2023-08-15T21:56:20.858+0300] {logging_mixin.py:150} INFO - [2023-08-15T21:56:20.858+0300] {dag.py:2742} INFO - Sync 1 DAGs
[2023-08-15T21:56:20.939+0300] {logging_mixin.py:150} INFO - [2023-08-15T21:56:20.939+0300] {dag.py:3504} INFO - Setting next_dagrun for example_trigger_target_dag to None, run_after=None
[2023-08-15T21:56:21.040+0300] {processor.py:179} INFO - Processing /mnt/kali/DataHunt/venv/lib/python3.11/site-packages/airflow/example_dags/example_trigger_target_dag.py took 0.378 seconds
[2023-08-15T21:56:51.535+0300] {processor.py:157} INFO - Started process (PID=242278) to work on /mnt/kali/DataHunt/venv/lib/python3.11/site-packages/airflow/example_dags/example_trigger_target_dag.py
[2023-08-15T21:56:51.543+0300] {processor.py:826} INFO - Processing file /mnt/kali/DataHunt/venv/lib/python3.11/site-packages/airflow/example_dags/example_trigger_target_dag.py for tasks to queue
[2023-08-15T21:56:51.546+0300] {logging_mixin.py:150} INFO - [2023-08-15T21:56:51.545+0300] {dagbag.py:541} INFO - Filling up the DagBag from /mnt/kali/DataHunt/venv/lib/python3.11/site-packages/airflow/example_dags/example_trigger_target_dag.py
[2023-08-15T21:56:51.588+0300] {processor.py:836} INFO - DAG(s) dict_keys(['example_trigger_target_dag']) retrieved from /mnt/kali/DataHunt/venv/lib/python3.11/site-packages/airflow/example_dags/example_trigger_target_dag.py
[2023-08-15T21:56:52.004+0300] {logging_mixin.py:150} INFO - [2023-08-15T21:56:52.004+0300] {dag.py:2742} INFO - Sync 1 DAGs
[2023-08-15T21:56:52.279+0300] {logging_mixin.py:150} INFO - [2023-08-15T21:56:52.278+0300] {dag.py:3504} INFO - Setting next_dagrun for example_trigger_target_dag to None, run_after=None
[2023-08-15T21:56:52.451+0300] {processor.py:179} INFO - Processing /mnt/kali/DataHunt/venv/lib/python3.11/site-packages/airflow/example_dags/example_trigger_target_dag.py took 0.956 seconds
[2023-08-15T21:57:23.312+0300] {processor.py:157} INFO - Started process (PID=242736) to work on /mnt/kali/DataHunt/venv/lib/python3.11/site-packages/airflow/example_dags/example_trigger_target_dag.py
[2023-08-15T21:57:23.351+0300] {processor.py:826} INFO - Processing file /mnt/kali/DataHunt/venv/lib/python3.11/site-packages/airflow/example_dags/example_trigger_target_dag.py for tasks to queue
[2023-08-15T21:57:23.353+0300] {logging_mixin.py:150} INFO - [2023-08-15T21:57:23.352+0300] {dagbag.py:541} INFO - Filling up the DagBag from /mnt/kali/DataHunt/venv/lib/python3.11/site-packages/airflow/example_dags/example_trigger_target_dag.py
[2023-08-15T21:57:23.512+0300] {processor.py:836} INFO - DAG(s) dict_keys(['example_trigger_target_dag']) retrieved from /mnt/kali/DataHunt/venv/lib/python3.11/site-packages/airflow/example_dags/example_trigger_target_dag.py
[2023-08-15T21:57:24.391+0300] {logging_mixin.py:150} INFO - [2023-08-15T21:57:24.391+0300] {dag.py:2742} INFO - Sync 1 DAGs
[2023-08-15T21:57:24.483+0300] {logging_mixin.py:150} INFO - [2023-08-15T21:57:24.483+0300] {dag.py:3504} INFO - Setting next_dagrun for example_trigger_target_dag to None, run_after=None
[2023-08-15T21:57:24.752+0300] {processor.py:179} INFO - Processing /mnt/kali/DataHunt/venv/lib/python3.11/site-packages/airflow/example_dags/example_trigger_target_dag.py took 1.569 seconds
[2023-08-15T21:57:54.990+0300] {processor.py:157} INFO - Started process (PID=243185) to work on /mnt/kali/DataHunt/venv/lib/python3.11/site-packages/airflow/example_dags/example_trigger_target_dag.py
[2023-08-15T21:57:54.992+0300] {processor.py:826} INFO - Processing file /mnt/kali/DataHunt/venv/lib/python3.11/site-packages/airflow/example_dags/example_trigger_target_dag.py for tasks to queue
[2023-08-15T21:57:54.996+0300] {logging_mixin.py:150} INFO - [2023-08-15T21:57:54.995+0300] {dagbag.py:541} INFO - Filling up the DagBag from /mnt/kali/DataHunt/venv/lib/python3.11/site-packages/airflow/example_dags/example_trigger_target_dag.py
[2023-08-15T21:57:55.072+0300] {processor.py:836} INFO - DAG(s) dict_keys(['example_trigger_target_dag']) retrieved from /mnt/kali/DataHunt/venv/lib/python3.11/site-packages/airflow/example_dags/example_trigger_target_dag.py
[2023-08-15T21:57:55.364+0300] {logging_mixin.py:150} INFO - [2023-08-15T21:57:55.364+0300] {dag.py:2742} INFO - Sync 1 DAGs
[2023-08-15T21:57:55.568+0300] {logging_mixin.py:150} INFO - [2023-08-15T21:57:55.568+0300] {dag.py:3504} INFO - Setting next_dagrun for example_trigger_target_dag to None, run_after=None
[2023-08-15T21:57:55.704+0300] {processor.py:179} INFO - Processing /mnt/kali/DataHunt/venv/lib/python3.11/site-packages/airflow/example_dags/example_trigger_target_dag.py took 0.730 seconds
