[2023-08-15T21:25:51.805+0300] {processor.py:157} INFO - Started process (PID=214705) to work on /mnt/kali/DataHunt/venv/lib/python3.11/site-packages/airflow/example_dags/example_dynamic_task_mapping.py
[2023-08-15T21:25:51.808+0300] {processor.py:826} INFO - Processing file /mnt/kali/DataHunt/venv/lib/python3.11/site-packages/airflow/example_dags/example_dynamic_task_mapping.py for tasks to queue
[2023-08-15T21:25:51.811+0300] {logging_mixin.py:150} INFO - [2023-08-15T21:25:51.810+0300] {dagbag.py:541} INFO - Filling up the DagBag from /mnt/kali/DataHunt/venv/lib/python3.11/site-packages/airflow/example_dags/example_dynamic_task_mapping.py
[2023-08-15T21:25:51.847+0300] {processor.py:836} INFO - DAG(s) dict_keys(['example_dynamic_task_mapping']) retrieved from /mnt/kali/DataHunt/venv/lib/python3.11/site-packages/airflow/example_dags/example_dynamic_task_mapping.py
[2023-08-15T21:25:52.579+0300] {logging_mixin.py:150} INFO - [2023-08-15T21:25:52.578+0300] {manager.py:504} INFO - Created Permission View: can edit on DAG:example_dynamic_task_mapping
[2023-08-15T21:25:52.712+0300] {logging_mixin.py:150} INFO - [2023-08-15T21:25:52.711+0300] {manager.py:504} INFO - Created Permission View: can delete on DAG:example_dynamic_task_mapping
[2023-08-15T21:25:52.801+0300] {logging_mixin.py:150} INFO - [2023-08-15T21:25:52.800+0300] {manager.py:504} INFO - Created Permission View: can read on DAG:example_dynamic_task_mapping
[2023-08-15T21:25:52.897+0300] {logging_mixin.py:150} INFO - [2023-08-15T21:25:52.897+0300] {dag.py:2742} INFO - Sync 1 DAGs
[2023-08-15T21:25:52.994+0300] {logging_mixin.py:150} INFO - [2023-08-15T21:25:52.994+0300] {dag.py:2763} INFO - Creating ORM DAG for example_dynamic_task_mapping
[2023-08-15T21:25:53.062+0300] {logging_mixin.py:150} INFO - [2023-08-15T21:25:53.062+0300] {dag.py:3504} INFO - Setting next_dagrun for example_dynamic_task_mapping to 2022-03-04T00:00:00+00:00, run_after=2022-03-05T00:00:00+00:00
[2023-08-15T21:25:53.254+0300] {processor.py:179} INFO - Processing /mnt/kali/DataHunt/venv/lib/python3.11/site-packages/airflow/example_dags/example_dynamic_task_mapping.py took 1.459 seconds
[2023-08-15T21:28:12.237+0300] {processor.py:157} INFO - Started process (PID=216450) to work on /mnt/kali/DataHunt/venv/lib/python3.11/site-packages/airflow/example_dags/example_dynamic_task_mapping.py
[2023-08-15T21:28:12.293+0300] {processor.py:826} INFO - Processing file /mnt/kali/DataHunt/venv/lib/python3.11/site-packages/airflow/example_dags/example_dynamic_task_mapping.py for tasks to queue
[2023-08-15T21:28:12.296+0300] {logging_mixin.py:150} INFO - [2023-08-15T21:28:12.294+0300] {dagbag.py:541} INFO - Filling up the DagBag from /mnt/kali/DataHunt/venv/lib/python3.11/site-packages/airflow/example_dags/example_dynamic_task_mapping.py
[2023-08-15T21:28:12.348+0300] {processor.py:836} INFO - DAG(s) dict_keys(['example_dynamic_task_mapping']) retrieved from /mnt/kali/DataHunt/venv/lib/python3.11/site-packages/airflow/example_dags/example_dynamic_task_mapping.py
[2023-08-15T21:28:12.515+0300] {logging_mixin.py:150} INFO - [2023-08-15T21:28:12.514+0300] {dag.py:2742} INFO - Sync 1 DAGs
[2023-08-15T21:28:12.638+0300] {logging_mixin.py:150} INFO - [2023-08-15T21:28:12.637+0300] {dag.py:3504} INFO - Setting next_dagrun for example_dynamic_task_mapping to 2022-03-04T00:00:00+00:00, run_after=2022-03-05T00:00:00+00:00
[2023-08-15T21:28:12.908+0300] {processor.py:179} INFO - Processing /mnt/kali/DataHunt/venv/lib/python3.11/site-packages/airflow/example_dags/example_dynamic_task_mapping.py took 0.706 seconds
[2023-08-15T21:47:36.142+0300] {processor.py:157} INFO - Started process (PID=233753) to work on /mnt/kali/DataHunt/venv/lib/python3.11/site-packages/airflow/example_dags/example_dynamic_task_mapping.py
[2023-08-15T21:47:36.169+0300] {processor.py:826} INFO - Processing file /mnt/kali/DataHunt/venv/lib/python3.11/site-packages/airflow/example_dags/example_dynamic_task_mapping.py for tasks to queue
[2023-08-15T21:47:36.177+0300] {logging_mixin.py:150} INFO - [2023-08-15T21:47:36.176+0300] {dagbag.py:541} INFO - Filling up the DagBag from /mnt/kali/DataHunt/venv/lib/python3.11/site-packages/airflow/example_dags/example_dynamic_task_mapping.py
[2023-08-15T21:47:36.208+0300] {processor.py:836} INFO - DAG(s) dict_keys(['example_dynamic_task_mapping']) retrieved from /mnt/kali/DataHunt/venv/lib/python3.11/site-packages/airflow/example_dags/example_dynamic_task_mapping.py
[2023-08-15T21:47:36.808+0300] {logging_mixin.py:150} INFO - [2023-08-15T21:47:36.807+0300] {manager.py:504} INFO - Created Permission View: can read on DAG:example_dynamic_task_mapping
[2023-08-15T21:47:36.896+0300] {logging_mixin.py:150} INFO - [2023-08-15T21:47:36.896+0300] {manager.py:504} INFO - Created Permission View: can delete on DAG:example_dynamic_task_mapping
[2023-08-15T21:47:37.021+0300] {logging_mixin.py:150} INFO - [2023-08-15T21:47:37.020+0300] {manager.py:504} INFO - Created Permission View: can edit on DAG:example_dynamic_task_mapping
[2023-08-15T21:47:37.073+0300] {logging_mixin.py:150} INFO - [2023-08-15T21:47:37.072+0300] {dag.py:2742} INFO - Sync 1 DAGs
[2023-08-15T21:47:37.128+0300] {logging_mixin.py:150} INFO - [2023-08-15T21:47:37.127+0300] {dag.py:2763} INFO - Creating ORM DAG for example_dynamic_task_mapping
[2023-08-15T21:47:37.177+0300] {logging_mixin.py:150} INFO - [2023-08-15T21:47:37.177+0300] {dag.py:3504} INFO - Setting next_dagrun for example_dynamic_task_mapping to 2022-03-04T00:00:00+00:00, run_after=2022-03-05T00:00:00+00:00
[2023-08-15T21:47:37.410+0300] {processor.py:179} INFO - Processing /mnt/kali/DataHunt/venv/lib/python3.11/site-packages/airflow/example_dags/example_dynamic_task_mapping.py took 1.280 seconds
[2023-08-15T21:48:08.024+0300] {processor.py:157} INFO - Started process (PID=234146) to work on /mnt/kali/DataHunt/venv/lib/python3.11/site-packages/airflow/example_dags/example_dynamic_task_mapping.py
[2023-08-15T21:48:08.026+0300] {processor.py:826} INFO - Processing file /mnt/kali/DataHunt/venv/lib/python3.11/site-packages/airflow/example_dags/example_dynamic_task_mapping.py for tasks to queue
[2023-08-15T21:48:08.027+0300] {logging_mixin.py:150} INFO - [2023-08-15T21:48:08.026+0300] {dagbag.py:541} INFO - Filling up the DagBag from /mnt/kali/DataHunt/venv/lib/python3.11/site-packages/airflow/example_dags/example_dynamic_task_mapping.py
[2023-08-15T21:48:08.044+0300] {processor.py:836} INFO - DAG(s) dict_keys(['example_dynamic_task_mapping']) retrieved from /mnt/kali/DataHunt/venv/lib/python3.11/site-packages/airflow/example_dags/example_dynamic_task_mapping.py
[2023-08-15T21:48:08.104+0300] {logging_mixin.py:150} INFO - [2023-08-15T21:48:08.104+0300] {dag.py:2742} INFO - Sync 1 DAGs
[2023-08-15T21:48:08.150+0300] {logging_mixin.py:150} INFO - [2023-08-15T21:48:08.149+0300] {dag.py:3504} INFO - Setting next_dagrun for example_dynamic_task_mapping to 2022-03-04T00:00:00+00:00, run_after=2022-03-05T00:00:00+00:00
[2023-08-15T21:48:08.222+0300] {processor.py:179} INFO - Processing /mnt/kali/DataHunt/venv/lib/python3.11/site-packages/airflow/example_dags/example_dynamic_task_mapping.py took 0.206 seconds
[2023-08-15T21:48:38.473+0300] {processor.py:157} INFO - Started process (PID=234773) to work on /mnt/kali/DataHunt/venv/lib/python3.11/site-packages/airflow/example_dags/example_dynamic_task_mapping.py
[2023-08-15T21:48:38.497+0300] {processor.py:826} INFO - Processing file /mnt/kali/DataHunt/venv/lib/python3.11/site-packages/airflow/example_dags/example_dynamic_task_mapping.py for tasks to queue
[2023-08-15T21:48:38.501+0300] {logging_mixin.py:150} INFO - [2023-08-15T21:48:38.499+0300] {dagbag.py:541} INFO - Filling up the DagBag from /mnt/kali/DataHunt/venv/lib/python3.11/site-packages/airflow/example_dags/example_dynamic_task_mapping.py
[2023-08-15T21:48:38.536+0300] {processor.py:836} INFO - DAG(s) dict_keys(['example_dynamic_task_mapping']) retrieved from /mnt/kali/DataHunt/venv/lib/python3.11/site-packages/airflow/example_dags/example_dynamic_task_mapping.py
[2023-08-15T21:48:38.637+0300] {logging_mixin.py:150} INFO - [2023-08-15T21:48:38.637+0300] {dag.py:2742} INFO - Sync 1 DAGs
[2023-08-15T21:48:38.705+0300] {logging_mixin.py:150} INFO - [2023-08-15T21:48:38.704+0300] {dag.py:3504} INFO - Setting next_dagrun for example_dynamic_task_mapping to 2022-03-04T00:00:00+00:00, run_after=2022-03-05T00:00:00+00:00
[2023-08-15T21:48:38.771+0300] {processor.py:179} INFO - Processing /mnt/kali/DataHunt/venv/lib/python3.11/site-packages/airflow/example_dags/example_dynamic_task_mapping.py took 0.313 seconds
[2023-08-15T21:49:17.377+0300] {processor.py:157} INFO - Started process (PID=235302) to work on /mnt/kali/DataHunt/venv/lib/python3.11/site-packages/airflow/example_dags/example_dynamic_task_mapping.py
[2023-08-15T21:49:17.565+0300] {processor.py:826} INFO - Processing file /mnt/kali/DataHunt/venv/lib/python3.11/site-packages/airflow/example_dags/example_dynamic_task_mapping.py for tasks to queue
[2023-08-15T21:49:17.568+0300] {logging_mixin.py:150} INFO - [2023-08-15T21:49:17.567+0300] {dagbag.py:541} INFO - Filling up the DagBag from /mnt/kali/DataHunt/venv/lib/python3.11/site-packages/airflow/example_dags/example_dynamic_task_mapping.py
[2023-08-15T21:49:17.595+0300] {processor.py:836} INFO - DAG(s) dict_keys(['example_dynamic_task_mapping']) retrieved from /mnt/kali/DataHunt/venv/lib/python3.11/site-packages/airflow/example_dags/example_dynamic_task_mapping.py
[2023-08-15T21:49:17.717+0300] {logging_mixin.py:150} INFO - [2023-08-15T21:49:17.716+0300] {dag.py:2742} INFO - Sync 1 DAGs
[2023-08-15T21:49:18.187+0300] {logging_mixin.py:150} INFO - [2023-08-15T21:49:18.186+0300] {dag.py:3504} INFO - Setting next_dagrun for example_dynamic_task_mapping to 2022-03-04T00:00:00+00:00, run_after=2022-03-05T00:00:00+00:00
[2023-08-15T21:49:18.447+0300] {processor.py:179} INFO - Processing /mnt/kali/DataHunt/venv/lib/python3.11/site-packages/airflow/example_dags/example_dynamic_task_mapping.py took 1.084 seconds
[2023-08-15T21:49:48.676+0300] {processor.py:157} INFO - Started process (PID=235779) to work on /mnt/kali/DataHunt/venv/lib/python3.11/site-packages/airflow/example_dags/example_dynamic_task_mapping.py
[2023-08-15T21:49:48.748+0300] {processor.py:826} INFO - Processing file /mnt/kali/DataHunt/venv/lib/python3.11/site-packages/airflow/example_dags/example_dynamic_task_mapping.py for tasks to queue
[2023-08-15T21:49:48.754+0300] {logging_mixin.py:150} INFO - [2023-08-15T21:49:48.752+0300] {dagbag.py:541} INFO - Filling up the DagBag from /mnt/kali/DataHunt/venv/lib/python3.11/site-packages/airflow/example_dags/example_dynamic_task_mapping.py
[2023-08-15T21:49:48.815+0300] {processor.py:836} INFO - DAG(s) dict_keys(['example_dynamic_task_mapping']) retrieved from /mnt/kali/DataHunt/venv/lib/python3.11/site-packages/airflow/example_dags/example_dynamic_task_mapping.py
[2023-08-15T21:49:48.951+0300] {logging_mixin.py:150} INFO - [2023-08-15T21:49:48.950+0300] {dag.py:2742} INFO - Sync 1 DAGs
[2023-08-15T21:49:49.093+0300] {logging_mixin.py:150} INFO - [2023-08-15T21:49:49.093+0300] {dag.py:3504} INFO - Setting next_dagrun for example_dynamic_task_mapping to 2022-03-04T00:00:00+00:00, run_after=2022-03-05T00:00:00+00:00
[2023-08-15T21:49:49.323+0300] {processor.py:179} INFO - Processing /mnt/kali/DataHunt/venv/lib/python3.11/site-packages/airflow/example_dags/example_dynamic_task_mapping.py took 0.659 seconds
[2023-08-15T21:50:19.682+0300] {processor.py:157} INFO - Started process (PID=236151) to work on /mnt/kali/DataHunt/venv/lib/python3.11/site-packages/airflow/example_dags/example_dynamic_task_mapping.py
[2023-08-15T21:50:19.700+0300] {processor.py:826} INFO - Processing file /mnt/kali/DataHunt/venv/lib/python3.11/site-packages/airflow/example_dags/example_dynamic_task_mapping.py for tasks to queue
[2023-08-15T21:50:19.703+0300] {logging_mixin.py:150} INFO - [2023-08-15T21:50:19.701+0300] {dagbag.py:541} INFO - Filling up the DagBag from /mnt/kali/DataHunt/venv/lib/python3.11/site-packages/airflow/example_dags/example_dynamic_task_mapping.py
[2023-08-15T21:50:19.763+0300] {processor.py:836} INFO - DAG(s) dict_keys(['example_dynamic_task_mapping']) retrieved from /mnt/kali/DataHunt/venv/lib/python3.11/site-packages/airflow/example_dags/example_dynamic_task_mapping.py
[2023-08-15T21:50:19.967+0300] {logging_mixin.py:150} INFO - [2023-08-15T21:50:19.967+0300] {dag.py:2742} INFO - Sync 1 DAGs
[2023-08-15T21:50:20.068+0300] {logging_mixin.py:150} INFO - [2023-08-15T21:50:20.067+0300] {dag.py:3504} INFO - Setting next_dagrun for example_dynamic_task_mapping to 2022-03-04T00:00:00+00:00, run_after=2022-03-05T00:00:00+00:00
[2023-08-15T21:50:20.154+0300] {processor.py:179} INFO - Processing /mnt/kali/DataHunt/venv/lib/python3.11/site-packages/airflow/example_dags/example_dynamic_task_mapping.py took 0.485 seconds
[2023-08-15T21:50:51.791+0300] {processor.py:157} INFO - Started process (PID=236600) to work on /mnt/kali/DataHunt/venv/lib/python3.11/site-packages/airflow/example_dags/example_dynamic_task_mapping.py
[2023-08-15T21:50:51.798+0300] {processor.py:826} INFO - Processing file /mnt/kali/DataHunt/venv/lib/python3.11/site-packages/airflow/example_dags/example_dynamic_task_mapping.py for tasks to queue
[2023-08-15T21:50:51.801+0300] {logging_mixin.py:150} INFO - [2023-08-15T21:50:51.800+0300] {dagbag.py:541} INFO - Filling up the DagBag from /mnt/kali/DataHunt/venv/lib/python3.11/site-packages/airflow/example_dags/example_dynamic_task_mapping.py
[2023-08-15T21:50:51.854+0300] {processor.py:836} INFO - DAG(s) dict_keys(['example_dynamic_task_mapping']) retrieved from /mnt/kali/DataHunt/venv/lib/python3.11/site-packages/airflow/example_dags/example_dynamic_task_mapping.py
[2023-08-15T21:50:52.098+0300] {logging_mixin.py:150} INFO - [2023-08-15T21:50:52.097+0300] {dag.py:2742} INFO - Sync 1 DAGs
[2023-08-15T21:50:52.221+0300] {logging_mixin.py:150} INFO - [2023-08-15T21:50:52.220+0300] {dag.py:3504} INFO - Setting next_dagrun for example_dynamic_task_mapping to 2022-03-04T00:00:00+00:00, run_after=2022-03-05T00:00:00+00:00
[2023-08-15T21:50:52.291+0300] {processor.py:179} INFO - Processing /mnt/kali/DataHunt/venv/lib/python3.11/site-packages/airflow/example_dags/example_dynamic_task_mapping.py took 0.518 seconds
[2023-08-15T21:51:22.803+0300] {processor.py:157} INFO - Started process (PID=236980) to work on /mnt/kali/DataHunt/venv/lib/python3.11/site-packages/airflow/example_dags/example_dynamic_task_mapping.py
[2023-08-15T21:51:22.806+0300] {processor.py:826} INFO - Processing file /mnt/kali/DataHunt/venv/lib/python3.11/site-packages/airflow/example_dags/example_dynamic_task_mapping.py for tasks to queue
[2023-08-15T21:51:22.809+0300] {logging_mixin.py:150} INFO - [2023-08-15T21:51:22.808+0300] {dagbag.py:541} INFO - Filling up the DagBag from /mnt/kali/DataHunt/venv/lib/python3.11/site-packages/airflow/example_dags/example_dynamic_task_mapping.py
[2023-08-15T21:51:22.837+0300] {processor.py:836} INFO - DAG(s) dict_keys(['example_dynamic_task_mapping']) retrieved from /mnt/kali/DataHunt/venv/lib/python3.11/site-packages/airflow/example_dags/example_dynamic_task_mapping.py
[2023-08-15T21:51:22.935+0300] {logging_mixin.py:150} INFO - [2023-08-15T21:51:22.935+0300] {dag.py:2742} INFO - Sync 1 DAGs
[2023-08-15T21:51:22.994+0300] {logging_mixin.py:150} INFO - [2023-08-15T21:51:22.993+0300] {dag.py:3504} INFO - Setting next_dagrun for example_dynamic_task_mapping to 2022-03-04T00:00:00+00:00, run_after=2022-03-05T00:00:00+00:00
[2023-08-15T21:51:23.063+0300] {processor.py:179} INFO - Processing /mnt/kali/DataHunt/venv/lib/python3.11/site-packages/airflow/example_dags/example_dynamic_task_mapping.py took 0.269 seconds
[2023-08-15T21:51:53.666+0300] {processor.py:157} INFO - Started process (PID=237721) to work on /mnt/kali/DataHunt/venv/lib/python3.11/site-packages/airflow/example_dags/example_dynamic_task_mapping.py
[2023-08-15T21:51:53.668+0300] {processor.py:826} INFO - Processing file /mnt/kali/DataHunt/venv/lib/python3.11/site-packages/airflow/example_dags/example_dynamic_task_mapping.py for tasks to queue
[2023-08-15T21:51:53.671+0300] {logging_mixin.py:150} INFO - [2023-08-15T21:51:53.669+0300] {dagbag.py:541} INFO - Filling up the DagBag from /mnt/kali/DataHunt/venv/lib/python3.11/site-packages/airflow/example_dags/example_dynamic_task_mapping.py
[2023-08-15T21:51:53.701+0300] {processor.py:836} INFO - DAG(s) dict_keys(['example_dynamic_task_mapping']) retrieved from /mnt/kali/DataHunt/venv/lib/python3.11/site-packages/airflow/example_dags/example_dynamic_task_mapping.py
[2023-08-15T21:51:53.825+0300] {logging_mixin.py:150} INFO - [2023-08-15T21:51:53.824+0300] {dag.py:2742} INFO - Sync 1 DAGs
[2023-08-15T21:51:53.901+0300] {logging_mixin.py:150} INFO - [2023-08-15T21:51:53.900+0300] {dag.py:3504} INFO - Setting next_dagrun for example_dynamic_task_mapping to 2022-03-04T00:00:00+00:00, run_after=2022-03-05T00:00:00+00:00
[2023-08-15T21:51:53.952+0300] {processor.py:179} INFO - Processing /mnt/kali/DataHunt/venv/lib/python3.11/site-packages/airflow/example_dags/example_dynamic_task_mapping.py took 0.299 seconds
[2023-08-15T21:52:24.160+0300] {processor.py:157} INFO - Started process (PID=238109) to work on /mnt/kali/DataHunt/venv/lib/python3.11/site-packages/airflow/example_dags/example_dynamic_task_mapping.py
[2023-08-15T21:52:24.162+0300] {processor.py:826} INFO - Processing file /mnt/kali/DataHunt/venv/lib/python3.11/site-packages/airflow/example_dags/example_dynamic_task_mapping.py for tasks to queue
[2023-08-15T21:52:24.165+0300] {logging_mixin.py:150} INFO - [2023-08-15T21:52:24.164+0300] {dagbag.py:541} INFO - Filling up the DagBag from /mnt/kali/DataHunt/venv/lib/python3.11/site-packages/airflow/example_dags/example_dynamic_task_mapping.py
[2023-08-15T21:52:24.191+0300] {processor.py:836} INFO - DAG(s) dict_keys(['example_dynamic_task_mapping']) retrieved from /mnt/kali/DataHunt/venv/lib/python3.11/site-packages/airflow/example_dags/example_dynamic_task_mapping.py
[2023-08-15T21:52:24.294+0300] {logging_mixin.py:150} INFO - [2023-08-15T21:52:24.294+0300] {dag.py:2742} INFO - Sync 1 DAGs
[2023-08-15T21:52:24.369+0300] {logging_mixin.py:150} INFO - [2023-08-15T21:52:24.368+0300] {dag.py:3504} INFO - Setting next_dagrun for example_dynamic_task_mapping to 2022-03-04T00:00:00+00:00, run_after=2022-03-05T00:00:00+00:00
[2023-08-15T21:52:24.423+0300] {processor.py:179} INFO - Processing /mnt/kali/DataHunt/venv/lib/python3.11/site-packages/airflow/example_dags/example_dynamic_task_mapping.py took 0.275 seconds
[2023-08-15T21:52:54.881+0300] {processor.py:157} INFO - Started process (PID=238502) to work on /mnt/kali/DataHunt/venv/lib/python3.11/site-packages/airflow/example_dags/example_dynamic_task_mapping.py
[2023-08-15T21:52:54.883+0300] {processor.py:826} INFO - Processing file /mnt/kali/DataHunt/venv/lib/python3.11/site-packages/airflow/example_dags/example_dynamic_task_mapping.py for tasks to queue
[2023-08-15T21:52:54.886+0300] {logging_mixin.py:150} INFO - [2023-08-15T21:52:54.885+0300] {dagbag.py:541} INFO - Filling up the DagBag from /mnt/kali/DataHunt/venv/lib/python3.11/site-packages/airflow/example_dags/example_dynamic_task_mapping.py
[2023-08-15T21:52:54.913+0300] {processor.py:836} INFO - DAG(s) dict_keys(['example_dynamic_task_mapping']) retrieved from /mnt/kali/DataHunt/venv/lib/python3.11/site-packages/airflow/example_dags/example_dynamic_task_mapping.py
[2023-08-15T21:52:55.026+0300] {logging_mixin.py:150} INFO - [2023-08-15T21:52:55.026+0300] {dag.py:2742} INFO - Sync 1 DAGs
[2023-08-15T21:52:55.104+0300] {logging_mixin.py:150} INFO - [2023-08-15T21:52:55.104+0300] {dag.py:3504} INFO - Setting next_dagrun for example_dynamic_task_mapping to 2022-03-04T00:00:00+00:00, run_after=2022-03-05T00:00:00+00:00
[2023-08-15T21:52:55.172+0300] {processor.py:179} INFO - Processing /mnt/kali/DataHunt/venv/lib/python3.11/site-packages/airflow/example_dags/example_dynamic_task_mapping.py took 0.304 seconds
[2023-08-15T21:53:26.491+0300] {processor.py:157} INFO - Started process (PID=239069) to work on /mnt/kali/DataHunt/venv/lib/python3.11/site-packages/airflow/example_dags/example_dynamic_task_mapping.py
[2023-08-15T21:53:26.493+0300] {processor.py:826} INFO - Processing file /mnt/kali/DataHunt/venv/lib/python3.11/site-packages/airflow/example_dags/example_dynamic_task_mapping.py for tasks to queue
[2023-08-15T21:53:26.496+0300] {logging_mixin.py:150} INFO - [2023-08-15T21:53:26.495+0300] {dagbag.py:541} INFO - Filling up the DagBag from /mnt/kali/DataHunt/venv/lib/python3.11/site-packages/airflow/example_dags/example_dynamic_task_mapping.py
[2023-08-15T21:53:26.521+0300] {processor.py:836} INFO - DAG(s) dict_keys(['example_dynamic_task_mapping']) retrieved from /mnt/kali/DataHunt/venv/lib/python3.11/site-packages/airflow/example_dags/example_dynamic_task_mapping.py
[2023-08-15T21:53:26.647+0300] {logging_mixin.py:150} INFO - [2023-08-15T21:53:26.647+0300] {dag.py:2742} INFO - Sync 1 DAGs
[2023-08-15T21:53:26.737+0300] {logging_mixin.py:150} INFO - [2023-08-15T21:53:26.736+0300] {dag.py:3504} INFO - Setting next_dagrun for example_dynamic_task_mapping to 2022-03-04T00:00:00+00:00, run_after=2022-03-05T00:00:00+00:00
[2023-08-15T21:53:26.799+0300] {processor.py:179} INFO - Processing /mnt/kali/DataHunt/venv/lib/python3.11/site-packages/airflow/example_dags/example_dynamic_task_mapping.py took 0.320 seconds
[2023-08-15T21:54:01.955+0300] {processor.py:157} INFO - Started process (PID=239594) to work on /mnt/kali/DataHunt/venv/lib/python3.11/site-packages/airflow/example_dags/example_dynamic_task_mapping.py
[2023-08-15T21:54:02.033+0300] {processor.py:826} INFO - Processing file /mnt/kali/DataHunt/venv/lib/python3.11/site-packages/airflow/example_dags/example_dynamic_task_mapping.py for tasks to queue
[2023-08-15T21:54:02.036+0300] {logging_mixin.py:150} INFO - [2023-08-15T21:54:02.035+0300] {dagbag.py:541} INFO - Filling up the DagBag from /mnt/kali/DataHunt/venv/lib/python3.11/site-packages/airflow/example_dags/example_dynamic_task_mapping.py
[2023-08-15T21:54:02.110+0300] {processor.py:836} INFO - DAG(s) dict_keys(['example_dynamic_task_mapping']) retrieved from /mnt/kali/DataHunt/venv/lib/python3.11/site-packages/airflow/example_dags/example_dynamic_task_mapping.py
[2023-08-15T21:54:02.316+0300] {logging_mixin.py:150} INFO - [2023-08-15T21:54:02.315+0300] {dag.py:2742} INFO - Sync 1 DAGs
[2023-08-15T21:54:02.460+0300] {logging_mixin.py:150} INFO - [2023-08-15T21:54:02.460+0300] {dag.py:3504} INFO - Setting next_dagrun for example_dynamic_task_mapping to 2022-03-04T00:00:00+00:00, run_after=2022-03-05T00:00:00+00:00
[2023-08-15T21:54:03.407+0300] {processor.py:179} INFO - Processing /mnt/kali/DataHunt/venv/lib/python3.11/site-packages/airflow/example_dags/example_dynamic_task_mapping.py took 1.468 seconds
[2023-08-15T21:54:33.589+0300] {processor.py:157} INFO - Started process (PID=240079) to work on /mnt/kali/DataHunt/venv/lib/python3.11/site-packages/airflow/example_dags/example_dynamic_task_mapping.py
[2023-08-15T21:54:33.592+0300] {processor.py:826} INFO - Processing file /mnt/kali/DataHunt/venv/lib/python3.11/site-packages/airflow/example_dags/example_dynamic_task_mapping.py for tasks to queue
[2023-08-15T21:54:33.594+0300] {logging_mixin.py:150} INFO - [2023-08-15T21:54:33.593+0300] {dagbag.py:541} INFO - Filling up the DagBag from /mnt/kali/DataHunt/venv/lib/python3.11/site-packages/airflow/example_dags/example_dynamic_task_mapping.py
[2023-08-15T21:54:33.620+0300] {processor.py:836} INFO - DAG(s) dict_keys(['example_dynamic_task_mapping']) retrieved from /mnt/kali/DataHunt/venv/lib/python3.11/site-packages/airflow/example_dags/example_dynamic_task_mapping.py
[2023-08-15T21:54:33.737+0300] {logging_mixin.py:150} INFO - [2023-08-15T21:54:33.736+0300] {dag.py:2742} INFO - Sync 1 DAGs
[2023-08-15T21:54:33.849+0300] {logging_mixin.py:150} INFO - [2023-08-15T21:54:33.833+0300] {dag.py:3504} INFO - Setting next_dagrun for example_dynamic_task_mapping to 2022-03-04T00:00:00+00:00, run_after=2022-03-05T00:00:00+00:00
[2023-08-15T21:54:34.017+0300] {processor.py:179} INFO - Processing /mnt/kali/DataHunt/venv/lib/python3.11/site-packages/airflow/example_dags/example_dynamic_task_mapping.py took 0.445 seconds
[2023-08-15T21:55:04.377+0300] {processor.py:157} INFO - Started process (PID=240475) to work on /mnt/kali/DataHunt/venv/lib/python3.11/site-packages/airflow/example_dags/example_dynamic_task_mapping.py
[2023-08-15T21:55:04.406+0300] {processor.py:826} INFO - Processing file /mnt/kali/DataHunt/venv/lib/python3.11/site-packages/airflow/example_dags/example_dynamic_task_mapping.py for tasks to queue
[2023-08-15T21:55:04.414+0300] {logging_mixin.py:150} INFO - [2023-08-15T21:55:04.408+0300] {dagbag.py:541} INFO - Filling up the DagBag from /mnt/kali/DataHunt/venv/lib/python3.11/site-packages/airflow/example_dags/example_dynamic_task_mapping.py
[2023-08-15T21:55:04.449+0300] {processor.py:836} INFO - DAG(s) dict_keys(['example_dynamic_task_mapping']) retrieved from /mnt/kali/DataHunt/venv/lib/python3.11/site-packages/airflow/example_dags/example_dynamic_task_mapping.py
[2023-08-15T21:55:04.570+0300] {logging_mixin.py:150} INFO - [2023-08-15T21:55:04.569+0300] {dag.py:2742} INFO - Sync 1 DAGs
[2023-08-15T21:55:04.758+0300] {logging_mixin.py:150} INFO - [2023-08-15T21:55:04.758+0300] {dag.py:3504} INFO - Setting next_dagrun for example_dynamic_task_mapping to 2022-03-04T00:00:00+00:00, run_after=2022-03-05T00:00:00+00:00
[2023-08-15T21:55:04.856+0300] {processor.py:179} INFO - Processing /mnt/kali/DataHunt/venv/lib/python3.11/site-packages/airflow/example_dags/example_dynamic_task_mapping.py took 0.521 seconds
[2023-08-15T21:55:36.169+0300] {processor.py:157} INFO - Started process (PID=240910) to work on /mnt/kali/DataHunt/venv/lib/python3.11/site-packages/airflow/example_dags/example_dynamic_task_mapping.py
[2023-08-15T21:55:36.191+0300] {processor.py:826} INFO - Processing file /mnt/kali/DataHunt/venv/lib/python3.11/site-packages/airflow/example_dags/example_dynamic_task_mapping.py for tasks to queue
[2023-08-15T21:55:36.202+0300] {logging_mixin.py:150} INFO - [2023-08-15T21:55:36.197+0300] {dagbag.py:541} INFO - Filling up the DagBag from /mnt/kali/DataHunt/venv/lib/python3.11/site-packages/airflow/example_dags/example_dynamic_task_mapping.py
[2023-08-15T21:55:36.304+0300] {processor.py:836} INFO - DAG(s) dict_keys(['example_dynamic_task_mapping']) retrieved from /mnt/kali/DataHunt/venv/lib/python3.11/site-packages/airflow/example_dags/example_dynamic_task_mapping.py
[2023-08-15T21:55:36.552+0300] {logging_mixin.py:150} INFO - [2023-08-15T21:55:36.552+0300] {dag.py:2742} INFO - Sync 1 DAGs
[2023-08-15T21:55:36.820+0300] {logging_mixin.py:150} INFO - [2023-08-15T21:55:36.819+0300] {dag.py:3504} INFO - Setting next_dagrun for example_dynamic_task_mapping to 2022-03-04T00:00:00+00:00, run_after=2022-03-05T00:00:00+00:00
[2023-08-15T21:55:36.892+0300] {processor.py:179} INFO - Processing /mnt/kali/DataHunt/venv/lib/python3.11/site-packages/airflow/example_dags/example_dynamic_task_mapping.py took 0.771 seconds
[2023-08-15T21:56:07.320+0300] {processor.py:157} INFO - Started process (PID=241440) to work on /mnt/kali/DataHunt/venv/lib/python3.11/site-packages/airflow/example_dags/example_dynamic_task_mapping.py
[2023-08-15T21:56:07.334+0300] {processor.py:826} INFO - Processing file /mnt/kali/DataHunt/venv/lib/python3.11/site-packages/airflow/example_dags/example_dynamic_task_mapping.py for tasks to queue
[2023-08-15T21:56:07.337+0300] {logging_mixin.py:150} INFO - [2023-08-15T21:56:07.335+0300] {dagbag.py:541} INFO - Filling up the DagBag from /mnt/kali/DataHunt/venv/lib/python3.11/site-packages/airflow/example_dags/example_dynamic_task_mapping.py
[2023-08-15T21:56:07.368+0300] {processor.py:836} INFO - DAG(s) dict_keys(['example_dynamic_task_mapping']) retrieved from /mnt/kali/DataHunt/venv/lib/python3.11/site-packages/airflow/example_dags/example_dynamic_task_mapping.py
[2023-08-15T21:56:07.546+0300] {logging_mixin.py:150} INFO - [2023-08-15T21:56:07.545+0300] {dag.py:2742} INFO - Sync 1 DAGs
[2023-08-15T21:56:07.761+0300] {logging_mixin.py:150} INFO - [2023-08-15T21:56:07.760+0300] {dag.py:3504} INFO - Setting next_dagrun for example_dynamic_task_mapping to 2022-03-04T00:00:00+00:00, run_after=2022-03-05T00:00:00+00:00
[2023-08-15T21:56:07.904+0300] {processor.py:179} INFO - Processing /mnt/kali/DataHunt/venv/lib/python3.11/site-packages/airflow/example_dags/example_dynamic_task_mapping.py took 0.599 seconds
[2023-08-15T21:56:38.285+0300] {processor.py:157} INFO - Started process (PID=241945) to work on /mnt/kali/DataHunt/venv/lib/python3.11/site-packages/airflow/example_dags/example_dynamic_task_mapping.py
[2023-08-15T21:56:38.440+0300] {processor.py:826} INFO - Processing file /mnt/kali/DataHunt/venv/lib/python3.11/site-packages/airflow/example_dags/example_dynamic_task_mapping.py for tasks to queue
[2023-08-15T21:56:38.442+0300] {logging_mixin.py:150} INFO - [2023-08-15T21:56:38.441+0300] {dagbag.py:541} INFO - Filling up the DagBag from /mnt/kali/DataHunt/venv/lib/python3.11/site-packages/airflow/example_dags/example_dynamic_task_mapping.py
[2023-08-15T21:56:38.483+0300] {processor.py:836} INFO - DAG(s) dict_keys(['example_dynamic_task_mapping']) retrieved from /mnt/kali/DataHunt/venv/lib/python3.11/site-packages/airflow/example_dags/example_dynamic_task_mapping.py
[2023-08-15T21:56:38.615+0300] {logging_mixin.py:150} INFO - [2023-08-15T21:56:38.614+0300] {dag.py:2742} INFO - Sync 1 DAGs
[2023-08-15T21:56:38.699+0300] {logging_mixin.py:150} INFO - [2023-08-15T21:56:38.699+0300] {dag.py:3504} INFO - Setting next_dagrun for example_dynamic_task_mapping to 2022-03-04T00:00:00+00:00, run_after=2022-03-05T00:00:00+00:00
[2023-08-15T21:56:38.930+0300] {processor.py:179} INFO - Processing /mnt/kali/DataHunt/venv/lib/python3.11/site-packages/airflow/example_dags/example_dynamic_task_mapping.py took 0.657 seconds
[2023-08-15T21:57:09.097+0300] {processor.py:157} INFO - Started process (PID=242486) to work on /mnt/kali/DataHunt/venv/lib/python3.11/site-packages/airflow/example_dags/example_dynamic_task_mapping.py
[2023-08-15T21:57:09.099+0300] {processor.py:826} INFO - Processing file /mnt/kali/DataHunt/venv/lib/python3.11/site-packages/airflow/example_dags/example_dynamic_task_mapping.py for tasks to queue
[2023-08-15T21:57:09.101+0300] {logging_mixin.py:150} INFO - [2023-08-15T21:57:09.100+0300] {dagbag.py:541} INFO - Filling up the DagBag from /mnt/kali/DataHunt/venv/lib/python3.11/site-packages/airflow/example_dags/example_dynamic_task_mapping.py
[2023-08-15T21:57:09.126+0300] {processor.py:836} INFO - DAG(s) dict_keys(['example_dynamic_task_mapping']) retrieved from /mnt/kali/DataHunt/venv/lib/python3.11/site-packages/airflow/example_dags/example_dynamic_task_mapping.py
[2023-08-15T21:57:09.220+0300] {logging_mixin.py:150} INFO - [2023-08-15T21:57:09.220+0300] {dag.py:2742} INFO - Sync 1 DAGs
[2023-08-15T21:57:09.297+0300] {logging_mixin.py:150} INFO - [2023-08-15T21:57:09.296+0300] {dag.py:3504} INFO - Setting next_dagrun for example_dynamic_task_mapping to 2022-03-04T00:00:00+00:00, run_after=2022-03-05T00:00:00+00:00
[2023-08-15T21:57:09.578+0300] {processor.py:179} INFO - Processing /mnt/kali/DataHunt/venv/lib/python3.11/site-packages/airflow/example_dags/example_dynamic_task_mapping.py took 0.495 seconds
[2023-08-15T21:57:39.800+0300] {processor.py:157} INFO - Started process (PID=242960) to work on /mnt/kali/DataHunt/venv/lib/python3.11/site-packages/airflow/example_dags/example_dynamic_task_mapping.py
[2023-08-15T21:57:39.803+0300] {processor.py:826} INFO - Processing file /mnt/kali/DataHunt/venv/lib/python3.11/site-packages/airflow/example_dags/example_dynamic_task_mapping.py for tasks to queue
[2023-08-15T21:57:39.805+0300] {logging_mixin.py:150} INFO - [2023-08-15T21:57:39.805+0300] {dagbag.py:541} INFO - Filling up the DagBag from /mnt/kali/DataHunt/venv/lib/python3.11/site-packages/airflow/example_dags/example_dynamic_task_mapping.py
[2023-08-15T21:57:39.830+0300] {processor.py:836} INFO - DAG(s) dict_keys(['example_dynamic_task_mapping']) retrieved from /mnt/kali/DataHunt/venv/lib/python3.11/site-packages/airflow/example_dags/example_dynamic_task_mapping.py
[2023-08-15T21:57:39.938+0300] {logging_mixin.py:150} INFO - [2023-08-15T21:57:39.938+0300] {dag.py:2742} INFO - Sync 1 DAGs
[2023-08-15T21:57:39.997+0300] {logging_mixin.py:150} INFO - [2023-08-15T21:57:39.996+0300] {dag.py:3504} INFO - Setting next_dagrun for example_dynamic_task_mapping to 2022-03-04T00:00:00+00:00, run_after=2022-03-05T00:00:00+00:00
[2023-08-15T21:57:40.511+0300] {processor.py:179} INFO - Processing /mnt/kali/DataHunt/venv/lib/python3.11/site-packages/airflow/example_dags/example_dynamic_task_mapping.py took 0.722 seconds
