[2023-08-15T21:23:44.269+0300] {processor.py:157} INFO - Started process (PID=213193) to work on /mnt/kali/DataHunt/venv/lib/python3.11/site-packages/airflow/example_dags/example_subdag_operator.py
[2023-08-15T21:23:44.280+0300] {processor.py:826} INFO - Processing file /mnt/kali/DataHunt/venv/lib/python3.11/site-packages/airflow/example_dags/example_subdag_operator.py for tasks to queue
[2023-08-15T21:23:44.283+0300] {logging_mixin.py:150} INFO - [2023-08-15T21:23:44.282+0300] {dagbag.py:541} INFO - Filling up the DagBag from /mnt/kali/DataHunt/venv/lib/python3.11/site-packages/airflow/example_dags/example_subdag_operator.py
[2023-08-15T21:23:44.440+0300] {processor.py:836} INFO - DAG(s) dict_keys(['example_subdag_operator.section-1', 'example_subdag_operator.section-2', 'example_subdag_operator']) retrieved from /mnt/kali/DataHunt/venv/lib/python3.11/site-packages/airflow/example_dags/example_subdag_operator.py
[2023-08-15T21:23:46.059+0300] {logging_mixin.py:150} INFO - [2023-08-15T21:23:46.058+0300] {manager.py:504} INFO - Created Permission View: can edit on DAG:example_subdag_operator
[2023-08-15T21:23:46.279+0300] {logging_mixin.py:150} INFO - [2023-08-15T21:23:46.278+0300] {manager.py:504} INFO - Created Permission View: can delete on DAG:example_subdag_operator
[2023-08-15T21:23:46.655+0300] {logging_mixin.py:150} INFO - [2023-08-15T21:23:46.655+0300] {manager.py:504} INFO - Created Permission View: can read on DAG:example_subdag_operator
[2023-08-15T21:23:46.864+0300] {logging_mixin.py:150} INFO - [2023-08-15T21:23:46.864+0300] {dag.py:2742} INFO - Sync 3 DAGs
[2023-08-15T21:23:47.011+0300] {logging_mixin.py:150} INFO - [2023-08-15T21:23:47.011+0300] {dag.py:2763} INFO - Creating ORM DAG for example_subdag_operator
[2023-08-15T21:23:47.013+0300] {logging_mixin.py:150} INFO - [2023-08-15T21:23:47.013+0300] {dag.py:2763} INFO - Creating ORM DAG for example_subdag_operator.section-2
[2023-08-15T21:23:47.015+0300] {logging_mixin.py:150} INFO - [2023-08-15T21:23:47.015+0300] {dag.py:2763} INFO - Creating ORM DAG for example_subdag_operator.section-1
[2023-08-15T21:23:47.115+0300] {logging_mixin.py:150} INFO - [2023-08-15T21:23:47.115+0300] {dag.py:3504} INFO - Setting next_dagrun for example_subdag_operator to 2022-01-01T00:00:00+00:00, run_after=2022-01-01T00:00:00+00:00
[2023-08-15T21:23:47.117+0300] {logging_mixin.py:150} INFO - [2023-08-15T21:23:47.117+0300] {dag.py:3504} INFO - Setting next_dagrun for example_subdag_operator.section-1 to None, run_after=None
[2023-08-15T21:23:47.119+0300] {logging_mixin.py:150} INFO - [2023-08-15T21:23:47.118+0300] {dag.py:3504} INFO - Setting next_dagrun for example_subdag_operator.section-2 to None, run_after=None
[2023-08-15T21:23:47.147+0300] {logging_mixin.py:150} INFO - [2023-08-15T21:23:47.146+0300] {dag.py:2742} INFO - Sync 2 DAGs
[2023-08-15T21:23:47.176+0300] {logging_mixin.py:150} INFO - [2023-08-15T21:23:47.175+0300] {dag.py:3504} INFO - Setting next_dagrun for example_subdag_operator.section-1 to None, run_after=None
[2023-08-15T21:23:47.182+0300] {logging_mixin.py:150} INFO - [2023-08-15T21:23:47.182+0300] {dag.py:3504} INFO - Setting next_dagrun for example_subdag_operator.section-2 to None, run_after=None
[2023-08-15T21:23:47.475+0300] {processor.py:179} INFO - Processing /mnt/kali/DataHunt/venv/lib/python3.11/site-packages/airflow/example_dags/example_subdag_operator.py took 3.225 seconds
[2023-08-15T21:26:54.603+0300] {processor.py:157} INFO - Started process (PID=215517) to work on /mnt/kali/DataHunt/venv/lib/python3.11/site-packages/airflow/example_dags/example_subdag_operator.py
[2023-08-15T21:26:54.663+0300] {processor.py:826} INFO - Processing file /mnt/kali/DataHunt/venv/lib/python3.11/site-packages/airflow/example_dags/example_subdag_operator.py for tasks to queue
[2023-08-15T21:26:54.666+0300] {logging_mixin.py:150} INFO - [2023-08-15T21:26:54.665+0300] {dagbag.py:541} INFO - Filling up the DagBag from /mnt/kali/DataHunt/venv/lib/python3.11/site-packages/airflow/example_dags/example_subdag_operator.py
[2023-08-15T21:26:54.813+0300] {processor.py:836} INFO - DAG(s) dict_keys(['example_subdag_operator.section-1', 'example_subdag_operator.section-2', 'example_subdag_operator']) retrieved from /mnt/kali/DataHunt/venv/lib/python3.11/site-packages/airflow/example_dags/example_subdag_operator.py
[2023-08-15T21:26:54.865+0300] {logging_mixin.py:150} INFO - [2023-08-15T21:26:54.864+0300] {dag.py:2742} INFO - Sync 3 DAGs
[2023-08-15T21:26:55.166+0300] {logging_mixin.py:150} INFO - [2023-08-15T21:26:55.166+0300] {dag.py:3504} INFO - Setting next_dagrun for example_subdag_operator to 2022-01-01T00:00:00+00:00, run_after=2022-01-01T00:00:00+00:00
[2023-08-15T21:26:55.214+0300] {logging_mixin.py:150} INFO - [2023-08-15T21:26:55.214+0300] {dag.py:3504} INFO - Setting next_dagrun for example_subdag_operator.section-1 to None, run_after=None
[2023-08-15T21:26:55.218+0300] {logging_mixin.py:150} INFO - [2023-08-15T21:26:55.217+0300] {dag.py:3504} INFO - Setting next_dagrun for example_subdag_operator.section-2 to None, run_after=None
[2023-08-15T21:26:55.350+0300] {logging_mixin.py:150} INFO - [2023-08-15T21:26:55.350+0300] {dag.py:2742} INFO - Sync 2 DAGs
[2023-08-15T21:26:55.410+0300] {logging_mixin.py:150} INFO - [2023-08-15T21:26:55.402+0300] {dag.py:3504} INFO - Setting next_dagrun for example_subdag_operator.section-1 to None, run_after=None
[2023-08-15T21:26:55.411+0300] {logging_mixin.py:150} INFO - [2023-08-15T21:26:55.411+0300] {dag.py:3504} INFO - Setting next_dagrun for example_subdag_operator.section-2 to None, run_after=None
[2023-08-15T21:26:55.628+0300] {processor.py:179} INFO - Processing /mnt/kali/DataHunt/venv/lib/python3.11/site-packages/airflow/example_dags/example_subdag_operator.py took 1.103 seconds
[2023-08-15T21:28:44.989+0300] {processor.py:157} INFO - Started process (PID=216779) to work on /mnt/kali/DataHunt/venv/lib/python3.11/site-packages/airflow/example_dags/example_subdag_operator.py
[2023-08-15T21:28:45.029+0300] {processor.py:826} INFO - Processing file /mnt/kali/DataHunt/venv/lib/python3.11/site-packages/airflow/example_dags/example_subdag_operator.py for tasks to queue
[2023-08-15T21:28:45.032+0300] {logging_mixin.py:150} INFO - [2023-08-15T21:28:45.031+0300] {dagbag.py:541} INFO - Filling up the DagBag from /mnt/kali/DataHunt/venv/lib/python3.11/site-packages/airflow/example_dags/example_subdag_operator.py
[2023-08-15T21:28:45.137+0300] {processor.py:836} INFO - DAG(s) dict_keys(['example_subdag_operator.section-1', 'example_subdag_operator.section-2', 'example_subdag_operator']) retrieved from /mnt/kali/DataHunt/venv/lib/python3.11/site-packages/airflow/example_dags/example_subdag_operator.py
[2023-08-15T21:28:45.206+0300] {logging_mixin.py:150} INFO - [2023-08-15T21:28:45.205+0300] {dag.py:2742} INFO - Sync 3 DAGs
[2023-08-15T21:28:45.362+0300] {logging_mixin.py:150} INFO - [2023-08-15T21:28:45.362+0300] {dag.py:3504} INFO - Setting next_dagrun for example_subdag_operator to 2022-01-01T00:00:00+00:00, run_after=2022-01-01T00:00:00+00:00
[2023-08-15T21:28:45.375+0300] {logging_mixin.py:150} INFO - [2023-08-15T21:28:45.375+0300] {dag.py:3504} INFO - Setting next_dagrun for example_subdag_operator.section-1 to None, run_after=None
[2023-08-15T21:28:45.380+0300] {logging_mixin.py:150} INFO - [2023-08-15T21:28:45.379+0300] {dag.py:3504} INFO - Setting next_dagrun for example_subdag_operator.section-2 to None, run_after=None
[2023-08-15T21:28:45.418+0300] {logging_mixin.py:150} INFO - [2023-08-15T21:28:45.418+0300] {dag.py:2742} INFO - Sync 2 DAGs
[2023-08-15T21:28:45.458+0300] {logging_mixin.py:150} INFO - [2023-08-15T21:28:45.457+0300] {dag.py:3504} INFO - Setting next_dagrun for example_subdag_operator.section-1 to None, run_after=None
[2023-08-15T21:28:45.459+0300] {logging_mixin.py:150} INFO - [2023-08-15T21:28:45.459+0300] {dag.py:3504} INFO - Setting next_dagrun for example_subdag_operator.section-2 to None, run_after=None
[2023-08-15T21:28:45.606+0300] {processor.py:179} INFO - Processing /mnt/kali/DataHunt/venv/lib/python3.11/site-packages/airflow/example_dags/example_subdag_operator.py took 0.631 seconds
[2023-08-15T21:47:13.960+0300] {processor.py:157} INFO - Started process (PID=233536) to work on /mnt/kali/DataHunt/venv/lib/python3.11/site-packages/airflow/example_dags/example_subdag_operator.py
[2023-08-15T21:47:14.012+0300] {processor.py:826} INFO - Processing file /mnt/kali/DataHunt/venv/lib/python3.11/site-packages/airflow/example_dags/example_subdag_operator.py for tasks to queue
[2023-08-15T21:47:14.014+0300] {logging_mixin.py:150} INFO - [2023-08-15T21:47:14.013+0300] {dagbag.py:541} INFO - Filling up the DagBag from /mnt/kali/DataHunt/venv/lib/python3.11/site-packages/airflow/example_dags/example_subdag_operator.py
[2023-08-15T21:47:14.170+0300] {processor.py:836} INFO - DAG(s) dict_keys(['example_subdag_operator.section-1', 'example_subdag_operator.section-2', 'example_subdag_operator']) retrieved from /mnt/kali/DataHunt/venv/lib/python3.11/site-packages/airflow/example_dags/example_subdag_operator.py
[2023-08-15T21:47:14.802+0300] {logging_mixin.py:150} INFO - [2023-08-15T21:47:14.801+0300] {manager.py:504} INFO - Created Permission View: can read on DAG:example_subdag_operator
[2023-08-15T21:47:15.280+0300] {logging_mixin.py:150} INFO - [2023-08-15T21:47:15.279+0300] {manager.py:504} INFO - Created Permission View: can delete on DAG:example_subdag_operator
[2023-08-15T21:47:15.418+0300] {logging_mixin.py:150} INFO - [2023-08-15T21:47:15.418+0300] {manager.py:504} INFO - Created Permission View: can edit on DAG:example_subdag_operator
[2023-08-15T21:47:15.500+0300] {logging_mixin.py:150} INFO - [2023-08-15T21:47:15.500+0300] {dag.py:2742} INFO - Sync 3 DAGs
[2023-08-15T21:47:15.539+0300] {logging_mixin.py:150} INFO - [2023-08-15T21:47:15.539+0300] {dag.py:2763} INFO - Creating ORM DAG for example_subdag_operator.section-1
[2023-08-15T21:47:15.542+0300] {logging_mixin.py:150} INFO - [2023-08-15T21:47:15.541+0300] {dag.py:2763} INFO - Creating ORM DAG for example_subdag_operator.section-2
[2023-08-15T21:47:15.544+0300] {logging_mixin.py:150} INFO - [2023-08-15T21:47:15.543+0300] {dag.py:2763} INFO - Creating ORM DAG for example_subdag_operator
[2023-08-15T21:47:15.584+0300] {logging_mixin.py:150} INFO - [2023-08-15T21:47:15.583+0300] {dag.py:3504} INFO - Setting next_dagrun for example_subdag_operator to 2022-01-01T00:00:00+00:00, run_after=2022-01-01T00:00:00+00:00
[2023-08-15T21:47:15.586+0300] {logging_mixin.py:150} INFO - [2023-08-15T21:47:15.586+0300] {dag.py:3504} INFO - Setting next_dagrun for example_subdag_operator.section-1 to None, run_after=None
[2023-08-15T21:47:15.587+0300] {logging_mixin.py:150} INFO - [2023-08-15T21:47:15.587+0300] {dag.py:3504} INFO - Setting next_dagrun for example_subdag_operator.section-2 to None, run_after=None
[2023-08-15T21:47:15.619+0300] {logging_mixin.py:150} INFO - [2023-08-15T21:47:15.618+0300] {dag.py:2742} INFO - Sync 2 DAGs
[2023-08-15T21:47:15.644+0300] {logging_mixin.py:150} INFO - [2023-08-15T21:47:15.643+0300] {dag.py:3504} INFO - Setting next_dagrun for example_subdag_operator.section-1 to None, run_after=None
[2023-08-15T21:47:15.652+0300] {logging_mixin.py:150} INFO - [2023-08-15T21:47:15.652+0300] {dag.py:3504} INFO - Setting next_dagrun for example_subdag_operator.section-2 to None, run_after=None
[2023-08-15T21:47:15.835+0300] {processor.py:179} INFO - Processing /mnt/kali/DataHunt/venv/lib/python3.11/site-packages/airflow/example_dags/example_subdag_operator.py took 1.886 seconds
[2023-08-15T21:47:48.389+0300] {processor.py:157} INFO - Started process (PID=233896) to work on /mnt/kali/DataHunt/venv/lib/python3.11/site-packages/airflow/example_dags/example_subdag_operator.py
[2023-08-15T21:47:48.408+0300] {processor.py:826} INFO - Processing file /mnt/kali/DataHunt/venv/lib/python3.11/site-packages/airflow/example_dags/example_subdag_operator.py for tasks to queue
[2023-08-15T21:47:48.410+0300] {logging_mixin.py:150} INFO - [2023-08-15T21:47:48.409+0300] {dagbag.py:541} INFO - Filling up the DagBag from /mnt/kali/DataHunt/venv/lib/python3.11/site-packages/airflow/example_dags/example_subdag_operator.py
[2023-08-15T21:47:48.546+0300] {processor.py:836} INFO - DAG(s) dict_keys(['example_subdag_operator.section-1', 'example_subdag_operator.section-2', 'example_subdag_operator']) retrieved from /mnt/kali/DataHunt/venv/lib/python3.11/site-packages/airflow/example_dags/example_subdag_operator.py
[2023-08-15T21:47:48.607+0300] {logging_mixin.py:150} INFO - [2023-08-15T21:47:48.607+0300] {dag.py:2742} INFO - Sync 3 DAGs
[2023-08-15T21:47:48.691+0300] {logging_mixin.py:150} INFO - [2023-08-15T21:47:48.690+0300] {dag.py:3504} INFO - Setting next_dagrun for example_subdag_operator to 2022-01-01T00:00:00+00:00, run_after=2022-01-01T00:00:00+00:00
[2023-08-15T21:47:48.703+0300] {logging_mixin.py:150} INFO - [2023-08-15T21:47:48.702+0300] {dag.py:3504} INFO - Setting next_dagrun for example_subdag_operator.section-1 to None, run_after=None
[2023-08-15T21:47:48.707+0300] {logging_mixin.py:150} INFO - [2023-08-15T21:47:48.706+0300] {dag.py:3504} INFO - Setting next_dagrun for example_subdag_operator.section-2 to None, run_after=None
[2023-08-15T21:47:48.733+0300] {logging_mixin.py:150} INFO - [2023-08-15T21:47:48.732+0300] {dag.py:2742} INFO - Sync 2 DAGs
[2023-08-15T21:47:48.752+0300] {logging_mixin.py:150} INFO - [2023-08-15T21:47:48.751+0300] {dag.py:3504} INFO - Setting next_dagrun for example_subdag_operator.section-1 to None, run_after=None
[2023-08-15T21:47:48.753+0300] {logging_mixin.py:150} INFO - [2023-08-15T21:47:48.753+0300] {dag.py:3504} INFO - Setting next_dagrun for example_subdag_operator.section-2 to None, run_after=None
[2023-08-15T21:47:48.791+0300] {processor.py:179} INFO - Processing /mnt/kali/DataHunt/venv/lib/python3.11/site-packages/airflow/example_dags/example_subdag_operator.py took 0.417 seconds
[2023-08-15T21:48:19.554+0300] {processor.py:157} INFO - Started process (PID=234299) to work on /mnt/kali/DataHunt/venv/lib/python3.11/site-packages/airflow/example_dags/example_subdag_operator.py
[2023-08-15T21:48:19.557+0300] {processor.py:826} INFO - Processing file /mnt/kali/DataHunt/venv/lib/python3.11/site-packages/airflow/example_dags/example_subdag_operator.py for tasks to queue
[2023-08-15T21:48:19.576+0300] {logging_mixin.py:150} INFO - [2023-08-15T21:48:19.575+0300] {dagbag.py:541} INFO - Filling up the DagBag from /mnt/kali/DataHunt/venv/lib/python3.11/site-packages/airflow/example_dags/example_subdag_operator.py
[2023-08-15T21:48:19.921+0300] {processor.py:836} INFO - DAG(s) dict_keys(['example_subdag_operator.section-1', 'example_subdag_operator.section-2', 'example_subdag_operator']) retrieved from /mnt/kali/DataHunt/venv/lib/python3.11/site-packages/airflow/example_dags/example_subdag_operator.py
[2023-08-15T21:48:20.075+0300] {logging_mixin.py:150} INFO - [2023-08-15T21:48:20.075+0300] {dag.py:2742} INFO - Sync 3 DAGs
[2023-08-15T21:48:20.202+0300] {logging_mixin.py:150} INFO - [2023-08-15T21:48:20.201+0300] {dag.py:3504} INFO - Setting next_dagrun for example_subdag_operator to 2022-01-01T00:00:00+00:00, run_after=2022-01-01T00:00:00+00:00
[2023-08-15T21:48:20.219+0300] {logging_mixin.py:150} INFO - [2023-08-15T21:48:20.218+0300] {dag.py:3504} INFO - Setting next_dagrun for example_subdag_operator.section-1 to None, run_after=None
[2023-08-15T21:48:20.224+0300] {logging_mixin.py:150} INFO - [2023-08-15T21:48:20.224+0300] {dag.py:3504} INFO - Setting next_dagrun for example_subdag_operator.section-2 to None, run_after=None
[2023-08-15T21:48:20.261+0300] {logging_mixin.py:150} INFO - [2023-08-15T21:48:20.260+0300] {dag.py:2742} INFO - Sync 2 DAGs
[2023-08-15T21:48:20.304+0300] {logging_mixin.py:150} INFO - [2023-08-15T21:48:20.304+0300] {dag.py:3504} INFO - Setting next_dagrun for example_subdag_operator.section-1 to None, run_after=None
[2023-08-15T21:48:20.305+0300] {logging_mixin.py:150} INFO - [2023-08-15T21:48:20.305+0300] {dag.py:3504} INFO - Setting next_dagrun for example_subdag_operator.section-2 to None, run_after=None
[2023-08-15T21:48:20.387+0300] {processor.py:179} INFO - Processing /mnt/kali/DataHunt/venv/lib/python3.11/site-packages/airflow/example_dags/example_subdag_operator.py took 0.867 seconds
[2023-08-15T21:48:50.783+0300] {processor.py:157} INFO - Started process (PID=234920) to work on /mnt/kali/DataHunt/venv/lib/python3.11/site-packages/airflow/example_dags/example_subdag_operator.py
[2023-08-15T21:48:50.798+0300] {processor.py:826} INFO - Processing file /mnt/kali/DataHunt/venv/lib/python3.11/site-packages/airflow/example_dags/example_subdag_operator.py for tasks to queue
[2023-08-15T21:48:50.801+0300] {logging_mixin.py:150} INFO - [2023-08-15T21:48:50.800+0300] {dagbag.py:541} INFO - Filling up the DagBag from /mnt/kali/DataHunt/venv/lib/python3.11/site-packages/airflow/example_dags/example_subdag_operator.py
[2023-08-15T21:48:50.955+0300] {processor.py:836} INFO - DAG(s) dict_keys(['example_subdag_operator.section-1', 'example_subdag_operator.section-2', 'example_subdag_operator']) retrieved from /mnt/kali/DataHunt/venv/lib/python3.11/site-packages/airflow/example_dags/example_subdag_operator.py
[2023-08-15T21:48:51.026+0300] {logging_mixin.py:150} INFO - [2023-08-15T21:48:51.025+0300] {dag.py:2742} INFO - Sync 3 DAGs
[2023-08-15T21:48:51.214+0300] {logging_mixin.py:150} INFO - [2023-08-15T21:48:51.212+0300] {dag.py:3504} INFO - Setting next_dagrun for example_subdag_operator to 2022-01-01T00:00:00+00:00, run_after=2022-01-01T00:00:00+00:00
[2023-08-15T21:48:51.228+0300] {logging_mixin.py:150} INFO - [2023-08-15T21:48:51.228+0300] {dag.py:3504} INFO - Setting next_dagrun for example_subdag_operator.section-1 to None, run_after=None
[2023-08-15T21:48:51.233+0300] {logging_mixin.py:150} INFO - [2023-08-15T21:48:51.233+0300] {dag.py:3504} INFO - Setting next_dagrun for example_subdag_operator.section-2 to None, run_after=None
[2023-08-15T21:48:51.259+0300] {logging_mixin.py:150} INFO - [2023-08-15T21:48:51.259+0300] {dag.py:2742} INFO - Sync 2 DAGs
[2023-08-15T21:48:51.284+0300] {logging_mixin.py:150} INFO - [2023-08-15T21:48:51.284+0300] {dag.py:3504} INFO - Setting next_dagrun for example_subdag_operator.section-1 to None, run_after=None
[2023-08-15T21:48:51.285+0300] {logging_mixin.py:150} INFO - [2023-08-15T21:48:51.285+0300] {dag.py:3504} INFO - Setting next_dagrun for example_subdag_operator.section-2 to None, run_after=None
[2023-08-15T21:48:51.362+0300] {processor.py:179} INFO - Processing /mnt/kali/DataHunt/venv/lib/python3.11/site-packages/airflow/example_dags/example_subdag_operator.py took 0.604 seconds
[2023-08-15T21:49:29.233+0300] {processor.py:157} INFO - Started process (PID=235587) to work on /mnt/kali/DataHunt/venv/lib/python3.11/site-packages/airflow/example_dags/example_subdag_operator.py
[2023-08-15T21:49:29.235+0300] {processor.py:826} INFO - Processing file /mnt/kali/DataHunt/venv/lib/python3.11/site-packages/airflow/example_dags/example_subdag_operator.py for tasks to queue
[2023-08-15T21:49:29.238+0300] {logging_mixin.py:150} INFO - [2023-08-15T21:49:29.237+0300] {dagbag.py:541} INFO - Filling up the DagBag from /mnt/kali/DataHunt/venv/lib/python3.11/site-packages/airflow/example_dags/example_subdag_operator.py
[2023-08-15T21:49:29.480+0300] {processor.py:836} INFO - DAG(s) dict_keys(['example_subdag_operator.section-1', 'example_subdag_operator.section-2', 'example_subdag_operator']) retrieved from /mnt/kali/DataHunt/venv/lib/python3.11/site-packages/airflow/example_dags/example_subdag_operator.py
[2023-08-15T21:49:30.168+0300] {logging_mixin.py:150} INFO - [2023-08-15T21:49:30.167+0300] {dag.py:2742} INFO - Sync 3 DAGs
[2023-08-15T21:49:30.268+0300] {logging_mixin.py:150} INFO - [2023-08-15T21:49:30.267+0300] {dag.py:3504} INFO - Setting next_dagrun for example_subdag_operator to 2022-01-01T00:00:00+00:00, run_after=2022-01-01T00:00:00+00:00
[2023-08-15T21:49:30.289+0300] {logging_mixin.py:150} INFO - [2023-08-15T21:49:30.288+0300] {dag.py:3504} INFO - Setting next_dagrun for example_subdag_operator.section-1 to None, run_after=None
[2023-08-15T21:49:30.300+0300] {logging_mixin.py:150} INFO - [2023-08-15T21:49:30.299+0300] {dag.py:3504} INFO - Setting next_dagrun for example_subdag_operator.section-2 to None, run_after=None
[2023-08-15T21:49:30.328+0300] {logging_mixin.py:150} INFO - [2023-08-15T21:49:30.328+0300] {dag.py:2742} INFO - Sync 2 DAGs
[2023-08-15T21:49:30.357+0300] {logging_mixin.py:150} INFO - [2023-08-15T21:49:30.356+0300] {dag.py:3504} INFO - Setting next_dagrun for example_subdag_operator.section-1 to None, run_after=None
[2023-08-15T21:49:30.359+0300] {logging_mixin.py:150} INFO - [2023-08-15T21:49:30.358+0300] {dag.py:3504} INFO - Setting next_dagrun for example_subdag_operator.section-2 to None, run_after=None
[2023-08-15T21:49:30.503+0300] {processor.py:179} INFO - Processing /mnt/kali/DataHunt/venv/lib/python3.11/site-packages/airflow/example_dags/example_subdag_operator.py took 1.300 seconds
[2023-08-15T21:50:00.890+0300] {processor.py:157} INFO - Started process (PID=235927) to work on /mnt/kali/DataHunt/venv/lib/python3.11/site-packages/airflow/example_dags/example_subdag_operator.py
[2023-08-15T21:50:00.905+0300] {processor.py:826} INFO - Processing file /mnt/kali/DataHunt/venv/lib/python3.11/site-packages/airflow/example_dags/example_subdag_operator.py for tasks to queue
[2023-08-15T21:50:00.908+0300] {logging_mixin.py:150} INFO - [2023-08-15T21:50:00.907+0300] {dagbag.py:541} INFO - Filling up the DagBag from /mnt/kali/DataHunt/venv/lib/python3.11/site-packages/airflow/example_dags/example_subdag_operator.py
[2023-08-15T21:50:01.043+0300] {processor.py:836} INFO - DAG(s) dict_keys(['example_subdag_operator.section-1', 'example_subdag_operator.section-2', 'example_subdag_operator']) retrieved from /mnt/kali/DataHunt/venv/lib/python3.11/site-packages/airflow/example_dags/example_subdag_operator.py
[2023-08-15T21:50:01.113+0300] {logging_mixin.py:150} INFO - [2023-08-15T21:50:01.112+0300] {dag.py:2742} INFO - Sync 3 DAGs
[2023-08-15T21:50:01.281+0300] {logging_mixin.py:150} INFO - [2023-08-15T21:50:01.280+0300] {dag.py:3504} INFO - Setting next_dagrun for example_subdag_operator to 2022-01-01T00:00:00+00:00, run_after=2022-01-01T00:00:00+00:00
[2023-08-15T21:50:01.325+0300] {logging_mixin.py:150} INFO - [2023-08-15T21:50:01.324+0300] {dag.py:3504} INFO - Setting next_dagrun for example_subdag_operator.section-1 to None, run_after=None
[2023-08-15T21:50:01.332+0300] {logging_mixin.py:150} INFO - [2023-08-15T21:50:01.332+0300] {dag.py:3504} INFO - Setting next_dagrun for example_subdag_operator.section-2 to None, run_after=None
[2023-08-15T21:50:01.393+0300] {logging_mixin.py:150} INFO - [2023-08-15T21:50:01.392+0300] {dag.py:2742} INFO - Sync 2 DAGs
[2023-08-15T21:50:01.509+0300] {logging_mixin.py:150} INFO - [2023-08-15T21:50:01.509+0300] {dag.py:3504} INFO - Setting next_dagrun for example_subdag_operator.section-1 to None, run_after=None
[2023-08-15T21:50:01.519+0300] {logging_mixin.py:150} INFO - [2023-08-15T21:50:01.519+0300] {dag.py:3504} INFO - Setting next_dagrun for example_subdag_operator.section-2 to None, run_after=None
[2023-08-15T21:50:01.641+0300] {processor.py:179} INFO - Processing /mnt/kali/DataHunt/venv/lib/python3.11/site-packages/airflow/example_dags/example_subdag_operator.py took 0.783 seconds
[2023-08-15T21:50:37.901+0300] {processor.py:157} INFO - Started process (PID=236373) to work on /mnt/kali/DataHunt/venv/lib/python3.11/site-packages/airflow/example_dags/example_subdag_operator.py
[2023-08-15T21:50:37.904+0300] {processor.py:826} INFO - Processing file /mnt/kali/DataHunt/venv/lib/python3.11/site-packages/airflow/example_dags/example_subdag_operator.py for tasks to queue
[2023-08-15T21:50:37.906+0300] {logging_mixin.py:150} INFO - [2023-08-15T21:50:37.905+0300] {dagbag.py:541} INFO - Filling up the DagBag from /mnt/kali/DataHunt/venv/lib/python3.11/site-packages/airflow/example_dags/example_subdag_operator.py
[2023-08-15T21:50:38.085+0300] {processor.py:836} INFO - DAG(s) dict_keys(['example_subdag_operator.section-1', 'example_subdag_operator.section-2', 'example_subdag_operator']) retrieved from /mnt/kali/DataHunt/venv/lib/python3.11/site-packages/airflow/example_dags/example_subdag_operator.py
[2023-08-15T21:50:38.200+0300] {logging_mixin.py:150} INFO - [2023-08-15T21:50:38.200+0300] {dag.py:2742} INFO - Sync 3 DAGs
[2023-08-15T21:50:38.376+0300] {logging_mixin.py:150} INFO - [2023-08-15T21:50:38.375+0300] {dag.py:3504} INFO - Setting next_dagrun for example_subdag_operator to 2022-01-01T00:00:00+00:00, run_after=2022-01-01T00:00:00+00:00
[2023-08-15T21:50:38.391+0300] {logging_mixin.py:150} INFO - [2023-08-15T21:50:38.390+0300] {dag.py:3504} INFO - Setting next_dagrun for example_subdag_operator.section-1 to None, run_after=None
[2023-08-15T21:50:38.396+0300] {logging_mixin.py:150} INFO - [2023-08-15T21:50:38.396+0300] {dag.py:3504} INFO - Setting next_dagrun for example_subdag_operator.section-2 to None, run_after=None
[2023-08-15T21:50:38.425+0300] {logging_mixin.py:150} INFO - [2023-08-15T21:50:38.424+0300] {dag.py:2742} INFO - Sync 2 DAGs
[2023-08-15T21:50:38.450+0300] {logging_mixin.py:150} INFO - [2023-08-15T21:50:38.449+0300] {dag.py:3504} INFO - Setting next_dagrun for example_subdag_operator.section-1 to None, run_after=None
[2023-08-15T21:50:38.451+0300] {logging_mixin.py:150} INFO - [2023-08-15T21:50:38.450+0300] {dag.py:3504} INFO - Setting next_dagrun for example_subdag_operator.section-2 to None, run_after=None
[2023-08-15T21:50:38.500+0300] {processor.py:179} INFO - Processing /mnt/kali/DataHunt/venv/lib/python3.11/site-packages/airflow/example_dags/example_subdag_operator.py took 0.622 seconds
[2023-08-15T21:51:09.117+0300] {processor.py:157} INFO - Started process (PID=236799) to work on /mnt/kali/DataHunt/venv/lib/python3.11/site-packages/airflow/example_dags/example_subdag_operator.py
[2023-08-15T21:51:09.154+0300] {processor.py:826} INFO - Processing file /mnt/kali/DataHunt/venv/lib/python3.11/site-packages/airflow/example_dags/example_subdag_operator.py for tasks to queue
[2023-08-15T21:51:09.156+0300] {logging_mixin.py:150} INFO - [2023-08-15T21:51:09.155+0300] {dagbag.py:541} INFO - Filling up the DagBag from /mnt/kali/DataHunt/venv/lib/python3.11/site-packages/airflow/example_dags/example_subdag_operator.py
[2023-08-15T21:51:09.262+0300] {processor.py:836} INFO - DAG(s) dict_keys(['example_subdag_operator.section-1', 'example_subdag_operator.section-2', 'example_subdag_operator']) retrieved from /mnt/kali/DataHunt/venv/lib/python3.11/site-packages/airflow/example_dags/example_subdag_operator.py
[2023-08-15T21:51:09.302+0300] {logging_mixin.py:150} INFO - [2023-08-15T21:51:09.302+0300] {dag.py:2742} INFO - Sync 3 DAGs
[2023-08-15T21:51:09.365+0300] {logging_mixin.py:150} INFO - [2023-08-15T21:51:09.364+0300] {dag.py:3504} INFO - Setting next_dagrun for example_subdag_operator to 2022-01-01T00:00:00+00:00, run_after=2022-01-01T00:00:00+00:00
[2023-08-15T21:51:09.373+0300] {logging_mixin.py:150} INFO - [2023-08-15T21:51:09.373+0300] {dag.py:3504} INFO - Setting next_dagrun for example_subdag_operator.section-1 to None, run_after=None
[2023-08-15T21:51:09.377+0300] {logging_mixin.py:150} INFO - [2023-08-15T21:51:09.376+0300] {dag.py:3504} INFO - Setting next_dagrun for example_subdag_operator.section-2 to None, run_after=None
[2023-08-15T21:51:09.398+0300] {logging_mixin.py:150} INFO - [2023-08-15T21:51:09.397+0300] {dag.py:2742} INFO - Sync 2 DAGs
[2023-08-15T21:51:09.427+0300] {logging_mixin.py:150} INFO - [2023-08-15T21:51:09.426+0300] {dag.py:3504} INFO - Setting next_dagrun for example_subdag_operator.section-1 to None, run_after=None
[2023-08-15T21:51:09.428+0300] {logging_mixin.py:150} INFO - [2023-08-15T21:51:09.428+0300] {dag.py:3504} INFO - Setting next_dagrun for example_subdag_operator.section-2 to None, run_after=None
[2023-08-15T21:51:09.477+0300] {processor.py:179} INFO - Processing /mnt/kali/DataHunt/venv/lib/python3.11/site-packages/airflow/example_dags/example_subdag_operator.py took 0.372 seconds
[2023-08-15T21:51:39.786+0300] {processor.py:157} INFO - Started process (PID=237356) to work on /mnt/kali/DataHunt/venv/lib/python3.11/site-packages/airflow/example_dags/example_subdag_operator.py
[2023-08-15T21:51:39.798+0300] {processor.py:826} INFO - Processing file /mnt/kali/DataHunt/venv/lib/python3.11/site-packages/airflow/example_dags/example_subdag_operator.py for tasks to queue
[2023-08-15T21:51:39.802+0300] {logging_mixin.py:150} INFO - [2023-08-15T21:51:39.800+0300] {dagbag.py:541} INFO - Filling up the DagBag from /mnt/kali/DataHunt/venv/lib/python3.11/site-packages/airflow/example_dags/example_subdag_operator.py
[2023-08-15T21:51:39.945+0300] {processor.py:836} INFO - DAG(s) dict_keys(['example_subdag_operator.section-1', 'example_subdag_operator.section-2', 'example_subdag_operator']) retrieved from /mnt/kali/DataHunt/venv/lib/python3.11/site-packages/airflow/example_dags/example_subdag_operator.py
[2023-08-15T21:51:40.004+0300] {logging_mixin.py:150} INFO - [2023-08-15T21:51:40.003+0300] {dag.py:2742} INFO - Sync 3 DAGs
[2023-08-15T21:51:40.087+0300] {logging_mixin.py:150} INFO - [2023-08-15T21:51:40.086+0300] {dag.py:3504} INFO - Setting next_dagrun for example_subdag_operator to 2022-01-01T00:00:00+00:00, run_after=2022-01-01T00:00:00+00:00
[2023-08-15T21:51:40.103+0300] {logging_mixin.py:150} INFO - [2023-08-15T21:51:40.102+0300] {dag.py:3504} INFO - Setting next_dagrun for example_subdag_operator.section-1 to None, run_after=None
[2023-08-15T21:51:40.108+0300] {logging_mixin.py:150} INFO - [2023-08-15T21:51:40.107+0300] {dag.py:3504} INFO - Setting next_dagrun for example_subdag_operator.section-2 to None, run_after=None
[2023-08-15T21:51:40.143+0300] {logging_mixin.py:150} INFO - [2023-08-15T21:51:40.142+0300] {dag.py:2742} INFO - Sync 2 DAGs
[2023-08-15T21:51:40.167+0300] {logging_mixin.py:150} INFO - [2023-08-15T21:51:40.166+0300] {dag.py:3504} INFO - Setting next_dagrun for example_subdag_operator.section-1 to None, run_after=None
[2023-08-15T21:51:40.168+0300] {logging_mixin.py:150} INFO - [2023-08-15T21:51:40.168+0300] {dag.py:3504} INFO - Setting next_dagrun for example_subdag_operator.section-2 to None, run_after=None
[2023-08-15T21:51:40.211+0300] {processor.py:179} INFO - Processing /mnt/kali/DataHunt/venv/lib/python3.11/site-packages/airflow/example_dags/example_subdag_operator.py took 0.436 seconds
[2023-08-15T21:52:10.852+0300] {processor.py:157} INFO - Started process (PID=237915) to work on /mnt/kali/DataHunt/venv/lib/python3.11/site-packages/airflow/example_dags/example_subdag_operator.py
[2023-08-15T21:52:10.866+0300] {processor.py:826} INFO - Processing file /mnt/kali/DataHunt/venv/lib/python3.11/site-packages/airflow/example_dags/example_subdag_operator.py for tasks to queue
[2023-08-15T21:52:10.869+0300] {logging_mixin.py:150} INFO - [2023-08-15T21:52:10.868+0300] {dagbag.py:541} INFO - Filling up the DagBag from /mnt/kali/DataHunt/venv/lib/python3.11/site-packages/airflow/example_dags/example_subdag_operator.py
[2023-08-15T21:52:11.055+0300] {processor.py:836} INFO - DAG(s) dict_keys(['example_subdag_operator.section-1', 'example_subdag_operator.section-2', 'example_subdag_operator']) retrieved from /mnt/kali/DataHunt/venv/lib/python3.11/site-packages/airflow/example_dags/example_subdag_operator.py
[2023-08-15T21:52:11.128+0300] {logging_mixin.py:150} INFO - [2023-08-15T21:52:11.127+0300] {dag.py:2742} INFO - Sync 3 DAGs
[2023-08-15T21:52:11.218+0300] {logging_mixin.py:150} INFO - [2023-08-15T21:52:11.217+0300] {dag.py:3504} INFO - Setting next_dagrun for example_subdag_operator to 2022-01-01T00:00:00+00:00, run_after=2022-01-01T00:00:00+00:00
[2023-08-15T21:52:11.231+0300] {logging_mixin.py:150} INFO - [2023-08-15T21:52:11.230+0300] {dag.py:3504} INFO - Setting next_dagrun for example_subdag_operator.section-1 to None, run_after=None
[2023-08-15T21:52:11.235+0300] {logging_mixin.py:150} INFO - [2023-08-15T21:52:11.235+0300] {dag.py:3504} INFO - Setting next_dagrun for example_subdag_operator.section-2 to None, run_after=None
[2023-08-15T21:52:11.265+0300] {logging_mixin.py:150} INFO - [2023-08-15T21:52:11.264+0300] {dag.py:2742} INFO - Sync 2 DAGs
[2023-08-15T21:52:11.289+0300] {logging_mixin.py:150} INFO - [2023-08-15T21:52:11.289+0300] {dag.py:3504} INFO - Setting next_dagrun for example_subdag_operator.section-1 to None, run_after=None
[2023-08-15T21:52:11.291+0300] {logging_mixin.py:150} INFO - [2023-08-15T21:52:11.290+0300] {dag.py:3504} INFO - Setting next_dagrun for example_subdag_operator.section-2 to None, run_after=None
[2023-08-15T21:52:11.343+0300] {processor.py:179} INFO - Processing /mnt/kali/DataHunt/venv/lib/python3.11/site-packages/airflow/example_dags/example_subdag_operator.py took 0.518 seconds
[2023-08-15T21:52:42.060+0300] {processor.py:157} INFO - Started process (PID=238288) to work on /mnt/kali/DataHunt/venv/lib/python3.11/site-packages/airflow/example_dags/example_subdag_operator.py
[2023-08-15T21:52:42.063+0300] {processor.py:826} INFO - Processing file /mnt/kali/DataHunt/venv/lib/python3.11/site-packages/airflow/example_dags/example_subdag_operator.py for tasks to queue
[2023-08-15T21:52:42.070+0300] {logging_mixin.py:150} INFO - [2023-08-15T21:52:42.065+0300] {dagbag.py:541} INFO - Filling up the DagBag from /mnt/kali/DataHunt/venv/lib/python3.11/site-packages/airflow/example_dags/example_subdag_operator.py
[2023-08-15T21:52:42.263+0300] {processor.py:836} INFO - DAG(s) dict_keys(['example_subdag_operator.section-1', 'example_subdag_operator.section-2', 'example_subdag_operator']) retrieved from /mnt/kali/DataHunt/venv/lib/python3.11/site-packages/airflow/example_dags/example_subdag_operator.py
[2023-08-15T21:52:42.322+0300] {logging_mixin.py:150} INFO - [2023-08-15T21:52:42.321+0300] {dag.py:2742} INFO - Sync 3 DAGs
[2023-08-15T21:52:42.411+0300] {logging_mixin.py:150} INFO - [2023-08-15T21:52:42.411+0300] {dag.py:3504} INFO - Setting next_dagrun for example_subdag_operator to 2022-01-01T00:00:00+00:00, run_after=2022-01-01T00:00:00+00:00
[2023-08-15T21:52:42.423+0300] {logging_mixin.py:150} INFO - [2023-08-15T21:52:42.423+0300] {dag.py:3504} INFO - Setting next_dagrun for example_subdag_operator.section-1 to None, run_after=None
[2023-08-15T21:52:42.428+0300] {logging_mixin.py:150} INFO - [2023-08-15T21:52:42.427+0300] {dag.py:3504} INFO - Setting next_dagrun for example_subdag_operator.section-2 to None, run_after=None
[2023-08-15T21:52:42.454+0300] {logging_mixin.py:150} INFO - [2023-08-15T21:52:42.454+0300] {dag.py:2742} INFO - Sync 2 DAGs
[2023-08-15T21:52:42.474+0300] {logging_mixin.py:150} INFO - [2023-08-15T21:52:42.474+0300] {dag.py:3504} INFO - Setting next_dagrun for example_subdag_operator.section-1 to None, run_after=None
[2023-08-15T21:52:42.475+0300] {logging_mixin.py:150} INFO - [2023-08-15T21:52:42.475+0300] {dag.py:3504} INFO - Setting next_dagrun for example_subdag_operator.section-2 to None, run_after=None
[2023-08-15T21:52:42.546+0300] {processor.py:179} INFO - Processing /mnt/kali/DataHunt/venv/lib/python3.11/site-packages/airflow/example_dags/example_subdag_operator.py took 0.498 seconds
[2023-08-15T21:53:12.931+0300] {processor.py:157} INFO - Started process (PID=238671) to work on /mnt/kali/DataHunt/venv/lib/python3.11/site-packages/airflow/example_dags/example_subdag_operator.py
[2023-08-15T21:53:12.945+0300] {processor.py:826} INFO - Processing file /mnt/kali/DataHunt/venv/lib/python3.11/site-packages/airflow/example_dags/example_subdag_operator.py for tasks to queue
[2023-08-15T21:53:12.948+0300] {logging_mixin.py:150} INFO - [2023-08-15T21:53:12.947+0300] {dagbag.py:541} INFO - Filling up the DagBag from /mnt/kali/DataHunt/venv/lib/python3.11/site-packages/airflow/example_dags/example_subdag_operator.py
[2023-08-15T21:53:13.080+0300] {processor.py:836} INFO - DAG(s) dict_keys(['example_subdag_operator.section-1', 'example_subdag_operator.section-2', 'example_subdag_operator']) retrieved from /mnt/kali/DataHunt/venv/lib/python3.11/site-packages/airflow/example_dags/example_subdag_operator.py
[2023-08-15T21:53:13.139+0300] {logging_mixin.py:150} INFO - [2023-08-15T21:53:13.139+0300] {dag.py:2742} INFO - Sync 3 DAGs
[2023-08-15T21:53:13.222+0300] {logging_mixin.py:150} INFO - [2023-08-15T21:53:13.221+0300] {dag.py:3504} INFO - Setting next_dagrun for example_subdag_operator to 2022-01-01T00:00:00+00:00, run_after=2022-01-01T00:00:00+00:00
[2023-08-15T21:53:13.233+0300] {logging_mixin.py:150} INFO - [2023-08-15T21:53:13.233+0300] {dag.py:3504} INFO - Setting next_dagrun for example_subdag_operator.section-1 to None, run_after=None
[2023-08-15T21:53:13.238+0300] {logging_mixin.py:150} INFO - [2023-08-15T21:53:13.237+0300] {dag.py:3504} INFO - Setting next_dagrun for example_subdag_operator.section-2 to None, run_after=None
[2023-08-15T21:53:13.266+0300] {logging_mixin.py:150} INFO - [2023-08-15T21:53:13.266+0300] {dag.py:2742} INFO - Sync 2 DAGs
[2023-08-15T21:53:13.292+0300] {logging_mixin.py:150} INFO - [2023-08-15T21:53:13.292+0300] {dag.py:3504} INFO - Setting next_dagrun for example_subdag_operator.section-1 to None, run_after=None
[2023-08-15T21:53:13.294+0300] {logging_mixin.py:150} INFO - [2023-08-15T21:53:13.293+0300] {dag.py:3504} INFO - Setting next_dagrun for example_subdag_operator.section-2 to None, run_after=None
[2023-08-15T21:53:13.353+0300] {processor.py:179} INFO - Processing /mnt/kali/DataHunt/venv/lib/python3.11/site-packages/airflow/example_dags/example_subdag_operator.py took 0.438 seconds
[2023-08-15T21:53:44.261+0300] {processor.py:157} INFO - Started process (PID=239238) to work on /mnt/kali/DataHunt/venv/lib/python3.11/site-packages/airflow/example_dags/example_subdag_operator.py
[2023-08-15T21:53:44.269+0300] {processor.py:826} INFO - Processing file /mnt/kali/DataHunt/venv/lib/python3.11/site-packages/airflow/example_dags/example_subdag_operator.py for tasks to queue
[2023-08-15T21:53:44.271+0300] {logging_mixin.py:150} INFO - [2023-08-15T21:53:44.270+0300] {dagbag.py:541} INFO - Filling up the DagBag from /mnt/kali/DataHunt/venv/lib/python3.11/site-packages/airflow/example_dags/example_subdag_operator.py
[2023-08-15T21:53:44.419+0300] {processor.py:836} INFO - DAG(s) dict_keys(['example_subdag_operator.section-1', 'example_subdag_operator.section-2', 'example_subdag_operator']) retrieved from /mnt/kali/DataHunt/venv/lib/python3.11/site-packages/airflow/example_dags/example_subdag_operator.py
[2023-08-15T21:53:44.473+0300] {logging_mixin.py:150} INFO - [2023-08-15T21:53:44.473+0300] {dag.py:2742} INFO - Sync 3 DAGs
[2023-08-15T21:53:44.563+0300] {logging_mixin.py:150} INFO - [2023-08-15T21:53:44.563+0300] {dag.py:3504} INFO - Setting next_dagrun for example_subdag_operator to 2022-01-01T00:00:00+00:00, run_after=2022-01-01T00:00:00+00:00
[2023-08-15T21:53:44.575+0300] {logging_mixin.py:150} INFO - [2023-08-15T21:53:44.575+0300] {dag.py:3504} INFO - Setting next_dagrun for example_subdag_operator.section-1 to None, run_after=None
[2023-08-15T21:53:44.580+0300] {logging_mixin.py:150} INFO - [2023-08-15T21:53:44.579+0300] {dag.py:3504} INFO - Setting next_dagrun for example_subdag_operator.section-2 to None, run_after=None
[2023-08-15T21:53:44.610+0300] {logging_mixin.py:150} INFO - [2023-08-15T21:53:44.609+0300] {dag.py:2742} INFO - Sync 2 DAGs
[2023-08-15T21:53:44.631+0300] {logging_mixin.py:150} INFO - [2023-08-15T21:53:44.630+0300] {dag.py:3504} INFO - Setting next_dagrun for example_subdag_operator.section-1 to None, run_after=None
[2023-08-15T21:53:44.633+0300] {logging_mixin.py:150} INFO - [2023-08-15T21:53:44.632+0300] {dag.py:3504} INFO - Setting next_dagrun for example_subdag_operator.section-2 to None, run_after=None
[2023-08-15T21:53:44.682+0300] {processor.py:179} INFO - Processing /mnt/kali/DataHunt/venv/lib/python3.11/site-packages/airflow/example_dags/example_subdag_operator.py took 0.434 seconds
[2023-08-15T21:54:15.133+0300] {processor.py:157} INFO - Started process (PID=239855) to work on /mnt/kali/DataHunt/venv/lib/python3.11/site-packages/airflow/example_dags/example_subdag_operator.py
[2023-08-15T21:54:15.147+0300] {processor.py:826} INFO - Processing file /mnt/kali/DataHunt/venv/lib/python3.11/site-packages/airflow/example_dags/example_subdag_operator.py for tasks to queue
[2023-08-15T21:54:15.149+0300] {logging_mixin.py:150} INFO - [2023-08-15T21:54:15.148+0300] {dagbag.py:541} INFO - Filling up the DagBag from /mnt/kali/DataHunt/venv/lib/python3.11/site-packages/airflow/example_dags/example_subdag_operator.py
[2023-08-15T21:54:15.278+0300] {processor.py:836} INFO - DAG(s) dict_keys(['example_subdag_operator.section-1', 'example_subdag_operator.section-2', 'example_subdag_operator']) retrieved from /mnt/kali/DataHunt/venv/lib/python3.11/site-packages/airflow/example_dags/example_subdag_operator.py
[2023-08-15T21:54:15.333+0300] {logging_mixin.py:150} INFO - [2023-08-15T21:54:15.333+0300] {dag.py:2742} INFO - Sync 3 DAGs
[2023-08-15T21:54:15.417+0300] {logging_mixin.py:150} INFO - [2023-08-15T21:54:15.417+0300] {dag.py:3504} INFO - Setting next_dagrun for example_subdag_operator to 2022-01-01T00:00:00+00:00, run_after=2022-01-01T00:00:00+00:00
[2023-08-15T21:54:15.428+0300] {logging_mixin.py:150} INFO - [2023-08-15T21:54:15.428+0300] {dag.py:3504} INFO - Setting next_dagrun for example_subdag_operator.section-1 to None, run_after=None
[2023-08-15T21:54:15.432+0300] {logging_mixin.py:150} INFO - [2023-08-15T21:54:15.431+0300] {dag.py:3504} INFO - Setting next_dagrun for example_subdag_operator.section-2 to None, run_after=None
[2023-08-15T21:54:15.458+0300] {logging_mixin.py:150} INFO - [2023-08-15T21:54:15.458+0300] {dag.py:2742} INFO - Sync 2 DAGs
[2023-08-15T21:54:15.474+0300] {logging_mixin.py:150} INFO - [2023-08-15T21:54:15.474+0300] {dag.py:3504} INFO - Setting next_dagrun for example_subdag_operator.section-1 to None, run_after=None
[2023-08-15T21:54:15.475+0300] {logging_mixin.py:150} INFO - [2023-08-15T21:54:15.474+0300] {dag.py:3504} INFO - Setting next_dagrun for example_subdag_operator.section-2 to None, run_after=None
[2023-08-15T21:54:15.517+0300] {processor.py:179} INFO - Processing /mnt/kali/DataHunt/venv/lib/python3.11/site-packages/airflow/example_dags/example_subdag_operator.py took 0.395 seconds
[2023-08-15T21:54:45.787+0300] {processor.py:157} INFO - Started process (PID=240231) to work on /mnt/kali/DataHunt/venv/lib/python3.11/site-packages/airflow/example_dags/example_subdag_operator.py
[2023-08-15T21:54:45.814+0300] {processor.py:826} INFO - Processing file /mnt/kali/DataHunt/venv/lib/python3.11/site-packages/airflow/example_dags/example_subdag_operator.py for tasks to queue
[2023-08-15T21:54:45.817+0300] {logging_mixin.py:150} INFO - [2023-08-15T21:54:45.816+0300] {dagbag.py:541} INFO - Filling up the DagBag from /mnt/kali/DataHunt/venv/lib/python3.11/site-packages/airflow/example_dags/example_subdag_operator.py
[2023-08-15T21:54:46.123+0300] {processor.py:836} INFO - DAG(s) dict_keys(['example_subdag_operator.section-1', 'example_subdag_operator.section-2', 'example_subdag_operator']) retrieved from /mnt/kali/DataHunt/venv/lib/python3.11/site-packages/airflow/example_dags/example_subdag_operator.py
[2023-08-15T21:54:46.189+0300] {logging_mixin.py:150} INFO - [2023-08-15T21:54:46.188+0300] {dag.py:2742} INFO - Sync 3 DAGs
[2023-08-15T21:54:46.296+0300] {logging_mixin.py:150} INFO - [2023-08-15T21:54:46.295+0300] {dag.py:3504} INFO - Setting next_dagrun for example_subdag_operator to 2022-01-01T00:00:00+00:00, run_after=2022-01-01T00:00:00+00:00
[2023-08-15T21:54:46.314+0300] {logging_mixin.py:150} INFO - [2023-08-15T21:54:46.313+0300] {dag.py:3504} INFO - Setting next_dagrun for example_subdag_operator.section-1 to None, run_after=None
[2023-08-15T21:54:46.319+0300] {logging_mixin.py:150} INFO - [2023-08-15T21:54:46.319+0300] {dag.py:3504} INFO - Setting next_dagrun for example_subdag_operator.section-2 to None, run_after=None
[2023-08-15T21:54:46.358+0300] {logging_mixin.py:150} INFO - [2023-08-15T21:54:46.357+0300] {dag.py:2742} INFO - Sync 2 DAGs
[2023-08-15T21:54:46.385+0300] {logging_mixin.py:150} INFO - [2023-08-15T21:54:46.384+0300] {dag.py:3504} INFO - Setting next_dagrun for example_subdag_operator.section-1 to None, run_after=None
[2023-08-15T21:54:46.387+0300] {logging_mixin.py:150} INFO - [2023-08-15T21:54:46.386+0300] {dag.py:3504} INFO - Setting next_dagrun for example_subdag_operator.section-2 to None, run_after=None
[2023-08-15T21:54:46.482+0300] {processor.py:179} INFO - Processing /mnt/kali/DataHunt/venv/lib/python3.11/site-packages/airflow/example_dags/example_subdag_operator.py took 0.711 seconds
[2023-08-15T21:55:16.684+0300] {processor.py:157} INFO - Started process (PID=240668) to work on /mnt/kali/DataHunt/venv/lib/python3.11/site-packages/airflow/example_dags/example_subdag_operator.py
[2023-08-15T21:55:16.720+0300] {processor.py:826} INFO - Processing file /mnt/kali/DataHunt/venv/lib/python3.11/site-packages/airflow/example_dags/example_subdag_operator.py for tasks to queue
[2023-08-15T21:55:16.722+0300] {logging_mixin.py:150} INFO - [2023-08-15T21:55:16.721+0300] {dagbag.py:541} INFO - Filling up the DagBag from /mnt/kali/DataHunt/venv/lib/python3.11/site-packages/airflow/example_dags/example_subdag_operator.py
[2023-08-15T21:55:17.016+0300] {processor.py:836} INFO - DAG(s) dict_keys(['example_subdag_operator.section-1', 'example_subdag_operator.section-2', 'example_subdag_operator']) retrieved from /mnt/kali/DataHunt/venv/lib/python3.11/site-packages/airflow/example_dags/example_subdag_operator.py
[2023-08-15T21:55:17.098+0300] {logging_mixin.py:150} INFO - [2023-08-15T21:55:17.097+0300] {dag.py:2742} INFO - Sync 3 DAGs
[2023-08-15T21:55:17.241+0300] {logging_mixin.py:150} INFO - [2023-08-15T21:55:17.240+0300] {dag.py:3504} INFO - Setting next_dagrun for example_subdag_operator to 2022-01-01T00:00:00+00:00, run_after=2022-01-01T00:00:00+00:00
[2023-08-15T21:55:17.255+0300] {logging_mixin.py:150} INFO - [2023-08-15T21:55:17.254+0300] {dag.py:3504} INFO - Setting next_dagrun for example_subdag_operator.section-1 to None, run_after=None
[2023-08-15T21:55:17.259+0300] {logging_mixin.py:150} INFO - [2023-08-15T21:55:17.259+0300] {dag.py:3504} INFO - Setting next_dagrun for example_subdag_operator.section-2 to None, run_after=None
[2023-08-15T21:55:17.291+0300] {logging_mixin.py:150} INFO - [2023-08-15T21:55:17.290+0300] {dag.py:2742} INFO - Sync 2 DAGs
[2023-08-15T21:55:17.321+0300] {logging_mixin.py:150} INFO - [2023-08-15T21:55:17.320+0300] {dag.py:3504} INFO - Setting next_dagrun for example_subdag_operator.section-1 to None, run_after=None
[2023-08-15T21:55:17.323+0300] {logging_mixin.py:150} INFO - [2023-08-15T21:55:17.322+0300] {dag.py:3504} INFO - Setting next_dagrun for example_subdag_operator.section-2 to None, run_after=None
[2023-08-15T21:55:17.380+0300] {processor.py:179} INFO - Processing /mnt/kali/DataHunt/venv/lib/python3.11/site-packages/airflow/example_dags/example_subdag_operator.py took 0.710 seconds
[2023-08-15T21:55:47.583+0300] {processor.py:157} INFO - Started process (PID=241066) to work on /mnt/kali/DataHunt/venv/lib/python3.11/site-packages/airflow/example_dags/example_subdag_operator.py
[2023-08-15T21:55:47.591+0300] {processor.py:826} INFO - Processing file /mnt/kali/DataHunt/venv/lib/python3.11/site-packages/airflow/example_dags/example_subdag_operator.py for tasks to queue
[2023-08-15T21:55:47.602+0300] {logging_mixin.py:150} INFO - [2023-08-15T21:55:47.601+0300] {dagbag.py:541} INFO - Filling up the DagBag from /mnt/kali/DataHunt/venv/lib/python3.11/site-packages/airflow/example_dags/example_subdag_operator.py
[2023-08-15T21:55:47.749+0300] {processor.py:836} INFO - DAG(s) dict_keys(['example_subdag_operator.section-1', 'example_subdag_operator.section-2', 'example_subdag_operator']) retrieved from /mnt/kali/DataHunt/venv/lib/python3.11/site-packages/airflow/example_dags/example_subdag_operator.py
[2023-08-15T21:55:47.806+0300] {logging_mixin.py:150} INFO - [2023-08-15T21:55:47.805+0300] {dag.py:2742} INFO - Sync 3 DAGs
[2023-08-15T21:55:47.941+0300] {logging_mixin.py:150} INFO - [2023-08-15T21:55:47.940+0300] {dag.py:3504} INFO - Setting next_dagrun for example_subdag_operator to 2022-01-01T00:00:00+00:00, run_after=2022-01-01T00:00:00+00:00
[2023-08-15T21:55:47.967+0300] {logging_mixin.py:150} INFO - [2023-08-15T21:55:47.967+0300] {dag.py:3504} INFO - Setting next_dagrun for example_subdag_operator.section-1 to None, run_after=None
[2023-08-15T21:55:47.975+0300] {logging_mixin.py:150} INFO - [2023-08-15T21:55:47.975+0300] {dag.py:3504} INFO - Setting next_dagrun for example_subdag_operator.section-2 to None, run_after=None
[2023-08-15T21:55:48.028+0300] {logging_mixin.py:150} INFO - [2023-08-15T21:55:48.027+0300] {dag.py:2742} INFO - Sync 2 DAGs
[2023-08-15T21:55:48.055+0300] {logging_mixin.py:150} INFO - [2023-08-15T21:55:48.055+0300] {dag.py:3504} INFO - Setting next_dagrun for example_subdag_operator.section-1 to None, run_after=None
[2023-08-15T21:55:48.056+0300] {logging_mixin.py:150} INFO - [2023-08-15T21:55:48.056+0300] {dag.py:3504} INFO - Setting next_dagrun for example_subdag_operator.section-2 to None, run_after=None
[2023-08-15T21:55:48.155+0300] {processor.py:179} INFO - Processing /mnt/kali/DataHunt/venv/lib/python3.11/site-packages/airflow/example_dags/example_subdag_operator.py took 0.605 seconds
[2023-08-15T21:56:18.748+0300] {processor.py:157} INFO - Started process (PID=241617) to work on /mnt/kali/DataHunt/venv/lib/python3.11/site-packages/airflow/example_dags/example_subdag_operator.py
[2023-08-15T21:56:18.775+0300] {processor.py:826} INFO - Processing file /mnt/kali/DataHunt/venv/lib/python3.11/site-packages/airflow/example_dags/example_subdag_operator.py for tasks to queue
[2023-08-15T21:56:18.778+0300] {logging_mixin.py:150} INFO - [2023-08-15T21:56:18.777+0300] {dagbag.py:541} INFO - Filling up the DagBag from /mnt/kali/DataHunt/venv/lib/python3.11/site-packages/airflow/example_dags/example_subdag_operator.py
[2023-08-15T21:56:18.935+0300] {processor.py:836} INFO - DAG(s) dict_keys(['example_subdag_operator.section-1', 'example_subdag_operator.section-2', 'example_subdag_operator']) retrieved from /mnt/kali/DataHunt/venv/lib/python3.11/site-packages/airflow/example_dags/example_subdag_operator.py
[2023-08-15T21:56:19.004+0300] {logging_mixin.py:150} INFO - [2023-08-15T21:56:19.004+0300] {dag.py:2742} INFO - Sync 3 DAGs
[2023-08-15T21:56:19.104+0300] {logging_mixin.py:150} INFO - [2023-08-15T21:56:19.103+0300] {dag.py:3504} INFO - Setting next_dagrun for example_subdag_operator to 2022-01-01T00:00:00+00:00, run_after=2022-01-01T00:00:00+00:00
[2023-08-15T21:56:19.117+0300] {logging_mixin.py:150} INFO - [2023-08-15T21:56:19.116+0300] {dag.py:3504} INFO - Setting next_dagrun for example_subdag_operator.section-1 to None, run_after=None
[2023-08-15T21:56:19.120+0300] {logging_mixin.py:150} INFO - [2023-08-15T21:56:19.120+0300] {dag.py:3504} INFO - Setting next_dagrun for example_subdag_operator.section-2 to None, run_after=None
[2023-08-15T21:56:19.142+0300] {logging_mixin.py:150} INFO - [2023-08-15T21:56:19.142+0300] {dag.py:2742} INFO - Sync 2 DAGs
[2023-08-15T21:56:19.159+0300] {logging_mixin.py:150} INFO - [2023-08-15T21:56:19.159+0300] {dag.py:3504} INFO - Setting next_dagrun for example_subdag_operator.section-1 to None, run_after=None
[2023-08-15T21:56:19.160+0300] {logging_mixin.py:150} INFO - [2023-08-15T21:56:19.160+0300] {dag.py:3504} INFO - Setting next_dagrun for example_subdag_operator.section-2 to None, run_after=None
[2023-08-15T21:56:19.277+0300] {processor.py:179} INFO - Processing /mnt/kali/DataHunt/venv/lib/python3.11/site-packages/airflow/example_dags/example_subdag_operator.py took 0.547 seconds
[2023-08-15T21:56:49.775+0300] {processor.py:157} INFO - Started process (PID=242231) to work on /mnt/kali/DataHunt/venv/lib/python3.11/site-packages/airflow/example_dags/example_subdag_operator.py
[2023-08-15T21:56:49.796+0300] {processor.py:826} INFO - Processing file /mnt/kali/DataHunt/venv/lib/python3.11/site-packages/airflow/example_dags/example_subdag_operator.py for tasks to queue
[2023-08-15T21:56:49.799+0300] {logging_mixin.py:150} INFO - [2023-08-15T21:56:49.797+0300] {dagbag.py:541} INFO - Filling up the DagBag from /mnt/kali/DataHunt/venv/lib/python3.11/site-packages/airflow/example_dags/example_subdag_operator.py
[2023-08-15T21:56:49.916+0300] {processor.py:836} INFO - DAG(s) dict_keys(['example_subdag_operator.section-1', 'example_subdag_operator.section-2', 'example_subdag_operator']) retrieved from /mnt/kali/DataHunt/venv/lib/python3.11/site-packages/airflow/example_dags/example_subdag_operator.py
[2023-08-15T21:56:49.990+0300] {logging_mixin.py:150} INFO - [2023-08-15T21:56:49.989+0300] {dag.py:2742} INFO - Sync 3 DAGs
[2023-08-15T21:56:50.089+0300] {logging_mixin.py:150} INFO - [2023-08-15T21:56:50.088+0300] {dag.py:3504} INFO - Setting next_dagrun for example_subdag_operator to 2022-01-01T00:00:00+00:00, run_after=2022-01-01T00:00:00+00:00
[2023-08-15T21:56:50.103+0300] {logging_mixin.py:150} INFO - [2023-08-15T21:56:50.102+0300] {dag.py:3504} INFO - Setting next_dagrun for example_subdag_operator.section-1 to None, run_after=None
[2023-08-15T21:56:50.108+0300] {logging_mixin.py:150} INFO - [2023-08-15T21:56:50.108+0300] {dag.py:3504} INFO - Setting next_dagrun for example_subdag_operator.section-2 to None, run_after=None
[2023-08-15T21:56:50.147+0300] {logging_mixin.py:150} INFO - [2023-08-15T21:56:50.146+0300] {dag.py:2742} INFO - Sync 2 DAGs
[2023-08-15T21:56:50.173+0300] {logging_mixin.py:150} INFO - [2023-08-15T21:56:50.172+0300] {dag.py:3504} INFO - Setting next_dagrun for example_subdag_operator.section-1 to None, run_after=None
[2023-08-15T21:56:50.174+0300] {logging_mixin.py:150} INFO - [2023-08-15T21:56:50.174+0300] {dag.py:3504} INFO - Setting next_dagrun for example_subdag_operator.section-2 to None, run_after=None
[2023-08-15T21:56:50.219+0300] {processor.py:179} INFO - Processing /mnt/kali/DataHunt/venv/lib/python3.11/site-packages/airflow/example_dags/example_subdag_operator.py took 0.456 seconds
[2023-08-15T21:57:20.329+0300] {processor.py:157} INFO - Started process (PID=242699) to work on /mnt/kali/DataHunt/venv/lib/python3.11/site-packages/airflow/example_dags/example_subdag_operator.py
[2023-08-15T21:57:20.360+0300] {processor.py:826} INFO - Processing file /mnt/kali/DataHunt/venv/lib/python3.11/site-packages/airflow/example_dags/example_subdag_operator.py for tasks to queue
[2023-08-15T21:57:20.363+0300] {logging_mixin.py:150} INFO - [2023-08-15T21:57:20.362+0300] {dagbag.py:541} INFO - Filling up the DagBag from /mnt/kali/DataHunt/venv/lib/python3.11/site-packages/airflow/example_dags/example_subdag_operator.py
[2023-08-15T21:57:20.510+0300] {processor.py:836} INFO - DAG(s) dict_keys(['example_subdag_operator.section-1', 'example_subdag_operator.section-2', 'example_subdag_operator']) retrieved from /mnt/kali/DataHunt/venv/lib/python3.11/site-packages/airflow/example_dags/example_subdag_operator.py
[2023-08-15T21:57:20.563+0300] {logging_mixin.py:150} INFO - [2023-08-15T21:57:20.562+0300] {dag.py:2742} INFO - Sync 3 DAGs
[2023-08-15T21:57:20.651+0300] {logging_mixin.py:150} INFO - [2023-08-15T21:57:20.651+0300] {dag.py:3504} INFO - Setting next_dagrun for example_subdag_operator to 2022-01-01T00:00:00+00:00, run_after=2022-01-01T00:00:00+00:00
[2023-08-15T21:57:20.665+0300] {logging_mixin.py:150} INFO - [2023-08-15T21:57:20.664+0300] {dag.py:3504} INFO - Setting next_dagrun for example_subdag_operator.section-1 to None, run_after=None
[2023-08-15T21:57:20.669+0300] {logging_mixin.py:150} INFO - [2023-08-15T21:57:20.669+0300] {dag.py:3504} INFO - Setting next_dagrun for example_subdag_operator.section-2 to None, run_after=None
[2023-08-15T21:57:20.699+0300] {logging_mixin.py:150} INFO - [2023-08-15T21:57:20.698+0300] {dag.py:2742} INFO - Sync 2 DAGs
[2023-08-15T21:57:20.724+0300] {logging_mixin.py:150} INFO - [2023-08-15T21:57:20.723+0300] {dag.py:3504} INFO - Setting next_dagrun for example_subdag_operator.section-1 to None, run_after=None
[2023-08-15T21:57:20.725+0300] {logging_mixin.py:150} INFO - [2023-08-15T21:57:20.725+0300] {dag.py:3504} INFO - Setting next_dagrun for example_subdag_operator.section-2 to None, run_after=None
[2023-08-15T21:57:20.828+0300] {processor.py:179} INFO - Processing /mnt/kali/DataHunt/venv/lib/python3.11/site-packages/airflow/example_dags/example_subdag_operator.py took 0.513 seconds
[2023-08-15T21:57:50.918+0300] {processor.py:157} INFO - Started process (PID=243123) to work on /mnt/kali/DataHunt/venv/lib/python3.11/site-packages/airflow/example_dags/example_subdag_operator.py
[2023-08-15T21:57:50.919+0300] {processor.py:826} INFO - Processing file /mnt/kali/DataHunt/venv/lib/python3.11/site-packages/airflow/example_dags/example_subdag_operator.py for tasks to queue
[2023-08-15T21:57:50.922+0300] {logging_mixin.py:150} INFO - [2023-08-15T21:57:50.921+0300] {dagbag.py:541} INFO - Filling up the DagBag from /mnt/kali/DataHunt/venv/lib/python3.11/site-packages/airflow/example_dags/example_subdag_operator.py
[2023-08-15T21:57:51.023+0300] {processor.py:836} INFO - DAG(s) dict_keys(['example_subdag_operator.section-1', 'example_subdag_operator.section-2', 'example_subdag_operator']) retrieved from /mnt/kali/DataHunt/venv/lib/python3.11/site-packages/airflow/example_dags/example_subdag_operator.py
[2023-08-15T21:57:51.109+0300] {logging_mixin.py:150} INFO - [2023-08-15T21:57:51.108+0300] {dag.py:2742} INFO - Sync 3 DAGs
[2023-08-15T21:57:51.195+0300] {logging_mixin.py:150} INFO - [2023-08-15T21:57:51.195+0300] {dag.py:3504} INFO - Setting next_dagrun for example_subdag_operator to 2022-01-01T00:00:00+00:00, run_after=2022-01-01T00:00:00+00:00
[2023-08-15T21:57:51.203+0300] {logging_mixin.py:150} INFO - [2023-08-15T21:57:51.202+0300] {dag.py:3504} INFO - Setting next_dagrun for example_subdag_operator.section-1 to None, run_after=None
[2023-08-15T21:57:51.205+0300] {logging_mixin.py:150} INFO - [2023-08-15T21:57:51.205+0300] {dag.py:3504} INFO - Setting next_dagrun for example_subdag_operator.section-2 to None, run_after=None
[2023-08-15T21:57:51.223+0300] {logging_mixin.py:150} INFO - [2023-08-15T21:57:51.223+0300] {dag.py:2742} INFO - Sync 2 DAGs
[2023-08-15T21:57:51.237+0300] {logging_mixin.py:150} INFO - [2023-08-15T21:57:51.237+0300] {dag.py:3504} INFO - Setting next_dagrun for example_subdag_operator.section-1 to None, run_after=None
[2023-08-15T21:57:51.238+0300] {logging_mixin.py:150} INFO - [2023-08-15T21:57:51.238+0300] {dag.py:3504} INFO - Setting next_dagrun for example_subdag_operator.section-2 to None, run_after=None
[2023-08-15T21:57:51.277+0300] {processor.py:179} INFO - Processing /mnt/kali/DataHunt/venv/lib/python3.11/site-packages/airflow/example_dags/example_subdag_operator.py took 0.370 seconds
