[2023-08-15T21:26:27.354+0300] {processor.py:157} INFO - Started process (PID=215060) to work on /mnt/kali/DataHunt/venv/lib/python3.11/site-packages/airflow/example_dags/example_branch_datetime_operator.py
[2023-08-15T21:26:27.357+0300] {processor.py:826} INFO - Processing file /mnt/kali/DataHunt/venv/lib/python3.11/site-packages/airflow/example_dags/example_branch_datetime_operator.py for tasks to queue
[2023-08-15T21:26:27.369+0300] {logging_mixin.py:150} INFO - [2023-08-15T21:26:27.367+0300] {dagbag.py:541} INFO - Filling up the DagBag from /mnt/kali/DataHunt/venv/lib/python3.11/site-packages/airflow/example_dags/example_branch_datetime_operator.py
[2023-08-15T21:26:27.512+0300] {processor.py:836} INFO - DAG(s) dict_keys(['example_branch_datetime_operator_2', 'example_branch_datetime_operator_3', 'example_branch_datetime_operator']) retrieved from /mnt/kali/DataHunt/venv/lib/python3.11/site-packages/airflow/example_dags/example_branch_datetime_operator.py
[2023-08-15T21:26:29.431+0300] {logging_mixin.py:150} INFO - [2023-08-15T21:26:29.429+0300] {manager.py:504} INFO - Created Permission View: can edit on DAG:example_branch_datetime_operator_2
[2023-08-15T21:26:30.138+0300] {logging_mixin.py:150} INFO - [2023-08-15T21:26:30.137+0300] {manager.py:504} INFO - Created Permission View: can delete on DAG:example_branch_datetime_operator_2
[2023-08-15T21:26:31.030+0300] {logging_mixin.py:150} INFO - [2023-08-15T21:26:31.030+0300] {manager.py:504} INFO - Created Permission View: can read on DAG:example_branch_datetime_operator_2
[2023-08-15T21:26:32.056+0300] {logging_mixin.py:150} INFO - [2023-08-15T21:26:32.056+0300] {manager.py:504} INFO - Created Permission View: can edit on DAG:example_branch_datetime_operator_3
[2023-08-15T21:26:32.524+0300] {logging_mixin.py:150} INFO - [2023-08-15T21:26:32.524+0300] {manager.py:504} INFO - Created Permission View: can delete on DAG:example_branch_datetime_operator_3
[2023-08-15T21:26:32.681+0300] {logging_mixin.py:150} INFO - [2023-08-15T21:26:32.680+0300] {manager.py:504} INFO - Created Permission View: can read on DAG:example_branch_datetime_operator_3
[2023-08-15T21:26:33.001+0300] {logging_mixin.py:150} INFO - [2023-08-15T21:26:33.000+0300] {manager.py:504} INFO - Created Permission View: can edit on DAG:example_branch_datetime_operator
[2023-08-15T21:26:33.170+0300] {logging_mixin.py:150} INFO - [2023-08-15T21:26:33.169+0300] {manager.py:504} INFO - Created Permission View: can delete on DAG:example_branch_datetime_operator
[2023-08-15T21:26:33.290+0300] {logging_mixin.py:150} INFO - [2023-08-15T21:26:33.289+0300] {manager.py:504} INFO - Created Permission View: can read on DAG:example_branch_datetime_operator
[2023-08-15T21:26:33.308+0300] {logging_mixin.py:150} INFO - [2023-08-15T21:26:33.307+0300] {dag.py:2742} INFO - Sync 3 DAGs
[2023-08-15T21:26:33.344+0300] {logging_mixin.py:150} INFO - [2023-08-15T21:26:33.343+0300] {dag.py:2763} INFO - Creating ORM DAG for example_branch_datetime_operator
[2023-08-15T21:26:33.346+0300] {logging_mixin.py:150} INFO - [2023-08-15T21:26:33.345+0300] {dag.py:2763} INFO - Creating ORM DAG for example_branch_datetime_operator_2
[2023-08-15T21:26:33.347+0300] {logging_mixin.py:150} INFO - [2023-08-15T21:26:33.347+0300] {dag.py:2763} INFO - Creating ORM DAG for example_branch_datetime_operator_3
[2023-08-15T21:26:33.390+0300] {logging_mixin.py:150} INFO - [2023-08-15T21:26:33.390+0300] {dag.py:3504} INFO - Setting next_dagrun for example_branch_datetime_operator to 2023-08-14T00:00:00+00:00, run_after=2023-08-15T00:00:00+00:00
[2023-08-15T21:26:33.421+0300] {logging_mixin.py:150} INFO - [2023-08-15T21:26:33.420+0300] {dag.py:3504} INFO - Setting next_dagrun for example_branch_datetime_operator_2 to 2023-08-14T00:00:00+00:00, run_after=2023-08-15T00:00:00+00:00
[2023-08-15T21:26:33.440+0300] {logging_mixin.py:150} INFO - [2023-08-15T21:26:33.439+0300] {dag.py:3504} INFO - Setting next_dagrun for example_branch_datetime_operator_3 to 2023-08-14T00:00:00+00:00, run_after=2023-08-15T00:00:00+00:00
[2023-08-15T21:26:33.864+0300] {processor.py:179} INFO - Processing /mnt/kali/DataHunt/venv/lib/python3.11/site-packages/airflow/example_dags/example_branch_datetime_operator.py took 6.540 seconds
[2023-08-15T21:29:45.786+0300] {processor.py:157} INFO - Started process (PID=217566) to work on /mnt/kali/DataHunt/venv/lib/python3.11/site-packages/airflow/example_dags/example_branch_datetime_operator.py
[2023-08-15T21:29:45.794+0300] {processor.py:826} INFO - Processing file /mnt/kali/DataHunt/venv/lib/python3.11/site-packages/airflow/example_dags/example_branch_datetime_operator.py for tasks to queue
[2023-08-15T21:29:45.802+0300] {logging_mixin.py:150} INFO - [2023-08-15T21:29:45.796+0300] {dagbag.py:541} INFO - Filling up the DagBag from /mnt/kali/DataHunt/venv/lib/python3.11/site-packages/airflow/example_dags/example_branch_datetime_operator.py
[2023-08-15T21:29:45.849+0300] {processor.py:836} INFO - DAG(s) dict_keys(['example_branch_datetime_operator', 'example_branch_datetime_operator_3', 'example_branch_datetime_operator_2']) retrieved from /mnt/kali/DataHunt/venv/lib/python3.11/site-packages/airflow/example_dags/example_branch_datetime_operator.py
[2023-08-15T21:29:46.129+0300] {logging_mixin.py:150} INFO - [2023-08-15T21:29:46.129+0300] {dag.py:2742} INFO - Sync 3 DAGs
[2023-08-15T21:29:46.377+0300] {logging_mixin.py:150} INFO - [2023-08-15T21:29:46.377+0300] {dag.py:3504} INFO - Setting next_dagrun for example_branch_datetime_operator to 2023-08-14T00:00:00+00:00, run_after=2023-08-15T00:00:00+00:00
[2023-08-15T21:29:46.434+0300] {logging_mixin.py:150} INFO - [2023-08-15T21:29:46.434+0300] {dag.py:3504} INFO - Setting next_dagrun for example_branch_datetime_operator_2 to 2023-08-14T00:00:00+00:00, run_after=2023-08-15T00:00:00+00:00
[2023-08-15T21:29:46.456+0300] {logging_mixin.py:150} INFO - [2023-08-15T21:29:46.456+0300] {dag.py:3504} INFO - Setting next_dagrun for example_branch_datetime_operator_3 to 2023-08-14T00:00:00+00:00, run_after=2023-08-15T00:00:00+00:00
[2023-08-15T21:29:46.763+0300] {processor.py:179} INFO - Processing /mnt/kali/DataHunt/venv/lib/python3.11/site-packages/airflow/example_dags/example_branch_datetime_operator.py took 0.988 seconds
[2023-08-15T21:47:43.325+0300] {processor.py:157} INFO - Started process (PID=233851) to work on /mnt/kali/DataHunt/venv/lib/python3.11/site-packages/airflow/example_dags/example_branch_datetime_operator.py
[2023-08-15T21:47:43.328+0300] {processor.py:826} INFO - Processing file /mnt/kali/DataHunt/venv/lib/python3.11/site-packages/airflow/example_dags/example_branch_datetime_operator.py for tasks to queue
[2023-08-15T21:47:43.330+0300] {logging_mixin.py:150} INFO - [2023-08-15T21:47:43.329+0300] {dagbag.py:541} INFO - Filling up the DagBag from /mnt/kali/DataHunt/venv/lib/python3.11/site-packages/airflow/example_dags/example_branch_datetime_operator.py
[2023-08-15T21:47:43.356+0300] {processor.py:836} INFO - DAG(s) dict_keys(['example_branch_datetime_operator_3', 'example_branch_datetime_operator_2', 'example_branch_datetime_operator']) retrieved from /mnt/kali/DataHunt/venv/lib/python3.11/site-packages/airflow/example_dags/example_branch_datetime_operator.py
[2023-08-15T21:47:43.748+0300] {logging_mixin.py:150} INFO - [2023-08-15T21:47:43.747+0300] {manager.py:504} INFO - Created Permission View: can read on DAG:example_branch_datetime_operator_3
[2023-08-15T21:47:43.796+0300] {logging_mixin.py:150} INFO - [2023-08-15T21:47:43.795+0300] {manager.py:504} INFO - Created Permission View: can delete on DAG:example_branch_datetime_operator_3
[2023-08-15T21:47:43.874+0300] {logging_mixin.py:150} INFO - [2023-08-15T21:47:43.874+0300] {manager.py:504} INFO - Created Permission View: can edit on DAG:example_branch_datetime_operator_3
[2023-08-15T21:47:44.007+0300] {logging_mixin.py:150} INFO - [2023-08-15T21:47:44.007+0300] {manager.py:504} INFO - Created Permission View: can read on DAG:example_branch_datetime_operator_2
[2023-08-15T21:47:44.089+0300] {logging_mixin.py:150} INFO - [2023-08-15T21:47:44.088+0300] {manager.py:504} INFO - Created Permission View: can delete on DAG:example_branch_datetime_operator_2
[2023-08-15T21:47:44.159+0300] {logging_mixin.py:150} INFO - [2023-08-15T21:47:44.158+0300] {manager.py:504} INFO - Created Permission View: can edit on DAG:example_branch_datetime_operator_2
[2023-08-15T21:47:44.330+0300] {logging_mixin.py:150} INFO - [2023-08-15T21:47:44.329+0300] {manager.py:504} INFO - Created Permission View: can read on DAG:example_branch_datetime_operator
[2023-08-15T21:47:44.429+0300] {logging_mixin.py:150} INFO - [2023-08-15T21:47:44.429+0300] {manager.py:504} INFO - Created Permission View: can delete on DAG:example_branch_datetime_operator
[2023-08-15T21:47:44.508+0300] {logging_mixin.py:150} INFO - [2023-08-15T21:47:44.508+0300] {manager.py:504} INFO - Created Permission View: can edit on DAG:example_branch_datetime_operator
[2023-08-15T21:47:44.560+0300] {logging_mixin.py:150} INFO - [2023-08-15T21:47:44.559+0300] {dag.py:2742} INFO - Sync 3 DAGs
[2023-08-15T21:47:44.644+0300] {logging_mixin.py:150} INFO - [2023-08-15T21:47:44.644+0300] {dag.py:2763} INFO - Creating ORM DAG for example_branch_datetime_operator_3
[2023-08-15T21:47:44.647+0300] {logging_mixin.py:150} INFO - [2023-08-15T21:47:44.646+0300] {dag.py:2763} INFO - Creating ORM DAG for example_branch_datetime_operator
[2023-08-15T21:47:44.649+0300] {logging_mixin.py:150} INFO - [2023-08-15T21:47:44.648+0300] {dag.py:2763} INFO - Creating ORM DAG for example_branch_datetime_operator_2
[2023-08-15T21:47:44.706+0300] {logging_mixin.py:150} INFO - [2023-08-15T21:47:44.705+0300] {dag.py:3504} INFO - Setting next_dagrun for example_branch_datetime_operator to 2023-08-14T00:00:00+00:00, run_after=2023-08-15T00:00:00+00:00
[2023-08-15T21:47:44.717+0300] {logging_mixin.py:150} INFO - [2023-08-15T21:47:44.716+0300] {dag.py:3504} INFO - Setting next_dagrun for example_branch_datetime_operator_2 to 2023-08-14T00:00:00+00:00, run_after=2023-08-15T00:00:00+00:00
[2023-08-15T21:47:44.736+0300] {logging_mixin.py:150} INFO - [2023-08-15T21:47:44.735+0300] {dag.py:3504} INFO - Setting next_dagrun for example_branch_datetime_operator_3 to 2023-08-14T00:00:00+00:00, run_after=2023-08-15T00:00:00+00:00
[2023-08-15T21:47:44.871+0300] {processor.py:179} INFO - Processing /mnt/kali/DataHunt/venv/lib/python3.11/site-packages/airflow/example_dags/example_branch_datetime_operator.py took 1.557 seconds
[2023-08-15T21:48:15.277+0300] {processor.py:157} INFO - Started process (PID=234249) to work on /mnt/kali/DataHunt/venv/lib/python3.11/site-packages/airflow/example_dags/example_branch_datetime_operator.py
[2023-08-15T21:48:15.296+0300] {processor.py:826} INFO - Processing file /mnt/kali/DataHunt/venv/lib/python3.11/site-packages/airflow/example_dags/example_branch_datetime_operator.py for tasks to queue
[2023-08-15T21:48:15.299+0300] {logging_mixin.py:150} INFO - [2023-08-15T21:48:15.298+0300] {dagbag.py:541} INFO - Filling up the DagBag from /mnt/kali/DataHunt/venv/lib/python3.11/site-packages/airflow/example_dags/example_branch_datetime_operator.py
[2023-08-15T21:48:15.413+0300] {processor.py:836} INFO - DAG(s) dict_keys(['example_branch_datetime_operator_3', 'example_branch_datetime_operator_2', 'example_branch_datetime_operator']) retrieved from /mnt/kali/DataHunt/venv/lib/python3.11/site-packages/airflow/example_dags/example_branch_datetime_operator.py
[2023-08-15T21:48:15.575+0300] {logging_mixin.py:150} INFO - [2023-08-15T21:48:15.574+0300] {dag.py:2742} INFO - Sync 3 DAGs
[2023-08-15T21:48:15.732+0300] {logging_mixin.py:150} INFO - [2023-08-15T21:48:15.727+0300] {dag.py:3504} INFO - Setting next_dagrun for example_branch_datetime_operator to 2023-08-14T00:00:00+00:00, run_after=2023-08-15T00:00:00+00:00
[2023-08-15T21:48:15.772+0300] {logging_mixin.py:150} INFO - [2023-08-15T21:48:15.771+0300] {dag.py:3504} INFO - Setting next_dagrun for example_branch_datetime_operator_2 to 2023-08-14T00:00:00+00:00, run_after=2023-08-15T00:00:00+00:00
[2023-08-15T21:48:15.812+0300] {logging_mixin.py:150} INFO - [2023-08-15T21:48:15.811+0300] {dag.py:3504} INFO - Setting next_dagrun for example_branch_datetime_operator_3 to 2023-08-14T00:00:00+00:00, run_after=2023-08-15T00:00:00+00:00
[2023-08-15T21:48:16.021+0300] {processor.py:179} INFO - Processing /mnt/kali/DataHunt/venv/lib/python3.11/site-packages/airflow/example_dags/example_branch_datetime_operator.py took 0.776 seconds
[2023-08-15T21:48:46.127+0300] {processor.py:157} INFO - Started process (PID=234877) to work on /mnt/kali/DataHunt/venv/lib/python3.11/site-packages/airflow/example_dags/example_branch_datetime_operator.py
[2023-08-15T21:48:46.155+0300] {processor.py:826} INFO - Processing file /mnt/kali/DataHunt/venv/lib/python3.11/site-packages/airflow/example_dags/example_branch_datetime_operator.py for tasks to queue
[2023-08-15T21:48:46.157+0300] {logging_mixin.py:150} INFO - [2023-08-15T21:48:46.156+0300] {dagbag.py:541} INFO - Filling up the DagBag from /mnt/kali/DataHunt/venv/lib/python3.11/site-packages/airflow/example_dags/example_branch_datetime_operator.py
[2023-08-15T21:48:46.186+0300] {processor.py:836} INFO - DAG(s) dict_keys(['example_branch_datetime_operator_2', 'example_branch_datetime_operator', 'example_branch_datetime_operator_3']) retrieved from /mnt/kali/DataHunt/venv/lib/python3.11/site-packages/airflow/example_dags/example_branch_datetime_operator.py
[2023-08-15T21:48:46.331+0300] {logging_mixin.py:150} INFO - [2023-08-15T21:48:46.330+0300] {dag.py:2742} INFO - Sync 3 DAGs
[2023-08-15T21:48:46.410+0300] {logging_mixin.py:150} INFO - [2023-08-15T21:48:46.410+0300] {dag.py:3504} INFO - Setting next_dagrun for example_branch_datetime_operator to 2023-08-14T00:00:00+00:00, run_after=2023-08-15T00:00:00+00:00
[2023-08-15T21:48:46.425+0300] {logging_mixin.py:150} INFO - [2023-08-15T21:48:46.425+0300] {dag.py:3504} INFO - Setting next_dagrun for example_branch_datetime_operator_2 to 2023-08-14T00:00:00+00:00, run_after=2023-08-15T00:00:00+00:00
[2023-08-15T21:48:46.434+0300] {logging_mixin.py:150} INFO - [2023-08-15T21:48:46.433+0300] {dag.py:3504} INFO - Setting next_dagrun for example_branch_datetime_operator_3 to 2023-08-14T00:00:00+00:00, run_after=2023-08-15T00:00:00+00:00
[2023-08-15T21:48:46.497+0300] {processor.py:179} INFO - Processing /mnt/kali/DataHunt/venv/lib/python3.11/site-packages/airflow/example_dags/example_branch_datetime_operator.py took 0.381 seconds
[2023-08-15T21:49:25.315+0300] {processor.py:157} INFO - Started process (PID=235516) to work on /mnt/kali/DataHunt/venv/lib/python3.11/site-packages/airflow/example_dags/example_branch_datetime_operator.py
[2023-08-15T21:49:25.335+0300] {processor.py:826} INFO - Processing file /mnt/kali/DataHunt/venv/lib/python3.11/site-packages/airflow/example_dags/example_branch_datetime_operator.py for tasks to queue
[2023-08-15T21:49:25.337+0300] {logging_mixin.py:150} INFO - [2023-08-15T21:49:25.336+0300] {dagbag.py:541} INFO - Filling up the DagBag from /mnt/kali/DataHunt/venv/lib/python3.11/site-packages/airflow/example_dags/example_branch_datetime_operator.py
[2023-08-15T21:49:25.365+0300] {processor.py:836} INFO - DAG(s) dict_keys(['example_branch_datetime_operator_3', 'example_branch_datetime_operator', 'example_branch_datetime_operator_2']) retrieved from /mnt/kali/DataHunt/venv/lib/python3.11/site-packages/airflow/example_dags/example_branch_datetime_operator.py
[2023-08-15T21:49:25.930+0300] {logging_mixin.py:150} INFO - [2023-08-15T21:49:25.929+0300] {dag.py:2742} INFO - Sync 3 DAGs
[2023-08-15T21:49:26.043+0300] {logging_mixin.py:150} INFO - [2023-08-15T21:49:26.042+0300] {dag.py:3504} INFO - Setting next_dagrun for example_branch_datetime_operator to 2023-08-14T00:00:00+00:00, run_after=2023-08-15T00:00:00+00:00
[2023-08-15T21:49:26.068+0300] {logging_mixin.py:150} INFO - [2023-08-15T21:49:26.067+0300] {dag.py:3504} INFO - Setting next_dagrun for example_branch_datetime_operator_2 to 2023-08-14T00:00:00+00:00, run_after=2023-08-15T00:00:00+00:00
[2023-08-15T21:49:26.078+0300] {logging_mixin.py:150} INFO - [2023-08-15T21:49:26.077+0300] {dag.py:3504} INFO - Setting next_dagrun for example_branch_datetime_operator_3 to 2023-08-14T00:00:00+00:00, run_after=2023-08-15T00:00:00+00:00
[2023-08-15T21:49:26.198+0300] {processor.py:179} INFO - Processing /mnt/kali/DataHunt/venv/lib/python3.11/site-packages/airflow/example_dags/example_branch_datetime_operator.py took 0.894 seconds
[2023-08-15T21:49:57.618+0300] {processor.py:157} INFO - Started process (PID=235893) to work on /mnt/kali/DataHunt/venv/lib/python3.11/site-packages/airflow/example_dags/example_branch_datetime_operator.py
[2023-08-15T21:49:57.620+0300] {processor.py:826} INFO - Processing file /mnt/kali/DataHunt/venv/lib/python3.11/site-packages/airflow/example_dags/example_branch_datetime_operator.py for tasks to queue
[2023-08-15T21:49:57.622+0300] {logging_mixin.py:150} INFO - [2023-08-15T21:49:57.621+0300] {dagbag.py:541} INFO - Filling up the DagBag from /mnt/kali/DataHunt/venv/lib/python3.11/site-packages/airflow/example_dags/example_branch_datetime_operator.py
[2023-08-15T21:49:57.643+0300] {processor.py:836} INFO - DAG(s) dict_keys(['example_branch_datetime_operator_2', 'example_branch_datetime_operator_3', 'example_branch_datetime_operator']) retrieved from /mnt/kali/DataHunt/venv/lib/python3.11/site-packages/airflow/example_dags/example_branch_datetime_operator.py
[2023-08-15T21:49:57.730+0300] {logging_mixin.py:150} INFO - [2023-08-15T21:49:57.729+0300] {dag.py:2742} INFO - Sync 3 DAGs
[2023-08-15T21:49:57.790+0300] {logging_mixin.py:150} INFO - [2023-08-15T21:49:57.790+0300] {dag.py:3504} INFO - Setting next_dagrun for example_branch_datetime_operator to 2023-08-14T00:00:00+00:00, run_after=2023-08-15T00:00:00+00:00
[2023-08-15T21:49:57.800+0300] {logging_mixin.py:150} INFO - [2023-08-15T21:49:57.800+0300] {dag.py:3504} INFO - Setting next_dagrun for example_branch_datetime_operator_2 to 2023-08-14T00:00:00+00:00, run_after=2023-08-15T00:00:00+00:00
[2023-08-15T21:49:57.806+0300] {logging_mixin.py:150} INFO - [2023-08-15T21:49:57.805+0300] {dag.py:3504} INFO - Setting next_dagrun for example_branch_datetime_operator_3 to 2023-08-14T00:00:00+00:00, run_after=2023-08-15T00:00:00+00:00
[2023-08-15T21:49:57.844+0300] {processor.py:179} INFO - Processing /mnt/kali/DataHunt/venv/lib/python3.11/site-packages/airflow/example_dags/example_branch_datetime_operator.py took 0.234 seconds
[2023-08-15T21:50:33.488+0300] {processor.py:157} INFO - Started process (PID=236308) to work on /mnt/kali/DataHunt/venv/lib/python3.11/site-packages/airflow/example_dags/example_branch_datetime_operator.py
[2023-08-15T21:50:33.515+0300] {processor.py:826} INFO - Processing file /mnt/kali/DataHunt/venv/lib/python3.11/site-packages/airflow/example_dags/example_branch_datetime_operator.py for tasks to queue
[2023-08-15T21:50:33.531+0300] {logging_mixin.py:150} INFO - [2023-08-15T21:50:33.517+0300] {dagbag.py:541} INFO - Filling up the DagBag from /mnt/kali/DataHunt/venv/lib/python3.11/site-packages/airflow/example_dags/example_branch_datetime_operator.py
[2023-08-15T21:50:33.797+0300] {processor.py:836} INFO - DAG(s) dict_keys(['example_branch_datetime_operator_2', 'example_branch_datetime_operator', 'example_branch_datetime_operator_3']) retrieved from /mnt/kali/DataHunt/venv/lib/python3.11/site-packages/airflow/example_dags/example_branch_datetime_operator.py
[2023-08-15T21:50:34.545+0300] {logging_mixin.py:150} INFO - [2023-08-15T21:50:34.544+0300] {dag.py:2742} INFO - Sync 3 DAGs
[2023-08-15T21:50:35.233+0300] {logging_mixin.py:150} INFO - [2023-08-15T21:50:35.233+0300] {dag.py:3504} INFO - Setting next_dagrun for example_branch_datetime_operator to 2023-08-14T00:00:00+00:00, run_after=2023-08-15T00:00:00+00:00
[2023-08-15T21:50:35.309+0300] {logging_mixin.py:150} INFO - [2023-08-15T21:50:35.308+0300] {dag.py:3504} INFO - Setting next_dagrun for example_branch_datetime_operator_2 to 2023-08-14T00:00:00+00:00, run_after=2023-08-15T00:00:00+00:00
[2023-08-15T21:50:35.344+0300] {logging_mixin.py:150} INFO - [2023-08-15T21:50:35.343+0300] {dag.py:3504} INFO - Setting next_dagrun for example_branch_datetime_operator_3 to 2023-08-14T00:00:00+00:00, run_after=2023-08-15T00:00:00+00:00
[2023-08-15T21:50:35.770+0300] {processor.py:179} INFO - Processing /mnt/kali/DataHunt/venv/lib/python3.11/site-packages/airflow/example_dags/example_branch_datetime_operator.py took 2.397 seconds
[2023-08-15T21:51:06.428+0300] {processor.py:157} INFO - Started process (PID=236765) to work on /mnt/kali/DataHunt/venv/lib/python3.11/site-packages/airflow/example_dags/example_branch_datetime_operator.py
[2023-08-15T21:51:06.442+0300] {processor.py:826} INFO - Processing file /mnt/kali/DataHunt/venv/lib/python3.11/site-packages/airflow/example_dags/example_branch_datetime_operator.py for tasks to queue
[2023-08-15T21:51:06.445+0300] {logging_mixin.py:150} INFO - [2023-08-15T21:51:06.444+0300] {dagbag.py:541} INFO - Filling up the DagBag from /mnt/kali/DataHunt/venv/lib/python3.11/site-packages/airflow/example_dags/example_branch_datetime_operator.py
[2023-08-15T21:51:06.498+0300] {processor.py:836} INFO - DAG(s) dict_keys(['example_branch_datetime_operator_2', 'example_branch_datetime_operator', 'example_branch_datetime_operator_3']) retrieved from /mnt/kali/DataHunt/venv/lib/python3.11/site-packages/airflow/example_dags/example_branch_datetime_operator.py
[2023-08-15T21:51:06.674+0300] {logging_mixin.py:150} INFO - [2023-08-15T21:51:06.674+0300] {dag.py:2742} INFO - Sync 3 DAGs
[2023-08-15T21:51:06.791+0300] {logging_mixin.py:150} INFO - [2023-08-15T21:51:06.791+0300] {dag.py:3504} INFO - Setting next_dagrun for example_branch_datetime_operator to 2023-08-14T00:00:00+00:00, run_after=2023-08-15T00:00:00+00:00
[2023-08-15T21:51:06.813+0300] {logging_mixin.py:150} INFO - [2023-08-15T21:51:06.813+0300] {dag.py:3504} INFO - Setting next_dagrun for example_branch_datetime_operator_2 to 2023-08-14T00:00:00+00:00, run_after=2023-08-15T00:00:00+00:00
[2023-08-15T21:51:06.829+0300] {logging_mixin.py:150} INFO - [2023-08-15T21:51:06.828+0300] {dag.py:3504} INFO - Setting next_dagrun for example_branch_datetime_operator_3 to 2023-08-14T00:00:00+00:00, run_after=2023-08-15T00:00:00+00:00
[2023-08-15T21:51:06.903+0300] {processor.py:179} INFO - Processing /mnt/kali/DataHunt/venv/lib/python3.11/site-packages/airflow/example_dags/example_branch_datetime_operator.py took 0.488 seconds
[2023-08-15T21:51:37.206+0300] {processor.py:157} INFO - Started process (PID=237326) to work on /mnt/kali/DataHunt/venv/lib/python3.11/site-packages/airflow/example_dags/example_branch_datetime_operator.py
[2023-08-15T21:51:37.231+0300] {processor.py:826} INFO - Processing file /mnt/kali/DataHunt/venv/lib/python3.11/site-packages/airflow/example_dags/example_branch_datetime_operator.py for tasks to queue
[2023-08-15T21:51:37.233+0300] {logging_mixin.py:150} INFO - [2023-08-15T21:51:37.232+0300] {dagbag.py:541} INFO - Filling up the DagBag from /mnt/kali/DataHunt/venv/lib/python3.11/site-packages/airflow/example_dags/example_branch_datetime_operator.py
[2023-08-15T21:51:37.261+0300] {processor.py:836} INFO - DAG(s) dict_keys(['example_branch_datetime_operator_2', 'example_branch_datetime_operator', 'example_branch_datetime_operator_3']) retrieved from /mnt/kali/DataHunt/venv/lib/python3.11/site-packages/airflow/example_dags/example_branch_datetime_operator.py
[2023-08-15T21:51:37.392+0300] {logging_mixin.py:150} INFO - [2023-08-15T21:51:37.392+0300] {dag.py:2742} INFO - Sync 3 DAGs
[2023-08-15T21:51:37.456+0300] {logging_mixin.py:150} INFO - [2023-08-15T21:51:37.456+0300] {dag.py:3504} INFO - Setting next_dagrun for example_branch_datetime_operator to 2023-08-14T00:00:00+00:00, run_after=2023-08-15T00:00:00+00:00
[2023-08-15T21:51:37.469+0300] {logging_mixin.py:150} INFO - [2023-08-15T21:51:37.468+0300] {dag.py:3504} INFO - Setting next_dagrun for example_branch_datetime_operator_2 to 2023-08-14T00:00:00+00:00, run_after=2023-08-15T00:00:00+00:00
[2023-08-15T21:51:37.478+0300] {logging_mixin.py:150} INFO - [2023-08-15T21:51:37.478+0300] {dag.py:3504} INFO - Setting next_dagrun for example_branch_datetime_operator_3 to 2023-08-14T00:00:00+00:00, run_after=2023-08-15T00:00:00+00:00
[2023-08-15T21:51:37.530+0300] {processor.py:179} INFO - Processing /mnt/kali/DataHunt/venv/lib/python3.11/site-packages/airflow/example_dags/example_branch_datetime_operator.py took 0.336 seconds
[2023-08-15T21:52:08.141+0300] {processor.py:157} INFO - Started process (PID=237886) to work on /mnt/kali/DataHunt/venv/lib/python3.11/site-packages/airflow/example_dags/example_branch_datetime_operator.py
[2023-08-15T21:52:08.154+0300] {processor.py:826} INFO - Processing file /mnt/kali/DataHunt/venv/lib/python3.11/site-packages/airflow/example_dags/example_branch_datetime_operator.py for tasks to queue
[2023-08-15T21:52:08.156+0300] {logging_mixin.py:150} INFO - [2023-08-15T21:52:08.155+0300] {dagbag.py:541} INFO - Filling up the DagBag from /mnt/kali/DataHunt/venv/lib/python3.11/site-packages/airflow/example_dags/example_branch_datetime_operator.py
[2023-08-15T21:52:08.187+0300] {processor.py:836} INFO - DAG(s) dict_keys(['example_branch_datetime_operator_2', 'example_branch_datetime_operator', 'example_branch_datetime_operator_3']) retrieved from /mnt/kali/DataHunt/venv/lib/python3.11/site-packages/airflow/example_dags/example_branch_datetime_operator.py
[2023-08-15T21:52:08.323+0300] {logging_mixin.py:150} INFO - [2023-08-15T21:52:08.323+0300] {dag.py:2742} INFO - Sync 3 DAGs
[2023-08-15T21:52:08.403+0300] {logging_mixin.py:150} INFO - [2023-08-15T21:52:08.403+0300] {dag.py:3504} INFO - Setting next_dagrun for example_branch_datetime_operator to 2023-08-14T00:00:00+00:00, run_after=2023-08-15T00:00:00+00:00
[2023-08-15T21:52:08.423+0300] {logging_mixin.py:150} INFO - [2023-08-15T21:52:08.423+0300] {dag.py:3504} INFO - Setting next_dagrun for example_branch_datetime_operator_2 to 2023-08-14T00:00:00+00:00, run_after=2023-08-15T00:00:00+00:00
[2023-08-15T21:52:08.434+0300] {logging_mixin.py:150} INFO - [2023-08-15T21:52:08.433+0300] {dag.py:3504} INFO - Setting next_dagrun for example_branch_datetime_operator_3 to 2023-08-14T00:00:00+00:00, run_after=2023-08-15T00:00:00+00:00
[2023-08-15T21:52:08.512+0300] {processor.py:179} INFO - Processing /mnt/kali/DataHunt/venv/lib/python3.11/site-packages/airflow/example_dags/example_branch_datetime_operator.py took 0.382 seconds
[2023-08-15T21:52:38.797+0300] {processor.py:157} INFO - Started process (PID=238275) to work on /mnt/kali/DataHunt/venv/lib/python3.11/site-packages/airflow/example_dags/example_branch_datetime_operator.py
[2023-08-15T21:52:38.799+0300] {processor.py:826} INFO - Processing file /mnt/kali/DataHunt/venv/lib/python3.11/site-packages/airflow/example_dags/example_branch_datetime_operator.py for tasks to queue
[2023-08-15T21:52:38.801+0300] {logging_mixin.py:150} INFO - [2023-08-15T21:52:38.800+0300] {dagbag.py:541} INFO - Filling up the DagBag from /mnt/kali/DataHunt/venv/lib/python3.11/site-packages/airflow/example_dags/example_branch_datetime_operator.py
[2023-08-15T21:52:38.831+0300] {processor.py:836} INFO - DAG(s) dict_keys(['example_branch_datetime_operator', 'example_branch_datetime_operator_2', 'example_branch_datetime_operator_3']) retrieved from /mnt/kali/DataHunt/venv/lib/python3.11/site-packages/airflow/example_dags/example_branch_datetime_operator.py
[2023-08-15T21:52:38.952+0300] {logging_mixin.py:150} INFO - [2023-08-15T21:52:38.951+0300] {dag.py:2742} INFO - Sync 3 DAGs
[2023-08-15T21:52:39.026+0300] {logging_mixin.py:150} INFO - [2023-08-15T21:52:39.026+0300] {dag.py:3504} INFO - Setting next_dagrun for example_branch_datetime_operator to 2023-08-14T00:00:00+00:00, run_after=2023-08-15T00:00:00+00:00
[2023-08-15T21:52:39.040+0300] {logging_mixin.py:150} INFO - [2023-08-15T21:52:39.039+0300] {dag.py:3504} INFO - Setting next_dagrun for example_branch_datetime_operator_2 to 2023-08-14T00:00:00+00:00, run_after=2023-08-15T00:00:00+00:00
[2023-08-15T21:52:39.046+0300] {logging_mixin.py:150} INFO - [2023-08-15T21:52:39.046+0300] {dag.py:3504} INFO - Setting next_dagrun for example_branch_datetime_operator_3 to 2023-08-14T00:00:00+00:00, run_after=2023-08-15T00:00:00+00:00
[2023-08-15T21:52:39.105+0300] {processor.py:179} INFO - Processing /mnt/kali/DataHunt/venv/lib/python3.11/site-packages/airflow/example_dags/example_branch_datetime_operator.py took 0.319 seconds
[2023-08-15T21:53:09.294+0300] {processor.py:157} INFO - Started process (PID=238656) to work on /mnt/kali/DataHunt/venv/lib/python3.11/site-packages/airflow/example_dags/example_branch_datetime_operator.py
[2023-08-15T21:53:09.321+0300] {processor.py:826} INFO - Processing file /mnt/kali/DataHunt/venv/lib/python3.11/site-packages/airflow/example_dags/example_branch_datetime_operator.py for tasks to queue
[2023-08-15T21:53:09.323+0300] {logging_mixin.py:150} INFO - [2023-08-15T21:53:09.322+0300] {dagbag.py:541} INFO - Filling up the DagBag from /mnt/kali/DataHunt/venv/lib/python3.11/site-packages/airflow/example_dags/example_branch_datetime_operator.py
[2023-08-15T21:53:09.349+0300] {processor.py:836} INFO - DAG(s) dict_keys(['example_branch_datetime_operator', 'example_branch_datetime_operator_3', 'example_branch_datetime_operator_2']) retrieved from /mnt/kali/DataHunt/venv/lib/python3.11/site-packages/airflow/example_dags/example_branch_datetime_operator.py
[2023-08-15T21:53:09.472+0300] {logging_mixin.py:150} INFO - [2023-08-15T21:53:09.471+0300] {dag.py:2742} INFO - Sync 3 DAGs
[2023-08-15T21:53:09.552+0300] {logging_mixin.py:150} INFO - [2023-08-15T21:53:09.551+0300] {dag.py:3504} INFO - Setting next_dagrun for example_branch_datetime_operator to 2023-08-14T00:00:00+00:00, run_after=2023-08-15T00:00:00+00:00
[2023-08-15T21:53:09.567+0300] {logging_mixin.py:150} INFO - [2023-08-15T21:53:09.567+0300] {dag.py:3504} INFO - Setting next_dagrun for example_branch_datetime_operator_2 to 2023-08-14T00:00:00+00:00, run_after=2023-08-15T00:00:00+00:00
[2023-08-15T21:53:09.576+0300] {logging_mixin.py:150} INFO - [2023-08-15T21:53:09.576+0300] {dag.py:3504} INFO - Setting next_dagrun for example_branch_datetime_operator_3 to 2023-08-14T00:00:00+00:00, run_after=2023-08-15T00:00:00+00:00
[2023-08-15T21:53:09.643+0300] {processor.py:179} INFO - Processing /mnt/kali/DataHunt/venv/lib/python3.11/site-packages/airflow/example_dags/example_branch_datetime_operator.py took 0.361 seconds
[2023-08-15T21:53:39.895+0300] {processor.py:157} INFO - Started process (PID=239218) to work on /mnt/kali/DataHunt/venv/lib/python3.11/site-packages/airflow/example_dags/example_branch_datetime_operator.py
[2023-08-15T21:53:39.936+0300] {processor.py:826} INFO - Processing file /mnt/kali/DataHunt/venv/lib/python3.11/site-packages/airflow/example_dags/example_branch_datetime_operator.py for tasks to queue
[2023-08-15T21:53:39.940+0300] {logging_mixin.py:150} INFO - [2023-08-15T21:53:39.939+0300] {dagbag.py:541} INFO - Filling up the DagBag from /mnt/kali/DataHunt/venv/lib/python3.11/site-packages/airflow/example_dags/example_branch_datetime_operator.py
[2023-08-15T21:53:40.078+0300] {processor.py:836} INFO - DAG(s) dict_keys(['example_branch_datetime_operator_3', 'example_branch_datetime_operator', 'example_branch_datetime_operator_2']) retrieved from /mnt/kali/DataHunt/venv/lib/python3.11/site-packages/airflow/example_dags/example_branch_datetime_operator.py
[2023-08-15T21:53:40.489+0300] {logging_mixin.py:150} INFO - [2023-08-15T21:53:40.488+0300] {dag.py:2742} INFO - Sync 3 DAGs
[2023-08-15T21:53:40.691+0300] {logging_mixin.py:150} INFO - [2023-08-15T21:53:40.690+0300] {dag.py:3504} INFO - Setting next_dagrun for example_branch_datetime_operator to 2023-08-14T00:00:00+00:00, run_after=2023-08-15T00:00:00+00:00
[2023-08-15T21:53:40.711+0300] {logging_mixin.py:150} INFO - [2023-08-15T21:53:40.711+0300] {dag.py:3504} INFO - Setting next_dagrun for example_branch_datetime_operator_2 to 2023-08-14T00:00:00+00:00, run_after=2023-08-15T00:00:00+00:00
[2023-08-15T21:53:40.726+0300] {logging_mixin.py:150} INFO - [2023-08-15T21:53:40.725+0300] {dag.py:3504} INFO - Setting next_dagrun for example_branch_datetime_operator_3 to 2023-08-14T00:00:00+00:00, run_after=2023-08-15T00:00:00+00:00
[2023-08-15T21:53:40.830+0300] {processor.py:179} INFO - Processing /mnt/kali/DataHunt/venv/lib/python3.11/site-packages/airflow/example_dags/example_branch_datetime_operator.py took 0.975 seconds
[2023-08-15T21:54:11.734+0300] {processor.py:157} INFO - Started process (PID=239841) to work on /mnt/kali/DataHunt/venv/lib/python3.11/site-packages/airflow/example_dags/example_branch_datetime_operator.py
[2023-08-15T21:54:11.736+0300] {processor.py:826} INFO - Processing file /mnt/kali/DataHunt/venv/lib/python3.11/site-packages/airflow/example_dags/example_branch_datetime_operator.py for tasks to queue
[2023-08-15T21:54:11.738+0300] {logging_mixin.py:150} INFO - [2023-08-15T21:54:11.737+0300] {dagbag.py:541} INFO - Filling up the DagBag from /mnt/kali/DataHunt/venv/lib/python3.11/site-packages/airflow/example_dags/example_branch_datetime_operator.py
[2023-08-15T21:54:11.767+0300] {processor.py:836} INFO - DAG(s) dict_keys(['example_branch_datetime_operator_3', 'example_branch_datetime_operator_2', 'example_branch_datetime_operator']) retrieved from /mnt/kali/DataHunt/venv/lib/python3.11/site-packages/airflow/example_dags/example_branch_datetime_operator.py
[2023-08-15T21:54:11.869+0300] {logging_mixin.py:150} INFO - [2023-08-15T21:54:11.869+0300] {dag.py:2742} INFO - Sync 3 DAGs
[2023-08-15T21:54:11.937+0300] {logging_mixin.py:150} INFO - [2023-08-15T21:54:11.937+0300] {dag.py:3504} INFO - Setting next_dagrun for example_branch_datetime_operator to 2023-08-14T00:00:00+00:00, run_after=2023-08-15T00:00:00+00:00
[2023-08-15T21:54:11.950+0300] {logging_mixin.py:150} INFO - [2023-08-15T21:54:11.949+0300] {dag.py:3504} INFO - Setting next_dagrun for example_branch_datetime_operator_2 to 2023-08-14T00:00:00+00:00, run_after=2023-08-15T00:00:00+00:00
[2023-08-15T21:54:11.957+0300] {logging_mixin.py:150} INFO - [2023-08-15T21:54:11.957+0300] {dag.py:3504} INFO - Setting next_dagrun for example_branch_datetime_operator_3 to 2023-08-14T00:00:00+00:00, run_after=2023-08-15T00:00:00+00:00
[2023-08-15T21:54:12.016+0300] {processor.py:179} INFO - Processing /mnt/kali/DataHunt/venv/lib/python3.11/site-packages/airflow/example_dags/example_branch_datetime_operator.py took 0.293 seconds
[2023-08-15T21:54:42.579+0300] {processor.py:157} INFO - Started process (PID=240220) to work on /mnt/kali/DataHunt/venv/lib/python3.11/site-packages/airflow/example_dags/example_branch_datetime_operator.py
[2023-08-15T21:54:42.582+0300] {processor.py:826} INFO - Processing file /mnt/kali/DataHunt/venv/lib/python3.11/site-packages/airflow/example_dags/example_branch_datetime_operator.py for tasks to queue
[2023-08-15T21:54:42.584+0300] {logging_mixin.py:150} INFO - [2023-08-15T21:54:42.583+0300] {dagbag.py:541} INFO - Filling up the DagBag from /mnt/kali/DataHunt/venv/lib/python3.11/site-packages/airflow/example_dags/example_branch_datetime_operator.py
[2023-08-15T21:54:42.679+0300] {processor.py:836} INFO - DAG(s) dict_keys(['example_branch_datetime_operator', 'example_branch_datetime_operator_2', 'example_branch_datetime_operator_3']) retrieved from /mnt/kali/DataHunt/venv/lib/python3.11/site-packages/airflow/example_dags/example_branch_datetime_operator.py
[2023-08-15T21:54:42.973+0300] {logging_mixin.py:150} INFO - [2023-08-15T21:54:42.972+0300] {dag.py:2742} INFO - Sync 3 DAGs
[2023-08-15T21:54:43.128+0300] {logging_mixin.py:150} INFO - [2023-08-15T21:54:43.127+0300] {dag.py:3504} INFO - Setting next_dagrun for example_branch_datetime_operator to 2023-08-14T00:00:00+00:00, run_after=2023-08-15T00:00:00+00:00
[2023-08-15T21:54:43.163+0300] {logging_mixin.py:150} INFO - [2023-08-15T21:54:43.162+0300] {dag.py:3504} INFO - Setting next_dagrun for example_branch_datetime_operator_2 to 2023-08-14T00:00:00+00:00, run_after=2023-08-15T00:00:00+00:00
[2023-08-15T21:54:43.177+0300] {logging_mixin.py:150} INFO - [2023-08-15T21:54:43.177+0300] {dag.py:3504} INFO - Setting next_dagrun for example_branch_datetime_operator_3 to 2023-08-14T00:00:00+00:00, run_after=2023-08-15T00:00:00+00:00
[2023-08-15T21:54:43.411+0300] {processor.py:179} INFO - Processing /mnt/kali/DataHunt/venv/lib/python3.11/site-packages/airflow/example_dags/example_branch_datetime_operator.py took 0.846 seconds
[2023-08-15T21:55:14.348+0300] {processor.py:157} INFO - Started process (PID=240655) to work on /mnt/kali/DataHunt/venv/lib/python3.11/site-packages/airflow/example_dags/example_branch_datetime_operator.py
[2023-08-15T21:55:14.357+0300] {processor.py:826} INFO - Processing file /mnt/kali/DataHunt/venv/lib/python3.11/site-packages/airflow/example_dags/example_branch_datetime_operator.py for tasks to queue
[2023-08-15T21:55:14.359+0300] {logging_mixin.py:150} INFO - [2023-08-15T21:55:14.358+0300] {dagbag.py:541} INFO - Filling up the DagBag from /mnt/kali/DataHunt/venv/lib/python3.11/site-packages/airflow/example_dags/example_branch_datetime_operator.py
[2023-08-15T21:55:14.404+0300] {processor.py:836} INFO - DAG(s) dict_keys(['example_branch_datetime_operator_3', 'example_branch_datetime_operator', 'example_branch_datetime_operator_2']) retrieved from /mnt/kali/DataHunt/venv/lib/python3.11/site-packages/airflow/example_dags/example_branch_datetime_operator.py
[2023-08-15T21:55:14.581+0300] {logging_mixin.py:150} INFO - [2023-08-15T21:55:14.581+0300] {dag.py:2742} INFO - Sync 3 DAGs
[2023-08-15T21:55:14.710+0300] {logging_mixin.py:150} INFO - [2023-08-15T21:55:14.709+0300] {dag.py:3504} INFO - Setting next_dagrun for example_branch_datetime_operator to 2023-08-14T00:00:00+00:00, run_after=2023-08-15T00:00:00+00:00
[2023-08-15T21:55:14.732+0300] {logging_mixin.py:150} INFO - [2023-08-15T21:55:14.732+0300] {dag.py:3504} INFO - Setting next_dagrun for example_branch_datetime_operator_2 to 2023-08-14T00:00:00+00:00, run_after=2023-08-15T00:00:00+00:00
[2023-08-15T21:55:14.745+0300] {logging_mixin.py:150} INFO - [2023-08-15T21:55:14.744+0300] {dag.py:3504} INFO - Setting next_dagrun for example_branch_datetime_operator_3 to 2023-08-14T00:00:00+00:00, run_after=2023-08-15T00:00:00+00:00
[2023-08-15T21:55:14.829+0300] {processor.py:179} INFO - Processing /mnt/kali/DataHunt/venv/lib/python3.11/site-packages/airflow/example_dags/example_branch_datetime_operator.py took 0.496 seconds
[2023-08-15T21:55:45.002+0300] {processor.py:157} INFO - Started process (PID=240983) to work on /mnt/kali/DataHunt/venv/lib/python3.11/site-packages/airflow/example_dags/example_branch_datetime_operator.py
[2023-08-15T21:55:45.005+0300] {processor.py:826} INFO - Processing file /mnt/kali/DataHunt/venv/lib/python3.11/site-packages/airflow/example_dags/example_branch_datetime_operator.py for tasks to queue
[2023-08-15T21:55:45.009+0300] {logging_mixin.py:150} INFO - [2023-08-15T21:55:45.007+0300] {dagbag.py:541} INFO - Filling up the DagBag from /mnt/kali/DataHunt/venv/lib/python3.11/site-packages/airflow/example_dags/example_branch_datetime_operator.py
[2023-08-15T21:55:45.051+0300] {processor.py:836} INFO - DAG(s) dict_keys(['example_branch_datetime_operator', 'example_branch_datetime_operator_3', 'example_branch_datetime_operator_2']) retrieved from /mnt/kali/DataHunt/venv/lib/python3.11/site-packages/airflow/example_dags/example_branch_datetime_operator.py
[2023-08-15T21:55:45.188+0300] {logging_mixin.py:150} INFO - [2023-08-15T21:55:45.187+0300] {dag.py:2742} INFO - Sync 3 DAGs
[2023-08-15T21:55:45.372+0300] {logging_mixin.py:150} INFO - [2023-08-15T21:55:45.371+0300] {dag.py:3504} INFO - Setting next_dagrun for example_branch_datetime_operator to 2023-08-14T00:00:00+00:00, run_after=2023-08-15T00:00:00+00:00
[2023-08-15T21:55:45.393+0300] {logging_mixin.py:150} INFO - [2023-08-15T21:55:45.392+0300] {dag.py:3504} INFO - Setting next_dagrun for example_branch_datetime_operator_2 to 2023-08-14T00:00:00+00:00, run_after=2023-08-15T00:00:00+00:00
[2023-08-15T21:55:45.405+0300] {logging_mixin.py:150} INFO - [2023-08-15T21:55:45.404+0300] {dag.py:3504} INFO - Setting next_dagrun for example_branch_datetime_operator_3 to 2023-08-14T00:00:00+00:00, run_after=2023-08-15T00:00:00+00:00
[2023-08-15T21:55:45.487+0300] {processor.py:179} INFO - Processing /mnt/kali/DataHunt/venv/lib/python3.11/site-packages/airflow/example_dags/example_branch_datetime_operator.py took 0.500 seconds
[2023-08-15T21:56:15.847+0300] {processor.py:157} INFO - Started process (PID=241559) to work on /mnt/kali/DataHunt/venv/lib/python3.11/site-packages/airflow/example_dags/example_branch_datetime_operator.py
[2023-08-15T21:56:15.849+0300] {processor.py:826} INFO - Processing file /mnt/kali/DataHunt/venv/lib/python3.11/site-packages/airflow/example_dags/example_branch_datetime_operator.py for tasks to queue
[2023-08-15T21:56:15.852+0300] {logging_mixin.py:150} INFO - [2023-08-15T21:56:15.851+0300] {dagbag.py:541} INFO - Filling up the DagBag from /mnt/kali/DataHunt/venv/lib/python3.11/site-packages/airflow/example_dags/example_branch_datetime_operator.py
[2023-08-15T21:56:15.903+0300] {processor.py:836} INFO - DAG(s) dict_keys(['example_branch_datetime_operator_3', 'example_branch_datetime_operator_2', 'example_branch_datetime_operator']) retrieved from /mnt/kali/DataHunt/venv/lib/python3.11/site-packages/airflow/example_dags/example_branch_datetime_operator.py
[2023-08-15T21:56:16.044+0300] {logging_mixin.py:150} INFO - [2023-08-15T21:56:16.044+0300] {dag.py:2742} INFO - Sync 3 DAGs
[2023-08-15T21:56:16.131+0300] {logging_mixin.py:150} INFO - [2023-08-15T21:56:16.130+0300] {dag.py:3504} INFO - Setting next_dagrun for example_branch_datetime_operator to 2023-08-14T00:00:00+00:00, run_after=2023-08-15T00:00:00+00:00
[2023-08-15T21:56:16.152+0300] {logging_mixin.py:150} INFO - [2023-08-15T21:56:16.151+0300] {dag.py:3504} INFO - Setting next_dagrun for example_branch_datetime_operator_2 to 2023-08-14T00:00:00+00:00, run_after=2023-08-15T00:00:00+00:00
[2023-08-15T21:56:16.163+0300] {logging_mixin.py:150} INFO - [2023-08-15T21:56:16.162+0300] {dag.py:3504} INFO - Setting next_dagrun for example_branch_datetime_operator_3 to 2023-08-14T00:00:00+00:00, run_after=2023-08-15T00:00:00+00:00
[2023-08-15T21:56:16.223+0300] {processor.py:179} INFO - Processing /mnt/kali/DataHunt/venv/lib/python3.11/site-packages/airflow/example_dags/example_branch_datetime_operator.py took 0.389 seconds
[2023-08-15T21:56:46.333+0300] {processor.py:157} INFO - Started process (PID=242192) to work on /mnt/kali/DataHunt/venv/lib/python3.11/site-packages/airflow/example_dags/example_branch_datetime_operator.py
[2023-08-15T21:56:46.336+0300] {processor.py:826} INFO - Processing file /mnt/kali/DataHunt/venv/lib/python3.11/site-packages/airflow/example_dags/example_branch_datetime_operator.py for tasks to queue
[2023-08-15T21:56:46.339+0300] {logging_mixin.py:150} INFO - [2023-08-15T21:56:46.338+0300] {dagbag.py:541} INFO - Filling up the DagBag from /mnt/kali/DataHunt/venv/lib/python3.11/site-packages/airflow/example_dags/example_branch_datetime_operator.py
[2023-08-15T21:56:46.385+0300] {processor.py:836} INFO - DAG(s) dict_keys(['example_branch_datetime_operator', 'example_branch_datetime_operator_3', 'example_branch_datetime_operator_2']) retrieved from /mnt/kali/DataHunt/venv/lib/python3.11/site-packages/airflow/example_dags/example_branch_datetime_operator.py
[2023-08-15T21:56:46.558+0300] {logging_mixin.py:150} INFO - [2023-08-15T21:56:46.557+0300] {dag.py:2742} INFO - Sync 3 DAGs
[2023-08-15T21:56:46.666+0300] {logging_mixin.py:150} INFO - [2023-08-15T21:56:46.665+0300] {dag.py:3504} INFO - Setting next_dagrun for example_branch_datetime_operator to 2023-08-14T00:00:00+00:00, run_after=2023-08-15T00:00:00+00:00
[2023-08-15T21:56:46.688+0300] {logging_mixin.py:150} INFO - [2023-08-15T21:56:46.688+0300] {dag.py:3504} INFO - Setting next_dagrun for example_branch_datetime_operator_2 to 2023-08-14T00:00:00+00:00, run_after=2023-08-15T00:00:00+00:00
[2023-08-15T21:56:46.703+0300] {logging_mixin.py:150} INFO - [2023-08-15T21:56:46.703+0300] {dag.py:3504} INFO - Setting next_dagrun for example_branch_datetime_operator_3 to 2023-08-14T00:00:00+00:00, run_after=2023-08-15T00:00:00+00:00
[2023-08-15T21:56:46.878+0300] {processor.py:179} INFO - Processing /mnt/kali/DataHunt/venv/lib/python3.11/site-packages/airflow/example_dags/example_branch_datetime_operator.py took 0.560 seconds
[2023-08-15T21:57:17.101+0300] {processor.py:157} INFO - Started process (PID=242652) to work on /mnt/kali/DataHunt/venv/lib/python3.11/site-packages/airflow/example_dags/example_branch_datetime_operator.py
[2023-08-15T21:57:17.256+0300] {processor.py:826} INFO - Processing file /mnt/kali/DataHunt/venv/lib/python3.11/site-packages/airflow/example_dags/example_branch_datetime_operator.py for tasks to queue
[2023-08-15T21:57:17.311+0300] {logging_mixin.py:150} INFO - [2023-08-15T21:57:17.310+0300] {dagbag.py:541} INFO - Filling up the DagBag from /mnt/kali/DataHunt/venv/lib/python3.11/site-packages/airflow/example_dags/example_branch_datetime_operator.py
[2023-08-15T21:57:17.339+0300] {processor.py:836} INFO - DAG(s) dict_keys(['example_branch_datetime_operator_2', 'example_branch_datetime_operator_3', 'example_branch_datetime_operator']) retrieved from /mnt/kali/DataHunt/venv/lib/python3.11/site-packages/airflow/example_dags/example_branch_datetime_operator.py
[2023-08-15T21:57:17.456+0300] {logging_mixin.py:150} INFO - [2023-08-15T21:57:17.456+0300] {dag.py:2742} INFO - Sync 3 DAGs
[2023-08-15T21:57:17.544+0300] {logging_mixin.py:150} INFO - [2023-08-15T21:57:17.543+0300] {dag.py:3504} INFO - Setting next_dagrun for example_branch_datetime_operator to 2023-08-14T00:00:00+00:00, run_after=2023-08-15T00:00:00+00:00
[2023-08-15T21:57:17.561+0300] {logging_mixin.py:150} INFO - [2023-08-15T21:57:17.560+0300] {dag.py:3504} INFO - Setting next_dagrun for example_branch_datetime_operator_2 to 2023-08-14T00:00:00+00:00, run_after=2023-08-15T00:00:00+00:00
[2023-08-15T21:57:17.570+0300] {logging_mixin.py:150} INFO - [2023-08-15T21:57:17.569+0300] {dag.py:3504} INFO - Setting next_dagrun for example_branch_datetime_operator_3 to 2023-08-14T00:00:00+00:00, run_after=2023-08-15T00:00:00+00:00
[2023-08-15T21:57:17.670+0300] {processor.py:179} INFO - Processing /mnt/kali/DataHunt/venv/lib/python3.11/site-packages/airflow/example_dags/example_branch_datetime_operator.py took 0.584 seconds
[2023-08-15T21:57:48.794+0300] {processor.py:157} INFO - Started process (PID=243110) to work on /mnt/kali/DataHunt/venv/lib/python3.11/site-packages/airflow/example_dags/example_branch_datetime_operator.py
[2023-08-15T21:57:48.797+0300] {processor.py:826} INFO - Processing file /mnt/kali/DataHunt/venv/lib/python3.11/site-packages/airflow/example_dags/example_branch_datetime_operator.py for tasks to queue
[2023-08-15T21:57:48.800+0300] {logging_mixin.py:150} INFO - [2023-08-15T21:57:48.798+0300] {dagbag.py:541} INFO - Filling up the DagBag from /mnt/kali/DataHunt/venv/lib/python3.11/site-packages/airflow/example_dags/example_branch_datetime_operator.py
[2023-08-15T21:57:48.844+0300] {processor.py:836} INFO - DAG(s) dict_keys(['example_branch_datetime_operator_3', 'example_branch_datetime_operator', 'example_branch_datetime_operator_2']) retrieved from /mnt/kali/DataHunt/venv/lib/python3.11/site-packages/airflow/example_dags/example_branch_datetime_operator.py
[2023-08-15T21:57:49.056+0300] {logging_mixin.py:150} INFO - [2023-08-15T21:57:49.056+0300] {dag.py:2742} INFO - Sync 3 DAGs
[2023-08-15T21:57:49.171+0300] {logging_mixin.py:150} INFO - [2023-08-15T21:57:49.171+0300] {dag.py:3504} INFO - Setting next_dagrun for example_branch_datetime_operator to 2023-08-14T00:00:00+00:00, run_after=2023-08-15T00:00:00+00:00
[2023-08-15T21:57:49.196+0300] {logging_mixin.py:150} INFO - [2023-08-15T21:57:49.196+0300] {dag.py:3504} INFO - Setting next_dagrun for example_branch_datetime_operator_2 to 2023-08-14T00:00:00+00:00, run_after=2023-08-15T00:00:00+00:00
[2023-08-15T21:57:49.209+0300] {logging_mixin.py:150} INFO - [2023-08-15T21:57:49.208+0300] {dag.py:3504} INFO - Setting next_dagrun for example_branch_datetime_operator_3 to 2023-08-14T00:00:00+00:00, run_after=2023-08-15T00:00:00+00:00
[2023-08-15T21:57:49.302+0300] {processor.py:179} INFO - Processing /mnt/kali/DataHunt/venv/lib/python3.11/site-packages/airflow/example_dags/example_branch_datetime_operator.py took 0.523 seconds
