[2023-08-15T21:26:39.218+0300] {processor.py:157} INFO - Started process (PID=215338) to work on /mnt/kali/DataHunt/venv/lib/python3.11/site-packages/airflow/example_dags/example_branch_day_of_week_operator.py
[2023-08-15T21:26:39.222+0300] {processor.py:826} INFO - Processing file /mnt/kali/DataHunt/venv/lib/python3.11/site-packages/airflow/example_dags/example_branch_day_of_week_operator.py for tasks to queue
[2023-08-15T21:26:39.228+0300] {logging_mixin.py:150} INFO - [2023-08-15T21:26:39.226+0300] {dagbag.py:541} INFO - Filling up the DagBag from /mnt/kali/DataHunt/venv/lib/python3.11/site-packages/airflow/example_dags/example_branch_day_of_week_operator.py
[2023-08-15T21:26:39.263+0300] {processor.py:836} INFO - DAG(s) dict_keys(['example_weekday_branch_operator']) retrieved from /mnt/kali/DataHunt/venv/lib/python3.11/site-packages/airflow/example_dags/example_branch_day_of_week_operator.py
[2023-08-15T21:26:40.391+0300] {logging_mixin.py:150} INFO - [2023-08-15T21:26:40.390+0300] {manager.py:504} INFO - Created Permission View: can edit on DAG:example_weekday_branch_operator
[2023-08-15T21:26:40.490+0300] {logging_mixin.py:150} INFO - [2023-08-15T21:26:40.490+0300] {manager.py:504} INFO - Created Permission View: can delete on DAG:example_weekday_branch_operator
[2023-08-15T21:26:40.620+0300] {logging_mixin.py:150} INFO - [2023-08-15T21:26:40.619+0300] {manager.py:504} INFO - Created Permission View: can read on DAG:example_weekday_branch_operator
[2023-08-15T21:26:40.715+0300] {logging_mixin.py:150} INFO - [2023-08-15T21:26:40.715+0300] {dag.py:2742} INFO - Sync 1 DAGs
[2023-08-15T21:26:40.753+0300] {logging_mixin.py:150} INFO - [2023-08-15T21:26:40.752+0300] {dag.py:2763} INFO - Creating ORM DAG for example_weekday_branch_operator
[2023-08-15T21:26:40.901+0300] {logging_mixin.py:150} INFO - [2023-08-15T21:26:40.900+0300] {dag.py:3504} INFO - Setting next_dagrun for example_weekday_branch_operator to 2023-08-14T00:00:00+00:00, run_after=2023-08-15T00:00:00+00:00
[2023-08-15T21:26:41.184+0300] {processor.py:179} INFO - Processing /mnt/kali/DataHunt/venv/lib/python3.11/site-packages/airflow/example_dags/example_branch_day_of_week_operator.py took 1.982 seconds
[2023-08-15T21:29:54.749+0300] {processor.py:157} INFO - Started process (PID=217645) to work on /mnt/kali/DataHunt/venv/lib/python3.11/site-packages/airflow/example_dags/example_branch_day_of_week_operator.py
[2023-08-15T21:29:54.769+0300] {processor.py:826} INFO - Processing file /mnt/kali/DataHunt/venv/lib/python3.11/site-packages/airflow/example_dags/example_branch_day_of_week_operator.py for tasks to queue
[2023-08-15T21:29:54.780+0300] {logging_mixin.py:150} INFO - [2023-08-15T21:29:54.773+0300] {dagbag.py:541} INFO - Filling up the DagBag from /mnt/kali/DataHunt/venv/lib/python3.11/site-packages/airflow/example_dags/example_branch_day_of_week_operator.py
[2023-08-15T21:29:54.810+0300] {processor.py:836} INFO - DAG(s) dict_keys(['example_weekday_branch_operator']) retrieved from /mnt/kali/DataHunt/venv/lib/python3.11/site-packages/airflow/example_dags/example_branch_day_of_week_operator.py
[2023-08-15T21:29:54.877+0300] {logging_mixin.py:150} INFO - [2023-08-15T21:29:54.877+0300] {dag.py:2742} INFO - Sync 1 DAGs
[2023-08-15T21:29:54.972+0300] {logging_mixin.py:150} INFO - [2023-08-15T21:29:54.971+0300] {dag.py:3504} INFO - Setting next_dagrun for example_weekday_branch_operator to 2023-08-14T00:00:00+00:00, run_after=2023-08-15T00:00:00+00:00
[2023-08-15T21:29:55.243+0300] {processor.py:179} INFO - Processing /mnt/kali/DataHunt/venv/lib/python3.11/site-packages/airflow/example_dags/example_branch_day_of_week_operator.py took 0.507 seconds
[2023-08-15T21:47:45.049+0300] {processor.py:157} INFO - Started process (PID=233859) to work on /mnt/kali/DataHunt/venv/lib/python3.11/site-packages/airflow/example_dags/example_branch_day_of_week_operator.py
[2023-08-15T21:47:45.108+0300] {processor.py:826} INFO - Processing file /mnt/kali/DataHunt/venv/lib/python3.11/site-packages/airflow/example_dags/example_branch_day_of_week_operator.py for tasks to queue
[2023-08-15T21:47:45.111+0300] {logging_mixin.py:150} INFO - [2023-08-15T21:47:45.109+0300] {dagbag.py:541} INFO - Filling up the DagBag from /mnt/kali/DataHunt/venv/lib/python3.11/site-packages/airflow/example_dags/example_branch_day_of_week_operator.py
[2023-08-15T21:47:45.172+0300] {processor.py:836} INFO - DAG(s) dict_keys(['example_weekday_branch_operator']) retrieved from /mnt/kali/DataHunt/venv/lib/python3.11/site-packages/airflow/example_dags/example_branch_day_of_week_operator.py
[2023-08-15T21:47:45.867+0300] {logging_mixin.py:150} INFO - [2023-08-15T21:47:45.867+0300] {manager.py:504} INFO - Created Permission View: can read on DAG:example_weekday_branch_operator
[2023-08-15T21:47:45.947+0300] {logging_mixin.py:150} INFO - [2023-08-15T21:47:45.946+0300] {manager.py:504} INFO - Created Permission View: can delete on DAG:example_weekday_branch_operator
[2023-08-15T21:47:46.015+0300] {logging_mixin.py:150} INFO - [2023-08-15T21:47:46.015+0300] {manager.py:504} INFO - Created Permission View: can edit on DAG:example_weekday_branch_operator
[2023-08-15T21:47:46.109+0300] {logging_mixin.py:150} INFO - [2023-08-15T21:47:46.108+0300] {dag.py:2742} INFO - Sync 1 DAGs
[2023-08-15T21:47:46.153+0300] {logging_mixin.py:150} INFO - [2023-08-15T21:47:46.153+0300] {dag.py:2763} INFO - Creating ORM DAG for example_weekday_branch_operator
[2023-08-15T21:47:46.221+0300] {logging_mixin.py:150} INFO - [2023-08-15T21:47:46.217+0300] {dag.py:3504} INFO - Setting next_dagrun for example_weekday_branch_operator to 2023-08-14T00:00:00+00:00, run_after=2023-08-15T00:00:00+00:00
[2023-08-15T21:47:46.310+0300] {processor.py:179} INFO - Processing /mnt/kali/DataHunt/venv/lib/python3.11/site-packages/airflow/example_dags/example_branch_day_of_week_operator.py took 1.275 seconds
[2023-08-15T21:48:16.512+0300] {processor.py:157} INFO - Started process (PID=234257) to work on /mnt/kali/DataHunt/venv/lib/python3.11/site-packages/airflow/example_dags/example_branch_day_of_week_operator.py
[2023-08-15T21:48:16.516+0300] {processor.py:826} INFO - Processing file /mnt/kali/DataHunt/venv/lib/python3.11/site-packages/airflow/example_dags/example_branch_day_of_week_operator.py for tasks to queue
[2023-08-15T21:48:16.522+0300] {logging_mixin.py:150} INFO - [2023-08-15T21:48:16.519+0300] {dagbag.py:541} INFO - Filling up the DagBag from /mnt/kali/DataHunt/venv/lib/python3.11/site-packages/airflow/example_dags/example_branch_day_of_week_operator.py
[2023-08-15T21:48:16.567+0300] {processor.py:836} INFO - DAG(s) dict_keys(['example_weekday_branch_operator']) retrieved from /mnt/kali/DataHunt/venv/lib/python3.11/site-packages/airflow/example_dags/example_branch_day_of_week_operator.py
[2023-08-15T21:48:16.735+0300] {logging_mixin.py:150} INFO - [2023-08-15T21:48:16.734+0300] {dag.py:2742} INFO - Sync 1 DAGs
[2023-08-15T21:48:16.847+0300] {logging_mixin.py:150} INFO - [2023-08-15T21:48:16.846+0300] {dag.py:3504} INFO - Setting next_dagrun for example_weekday_branch_operator to 2023-08-14T00:00:00+00:00, run_after=2023-08-15T00:00:00+00:00
[2023-08-15T21:48:16.923+0300] {processor.py:179} INFO - Processing /mnt/kali/DataHunt/venv/lib/python3.11/site-packages/airflow/example_dags/example_branch_day_of_week_operator.py took 0.429 seconds
[2023-08-15T21:48:47.589+0300] {processor.py:157} INFO - Started process (PID=234884) to work on /mnt/kali/DataHunt/venv/lib/python3.11/site-packages/airflow/example_dags/example_branch_day_of_week_operator.py
[2023-08-15T21:48:47.600+0300] {processor.py:826} INFO - Processing file /mnt/kali/DataHunt/venv/lib/python3.11/site-packages/airflow/example_dags/example_branch_day_of_week_operator.py for tasks to queue
[2023-08-15T21:48:47.602+0300] {logging_mixin.py:150} INFO - [2023-08-15T21:48:47.601+0300] {dagbag.py:541} INFO - Filling up the DagBag from /mnt/kali/DataHunt/venv/lib/python3.11/site-packages/airflow/example_dags/example_branch_day_of_week_operator.py
[2023-08-15T21:48:47.618+0300] {processor.py:836} INFO - DAG(s) dict_keys(['example_weekday_branch_operator']) retrieved from /mnt/kali/DataHunt/venv/lib/python3.11/site-packages/airflow/example_dags/example_branch_day_of_week_operator.py
[2023-08-15T21:48:47.726+0300] {logging_mixin.py:150} INFO - [2023-08-15T21:48:47.725+0300] {dag.py:2742} INFO - Sync 1 DAGs
[2023-08-15T21:48:47.811+0300] {logging_mixin.py:150} INFO - [2023-08-15T21:48:47.811+0300] {dag.py:3504} INFO - Setting next_dagrun for example_weekday_branch_operator to 2023-08-14T00:00:00+00:00, run_after=2023-08-15T00:00:00+00:00
[2023-08-15T21:48:47.883+0300] {processor.py:179} INFO - Processing /mnt/kali/DataHunt/venv/lib/python3.11/site-packages/airflow/example_dags/example_branch_day_of_week_operator.py took 0.304 seconds
[2023-08-15T21:49:27.340+0300] {processor.py:157} INFO - Started process (PID=235543) to work on /mnt/kali/DataHunt/venv/lib/python3.11/site-packages/airflow/example_dags/example_branch_day_of_week_operator.py
[2023-08-15T21:49:27.350+0300] {processor.py:826} INFO - Processing file /mnt/kali/DataHunt/venv/lib/python3.11/site-packages/airflow/example_dags/example_branch_day_of_week_operator.py for tasks to queue
[2023-08-15T21:49:27.353+0300] {logging_mixin.py:150} INFO - [2023-08-15T21:49:27.351+0300] {dagbag.py:541} INFO - Filling up the DagBag from /mnt/kali/DataHunt/venv/lib/python3.11/site-packages/airflow/example_dags/example_branch_day_of_week_operator.py
[2023-08-15T21:49:27.388+0300] {processor.py:836} INFO - DAG(s) dict_keys(['example_weekday_branch_operator']) retrieved from /mnt/kali/DataHunt/venv/lib/python3.11/site-packages/airflow/example_dags/example_branch_day_of_week_operator.py
[2023-08-15T21:49:27.594+0300] {logging_mixin.py:150} INFO - [2023-08-15T21:49:27.594+0300] {dag.py:2742} INFO - Sync 1 DAGs
[2023-08-15T21:49:28.085+0300] {logging_mixin.py:150} INFO - [2023-08-15T21:49:28.084+0300] {dag.py:3504} INFO - Setting next_dagrun for example_weekday_branch_operator to 2023-08-14T00:00:00+00:00, run_after=2023-08-15T00:00:00+00:00
[2023-08-15T21:49:28.193+0300] {processor.py:179} INFO - Processing /mnt/kali/DataHunt/venv/lib/python3.11/site-packages/airflow/example_dags/example_branch_day_of_week_operator.py took 0.868 seconds
[2023-08-15T21:49:58.969+0300] {processor.py:157} INFO - Started process (PID=235914) to work on /mnt/kali/DataHunt/venv/lib/python3.11/site-packages/airflow/example_dags/example_branch_day_of_week_operator.py
[2023-08-15T21:49:59.094+0300] {processor.py:826} INFO - Processing file /mnt/kali/DataHunt/venv/lib/python3.11/site-packages/airflow/example_dags/example_branch_day_of_week_operator.py for tasks to queue
[2023-08-15T21:49:59.097+0300] {logging_mixin.py:150} INFO - [2023-08-15T21:49:59.096+0300] {dagbag.py:541} INFO - Filling up the DagBag from /mnt/kali/DataHunt/venv/lib/python3.11/site-packages/airflow/example_dags/example_branch_day_of_week_operator.py
[2023-08-15T21:49:59.145+0300] {processor.py:836} INFO - DAG(s) dict_keys(['example_weekday_branch_operator']) retrieved from /mnt/kali/DataHunt/venv/lib/python3.11/site-packages/airflow/example_dags/example_branch_day_of_week_operator.py
[2023-08-15T21:49:59.314+0300] {logging_mixin.py:150} INFO - [2023-08-15T21:49:59.313+0300] {dag.py:2742} INFO - Sync 1 DAGs
[2023-08-15T21:49:59.432+0300] {logging_mixin.py:150} INFO - [2023-08-15T21:49:59.431+0300] {dag.py:3504} INFO - Setting next_dagrun for example_weekday_branch_operator to 2023-08-14T00:00:00+00:00, run_after=2023-08-15T00:00:00+00:00
[2023-08-15T21:49:59.530+0300] {processor.py:179} INFO - Processing /mnt/kali/DataHunt/venv/lib/python3.11/site-packages/airflow/example_dags/example_branch_day_of_week_operator.py took 0.575 seconds
[2023-08-15T21:50:41.507+0300] {processor.py:157} INFO - Started process (PID=236424) to work on /mnt/kali/DataHunt/venv/lib/python3.11/site-packages/airflow/example_dags/example_branch_day_of_week_operator.py
[2023-08-15T21:50:41.528+0300] {processor.py:826} INFO - Processing file /mnt/kali/DataHunt/venv/lib/python3.11/site-packages/airflow/example_dags/example_branch_day_of_week_operator.py for tasks to queue
[2023-08-15T21:50:41.538+0300] {logging_mixin.py:150} INFO - [2023-08-15T21:50:41.530+0300] {dagbag.py:541} INFO - Filling up the DagBag from /mnt/kali/DataHunt/venv/lib/python3.11/site-packages/airflow/example_dags/example_branch_day_of_week_operator.py
[2023-08-15T21:50:41.737+0300] {processor.py:836} INFO - DAG(s) dict_keys(['example_weekday_branch_operator']) retrieved from /mnt/kali/DataHunt/venv/lib/python3.11/site-packages/airflow/example_dags/example_branch_day_of_week_operator.py
[2023-08-15T21:50:42.230+0300] {logging_mixin.py:150} INFO - [2023-08-15T21:50:42.230+0300] {dag.py:2742} INFO - Sync 1 DAGs
[2023-08-15T21:50:42.565+0300] {logging_mixin.py:150} INFO - [2023-08-15T21:50:42.561+0300] {dag.py:3504} INFO - Setting next_dagrun for example_weekday_branch_operator to 2023-08-14T00:00:00+00:00, run_after=2023-08-15T00:00:00+00:00
[2023-08-15T21:50:42.901+0300] {processor.py:179} INFO - Processing /mnt/kali/DataHunt/venv/lib/python3.11/site-packages/airflow/example_dags/example_branch_day_of_week_operator.py took 1.458 seconds
[2023-08-15T21:51:13.067+0300] {processor.py:157} INFO - Started process (PID=236851) to work on /mnt/kali/DataHunt/venv/lib/python3.11/site-packages/airflow/example_dags/example_branch_day_of_week_operator.py
[2023-08-15T21:51:13.120+0300] {processor.py:826} INFO - Processing file /mnt/kali/DataHunt/venv/lib/python3.11/site-packages/airflow/example_dags/example_branch_day_of_week_operator.py for tasks to queue
[2023-08-15T21:51:13.122+0300] {logging_mixin.py:150} INFO - [2023-08-15T21:51:13.121+0300] {dagbag.py:541} INFO - Filling up the DagBag from /mnt/kali/DataHunt/venv/lib/python3.11/site-packages/airflow/example_dags/example_branch_day_of_week_operator.py
[2023-08-15T21:51:13.163+0300] {processor.py:836} INFO - DAG(s) dict_keys(['example_weekday_branch_operator']) retrieved from /mnt/kali/DataHunt/venv/lib/python3.11/site-packages/airflow/example_dags/example_branch_day_of_week_operator.py
[2023-08-15T21:51:13.490+0300] {logging_mixin.py:150} INFO - [2023-08-15T21:51:13.489+0300] {dag.py:2742} INFO - Sync 1 DAGs
[2023-08-15T21:51:13.587+0300] {logging_mixin.py:150} INFO - [2023-08-15T21:51:13.587+0300] {dag.py:3504} INFO - Setting next_dagrun for example_weekday_branch_operator to 2023-08-14T00:00:00+00:00, run_after=2023-08-15T00:00:00+00:00
[2023-08-15T21:51:13.662+0300] {processor.py:179} INFO - Processing /mnt/kali/DataHunt/venv/lib/python3.11/site-packages/airflow/example_dags/example_branch_day_of_week_operator.py took 0.607 seconds
[2023-08-15T21:51:43.977+0300] {processor.py:157} INFO - Started process (PID=237414) to work on /mnt/kali/DataHunt/venv/lib/python3.11/site-packages/airflow/example_dags/example_branch_day_of_week_operator.py
[2023-08-15T21:51:43.998+0300] {processor.py:826} INFO - Processing file /mnt/kali/DataHunt/venv/lib/python3.11/site-packages/airflow/example_dags/example_branch_day_of_week_operator.py for tasks to queue
[2023-08-15T21:51:44.000+0300] {logging_mixin.py:150} INFO - [2023-08-15T21:51:43.999+0300] {dagbag.py:541} INFO - Filling up the DagBag from /mnt/kali/DataHunt/venv/lib/python3.11/site-packages/airflow/example_dags/example_branch_day_of_week_operator.py
[2023-08-15T21:51:44.027+0300] {processor.py:836} INFO - DAG(s) dict_keys(['example_weekday_branch_operator']) retrieved from /mnt/kali/DataHunt/venv/lib/python3.11/site-packages/airflow/example_dags/example_branch_day_of_week_operator.py
[2023-08-15T21:51:44.116+0300] {logging_mixin.py:150} INFO - [2023-08-15T21:51:44.116+0300] {dag.py:2742} INFO - Sync 1 DAGs
[2023-08-15T21:51:44.179+0300] {logging_mixin.py:150} INFO - [2023-08-15T21:51:44.179+0300] {dag.py:3504} INFO - Setting next_dagrun for example_weekday_branch_operator to 2023-08-14T00:00:00+00:00, run_after=2023-08-15T00:00:00+00:00
[2023-08-15T21:51:44.251+0300] {processor.py:179} INFO - Processing /mnt/kali/DataHunt/venv/lib/python3.11/site-packages/airflow/example_dags/example_branch_day_of_week_operator.py took 0.286 seconds
[2023-08-15T21:52:14.923+0300] {processor.py:157} INFO - Started process (PID=237967) to work on /mnt/kali/DataHunt/venv/lib/python3.11/site-packages/airflow/example_dags/example_branch_day_of_week_operator.py
[2023-08-15T21:52:14.942+0300] {processor.py:826} INFO - Processing file /mnt/kali/DataHunt/venv/lib/python3.11/site-packages/airflow/example_dags/example_branch_day_of_week_operator.py for tasks to queue
[2023-08-15T21:52:14.944+0300] {logging_mixin.py:150} INFO - [2023-08-15T21:52:14.943+0300] {dagbag.py:541} INFO - Filling up the DagBag from /mnt/kali/DataHunt/venv/lib/python3.11/site-packages/airflow/example_dags/example_branch_day_of_week_operator.py
[2023-08-15T21:52:14.965+0300] {processor.py:836} INFO - DAG(s) dict_keys(['example_weekday_branch_operator']) retrieved from /mnt/kali/DataHunt/venv/lib/python3.11/site-packages/airflow/example_dags/example_branch_day_of_week_operator.py
[2023-08-15T21:52:15.056+0300] {logging_mixin.py:150} INFO - [2023-08-15T21:52:15.055+0300] {dag.py:2742} INFO - Sync 1 DAGs
[2023-08-15T21:52:15.123+0300] {logging_mixin.py:150} INFO - [2023-08-15T21:52:15.123+0300] {dag.py:3504} INFO - Setting next_dagrun for example_weekday_branch_operator to 2023-08-14T00:00:00+00:00, run_after=2023-08-15T00:00:00+00:00
[2023-08-15T21:52:15.182+0300] {processor.py:179} INFO - Processing /mnt/kali/DataHunt/venv/lib/python3.11/site-packages/airflow/example_dags/example_branch_day_of_week_operator.py took 0.272 seconds
[2023-08-15T21:52:45.667+0300] {processor.py:157} INFO - Started process (PID=238357) to work on /mnt/kali/DataHunt/venv/lib/python3.11/site-packages/airflow/example_dags/example_branch_day_of_week_operator.py
[2023-08-15T21:52:45.669+0300] {processor.py:826} INFO - Processing file /mnt/kali/DataHunt/venv/lib/python3.11/site-packages/airflow/example_dags/example_branch_day_of_week_operator.py for tasks to queue
[2023-08-15T21:52:45.672+0300] {logging_mixin.py:150} INFO - [2023-08-15T21:52:45.671+0300] {dagbag.py:541} INFO - Filling up the DagBag from /mnt/kali/DataHunt/venv/lib/python3.11/site-packages/airflow/example_dags/example_branch_day_of_week_operator.py
[2023-08-15T21:52:45.696+0300] {processor.py:836} INFO - DAG(s) dict_keys(['example_weekday_branch_operator']) retrieved from /mnt/kali/DataHunt/venv/lib/python3.11/site-packages/airflow/example_dags/example_branch_day_of_week_operator.py
[2023-08-15T21:52:45.798+0300] {logging_mixin.py:150} INFO - [2023-08-15T21:52:45.797+0300] {dag.py:2742} INFO - Sync 1 DAGs
[2023-08-15T21:52:45.894+0300] {logging_mixin.py:150} INFO - [2023-08-15T21:52:45.893+0300] {dag.py:3504} INFO - Setting next_dagrun for example_weekday_branch_operator to 2023-08-14T00:00:00+00:00, run_after=2023-08-15T00:00:00+00:00
[2023-08-15T21:52:45.962+0300] {processor.py:179} INFO - Processing /mnt/kali/DataHunt/venv/lib/python3.11/site-packages/airflow/example_dags/example_branch_day_of_week_operator.py took 0.306 seconds
[2023-08-15T21:53:16.368+0300] {processor.py:157} INFO - Started process (PID=238738) to work on /mnt/kali/DataHunt/venv/lib/python3.11/site-packages/airflow/example_dags/example_branch_day_of_week_operator.py
[2023-08-15T21:53:16.379+0300] {processor.py:826} INFO - Processing file /mnt/kali/DataHunt/venv/lib/python3.11/site-packages/airflow/example_dags/example_branch_day_of_week_operator.py for tasks to queue
[2023-08-15T21:53:16.381+0300] {logging_mixin.py:150} INFO - [2023-08-15T21:53:16.380+0300] {dagbag.py:541} INFO - Filling up the DagBag from /mnt/kali/DataHunt/venv/lib/python3.11/site-packages/airflow/example_dags/example_branch_day_of_week_operator.py
[2023-08-15T21:53:16.405+0300] {processor.py:836} INFO - DAG(s) dict_keys(['example_weekday_branch_operator']) retrieved from /mnt/kali/DataHunt/venv/lib/python3.11/site-packages/airflow/example_dags/example_branch_day_of_week_operator.py
[2023-08-15T21:53:16.513+0300] {logging_mixin.py:150} INFO - [2023-08-15T21:53:16.512+0300] {dag.py:2742} INFO - Sync 1 DAGs
[2023-08-15T21:53:16.602+0300] {logging_mixin.py:150} INFO - [2023-08-15T21:53:16.602+0300] {dag.py:3504} INFO - Setting next_dagrun for example_weekday_branch_operator to 2023-08-14T00:00:00+00:00, run_after=2023-08-15T00:00:00+00:00
[2023-08-15T21:53:16.673+0300] {processor.py:179} INFO - Processing /mnt/kali/DataHunt/venv/lib/python3.11/site-packages/airflow/example_dags/example_branch_day_of_week_operator.py took 0.315 seconds
[2023-08-15T21:53:47.170+0300] {processor.py:157} INFO - Started process (PID=239314) to work on /mnt/kali/DataHunt/venv/lib/python3.11/site-packages/airflow/example_dags/example_branch_day_of_week_operator.py
[2023-08-15T21:53:47.180+0300] {processor.py:826} INFO - Processing file /mnt/kali/DataHunt/venv/lib/python3.11/site-packages/airflow/example_dags/example_branch_day_of_week_operator.py for tasks to queue
[2023-08-15T21:53:47.185+0300] {logging_mixin.py:150} INFO - [2023-08-15T21:53:47.182+0300] {dagbag.py:541} INFO - Filling up the DagBag from /mnt/kali/DataHunt/venv/lib/python3.11/site-packages/airflow/example_dags/example_branch_day_of_week_operator.py
[2023-08-15T21:53:47.238+0300] {processor.py:836} INFO - DAG(s) dict_keys(['example_weekday_branch_operator']) retrieved from /mnt/kali/DataHunt/venv/lib/python3.11/site-packages/airflow/example_dags/example_branch_day_of_week_operator.py
[2023-08-15T21:53:47.576+0300] {logging_mixin.py:150} INFO - [2023-08-15T21:53:47.575+0300] {dag.py:2742} INFO - Sync 1 DAGs
[2023-08-15T21:53:47.859+0300] {logging_mixin.py:150} INFO - [2023-08-15T21:53:47.857+0300] {dag.py:3504} INFO - Setting next_dagrun for example_weekday_branch_operator to 2023-08-14T00:00:00+00:00, run_after=2023-08-15T00:00:00+00:00
[2023-08-15T21:53:48.083+0300] {processor.py:179} INFO - Processing /mnt/kali/DataHunt/venv/lib/python3.11/site-packages/airflow/example_dags/example_branch_day_of_week_operator.py took 0.929 seconds
[2023-08-15T21:54:18.518+0300] {processor.py:157} INFO - Started process (PID=239886) to work on /mnt/kali/DataHunt/venv/lib/python3.11/site-packages/airflow/example_dags/example_branch_day_of_week_operator.py
[2023-08-15T21:54:18.535+0300] {processor.py:826} INFO - Processing file /mnt/kali/DataHunt/venv/lib/python3.11/site-packages/airflow/example_dags/example_branch_day_of_week_operator.py for tasks to queue
[2023-08-15T21:54:18.538+0300] {logging_mixin.py:150} INFO - [2023-08-15T21:54:18.537+0300] {dagbag.py:541} INFO - Filling up the DagBag from /mnt/kali/DataHunt/venv/lib/python3.11/site-packages/airflow/example_dags/example_branch_day_of_week_operator.py
[2023-08-15T21:54:18.573+0300] {processor.py:836} INFO - DAG(s) dict_keys(['example_weekday_branch_operator']) retrieved from /mnt/kali/DataHunt/venv/lib/python3.11/site-packages/airflow/example_dags/example_branch_day_of_week_operator.py
[2023-08-15T21:54:18.763+0300] {logging_mixin.py:150} INFO - [2023-08-15T21:54:18.763+0300] {dag.py:2742} INFO - Sync 1 DAGs
[2023-08-15T21:54:18.867+0300] {logging_mixin.py:150} INFO - [2023-08-15T21:54:18.866+0300] {dag.py:3504} INFO - Setting next_dagrun for example_weekday_branch_operator to 2023-08-14T00:00:00+00:00, run_after=2023-08-15T00:00:00+00:00
[2023-08-15T21:54:19.073+0300] {processor.py:179} INFO - Processing /mnt/kali/DataHunt/venv/lib/python3.11/site-packages/airflow/example_dags/example_branch_day_of_week_operator.py took 0.570 seconds
[2023-08-15T21:54:49.498+0300] {processor.py:157} INFO - Started process (PID=240267) to work on /mnt/kali/DataHunt/venv/lib/python3.11/site-packages/airflow/example_dags/example_branch_day_of_week_operator.py
[2023-08-15T21:54:49.531+0300] {processor.py:826} INFO - Processing file /mnt/kali/DataHunt/venv/lib/python3.11/site-packages/airflow/example_dags/example_branch_day_of_week_operator.py for tasks to queue
[2023-08-15T21:54:49.547+0300] {logging_mixin.py:150} INFO - [2023-08-15T21:54:49.533+0300] {dagbag.py:541} INFO - Filling up the DagBag from /mnt/kali/DataHunt/venv/lib/python3.11/site-packages/airflow/example_dags/example_branch_day_of_week_operator.py
[2023-08-15T21:54:49.691+0300] {processor.py:836} INFO - DAG(s) dict_keys(['example_weekday_branch_operator']) retrieved from /mnt/kali/DataHunt/venv/lib/python3.11/site-packages/airflow/example_dags/example_branch_day_of_week_operator.py
[2023-08-15T21:54:49.879+0300] {logging_mixin.py:150} INFO - [2023-08-15T21:54:49.878+0300] {dag.py:2742} INFO - Sync 1 DAGs
[2023-08-15T21:54:49.991+0300] {logging_mixin.py:150} INFO - [2023-08-15T21:54:49.990+0300] {dag.py:3504} INFO - Setting next_dagrun for example_weekday_branch_operator to 2023-08-14T00:00:00+00:00, run_after=2023-08-15T00:00:00+00:00
[2023-08-15T21:54:50.076+0300] {processor.py:179} INFO - Processing /mnt/kali/DataHunt/venv/lib/python3.11/site-packages/airflow/example_dags/example_branch_day_of_week_operator.py took 0.596 seconds
[2023-08-15T21:55:20.535+0300] {processor.py:157} INFO - Started process (PID=240693) to work on /mnt/kali/DataHunt/venv/lib/python3.11/site-packages/airflow/example_dags/example_branch_day_of_week_operator.py
[2023-08-15T21:55:20.768+0300] {processor.py:826} INFO - Processing file /mnt/kali/DataHunt/venv/lib/python3.11/site-packages/airflow/example_dags/example_branch_day_of_week_operator.py for tasks to queue
[2023-08-15T21:55:20.776+0300] {logging_mixin.py:150} INFO - [2023-08-15T21:55:20.775+0300] {dagbag.py:541} INFO - Filling up the DagBag from /mnt/kali/DataHunt/venv/lib/python3.11/site-packages/airflow/example_dags/example_branch_day_of_week_operator.py
[2023-08-15T21:55:20.832+0300] {processor.py:836} INFO - DAG(s) dict_keys(['example_weekday_branch_operator']) retrieved from /mnt/kali/DataHunt/venv/lib/python3.11/site-packages/airflow/example_dags/example_branch_day_of_week_operator.py
[2023-08-15T21:55:20.979+0300] {logging_mixin.py:150} INFO - [2023-08-15T21:55:20.979+0300] {dag.py:2742} INFO - Sync 1 DAGs
[2023-08-15T21:55:21.055+0300] {logging_mixin.py:150} INFO - [2023-08-15T21:55:21.054+0300] {dag.py:3504} INFO - Setting next_dagrun for example_weekday_branch_operator to 2023-08-14T00:00:00+00:00, run_after=2023-08-15T00:00:00+00:00
[2023-08-15T21:55:21.185+0300] {processor.py:179} INFO - Processing /mnt/kali/DataHunt/venv/lib/python3.11/site-packages/airflow/example_dags/example_branch_day_of_week_operator.py took 0.663 seconds
[2023-08-15T21:55:51.266+0300] {processor.py:157} INFO - Started process (PID=241084) to work on /mnt/kali/DataHunt/venv/lib/python3.11/site-packages/airflow/example_dags/example_branch_day_of_week_operator.py
[2023-08-15T21:55:51.268+0300] {processor.py:826} INFO - Processing file /mnt/kali/DataHunt/venv/lib/python3.11/site-packages/airflow/example_dags/example_branch_day_of_week_operator.py for tasks to queue
[2023-08-15T21:55:51.272+0300] {logging_mixin.py:150} INFO - [2023-08-15T21:55:51.270+0300] {dagbag.py:541} INFO - Filling up the DagBag from /mnt/kali/DataHunt/venv/lib/python3.11/site-packages/airflow/example_dags/example_branch_day_of_week_operator.py
[2023-08-15T21:55:51.310+0300] {processor.py:836} INFO - DAG(s) dict_keys(['example_weekday_branch_operator']) retrieved from /mnt/kali/DataHunt/venv/lib/python3.11/site-packages/airflow/example_dags/example_branch_day_of_week_operator.py
[2023-08-15T21:55:51.516+0300] {logging_mixin.py:150} INFO - [2023-08-15T21:55:51.516+0300] {dag.py:2742} INFO - Sync 1 DAGs
[2023-08-15T21:55:51.686+0300] {logging_mixin.py:150} INFO - [2023-08-15T21:55:51.686+0300] {dag.py:3504} INFO - Setting next_dagrun for example_weekday_branch_operator to 2023-08-14T00:00:00+00:00, run_after=2023-08-15T00:00:00+00:00
[2023-08-15T21:55:52.187+0300] {processor.py:179} INFO - Processing /mnt/kali/DataHunt/venv/lib/python3.11/site-packages/airflow/example_dags/example_branch_day_of_week_operator.py took 0.937 seconds
[2023-08-15T21:56:23.241+0300] {processor.py:157} INFO - Started process (PID=241667) to work on /mnt/kali/DataHunt/venv/lib/python3.11/site-packages/airflow/example_dags/example_branch_day_of_week_operator.py
[2023-08-15T21:56:23.256+0300] {processor.py:826} INFO - Processing file /mnt/kali/DataHunt/venv/lib/python3.11/site-packages/airflow/example_dags/example_branch_day_of_week_operator.py for tasks to queue
[2023-08-15T21:56:23.259+0300] {logging_mixin.py:150} INFO - [2023-08-15T21:56:23.258+0300] {dagbag.py:541} INFO - Filling up the DagBag from /mnt/kali/DataHunt/venv/lib/python3.11/site-packages/airflow/example_dags/example_branch_day_of_week_operator.py
[2023-08-15T21:56:23.322+0300] {processor.py:836} INFO - DAG(s) dict_keys(['example_weekday_branch_operator']) retrieved from /mnt/kali/DataHunt/venv/lib/python3.11/site-packages/airflow/example_dags/example_branch_day_of_week_operator.py
[2023-08-15T21:56:23.517+0300] {logging_mixin.py:150} INFO - [2023-08-15T21:56:23.517+0300] {dag.py:2742} INFO - Sync 1 DAGs
[2023-08-15T21:56:23.631+0300] {logging_mixin.py:150} INFO - [2023-08-15T21:56:23.631+0300] {dag.py:3504} INFO - Setting next_dagrun for example_weekday_branch_operator to 2023-08-14T00:00:00+00:00, run_after=2023-08-15T00:00:00+00:00
[2023-08-15T21:56:23.752+0300] {processor.py:179} INFO - Processing /mnt/kali/DataHunt/venv/lib/python3.11/site-packages/airflow/example_dags/example_branch_day_of_week_operator.py took 0.537 seconds
[2023-08-15T21:56:54.362+0300] {processor.py:157} INFO - Started process (PID=242289) to work on /mnt/kali/DataHunt/venv/lib/python3.11/site-packages/airflow/example_dags/example_branch_day_of_week_operator.py
[2023-08-15T21:56:54.431+0300] {processor.py:826} INFO - Processing file /mnt/kali/DataHunt/venv/lib/python3.11/site-packages/airflow/example_dags/example_branch_day_of_week_operator.py for tasks to queue
[2023-08-15T21:56:54.433+0300] {logging_mixin.py:150} INFO - [2023-08-15T21:56:54.432+0300] {dagbag.py:541} INFO - Filling up the DagBag from /mnt/kali/DataHunt/venv/lib/python3.11/site-packages/airflow/example_dags/example_branch_day_of_week_operator.py
[2023-08-15T21:56:54.454+0300] {processor.py:836} INFO - DAG(s) dict_keys(['example_weekday_branch_operator']) retrieved from /mnt/kali/DataHunt/venv/lib/python3.11/site-packages/airflow/example_dags/example_branch_day_of_week_operator.py
[2023-08-15T21:56:54.572+0300] {logging_mixin.py:150} INFO - [2023-08-15T21:56:54.572+0300] {dag.py:2742} INFO - Sync 1 DAGs
[2023-08-15T21:56:54.667+0300] {logging_mixin.py:150} INFO - [2023-08-15T21:56:54.666+0300] {dag.py:3504} INFO - Setting next_dagrun for example_weekday_branch_operator to 2023-08-14T00:00:00+00:00, run_after=2023-08-15T00:00:00+00:00
[2023-08-15T21:56:54.751+0300] {processor.py:179} INFO - Processing /mnt/kali/DataHunt/venv/lib/python3.11/site-packages/airflow/example_dags/example_branch_day_of_week_operator.py took 0.402 seconds
[2023-08-15T21:57:25.045+0300] {processor.py:157} INFO - Started process (PID=242767) to work on /mnt/kali/DataHunt/venv/lib/python3.11/site-packages/airflow/example_dags/example_branch_day_of_week_operator.py
[2023-08-15T21:57:25.068+0300] {processor.py:826} INFO - Processing file /mnt/kali/DataHunt/venv/lib/python3.11/site-packages/airflow/example_dags/example_branch_day_of_week_operator.py for tasks to queue
[2023-08-15T21:57:25.087+0300] {logging_mixin.py:150} INFO - [2023-08-15T21:57:25.069+0300] {dagbag.py:541} INFO - Filling up the DagBag from /mnt/kali/DataHunt/venv/lib/python3.11/site-packages/airflow/example_dags/example_branch_day_of_week_operator.py
[2023-08-15T21:57:25.239+0300] {processor.py:836} INFO - DAG(s) dict_keys(['example_weekday_branch_operator']) retrieved from /mnt/kali/DataHunt/venv/lib/python3.11/site-packages/airflow/example_dags/example_branch_day_of_week_operator.py
[2023-08-15T21:57:25.450+0300] {logging_mixin.py:150} INFO - [2023-08-15T21:57:25.449+0300] {dag.py:2742} INFO - Sync 1 DAGs
[2023-08-15T21:57:25.596+0300] {logging_mixin.py:150} INFO - [2023-08-15T21:57:25.596+0300] {dag.py:3504} INFO - Setting next_dagrun for example_weekday_branch_operator to 2023-08-14T00:00:00+00:00, run_after=2023-08-15T00:00:00+00:00
[2023-08-15T21:57:25.680+0300] {processor.py:179} INFO - Processing /mnt/kali/DataHunt/venv/lib/python3.11/site-packages/airflow/example_dags/example_branch_day_of_week_operator.py took 0.742 seconds
[2023-08-15T21:57:55.813+0300] {processor.py:157} INFO - Started process (PID=243195) to work on /mnt/kali/DataHunt/venv/lib/python3.11/site-packages/airflow/example_dags/example_branch_day_of_week_operator.py
[2023-08-15T21:57:55.815+0300] {processor.py:826} INFO - Processing file /mnt/kali/DataHunt/venv/lib/python3.11/site-packages/airflow/example_dags/example_branch_day_of_week_operator.py for tasks to queue
[2023-08-15T21:57:55.818+0300] {logging_mixin.py:150} INFO - [2023-08-15T21:57:55.817+0300] {dagbag.py:541} INFO - Filling up the DagBag from /mnt/kali/DataHunt/venv/lib/python3.11/site-packages/airflow/example_dags/example_branch_day_of_week_operator.py
[2023-08-15T21:57:55.854+0300] {processor.py:836} INFO - DAG(s) dict_keys(['example_weekday_branch_operator']) retrieved from /mnt/kali/DataHunt/venv/lib/python3.11/site-packages/airflow/example_dags/example_branch_day_of_week_operator.py
[2023-08-15T21:57:56.042+0300] {logging_mixin.py:150} INFO - [2023-08-15T21:57:56.041+0300] {dag.py:2742} INFO - Sync 1 DAGs
[2023-08-15T21:57:56.147+0300] {logging_mixin.py:150} INFO - [2023-08-15T21:57:56.147+0300] {dag.py:3504} INFO - Setting next_dagrun for example_weekday_branch_operator to 2023-08-14T00:00:00+00:00, run_after=2023-08-15T00:00:00+00:00
[2023-08-15T21:57:56.312+0300] {processor.py:179} INFO - Processing /mnt/kali/DataHunt/venv/lib/python3.11/site-packages/airflow/example_dags/example_branch_day_of_week_operator.py took 0.514 seconds
