[2023-08-15T21:23:50.402+0300] {processor.py:157} INFO - Started process (PID=213280) to work on /mnt/kali/DataHunt/venv/lib/python3.11/site-packages/airflow/example_dags/tutorial_dag.py
[2023-08-15T21:23:50.404+0300] {processor.py:826} INFO - Processing file /mnt/kali/DataHunt/venv/lib/python3.11/site-packages/airflow/example_dags/tutorial_dag.py for tasks to queue
[2023-08-15T21:23:50.408+0300] {logging_mixin.py:150} INFO - [2023-08-15T21:23:50.406+0300] {dagbag.py:541} INFO - Filling up the DagBag from /mnt/kali/DataHunt/venv/lib/python3.11/site-packages/airflow/example_dags/tutorial_dag.py
[2023-08-15T21:23:50.429+0300] {processor.py:836} INFO - DAG(s) dict_keys(['tutorial_dag']) retrieved from /mnt/kali/DataHunt/venv/lib/python3.11/site-packages/airflow/example_dags/tutorial_dag.py
[2023-08-15T21:23:52.101+0300] {logging_mixin.py:150} INFO - [2023-08-15T21:23:52.100+0300] {manager.py:504} INFO - Created Permission View: can edit on DAG:tutorial_dag
[2023-08-15T21:23:52.934+0300] {logging_mixin.py:150} INFO - [2023-08-15T21:23:52.933+0300] {manager.py:504} INFO - Created Permission View: can delete on DAG:tutorial_dag
[2023-08-15T21:23:53.045+0300] {logging_mixin.py:150} INFO - [2023-08-15T21:23:53.044+0300] {manager.py:504} INFO - Created Permission View: can read on DAG:tutorial_dag
[2023-08-15T21:23:53.171+0300] {logging_mixin.py:150} INFO - [2023-08-15T21:23:53.171+0300] {dag.py:2742} INFO - Sync 1 DAGs
[2023-08-15T21:23:53.275+0300] {logging_mixin.py:150} INFO - [2023-08-15T21:23:53.275+0300] {dag.py:2763} INFO - Creating ORM DAG for tutorial_dag
[2023-08-15T21:23:53.495+0300] {logging_mixin.py:150} INFO - [2023-08-15T21:23:53.495+0300] {dag.py:3504} INFO - Setting next_dagrun for tutorial_dag to None, run_after=None
[2023-08-15T21:23:54.089+0300] {processor.py:179} INFO - Processing /mnt/kali/DataHunt/venv/lib/python3.11/site-packages/airflow/example_dags/tutorial_dag.py took 3.701 seconds
[2023-08-15T21:26:57.151+0300] {processor.py:157} INFO - Started process (PID=215523) to work on /mnt/kali/DataHunt/venv/lib/python3.11/site-packages/airflow/example_dags/tutorial_dag.py
[2023-08-15T21:26:57.173+0300] {processor.py:826} INFO - Processing file /mnt/kali/DataHunt/venv/lib/python3.11/site-packages/airflow/example_dags/tutorial_dag.py for tasks to queue
[2023-08-15T21:26:57.175+0300] {logging_mixin.py:150} INFO - [2023-08-15T21:26:57.174+0300] {dagbag.py:541} INFO - Filling up the DagBag from /mnt/kali/DataHunt/venv/lib/python3.11/site-packages/airflow/example_dags/tutorial_dag.py
[2023-08-15T21:26:57.284+0300] {processor.py:836} INFO - DAG(s) dict_keys(['tutorial_dag']) retrieved from /mnt/kali/DataHunt/venv/lib/python3.11/site-packages/airflow/example_dags/tutorial_dag.py
[2023-08-15T21:26:57.599+0300] {logging_mixin.py:150} INFO - [2023-08-15T21:26:57.598+0300] {dag.py:2742} INFO - Sync 1 DAGs
[2023-08-15T21:26:57.678+0300] {logging_mixin.py:150} INFO - [2023-08-15T21:26:57.678+0300] {dag.py:3504} INFO - Setting next_dagrun for tutorial_dag to None, run_after=None
[2023-08-15T21:26:57.846+0300] {processor.py:179} INFO - Processing /mnt/kali/DataHunt/venv/lib/python3.11/site-packages/airflow/example_dags/tutorial_dag.py took 0.758 seconds
[2023-08-15T21:28:46.904+0300] {processor.py:157} INFO - Started process (PID=216798) to work on /mnt/kali/DataHunt/venv/lib/python3.11/site-packages/airflow/example_dags/tutorial_dag.py
[2023-08-15T21:28:46.926+0300] {processor.py:826} INFO - Processing file /mnt/kali/DataHunt/venv/lib/python3.11/site-packages/airflow/example_dags/tutorial_dag.py for tasks to queue
[2023-08-15T21:28:46.928+0300] {logging_mixin.py:150} INFO - [2023-08-15T21:28:46.927+0300] {dagbag.py:541} INFO - Filling up the DagBag from /mnt/kali/DataHunt/venv/lib/python3.11/site-packages/airflow/example_dags/tutorial_dag.py
[2023-08-15T21:28:46.949+0300] {processor.py:836} INFO - DAG(s) dict_keys(['tutorial_dag']) retrieved from /mnt/kali/DataHunt/venv/lib/python3.11/site-packages/airflow/example_dags/tutorial_dag.py
[2023-08-15T21:28:47.025+0300] {logging_mixin.py:150} INFO - [2023-08-15T21:28:47.025+0300] {dag.py:2742} INFO - Sync 1 DAGs
[2023-08-15T21:28:47.106+0300] {logging_mixin.py:150} INFO - [2023-08-15T21:28:47.106+0300] {dag.py:3504} INFO - Setting next_dagrun for tutorial_dag to None, run_after=None
[2023-08-15T21:28:47.405+0300] {processor.py:179} INFO - Processing /mnt/kali/DataHunt/venv/lib/python3.11/site-packages/airflow/example_dags/tutorial_dag.py took 0.513 seconds
[2023-08-15T21:47:14.656+0300] {processor.py:157} INFO - Started process (PID=233540) to work on /mnt/kali/DataHunt/venv/lib/python3.11/site-packages/airflow/example_dags/tutorial_dag.py
[2023-08-15T21:47:14.748+0300] {processor.py:826} INFO - Processing file /mnt/kali/DataHunt/venv/lib/python3.11/site-packages/airflow/example_dags/tutorial_dag.py for tasks to queue
[2023-08-15T21:47:14.752+0300] {logging_mixin.py:150} INFO - [2023-08-15T21:47:14.750+0300] {dagbag.py:541} INFO - Filling up the DagBag from /mnt/kali/DataHunt/venv/lib/python3.11/site-packages/airflow/example_dags/tutorial_dag.py
[2023-08-15T21:47:14.783+0300] {processor.py:836} INFO - DAG(s) dict_keys(['tutorial_dag']) retrieved from /mnt/kali/DataHunt/venv/lib/python3.11/site-packages/airflow/example_dags/tutorial_dag.py
[2023-08-15T21:47:15.531+0300] {logging_mixin.py:150} INFO - [2023-08-15T21:47:15.530+0300] {manager.py:504} INFO - Created Permission View: can read on DAG:tutorial_dag
[2023-08-15T21:47:15.746+0300] {logging_mixin.py:150} INFO - [2023-08-15T21:47:15.745+0300] {manager.py:504} INFO - Created Permission View: can delete on DAG:tutorial_dag
[2023-08-15T21:47:15.883+0300] {logging_mixin.py:150} INFO - [2023-08-15T21:47:15.882+0300] {manager.py:504} INFO - Created Permission View: can edit on DAG:tutorial_dag
[2023-08-15T21:47:15.951+0300] {logging_mixin.py:150} INFO - [2023-08-15T21:47:15.950+0300] {dag.py:2742} INFO - Sync 1 DAGs
[2023-08-15T21:47:15.984+0300] {logging_mixin.py:150} INFO - [2023-08-15T21:47:15.983+0300] {dag.py:2763} INFO - Creating ORM DAG for tutorial_dag
[2023-08-15T21:47:16.031+0300] {logging_mixin.py:150} INFO - [2023-08-15T21:47:16.031+0300] {dag.py:3504} INFO - Setting next_dagrun for tutorial_dag to None, run_after=None
[2023-08-15T21:47:16.167+0300] {processor.py:179} INFO - Processing /mnt/kali/DataHunt/venv/lib/python3.11/site-packages/airflow/example_dags/tutorial_dag.py took 1.522 seconds
[2023-08-15T21:47:48.480+0300] {processor.py:157} INFO - Started process (PID=233898) to work on /mnt/kali/DataHunt/venv/lib/python3.11/site-packages/airflow/example_dags/tutorial_dag.py
[2023-08-15T21:47:48.497+0300] {processor.py:826} INFO - Processing file /mnt/kali/DataHunt/venv/lib/python3.11/site-packages/airflow/example_dags/tutorial_dag.py for tasks to queue
[2023-08-15T21:47:48.500+0300] {logging_mixin.py:150} INFO - [2023-08-15T21:47:48.499+0300] {dagbag.py:541} INFO - Filling up the DagBag from /mnt/kali/DataHunt/venv/lib/python3.11/site-packages/airflow/example_dags/tutorial_dag.py
[2023-08-15T21:47:48.530+0300] {processor.py:836} INFO - DAG(s) dict_keys(['tutorial_dag']) retrieved from /mnt/kali/DataHunt/venv/lib/python3.11/site-packages/airflow/example_dags/tutorial_dag.py
[2023-08-15T21:47:48.663+0300] {logging_mixin.py:150} INFO - [2023-08-15T21:47:48.662+0300] {dag.py:2742} INFO - Sync 1 DAGs
[2023-08-15T21:47:48.744+0300] {logging_mixin.py:150} INFO - [2023-08-15T21:47:48.744+0300] {dag.py:3504} INFO - Setting next_dagrun for tutorial_dag to None, run_after=None
[2023-08-15T21:47:48.844+0300] {processor.py:179} INFO - Processing /mnt/kali/DataHunt/venv/lib/python3.11/site-packages/airflow/example_dags/tutorial_dag.py took 0.375 seconds
[2023-08-15T21:48:19.697+0300] {processor.py:157} INFO - Started process (PID=234300) to work on /mnt/kali/DataHunt/venv/lib/python3.11/site-packages/airflow/example_dags/tutorial_dag.py
[2023-08-15T21:48:19.705+0300] {processor.py:826} INFO - Processing file /mnt/kali/DataHunt/venv/lib/python3.11/site-packages/airflow/example_dags/tutorial_dag.py for tasks to queue
[2023-08-15T21:48:19.713+0300] {logging_mixin.py:150} INFO - [2023-08-15T21:48:19.712+0300] {dagbag.py:541} INFO - Filling up the DagBag from /mnt/kali/DataHunt/venv/lib/python3.11/site-packages/airflow/example_dags/tutorial_dag.py
[2023-08-15T21:48:19.762+0300] {processor.py:836} INFO - DAG(s) dict_keys(['tutorial_dag']) retrieved from /mnt/kali/DataHunt/venv/lib/python3.11/site-packages/airflow/example_dags/tutorial_dag.py
[2023-08-15T21:48:20.027+0300] {logging_mixin.py:150} INFO - [2023-08-15T21:48:20.027+0300] {dag.py:2742} INFO - Sync 1 DAGs
[2023-08-15T21:48:20.140+0300] {logging_mixin.py:150} INFO - [2023-08-15T21:48:20.140+0300] {dag.py:3504} INFO - Setting next_dagrun for tutorial_dag to None, run_after=None
[2023-08-15T21:48:20.286+0300] {processor.py:179} INFO - Processing /mnt/kali/DataHunt/venv/lib/python3.11/site-packages/airflow/example_dags/tutorial_dag.py took 0.630 seconds
[2023-08-15T21:48:50.642+0300] {processor.py:157} INFO - Started process (PID=234919) to work on /mnt/kali/DataHunt/venv/lib/python3.11/site-packages/airflow/example_dags/tutorial_dag.py
[2023-08-15T21:48:50.651+0300] {processor.py:826} INFO - Processing file /mnt/kali/DataHunt/venv/lib/python3.11/site-packages/airflow/example_dags/tutorial_dag.py for tasks to queue
[2023-08-15T21:48:50.654+0300] {logging_mixin.py:150} INFO - [2023-08-15T21:48:50.652+0300] {dagbag.py:541} INFO - Filling up the DagBag from /mnt/kali/DataHunt/venv/lib/python3.11/site-packages/airflow/example_dags/tutorial_dag.py
[2023-08-15T21:48:50.704+0300] {processor.py:836} INFO - DAG(s) dict_keys(['tutorial_dag']) retrieved from /mnt/kali/DataHunt/venv/lib/python3.11/site-packages/airflow/example_dags/tutorial_dag.py
[2023-08-15T21:48:50.842+0300] {logging_mixin.py:150} INFO - [2023-08-15T21:48:50.842+0300] {dag.py:2742} INFO - Sync 1 DAGs
[2023-08-15T21:48:50.930+0300] {logging_mixin.py:150} INFO - [2023-08-15T21:48:50.929+0300] {dag.py:3504} INFO - Setting next_dagrun for tutorial_dag to None, run_after=None
[2023-08-15T21:48:51.071+0300] {processor.py:179} INFO - Processing /mnt/kali/DataHunt/venv/lib/python3.11/site-packages/airflow/example_dags/tutorial_dag.py took 0.442 seconds
[2023-08-15T21:49:29.703+0300] {processor.py:157} INFO - Started process (PID=235590) to work on /mnt/kali/DataHunt/venv/lib/python3.11/site-packages/airflow/example_dags/tutorial_dag.py
[2023-08-15T21:49:29.725+0300] {processor.py:826} INFO - Processing file /mnt/kali/DataHunt/venv/lib/python3.11/site-packages/airflow/example_dags/tutorial_dag.py for tasks to queue
[2023-08-15T21:49:29.728+0300] {logging_mixin.py:150} INFO - [2023-08-15T21:49:29.727+0300] {dagbag.py:541} INFO - Filling up the DagBag from /mnt/kali/DataHunt/venv/lib/python3.11/site-packages/airflow/example_dags/tutorial_dag.py
[2023-08-15T21:49:29.778+0300] {processor.py:836} INFO - DAG(s) dict_keys(['tutorial_dag']) retrieved from /mnt/kali/DataHunt/venv/lib/python3.11/site-packages/airflow/example_dags/tutorial_dag.py
[2023-08-15T21:49:30.291+0300] {logging_mixin.py:150} INFO - [2023-08-15T21:49:30.291+0300] {dag.py:2742} INFO - Sync 1 DAGs
[2023-08-15T21:49:30.394+0300] {logging_mixin.py:150} INFO - [2023-08-15T21:49:30.393+0300] {dag.py:3504} INFO - Setting next_dagrun for tutorial_dag to None, run_after=None
[2023-08-15T21:49:30.506+0300] {processor.py:179} INFO - Processing /mnt/kali/DataHunt/venv/lib/python3.11/site-packages/airflow/example_dags/tutorial_dag.py took 0.862 seconds
[2023-08-15T21:50:00.910+0300] {processor.py:157} INFO - Started process (PID=235928) to work on /mnt/kali/DataHunt/venv/lib/python3.11/site-packages/airflow/example_dags/tutorial_dag.py
[2023-08-15T21:50:00.925+0300] {processor.py:826} INFO - Processing file /mnt/kali/DataHunt/venv/lib/python3.11/site-packages/airflow/example_dags/tutorial_dag.py for tasks to queue
[2023-08-15T21:50:00.928+0300] {logging_mixin.py:150} INFO - [2023-08-15T21:50:00.926+0300] {dagbag.py:541} INFO - Filling up the DagBag from /mnt/kali/DataHunt/venv/lib/python3.11/site-packages/airflow/example_dags/tutorial_dag.py
[2023-08-15T21:50:00.950+0300] {processor.py:836} INFO - DAG(s) dict_keys(['tutorial_dag']) retrieved from /mnt/kali/DataHunt/venv/lib/python3.11/site-packages/airflow/example_dags/tutorial_dag.py
[2023-08-15T21:50:01.070+0300] {logging_mixin.py:150} INFO - [2023-08-15T21:50:01.069+0300] {dag.py:2742} INFO - Sync 1 DAGs
[2023-08-15T21:50:01.258+0300] {logging_mixin.py:150} INFO - [2023-08-15T21:50:01.258+0300] {dag.py:3504} INFO - Setting next_dagrun for tutorial_dag to None, run_after=None
[2023-08-15T21:50:01.456+0300] {processor.py:179} INFO - Processing /mnt/kali/DataHunt/venv/lib/python3.11/site-packages/airflow/example_dags/tutorial_dag.py took 0.561 seconds
[2023-08-15T21:50:38.435+0300] {processor.py:157} INFO - Started process (PID=236379) to work on /mnt/kali/DataHunt/venv/lib/python3.11/site-packages/airflow/example_dags/tutorial_dag.py
[2023-08-15T21:50:38.448+0300] {processor.py:826} INFO - Processing file /mnt/kali/DataHunt/venv/lib/python3.11/site-packages/airflow/example_dags/tutorial_dag.py for tasks to queue
[2023-08-15T21:50:38.451+0300] {logging_mixin.py:150} INFO - [2023-08-15T21:50:38.449+0300] {dagbag.py:541} INFO - Filling up the DagBag from /mnt/kali/DataHunt/venv/lib/python3.11/site-packages/airflow/example_dags/tutorial_dag.py
[2023-08-15T21:50:38.483+0300] {processor.py:836} INFO - DAG(s) dict_keys(['tutorial_dag']) retrieved from /mnt/kali/DataHunt/venv/lib/python3.11/site-packages/airflow/example_dags/tutorial_dag.py
[2023-08-15T21:50:38.755+0300] {logging_mixin.py:150} INFO - [2023-08-15T21:50:38.751+0300] {dag.py:2742} INFO - Sync 1 DAGs
[2023-08-15T21:50:38.967+0300] {logging_mixin.py:150} INFO - [2023-08-15T21:50:38.966+0300] {dag.py:3504} INFO - Setting next_dagrun for tutorial_dag to None, run_after=None
[2023-08-15T21:50:39.113+0300] {processor.py:179} INFO - Processing /mnt/kali/DataHunt/venv/lib/python3.11/site-packages/airflow/example_dags/tutorial_dag.py took 0.713 seconds
[2023-08-15T21:51:09.493+0300] {processor.py:157} INFO - Started process (PID=236802) to work on /mnt/kali/DataHunt/venv/lib/python3.11/site-packages/airflow/example_dags/tutorial_dag.py
[2023-08-15T21:51:09.503+0300] {processor.py:826} INFO - Processing file /mnt/kali/DataHunt/venv/lib/python3.11/site-packages/airflow/example_dags/tutorial_dag.py for tasks to queue
[2023-08-15T21:51:09.506+0300] {logging_mixin.py:150} INFO - [2023-08-15T21:51:09.505+0300] {dagbag.py:541} INFO - Filling up the DagBag from /mnt/kali/DataHunt/venv/lib/python3.11/site-packages/airflow/example_dags/tutorial_dag.py
[2023-08-15T21:51:09.525+0300] {processor.py:836} INFO - DAG(s) dict_keys(['tutorial_dag']) retrieved from /mnt/kali/DataHunt/venv/lib/python3.11/site-packages/airflow/example_dags/tutorial_dag.py
[2023-08-15T21:51:09.672+0300] {logging_mixin.py:150} INFO - [2023-08-15T21:51:09.671+0300] {dag.py:2742} INFO - Sync 1 DAGs
[2023-08-15T21:51:09.780+0300] {logging_mixin.py:150} INFO - [2023-08-15T21:51:09.779+0300] {dag.py:3504} INFO - Setting next_dagrun for tutorial_dag to None, run_after=None
[2023-08-15T21:51:09.871+0300] {processor.py:179} INFO - Processing /mnt/kali/DataHunt/venv/lib/python3.11/site-packages/airflow/example_dags/tutorial_dag.py took 0.392 seconds
[2023-08-15T21:51:40.195+0300] {processor.py:157} INFO - Started process (PID=237359) to work on /mnt/kali/DataHunt/venv/lib/python3.11/site-packages/airflow/example_dags/tutorial_dag.py
[2023-08-15T21:51:40.215+0300] {processor.py:826} INFO - Processing file /mnt/kali/DataHunt/venv/lib/python3.11/site-packages/airflow/example_dags/tutorial_dag.py for tasks to queue
[2023-08-15T21:51:40.218+0300] {logging_mixin.py:150} INFO - [2023-08-15T21:51:40.217+0300] {dagbag.py:541} INFO - Filling up the DagBag from /mnt/kali/DataHunt/venv/lib/python3.11/site-packages/airflow/example_dags/tutorial_dag.py
[2023-08-15T21:51:40.235+0300] {processor.py:836} INFO - DAG(s) dict_keys(['tutorial_dag']) retrieved from /mnt/kali/DataHunt/venv/lib/python3.11/site-packages/airflow/example_dags/tutorial_dag.py
[2023-08-15T21:51:40.323+0300] {logging_mixin.py:150} INFO - [2023-08-15T21:51:40.323+0300] {dag.py:2742} INFO - Sync 1 DAGs
[2023-08-15T21:51:40.380+0300] {logging_mixin.py:150} INFO - [2023-08-15T21:51:40.379+0300] {dag.py:3504} INFO - Setting next_dagrun for tutorial_dag to None, run_after=None
[2023-08-15T21:51:40.441+0300] {processor.py:179} INFO - Processing /mnt/kali/DataHunt/venv/lib/python3.11/site-packages/airflow/example_dags/tutorial_dag.py took 0.261 seconds
[2023-08-15T21:52:11.336+0300] {processor.py:157} INFO - Started process (PID=237919) to work on /mnt/kali/DataHunt/venv/lib/python3.11/site-packages/airflow/example_dags/tutorial_dag.py
[2023-08-15T21:52:11.339+0300] {processor.py:826} INFO - Processing file /mnt/kali/DataHunt/venv/lib/python3.11/site-packages/airflow/example_dags/tutorial_dag.py for tasks to queue
[2023-08-15T21:52:11.342+0300] {logging_mixin.py:150} INFO - [2023-08-15T21:52:11.340+0300] {dagbag.py:541} INFO - Filling up the DagBag from /mnt/kali/DataHunt/venv/lib/python3.11/site-packages/airflow/example_dags/tutorial_dag.py
[2023-08-15T21:52:11.365+0300] {processor.py:836} INFO - DAG(s) dict_keys(['tutorial_dag']) retrieved from /mnt/kali/DataHunt/venv/lib/python3.11/site-packages/airflow/example_dags/tutorial_dag.py
[2023-08-15T21:52:11.470+0300] {logging_mixin.py:150} INFO - [2023-08-15T21:52:11.469+0300] {dag.py:2742} INFO - Sync 1 DAGs
[2023-08-15T21:52:11.543+0300] {logging_mixin.py:150} INFO - [2023-08-15T21:52:11.542+0300] {dag.py:3504} INFO - Setting next_dagrun for tutorial_dag to None, run_after=None
[2023-08-15T21:52:11.603+0300] {processor.py:179} INFO - Processing /mnt/kali/DataHunt/venv/lib/python3.11/site-packages/airflow/example_dags/tutorial_dag.py took 0.282 seconds
[2023-08-15T21:52:42.558+0300] {processor.py:157} INFO - Started process (PID=238307) to work on /mnt/kali/DataHunt/venv/lib/python3.11/site-packages/airflow/example_dags/tutorial_dag.py
[2023-08-15T21:52:42.560+0300] {processor.py:826} INFO - Processing file /mnt/kali/DataHunt/venv/lib/python3.11/site-packages/airflow/example_dags/tutorial_dag.py for tasks to queue
[2023-08-15T21:52:42.564+0300] {logging_mixin.py:150} INFO - [2023-08-15T21:52:42.562+0300] {dagbag.py:541} INFO - Filling up the DagBag from /mnt/kali/DataHunt/venv/lib/python3.11/site-packages/airflow/example_dags/tutorial_dag.py
[2023-08-15T21:52:42.587+0300] {processor.py:836} INFO - DAG(s) dict_keys(['tutorial_dag']) retrieved from /mnt/kali/DataHunt/venv/lib/python3.11/site-packages/airflow/example_dags/tutorial_dag.py
[2023-08-15T21:52:42.739+0300] {logging_mixin.py:150} INFO - [2023-08-15T21:52:42.738+0300] {dag.py:2742} INFO - Sync 1 DAGs
[2023-08-15T21:52:42.826+0300] {logging_mixin.py:150} INFO - [2023-08-15T21:52:42.825+0300] {dag.py:3504} INFO - Setting next_dagrun for tutorial_dag to None, run_after=None
[2023-08-15T21:52:42.944+0300] {processor.py:179} INFO - Processing /mnt/kali/DataHunt/venv/lib/python3.11/site-packages/airflow/example_dags/tutorial_dag.py took 0.400 seconds
[2023-08-15T21:53:13.322+0300] {processor.py:157} INFO - Started process (PID=238674) to work on /mnt/kali/DataHunt/venv/lib/python3.11/site-packages/airflow/example_dags/tutorial_dag.py
[2023-08-15T21:53:13.326+0300] {processor.py:826} INFO - Processing file /mnt/kali/DataHunt/venv/lib/python3.11/site-packages/airflow/example_dags/tutorial_dag.py for tasks to queue
[2023-08-15T21:53:13.328+0300] {logging_mixin.py:150} INFO - [2023-08-15T21:53:13.327+0300] {dagbag.py:541} INFO - Filling up the DagBag from /mnt/kali/DataHunt/venv/lib/python3.11/site-packages/airflow/example_dags/tutorial_dag.py
[2023-08-15T21:53:13.348+0300] {processor.py:836} INFO - DAG(s) dict_keys(['tutorial_dag']) retrieved from /mnt/kali/DataHunt/venv/lib/python3.11/site-packages/airflow/example_dags/tutorial_dag.py
[2023-08-15T21:53:13.471+0300] {logging_mixin.py:150} INFO - [2023-08-15T21:53:13.470+0300] {dag.py:2742} INFO - Sync 1 DAGs
[2023-08-15T21:53:13.549+0300] {logging_mixin.py:150} INFO - [2023-08-15T21:53:13.548+0300] {dag.py:3504} INFO - Setting next_dagrun for tutorial_dag to None, run_after=None
[2023-08-15T21:53:13.643+0300] {processor.py:179} INFO - Processing /mnt/kali/DataHunt/venv/lib/python3.11/site-packages/airflow/example_dags/tutorial_dag.py took 0.334 seconds
[2023-08-15T21:53:44.685+0300] {processor.py:157} INFO - Started process (PID=239241) to work on /mnt/kali/DataHunt/venv/lib/python3.11/site-packages/airflow/example_dags/tutorial_dag.py
[2023-08-15T21:53:44.696+0300] {processor.py:826} INFO - Processing file /mnt/kali/DataHunt/venv/lib/python3.11/site-packages/airflow/example_dags/tutorial_dag.py for tasks to queue
[2023-08-15T21:53:44.699+0300] {logging_mixin.py:150} INFO - [2023-08-15T21:53:44.698+0300] {dagbag.py:541} INFO - Filling up the DagBag from /mnt/kali/DataHunt/venv/lib/python3.11/site-packages/airflow/example_dags/tutorial_dag.py
[2023-08-15T21:53:44.719+0300] {processor.py:836} INFO - DAG(s) dict_keys(['tutorial_dag']) retrieved from /mnt/kali/DataHunt/venv/lib/python3.11/site-packages/airflow/example_dags/tutorial_dag.py
[2023-08-15T21:53:44.828+0300] {logging_mixin.py:150} INFO - [2023-08-15T21:53:44.828+0300] {dag.py:2742} INFO - Sync 1 DAGs
[2023-08-15T21:53:44.905+0300] {logging_mixin.py:150} INFO - [2023-08-15T21:53:44.904+0300] {dag.py:3504} INFO - Setting next_dagrun for tutorial_dag to None, run_after=None
[2023-08-15T21:53:44.995+0300] {processor.py:179} INFO - Processing /mnt/kali/DataHunt/venv/lib/python3.11/site-packages/airflow/example_dags/tutorial_dag.py took 0.326 seconds
[2023-08-15T21:54:15.586+0300] {processor.py:157} INFO - Started process (PID=239858) to work on /mnt/kali/DataHunt/venv/lib/python3.11/site-packages/airflow/example_dags/tutorial_dag.py
[2023-08-15T21:54:15.605+0300] {processor.py:826} INFO - Processing file /mnt/kali/DataHunt/venv/lib/python3.11/site-packages/airflow/example_dags/tutorial_dag.py for tasks to queue
[2023-08-15T21:54:15.607+0300] {logging_mixin.py:150} INFO - [2023-08-15T21:54:15.606+0300] {dagbag.py:541} INFO - Filling up the DagBag from /mnt/kali/DataHunt/venv/lib/python3.11/site-packages/airflow/example_dags/tutorial_dag.py
[2023-08-15T21:54:15.621+0300] {processor.py:836} INFO - DAG(s) dict_keys(['tutorial_dag']) retrieved from /mnt/kali/DataHunt/venv/lib/python3.11/site-packages/airflow/example_dags/tutorial_dag.py
[2023-08-15T21:54:15.698+0300] {logging_mixin.py:150} INFO - [2023-08-15T21:54:15.697+0300] {dag.py:2742} INFO - Sync 1 DAGs
[2023-08-15T21:54:15.766+0300] {logging_mixin.py:150} INFO - [2023-08-15T21:54:15.765+0300] {dag.py:3504} INFO - Setting next_dagrun for tutorial_dag to None, run_after=None
[2023-08-15T21:54:15.827+0300] {processor.py:179} INFO - Processing /mnt/kali/DataHunt/venv/lib/python3.11/site-packages/airflow/example_dags/tutorial_dag.py took 0.251 seconds
[2023-08-15T21:54:46.139+0300] {processor.py:157} INFO - Started process (PID=240234) to work on /mnt/kali/DataHunt/venv/lib/python3.11/site-packages/airflow/example_dags/tutorial_dag.py
[2023-08-15T21:54:46.150+0300] {processor.py:826} INFO - Processing file /mnt/kali/DataHunt/venv/lib/python3.11/site-packages/airflow/example_dags/tutorial_dag.py for tasks to queue
[2023-08-15T21:54:46.153+0300] {logging_mixin.py:150} INFO - [2023-08-15T21:54:46.151+0300] {dagbag.py:541} INFO - Filling up the DagBag from /mnt/kali/DataHunt/venv/lib/python3.11/site-packages/airflow/example_dags/tutorial_dag.py
[2023-08-15T21:54:46.170+0300] {processor.py:836} INFO - DAG(s) dict_keys(['tutorial_dag']) retrieved from /mnt/kali/DataHunt/venv/lib/python3.11/site-packages/airflow/example_dags/tutorial_dag.py
[2023-08-15T21:54:46.319+0300] {logging_mixin.py:150} INFO - [2023-08-15T21:54:46.318+0300] {dag.py:2742} INFO - Sync 1 DAGs
[2023-08-15T21:54:46.430+0300] {logging_mixin.py:150} INFO - [2023-08-15T21:54:46.429+0300] {dag.py:3504} INFO - Setting next_dagrun for tutorial_dag to None, run_after=None
[2023-08-15T21:54:46.501+0300] {processor.py:179} INFO - Processing /mnt/kali/DataHunt/venv/lib/python3.11/site-packages/airflow/example_dags/tutorial_dag.py took 0.378 seconds
[2023-08-15T21:55:16.707+0300] {processor.py:157} INFO - Started process (PID=240669) to work on /mnt/kali/DataHunt/venv/lib/python3.11/site-packages/airflow/example_dags/tutorial_dag.py
[2023-08-15T21:55:16.728+0300] {processor.py:826} INFO - Processing file /mnt/kali/DataHunt/venv/lib/python3.11/site-packages/airflow/example_dags/tutorial_dag.py for tasks to queue
[2023-08-15T21:55:16.731+0300] {logging_mixin.py:150} INFO - [2023-08-15T21:55:16.729+0300] {dagbag.py:541} INFO - Filling up the DagBag from /mnt/kali/DataHunt/venv/lib/python3.11/site-packages/airflow/example_dags/tutorial_dag.py
[2023-08-15T21:55:16.763+0300] {processor.py:836} INFO - DAG(s) dict_keys(['tutorial_dag']) retrieved from /mnt/kali/DataHunt/venv/lib/python3.11/site-packages/airflow/example_dags/tutorial_dag.py
[2023-08-15T21:55:16.939+0300] {logging_mixin.py:150} INFO - [2023-08-15T21:55:16.939+0300] {dag.py:2742} INFO - Sync 1 DAGs
[2023-08-15T21:55:17.105+0300] {logging_mixin.py:150} INFO - [2023-08-15T21:55:17.104+0300] {dag.py:3504} INFO - Setting next_dagrun for tutorial_dag to None, run_after=None
[2023-08-15T21:55:17.272+0300] {processor.py:179} INFO - Processing /mnt/kali/DataHunt/venv/lib/python3.11/site-packages/airflow/example_dags/tutorial_dag.py took 0.581 seconds
[2023-08-15T21:55:47.600+0300] {processor.py:157} INFO - Started process (PID=241067) to work on /mnt/kali/DataHunt/venv/lib/python3.11/site-packages/airflow/example_dags/tutorial_dag.py
[2023-08-15T21:55:47.607+0300] {processor.py:826} INFO - Processing file /mnt/kali/DataHunt/venv/lib/python3.11/site-packages/airflow/example_dags/tutorial_dag.py for tasks to queue
[2023-08-15T21:55:47.609+0300] {logging_mixin.py:150} INFO - [2023-08-15T21:55:47.608+0300] {dagbag.py:541} INFO - Filling up the DagBag from /mnt/kali/DataHunt/venv/lib/python3.11/site-packages/airflow/example_dags/tutorial_dag.py
[2023-08-15T21:55:47.636+0300] {processor.py:836} INFO - DAG(s) dict_keys(['tutorial_dag']) retrieved from /mnt/kali/DataHunt/venv/lib/python3.11/site-packages/airflow/example_dags/tutorial_dag.py
[2023-08-15T21:55:47.823+0300] {logging_mixin.py:150} INFO - [2023-08-15T21:55:47.823+0300] {dag.py:2742} INFO - Sync 1 DAGs
[2023-08-15T21:55:47.944+0300] {logging_mixin.py:150} INFO - [2023-08-15T21:55:47.943+0300] {dag.py:3504} INFO - Setting next_dagrun for tutorial_dag to None, run_after=None
[2023-08-15T21:55:48.069+0300] {processor.py:179} INFO - Processing /mnt/kali/DataHunt/venv/lib/python3.11/site-packages/airflow/example_dags/tutorial_dag.py took 0.482 seconds
[2023-08-15T21:56:18.215+0300] {processor.py:157} INFO - Started process (PID=241598) to work on /mnt/kali/DataHunt/venv/lib/python3.11/site-packages/airflow/example_dags/tutorial_dag.py
[2023-08-15T21:56:18.218+0300] {processor.py:826} INFO - Processing file /mnt/kali/DataHunt/venv/lib/python3.11/site-packages/airflow/example_dags/tutorial_dag.py for tasks to queue
[2023-08-15T21:56:18.220+0300] {logging_mixin.py:150} INFO - [2023-08-15T21:56:18.219+0300] {dagbag.py:541} INFO - Filling up the DagBag from /mnt/kali/DataHunt/venv/lib/python3.11/site-packages/airflow/example_dags/tutorial_dag.py
[2023-08-15T21:56:18.236+0300] {processor.py:836} INFO - DAG(s) dict_keys(['tutorial_dag']) retrieved from /mnt/kali/DataHunt/venv/lib/python3.11/site-packages/airflow/example_dags/tutorial_dag.py
[2023-08-15T21:56:18.375+0300] {logging_mixin.py:150} INFO - [2023-08-15T21:56:18.375+0300] {dag.py:2742} INFO - Sync 1 DAGs
[2023-08-15T21:56:18.473+0300] {logging_mixin.py:150} INFO - [2023-08-15T21:56:18.472+0300] {dag.py:3504} INFO - Setting next_dagrun for tutorial_dag to None, run_after=None
[2023-08-15T21:56:18.623+0300] {processor.py:179} INFO - Processing /mnt/kali/DataHunt/venv/lib/python3.11/site-packages/airflow/example_dags/tutorial_dag.py took 0.418 seconds
[2023-08-15T21:56:48.756+0300] {processor.py:157} INFO - Started process (PID=242222) to work on /mnt/kali/DataHunt/venv/lib/python3.11/site-packages/airflow/example_dags/tutorial_dag.py
[2023-08-15T21:56:48.881+0300] {processor.py:826} INFO - Processing file /mnt/kali/DataHunt/venv/lib/python3.11/site-packages/airflow/example_dags/tutorial_dag.py for tasks to queue
[2023-08-15T21:56:48.909+0300] {logging_mixin.py:150} INFO - [2023-08-15T21:56:48.908+0300] {dagbag.py:541} INFO - Filling up the DagBag from /mnt/kali/DataHunt/venv/lib/python3.11/site-packages/airflow/example_dags/tutorial_dag.py
[2023-08-15T21:56:48.928+0300] {processor.py:836} INFO - DAG(s) dict_keys(['tutorial_dag']) retrieved from /mnt/kali/DataHunt/venv/lib/python3.11/site-packages/airflow/example_dags/tutorial_dag.py
[2023-08-15T21:56:49.034+0300] {logging_mixin.py:150} INFO - [2023-08-15T21:56:49.033+0300] {dag.py:2742} INFO - Sync 1 DAGs
[2023-08-15T21:56:49.097+0300] {logging_mixin.py:150} INFO - [2023-08-15T21:56:49.096+0300] {dag.py:3504} INFO - Setting next_dagrun for tutorial_dag to None, run_after=None
[2023-08-15T21:56:49.157+0300] {processor.py:179} INFO - Processing /mnt/kali/DataHunt/venv/lib/python3.11/site-packages/airflow/example_dags/tutorial_dag.py took 0.416 seconds
[2023-08-15T21:57:19.791+0300] {processor.py:157} INFO - Started process (PID=242674) to work on /mnt/kali/DataHunt/venv/lib/python3.11/site-packages/airflow/example_dags/tutorial_dag.py
[2023-08-15T21:57:19.823+0300] {processor.py:826} INFO - Processing file /mnt/kali/DataHunt/venv/lib/python3.11/site-packages/airflow/example_dags/tutorial_dag.py for tasks to queue
[2023-08-15T21:57:19.826+0300] {logging_mixin.py:150} INFO - [2023-08-15T21:57:19.825+0300] {dagbag.py:541} INFO - Filling up the DagBag from /mnt/kali/DataHunt/venv/lib/python3.11/site-packages/airflow/example_dags/tutorial_dag.py
[2023-08-15T21:57:19.842+0300] {processor.py:836} INFO - DAG(s) dict_keys(['tutorial_dag']) retrieved from /mnt/kali/DataHunt/venv/lib/python3.11/site-packages/airflow/example_dags/tutorial_dag.py
[2023-08-15T21:57:19.999+0300] {logging_mixin.py:150} INFO - [2023-08-15T21:57:19.999+0300] {dag.py:2742} INFO - Sync 1 DAGs
[2023-08-15T21:57:20.084+0300] {logging_mixin.py:150} INFO - [2023-08-15T21:57:20.083+0300] {dag.py:3504} INFO - Setting next_dagrun for tutorial_dag to None, run_after=None
[2023-08-15T21:57:20.243+0300] {processor.py:179} INFO - Processing /mnt/kali/DataHunt/venv/lib/python3.11/site-packages/airflow/example_dags/tutorial_dag.py took 0.462 seconds
[2023-08-15T21:57:50.846+0300] {processor.py:157} INFO - Started process (PID=243121) to work on /mnt/kali/DataHunt/venv/lib/python3.11/site-packages/airflow/example_dags/tutorial_dag.py
[2023-08-15T21:57:50.848+0300] {processor.py:826} INFO - Processing file /mnt/kali/DataHunt/venv/lib/python3.11/site-packages/airflow/example_dags/tutorial_dag.py for tasks to queue
[2023-08-15T21:57:50.851+0300] {logging_mixin.py:150} INFO - [2023-08-15T21:57:50.850+0300] {dagbag.py:541} INFO - Filling up the DagBag from /mnt/kali/DataHunt/venv/lib/python3.11/site-packages/airflow/example_dags/tutorial_dag.py
[2023-08-15T21:57:50.869+0300] {processor.py:836} INFO - DAG(s) dict_keys(['tutorial_dag']) retrieved from /mnt/kali/DataHunt/venv/lib/python3.11/site-packages/airflow/example_dags/tutorial_dag.py
[2023-08-15T21:57:50.977+0300] {logging_mixin.py:150} INFO - [2023-08-15T21:57:50.977+0300] {dag.py:2742} INFO - Sync 1 DAGs
[2023-08-15T21:57:51.059+0300] {logging_mixin.py:150} INFO - [2023-08-15T21:57:51.058+0300] {dag.py:3504} INFO - Setting next_dagrun for tutorial_dag to None, run_after=None
[2023-08-15T21:57:51.131+0300] {processor.py:179} INFO - Processing /mnt/kali/DataHunt/venv/lib/python3.11/site-packages/airflow/example_dags/tutorial_dag.py took 0.296 seconds
