[2023-08-15T21:23:23.128+0300] {processor.py:157} INFO - Started process (PID=212841) to work on /mnt/kali/DataHunt/venv/lib/python3.11/site-packages/airflow/example_dags/tutorial_taskflow_api_virtualenv.py
[2023-08-15T21:23:23.131+0300] {processor.py:826} INFO - Processing file /mnt/kali/DataHunt/venv/lib/python3.11/site-packages/airflow/example_dags/tutorial_taskflow_api_virtualenv.py for tasks to queue
[2023-08-15T21:23:23.134+0300] {logging_mixin.py:150} INFO - [2023-08-15T21:23:23.133+0300] {dagbag.py:541} INFO - Filling up the DagBag from /mnt/kali/DataHunt/venv/lib/python3.11/site-packages/airflow/example_dags/tutorial_taskflow_api_virtualenv.py
[2023-08-15T21:23:23.205+0300] {processor.py:836} INFO - DAG(s) dict_keys(['tutorial_taskflow_api_virtualenv']) retrieved from /mnt/kali/DataHunt/venv/lib/python3.11/site-packages/airflow/example_dags/tutorial_taskflow_api_virtualenv.py
[2023-08-15T21:23:24.673+0300] {logging_mixin.py:150} INFO - [2023-08-15T21:23:24.672+0300] {manager.py:504} INFO - Created Permission View: can edit on DAG:tutorial_taskflow_api_virtualenv
[2023-08-15T21:23:25.262+0300] {logging_mixin.py:150} INFO - [2023-08-15T21:23:25.262+0300] {manager.py:504} INFO - Created Permission View: can delete on DAG:tutorial_taskflow_api_virtualenv
[2023-08-15T21:23:25.626+0300] {logging_mixin.py:150} INFO - [2023-08-15T21:23:25.625+0300] {manager.py:504} INFO - Created Permission View: can read on DAG:tutorial_taskflow_api_virtualenv
[2023-08-15T21:23:25.720+0300] {logging_mixin.py:150} INFO - [2023-08-15T21:23:25.719+0300] {dag.py:2742} INFO - Sync 1 DAGs
[2023-08-15T21:23:26.021+0300] {logging_mixin.py:150} INFO - [2023-08-15T21:23:26.020+0300] {dag.py:2763} INFO - Creating ORM DAG for tutorial_taskflow_api_virtualenv
[2023-08-15T21:23:26.044+0300] {logging_mixin.py:150} INFO - [2023-08-15T21:23:26.043+0300] {dag.py:3504} INFO - Setting next_dagrun for tutorial_taskflow_api_virtualenv to None, run_after=None
[2023-08-15T21:23:27.423+0300] {processor.py:179} INFO - Processing /mnt/kali/DataHunt/venv/lib/python3.11/site-packages/airflow/example_dags/tutorial_taskflow_api_virtualenv.py took 4.317 seconds
[2023-08-15T21:26:44.720+0300] {processor.py:157} INFO - Started process (PID=215403) to work on /mnt/kali/DataHunt/venv/lib/python3.11/site-packages/airflow/example_dags/tutorial_taskflow_api_virtualenv.py
[2023-08-15T21:26:44.736+0300] {processor.py:826} INFO - Processing file /mnt/kali/DataHunt/venv/lib/python3.11/site-packages/airflow/example_dags/tutorial_taskflow_api_virtualenv.py for tasks to queue
[2023-08-15T21:26:44.741+0300] {logging_mixin.py:150} INFO - [2023-08-15T21:26:44.739+0300] {dagbag.py:541} INFO - Filling up the DagBag from /mnt/kali/DataHunt/venv/lib/python3.11/site-packages/airflow/example_dags/tutorial_taskflow_api_virtualenv.py
[2023-08-15T21:26:44.777+0300] {processor.py:836} INFO - DAG(s) dict_keys(['tutorial_taskflow_api_virtualenv']) retrieved from /mnt/kali/DataHunt/venv/lib/python3.11/site-packages/airflow/example_dags/tutorial_taskflow_api_virtualenv.py
[2023-08-15T21:26:44.852+0300] {logging_mixin.py:150} INFO - [2023-08-15T21:26:44.852+0300] {dag.py:2742} INFO - Sync 1 DAGs
[2023-08-15T21:26:44.941+0300] {logging_mixin.py:150} INFO - [2023-08-15T21:26:44.940+0300] {dag.py:3504} INFO - Setting next_dagrun for tutorial_taskflow_api_virtualenv to None, run_after=None
[2023-08-15T21:26:45.190+0300] {processor.py:179} INFO - Processing /mnt/kali/DataHunt/venv/lib/python3.11/site-packages/airflow/example_dags/tutorial_taskflow_api_virtualenv.py took 0.482 seconds
[2023-08-15T21:28:36.733+0300] {processor.py:157} INFO - Started process (PID=216694) to work on /mnt/kali/DataHunt/venv/lib/python3.11/site-packages/airflow/example_dags/tutorial_taskflow_api_virtualenv.py
[2023-08-15T21:28:36.803+0300] {processor.py:826} INFO - Processing file /mnt/kali/DataHunt/venv/lib/python3.11/site-packages/airflow/example_dags/tutorial_taskflow_api_virtualenv.py for tasks to queue
[2023-08-15T21:28:36.806+0300] {logging_mixin.py:150} INFO - [2023-08-15T21:28:36.804+0300] {dagbag.py:541} INFO - Filling up the DagBag from /mnt/kali/DataHunt/venv/lib/python3.11/site-packages/airflow/example_dags/tutorial_taskflow_api_virtualenv.py
[2023-08-15T21:28:36.897+0300] {processor.py:836} INFO - DAG(s) dict_keys(['tutorial_taskflow_api_virtualenv']) retrieved from /mnt/kali/DataHunt/venv/lib/python3.11/site-packages/airflow/example_dags/tutorial_taskflow_api_virtualenv.py
[2023-08-15T21:28:37.132+0300] {logging_mixin.py:150} INFO - [2023-08-15T21:28:37.131+0300] {dag.py:2742} INFO - Sync 1 DAGs
[2023-08-15T21:28:37.247+0300] {logging_mixin.py:150} INFO - [2023-08-15T21:28:37.246+0300] {dag.py:3504} INFO - Setting next_dagrun for tutorial_taskflow_api_virtualenv to None, run_after=None
[2023-08-15T21:28:37.609+0300] {processor.py:179} INFO - Processing /mnt/kali/DataHunt/venv/lib/python3.11/site-packages/airflow/example_dags/tutorial_taskflow_api_virtualenv.py took 0.909 seconds
[2023-08-15T21:29:58.769+0300] {processor.py:157} INFO - Started process (PID=217712) to work on /mnt/kali/DataHunt/venv/lib/python3.11/site-packages/airflow/example_dags/tutorial_taskflow_api_virtualenv.py
[2023-08-15T21:29:58.810+0300] {processor.py:826} INFO - Processing file /mnt/kali/DataHunt/venv/lib/python3.11/site-packages/airflow/example_dags/tutorial_taskflow_api_virtualenv.py for tasks to queue
[2023-08-15T21:29:58.814+0300] {logging_mixin.py:150} INFO - [2023-08-15T21:29:58.812+0300] {dagbag.py:541} INFO - Filling up the DagBag from /mnt/kali/DataHunt/venv/lib/python3.11/site-packages/airflow/example_dags/tutorial_taskflow_api_virtualenv.py
[2023-08-15T21:29:58.848+0300] {processor.py:836} INFO - DAG(s) dict_keys(['tutorial_taskflow_api_virtualenv']) retrieved from /mnt/kali/DataHunt/venv/lib/python3.11/site-packages/airflow/example_dags/tutorial_taskflow_api_virtualenv.py
[2023-08-15T21:29:58.931+0300] {logging_mixin.py:150} INFO - [2023-08-15T21:29:58.930+0300] {dag.py:2742} INFO - Sync 1 DAGs
[2023-08-15T21:29:59.124+0300] {logging_mixin.py:150} INFO - [2023-08-15T21:29:59.124+0300] {dag.py:3504} INFO - Setting next_dagrun for tutorial_taskflow_api_virtualenv to None, run_after=None
[2023-08-15T21:29:59.385+0300] {processor.py:179} INFO - Processing /mnt/kali/DataHunt/venv/lib/python3.11/site-packages/airflow/example_dags/tutorial_taskflow_api_virtualenv.py took 0.629 seconds
[2023-08-15T21:47:12.449+0300] {processor.py:157} INFO - Started process (PID=233511) to work on /mnt/kali/DataHunt/venv/lib/python3.11/site-packages/airflow/example_dags/tutorial_taskflow_api_virtualenv.py
[2023-08-15T21:47:12.472+0300] {processor.py:826} INFO - Processing file /mnt/kali/DataHunt/venv/lib/python3.11/site-packages/airflow/example_dags/tutorial_taskflow_api_virtualenv.py for tasks to queue
[2023-08-15T21:47:12.479+0300] {logging_mixin.py:150} INFO - [2023-08-15T21:47:12.475+0300] {dagbag.py:541} INFO - Filling up the DagBag from /mnt/kali/DataHunt/venv/lib/python3.11/site-packages/airflow/example_dags/tutorial_taskflow_api_virtualenv.py
[2023-08-15T21:47:12.547+0300] {processor.py:836} INFO - DAG(s) dict_keys(['tutorial_taskflow_api_virtualenv']) retrieved from /mnt/kali/DataHunt/venv/lib/python3.11/site-packages/airflow/example_dags/tutorial_taskflow_api_virtualenv.py
[2023-08-15T21:47:13.830+0300] {logging_mixin.py:150} INFO - [2023-08-15T21:47:13.830+0300] {manager.py:504} INFO - Created Permission View: can read on DAG:tutorial_taskflow_api_virtualenv
[2023-08-15T21:47:13.957+0300] {logging_mixin.py:150} INFO - [2023-08-15T21:47:13.956+0300] {manager.py:504} INFO - Created Permission View: can delete on DAG:tutorial_taskflow_api_virtualenv
[2023-08-15T21:47:14.090+0300] {logging_mixin.py:150} INFO - [2023-08-15T21:47:14.090+0300] {manager.py:504} INFO - Created Permission View: can edit on DAG:tutorial_taskflow_api_virtualenv
[2023-08-15T21:47:14.220+0300] {logging_mixin.py:150} INFO - [2023-08-15T21:47:14.220+0300] {dag.py:2742} INFO - Sync 1 DAGs
[2023-08-15T21:47:14.264+0300] {logging_mixin.py:150} INFO - [2023-08-15T21:47:14.263+0300] {dag.py:2763} INFO - Creating ORM DAG for tutorial_taskflow_api_virtualenv
[2023-08-15T21:47:14.304+0300] {logging_mixin.py:150} INFO - [2023-08-15T21:47:14.303+0300] {dag.py:3504} INFO - Setting next_dagrun for tutorial_taskflow_api_virtualenv to None, run_after=None
[2023-08-15T21:47:14.593+0300] {processor.py:179} INFO - Processing /mnt/kali/DataHunt/venv/lib/python3.11/site-packages/airflow/example_dags/tutorial_taskflow_api_virtualenv.py took 2.171 seconds
[2023-08-15T21:47:47.489+0300] {processor.py:157} INFO - Started process (PID=233885) to work on /mnt/kali/DataHunt/venv/lib/python3.11/site-packages/airflow/example_dags/tutorial_taskflow_api_virtualenv.py
[2023-08-15T21:47:47.499+0300] {processor.py:826} INFO - Processing file /mnt/kali/DataHunt/venv/lib/python3.11/site-packages/airflow/example_dags/tutorial_taskflow_api_virtualenv.py for tasks to queue
[2023-08-15T21:47:47.502+0300] {logging_mixin.py:150} INFO - [2023-08-15T21:47:47.501+0300] {dagbag.py:541} INFO - Filling up the DagBag from /mnt/kali/DataHunt/venv/lib/python3.11/site-packages/airflow/example_dags/tutorial_taskflow_api_virtualenv.py
[2023-08-15T21:47:47.549+0300] {processor.py:836} INFO - DAG(s) dict_keys(['tutorial_taskflow_api_virtualenv']) retrieved from /mnt/kali/DataHunt/venv/lib/python3.11/site-packages/airflow/example_dags/tutorial_taskflow_api_virtualenv.py
[2023-08-15T21:47:47.751+0300] {logging_mixin.py:150} INFO - [2023-08-15T21:47:47.751+0300] {dag.py:2742} INFO - Sync 1 DAGs
[2023-08-15T21:47:47.827+0300] {logging_mixin.py:150} INFO - [2023-08-15T21:47:47.827+0300] {dag.py:3504} INFO - Setting next_dagrun for tutorial_taskflow_api_virtualenv to None, run_after=None
[2023-08-15T21:47:47.967+0300] {processor.py:179} INFO - Processing /mnt/kali/DataHunt/venv/lib/python3.11/site-packages/airflow/example_dags/tutorial_taskflow_api_virtualenv.py took 0.490 seconds
[2023-08-15T21:48:18.149+0300] {processor.py:157} INFO - Started process (PID=234269) to work on /mnt/kali/DataHunt/venv/lib/python3.11/site-packages/airflow/example_dags/tutorial_taskflow_api_virtualenv.py
[2023-08-15T21:48:18.153+0300] {processor.py:826} INFO - Processing file /mnt/kali/DataHunt/venv/lib/python3.11/site-packages/airflow/example_dags/tutorial_taskflow_api_virtualenv.py for tasks to queue
[2023-08-15T21:48:18.156+0300] {logging_mixin.py:150} INFO - [2023-08-15T21:48:18.155+0300] {dagbag.py:541} INFO - Filling up the DagBag from /mnt/kali/DataHunt/venv/lib/python3.11/site-packages/airflow/example_dags/tutorial_taskflow_api_virtualenv.py
[2023-08-15T21:48:18.202+0300] {processor.py:836} INFO - DAG(s) dict_keys(['tutorial_taskflow_api_virtualenv']) retrieved from /mnt/kali/DataHunt/venv/lib/python3.11/site-packages/airflow/example_dags/tutorial_taskflow_api_virtualenv.py
[2023-08-15T21:48:18.340+0300] {logging_mixin.py:150} INFO - [2023-08-15T21:48:18.340+0300] {dag.py:2742} INFO - Sync 1 DAGs
[2023-08-15T21:48:18.545+0300] {logging_mixin.py:150} INFO - [2023-08-15T21:48:18.545+0300] {dag.py:3504} INFO - Setting next_dagrun for tutorial_taskflow_api_virtualenv to None, run_after=None
[2023-08-15T21:48:18.705+0300] {processor.py:179} INFO - Processing /mnt/kali/DataHunt/venv/lib/python3.11/site-packages/airflow/example_dags/tutorial_taskflow_api_virtualenv.py took 0.582 seconds
[2023-08-15T21:48:48.934+0300] {processor.py:157} INFO - Started process (PID=234893) to work on /mnt/kali/DataHunt/venv/lib/python3.11/site-packages/airflow/example_dags/tutorial_taskflow_api_virtualenv.py
[2023-08-15T21:48:48.944+0300] {processor.py:826} INFO - Processing file /mnt/kali/DataHunt/venv/lib/python3.11/site-packages/airflow/example_dags/tutorial_taskflow_api_virtualenv.py for tasks to queue
[2023-08-15T21:48:48.946+0300] {logging_mixin.py:150} INFO - [2023-08-15T21:48:48.945+0300] {dagbag.py:541} INFO - Filling up the DagBag from /mnt/kali/DataHunt/venv/lib/python3.11/site-packages/airflow/example_dags/tutorial_taskflow_api_virtualenv.py
[2023-08-15T21:48:48.966+0300] {processor.py:836} INFO - DAG(s) dict_keys(['tutorial_taskflow_api_virtualenv']) retrieved from /mnt/kali/DataHunt/venv/lib/python3.11/site-packages/airflow/example_dags/tutorial_taskflow_api_virtualenv.py
[2023-08-15T21:48:49.051+0300] {logging_mixin.py:150} INFO - [2023-08-15T21:48:49.051+0300] {dag.py:2742} INFO - Sync 1 DAGs
[2023-08-15T21:48:49.115+0300] {logging_mixin.py:150} INFO - [2023-08-15T21:48:49.114+0300] {dag.py:3504} INFO - Setting next_dagrun for tutorial_taskflow_api_virtualenv to None, run_after=None
[2023-08-15T21:48:49.184+0300] {processor.py:179} INFO - Processing /mnt/kali/DataHunt/venv/lib/python3.11/site-packages/airflow/example_dags/tutorial_taskflow_api_virtualenv.py took 0.260 seconds
[2023-08-15T21:49:20.340+0300] {processor.py:157} INFO - Started process (PID=235378) to work on /mnt/kali/DataHunt/venv/lib/python3.11/site-packages/airflow/example_dags/tutorial_taskflow_api_virtualenv.py
[2023-08-15T21:49:20.394+0300] {processor.py:826} INFO - Processing file /mnt/kali/DataHunt/venv/lib/python3.11/site-packages/airflow/example_dags/tutorial_taskflow_api_virtualenv.py for tasks to queue
[2023-08-15T21:49:20.396+0300] {logging_mixin.py:150} INFO - [2023-08-15T21:49:20.395+0300] {dagbag.py:541} INFO - Filling up the DagBag from /mnt/kali/DataHunt/venv/lib/python3.11/site-packages/airflow/example_dags/tutorial_taskflow_api_virtualenv.py
[2023-08-15T21:49:20.416+0300] {processor.py:836} INFO - DAG(s) dict_keys(['tutorial_taskflow_api_virtualenv']) retrieved from /mnt/kali/DataHunt/venv/lib/python3.11/site-packages/airflow/example_dags/tutorial_taskflow_api_virtualenv.py
[2023-08-15T21:49:20.608+0300] {logging_mixin.py:150} INFO - [2023-08-15T21:49:20.607+0300] {dag.py:2742} INFO - Sync 1 DAGs
[2023-08-15T21:49:21.403+0300] {logging_mixin.py:150} INFO - [2023-08-15T21:49:21.402+0300] {dag.py:3504} INFO - Setting next_dagrun for tutorial_taskflow_api_virtualenv to None, run_after=None
[2023-08-15T21:49:21.488+0300] {processor.py:179} INFO - Processing /mnt/kali/DataHunt/venv/lib/python3.11/site-packages/airflow/example_dags/tutorial_taskflow_api_virtualenv.py took 1.160 seconds
[2023-08-15T21:49:53.171+0300] {processor.py:157} INFO - Started process (PID=235866) to work on /mnt/kali/DataHunt/venv/lib/python3.11/site-packages/airflow/example_dags/tutorial_taskflow_api_virtualenv.py
[2023-08-15T21:49:53.173+0300] {processor.py:826} INFO - Processing file /mnt/kali/DataHunt/venv/lib/python3.11/site-packages/airflow/example_dags/tutorial_taskflow_api_virtualenv.py for tasks to queue
[2023-08-15T21:49:53.175+0300] {logging_mixin.py:150} INFO - [2023-08-15T21:49:53.174+0300] {dagbag.py:541} INFO - Filling up the DagBag from /mnt/kali/DataHunt/venv/lib/python3.11/site-packages/airflow/example_dags/tutorial_taskflow_api_virtualenv.py
[2023-08-15T21:49:53.194+0300] {processor.py:836} INFO - DAG(s) dict_keys(['tutorial_taskflow_api_virtualenv']) retrieved from /mnt/kali/DataHunt/venv/lib/python3.11/site-packages/airflow/example_dags/tutorial_taskflow_api_virtualenv.py
[2023-08-15T21:49:53.276+0300] {logging_mixin.py:150} INFO - [2023-08-15T21:49:53.275+0300] {dag.py:2742} INFO - Sync 1 DAGs
[2023-08-15T21:49:53.343+0300] {logging_mixin.py:150} INFO - [2023-08-15T21:49:53.343+0300] {dag.py:3504} INFO - Setting next_dagrun for tutorial_taskflow_api_virtualenv to None, run_after=None
[2023-08-15T21:49:53.914+0300] {processor.py:179} INFO - Processing /mnt/kali/DataHunt/venv/lib/python3.11/site-packages/airflow/example_dags/tutorial_taskflow_api_virtualenv.py took 0.750 seconds
[2023-08-15T21:50:24.547+0300] {processor.py:157} INFO - Started process (PID=236182) to work on /mnt/kali/DataHunt/venv/lib/python3.11/site-packages/airflow/example_dags/tutorial_taskflow_api_virtualenv.py
[2023-08-15T21:50:24.653+0300] {processor.py:826} INFO - Processing file /mnt/kali/DataHunt/venv/lib/python3.11/site-packages/airflow/example_dags/tutorial_taskflow_api_virtualenv.py for tasks to queue
[2023-08-15T21:50:24.656+0300] {logging_mixin.py:150} INFO - [2023-08-15T21:50:24.654+0300] {dagbag.py:541} INFO - Filling up the DagBag from /mnt/kali/DataHunt/venv/lib/python3.11/site-packages/airflow/example_dags/tutorial_taskflow_api_virtualenv.py
[2023-08-15T21:50:24.778+0300] {processor.py:836} INFO - DAG(s) dict_keys(['tutorial_taskflow_api_virtualenv']) retrieved from /mnt/kali/DataHunt/venv/lib/python3.11/site-packages/airflow/example_dags/tutorial_taskflow_api_virtualenv.py
[2023-08-15T21:50:25.135+0300] {logging_mixin.py:150} INFO - [2023-08-15T21:50:25.135+0300] {dag.py:2742} INFO - Sync 1 DAGs
[2023-08-15T21:50:25.388+0300] {logging_mixin.py:150} INFO - [2023-08-15T21:50:25.387+0300] {dag.py:3504} INFO - Setting next_dagrun for tutorial_taskflow_api_virtualenv to None, run_after=None
[2023-08-15T21:50:25.661+0300] {processor.py:179} INFO - Processing /mnt/kali/DataHunt/venv/lib/python3.11/site-packages/airflow/example_dags/tutorial_taskflow_api_virtualenv.py took 1.141 seconds
[2023-08-15T21:50:55.822+0300] {processor.py:157} INFO - Started process (PID=236648) to work on /mnt/kali/DataHunt/venv/lib/python3.11/site-packages/airflow/example_dags/tutorial_taskflow_api_virtualenv.py
[2023-08-15T21:50:55.839+0300] {processor.py:826} INFO - Processing file /mnt/kali/DataHunt/venv/lib/python3.11/site-packages/airflow/example_dags/tutorial_taskflow_api_virtualenv.py for tasks to queue
[2023-08-15T21:50:55.841+0300] {logging_mixin.py:150} INFO - [2023-08-15T21:50:55.840+0300] {dagbag.py:541} INFO - Filling up the DagBag from /mnt/kali/DataHunt/venv/lib/python3.11/site-packages/airflow/example_dags/tutorial_taskflow_api_virtualenv.py
[2023-08-15T21:50:55.862+0300] {processor.py:836} INFO - DAG(s) dict_keys(['tutorial_taskflow_api_virtualenv']) retrieved from /mnt/kali/DataHunt/venv/lib/python3.11/site-packages/airflow/example_dags/tutorial_taskflow_api_virtualenv.py
[2023-08-15T21:50:55.966+0300] {logging_mixin.py:150} INFO - [2023-08-15T21:50:55.965+0300] {dag.py:2742} INFO - Sync 1 DAGs
[2023-08-15T21:50:56.060+0300] {logging_mixin.py:150} INFO - [2023-08-15T21:50:56.060+0300] {dag.py:3504} INFO - Setting next_dagrun for tutorial_taskflow_api_virtualenv to None, run_after=None
[2023-08-15T21:50:56.147+0300] {processor.py:179} INFO - Processing /mnt/kali/DataHunt/venv/lib/python3.11/site-packages/airflow/example_dags/tutorial_taskflow_api_virtualenv.py took 0.337 seconds
[2023-08-15T21:51:26.355+0300] {processor.py:157} INFO - Started process (PID=237197) to work on /mnt/kali/DataHunt/venv/lib/python3.11/site-packages/airflow/example_dags/tutorial_taskflow_api_virtualenv.py
[2023-08-15T21:51:26.358+0300] {processor.py:826} INFO - Processing file /mnt/kali/DataHunt/venv/lib/python3.11/site-packages/airflow/example_dags/tutorial_taskflow_api_virtualenv.py for tasks to queue
[2023-08-15T21:51:26.360+0300] {logging_mixin.py:150} INFO - [2023-08-15T21:51:26.359+0300] {dagbag.py:541} INFO - Filling up the DagBag from /mnt/kali/DataHunt/venv/lib/python3.11/site-packages/airflow/example_dags/tutorial_taskflow_api_virtualenv.py
[2023-08-15T21:51:26.387+0300] {processor.py:836} INFO - DAG(s) dict_keys(['tutorial_taskflow_api_virtualenv']) retrieved from /mnt/kali/DataHunt/venv/lib/python3.11/site-packages/airflow/example_dags/tutorial_taskflow_api_virtualenv.py
[2023-08-15T21:51:26.504+0300] {logging_mixin.py:150} INFO - [2023-08-15T21:51:26.503+0300] {dag.py:2742} INFO - Sync 1 DAGs
[2023-08-15T21:51:26.581+0300] {logging_mixin.py:150} INFO - [2023-08-15T21:51:26.575+0300] {dag.py:3504} INFO - Setting next_dagrun for tutorial_taskflow_api_virtualenv to None, run_after=None
[2023-08-15T21:51:26.643+0300] {processor.py:179} INFO - Processing /mnt/kali/DataHunt/venv/lib/python3.11/site-packages/airflow/example_dags/tutorial_taskflow_api_virtualenv.py took 0.303 seconds
[2023-08-15T21:51:57.038+0300] {processor.py:157} INFO - Started process (PID=237766) to work on /mnt/kali/DataHunt/venv/lib/python3.11/site-packages/airflow/example_dags/tutorial_taskflow_api_virtualenv.py
[2023-08-15T21:51:57.040+0300] {processor.py:826} INFO - Processing file /mnt/kali/DataHunt/venv/lib/python3.11/site-packages/airflow/example_dags/tutorial_taskflow_api_virtualenv.py for tasks to queue
[2023-08-15T21:51:57.042+0300] {logging_mixin.py:150} INFO - [2023-08-15T21:51:57.041+0300] {dagbag.py:541} INFO - Filling up the DagBag from /mnt/kali/DataHunt/venv/lib/python3.11/site-packages/airflow/example_dags/tutorial_taskflow_api_virtualenv.py
[2023-08-15T21:51:57.061+0300] {processor.py:836} INFO - DAG(s) dict_keys(['tutorial_taskflow_api_virtualenv']) retrieved from /mnt/kali/DataHunt/venv/lib/python3.11/site-packages/airflow/example_dags/tutorial_taskflow_api_virtualenv.py
[2023-08-15T21:51:57.167+0300] {logging_mixin.py:150} INFO - [2023-08-15T21:51:57.166+0300] {dag.py:2742} INFO - Sync 1 DAGs
[2023-08-15T21:51:57.247+0300] {logging_mixin.py:150} INFO - [2023-08-15T21:51:57.247+0300] {dag.py:3504} INFO - Setting next_dagrun for tutorial_taskflow_api_virtualenv to None, run_after=None
[2023-08-15T21:51:57.320+0300] {processor.py:179} INFO - Processing /mnt/kali/DataHunt/venv/lib/python3.11/site-packages/airflow/example_dags/tutorial_taskflow_api_virtualenv.py took 0.296 seconds
[2023-08-15T21:52:27.695+0300] {processor.py:157} INFO - Started process (PID=238143) to work on /mnt/kali/DataHunt/venv/lib/python3.11/site-packages/airflow/example_dags/tutorial_taskflow_api_virtualenv.py
[2023-08-15T21:52:27.697+0300] {processor.py:826} INFO - Processing file /mnt/kali/DataHunt/venv/lib/python3.11/site-packages/airflow/example_dags/tutorial_taskflow_api_virtualenv.py for tasks to queue
[2023-08-15T21:52:27.700+0300] {logging_mixin.py:150} INFO - [2023-08-15T21:52:27.699+0300] {dagbag.py:541} INFO - Filling up the DagBag from /mnt/kali/DataHunt/venv/lib/python3.11/site-packages/airflow/example_dags/tutorial_taskflow_api_virtualenv.py
[2023-08-15T21:52:27.726+0300] {processor.py:836} INFO - DAG(s) dict_keys(['tutorial_taskflow_api_virtualenv']) retrieved from /mnt/kali/DataHunt/venv/lib/python3.11/site-packages/airflow/example_dags/tutorial_taskflow_api_virtualenv.py
[2023-08-15T21:52:27.841+0300] {logging_mixin.py:150} INFO - [2023-08-15T21:52:27.840+0300] {dag.py:2742} INFO - Sync 1 DAGs
[2023-08-15T21:52:27.907+0300] {logging_mixin.py:150} INFO - [2023-08-15T21:52:27.906+0300] {dag.py:3504} INFO - Setting next_dagrun for tutorial_taskflow_api_virtualenv to None, run_after=None
[2023-08-15T21:52:27.976+0300] {processor.py:179} INFO - Processing /mnt/kali/DataHunt/venv/lib/python3.11/site-packages/airflow/example_dags/tutorial_taskflow_api_virtualenv.py took 0.291 seconds
[2023-08-15T21:52:58.265+0300] {processor.py:157} INFO - Started process (PID=238530) to work on /mnt/kali/DataHunt/venv/lib/python3.11/site-packages/airflow/example_dags/tutorial_taskflow_api_virtualenv.py
[2023-08-15T21:52:58.282+0300] {processor.py:826} INFO - Processing file /mnt/kali/DataHunt/venv/lib/python3.11/site-packages/airflow/example_dags/tutorial_taskflow_api_virtualenv.py for tasks to queue
[2023-08-15T21:52:58.284+0300] {logging_mixin.py:150} INFO - [2023-08-15T21:52:58.283+0300] {dagbag.py:541} INFO - Filling up the DagBag from /mnt/kali/DataHunt/venv/lib/python3.11/site-packages/airflow/example_dags/tutorial_taskflow_api_virtualenv.py
[2023-08-15T21:52:58.306+0300] {processor.py:836} INFO - DAG(s) dict_keys(['tutorial_taskflow_api_virtualenv']) retrieved from /mnt/kali/DataHunt/venv/lib/python3.11/site-packages/airflow/example_dags/tutorial_taskflow_api_virtualenv.py
[2023-08-15T21:52:58.396+0300] {logging_mixin.py:150} INFO - [2023-08-15T21:52:58.396+0300] {dag.py:2742} INFO - Sync 1 DAGs
[2023-08-15T21:52:58.457+0300] {logging_mixin.py:150} INFO - [2023-08-15T21:52:58.457+0300] {dag.py:3504} INFO - Setting next_dagrun for tutorial_taskflow_api_virtualenv to None, run_after=None
[2023-08-15T21:52:58.531+0300] {processor.py:179} INFO - Processing /mnt/kali/DataHunt/venv/lib/python3.11/site-packages/airflow/example_dags/tutorial_taskflow_api_virtualenv.py took 0.277 seconds
[2023-08-15T21:53:28.885+0300] {processor.py:157} INFO - Started process (PID=239096) to work on /mnt/kali/DataHunt/venv/lib/python3.11/site-packages/airflow/example_dags/tutorial_taskflow_api_virtualenv.py
[2023-08-15T21:53:28.904+0300] {processor.py:826} INFO - Processing file /mnt/kali/DataHunt/venv/lib/python3.11/site-packages/airflow/example_dags/tutorial_taskflow_api_virtualenv.py for tasks to queue
[2023-08-15T21:53:28.906+0300] {logging_mixin.py:150} INFO - [2023-08-15T21:53:28.905+0300] {dagbag.py:541} INFO - Filling up the DagBag from /mnt/kali/DataHunt/venv/lib/python3.11/site-packages/airflow/example_dags/tutorial_taskflow_api_virtualenv.py
[2023-08-15T21:53:28.931+0300] {processor.py:836} INFO - DAG(s) dict_keys(['tutorial_taskflow_api_virtualenv']) retrieved from /mnt/kali/DataHunt/venv/lib/python3.11/site-packages/airflow/example_dags/tutorial_taskflow_api_virtualenv.py
[2023-08-15T21:53:29.067+0300] {logging_mixin.py:150} INFO - [2023-08-15T21:53:29.066+0300] {dag.py:2742} INFO - Sync 1 DAGs
[2023-08-15T21:53:29.153+0300] {logging_mixin.py:150} INFO - [2023-08-15T21:53:29.153+0300] {dag.py:3504} INFO - Setting next_dagrun for tutorial_taskflow_api_virtualenv to None, run_after=None
[2023-08-15T21:53:29.220+0300] {processor.py:179} INFO - Processing /mnt/kali/DataHunt/venv/lib/python3.11/site-packages/airflow/example_dags/tutorial_taskflow_api_virtualenv.py took 0.346 seconds
[2023-08-15T21:54:00.149+0300] {processor.py:157} INFO - Started process (PID=239542) to work on /mnt/kali/DataHunt/venv/lib/python3.11/site-packages/airflow/example_dags/tutorial_taskflow_api_virtualenv.py
[2023-08-15T21:54:00.196+0300] {processor.py:826} INFO - Processing file /mnt/kali/DataHunt/venv/lib/python3.11/site-packages/airflow/example_dags/tutorial_taskflow_api_virtualenv.py for tasks to queue
[2023-08-15T21:54:00.213+0300] {logging_mixin.py:150} INFO - [2023-08-15T21:54:00.212+0300] {dagbag.py:541} INFO - Filling up the DagBag from /mnt/kali/DataHunt/venv/lib/python3.11/site-packages/airflow/example_dags/tutorial_taskflow_api_virtualenv.py
[2023-08-15T21:54:00.347+0300] {processor.py:836} INFO - DAG(s) dict_keys(['tutorial_taskflow_api_virtualenv']) retrieved from /mnt/kali/DataHunt/venv/lib/python3.11/site-packages/airflow/example_dags/tutorial_taskflow_api_virtualenv.py
[2023-08-15T21:54:00.783+0300] {logging_mixin.py:150} INFO - [2023-08-15T21:54:00.783+0300] {dag.py:2742} INFO - Sync 1 DAGs
[2023-08-15T21:54:01.219+0300] {logging_mixin.py:150} INFO - [2023-08-15T21:54:01.218+0300] {dag.py:3504} INFO - Setting next_dagrun for tutorial_taskflow_api_virtualenv to None, run_after=None
[2023-08-15T21:54:01.661+0300] {processor.py:179} INFO - Processing /mnt/kali/DataHunt/venv/lib/python3.11/site-packages/airflow/example_dags/tutorial_taskflow_api_virtualenv.py took 1.556 seconds
[2023-08-15T21:54:32.417+0300] {processor.py:157} INFO - Started process (PID=240073) to work on /mnt/kali/DataHunt/venv/lib/python3.11/site-packages/airflow/example_dags/tutorial_taskflow_api_virtualenv.py
[2023-08-15T21:54:32.428+0300] {processor.py:826} INFO - Processing file /mnt/kali/DataHunt/venv/lib/python3.11/site-packages/airflow/example_dags/tutorial_taskflow_api_virtualenv.py for tasks to queue
[2023-08-15T21:54:32.435+0300] {logging_mixin.py:150} INFO - [2023-08-15T21:54:32.429+0300] {dagbag.py:541} INFO - Filling up the DagBag from /mnt/kali/DataHunt/venv/lib/python3.11/site-packages/airflow/example_dags/tutorial_taskflow_api_virtualenv.py
[2023-08-15T21:54:32.520+0300] {processor.py:836} INFO - DAG(s) dict_keys(['tutorial_taskflow_api_virtualenv']) retrieved from /mnt/kali/DataHunt/venv/lib/python3.11/site-packages/airflow/example_dags/tutorial_taskflow_api_virtualenv.py
[2023-08-15T21:54:32.704+0300] {logging_mixin.py:150} INFO - [2023-08-15T21:54:32.703+0300] {dag.py:2742} INFO - Sync 1 DAGs
[2023-08-15T21:54:32.818+0300] {logging_mixin.py:150} INFO - [2023-08-15T21:54:32.817+0300] {dag.py:3504} INFO - Setting next_dagrun for tutorial_taskflow_api_virtualenv to None, run_after=None
[2023-08-15T21:54:32.975+0300] {processor.py:179} INFO - Processing /mnt/kali/DataHunt/venv/lib/python3.11/site-packages/airflow/example_dags/tutorial_taskflow_api_virtualenv.py took 0.582 seconds
[2023-08-15T21:55:03.701+0300] {processor.py:157} INFO - Started process (PID=240470) to work on /mnt/kali/DataHunt/venv/lib/python3.11/site-packages/airflow/example_dags/tutorial_taskflow_api_virtualenv.py
[2023-08-15T21:55:03.716+0300] {processor.py:826} INFO - Processing file /mnt/kali/DataHunt/venv/lib/python3.11/site-packages/airflow/example_dags/tutorial_taskflow_api_virtualenv.py for tasks to queue
[2023-08-15T21:55:03.720+0300] {logging_mixin.py:150} INFO - [2023-08-15T21:55:03.718+0300] {dagbag.py:541} INFO - Filling up the DagBag from /mnt/kali/DataHunt/venv/lib/python3.11/site-packages/airflow/example_dags/tutorial_taskflow_api_virtualenv.py
[2023-08-15T21:55:03.807+0300] {processor.py:836} INFO - DAG(s) dict_keys(['tutorial_taskflow_api_virtualenv']) retrieved from /mnt/kali/DataHunt/venv/lib/python3.11/site-packages/airflow/example_dags/tutorial_taskflow_api_virtualenv.py
[2023-08-15T21:55:03.943+0300] {logging_mixin.py:150} INFO - [2023-08-15T21:55:03.942+0300] {dag.py:2742} INFO - Sync 1 DAGs
[2023-08-15T21:55:04.043+0300] {logging_mixin.py:150} INFO - [2023-08-15T21:55:04.043+0300] {dag.py:3504} INFO - Setting next_dagrun for tutorial_taskflow_api_virtualenv to None, run_after=None
[2023-08-15T21:55:04.191+0300] {processor.py:179} INFO - Processing /mnt/kali/DataHunt/venv/lib/python3.11/site-packages/airflow/example_dags/tutorial_taskflow_api_virtualenv.py took 0.563 seconds
[2023-08-15T21:55:34.908+0300] {processor.py:157} INFO - Started process (PID=240868) to work on /mnt/kali/DataHunt/venv/lib/python3.11/site-packages/airflow/example_dags/tutorial_taskflow_api_virtualenv.py
[2023-08-15T21:55:34.945+0300] {processor.py:826} INFO - Processing file /mnt/kali/DataHunt/venv/lib/python3.11/site-packages/airflow/example_dags/tutorial_taskflow_api_virtualenv.py for tasks to queue
[2023-08-15T21:55:34.948+0300] {logging_mixin.py:150} INFO - [2023-08-15T21:55:34.946+0300] {dagbag.py:541} INFO - Filling up the DagBag from /mnt/kali/DataHunt/venv/lib/python3.11/site-packages/airflow/example_dags/tutorial_taskflow_api_virtualenv.py
[2023-08-15T21:55:34.993+0300] {processor.py:836} INFO - DAG(s) dict_keys(['tutorial_taskflow_api_virtualenv']) retrieved from /mnt/kali/DataHunt/venv/lib/python3.11/site-packages/airflow/example_dags/tutorial_taskflow_api_virtualenv.py
[2023-08-15T21:55:35.191+0300] {logging_mixin.py:150} INFO - [2023-08-15T21:55:35.190+0300] {dag.py:2742} INFO - Sync 1 DAGs
[2023-08-15T21:55:35.622+0300] {logging_mixin.py:150} INFO - [2023-08-15T21:55:35.621+0300] {dag.py:3504} INFO - Setting next_dagrun for tutorial_taskflow_api_virtualenv to None, run_after=None
[2023-08-15T21:55:35.875+0300] {processor.py:179} INFO - Processing /mnt/kali/DataHunt/venv/lib/python3.11/site-packages/airflow/example_dags/tutorial_taskflow_api_virtualenv.py took 0.997 seconds
[2023-08-15T21:56:06.080+0300] {processor.py:157} INFO - Started process (PID=241416) to work on /mnt/kali/DataHunt/venv/lib/python3.11/site-packages/airflow/example_dags/tutorial_taskflow_api_virtualenv.py
[2023-08-15T21:56:06.111+0300] {processor.py:826} INFO - Processing file /mnt/kali/DataHunt/venv/lib/python3.11/site-packages/airflow/example_dags/tutorial_taskflow_api_virtualenv.py for tasks to queue
[2023-08-15T21:56:06.114+0300] {logging_mixin.py:150} INFO - [2023-08-15T21:56:06.113+0300] {dagbag.py:541} INFO - Filling up the DagBag from /mnt/kali/DataHunt/venv/lib/python3.11/site-packages/airflow/example_dags/tutorial_taskflow_api_virtualenv.py
[2023-08-15T21:56:06.141+0300] {processor.py:836} INFO - DAG(s) dict_keys(['tutorial_taskflow_api_virtualenv']) retrieved from /mnt/kali/DataHunt/venv/lib/python3.11/site-packages/airflow/example_dags/tutorial_taskflow_api_virtualenv.py
[2023-08-15T21:56:06.318+0300] {logging_mixin.py:150} INFO - [2023-08-15T21:56:06.317+0300] {dag.py:2742} INFO - Sync 1 DAGs
[2023-08-15T21:56:06.512+0300] {logging_mixin.py:150} INFO - [2023-08-15T21:56:06.511+0300] {dag.py:3504} INFO - Setting next_dagrun for tutorial_taskflow_api_virtualenv to None, run_after=None
[2023-08-15T21:56:06.672+0300] {processor.py:179} INFO - Processing /mnt/kali/DataHunt/venv/lib/python3.11/site-packages/airflow/example_dags/tutorial_taskflow_api_virtualenv.py took 0.607 seconds
[2023-08-15T21:56:37.573+0300] {processor.py:157} INFO - Started process (PID=241917) to work on /mnt/kali/DataHunt/venv/lib/python3.11/site-packages/airflow/example_dags/tutorial_taskflow_api_virtualenv.py
[2023-08-15T21:56:37.646+0300] {processor.py:826} INFO - Processing file /mnt/kali/DataHunt/venv/lib/python3.11/site-packages/airflow/example_dags/tutorial_taskflow_api_virtualenv.py for tasks to queue
[2023-08-15T21:56:37.749+0300] {logging_mixin.py:150} INFO - [2023-08-15T21:56:37.747+0300] {dagbag.py:541} INFO - Filling up the DagBag from /mnt/kali/DataHunt/venv/lib/python3.11/site-packages/airflow/example_dags/tutorial_taskflow_api_virtualenv.py
[2023-08-15T21:56:37.773+0300] {processor.py:836} INFO - DAG(s) dict_keys(['tutorial_taskflow_api_virtualenv']) retrieved from /mnt/kali/DataHunt/venv/lib/python3.11/site-packages/airflow/example_dags/tutorial_taskflow_api_virtualenv.py
[2023-08-15T21:56:37.886+0300] {logging_mixin.py:150} INFO - [2023-08-15T21:56:37.886+0300] {dag.py:2742} INFO - Sync 1 DAGs
[2023-08-15T21:56:37.975+0300] {logging_mixin.py:150} INFO - [2023-08-15T21:56:37.973+0300] {dag.py:3504} INFO - Setting next_dagrun for tutorial_taskflow_api_virtualenv to None, run_after=None
[2023-08-15T21:56:38.159+0300] {processor.py:179} INFO - Processing /mnt/kali/DataHunt/venv/lib/python3.11/site-packages/airflow/example_dags/tutorial_taskflow_api_virtualenv.py took 0.599 seconds
[2023-08-15T21:57:08.338+0300] {processor.py:157} INFO - Started process (PID=242464) to work on /mnt/kali/DataHunt/venv/lib/python3.11/site-packages/airflow/example_dags/tutorial_taskflow_api_virtualenv.py
[2023-08-15T21:57:08.340+0300] {processor.py:826} INFO - Processing file /mnt/kali/DataHunt/venv/lib/python3.11/site-packages/airflow/example_dags/tutorial_taskflow_api_virtualenv.py for tasks to queue
[2023-08-15T21:57:08.343+0300] {logging_mixin.py:150} INFO - [2023-08-15T21:57:08.342+0300] {dagbag.py:541} INFO - Filling up the DagBag from /mnt/kali/DataHunt/venv/lib/python3.11/site-packages/airflow/example_dags/tutorial_taskflow_api_virtualenv.py
[2023-08-15T21:57:08.377+0300] {processor.py:836} INFO - DAG(s) dict_keys(['tutorial_taskflow_api_virtualenv']) retrieved from /mnt/kali/DataHunt/venv/lib/python3.11/site-packages/airflow/example_dags/tutorial_taskflow_api_virtualenv.py
[2023-08-15T21:57:08.568+0300] {logging_mixin.py:150} INFO - [2023-08-15T21:57:08.567+0300] {dag.py:2742} INFO - Sync 1 DAGs
[2023-08-15T21:57:08.669+0300] {logging_mixin.py:150} INFO - [2023-08-15T21:57:08.668+0300] {dag.py:3504} INFO - Setting next_dagrun for tutorial_taskflow_api_virtualenv to None, run_after=None
[2023-08-15T21:57:08.752+0300] {processor.py:179} INFO - Processing /mnt/kali/DataHunt/venv/lib/python3.11/site-packages/airflow/example_dags/tutorial_taskflow_api_virtualenv.py took 0.431 seconds
[2023-08-15T21:57:39.101+0300] {processor.py:157} INFO - Started process (PID=242952) to work on /mnt/kali/DataHunt/venv/lib/python3.11/site-packages/airflow/example_dags/tutorial_taskflow_api_virtualenv.py
[2023-08-15T21:57:39.124+0300] {processor.py:826} INFO - Processing file /mnt/kali/DataHunt/venv/lib/python3.11/site-packages/airflow/example_dags/tutorial_taskflow_api_virtualenv.py for tasks to queue
[2023-08-15T21:57:39.126+0300] {logging_mixin.py:150} INFO - [2023-08-15T21:57:39.125+0300] {dagbag.py:541} INFO - Filling up the DagBag from /mnt/kali/DataHunt/venv/lib/python3.11/site-packages/airflow/example_dags/tutorial_taskflow_api_virtualenv.py
[2023-08-15T21:57:39.153+0300] {processor.py:836} INFO - DAG(s) dict_keys(['tutorial_taskflow_api_virtualenv']) retrieved from /mnt/kali/DataHunt/venv/lib/python3.11/site-packages/airflow/example_dags/tutorial_taskflow_api_virtualenv.py
[2023-08-15T21:57:39.265+0300] {logging_mixin.py:150} INFO - [2023-08-15T21:57:39.265+0300] {dag.py:2742} INFO - Sync 1 DAGs
[2023-08-15T21:57:39.349+0300] {logging_mixin.py:150} INFO - [2023-08-15T21:57:39.348+0300] {dag.py:3504} INFO - Setting next_dagrun for tutorial_taskflow_api_virtualenv to None, run_after=None
[2023-08-15T21:57:39.475+0300] {processor.py:179} INFO - Processing /mnt/kali/DataHunt/venv/lib/python3.11/site-packages/airflow/example_dags/tutorial_taskflow_api_virtualenv.py took 0.386 seconds
