[2023-08-15T21:24:02.585+0300] {processor.py:157} INFO - Started process (PID=213380) to work on /mnt/kali/DataHunt/venv/lib/python3.11/site-packages/airflow/example_dags/tutorial_taskflow_api.py
[2023-08-15T21:24:02.589+0300] {processor.py:826} INFO - Processing file /mnt/kali/DataHunt/venv/lib/python3.11/site-packages/airflow/example_dags/tutorial_taskflow_api.py for tasks to queue
[2023-08-15T21:24:02.592+0300] {logging_mixin.py:150} INFO - [2023-08-15T21:24:02.590+0300] {dagbag.py:541} INFO - Filling up the DagBag from /mnt/kali/DataHunt/venv/lib/python3.11/site-packages/airflow/example_dags/tutorial_taskflow_api.py
[2023-08-15T21:24:02.623+0300] {processor.py:836} INFO - DAG(s) dict_keys(['tutorial_taskflow_api']) retrieved from /mnt/kali/DataHunt/venv/lib/python3.11/site-packages/airflow/example_dags/tutorial_taskflow_api.py
[2023-08-15T21:24:03.367+0300] {logging_mixin.py:150} INFO - [2023-08-15T21:24:03.367+0300] {manager.py:504} INFO - Created Permission View: can edit on DAG:tutorial_taskflow_api
[2023-08-15T21:24:03.678+0300] {logging_mixin.py:150} INFO - [2023-08-15T21:24:03.678+0300] {manager.py:504} INFO - Created Permission View: can delete on DAG:tutorial_taskflow_api
[2023-08-15T21:24:04.045+0300] {logging_mixin.py:150} INFO - [2023-08-15T21:24:04.044+0300] {manager.py:504} INFO - Created Permission View: can read on DAG:tutorial_taskflow_api
[2023-08-15T21:24:04.142+0300] {logging_mixin.py:150} INFO - [2023-08-15T21:24:04.141+0300] {dag.py:2742} INFO - Sync 1 DAGs
[2023-08-15T21:24:04.264+0300] {logging_mixin.py:150} INFO - [2023-08-15T21:24:04.263+0300] {dag.py:2763} INFO - Creating ORM DAG for tutorial_taskflow_api
[2023-08-15T21:24:04.348+0300] {logging_mixin.py:150} INFO - [2023-08-15T21:24:04.348+0300] {dag.py:3504} INFO - Setting next_dagrun for tutorial_taskflow_api to None, run_after=None
[2023-08-15T21:24:05.007+0300] {processor.py:179} INFO - Processing /mnt/kali/DataHunt/venv/lib/python3.11/site-packages/airflow/example_dags/tutorial_taskflow_api.py took 2.436 seconds
[2023-08-15T21:27:02.383+0300] {processor.py:157} INFO - Started process (PID=215587) to work on /mnt/kali/DataHunt/venv/lib/python3.11/site-packages/airflow/example_dags/tutorial_taskflow_api.py
[2023-08-15T21:27:02.593+0300] {processor.py:826} INFO - Processing file /mnt/kali/DataHunt/venv/lib/python3.11/site-packages/airflow/example_dags/tutorial_taskflow_api.py for tasks to queue
[2023-08-15T21:27:02.595+0300] {logging_mixin.py:150} INFO - [2023-08-15T21:27:02.594+0300] {dagbag.py:541} INFO - Filling up the DagBag from /mnt/kali/DataHunt/venv/lib/python3.11/site-packages/airflow/example_dags/tutorial_taskflow_api.py
[2023-08-15T21:27:02.657+0300] {processor.py:836} INFO - DAG(s) dict_keys(['tutorial_taskflow_api']) retrieved from /mnt/kali/DataHunt/venv/lib/python3.11/site-packages/airflow/example_dags/tutorial_taskflow_api.py
[2023-08-15T21:27:02.945+0300] {logging_mixin.py:150} INFO - [2023-08-15T21:27:02.944+0300] {dag.py:2742} INFO - Sync 1 DAGs
[2023-08-15T21:27:03.086+0300] {logging_mixin.py:150} INFO - [2023-08-15T21:27:03.085+0300] {dag.py:3504} INFO - Setting next_dagrun for tutorial_taskflow_api to None, run_after=None
[2023-08-15T21:27:03.263+0300] {processor.py:179} INFO - Processing /mnt/kali/DataHunt/venv/lib/python3.11/site-packages/airflow/example_dags/tutorial_taskflow_api.py took 0.926 seconds
[2023-08-15T21:28:51.955+0300] {processor.py:157} INFO - Started process (PID=216839) to work on /mnt/kali/DataHunt/venv/lib/python3.11/site-packages/airflow/example_dags/tutorial_taskflow_api.py
[2023-08-15T21:28:52.119+0300] {processor.py:826} INFO - Processing file /mnt/kali/DataHunt/venv/lib/python3.11/site-packages/airflow/example_dags/tutorial_taskflow_api.py for tasks to queue
[2023-08-15T21:28:52.139+0300] {logging_mixin.py:150} INFO - [2023-08-15T21:28:52.121+0300] {dagbag.py:541} INFO - Filling up the DagBag from /mnt/kali/DataHunt/venv/lib/python3.11/site-packages/airflow/example_dags/tutorial_taskflow_api.py
[2023-08-15T21:28:52.174+0300] {processor.py:836} INFO - DAG(s) dict_keys(['tutorial_taskflow_api']) retrieved from /mnt/kali/DataHunt/venv/lib/python3.11/site-packages/airflow/example_dags/tutorial_taskflow_api.py
[2023-08-15T21:28:52.254+0300] {logging_mixin.py:150} INFO - [2023-08-15T21:28:52.253+0300] {dag.py:2742} INFO - Sync 1 DAGs
[2023-08-15T21:28:52.388+0300] {logging_mixin.py:150} INFO - [2023-08-15T21:28:52.387+0300] {dag.py:3504} INFO - Setting next_dagrun for tutorial_taskflow_api to None, run_after=None
[2023-08-15T21:28:52.739+0300] {processor.py:179} INFO - Processing /mnt/kali/DataHunt/venv/lib/python3.11/site-packages/airflow/example_dags/tutorial_taskflow_api.py took 0.859 seconds
[2023-08-15T21:47:16.259+0300] {processor.py:157} INFO - Started process (PID=233578) to work on /mnt/kali/DataHunt/venv/lib/python3.11/site-packages/airflow/example_dags/tutorial_taskflow_api.py
[2023-08-15T21:47:16.312+0300] {processor.py:826} INFO - Processing file /mnt/kali/DataHunt/venv/lib/python3.11/site-packages/airflow/example_dags/tutorial_taskflow_api.py for tasks to queue
[2023-08-15T21:47:16.315+0300] {logging_mixin.py:150} INFO - [2023-08-15T21:47:16.314+0300] {dagbag.py:541} INFO - Filling up the DagBag from /mnt/kali/DataHunt/venv/lib/python3.11/site-packages/airflow/example_dags/tutorial_taskflow_api.py
[2023-08-15T21:47:16.364+0300] {processor.py:836} INFO - DAG(s) dict_keys(['tutorial_taskflow_api']) retrieved from /mnt/kali/DataHunt/venv/lib/python3.11/site-packages/airflow/example_dags/tutorial_taskflow_api.py
[2023-08-15T21:47:17.636+0300] {logging_mixin.py:150} INFO - [2023-08-15T21:47:17.635+0300] {manager.py:504} INFO - Created Permission View: can read on DAG:tutorial_taskflow_api
[2023-08-15T21:47:17.948+0300] {logging_mixin.py:150} INFO - [2023-08-15T21:47:17.947+0300] {manager.py:504} INFO - Created Permission View: can delete on DAG:tutorial_taskflow_api
[2023-08-15T21:47:18.107+0300] {logging_mixin.py:150} INFO - [2023-08-15T21:47:18.106+0300] {manager.py:504} INFO - Created Permission View: can edit on DAG:tutorial_taskflow_api
[2023-08-15T21:47:18.247+0300] {logging_mixin.py:150} INFO - [2023-08-15T21:47:18.246+0300] {dag.py:2742} INFO - Sync 1 DAGs
[2023-08-15T21:47:18.327+0300] {logging_mixin.py:150} INFO - [2023-08-15T21:47:18.326+0300] {dag.py:2763} INFO - Creating ORM DAG for tutorial_taskflow_api
[2023-08-15T21:47:18.480+0300] {logging_mixin.py:150} INFO - [2023-08-15T21:47:18.479+0300] {dag.py:3504} INFO - Setting next_dagrun for tutorial_taskflow_api to None, run_after=None
[2023-08-15T21:47:18.851+0300] {processor.py:179} INFO - Processing /mnt/kali/DataHunt/venv/lib/python3.11/site-packages/airflow/example_dags/tutorial_taskflow_api.py took 2.603 seconds
[2023-08-15T21:47:49.895+0300] {processor.py:157} INFO - Started process (PID=233920) to work on /mnt/kali/DataHunt/venv/lib/python3.11/site-packages/airflow/example_dags/tutorial_taskflow_api.py
[2023-08-15T21:47:49.967+0300] {processor.py:826} INFO - Processing file /mnt/kali/DataHunt/venv/lib/python3.11/site-packages/airflow/example_dags/tutorial_taskflow_api.py for tasks to queue
[2023-08-15T21:47:49.970+0300] {logging_mixin.py:150} INFO - [2023-08-15T21:47:49.969+0300] {dagbag.py:541} INFO - Filling up the DagBag from /mnt/kali/DataHunt/venv/lib/python3.11/site-packages/airflow/example_dags/tutorial_taskflow_api.py
[2023-08-15T21:47:49.993+0300] {processor.py:836} INFO - DAG(s) dict_keys(['tutorial_taskflow_api']) retrieved from /mnt/kali/DataHunt/venv/lib/python3.11/site-packages/airflow/example_dags/tutorial_taskflow_api.py
[2023-08-15T21:47:50.114+0300] {logging_mixin.py:150} INFO - [2023-08-15T21:47:50.113+0300] {dag.py:2742} INFO - Sync 1 DAGs
[2023-08-15T21:47:50.201+0300] {logging_mixin.py:150} INFO - [2023-08-15T21:47:50.200+0300] {dag.py:3504} INFO - Setting next_dagrun for tutorial_taskflow_api to None, run_after=None
[2023-08-15T21:47:50.321+0300] {processor.py:179} INFO - Processing /mnt/kali/DataHunt/venv/lib/python3.11/site-packages/airflow/example_dags/tutorial_taskflow_api.py took 0.435 seconds
[2023-08-15T21:48:20.568+0300] {processor.py:157} INFO - Started process (PID=234315) to work on /mnt/kali/DataHunt/venv/lib/python3.11/site-packages/airflow/example_dags/tutorial_taskflow_api.py
[2023-08-15T21:48:20.570+0300] {processor.py:826} INFO - Processing file /mnt/kali/DataHunt/venv/lib/python3.11/site-packages/airflow/example_dags/tutorial_taskflow_api.py for tasks to queue
[2023-08-15T21:48:20.572+0300] {logging_mixin.py:150} INFO - [2023-08-15T21:48:20.571+0300] {dagbag.py:541} INFO - Filling up the DagBag from /mnt/kali/DataHunt/venv/lib/python3.11/site-packages/airflow/example_dags/tutorial_taskflow_api.py
[2023-08-15T21:48:20.595+0300] {processor.py:836} INFO - DAG(s) dict_keys(['tutorial_taskflow_api']) retrieved from /mnt/kali/DataHunt/venv/lib/python3.11/site-packages/airflow/example_dags/tutorial_taskflow_api.py
[2023-08-15T21:48:20.819+0300] {logging_mixin.py:150} INFO - [2023-08-15T21:48:20.819+0300] {dag.py:2742} INFO - Sync 1 DAGs
[2023-08-15T21:48:20.975+0300] {logging_mixin.py:150} INFO - [2023-08-15T21:48:20.975+0300] {dag.py:3504} INFO - Setting next_dagrun for tutorial_taskflow_api to None, run_after=None
[2023-08-15T21:48:21.504+0300] {processor.py:179} INFO - Processing /mnt/kali/DataHunt/venv/lib/python3.11/site-packages/airflow/example_dags/tutorial_taskflow_api.py took 0.968 seconds
[2023-08-15T21:48:51.942+0300] {processor.py:157} INFO - Started process (PID=234943) to work on /mnt/kali/DataHunt/venv/lib/python3.11/site-packages/airflow/example_dags/tutorial_taskflow_api.py
[2023-08-15T21:48:51.958+0300] {processor.py:826} INFO - Processing file /mnt/kali/DataHunt/venv/lib/python3.11/site-packages/airflow/example_dags/tutorial_taskflow_api.py for tasks to queue
[2023-08-15T21:48:51.960+0300] {logging_mixin.py:150} INFO - [2023-08-15T21:48:51.959+0300] {dagbag.py:541} INFO - Filling up the DagBag from /mnt/kali/DataHunt/venv/lib/python3.11/site-packages/airflow/example_dags/tutorial_taskflow_api.py
[2023-08-15T21:48:51.993+0300] {processor.py:836} INFO - DAG(s) dict_keys(['tutorial_taskflow_api']) retrieved from /mnt/kali/DataHunt/venv/lib/python3.11/site-packages/airflow/example_dags/tutorial_taskflow_api.py
[2023-08-15T21:48:52.137+0300] {logging_mixin.py:150} INFO - [2023-08-15T21:48:52.136+0300] {dag.py:2742} INFO - Sync 1 DAGs
[2023-08-15T21:48:52.286+0300] {logging_mixin.py:150} INFO - [2023-08-15T21:48:52.285+0300] {dag.py:3504} INFO - Setting next_dagrun for tutorial_taskflow_api to None, run_after=None
[2023-08-15T21:48:52.435+0300] {processor.py:179} INFO - Processing /mnt/kali/DataHunt/venv/lib/python3.11/site-packages/airflow/example_dags/tutorial_taskflow_api.py took 0.508 seconds
[2023-08-15T21:49:31.214+0300] {processor.py:157} INFO - Started process (PID=235597) to work on /mnt/kali/DataHunt/venv/lib/python3.11/site-packages/airflow/example_dags/tutorial_taskflow_api.py
[2023-08-15T21:49:31.223+0300] {processor.py:826} INFO - Processing file /mnt/kali/DataHunt/venv/lib/python3.11/site-packages/airflow/example_dags/tutorial_taskflow_api.py for tasks to queue
[2023-08-15T21:49:31.225+0300] {logging_mixin.py:150} INFO - [2023-08-15T21:49:31.224+0300] {dagbag.py:541} INFO - Filling up the DagBag from /mnt/kali/DataHunt/venv/lib/python3.11/site-packages/airflow/example_dags/tutorial_taskflow_api.py
[2023-08-15T21:49:31.242+0300] {processor.py:836} INFO - DAG(s) dict_keys(['tutorial_taskflow_api']) retrieved from /mnt/kali/DataHunt/venv/lib/python3.11/site-packages/airflow/example_dags/tutorial_taskflow_api.py
[2023-08-15T21:49:31.761+0300] {logging_mixin.py:150} INFO - [2023-08-15T21:49:31.761+0300] {dag.py:2742} INFO - Sync 1 DAGs
[2023-08-15T21:49:31.853+0300] {logging_mixin.py:150} INFO - [2023-08-15T21:49:31.852+0300] {dag.py:3504} INFO - Setting next_dagrun for tutorial_taskflow_api to None, run_after=None
[2023-08-15T21:49:31.916+0300] {processor.py:179} INFO - Processing /mnt/kali/DataHunt/venv/lib/python3.11/site-packages/airflow/example_dags/tutorial_taskflow_api.py took 0.711 seconds
[2023-08-15T21:50:02.479+0300] {processor.py:157} INFO - Started process (PID=235935) to work on /mnt/kali/DataHunt/venv/lib/python3.11/site-packages/airflow/example_dags/tutorial_taskflow_api.py
[2023-08-15T21:50:02.487+0300] {processor.py:826} INFO - Processing file /mnt/kali/DataHunt/venv/lib/python3.11/site-packages/airflow/example_dags/tutorial_taskflow_api.py for tasks to queue
[2023-08-15T21:50:02.510+0300] {logging_mixin.py:150} INFO - [2023-08-15T21:50:02.508+0300] {dagbag.py:541} INFO - Filling up the DagBag from /mnt/kali/DataHunt/venv/lib/python3.11/site-packages/airflow/example_dags/tutorial_taskflow_api.py
[2023-08-15T21:50:02.644+0300] {processor.py:836} INFO - DAG(s) dict_keys(['tutorial_taskflow_api']) retrieved from /mnt/kali/DataHunt/venv/lib/python3.11/site-packages/airflow/example_dags/tutorial_taskflow_api.py
[2023-08-15T21:50:03.043+0300] {logging_mixin.py:150} INFO - [2023-08-15T21:50:03.042+0300] {dag.py:2742} INFO - Sync 1 DAGs
[2023-08-15T21:50:03.172+0300] {logging_mixin.py:150} INFO - [2023-08-15T21:50:03.171+0300] {dag.py:3504} INFO - Setting next_dagrun for tutorial_taskflow_api to None, run_after=None
[2023-08-15T21:50:03.338+0300] {processor.py:179} INFO - Processing /mnt/kali/DataHunt/venv/lib/python3.11/site-packages/airflow/example_dags/tutorial_taskflow_api.py took 0.906 seconds
[2023-08-15T21:50:39.367+0300] {processor.py:157} INFO - Started process (PID=236392) to work on /mnt/kali/DataHunt/venv/lib/python3.11/site-packages/airflow/example_dags/tutorial_taskflow_api.py
[2023-08-15T21:50:39.382+0300] {processor.py:826} INFO - Processing file /mnt/kali/DataHunt/venv/lib/python3.11/site-packages/airflow/example_dags/tutorial_taskflow_api.py for tasks to queue
[2023-08-15T21:50:39.385+0300] {logging_mixin.py:150} INFO - [2023-08-15T21:50:39.384+0300] {dagbag.py:541} INFO - Filling up the DagBag from /mnt/kali/DataHunt/venv/lib/python3.11/site-packages/airflow/example_dags/tutorial_taskflow_api.py
[2023-08-15T21:50:39.449+0300] {processor.py:836} INFO - DAG(s) dict_keys(['tutorial_taskflow_api']) retrieved from /mnt/kali/DataHunt/venv/lib/python3.11/site-packages/airflow/example_dags/tutorial_taskflow_api.py
[2023-08-15T21:50:39.816+0300] {logging_mixin.py:150} INFO - [2023-08-15T21:50:39.816+0300] {dag.py:2742} INFO - Sync 1 DAGs
[2023-08-15T21:50:40.093+0300] {logging_mixin.py:150} INFO - [2023-08-15T21:50:40.091+0300] {dag.py:3504} INFO - Setting next_dagrun for tutorial_taskflow_api to None, run_after=None
[2023-08-15T21:50:40.198+0300] {processor.py:179} INFO - Processing /mnt/kali/DataHunt/venv/lib/python3.11/site-packages/airflow/example_dags/tutorial_taskflow_api.py took 0.864 seconds
[2023-08-15T21:51:10.657+0300] {processor.py:157} INFO - Started process (PID=236839) to work on /mnt/kali/DataHunt/venv/lib/python3.11/site-packages/airflow/example_dags/tutorial_taskflow_api.py
[2023-08-15T21:51:10.659+0300] {processor.py:826} INFO - Processing file /mnt/kali/DataHunt/venv/lib/python3.11/site-packages/airflow/example_dags/tutorial_taskflow_api.py for tasks to queue
[2023-08-15T21:51:10.662+0300] {logging_mixin.py:150} INFO - [2023-08-15T21:51:10.661+0300] {dagbag.py:541} INFO - Filling up the DagBag from /mnt/kali/DataHunt/venv/lib/python3.11/site-packages/airflow/example_dags/tutorial_taskflow_api.py
[2023-08-15T21:51:10.686+0300] {processor.py:836} INFO - DAG(s) dict_keys(['tutorial_taskflow_api']) retrieved from /mnt/kali/DataHunt/venv/lib/python3.11/site-packages/airflow/example_dags/tutorial_taskflow_api.py
[2023-08-15T21:51:10.800+0300] {logging_mixin.py:150} INFO - [2023-08-15T21:51:10.799+0300] {dag.py:2742} INFO - Sync 1 DAGs
[2023-08-15T21:51:10.885+0300] {logging_mixin.py:150} INFO - [2023-08-15T21:51:10.884+0300] {dag.py:3504} INFO - Setting next_dagrun for tutorial_taskflow_api to None, run_after=None
[2023-08-15T21:51:10.961+0300] {processor.py:179} INFO - Processing /mnt/kali/DataHunt/venv/lib/python3.11/site-packages/airflow/example_dags/tutorial_taskflow_api.py took 0.317 seconds
[2023-08-15T21:51:41.315+0300] {processor.py:157} INFO - Started process (PID=237401) to work on /mnt/kali/DataHunt/venv/lib/python3.11/site-packages/airflow/example_dags/tutorial_taskflow_api.py
[2023-08-15T21:51:41.317+0300] {processor.py:826} INFO - Processing file /mnt/kali/DataHunt/venv/lib/python3.11/site-packages/airflow/example_dags/tutorial_taskflow_api.py for tasks to queue
[2023-08-15T21:51:41.319+0300] {logging_mixin.py:150} INFO - [2023-08-15T21:51:41.318+0300] {dagbag.py:541} INFO - Filling up the DagBag from /mnt/kali/DataHunt/venv/lib/python3.11/site-packages/airflow/example_dags/tutorial_taskflow_api.py
[2023-08-15T21:51:41.341+0300] {processor.py:836} INFO - DAG(s) dict_keys(['tutorial_taskflow_api']) retrieved from /mnt/kali/DataHunt/venv/lib/python3.11/site-packages/airflow/example_dags/tutorial_taskflow_api.py
[2023-08-15T21:51:41.428+0300] {logging_mixin.py:150} INFO - [2023-08-15T21:51:41.428+0300] {dag.py:2742} INFO - Sync 1 DAGs
[2023-08-15T21:51:41.514+0300] {logging_mixin.py:150} INFO - [2023-08-15T21:51:41.514+0300] {dag.py:3504} INFO - Setting next_dagrun for tutorial_taskflow_api to None, run_after=None
[2023-08-15T21:51:41.591+0300] {processor.py:179} INFO - Processing /mnt/kali/DataHunt/venv/lib/python3.11/site-packages/airflow/example_dags/tutorial_taskflow_api.py took 0.287 seconds
[2023-08-15T21:52:11.869+0300] {processor.py:157} INFO - Started process (PID=237928) to work on /mnt/kali/DataHunt/venv/lib/python3.11/site-packages/airflow/example_dags/tutorial_taskflow_api.py
[2023-08-15T21:52:11.881+0300] {processor.py:826} INFO - Processing file /mnt/kali/DataHunt/venv/lib/python3.11/site-packages/airflow/example_dags/tutorial_taskflow_api.py for tasks to queue
[2023-08-15T21:52:11.884+0300] {logging_mixin.py:150} INFO - [2023-08-15T21:52:11.883+0300] {dagbag.py:541} INFO - Filling up the DagBag from /mnt/kali/DataHunt/venv/lib/python3.11/site-packages/airflow/example_dags/tutorial_taskflow_api.py
[2023-08-15T21:52:11.912+0300] {processor.py:836} INFO - DAG(s) dict_keys(['tutorial_taskflow_api']) retrieved from /mnt/kali/DataHunt/venv/lib/python3.11/site-packages/airflow/example_dags/tutorial_taskflow_api.py
[2023-08-15T21:52:12.115+0300] {logging_mixin.py:150} INFO - [2023-08-15T21:52:12.114+0300] {dag.py:2742} INFO - Sync 1 DAGs
[2023-08-15T21:52:12.255+0300] {logging_mixin.py:150} INFO - [2023-08-15T21:52:12.255+0300] {dag.py:3504} INFO - Setting next_dagrun for tutorial_taskflow_api to None, run_after=None
[2023-08-15T21:52:12.432+0300] {processor.py:179} INFO - Processing /mnt/kali/DataHunt/venv/lib/python3.11/site-packages/airflow/example_dags/tutorial_taskflow_api.py took 0.578 seconds
[2023-08-15T21:52:43.082+0300] {processor.py:157} INFO - Started process (PID=238329) to work on /mnt/kali/DataHunt/venv/lib/python3.11/site-packages/airflow/example_dags/tutorial_taskflow_api.py
[2023-08-15T21:52:43.084+0300] {processor.py:826} INFO - Processing file /mnt/kali/DataHunt/venv/lib/python3.11/site-packages/airflow/example_dags/tutorial_taskflow_api.py for tasks to queue
[2023-08-15T21:52:43.087+0300] {logging_mixin.py:150} INFO - [2023-08-15T21:52:43.086+0300] {dagbag.py:541} INFO - Filling up the DagBag from /mnt/kali/DataHunt/venv/lib/python3.11/site-packages/airflow/example_dags/tutorial_taskflow_api.py
[2023-08-15T21:52:43.109+0300] {processor.py:836} INFO - DAG(s) dict_keys(['tutorial_taskflow_api']) retrieved from /mnt/kali/DataHunt/venv/lib/python3.11/site-packages/airflow/example_dags/tutorial_taskflow_api.py
[2023-08-15T21:52:43.231+0300] {logging_mixin.py:150} INFO - [2023-08-15T21:52:43.230+0300] {dag.py:2742} INFO - Sync 1 DAGs
[2023-08-15T21:52:43.309+0300] {logging_mixin.py:150} INFO - [2023-08-15T21:52:43.309+0300] {dag.py:3504} INFO - Setting next_dagrun for tutorial_taskflow_api to None, run_after=None
[2023-08-15T21:52:43.373+0300] {processor.py:179} INFO - Processing /mnt/kali/DataHunt/venv/lib/python3.11/site-packages/airflow/example_dags/tutorial_taskflow_api.py took 0.303 seconds
[2023-08-15T21:53:13.745+0300] {processor.py:157} INFO - Started process (PID=238680) to work on /mnt/kali/DataHunt/venv/lib/python3.11/site-packages/airflow/example_dags/tutorial_taskflow_api.py
[2023-08-15T21:53:13.759+0300] {processor.py:826} INFO - Processing file /mnt/kali/DataHunt/venv/lib/python3.11/site-packages/airflow/example_dags/tutorial_taskflow_api.py for tasks to queue
[2023-08-15T21:53:13.762+0300] {logging_mixin.py:150} INFO - [2023-08-15T21:53:13.761+0300] {dagbag.py:541} INFO - Filling up the DagBag from /mnt/kali/DataHunt/venv/lib/python3.11/site-packages/airflow/example_dags/tutorial_taskflow_api.py
[2023-08-15T21:53:13.789+0300] {processor.py:836} INFO - DAG(s) dict_keys(['tutorial_taskflow_api']) retrieved from /mnt/kali/DataHunt/venv/lib/python3.11/site-packages/airflow/example_dags/tutorial_taskflow_api.py
[2023-08-15T21:53:13.928+0300] {logging_mixin.py:150} INFO - [2023-08-15T21:53:13.927+0300] {dag.py:2742} INFO - Sync 1 DAGs
[2023-08-15T21:53:14.028+0300] {logging_mixin.py:150} INFO - [2023-08-15T21:53:14.027+0300] {dag.py:3504} INFO - Setting next_dagrun for tutorial_taskflow_api to None, run_after=None
[2023-08-15T21:53:14.144+0300] {processor.py:179} INFO - Processing /mnt/kali/DataHunt/venv/lib/python3.11/site-packages/airflow/example_dags/tutorial_taskflow_api.py took 0.413 seconds
[2023-08-15T21:53:45.082+0300] {processor.py:157} INFO - Started process (PID=239248) to work on /mnt/kali/DataHunt/venv/lib/python3.11/site-packages/airflow/example_dags/tutorial_taskflow_api.py
[2023-08-15T21:53:45.086+0300] {processor.py:826} INFO - Processing file /mnt/kali/DataHunt/venv/lib/python3.11/site-packages/airflow/example_dags/tutorial_taskflow_api.py for tasks to queue
[2023-08-15T21:53:45.089+0300] {logging_mixin.py:150} INFO - [2023-08-15T21:53:45.087+0300] {dagbag.py:541} INFO - Filling up the DagBag from /mnt/kali/DataHunt/venv/lib/python3.11/site-packages/airflow/example_dags/tutorial_taskflow_api.py
[2023-08-15T21:53:45.120+0300] {processor.py:836} INFO - DAG(s) dict_keys(['tutorial_taskflow_api']) retrieved from /mnt/kali/DataHunt/venv/lib/python3.11/site-packages/airflow/example_dags/tutorial_taskflow_api.py
[2023-08-15T21:53:45.249+0300] {logging_mixin.py:150} INFO - [2023-08-15T21:53:45.248+0300] {dag.py:2742} INFO - Sync 1 DAGs
[2023-08-15T21:53:45.315+0300] {logging_mixin.py:150} INFO - [2023-08-15T21:53:45.314+0300] {dag.py:3504} INFO - Setting next_dagrun for tutorial_taskflow_api to None, run_after=None
[2023-08-15T21:53:45.375+0300] {processor.py:179} INFO - Processing /mnt/kali/DataHunt/venv/lib/python3.11/site-packages/airflow/example_dags/tutorial_taskflow_api.py took 0.305 seconds
[2023-08-15T21:54:15.899+0300] {processor.py:157} INFO - Started process (PID=239862) to work on /mnt/kali/DataHunt/venv/lib/python3.11/site-packages/airflow/example_dags/tutorial_taskflow_api.py
[2023-08-15T21:54:15.901+0300] {processor.py:826} INFO - Processing file /mnt/kali/DataHunt/venv/lib/python3.11/site-packages/airflow/example_dags/tutorial_taskflow_api.py for tasks to queue
[2023-08-15T21:54:15.903+0300] {logging_mixin.py:150} INFO - [2023-08-15T21:54:15.902+0300] {dagbag.py:541} INFO - Filling up the DagBag from /mnt/kali/DataHunt/venv/lib/python3.11/site-packages/airflow/example_dags/tutorial_taskflow_api.py
[2023-08-15T21:54:15.921+0300] {processor.py:836} INFO - DAG(s) dict_keys(['tutorial_taskflow_api']) retrieved from /mnt/kali/DataHunt/venv/lib/python3.11/site-packages/airflow/example_dags/tutorial_taskflow_api.py
[2023-08-15T21:54:16.006+0300] {logging_mixin.py:150} INFO - [2023-08-15T21:54:16.005+0300] {dag.py:2742} INFO - Sync 1 DAGs
[2023-08-15T21:54:16.063+0300] {logging_mixin.py:150} INFO - [2023-08-15T21:54:16.063+0300] {dag.py:3504} INFO - Setting next_dagrun for tutorial_taskflow_api to None, run_after=None
[2023-08-15T21:54:16.115+0300] {processor.py:179} INFO - Processing /mnt/kali/DataHunt/venv/lib/python3.11/site-packages/airflow/example_dags/tutorial_taskflow_api.py took 0.224 seconds
[2023-08-15T21:54:46.931+0300] {processor.py:157} INFO - Started process (PID=240239) to work on /mnt/kali/DataHunt/venv/lib/python3.11/site-packages/airflow/example_dags/tutorial_taskflow_api.py
[2023-08-15T21:54:46.945+0300] {processor.py:826} INFO - Processing file /mnt/kali/DataHunt/venv/lib/python3.11/site-packages/airflow/example_dags/tutorial_taskflow_api.py for tasks to queue
[2023-08-15T21:54:46.948+0300] {logging_mixin.py:150} INFO - [2023-08-15T21:54:46.946+0300] {dagbag.py:541} INFO - Filling up the DagBag from /mnt/kali/DataHunt/venv/lib/python3.11/site-packages/airflow/example_dags/tutorial_taskflow_api.py
[2023-08-15T21:54:46.990+0300] {processor.py:836} INFO - DAG(s) dict_keys(['tutorial_taskflow_api']) retrieved from /mnt/kali/DataHunt/venv/lib/python3.11/site-packages/airflow/example_dags/tutorial_taskflow_api.py
[2023-08-15T21:54:47.146+0300] {logging_mixin.py:150} INFO - [2023-08-15T21:54:47.146+0300] {dag.py:2742} INFO - Sync 1 DAGs
[2023-08-15T21:54:47.252+0300] {logging_mixin.py:150} INFO - [2023-08-15T21:54:47.252+0300] {dag.py:3504} INFO - Setting next_dagrun for tutorial_taskflow_api to None, run_after=None
[2023-08-15T21:54:47.341+0300] {processor.py:179} INFO - Processing /mnt/kali/DataHunt/venv/lib/python3.11/site-packages/airflow/example_dags/tutorial_taskflow_api.py took 0.425 seconds
[2023-08-15T21:55:17.479+0300] {processor.py:157} INFO - Started process (PID=240682) to work on /mnt/kali/DataHunt/venv/lib/python3.11/site-packages/airflow/example_dags/tutorial_taskflow_api.py
[2023-08-15T21:55:17.489+0300] {processor.py:826} INFO - Processing file /mnt/kali/DataHunt/venv/lib/python3.11/site-packages/airflow/example_dags/tutorial_taskflow_api.py for tasks to queue
[2023-08-15T21:55:17.492+0300] {logging_mixin.py:150} INFO - [2023-08-15T21:55:17.491+0300] {dagbag.py:541} INFO - Filling up the DagBag from /mnt/kali/DataHunt/venv/lib/python3.11/site-packages/airflow/example_dags/tutorial_taskflow_api.py
[2023-08-15T21:55:17.561+0300] {processor.py:836} INFO - DAG(s) dict_keys(['tutorial_taskflow_api']) retrieved from /mnt/kali/DataHunt/venv/lib/python3.11/site-packages/airflow/example_dags/tutorial_taskflow_api.py
[2023-08-15T21:55:17.752+0300] {logging_mixin.py:150} INFO - [2023-08-15T21:55:17.751+0300] {dag.py:2742} INFO - Sync 1 DAGs
[2023-08-15T21:55:17.857+0300] {logging_mixin.py:150} INFO - [2023-08-15T21:55:17.856+0300] {dag.py:3504} INFO - Setting next_dagrun for tutorial_taskflow_api to None, run_after=None
[2023-08-15T21:55:17.964+0300] {processor.py:179} INFO - Processing /mnt/kali/DataHunt/venv/lib/python3.11/site-packages/airflow/example_dags/tutorial_taskflow_api.py took 0.499 seconds
[2023-08-15T21:55:48.716+0300] {processor.py:157} INFO - Started process (PID=241074) to work on /mnt/kali/DataHunt/venv/lib/python3.11/site-packages/airflow/example_dags/tutorial_taskflow_api.py
[2023-08-15T21:55:48.733+0300] {processor.py:826} INFO - Processing file /mnt/kali/DataHunt/venv/lib/python3.11/site-packages/airflow/example_dags/tutorial_taskflow_api.py for tasks to queue
[2023-08-15T21:55:48.736+0300] {logging_mixin.py:150} INFO - [2023-08-15T21:55:48.735+0300] {dagbag.py:541} INFO - Filling up the DagBag from /mnt/kali/DataHunt/venv/lib/python3.11/site-packages/airflow/example_dags/tutorial_taskflow_api.py
[2023-08-15T21:55:48.764+0300] {processor.py:836} INFO - DAG(s) dict_keys(['tutorial_taskflow_api']) retrieved from /mnt/kali/DataHunt/venv/lib/python3.11/site-packages/airflow/example_dags/tutorial_taskflow_api.py
[2023-08-15T21:55:48.955+0300] {logging_mixin.py:150} INFO - [2023-08-15T21:55:48.940+0300] {dag.py:2742} INFO - Sync 1 DAGs
[2023-08-15T21:55:49.212+0300] {logging_mixin.py:150} INFO - [2023-08-15T21:55:49.212+0300] {dag.py:3504} INFO - Setting next_dagrun for tutorial_taskflow_api to None, run_after=None
[2023-08-15T21:55:49.355+0300] {processor.py:179} INFO - Processing /mnt/kali/DataHunt/venv/lib/python3.11/site-packages/airflow/example_dags/tutorial_taskflow_api.py took 0.667 seconds
[2023-08-15T21:56:19.634+0300] {processor.py:157} INFO - Started process (PID=241643) to work on /mnt/kali/DataHunt/venv/lib/python3.11/site-packages/airflow/example_dags/tutorial_taskflow_api.py
[2023-08-15T21:56:19.656+0300] {processor.py:826} INFO - Processing file /mnt/kali/DataHunt/venv/lib/python3.11/site-packages/airflow/example_dags/tutorial_taskflow_api.py for tasks to queue
[2023-08-15T21:56:19.659+0300] {logging_mixin.py:150} INFO - [2023-08-15T21:56:19.658+0300] {dagbag.py:541} INFO - Filling up the DagBag from /mnt/kali/DataHunt/venv/lib/python3.11/site-packages/airflow/example_dags/tutorial_taskflow_api.py
[2023-08-15T21:56:19.691+0300] {processor.py:836} INFO - DAG(s) dict_keys(['tutorial_taskflow_api']) retrieved from /mnt/kali/DataHunt/venv/lib/python3.11/site-packages/airflow/example_dags/tutorial_taskflow_api.py
[2023-08-15T21:56:19.809+0300] {logging_mixin.py:150} INFO - [2023-08-15T21:56:19.809+0300] {dag.py:2742} INFO - Sync 1 DAGs
[2023-08-15T21:56:19.881+0300] {logging_mixin.py:150} INFO - [2023-08-15T21:56:19.880+0300] {dag.py:3504} INFO - Setting next_dagrun for tutorial_taskflow_api to None, run_after=None
[2023-08-15T21:56:19.978+0300] {processor.py:179} INFO - Processing /mnt/kali/DataHunt/venv/lib/python3.11/site-packages/airflow/example_dags/tutorial_taskflow_api.py took 0.355 seconds
[2023-08-15T21:56:50.286+0300] {processor.py:157} INFO - Started process (PID=242238) to work on /mnt/kali/DataHunt/venv/lib/python3.11/site-packages/airflow/example_dags/tutorial_taskflow_api.py
[2023-08-15T21:56:50.301+0300] {processor.py:826} INFO - Processing file /mnt/kali/DataHunt/venv/lib/python3.11/site-packages/airflow/example_dags/tutorial_taskflow_api.py for tasks to queue
[2023-08-15T21:56:50.305+0300] {logging_mixin.py:150} INFO - [2023-08-15T21:56:50.303+0300] {dagbag.py:541} INFO - Filling up the DagBag from /mnt/kali/DataHunt/venv/lib/python3.11/site-packages/airflow/example_dags/tutorial_taskflow_api.py
[2023-08-15T21:56:50.331+0300] {processor.py:836} INFO - DAG(s) dict_keys(['tutorial_taskflow_api']) retrieved from /mnt/kali/DataHunt/venv/lib/python3.11/site-packages/airflow/example_dags/tutorial_taskflow_api.py
[2023-08-15T21:56:50.450+0300] {logging_mixin.py:150} INFO - [2023-08-15T21:56:50.449+0300] {dag.py:2742} INFO - Sync 1 DAGs
[2023-08-15T21:56:50.563+0300] {logging_mixin.py:150} INFO - [2023-08-15T21:56:50.562+0300] {dag.py:3504} INFO - Setting next_dagrun for tutorial_taskflow_api to None, run_after=None
[2023-08-15T21:56:50.713+0300] {processor.py:179} INFO - Processing /mnt/kali/DataHunt/venv/lib/python3.11/site-packages/airflow/example_dags/tutorial_taskflow_api.py took 0.438 seconds
[2023-08-15T21:57:20.948+0300] {processor.py:157} INFO - Started process (PID=242703) to work on /mnt/kali/DataHunt/venv/lib/python3.11/site-packages/airflow/example_dags/tutorial_taskflow_api.py
[2023-08-15T21:57:20.956+0300] {processor.py:826} INFO - Processing file /mnt/kali/DataHunt/venv/lib/python3.11/site-packages/airflow/example_dags/tutorial_taskflow_api.py for tasks to queue
[2023-08-15T21:57:20.959+0300] {logging_mixin.py:150} INFO - [2023-08-15T21:57:20.958+0300] {dagbag.py:541} INFO - Filling up the DagBag from /mnt/kali/DataHunt/venv/lib/python3.11/site-packages/airflow/example_dags/tutorial_taskflow_api.py
[2023-08-15T21:57:20.983+0300] {processor.py:836} INFO - DAG(s) dict_keys(['tutorial_taskflow_api']) retrieved from /mnt/kali/DataHunt/venv/lib/python3.11/site-packages/airflow/example_dags/tutorial_taskflow_api.py
[2023-08-15T21:57:21.078+0300] {logging_mixin.py:150} INFO - [2023-08-15T21:57:21.077+0300] {dag.py:2742} INFO - Sync 1 DAGs
[2023-08-15T21:57:21.146+0300] {logging_mixin.py:150} INFO - [2023-08-15T21:57:21.146+0300] {dag.py:3504} INFO - Setting next_dagrun for tutorial_taskflow_api to None, run_after=None
[2023-08-15T21:57:21.219+0300] {processor.py:179} INFO - Processing /mnt/kali/DataHunt/venv/lib/python3.11/site-packages/airflow/example_dags/tutorial_taskflow_api.py took 0.291 seconds
[2023-08-15T21:57:51.391+0300] {processor.py:157} INFO - Started process (PID=243133) to work on /mnt/kali/DataHunt/venv/lib/python3.11/site-packages/airflow/example_dags/tutorial_taskflow_api.py
[2023-08-15T21:57:51.523+0300] {processor.py:826} INFO - Processing file /mnt/kali/DataHunt/venv/lib/python3.11/site-packages/airflow/example_dags/tutorial_taskflow_api.py for tasks to queue
[2023-08-15T21:57:51.526+0300] {logging_mixin.py:150} INFO - [2023-08-15T21:57:51.525+0300] {dagbag.py:541} INFO - Filling up the DagBag from /mnt/kali/DataHunt/venv/lib/python3.11/site-packages/airflow/example_dags/tutorial_taskflow_api.py
[2023-08-15T21:57:51.554+0300] {processor.py:836} INFO - DAG(s) dict_keys(['tutorial_taskflow_api']) retrieved from /mnt/kali/DataHunt/venv/lib/python3.11/site-packages/airflow/example_dags/tutorial_taskflow_api.py
[2023-08-15T21:57:51.672+0300] {logging_mixin.py:150} INFO - [2023-08-15T21:57:51.672+0300] {dag.py:2742} INFO - Sync 1 DAGs
[2023-08-15T21:57:51.741+0300] {logging_mixin.py:150} INFO - [2023-08-15T21:57:51.741+0300] {dag.py:3504} INFO - Setting next_dagrun for tutorial_taskflow_api to None, run_after=None
[2023-08-15T21:57:51.808+0300] {processor.py:179} INFO - Processing /mnt/kali/DataHunt/venv/lib/python3.11/site-packages/airflow/example_dags/tutorial_taskflow_api.py took 0.439 seconds
