[2023-08-15T21:24:14.370+0300] {processor.py:157} INFO - Started process (PID=213509) to work on /mnt/kali/DataHunt/venv/lib/python3.11/site-packages/airflow/example_dags/tutorial.py
[2023-08-15T21:24:14.374+0300] {processor.py:826} INFO - Processing file /mnt/kali/DataHunt/venv/lib/python3.11/site-packages/airflow/example_dags/tutorial.py for tasks to queue
[2023-08-15T21:24:14.393+0300] {logging_mixin.py:150} INFO - [2023-08-15T21:24:14.377+0300] {dagbag.py:541} INFO - Filling up the DagBag from /mnt/kali/DataHunt/venv/lib/python3.11/site-packages/airflow/example_dags/tutorial.py
[2023-08-15T21:24:14.484+0300] {processor.py:836} INFO - DAG(s) dict_keys(['tutorial']) retrieved from /mnt/kali/DataHunt/venv/lib/python3.11/site-packages/airflow/example_dags/tutorial.py
[2023-08-15T21:24:16.572+0300] {logging_mixin.py:150} INFO - [2023-08-15T21:24:16.571+0300] {manager.py:504} INFO - Created Permission View: can edit on DAG:tutorial
[2023-08-15T21:24:17.101+0300] {logging_mixin.py:150} INFO - [2023-08-15T21:24:17.100+0300] {manager.py:504} INFO - Created Permission View: can delete on DAG:tutorial
[2023-08-15T21:24:17.378+0300] {logging_mixin.py:150} INFO - [2023-08-15T21:24:17.378+0300] {manager.py:504} INFO - Created Permission View: can read on DAG:tutorial
[2023-08-15T21:24:18.022+0300] {logging_mixin.py:150} INFO - [2023-08-15T21:24:18.021+0300] {dag.py:2742} INFO - Sync 1 DAGs
[2023-08-15T21:24:18.252+0300] {logging_mixin.py:150} INFO - [2023-08-15T21:24:18.250+0300] {dag.py:2763} INFO - Creating ORM DAG for tutorial
[2023-08-15T21:24:18.503+0300] {logging_mixin.py:150} INFO - [2023-08-15T21:24:18.489+0300] {dag.py:3504} INFO - Setting next_dagrun for tutorial to 2023-08-14T18:24:18.488339+00:00, run_after=2023-08-15T18:24:18.488339+00:00
[2023-08-15T21:24:19.046+0300] {processor.py:179} INFO - Processing /mnt/kali/DataHunt/venv/lib/python3.11/site-packages/airflow/example_dags/tutorial.py took 4.720 seconds
[2023-08-15T21:27:08.486+0300] {processor.py:157} INFO - Started process (PID=215634) to work on /mnt/kali/DataHunt/venv/lib/python3.11/site-packages/airflow/example_dags/tutorial.py
[2023-08-15T21:27:08.499+0300] {processor.py:826} INFO - Processing file /mnt/kali/DataHunt/venv/lib/python3.11/site-packages/airflow/example_dags/tutorial.py for tasks to queue
[2023-08-15T21:27:08.501+0300] {logging_mixin.py:150} INFO - [2023-08-15T21:27:08.500+0300] {dagbag.py:541} INFO - Filling up the DagBag from /mnt/kali/DataHunt/venv/lib/python3.11/site-packages/airflow/example_dags/tutorial.py
[2023-08-15T21:27:08.666+0300] {processor.py:836} INFO - DAG(s) dict_keys(['tutorial']) retrieved from /mnt/kali/DataHunt/venv/lib/python3.11/site-packages/airflow/example_dags/tutorial.py
[2023-08-15T21:27:09.115+0300] {logging_mixin.py:150} INFO - [2023-08-15T21:27:09.114+0300] {dag.py:2742} INFO - Sync 1 DAGs
[2023-08-15T21:27:09.649+0300] {logging_mixin.py:150} INFO - [2023-08-15T21:27:09.648+0300] {dag.py:3504} INFO - Setting next_dagrun for tutorial to 2023-08-14T18:27:09.647952+00:00, run_after=2023-08-15T18:27:09.647952+00:00
[2023-08-15T21:27:10.081+0300] {processor.py:179} INFO - Processing /mnt/kali/DataHunt/venv/lib/python3.11/site-packages/airflow/example_dags/tutorial.py took 1.677 seconds
[2023-08-15T21:29:00.731+0300] {processor.py:157} INFO - Started process (PID=216912) to work on /mnt/kali/DataHunt/venv/lib/python3.11/site-packages/airflow/example_dags/tutorial.py
[2023-08-15T21:29:00.741+0300] {processor.py:826} INFO - Processing file /mnt/kali/DataHunt/venv/lib/python3.11/site-packages/airflow/example_dags/tutorial.py for tasks to queue
[2023-08-15T21:29:00.746+0300] {logging_mixin.py:150} INFO - [2023-08-15T21:29:00.745+0300] {dagbag.py:541} INFO - Filling up the DagBag from /mnt/kali/DataHunt/venv/lib/python3.11/site-packages/airflow/example_dags/tutorial.py
[2023-08-15T21:29:00.802+0300] {processor.py:836} INFO - DAG(s) dict_keys(['tutorial']) retrieved from /mnt/kali/DataHunt/venv/lib/python3.11/site-packages/airflow/example_dags/tutorial.py
[2023-08-15T21:29:00.881+0300] {logging_mixin.py:150} INFO - [2023-08-15T21:29:00.880+0300] {dag.py:2742} INFO - Sync 1 DAGs
[2023-08-15T21:29:00.960+0300] {logging_mixin.py:150} INFO - [2023-08-15T21:29:00.959+0300] {dag.py:3504} INFO - Setting next_dagrun for tutorial to 2023-08-14T18:29:00.958383+00:00, run_after=2023-08-15T18:29:00.958383+00:00
[2023-08-15T21:29:01.223+0300] {processor.py:179} INFO - Processing /mnt/kali/DataHunt/venv/lib/python3.11/site-packages/airflow/example_dags/tutorial.py took 0.504 seconds
[2023-08-15T21:47:19.334+0300] {processor.py:157} INFO - Started process (PID=233635) to work on /mnt/kali/DataHunt/venv/lib/python3.11/site-packages/airflow/example_dags/tutorial.py
[2023-08-15T21:47:19.377+0300] {processor.py:826} INFO - Processing file /mnt/kali/DataHunt/venv/lib/python3.11/site-packages/airflow/example_dags/tutorial.py for tasks to queue
[2023-08-15T21:47:19.380+0300] {logging_mixin.py:150} INFO - [2023-08-15T21:47:19.379+0300] {dagbag.py:541} INFO - Filling up the DagBag from /mnt/kali/DataHunt/venv/lib/python3.11/site-packages/airflow/example_dags/tutorial.py
[2023-08-15T21:47:19.472+0300] {processor.py:836} INFO - DAG(s) dict_keys(['tutorial']) retrieved from /mnt/kali/DataHunt/venv/lib/python3.11/site-packages/airflow/example_dags/tutorial.py
[2023-08-15T21:47:21.486+0300] {logging_mixin.py:150} INFO - [2023-08-15T21:47:21.486+0300] {manager.py:504} INFO - Created Permission View: can read on DAG:tutorial
[2023-08-15T21:47:21.877+0300] {logging_mixin.py:150} INFO - [2023-08-15T21:47:21.877+0300] {manager.py:504} INFO - Created Permission View: can delete on DAG:tutorial
[2023-08-15T21:47:22.290+0300] {logging_mixin.py:150} INFO - [2023-08-15T21:47:22.289+0300] {manager.py:504} INFO - Created Permission View: can edit on DAG:tutorial
[2023-08-15T21:47:22.346+0300] {logging_mixin.py:150} INFO - [2023-08-15T21:47:22.345+0300] {dag.py:2742} INFO - Sync 1 DAGs
[2023-08-15T21:47:22.393+0300] {logging_mixin.py:150} INFO - [2023-08-15T21:47:22.393+0300] {dag.py:2763} INFO - Creating ORM DAG for tutorial
[2023-08-15T21:47:22.480+0300] {logging_mixin.py:150} INFO - [2023-08-15T21:47:22.480+0300] {dag.py:3504} INFO - Setting next_dagrun for tutorial to 2023-08-14T18:47:22.479237+00:00, run_after=2023-08-15T18:47:22.479237+00:00
[2023-08-15T21:47:23.181+0300] {processor.py:179} INFO - Processing /mnt/kali/DataHunt/venv/lib/python3.11/site-packages/airflow/example_dags/tutorial.py took 3.862 seconds
[2023-08-15T21:47:53.368+0300] {processor.py:157} INFO - Started process (PID=233981) to work on /mnt/kali/DataHunt/venv/lib/python3.11/site-packages/airflow/example_dags/tutorial.py
[2023-08-15T21:47:53.379+0300] {processor.py:826} INFO - Processing file /mnt/kali/DataHunt/venv/lib/python3.11/site-packages/airflow/example_dags/tutorial.py for tasks to queue
[2023-08-15T21:47:53.381+0300] {logging_mixin.py:150} INFO - [2023-08-15T21:47:53.380+0300] {dagbag.py:541} INFO - Filling up the DagBag from /mnt/kali/DataHunt/venv/lib/python3.11/site-packages/airflow/example_dags/tutorial.py
[2023-08-15T21:47:53.421+0300] {processor.py:836} INFO - DAG(s) dict_keys(['tutorial']) retrieved from /mnt/kali/DataHunt/venv/lib/python3.11/site-packages/airflow/example_dags/tutorial.py
[2023-08-15T21:47:53.697+0300] {logging_mixin.py:150} INFO - [2023-08-15T21:47:53.696+0300] {dag.py:2742} INFO - Sync 1 DAGs
[2023-08-15T21:47:53.771+0300] {logging_mixin.py:150} INFO - [2023-08-15T21:47:53.771+0300] {dag.py:3504} INFO - Setting next_dagrun for tutorial to 2023-08-14T18:47:53.770388+00:00, run_after=2023-08-15T18:47:53.770388+00:00
[2023-08-15T21:47:53.890+0300] {processor.py:179} INFO - Processing /mnt/kali/DataHunt/venv/lib/python3.11/site-packages/airflow/example_dags/tutorial.py took 0.534 seconds
[2023-08-15T21:48:24.170+0300] {processor.py:157} INFO - Started process (PID=234394) to work on /mnt/kali/DataHunt/venv/lib/python3.11/site-packages/airflow/example_dags/tutorial.py
[2023-08-15T21:48:24.172+0300] {processor.py:826} INFO - Processing file /mnt/kali/DataHunt/venv/lib/python3.11/site-packages/airflow/example_dags/tutorial.py for tasks to queue
[2023-08-15T21:48:24.174+0300] {logging_mixin.py:150} INFO - [2023-08-15T21:48:24.173+0300] {dagbag.py:541} INFO - Filling up the DagBag from /mnt/kali/DataHunt/venv/lib/python3.11/site-packages/airflow/example_dags/tutorial.py
[2023-08-15T21:48:24.193+0300] {processor.py:836} INFO - DAG(s) dict_keys(['tutorial']) retrieved from /mnt/kali/DataHunt/venv/lib/python3.11/site-packages/airflow/example_dags/tutorial.py
[2023-08-15T21:48:24.268+0300] {logging_mixin.py:150} INFO - [2023-08-15T21:48:24.267+0300] {dag.py:2742} INFO - Sync 1 DAGs
[2023-08-15T21:48:24.328+0300] {logging_mixin.py:150} INFO - [2023-08-15T21:48:24.328+0300] {dag.py:3504} INFO - Setting next_dagrun for tutorial to 2023-08-14T18:48:24.327625+00:00, run_after=2023-08-15T18:48:24.327625+00:00
[2023-08-15T21:48:24.398+0300] {processor.py:179} INFO - Processing /mnt/kali/DataHunt/venv/lib/python3.11/site-packages/airflow/example_dags/tutorial.py took 0.239 seconds
[2023-08-15T21:48:54.652+0300] {processor.py:157} INFO - Started process (PID=234974) to work on /mnt/kali/DataHunt/venv/lib/python3.11/site-packages/airflow/example_dags/tutorial.py
[2023-08-15T21:48:54.663+0300] {processor.py:826} INFO - Processing file /mnt/kali/DataHunt/venv/lib/python3.11/site-packages/airflow/example_dags/tutorial.py for tasks to queue
[2023-08-15T21:48:54.671+0300] {logging_mixin.py:150} INFO - [2023-08-15T21:48:54.670+0300] {dagbag.py:541} INFO - Filling up the DagBag from /mnt/kali/DataHunt/venv/lib/python3.11/site-packages/airflow/example_dags/tutorial.py
[2023-08-15T21:48:54.731+0300] {processor.py:836} INFO - DAG(s) dict_keys(['tutorial']) retrieved from /mnt/kali/DataHunt/venv/lib/python3.11/site-packages/airflow/example_dags/tutorial.py
[2023-08-15T21:48:54.975+0300] {logging_mixin.py:150} INFO - [2023-08-15T21:48:54.974+0300] {dag.py:2742} INFO - Sync 1 DAGs
[2023-08-15T21:48:55.079+0300] {logging_mixin.py:150} INFO - [2023-08-15T21:48:55.078+0300] {dag.py:3504} INFO - Setting next_dagrun for tutorial to 2023-08-14T18:48:55.077810+00:00, run_after=2023-08-15T18:48:55.077810+00:00
[2023-08-15T21:48:55.168+0300] {processor.py:179} INFO - Processing /mnt/kali/DataHunt/venv/lib/python3.11/site-packages/airflow/example_dags/tutorial.py took 0.567 seconds
[2023-08-15T21:49:32.094+0300] {processor.py:157} INFO - Started process (PID=235609) to work on /mnt/kali/DataHunt/venv/lib/python3.11/site-packages/airflow/example_dags/tutorial.py
[2023-08-15T21:49:32.215+0300] {processor.py:826} INFO - Processing file /mnt/kali/DataHunt/venv/lib/python3.11/site-packages/airflow/example_dags/tutorial.py for tasks to queue
[2023-08-15T21:49:32.236+0300] {logging_mixin.py:150} INFO - [2023-08-15T21:49:32.235+0300] {dagbag.py:541} INFO - Filling up the DagBag from /mnt/kali/DataHunt/venv/lib/python3.11/site-packages/airflow/example_dags/tutorial.py
[2023-08-15T21:49:32.265+0300] {processor.py:836} INFO - DAG(s) dict_keys(['tutorial']) retrieved from /mnt/kali/DataHunt/venv/lib/python3.11/site-packages/airflow/example_dags/tutorial.py
[2023-08-15T21:49:32.753+0300] {logging_mixin.py:150} INFO - [2023-08-15T21:49:32.752+0300] {dag.py:2742} INFO - Sync 1 DAGs
[2023-08-15T21:49:32.829+0300] {logging_mixin.py:150} INFO - [2023-08-15T21:49:32.829+0300] {dag.py:3504} INFO - Setting next_dagrun for tutorial to 2023-08-14T18:49:32.828752+00:00, run_after=2023-08-15T18:49:32.828752+00:00
[2023-08-15T21:49:32.978+0300] {processor.py:179} INFO - Processing /mnt/kali/DataHunt/venv/lib/python3.11/site-packages/airflow/example_dags/tutorial.py took 0.908 seconds
[2023-08-15T21:50:03.293+0300] {processor.py:157} INFO - Started process (PID=235939) to work on /mnt/kali/DataHunt/venv/lib/python3.11/site-packages/airflow/example_dags/tutorial.py
[2023-08-15T21:50:03.299+0300] {processor.py:826} INFO - Processing file /mnt/kali/DataHunt/venv/lib/python3.11/site-packages/airflow/example_dags/tutorial.py for tasks to queue
[2023-08-15T21:50:03.302+0300] {logging_mixin.py:150} INFO - [2023-08-15T21:50:03.301+0300] {dagbag.py:541} INFO - Filling up the DagBag from /mnt/kali/DataHunt/venv/lib/python3.11/site-packages/airflow/example_dags/tutorial.py
[2023-08-15T21:50:03.340+0300] {processor.py:836} INFO - DAG(s) dict_keys(['tutorial']) retrieved from /mnt/kali/DataHunt/venv/lib/python3.11/site-packages/airflow/example_dags/tutorial.py
[2023-08-15T21:50:03.544+0300] {logging_mixin.py:150} INFO - [2023-08-15T21:50:03.543+0300] {dag.py:2742} INFO - Sync 1 DAGs
[2023-08-15T21:50:03.770+0300] {logging_mixin.py:150} INFO - [2023-08-15T21:50:03.770+0300] {dag.py:3504} INFO - Setting next_dagrun for tutorial to 2023-08-14T18:50:03.769314+00:00, run_after=2023-08-15T18:50:03.769314+00:00
[2023-08-15T21:50:04.097+0300] {processor.py:179} INFO - Processing /mnt/kali/DataHunt/venv/lib/python3.11/site-packages/airflow/example_dags/tutorial.py took 0.817 seconds
[2023-08-15T21:50:40.403+0300] {processor.py:157} INFO - Started process (PID=236408) to work on /mnt/kali/DataHunt/venv/lib/python3.11/site-packages/airflow/example_dags/tutorial.py
[2023-08-15T21:50:40.438+0300] {processor.py:826} INFO - Processing file /mnt/kali/DataHunt/venv/lib/python3.11/site-packages/airflow/example_dags/tutorial.py for tasks to queue
[2023-08-15T21:50:40.441+0300] {logging_mixin.py:150} INFO - [2023-08-15T21:50:40.440+0300] {dagbag.py:541} INFO - Filling up the DagBag from /mnt/kali/DataHunt/venv/lib/python3.11/site-packages/airflow/example_dags/tutorial.py
[2023-08-15T21:50:40.582+0300] {processor.py:836} INFO - DAG(s) dict_keys(['tutorial']) retrieved from /mnt/kali/DataHunt/venv/lib/python3.11/site-packages/airflow/example_dags/tutorial.py
[2023-08-15T21:50:41.212+0300] {logging_mixin.py:150} INFO - [2023-08-15T21:50:41.211+0300] {dag.py:2742} INFO - Sync 1 DAGs
[2023-08-15T21:50:41.436+0300] {logging_mixin.py:150} INFO - [2023-08-15T21:50:41.431+0300] {dag.py:3504} INFO - Setting next_dagrun for tutorial to 2023-08-14T18:50:41.431066+00:00, run_after=2023-08-15T18:50:41.431066+00:00
[2023-08-15T21:50:41.789+0300] {processor.py:179} INFO - Processing /mnt/kali/DataHunt/venv/lib/python3.11/site-packages/airflow/example_dags/tutorial.py took 1.415 seconds
[2023-08-15T21:51:12.027+0300] {processor.py:157} INFO - Started process (PID=236845) to work on /mnt/kali/DataHunt/venv/lib/python3.11/site-packages/airflow/example_dags/tutorial.py
[2023-08-15T21:51:12.082+0300] {processor.py:826} INFO - Processing file /mnt/kali/DataHunt/venv/lib/python3.11/site-packages/airflow/example_dags/tutorial.py for tasks to queue
[2023-08-15T21:51:12.084+0300] {logging_mixin.py:150} INFO - [2023-08-15T21:51:12.083+0300] {dagbag.py:541} INFO - Filling up the DagBag from /mnt/kali/DataHunt/venv/lib/python3.11/site-packages/airflow/example_dags/tutorial.py
[2023-08-15T21:51:12.110+0300] {processor.py:836} INFO - DAG(s) dict_keys(['tutorial']) retrieved from /mnt/kali/DataHunt/venv/lib/python3.11/site-packages/airflow/example_dags/tutorial.py
[2023-08-15T21:51:12.207+0300] {logging_mixin.py:150} INFO - [2023-08-15T21:51:12.206+0300] {dag.py:2742} INFO - Sync 1 DAGs
[2023-08-15T21:51:12.294+0300] {logging_mixin.py:150} INFO - [2023-08-15T21:51:12.293+0300] {dag.py:3504} INFO - Setting next_dagrun for tutorial to 2023-08-14T18:51:12.293157+00:00, run_after=2023-08-15T18:51:12.293157+00:00
[2023-08-15T21:51:12.370+0300] {processor.py:179} INFO - Processing /mnt/kali/DataHunt/venv/lib/python3.11/site-packages/airflow/example_dags/tutorial.py took 0.354 seconds
[2023-08-15T21:51:42.706+0300] {processor.py:157} INFO - Started process (PID=237408) to work on /mnt/kali/DataHunt/venv/lib/python3.11/site-packages/airflow/example_dags/tutorial.py
[2023-08-15T21:51:42.715+0300] {processor.py:826} INFO - Processing file /mnt/kali/DataHunt/venv/lib/python3.11/site-packages/airflow/example_dags/tutorial.py for tasks to queue
[2023-08-15T21:51:42.717+0300] {logging_mixin.py:150} INFO - [2023-08-15T21:51:42.716+0300] {dagbag.py:541} INFO - Filling up the DagBag from /mnt/kali/DataHunt/venv/lib/python3.11/site-packages/airflow/example_dags/tutorial.py
[2023-08-15T21:51:42.740+0300] {processor.py:836} INFO - DAG(s) dict_keys(['tutorial']) retrieved from /mnt/kali/DataHunt/venv/lib/python3.11/site-packages/airflow/example_dags/tutorial.py
[2023-08-15T21:51:42.839+0300] {logging_mixin.py:150} INFO - [2023-08-15T21:51:42.839+0300] {dag.py:2742} INFO - Sync 1 DAGs
[2023-08-15T21:51:42.914+0300] {logging_mixin.py:150} INFO - [2023-08-15T21:51:42.913+0300] {dag.py:3504} INFO - Setting next_dagrun for tutorial to 2023-08-14T18:51:42.912647+00:00, run_after=2023-08-15T18:51:42.912647+00:00
[2023-08-15T21:51:42.972+0300] {processor.py:179} INFO - Processing /mnt/kali/DataHunt/venv/lib/python3.11/site-packages/airflow/example_dags/tutorial.py took 0.276 seconds
[2023-08-15T21:52:13.516+0300] {processor.py:157} INFO - Started process (PID=237962) to work on /mnt/kali/DataHunt/venv/lib/python3.11/site-packages/airflow/example_dags/tutorial.py
[2023-08-15T21:52:13.531+0300] {processor.py:826} INFO - Processing file /mnt/kali/DataHunt/venv/lib/python3.11/site-packages/airflow/example_dags/tutorial.py for tasks to queue
[2023-08-15T21:52:13.533+0300] {logging_mixin.py:150} INFO - [2023-08-15T21:52:13.532+0300] {dagbag.py:541} INFO - Filling up the DagBag from /mnt/kali/DataHunt/venv/lib/python3.11/site-packages/airflow/example_dags/tutorial.py
[2023-08-15T21:52:13.581+0300] {processor.py:836} INFO - DAG(s) dict_keys(['tutorial']) retrieved from /mnt/kali/DataHunt/venv/lib/python3.11/site-packages/airflow/example_dags/tutorial.py
[2023-08-15T21:52:13.688+0300] {logging_mixin.py:150} INFO - [2023-08-15T21:52:13.688+0300] {dag.py:2742} INFO - Sync 1 DAGs
[2023-08-15T21:52:13.771+0300] {logging_mixin.py:150} INFO - [2023-08-15T21:52:13.770+0300] {dag.py:3504} INFO - Setting next_dagrun for tutorial to 2023-08-14T18:52:13.769724+00:00, run_after=2023-08-15T18:52:13.769724+00:00
[2023-08-15T21:52:13.872+0300] {processor.py:179} INFO - Processing /mnt/kali/DataHunt/venv/lib/python3.11/site-packages/airflow/example_dags/tutorial.py took 0.370 seconds
[2023-08-15T21:52:44.272+0300] {processor.py:157} INFO - Started process (PID=238351) to work on /mnt/kali/DataHunt/venv/lib/python3.11/site-packages/airflow/example_dags/tutorial.py
[2023-08-15T21:52:44.274+0300] {processor.py:826} INFO - Processing file /mnt/kali/DataHunt/venv/lib/python3.11/site-packages/airflow/example_dags/tutorial.py for tasks to queue
[2023-08-15T21:52:44.277+0300] {logging_mixin.py:150} INFO - [2023-08-15T21:52:44.276+0300] {dagbag.py:541} INFO - Filling up the DagBag from /mnt/kali/DataHunt/venv/lib/python3.11/site-packages/airflow/example_dags/tutorial.py
[2023-08-15T21:52:44.301+0300] {processor.py:836} INFO - DAG(s) dict_keys(['tutorial']) retrieved from /mnt/kali/DataHunt/venv/lib/python3.11/site-packages/airflow/example_dags/tutorial.py
[2023-08-15T21:52:44.437+0300] {logging_mixin.py:150} INFO - [2023-08-15T21:52:44.437+0300] {dag.py:2742} INFO - Sync 1 DAGs
[2023-08-15T21:52:44.538+0300] {logging_mixin.py:150} INFO - [2023-08-15T21:52:44.537+0300] {dag.py:3504} INFO - Setting next_dagrun for tutorial to 2023-08-14T18:52:44.536427+00:00, run_after=2023-08-15T18:52:44.536427+00:00
[2023-08-15T21:52:44.606+0300] {processor.py:179} INFO - Processing /mnt/kali/DataHunt/venv/lib/python3.11/site-packages/airflow/example_dags/tutorial.py took 0.345 seconds
[2023-08-15T21:53:15.093+0300] {processor.py:157} INFO - Started process (PID=238733) to work on /mnt/kali/DataHunt/venv/lib/python3.11/site-packages/airflow/example_dags/tutorial.py
[2023-08-15T21:53:15.107+0300] {processor.py:826} INFO - Processing file /mnt/kali/DataHunt/venv/lib/python3.11/site-packages/airflow/example_dags/tutorial.py for tasks to queue
[2023-08-15T21:53:15.109+0300] {logging_mixin.py:150} INFO - [2023-08-15T21:53:15.108+0300] {dagbag.py:541} INFO - Filling up the DagBag from /mnt/kali/DataHunt/venv/lib/python3.11/site-packages/airflow/example_dags/tutorial.py
[2023-08-15T21:53:15.133+0300] {processor.py:836} INFO - DAG(s) dict_keys(['tutorial']) retrieved from /mnt/kali/DataHunt/venv/lib/python3.11/site-packages/airflow/example_dags/tutorial.py
[2023-08-15T21:53:15.217+0300] {logging_mixin.py:150} INFO - [2023-08-15T21:53:15.217+0300] {dag.py:2742} INFO - Sync 1 DAGs
[2023-08-15T21:53:15.273+0300] {logging_mixin.py:150} INFO - [2023-08-15T21:53:15.273+0300] {dag.py:3504} INFO - Setting next_dagrun for tutorial to 2023-08-14T18:53:15.272453+00:00, run_after=2023-08-15T18:53:15.272453+00:00
[2023-08-15T21:53:15.329+0300] {processor.py:179} INFO - Processing /mnt/kali/DataHunt/venv/lib/python3.11/site-packages/airflow/example_dags/tutorial.py took 0.250 seconds
[2023-08-15T21:53:45.540+0300] {processor.py:157} INFO - Started process (PID=239269) to work on /mnt/kali/DataHunt/venv/lib/python3.11/site-packages/airflow/example_dags/tutorial.py
[2023-08-15T21:53:45.619+0300] {processor.py:826} INFO - Processing file /mnt/kali/DataHunt/venv/lib/python3.11/site-packages/airflow/example_dags/tutorial.py for tasks to queue
[2023-08-15T21:53:45.622+0300] {logging_mixin.py:150} INFO - [2023-08-15T21:53:45.621+0300] {dagbag.py:541} INFO - Filling up the DagBag from /mnt/kali/DataHunt/venv/lib/python3.11/site-packages/airflow/example_dags/tutorial.py
[2023-08-15T21:53:45.664+0300] {processor.py:836} INFO - DAG(s) dict_keys(['tutorial']) retrieved from /mnt/kali/DataHunt/venv/lib/python3.11/site-packages/airflow/example_dags/tutorial.py
[2023-08-15T21:53:45.865+0300] {logging_mixin.py:150} INFO - [2023-08-15T21:53:45.864+0300] {dag.py:2742} INFO - Sync 1 DAGs
[2023-08-15T21:53:45.987+0300] {logging_mixin.py:150} INFO - [2023-08-15T21:53:45.986+0300] {dag.py:3504} INFO - Setting next_dagrun for tutorial to 2023-08-14T18:53:45.985121+00:00, run_after=2023-08-15T18:53:45.985121+00:00
[2023-08-15T21:53:46.118+0300] {processor.py:179} INFO - Processing /mnt/kali/DataHunt/venv/lib/python3.11/site-packages/airflow/example_dags/tutorial.py took 0.590 seconds
[2023-08-15T21:54:16.206+0300] {processor.py:157} INFO - Started process (PID=239866) to work on /mnt/kali/DataHunt/venv/lib/python3.11/site-packages/airflow/example_dags/tutorial.py
[2023-08-15T21:54:16.208+0300] {processor.py:826} INFO - Processing file /mnt/kali/DataHunt/venv/lib/python3.11/site-packages/airflow/example_dags/tutorial.py for tasks to queue
[2023-08-15T21:54:16.210+0300] {logging_mixin.py:150} INFO - [2023-08-15T21:54:16.209+0300] {dagbag.py:541} INFO - Filling up the DagBag from /mnt/kali/DataHunt/venv/lib/python3.11/site-packages/airflow/example_dags/tutorial.py
[2023-08-15T21:54:16.229+0300] {processor.py:836} INFO - DAG(s) dict_keys(['tutorial']) retrieved from /mnt/kali/DataHunt/venv/lib/python3.11/site-packages/airflow/example_dags/tutorial.py
[2023-08-15T21:54:16.322+0300] {logging_mixin.py:150} INFO - [2023-08-15T21:54:16.322+0300] {dag.py:2742} INFO - Sync 1 DAGs
[2023-08-15T21:54:16.388+0300] {logging_mixin.py:150} INFO - [2023-08-15T21:54:16.387+0300] {dag.py:3504} INFO - Setting next_dagrun for tutorial to 2023-08-14T18:54:16.387210+00:00, run_after=2023-08-15T18:54:16.387210+00:00
[2023-08-15T21:54:16.457+0300] {processor.py:179} INFO - Processing /mnt/kali/DataHunt/venv/lib/python3.11/site-packages/airflow/example_dags/tutorial.py took 0.262 seconds
[2023-08-15T21:54:47.431+0300] {processor.py:157} INFO - Started process (PID=240243) to work on /mnt/kali/DataHunt/venv/lib/python3.11/site-packages/airflow/example_dags/tutorial.py
[2023-08-15T21:54:47.434+0300] {processor.py:826} INFO - Processing file /mnt/kali/DataHunt/venv/lib/python3.11/site-packages/airflow/example_dags/tutorial.py for tasks to queue
[2023-08-15T21:54:47.437+0300] {logging_mixin.py:150} INFO - [2023-08-15T21:54:47.436+0300] {dagbag.py:541} INFO - Filling up the DagBag from /mnt/kali/DataHunt/venv/lib/python3.11/site-packages/airflow/example_dags/tutorial.py
[2023-08-15T21:54:47.467+0300] {processor.py:836} INFO - DAG(s) dict_keys(['tutorial']) retrieved from /mnt/kali/DataHunt/venv/lib/python3.11/site-packages/airflow/example_dags/tutorial.py
[2023-08-15T21:54:47.588+0300] {logging_mixin.py:150} INFO - [2023-08-15T21:54:47.587+0300] {dag.py:2742} INFO - Sync 1 DAGs
[2023-08-15T21:54:47.671+0300] {logging_mixin.py:150} INFO - [2023-08-15T21:54:47.670+0300] {dag.py:3504} INFO - Setting next_dagrun for tutorial to 2023-08-14T18:54:47.669735+00:00, run_after=2023-08-15T18:54:47.669735+00:00
[2023-08-15T21:54:47.750+0300] {processor.py:179} INFO - Processing /mnt/kali/DataHunt/venv/lib/python3.11/site-packages/airflow/example_dags/tutorial.py took 0.333 seconds
[2023-08-15T21:55:18.064+0300] {processor.py:157} INFO - Started process (PID=240686) to work on /mnt/kali/DataHunt/venv/lib/python3.11/site-packages/airflow/example_dags/tutorial.py
[2023-08-15T21:55:18.067+0300] {processor.py:826} INFO - Processing file /mnt/kali/DataHunt/venv/lib/python3.11/site-packages/airflow/example_dags/tutorial.py for tasks to queue
[2023-08-15T21:55:18.070+0300] {logging_mixin.py:150} INFO - [2023-08-15T21:55:18.069+0300] {dagbag.py:541} INFO - Filling up the DagBag from /mnt/kali/DataHunt/venv/lib/python3.11/site-packages/airflow/example_dags/tutorial.py
[2023-08-15T21:55:18.100+0300] {processor.py:836} INFO - DAG(s) dict_keys(['tutorial']) retrieved from /mnt/kali/DataHunt/venv/lib/python3.11/site-packages/airflow/example_dags/tutorial.py
[2023-08-15T21:55:18.241+0300] {logging_mixin.py:150} INFO - [2023-08-15T21:55:18.240+0300] {dag.py:2742} INFO - Sync 1 DAGs
[2023-08-15T21:55:18.352+0300] {logging_mixin.py:150} INFO - [2023-08-15T21:55:18.351+0300] {dag.py:3504} INFO - Setting next_dagrun for tutorial to 2023-08-14T18:55:18.350207+00:00, run_after=2023-08-15T18:55:18.350207+00:00
[2023-08-15T21:55:18.462+0300] {processor.py:179} INFO - Processing /mnt/kali/DataHunt/venv/lib/python3.11/site-packages/airflow/example_dags/tutorial.py took 0.413 seconds
[2023-08-15T21:55:49.596+0300] {processor.py:157} INFO - Started process (PID=241078) to work on /mnt/kali/DataHunt/venv/lib/python3.11/site-packages/airflow/example_dags/tutorial.py
[2023-08-15T21:55:49.620+0300] {processor.py:826} INFO - Processing file /mnt/kali/DataHunt/venv/lib/python3.11/site-packages/airflow/example_dags/tutorial.py for tasks to queue
[2023-08-15T21:55:49.641+0300] {logging_mixin.py:150} INFO - [2023-08-15T21:55:49.634+0300] {dagbag.py:541} INFO - Filling up the DagBag from /mnt/kali/DataHunt/venv/lib/python3.11/site-packages/airflow/example_dags/tutorial.py
[2023-08-15T21:55:49.790+0300] {processor.py:836} INFO - DAG(s) dict_keys(['tutorial']) retrieved from /mnt/kali/DataHunt/venv/lib/python3.11/site-packages/airflow/example_dags/tutorial.py
[2023-08-15T21:55:50.000+0300] {logging_mixin.py:150} INFO - [2023-08-15T21:55:50.000+0300] {dag.py:2742} INFO - Sync 1 DAGs
[2023-08-15T21:55:50.082+0300] {logging_mixin.py:150} INFO - [2023-08-15T21:55:50.081+0300] {dag.py:3504} INFO - Setting next_dagrun for tutorial to 2023-08-14T18:55:50.080415+00:00, run_after=2023-08-15T18:55:50.080415+00:00
[2023-08-15T21:55:50.166+0300] {processor.py:179} INFO - Processing /mnt/kali/DataHunt/venv/lib/python3.11/site-packages/airflow/example_dags/tutorial.py took 0.600 seconds
[2023-08-15T21:56:20.709+0300] {processor.py:157} INFO - Started process (PID=241648) to work on /mnt/kali/DataHunt/venv/lib/python3.11/site-packages/airflow/example_dags/tutorial.py
[2023-08-15T21:56:20.722+0300] {processor.py:826} INFO - Processing file /mnt/kali/DataHunt/venv/lib/python3.11/site-packages/airflow/example_dags/tutorial.py for tasks to queue
[2023-08-15T21:56:20.725+0300] {logging_mixin.py:150} INFO - [2023-08-15T21:56:20.724+0300] {dagbag.py:541} INFO - Filling up the DagBag from /mnt/kali/DataHunt/venv/lib/python3.11/site-packages/airflow/example_dags/tutorial.py
[2023-08-15T21:56:20.752+0300] {processor.py:836} INFO - DAG(s) dict_keys(['tutorial']) retrieved from /mnt/kali/DataHunt/venv/lib/python3.11/site-packages/airflow/example_dags/tutorial.py
[2023-08-15T21:56:20.868+0300] {logging_mixin.py:150} INFO - [2023-08-15T21:56:20.867+0300] {dag.py:2742} INFO - Sync 1 DAGs
[2023-08-15T21:56:20.949+0300] {logging_mixin.py:150} INFO - [2023-08-15T21:56:20.948+0300] {dag.py:3504} INFO - Setting next_dagrun for tutorial to 2023-08-14T18:56:20.947859+00:00, run_after=2023-08-15T18:56:20.947859+00:00
[2023-08-15T21:56:21.049+0300] {processor.py:179} INFO - Processing /mnt/kali/DataHunt/venv/lib/python3.11/site-packages/airflow/example_dags/tutorial.py took 0.354 seconds
[2023-08-15T21:56:51.500+0300] {processor.py:157} INFO - Started process (PID=242279) to work on /mnt/kali/DataHunt/venv/lib/python3.11/site-packages/airflow/example_dags/tutorial.py
[2023-08-15T21:56:51.516+0300] {processor.py:826} INFO - Processing file /mnt/kali/DataHunt/venv/lib/python3.11/site-packages/airflow/example_dags/tutorial.py for tasks to queue
[2023-08-15T21:56:51.519+0300] {logging_mixin.py:150} INFO - [2023-08-15T21:56:51.518+0300] {dagbag.py:541} INFO - Filling up the DagBag from /mnt/kali/DataHunt/venv/lib/python3.11/site-packages/airflow/example_dags/tutorial.py
[2023-08-15T21:56:51.574+0300] {processor.py:836} INFO - DAG(s) dict_keys(['tutorial']) retrieved from /mnt/kali/DataHunt/venv/lib/python3.11/site-packages/airflow/example_dags/tutorial.py
[2023-08-15T21:56:51.918+0300] {logging_mixin.py:150} INFO - [2023-08-15T21:56:51.917+0300] {dag.py:2742} INFO - Sync 1 DAGs
[2023-08-15T21:56:52.014+0300] {logging_mixin.py:150} INFO - [2023-08-15T21:56:52.014+0300] {dag.py:3504} INFO - Setting next_dagrun for tutorial to 2023-08-14T18:56:52.013159+00:00, run_after=2023-08-15T18:56:52.013159+00:00
[2023-08-15T21:56:52.135+0300] {processor.py:179} INFO - Processing /mnt/kali/DataHunt/venv/lib/python3.11/site-packages/airflow/example_dags/tutorial.py took 0.658 seconds
[2023-08-15T21:57:23.350+0300] {processor.py:157} INFO - Started process (PID=242737) to work on /mnt/kali/DataHunt/venv/lib/python3.11/site-packages/airflow/example_dags/tutorial.py
[2023-08-15T21:57:23.402+0300] {processor.py:826} INFO - Processing file /mnt/kali/DataHunt/venv/lib/python3.11/site-packages/airflow/example_dags/tutorial.py for tasks to queue
[2023-08-15T21:57:23.405+0300] {logging_mixin.py:150} INFO - [2023-08-15T21:57:23.404+0300] {dagbag.py:541} INFO - Filling up the DagBag from /mnt/kali/DataHunt/venv/lib/python3.11/site-packages/airflow/example_dags/tutorial.py
[2023-08-15T21:57:23.573+0300] {processor.py:836} INFO - DAG(s) dict_keys(['tutorial']) retrieved from /mnt/kali/DataHunt/venv/lib/python3.11/site-packages/airflow/example_dags/tutorial.py
[2023-08-15T21:57:24.349+0300] {logging_mixin.py:150} INFO - [2023-08-15T21:57:24.348+0300] {dag.py:2742} INFO - Sync 1 DAGs
[2023-08-15T21:57:24.454+0300] {logging_mixin.py:150} INFO - [2023-08-15T21:57:24.454+0300] {dag.py:3504} INFO - Setting next_dagrun for tutorial to 2023-08-14T18:57:24.453400+00:00, run_after=2023-08-15T18:57:24.453400+00:00
[2023-08-15T21:57:24.717+0300] {processor.py:179} INFO - Processing /mnt/kali/DataHunt/venv/lib/python3.11/site-packages/airflow/example_dags/tutorial.py took 1.519 seconds
[2023-08-15T21:57:55.042+0300] {processor.py:157} INFO - Started process (PID=243187) to work on /mnt/kali/DataHunt/venv/lib/python3.11/site-packages/airflow/example_dags/tutorial.py
[2023-08-15T21:57:55.045+0300] {processor.py:826} INFO - Processing file /mnt/kali/DataHunt/venv/lib/python3.11/site-packages/airflow/example_dags/tutorial.py for tasks to queue
[2023-08-15T21:57:55.056+0300] {logging_mixin.py:150} INFO - [2023-08-15T21:57:55.055+0300] {dagbag.py:541} INFO - Filling up the DagBag from /mnt/kali/DataHunt/venv/lib/python3.11/site-packages/airflow/example_dags/tutorial.py
[2023-08-15T21:57:55.105+0300] {processor.py:836} INFO - DAG(s) dict_keys(['tutorial']) retrieved from /mnt/kali/DataHunt/venv/lib/python3.11/site-packages/airflow/example_dags/tutorial.py
[2023-08-15T21:57:55.279+0300] {logging_mixin.py:150} INFO - [2023-08-15T21:57:55.278+0300] {dag.py:2742} INFO - Sync 1 DAGs
[2023-08-15T21:57:55.406+0300] {logging_mixin.py:150} INFO - [2023-08-15T21:57:55.405+0300] {dag.py:3504} INFO - Setting next_dagrun for tutorial to 2023-08-14T18:57:55.404567+00:00, run_after=2023-08-15T18:57:55.404567+00:00
[2023-08-15T21:57:55.645+0300] {processor.py:179} INFO - Processing /mnt/kali/DataHunt/venv/lib/python3.11/site-packages/airflow/example_dags/tutorial.py took 0.625 seconds
